event=req_send ts_ns=1 id=1 clt=1 wrkr=0 slot=0 size=17 src=client:1 dst=worker:0
event=req_send ts_ns=2501 id=4 clt=1 wrkr=1 slot=0 size=17 src=client:1 dst=worker:1
event=req_send ts_ns=5001 id=7 clt=1 wrkr=4 slot=0 size=17 src=client:1 dst=worker:4
event=req_send ts_ns=7501 id=10 clt=1 wrkr=2 slot=0 size=17 src=client:1 dst=worker:2
event=req_send ts_ns=10001 id=13 clt=1 wrkr=1 slot=1 size=17 src=client:1 dst=worker:1
event=req_send ts_ns=12501 id=16 clt=1 wrkr=6 slot=0 size=17 src=client:1 dst=worker:6
event=req_send ts_ns=15001 id=19 clt=1 wrkr=6 slot=1 size=17 src=client:1 dst=worker:6
event=req_send ts_ns=17501 id=22 clt=1 wrkr=8 slot=0 size=17 src=client:1 dst=worker:8
event=req_send ts_ns=20001 id=25 clt=1 wrkr=7 slot=0 size=17 src=client:1 dst=worker:7
event=req_send ts_ns=22501 id=28 clt=1 wrkr=9 slot=0 size=17 src=client:1 dst=worker:9
event=resp_recv_ud ts_ns=24158 id=1 clt=1 wrkr=0 slot=0 size=41 src=worker:0 dst=client:1
event=req_send ts_ns=25001 id=31 clt=1 wrkr=11 slot=0 size=17 src=client:1 dst=worker:11
event=req_send ts_ns=27501 id=34 clt=1 wrkr=3 slot=0 size=17 src=client:1 dst=worker:3
event=hand_send ts_ns=32805 id=1 clt=1 wrkr=0 slot=0 size=10 src=client:1 dst=worker:0
event=resp_recv_ud ts_ns=54552 id=4 clt=1 wrkr=1 slot=0 size=41 src=worker:1 dst=client:1
event=resp_recv_ud ts_ns=54877 id=7 clt=1 wrkr=4 slot=0 size=41 src=worker:4 dst=client:1
event=resp_recv_ud ts_ns=56706 id=10 clt=1 wrkr=2 slot=0 size=41 src=worker:2 dst=client:1
event=resp_recv_ud ts_ns=58853 id=13 clt=1 wrkr=1 slot=1 size=41 src=worker:1 dst=client:1
event=resp_recv_ud ts_ns=60575 id=16 clt=1 wrkr=6 slot=0 size=41 src=worker:6 dst=client:1
event=resp_recv_ud ts_ns=61525 id=19 clt=1 wrkr=6 slot=1 size=41 src=worker:6 dst=client:1
event=resp_recv_ud ts_ns=63134 id=22 clt=1 wrkr=8 slot=0 size=41 src=worker:8 dst=client:1
event=hand_send ts_ns=63199 id=4 clt=1 wrkr=1 slot=0 size=10 src=client:1 dst=worker:1
event=hand_send ts_ns=63524 id=7 clt=1 wrkr=4 slot=0 size=10 src=client:1 dst=worker:4
event=resp_recv_ud ts_ns=64513 id=25 clt=1 wrkr=7 slot=0 size=41 src=worker:7 dst=client:1
event=hand_send ts_ns=65353 id=10 clt=1 wrkr=2 slot=0 size=10 src=client:1 dst=worker:2
event=resp_recv_ud ts_ns=66387 id=28 clt=1 wrkr=9 slot=0 size=41 src=worker:9 dst=client:1
event=hand_send ts_ns=67500 id=13 clt=1 wrkr=1 slot=1 size=10 src=client:1 dst=worker:1
event=resp_recv_ud ts_ns=68744 id=31 clt=1 wrkr=11 slot=0 size=41 src=worker:11 dst=client:1
event=resp_recv_ud ts_ns=69053 id=34 clt=1 wrkr=3 slot=0 size=41 src=worker:3 dst=client:1
event=hand_send ts_ns=69222 id=16 clt=1 wrkr=6 slot=0 size=10 src=client:1 dst=worker:6
event=hand_send ts_ns=70172 id=19 clt=1 wrkr=6 slot=1 size=10 src=client:1 dst=worker:6
event=hand_send ts_ns=71781 id=22 clt=1 wrkr=8 slot=0 size=10 src=client:1 dst=worker:8
event=hand_send ts_ns=73160 id=25 clt=1 wrkr=7 slot=0 size=10 src=client:1 dst=worker:7
event=hand_send ts_ns=75034 id=28 clt=1 wrkr=9 slot=0 size=10 src=client:1 dst=worker:9
event=hand_send ts_ns=77391 id=31 clt=1 wrkr=11 slot=0 size=10 src=client:1 dst=worker:11
event=hand_send ts_ns=77700 id=34 clt=1 wrkr=3 slot=0 size=10 src=client:1 dst=worker:3
event=resp_rdma_read ts_ns=2043962 id=1 start_ns=32805 dur_ns=2011157 clt=1 wrkr=0 slot=0 size=665608 src=worker:0 dst=client:1
event=req_send ts_ns=2043962 id=36 clt=1 wrkr=8 slot=1 size=17 src=client:1 dst=worker:8
event=resp_recv_ud ts_ns=2087740 id=36 clt=1 wrkr=8 slot=1 size=41 src=worker:8 dst=client:1
event=hand_send ts_ns=2096387 id=36 clt=1 wrkr=8 slot=1 size=10 src=client:1 dst=worker:8
event=resp_rdma_read ts_ns=2129899 id=4 start_ns=63199 dur_ns=2066700 clt=1 wrkr=1 slot=0 size=665608 src=worker:1 dst=client:1
event=req_send ts_ns=2129899 id=40 clt=1 wrkr=4 slot=1 size=17 src=client:1 dst=worker:4
event=resp_rdma_read ts_ns=2191026 id=7 start_ns=63524 dur_ns=2127502 clt=1 wrkr=4 slot=0 size=665608 src=worker:4 dst=client:1
event=req_send ts_ns=2191026 id=42 clt=1 wrkr=8 slot=2 size=17 src=client:1 dst=worker:8
event=resp_recv_ud ts_ns=2198442 id=40 clt=1 wrkr=4 slot=1 size=41 src=worker:4 dst=client:1
event=hand_send ts_ns=2207089 id=40 clt=1 wrkr=4 slot=1 size=10 src=client:1 dst=worker:4
event=resp_rdma_read ts_ns=2251638 id=10 start_ns=65353 dur_ns=2186285 clt=1 wrkr=2 slot=0 size=665608 src=worker:2 dst=client:1
event=req_send ts_ns=2251638 id=43 clt=1 wrkr=10 slot=0 size=17 src=client:1 dst=worker:10
event=resp_recv_ud ts_ns=2259870 id=42 clt=1 wrkr=8 slot=2 size=41 src=worker:8 dst=client:1
event=hand_send ts_ns=2268517 id=42 clt=1 wrkr=8 slot=2 size=10 src=client:1 dst=worker:8
event=resp_rdma_read ts_ns=2310578 id=13 start_ns=67500 dur_ns=2243078 clt=1 wrkr=1 slot=1 size=665608 src=worker:1 dst=client:1
event=req_send ts_ns=2310578 id=45 clt=1 wrkr=9 slot=1 size=17 src=client:1 dst=worker:9
event=resp_recv_ud ts_ns=2317863 id=43 clt=1 wrkr=10 slot=0 size=41 src=worker:10 dst=client:1
event=hand_send ts_ns=2326510 id=43 clt=1 wrkr=10 slot=0 size=10 src=client:1 dst=worker:10
event=resp_rdma_read ts_ns=2367072 id=16 start_ns=69222 dur_ns=2297850 clt=1 wrkr=6 slot=0 size=665608 src=worker:6 dst=client:1
event=req_send ts_ns=2367072 id=47 clt=1 wrkr=11 slot=1 size=17 src=client:1 dst=worker:11
event=resp_recv_ud ts_ns=2380196 id=45 clt=1 wrkr=9 slot=1 size=41 src=worker:9 dst=client:1
event=hand_send ts_ns=2388843 id=45 clt=1 wrkr=9 slot=1 size=10 src=client:1 dst=worker:9
event=resp_rdma_read ts_ns=2428389 id=19 start_ns=70172 dur_ns=2358217 clt=1 wrkr=6 slot=1 size=665608 src=worker:6 dst=client:1
event=req_send ts_ns=2428389 id=50 clt=1 wrkr=1 slot=2 size=17 src=client:1 dst=worker:1
event=resp_recv_ud ts_ns=2437037 id=47 clt=1 wrkr=11 slot=1 size=41 src=worker:11 dst=client:1
event=hand_send ts_ns=2445684 id=47 clt=1 wrkr=11 slot=1 size=10 src=client:1 dst=worker:11
event=resp_recv_ud ts_ns=2498740 id=50 clt=1 wrkr=1 slot=2 size=41 src=worker:1 dst=client:1
event=hand_send ts_ns=2507387 id=50 clt=1 wrkr=1 slot=2 size=10 src=client:1 dst=worker:1
event=resp_rdma_read ts_ns=2508600 id=22 start_ns=71781 dur_ns=2436819 clt=1 wrkr=8 slot=0 size=665608 src=worker:8 dst=client:1
event=req_send ts_ns=2508600 id=52 clt=1 wrkr=10 slot=1 size=17 src=client:1 dst=worker:10
event=resp_rdma_read ts_ns=2530319 id=25 start_ns=73160 dur_ns=2457159 clt=1 wrkr=7 slot=0 size=665608 src=worker:7 dst=client:1
event=req_send ts_ns=2530319 id=53 clt=1 wrkr=1 slot=3 size=17 src=client:1 dst=worker:1
event=resp_recv_ud ts_ns=2578546 id=52 clt=1 wrkr=10 slot=1 size=41 src=worker:10 dst=client:1
event=hand_send ts_ns=2587193 id=52 clt=1 wrkr=10 slot=1 size=10 src=client:1 dst=worker:10
event=resp_recv_ud ts_ns=2600651 id=53 clt=1 wrkr=1 slot=3 size=41 src=worker:1 dst=client:1
event=hand_send ts_ns=2609298 id=53 clt=1 wrkr=1 slot=3 size=10 src=client:1 dst=worker:1
event=resp_rdma_read ts_ns=2704193 id=28 start_ns=75034 dur_ns=2629159 clt=1 wrkr=9 slot=0 size=665608 src=worker:9 dst=client:1
event=req_send ts_ns=2704193 id=57 clt=1 wrkr=8 slot=3 size=17 src=client:1 dst=worker:8
event=resp_recv_ud ts_ns=2774226 id=57 clt=1 wrkr=8 slot=3 size=41 src=worker:8 dst=client:1
event=hand_send ts_ns=2782873 id=57 clt=1 wrkr=8 slot=3 size=10 src=client:1 dst=worker:8
event=resp_rdma_read ts_ns=2951057 id=31 start_ns=77391 dur_ns=2873666 clt=1 wrkr=11 slot=0 size=665608 src=worker:11 dst=client:1
event=req_send ts_ns=2951057 id=60 clt=1 wrkr=9 slot=2 size=17 src=client:1 dst=worker:9
event=resp_recv_ud ts_ns=3009847 id=60 clt=1 wrkr=9 slot=2 size=41 src=worker:9 dst=client:1
event=hand_send ts_ns=3018494 id=60 clt=1 wrkr=9 slot=2 size=10 src=client:1 dst=worker:9
event=resp_rdma_read ts_ns=3122754 id=34 start_ns=77700 dur_ns=3045054 clt=1 wrkr=3 slot=0 size=665608 src=worker:3 dst=client:1
event=req_send ts_ns=3122754 id=62 clt=1 wrkr=5 slot=0 size=17 src=client:1 dst=worker:5
event=resp_recv_ud ts_ns=3170176 id=62 clt=1 wrkr=5 slot=0 size=41 src=worker:5 dst=client:1
event=hand_send ts_ns=3178823 id=62 clt=1 wrkr=5 slot=0 size=10 src=client:1 dst=worker:5
event=resp_rdma_read ts_ns=4697329 id=62 start_ns=3178823 dur_ns=1518506 clt=1 wrkr=5 slot=0 size=665608 src=worker:5 dst=client:1
event=req_send ts_ns=4697329 id=72 clt=1 wrkr=7 slot=1 size=17 src=client:1 dst=worker:7
event=resp_recv_ud ts_ns=4732951 id=72 clt=1 wrkr=7 slot=1 size=41 src=worker:7 dst=client:1
event=hand_send ts_ns=4741598 id=72 clt=1 wrkr=7 slot=1 size=10 src=client:1 dst=worker:7
event=resp_rdma_read ts_ns=4794312 id=36 start_ns=2096387 dur_ns=2697925 clt=1 wrkr=8 slot=1 size=665608 src=worker:8 dst=client:1
event=req_send ts_ns=4794312 id=75 clt=1 wrkr=6 slot=2 size=17 src=client:1 dst=worker:6
event=resp_recv_ud ts_ns=4847429 id=75 clt=1 wrkr=6 slot=2 size=41 src=worker:6 dst=client:1
event=hand_send ts_ns=4856076 id=75 clt=1 wrkr=6 slot=2 size=10 src=client:1 dst=worker:6
event=resp_rdma_read ts_ns=5312452 id=45 start_ns=2388843 dur_ns=2923609 clt=1 wrkr=9 slot=1 size=665608 src=worker:9 dst=client:1
event=req_send ts_ns=5312452 id=84 clt=1 wrkr=9 slot=3 size=17 src=client:1 dst=worker:9
event=resp_recv_ud ts_ns=5367748 id=84 clt=1 wrkr=9 slot=3 size=41 src=worker:9 dst=client:1
event=hand_send ts_ns=5376395 id=84 clt=1 wrkr=9 slot=3 size=10 src=client:1 dst=worker:9
event=resp_rdma_read ts_ns=5402505 id=60 start_ns=3018494 dur_ns=2384011 clt=1 wrkr=9 slot=2 size=665608 src=worker:9 dst=client:1
event=req_send ts_ns=5402505 id=86 clt=1 wrkr=0 slot=1 size=17 src=client:1 dst=worker:0
event=resp_rdma_read ts_ns=5436278 id=42 start_ns=2268517 dur_ns=3167761 clt=1 wrkr=8 slot=2 size=665608 src=worker:8 dst=client:1
event=req_send ts_ns=5436278 id=87 clt=1 wrkr=0 slot=2 size=17 src=client:1 dst=worker:0
event=resp_rdma_read ts_ns=5459156 id=40 start_ns=2207089 dur_ns=3252067 clt=1 wrkr=4 slot=1 size=665608 src=worker:4 dst=client:1
event=req_send ts_ns=5459156 id=90 clt=1 wrkr=1 slot=4 size=17 src=client:1 dst=worker:1
event=resp_recv_ud ts_ns=5461961 id=86 clt=1 wrkr=0 slot=1 size=41 src=worker:0 dst=client:1
event=hand_send ts_ns=5470608 id=86 clt=1 wrkr=0 slot=1 size=10 src=client:1 dst=worker:0
event=resp_recv_ud ts_ns=5485666 id=87 clt=1 wrkr=0 slot=2 size=41 src=worker:0 dst=client:1
event=hand_send ts_ns=5494313 id=87 clt=1 wrkr=0 slot=2 size=10 src=client:1 dst=worker:0
event=resp_rdma_read ts_ns=5496580 id=43 start_ns=2326510 dur_ns=3170070 clt=1 wrkr=10 slot=0 size=665608 src=worker:10 dst=client:1
event=req_send ts_ns=5496580 id=93 clt=1 wrkr=10 slot=2 size=17 src=client:1 dst=worker:10
event=resp_recv_ud ts_ns=5520663 id=90 clt=1 wrkr=1 slot=4 size=41 src=worker:1 dst=client:1
event=hand_send ts_ns=5529310 id=90 clt=1 wrkr=1 slot=4 size=10 src=client:1 dst=worker:1
event=resp_recv_ud ts_ns=5558586 id=93 clt=1 wrkr=10 slot=2 size=41 src=worker:10 dst=client:1
event=hand_send ts_ns=5567233 id=93 clt=1 wrkr=10 slot=2 size=10 src=client:1 dst=worker:10
event=resp_rdma_read ts_ns=5692071 id=57 start_ns=2782873 dur_ns=2909198 clt=1 wrkr=8 slot=3 size=665608 src=worker:8 dst=client:1
event=req_send ts_ns=5692071 id=96 clt=1 wrkr=1 slot=5 size=17 src=client:1 dst=worker:1
event=resp_recv_ud ts_ns=5758667 id=96 clt=1 wrkr=1 slot=5 size=41 src=worker:1 dst=client:1
event=hand_send ts_ns=5767314 id=96 clt=1 wrkr=1 slot=5 size=10 src=client:1 dst=worker:1
event=resp_rdma_read ts_ns=5798801 id=47 start_ns=2445684 dur_ns=3353117 clt=1 wrkr=11 slot=1 size=665608 src=worker:11 dst=client:1
event=req_send ts_ns=5798801 id=98 clt=1 wrkr=8 slot=4 size=17 src=client:1 dst=worker:8
event=resp_rdma_read ts_ns=5823306 id=50 start_ns=2507387 dur_ns=3315919 clt=1 wrkr=1 slot=2 size=665608 src=worker:1 dst=client:1
event=req_send ts_ns=5823306 id=99 clt=1 wrkr=3 slot=1 size=17 src=client:1 dst=worker:3
event=resp_recv_ud ts_ns=5866881 id=98 clt=1 wrkr=8 slot=4 size=41 src=worker:8 dst=client:1
event=hand_send ts_ns=5875528 id=98 clt=1 wrkr=8 slot=4 size=10 src=client:1 dst=worker:8
event=resp_recv_ud ts_ns=5883548 id=99 clt=1 wrkr=3 slot=1 size=41 src=worker:3 dst=client:1
event=hand_send ts_ns=5892195 id=99 clt=1 wrkr=3 slot=1 size=10 src=client:1 dst=worker:3
event=resp_rdma_read ts_ns=6042038 id=53 start_ns=2609298 dur_ns=3432740 clt=1 wrkr=1 slot=3 size=665608 src=worker:1 dst=client:1
event=req_send ts_ns=6042038 id=105 clt=1 wrkr=0 slot=3 size=17 src=client:1 dst=worker:0
event=resp_rdma_read ts_ns=6091296 id=52 start_ns=2587193 dur_ns=3504103 clt=1 wrkr=10 slot=1 size=665608 src=worker:10 dst=client:1
event=req_send ts_ns=6091296 id=106 clt=1 wrkr=2 slot=1 size=17 src=client:1 dst=worker:2
event=resp_recv_ud ts_ns=6108907 id=105 clt=1 wrkr=0 slot=3 size=41 src=worker:0 dst=client:1
event=hand_send ts_ns=6117554 id=105 clt=1 wrkr=0 slot=3 size=10 src=client:1 dst=worker:0
event=resp_recv_ud ts_ns=6156779 id=106 clt=1 wrkr=2 slot=1 size=41 src=worker:2 dst=client:1
event=hand_send ts_ns=6165426 id=106 clt=1 wrkr=2 slot=1 size=10 src=client:1 dst=worker:2
event=resp_rdma_read ts_ns=6636771 id=75 start_ns=4856076 dur_ns=1780695 clt=1 wrkr=6 slot=2 size=665608 src=worker:6 dst=client:1
event=req_send ts_ns=6636771 id=109 clt=1 wrkr=9 slot=4 size=17 src=client:1 dst=worker:9
event=resp_recv_ud ts_ns=6676021 id=109 clt=1 wrkr=9 slot=4 size=41 src=worker:9 dst=client:1
event=hand_send ts_ns=6684668 id=109 clt=1 wrkr=9 slot=4 size=10 src=client:1 dst=worker:9
event=resp_rdma_read ts_ns=6885896 id=72 start_ns=4741598 dur_ns=2144298 clt=1 wrkr=7 slot=1 size=665608 src=worker:7 dst=client:1
event=req_send ts_ns=6885896 id=112 clt=1 wrkr=7 slot=2 size=17 src=client:1 dst=worker:7
event=resp_recv_ud ts_ns=6939270 id=112 clt=1 wrkr=7 slot=2 size=41 src=worker:7 dst=client:1
event=hand_send ts_ns=6947917 id=112 clt=1 wrkr=7 slot=2 size=10 src=client:1 dst=worker:7
event=resp_rdma_read ts_ns=7708607 id=84 start_ns=5376395 dur_ns=2332212 clt=1 wrkr=9 slot=3 size=665608 src=worker:9 dst=client:1
event=req_send ts_ns=7708607 id=120 clt=1 wrkr=6 slot=3 size=17 src=client:1 dst=worker:6
event=resp_recv_ud ts_ns=7750393 id=120 clt=1 wrkr=6 slot=3 size=41 src=worker:6 dst=client:1
event=hand_send ts_ns=7759040 id=120 clt=1 wrkr=6 slot=3 size=10 src=client:1 dst=worker:6
event=resp_rdma_read ts_ns=7899118 id=86 start_ns=5470608 dur_ns=2428510 clt=1 wrkr=0 slot=1 size=665608 src=worker:0 dst=client:1
event=req_send ts_ns=7899118 id=124 clt=1 wrkr=11 slot=2 size=17 src=client:1 dst=worker:11
event=resp_recv_ud ts_ns=7952271 id=124 clt=1 wrkr=11 slot=2 size=41 src=worker:11 dst=client:1
event=hand_send ts_ns=7960918 id=124 clt=1 wrkr=11 slot=2 size=10 src=client:1 dst=worker:11
event=resp_rdma_read ts_ns=7992147 id=87 start_ns=5494313 dur_ns=2497834 clt=1 wrkr=0 slot=2 size=665608 src=worker:0 dst=client:1
event=req_send ts_ns=7992147 id=125 clt=1 wrkr=11 slot=3 size=17 src=client:1 dst=worker:11
event=resp_rdma_read ts_ns=7999947 id=93 start_ns=5567233 dur_ns=2432714 clt=1 wrkr=10 slot=2 size=665608 src=worker:10 dst=client:1
event=req_send ts_ns=7999947 id=127 clt=1 wrkr=0 slot=4 size=17 src=client:1 dst=worker:0
event=resp_recv_ud ts_ns=8041743 id=125 clt=1 wrkr=11 slot=3 size=41 src=worker:11 dst=client:1
event=hand_send ts_ns=8050390 id=125 clt=1 wrkr=11 slot=3 size=10 src=client:1 dst=worker:11
event=resp_recv_ud ts_ns=8058402 id=127 clt=1 wrkr=0 slot=4 size=41 src=worker:0 dst=client:1
event=hand_send ts_ns=8067049 id=127 clt=1 wrkr=0 slot=4 size=10 src=client:1 dst=worker:0
event=resp_rdma_read ts_ns=8122046 id=90 start_ns=5529310 dur_ns=2592736 clt=1 wrkr=1 slot=4 size=665608 src=worker:1 dst=client:1
event=req_send ts_ns=8122046 id=130 clt=1 wrkr=1 slot=6 size=17 src=client:1 dst=worker:1
event=resp_recv_ud ts_ns=8181763 id=130 clt=1 wrkr=1 slot=6 size=41 src=worker:1 dst=client:1
event=hand_send ts_ns=8190410 id=130 clt=1 wrkr=1 slot=6 size=10 src=client:1 dst=worker:1
event=resp_rdma_read ts_ns=8335339 id=99 start_ns=5892195 dur_ns=2443144 clt=1 wrkr=3 slot=1 size=665608 src=worker:3 dst=client:1
event=req_send ts_ns=8335339 id=133 clt=1 wrkr=3 slot=2 size=17 src=client:1 dst=worker:3
event=resp_rdma_read ts_ns=8379477 id=98 start_ns=5875528 dur_ns=2503949 clt=1 wrkr=8 slot=4 size=665608 src=worker:8 dst=client:1
event=req_send ts_ns=8379477 id=136 clt=1 wrkr=0 slot=5 size=17 src=client:1 dst=worker:0
event=resp_recv_ud ts_ns=8394289 id=133 clt=1 wrkr=3 slot=2 size=41 src=worker:3 dst=client:1
event=hand_send ts_ns=8402936 id=133 clt=1 wrkr=3 slot=2 size=10 src=client:1 dst=worker:3
event=resp_recv_ud ts_ns=8441748 id=136 clt=1 wrkr=0 slot=5 size=41 src=worker:0 dst=client:1
event=hand_send ts_ns=8450395 id=136 clt=1 wrkr=0 slot=5 size=10 src=client:1 dst=worker:0
event=resp_rdma_read ts_ns=8528606 id=105 start_ns=6117554 dur_ns=2411052 clt=1 wrkr=0 slot=3 size=665608 src=worker:0 dst=client:1
event=req_send ts_ns=8528606 id=142 clt=1 wrkr=11 slot=4 size=17 src=client:1 dst=worker:11
event=resp_rdma_read ts_ns=8556086 id=96 start_ns=5767314 dur_ns=2788772 clt=1 wrkr=1 slot=5 size=665608 src=worker:1 dst=client:1
event=req_send ts_ns=8556086 id=143 clt=1 wrkr=2 slot=2 size=17 src=client:1 dst=worker:2
event=resp_rdma_read ts_ns=8572184 id=106 start_ns=6165426 dur_ns=2406758 clt=1 wrkr=2 slot=1 size=665608 src=worker:2 dst=client:1
event=req_send ts_ns=8572184 id=144 clt=1 wrkr=11 slot=5 size=17 src=client:1 dst=worker:11
event=resp_recv_ud ts_ns=8594546 id=142 clt=1 wrkr=11 slot=4 size=41 src=worker:11 dst=client:1
event=hand_send ts_ns=8603193 id=142 clt=1 wrkr=11 slot=4 size=10 src=client:1 dst=worker:11
event=resp_recv_ud ts_ns=8622308 id=143 clt=1 wrkr=2 slot=2 size=41 src=worker:2 dst=client:1
event=hand_send ts_ns=8630955 id=143 clt=1 wrkr=2 slot=2 size=10 src=client:1 dst=worker:2
event=resp_recv_ud ts_ns=8639505 id=144 clt=1 wrkr=11 slot=5 size=41 src=worker:11 dst=client:1
event=hand_send ts_ns=8648152 id=144 clt=1 wrkr=11 slot=5 size=10 src=client:1 dst=worker:11
event=resp_rdma_read ts_ns=8898114 id=112 start_ns=6947917 dur_ns=1950197 clt=1 wrkr=7 slot=2 size=665608 src=worker:7 dst=client:1
event=req_send ts_ns=8898114 id=148 clt=1 wrkr=2 slot=3 size=17 src=client:1 dst=worker:2
event=resp_recv_ud ts_ns=8940818 id=148 clt=1 wrkr=2 slot=3 size=41 src=worker:2 dst=client:1
event=resp_rdma_read ts_ns=8940898 id=109 start_ns=6684668 dur_ns=2256230 clt=1 wrkr=9 slot=4 size=665608 src=worker:9 dst=client:1
event=req_send ts_ns=8940898 id=149 clt=1 wrkr=2 slot=4 size=17 src=client:1 dst=worker:2
event=hand_send ts_ns=8949465 id=148 clt=1 wrkr=2 slot=3 size=10 src=client:1 dst=worker:2
event=resp_recv_ud ts_ns=8995559 id=149 clt=1 wrkr=2 slot=4 size=41 src=worker:2 dst=client:1
event=hand_send ts_ns=9004206 id=149 clt=1 wrkr=2 slot=4 size=10 src=client:1 dst=worker:2
event=resp_rdma_read ts_ns=9349139 id=120 start_ns=7759040 dur_ns=1590099 clt=1 wrkr=6 slot=3 size=665608 src=worker:6 dst=client:1
event=req_send ts_ns=9349139 id=154 clt=1 wrkr=9 slot=5 size=17 src=client:1 dst=worker:9
event=resp_recv_ud ts_ns=9392612 id=154 clt=1 wrkr=9 slot=5 size=41 src=worker:9 dst=client:1
event=hand_send ts_ns=9401259 id=154 clt=1 wrkr=9 slot=5 size=10 src=client:1 dst=worker:9
event=resp_rdma_read ts_ns=9768629 id=124 start_ns=7960918 dur_ns=1807711 clt=1 wrkr=11 slot=2 size=665608 src=worker:11 dst=client:1
event=req_send ts_ns=9768629 id=157 clt=1 wrkr=4 slot=2 size=17 src=client:1 dst=worker:4
event=resp_recv_ud ts_ns=9803450 id=157 clt=1 wrkr=4 slot=2 size=41 src=worker:4 dst=client:1
event=hand_send ts_ns=9812097 id=157 clt=1 wrkr=4 slot=2 size=10 src=client:1 dst=worker:4
event=resp_rdma_read ts_ns=10127988 id=125 start_ns=8050390 dur_ns=2077598 clt=1 wrkr=11 slot=3 size=665608 src=worker:11 dst=client:1
event=req_send ts_ns=10127988 id=163 clt=1 wrkr=11 slot=6 size=17 src=client:1 dst=worker:11
event=resp_recv_ud ts_ns=10183259 id=163 clt=1 wrkr=11 slot=6 size=41 src=worker:11 dst=client:1
event=hand_send ts_ns=10191906 id=163 clt=1 wrkr=11 slot=6 size=10 src=client:1 dst=worker:11
event=resp_rdma_read ts_ns=10244998 id=127 start_ns=8067049 dur_ns=2177949 clt=1 wrkr=0 slot=4 size=665608 src=worker:0 dst=client:1
event=req_send ts_ns=10244998 id=166 clt=1 wrkr=8 slot=5 size=17 src=client:1 dst=worker:8
event=resp_recv_ud ts_ns=10302931 id=166 clt=1 wrkr=8 slot=5 size=41 src=worker:8 dst=client:1
event=hand_send ts_ns=10311578 id=166 clt=1 wrkr=8 slot=5 size=10 src=client:1 dst=worker:8
event=resp_rdma_read ts_ns=10508760 id=130 start_ns=8190410 dur_ns=2318350 clt=1 wrkr=1 slot=6 size=665608 src=worker:1 dst=client:1
event=req_send ts_ns=10508760 id=168 clt=1 wrkr=6 slot=4 size=17 src=client:1 dst=worker:6
event=resp_recv_ud ts_ns=10544812 id=168 clt=1 wrkr=6 slot=4 size=41 src=worker:6 dst=client:1
event=hand_send ts_ns=10553459 id=168 clt=1 wrkr=6 slot=4 size=10 src=client:1 dst=worker:6
event=resp_rdma_read ts_ns=10874178 id=133 start_ns=8402936 dur_ns=2471242 clt=1 wrkr=3 slot=2 size=665608 src=worker:3 dst=client:1
event=req_send ts_ns=10874178 id=171 clt=1 wrkr=9 slot=6 size=17 src=client:1 dst=worker:9
event=resp_recv_ud ts_ns=10933264 id=171 clt=1 wrkr=9 slot=6 size=41 src=worker:9 dst=client:1
event=hand_send ts_ns=10941911 id=171 clt=1 wrkr=9 slot=6 size=10 src=client:1 dst=worker:9
event=resp_rdma_read ts_ns=10949568 id=154 start_ns=9401259 dur_ns=1548309 clt=1 wrkr=9 slot=5 size=665608 src=worker:9 dst=client:1
event=req_send ts_ns=10949568 id=174 clt=1 wrkr=3 slot=3 size=17 src=client:1 dst=worker:3
event=resp_rdma_read ts_ns=10958958 id=144 start_ns=8648152 dur_ns=2310806 clt=1 wrkr=11 slot=5 size=665608 src=worker:11 dst=client:1
event=req_send ts_ns=10958958 id=175 clt=1 wrkr=5 slot=1 size=17 src=client:1 dst=worker:5
event=resp_recv_ud ts_ns=11006723 id=174 clt=1 wrkr=3 slot=3 size=41 src=worker:3 dst=client:1
event=hand_send ts_ns=11015370 id=174 clt=1 wrkr=3 slot=3 size=10 src=client:1 dst=worker:3
event=resp_recv_ud ts_ns=11015456 id=175 clt=1 wrkr=5 slot=1 size=41 src=worker:5 dst=client:1
event=hand_send ts_ns=11024103 id=175 clt=1 wrkr=5 slot=1 size=10 src=client:1 dst=worker:5
event=resp_rdma_read ts_ns=11026810 id=136 start_ns=8450395 dur_ns=2576415 clt=1 wrkr=0 slot=5 size=665608 src=worker:0 dst=client:1
event=req_send ts_ns=11026810 id=176 clt=1 wrkr=4 slot=3 size=17 src=client:1 dst=worker:4
event=resp_recv_ud ts_ns=11082568 id=176 clt=1 wrkr=4 slot=3 size=41 src=worker:4 dst=client:1
event=hand_send ts_ns=11091215 id=176 clt=1 wrkr=4 slot=3 size=10 src=client:1 dst=worker:4
event=resp_rdma_read ts_ns=11306280 id=149 start_ns=9004206 dur_ns=2302074 clt=1 wrkr=2 slot=4 size=665608 src=worker:2 dst=client:1
event=req_send ts_ns=11306280 id=182 clt=1 wrkr=6 slot=5 size=17 src=client:1 dst=worker:6
event=resp_recv_ud ts_ns=11366054 id=182 clt=1 wrkr=6 slot=5 size=41 src=worker:6 dst=client:1
event=hand_send ts_ns=11374701 id=182 clt=1 wrkr=6 slot=5 size=10 src=client:1 dst=worker:6
event=resp_rdma_read ts_ns=11385122 id=148 start_ns=8949465 dur_ns=2435657 clt=1 wrkr=2 slot=3 size=665608 src=worker:2 dst=client:1
event=req_send ts_ns=11385122 id=187 clt=1 wrkr=9 slot=7 size=17 src=client:1 dst=worker:9
event=resp_rdma_read ts_ns=11387330 id=143 start_ns=8630955 dur_ns=2756375 clt=1 wrkr=2 slot=2 size=665608 src=worker:2 dst=client:1
event=req_send ts_ns=11387330 id=188 clt=1 wrkr=8 slot=6 size=17 src=client:1 dst=worker:8
event=resp_recv_ud ts_ns=11443891 id=187 clt=1 wrkr=9 slot=7 size=41 src=worker:9 dst=client:1
event=resp_recv_ud ts_ns=11448372 id=188 clt=1 wrkr=8 slot=6 size=41 src=worker:8 dst=client:1
event=hand_send ts_ns=11452538 id=187 clt=1 wrkr=9 slot=7 size=10 src=client:1 dst=worker:9
event=hand_send ts_ns=11457019 id=188 clt=1 wrkr=8 slot=6 size=10 src=client:1 dst=worker:8
event=resp_rdma_read ts_ns=11587414 id=142 start_ns=8603193 dur_ns=2984221 clt=1 wrkr=11 slot=4 size=665608 src=worker:11 dst=client:1
event=req_send ts_ns=11587414 id=192 clt=1 wrkr=10 slot=3 size=17 src=client:1 dst=worker:10
event=resp_rdma_read ts_ns=11603610 id=157 start_ns=9812097 dur_ns=1791513 clt=1 wrkr=4 slot=2 size=665608 src=worker:4 dst=client:1
event=req_send ts_ns=11603610 id=194 clt=1 wrkr=3 slot=4 size=17 src=client:1 dst=worker:3
event=resp_recv_ud ts_ns=11653444 id=192 clt=1 wrkr=10 slot=3 size=41 src=worker:10 dst=client:1
event=hand_send ts_ns=11662091 id=192 clt=1 wrkr=10 slot=3 size=10 src=client:1 dst=worker:10
event=resp_recv_ud ts_ns=11670317 id=194 clt=1 wrkr=3 slot=4 size=41 src=worker:3 dst=client:1
event=hand_send ts_ns=11678964 id=194 clt=1 wrkr=3 slot=4 size=10 src=client:1 dst=worker:3
event=resp_rdma_read ts_ns=11831635 id=163 start_ns=10191906 dur_ns=1639729 clt=1 wrkr=11 slot=6 size=665608 src=worker:11 dst=client:1
event=req_send ts_ns=11831635 id=195 clt=1 wrkr=4 slot=4 size=17 src=client:1 dst=worker:4
event=resp_recv_ud ts_ns=11873492 id=195 clt=1 wrkr=4 slot=4 size=41 src=worker:4 dst=client:1
event=hand_send ts_ns=11882139 id=195 clt=1 wrkr=4 slot=4 size=10 src=client:1 dst=worker:4
event=resp_rdma_read ts_ns=12457716 id=166 start_ns=10311578 dur_ns=2146138 clt=1 wrkr=8 slot=5 size=665608 src=worker:8 dst=client:1
event=req_send ts_ns=12457716 id=202 clt=1 wrkr=4 slot=5 size=17 src=client:1 dst=worker:4
event=resp_rdma_read ts_ns=12462146 id=168 start_ns=10553459 dur_ns=1908687 clt=1 wrkr=6 slot=4 size=665608 src=worker:6 dst=client:1
event=req_send ts_ns=12462146 id=203 clt=1 wrkr=6 slot=6 size=17 src=client:1 dst=worker:6
event=resp_recv_ud ts_ns=12496065 id=202 clt=1 wrkr=4 slot=5 size=41 src=worker:4 dst=client:1
event=hand_send ts_ns=12504712 id=202 clt=1 wrkr=4 slot=5 size=10 src=client:1 dst=worker:4
event=resp_recv_ud ts_ns=12520109 id=203 clt=1 wrkr=6 slot=6 size=41 src=worker:6 dst=client:1
event=hand_send ts_ns=12528756 id=203 clt=1 wrkr=6 slot=6 size=10 src=client:1 dst=worker:6
event=resp_rdma_read ts_ns=12880768 id=171 start_ns=10941911 dur_ns=1938857 clt=1 wrkr=9 slot=6 size=665608 src=worker:9 dst=client:1
event=req_send ts_ns=12880768 id=208 clt=1 wrkr=11 slot=7 size=17 src=client:1 dst=worker:11
event=resp_rdma_read ts_ns=12925022 id=174 start_ns=11015370 dur_ns=1909652 clt=1 wrkr=3 slot=3 size=665608 src=worker:3 dst=client:1
event=req_send ts_ns=12925022 id=209 clt=1 wrkr=10 slot=4 size=17 src=client:1 dst=worker:10
event=resp_recv_ud ts_ns=12925111 id=208 clt=1 wrkr=11 slot=7 size=41 src=worker:11 dst=client:1
event=hand_send ts_ns=12933758 id=208 clt=1 wrkr=11 slot=7 size=10 src=client:1 dst=worker:11
event=resp_recv_ud ts_ns=12975557 id=209 clt=1 wrkr=10 slot=4 size=41 src=worker:10 dst=client:1
event=hand_send ts_ns=12984204 id=209 clt=1 wrkr=10 slot=4 size=10 src=client:1 dst=worker:10
event=resp_rdma_read ts_ns=13022633 id=175 start_ns=11024103 dur_ns=1998530 clt=1 wrkr=5 slot=1 size=665608 src=worker:5 dst=client:1
event=req_send ts_ns=13022633 id=210 clt=1 wrkr=2 slot=5 size=17 src=client:1 dst=worker:2
event=resp_rdma_read ts_ns=13057670 id=176 start_ns=11091215 dur_ns=1966455 clt=1 wrkr=4 slot=3 size=665608 src=worker:4 dst=client:1
event=req_send ts_ns=13057670 id=211 clt=1 wrkr=9 slot=8 size=17 src=client:1 dst=worker:9
event=resp_recv_ud ts_ns=13065725 id=210 clt=1 wrkr=2 slot=5 size=41 src=worker:2 dst=client:1
event=hand_send ts_ns=13074372 id=210 clt=1 wrkr=2 slot=5 size=10 src=client:1 dst=worker:2
event=resp_recv_ud ts_ns=13112172 id=211 clt=1 wrkr=9 slot=8 size=41 src=worker:9 dst=client:1
event=hand_send ts_ns=13120819 id=211 clt=1 wrkr=9 slot=8 size=10 src=client:1 dst=worker:9
event=resp_rdma_read ts_ns=13599027 id=187 start_ns=11452538 dur_ns=2146489 clt=1 wrkr=9 slot=7 size=665608 src=worker:9 dst=client:1
event=req_send ts_ns=13599027 id=218 clt=1 wrkr=0 slot=6 size=17 src=client:1 dst=worker:0
event=resp_recv_ud ts_ns=13656951 id=218 clt=1 wrkr=0 slot=6 size=41 src=worker:0 dst=client:1
event=hand_send ts_ns=13665598 id=218 clt=1 wrkr=0 slot=6 size=10 src=client:1 dst=worker:0
event=resp_rdma_read ts_ns=13777194 id=182 start_ns=11374701 dur_ns=2402493 clt=1 wrkr=6 slot=5 size=665608 src=worker:6 dst=client:1
event=req_send ts_ns=13777194 id=219 clt=1 wrkr=5 slot=2 size=17 src=client:1 dst=worker:5
event=resp_recv_ud ts_ns=13812010 id=219 clt=1 wrkr=5 slot=2 size=41 src=worker:5 dst=client:1
event=hand_send ts_ns=13820657 id=219 clt=1 wrkr=5 slot=2 size=10 src=client:1 dst=worker:5
event=resp_rdma_read ts_ns=14043579 id=188 start_ns=11457019 dur_ns=2586560 clt=1 wrkr=8 slot=6 size=665608 src=worker:8 dst=client:1
event=req_send ts_ns=14043579 id=226 clt=1 wrkr=11 slot=8 size=17 src=client:1 dst=worker:11
event=resp_recv_ud ts_ns=14089900 id=226 clt=1 wrkr=11 slot=8 size=41 src=worker:11 dst=client:1
event=hand_send ts_ns=14098547 id=226 clt=1 wrkr=11 slot=8 size=10 src=client:1 dst=worker:11
event=resp_rdma_read ts_ns=14139169 id=195 start_ns=11882139 dur_ns=2257030 clt=1 wrkr=4 slot=4 size=665608 src=worker:4 dst=client:1
event=req_send ts_ns=14139169 id=227 clt=1 wrkr=6 slot=7 size=17 src=client:1 dst=worker:6
event=resp_recv_ud ts_ns=14185502 id=227 clt=1 wrkr=6 slot=7 size=41 src=worker:6 dst=client:1
event=hand_send ts_ns=14194149 id=227 clt=1 wrkr=6 slot=7 size=10 src=client:1 dst=worker:6
event=resp_rdma_read ts_ns=14236893 id=192 start_ns=11662091 dur_ns=2574802 clt=1 wrkr=10 slot=3 size=665608 src=worker:10 dst=client:1
event=req_send ts_ns=14236893 id=230 clt=1 wrkr=1 slot=7 size=17 src=client:1 dst=worker:1
event=resp_recv_ud ts_ns=14298182 id=230 clt=1 wrkr=1 slot=7 size=41 src=worker:1 dst=client:1
event=hand_send ts_ns=14306829 id=230 clt=1 wrkr=1 slot=7 size=10 src=client:1 dst=worker:1
event=resp_rdma_read ts_ns=14619426 id=194 start_ns=11678964 dur_ns=2940462 clt=1 wrkr=3 slot=4 size=665608 src=worker:3 dst=client:1
event=req_send ts_ns=14619426 id=239 clt=1 wrkr=11 slot=9 size=17 src=client:1 dst=worker:11
event=resp_rdma_read ts_ns=14662945 id=209 start_ns=12984204 dur_ns=1678741 clt=1 wrkr=10 slot=4 size=665608 src=worker:10 dst=client:1
event=req_send ts_ns=14662945 id=240 clt=1 wrkr=4 slot=6 size=17 src=client:1 dst=worker:4
event=resp_rdma_read ts_ns=14678534 id=202 start_ns=12504712 dur_ns=2173822 clt=1 wrkr=4 slot=5 size=665608 src=worker:4 dst=client:1
event=req_send ts_ns=14678534 id=241 clt=1 wrkr=3 slot=5 size=17 src=client:1 dst=worker:3
event=resp_recv_ud ts_ns=14683803 id=239 clt=1 wrkr=11 slot=9 size=41 src=worker:11 dst=client:1
event=hand_send ts_ns=14692450 id=239 clt=1 wrkr=11 slot=9 size=10 src=client:1 dst=worker:11
event=resp_rdma_read ts_ns=14702241 id=203 start_ns=12528756 dur_ns=2173485 clt=1 wrkr=6 slot=6 size=665608 src=worker:6 dst=client:1
event=req_send ts_ns=14702241 id=242 clt=1 wrkr=9 slot=9 size=17 src=client:1 dst=worker:9
event=resp_recv_ud ts_ns=14729952 id=240 clt=1 wrkr=4 slot=6 size=41 src=worker:4 dst=client:1
event=hand_send ts_ns=14738599 id=240 clt=1 wrkr=4 slot=6 size=10 src=client:1 dst=worker:4
event=resp_recv_ud ts_ns=14743478 id=241 clt=1 wrkr=3 slot=5 size=41 src=worker:3 dst=client:1
event=hand_send ts_ns=14752125 id=241 clt=1 wrkr=3 slot=5 size=10 src=client:1 dst=worker:3
event=resp_recv_ud ts_ns=14770162 id=242 clt=1 wrkr=9 slot=9 size=41 src=worker:9 dst=client:1
event=hand_send ts_ns=14778809 id=242 clt=1 wrkr=9 slot=9 size=10 src=client:1 dst=worker:9
event=resp_rdma_read ts_ns=15118865 id=208 start_ns=12933758 dur_ns=2185107 clt=1 wrkr=11 slot=7 size=665608 src=worker:11 dst=client:1
event=req_send ts_ns=15118865 id=246 clt=1 wrkr=6 slot=8 size=17 src=client:1 dst=worker:6
event=resp_recv_ud ts_ns=15159580 id=246 clt=1 wrkr=6 slot=8 size=41 src=worker:6 dst=client:1
event=hand_send ts_ns=15168227 id=246 clt=1 wrkr=6 slot=8 size=10 src=client:1 dst=worker:6
event=resp_rdma_read ts_ns=15176163 id=210 start_ns=13074372 dur_ns=2101791 clt=1 wrkr=2 slot=5 size=665608 src=worker:2 dst=client:1
event=req_send ts_ns=15176163 id=248 clt=1 wrkr=5 slot=3 size=17 src=client:1 dst=worker:5
event=resp_rdma_read ts_ns=15213307 id=218 start_ns=13665598 dur_ns=1547709 clt=1 wrkr=0 slot=6 size=665608 src=worker:0 dst=client:1
event=req_send ts_ns=15213307 id=249 clt=1 wrkr=6 slot=9 size=17 src=client:1 dst=worker:6
event=resp_rdma_read ts_ns=15231656 id=211 start_ns=13120819 dur_ns=2110837 clt=1 wrkr=9 slot=8 size=665608 src=worker:9 dst=client:1
event=req_send ts_ns=15231656 id=250 clt=1 wrkr=9 slot=10 size=17 src=client:1 dst=worker:9
event=resp_recv_ud ts_ns=15241868 id=248 clt=1 wrkr=5 slot=3 size=41 src=worker:5 dst=client:1
event=hand_send ts_ns=15250515 id=248 clt=1 wrkr=5 slot=3 size=10 src=client:1 dst=worker:5
event=resp_recv_ud ts_ns=15277004 id=249 clt=1 wrkr=6 slot=9 size=41 src=worker:6 dst=client:1
event=hand_send ts_ns=15285651 id=249 clt=1 wrkr=6 slot=9 size=10 src=client:1 dst=worker:6
event=resp_recv_ud ts_ns=15292027 id=250 clt=1 wrkr=9 slot=10 size=41 src=worker:9 dst=client:1
event=hand_send ts_ns=15300674 id=250 clt=1 wrkr=9 slot=10 size=10 src=client:1 dst=worker:9
event=resp_rdma_read ts_ns=15733857 id=226 start_ns=14098547 dur_ns=1635310 clt=1 wrkr=11 slot=8 size=665608 src=worker:11 dst=client:1
event=req_send ts_ns=15733857 id=255 clt=1 wrkr=8 slot=7 size=17 src=client:1 dst=worker:8
event=resp_recv_ud ts_ns=15773421 id=255 clt=1 wrkr=8 slot=7 size=41 src=worker:8 dst=client:1
event=hand_send ts_ns=15782068 id=255 clt=1 wrkr=8 slot=7 size=10 src=client:1 dst=worker:8
event=resp_rdma_read ts_ns=15892687 id=219 start_ns=13820657 dur_ns=2072030 clt=1 wrkr=5 slot=2 size=665608 src=worker:5 dst=client:1
event=req_send ts_ns=15892687 id=256 clt=1 wrkr=5 slot=4 size=17 src=client:1 dst=worker:5
event=resp_recv_ud ts_ns=15928294 id=256 clt=1 wrkr=5 slot=4 size=41 src=worker:5 dst=client:1
event=hand_send ts_ns=15936941 id=256 clt=1 wrkr=5 slot=4 size=10 src=client:1 dst=worker:5
event=resp_rdma_read ts_ns=16290647 id=230 start_ns=14306829 dur_ns=1983818 clt=1 wrkr=1 slot=7 size=665608 src=worker:1 dst=client:1
event=req_send ts_ns=16290647 id=264 clt=1 wrkr=4 slot=7 size=17 src=client:1 dst=worker:4
event=resp_recv_ud ts_ns=16342714 id=264 clt=1 wrkr=4 slot=7 size=41 src=worker:4 dst=client:1
event=hand_send ts_ns=16351361 id=264 clt=1 wrkr=4 slot=7 size=10 src=client:1 dst=worker:4
event=resp_rdma_read ts_ns=16506322 id=227 start_ns=14194149 dur_ns=2312173 clt=1 wrkr=6 slot=7 size=665608 src=worker:6 dst=client:1
event=req_send ts_ns=16506322 id=267 clt=1 wrkr=2 slot=6 size=17 src=client:1 dst=worker:2
event=resp_recv_ud ts_ns=16557835 id=267 clt=1 wrkr=2 slot=6 size=41 src=worker:2 dst=client:1
event=hand_send ts_ns=16566482 id=267 clt=1 wrkr=2 slot=6 size=10 src=client:1 dst=worker:2
event=resp_rdma_read ts_ns=17035544 id=250 start_ns=15300674 dur_ns=1734870 clt=1 wrkr=9 slot=10 size=665608 src=worker:9 dst=client:1
event=req_send ts_ns=17035544 id=274 clt=1 wrkr=4 slot=8 size=17 src=client:1 dst=worker:4
event=resp_recv_ud ts_ns=17092947 id=274 clt=1 wrkr=4 slot=8 size=41 src=worker:4 dst=client:1
event=hand_send ts_ns=17101594 id=274 clt=1 wrkr=4 slot=8 size=10 src=client:1 dst=worker:4
event=resp_rdma_read ts_ns=17381602 id=249 start_ns=15285651 dur_ns=2095951 clt=1 wrkr=6 slot=9 size=665608 src=worker:6 dst=client:1
event=req_send ts_ns=17381602 id=280 clt=1 wrkr=5 slot=5 size=17 src=client:1 dst=worker:5
event=resp_rdma_read ts_ns=17412910 id=239 start_ns=14692450 dur_ns=2720460 clt=1 wrkr=11 slot=9 size=665608 src=worker:11 dst=client:1
event=req_send ts_ns=17412910 id=282 clt=1 wrkr=9 slot=11 size=17 src=client:1 dst=worker:9
event=resp_recv_ud ts_ns=17437799 id=280 clt=1 wrkr=5 slot=5 size=41 src=worker:5 dst=client:1
event=hand_send ts_ns=17446446 id=280 clt=1 wrkr=5 slot=5 size=10 src=client:1 dst=worker:5
event=resp_recv_ud ts_ns=17467643 id=282 clt=1 wrkr=9 slot=11 size=41 src=worker:9 dst=client:1
event=hand_send ts_ns=17476290 id=282 clt=1 wrkr=9 slot=11 size=10 src=client:1 dst=worker:9
event=resp_rdma_read ts_ns=17488354 id=248 start_ns=15250515 dur_ns=2237839 clt=1 wrkr=5 slot=3 size=665608 src=worker:5 dst=client:1
event=req_send ts_ns=17488354 id=285 clt=1 wrkr=9 slot=0 size=17 src=client:1 dst=worker:9
event=resp_recv_ud ts_ns=17548655 id=285 clt=1 wrkr=9 slot=0 size=41 src=worker:9 dst=client:1
event=resp_rdma_read ts_ns=17549766 id=255 start_ns=15782068 dur_ns=1767698 clt=1 wrkr=8 slot=7 size=665608 src=worker:8 dst=client:1
event=req_send ts_ns=17549766 id=286 clt=1 wrkr=7 slot=3 size=17 src=client:1 dst=worker:7
event=hand_send ts_ns=17557302 id=285 clt=1 wrkr=9 slot=0 size=10 src=client:1 dst=worker:9
event=resp_rdma_read ts_ns=17566195 id=246 start_ns=15168227 dur_ns=2397968 clt=1 wrkr=6 slot=8 size=665608 src=worker:6 dst=client:1
event=req_send ts_ns=17566195 id=288 clt=1 wrkr=3 slot=6 size=17 src=client:1 dst=worker:3
event=resp_recv_ud ts_ns=17611153 id=286 clt=1 wrkr=7 slot=3 size=41 src=worker:7 dst=client:1
event=hand_send ts_ns=17619800 id=286 clt=1 wrkr=7 slot=3 size=10 src=client:1 dst=worker:7
event=resp_recv_ud ts_ns=17627729 id=288 clt=1 wrkr=3 slot=6 size=41 src=worker:3 dst=client:1
event=hand_send ts_ns=17636376 id=288 clt=1 wrkr=3 slot=6 size=10 src=client:1 dst=worker:3
event=resp_rdma_read ts_ns=17751502 id=240 start_ns=14738599 dur_ns=3012903 clt=1 wrkr=4 slot=6 size=665608 src=worker:4 dst=client:1
event=req_send ts_ns=17751502 id=290 clt=1 wrkr=11 slot=10 size=17 src=client:1 dst=worker:11
event=resp_recv_ud ts_ns=17792315 id=290 clt=1 wrkr=11 slot=10 size=41 src=worker:11 dst=client:1
event=hand_send ts_ns=17800962 id=290 clt=1 wrkr=11 slot=10 size=10 src=client:1 dst=worker:11
event=resp_rdma_read ts_ns=17843144 id=242 start_ns=14778809 dur_ns=3064335 clt=1 wrkr=9 slot=9 size=665608 src=worker:9 dst=client:1
event=req_send ts_ns=17843144 id=291 clt=1 wrkr=10 slot=5 size=17 src=client:1 dst=worker:10
event=resp_recv_ud ts_ns=17891446 id=291 clt=1 wrkr=10 slot=5 size=41 src=worker:10 dst=client:1
event=hand_send ts_ns=17900093 id=291 clt=1 wrkr=10 slot=5 size=10 src=client:1 dst=worker:10
event=resp_rdma_read ts_ns=17943583 id=241 start_ns=14752125 dur_ns=3191458 clt=1 wrkr=3 slot=5 size=665608 src=worker:3 dst=client:1
event=req_send ts_ns=17943583 id=292 clt=1 wrkr=9 slot=1 size=17 src=client:1 dst=worker:9
event=resp_recv_ud ts_ns=18005107 id=292 clt=1 wrkr=9 slot=1 size=41 src=worker:9 dst=client:1
event=hand_send ts_ns=18013754 id=292 clt=1 wrkr=9 slot=1 size=10 src=client:1 dst=worker:9
event=resp_rdma_read ts_ns=18030672 id=256 start_ns=15936941 dur_ns=2093731 clt=1 wrkr=5 slot=4 size=665608 src=worker:5 dst=client:1
event=req_send ts_ns=18030672 id=296 clt=1 wrkr=10 slot=6 size=17 src=client:1 dst=worker:10
event=resp_recv_ud ts_ns=18092203 id=296 clt=1 wrkr=10 slot=6 size=41 src=worker:10 dst=client:1
event=hand_send ts_ns=18100850 id=296 clt=1 wrkr=10 slot=6 size=10 src=client:1 dst=worker:10
event=resp_rdma_read ts_ns=18263825 id=267 start_ns=16566482 dur_ns=1697343 clt=1 wrkr=2 slot=6 size=665608 src=worker:2 dst=client:1
event=req_send ts_ns=18263825 id=300 clt=1 wrkr=2 slot=7 size=17 src=client:1 dst=worker:2
event=resp_recv_ud ts_ns=18313031 id=300 clt=1 wrkr=2 slot=7 size=41 src=worker:2 dst=client:1
event=hand_send ts_ns=18321678 id=300 clt=1 wrkr=2 slot=7 size=10 src=client:1 dst=worker:2
event=resp_rdma_read ts_ns=18363783 id=264 start_ns=16351361 dur_ns=2012422 clt=1 wrkr=4 slot=7 size=665608 src=worker:4 dst=client:1
event=req_send ts_ns=18363783 id=301 clt=1 wrkr=1 slot=8 size=17 src=client:1 dst=worker:1
event=resp_recv_ud ts_ns=18407545 id=301 clt=1 wrkr=1 slot=8 size=41 src=worker:1 dst=client:1
event=hand_send ts_ns=18416192 id=301 clt=1 wrkr=1 slot=8 size=10 src=client:1 dst=worker:1
event=resp_rdma_read ts_ns=19061023 id=274 start_ns=17101594 dur_ns=1959429 clt=1 wrkr=4 slot=8 size=665608 src=worker:4 dst=client:1
event=req_send ts_ns=19061023 id=309 clt=1 wrkr=0 slot=7 size=17 src=client:1 dst=worker:0
event=resp_recv_ud ts_ns=19095975 id=309 clt=1 wrkr=0 slot=7 size=41 src=worker:0 dst=client:1
event=hand_send ts_ns=19104622 id=309 clt=1 wrkr=0 slot=7 size=10 src=client:1 dst=worker:0
event=resp_rdma_read ts_ns=19521786 id=285 start_ns=17557302 dur_ns=1964484 clt=1 wrkr=9 slot=0 size=665608 src=worker:9 dst=client:1
event=req_send ts_ns=19521786 id=317 clt=1 wrkr=5 slot=6 size=17 src=client:1 dst=worker:5
event=resp_recv_ud ts_ns=19579003 id=317 clt=1 wrkr=5 slot=6 size=41 src=worker:5 dst=client:1
event=hand_send ts_ns=19587650 id=317 clt=1 wrkr=5 slot=6 size=10 src=client:1 dst=worker:5
event=resp_rdma_read ts_ns=19695473 id=280 start_ns=17446446 dur_ns=2249027 clt=1 wrkr=5 slot=5 size=665608 src=worker:5 dst=client:1
event=req_send ts_ns=19695473 id=322 clt=1 wrkr=11 slot=11 size=17 src=client:1 dst=worker:11
event=resp_rdma_read ts_ns=19707718 id=291 start_ns=17900093 dur_ns=1807625 clt=1 wrkr=10 slot=5 size=665608 src=worker:10 dst=client:1
event=req_send ts_ns=19707718 id=323 clt=1 wrkr=5 slot=7 size=17 src=client:1 dst=worker:5
event=resp_recv_ud ts_ns=19755907 id=322 clt=1 wrkr=11 slot=11 size=41 src=worker:11 dst=client:1
event=hand_send ts_ns=19764554 id=322 clt=1 wrkr=11 slot=11 size=10 src=client:1 dst=worker:11
event=resp_recv_ud ts_ns=19767203 id=323 clt=1 wrkr=5 slot=7 size=41 src=worker:5 dst=client:1
event=hand_send ts_ns=19775850 id=323 clt=1 wrkr=5 slot=7 size=10 src=client:1 dst=worker:5
event=resp_rdma_read ts_ns=19798515 id=282 start_ns=17476290 dur_ns=2322225 clt=1 wrkr=9 slot=11 size=665608 src=worker:9 dst=client:1
event=req_send ts_ns=19798515 id=324 clt=1 wrkr=7 slot=4 size=17 src=client:1 dst=worker:7
event=resp_recv_ud ts_ns=19848553 id=324 clt=1 wrkr=7 slot=4 size=41 src=worker:7 dst=client:1
event=hand_send ts_ns=19857200 id=324 clt=1 wrkr=7 slot=4 size=10 src=client:1 dst=worker:7
event=resp_rdma_read ts_ns=19922505 id=290 start_ns=17800962 dur_ns=2121543 clt=1 wrkr=11 slot=10 size=665608 src=worker:11 dst=client:1
event=req_send ts_ns=19922505 id=325 clt=1 wrkr=10 slot=7 size=17 src=client:1 dst=worker:10
event=resp_rdma_read ts_ns=19940202 id=286 start_ns=17619800 dur_ns=2320402 clt=1 wrkr=7 slot=3 size=665608 src=worker:7 dst=client:1
event=req_send ts_ns=19940202 id=326 clt=1 wrkr=1 slot=9 size=17 src=client:1 dst=worker:1
event=resp_recv_ud ts_ns=19966410 id=325 clt=1 wrkr=10 slot=7 size=41 src=worker:10 dst=client:1
event=hand_send ts_ns=19975057 id=325 clt=1 wrkr=10 slot=7 size=10 src=client:1 dst=worker:10
event=resp_recv_ud ts_ns=20000728 id=326 clt=1 wrkr=1 slot=9 size=41 src=worker:1 dst=client:1
event=hand_send ts_ns=20009375 id=326 clt=1 wrkr=1 slot=9 size=10 src=client:1 dst=worker:1
event=resp_rdma_read ts_ns=20046313 id=300 start_ns=18321678 dur_ns=1724635 clt=1 wrkr=2 slot=7 size=665608 src=worker:2 dst=client:1
event=req_send ts_ns=20046313 id=328 clt=1 wrkr=1 slot=10 size=17 src=client:1 dst=worker:1
event=resp_rdma_read ts_ns=20091265 id=301 start_ns=18416192 dur_ns=1675073 clt=1 wrkr=1 slot=8 size=665608 src=worker:1 dst=client:1
event=req_send ts_ns=20091265 id=330 clt=1 wrkr=9 slot=2 size=17 src=client:1 dst=worker:9
event=resp_recv_ud ts_ns=20095338 id=328 clt=1 wrkr=1 slot=10 size=41 src=worker:1 dst=client:1
event=hand_send ts_ns=20103985 id=328 clt=1 wrkr=1 slot=10 size=10 src=client:1 dst=worker:1
event=resp_recv_ud ts_ns=20156010 id=330 clt=1 wrkr=9 slot=2 size=41 src=worker:9 dst=client:1
event=hand_send ts_ns=20164657 id=330 clt=1 wrkr=9 slot=2 size=10 src=client:1 dst=worker:9
event=resp_rdma_read ts_ns=20232338 id=292 start_ns=18013754 dur_ns=2218584 clt=1 wrkr=9 slot=1 size=665608 src=worker:9 dst=client:1
event=req_send ts_ns=20232338 id=334 clt=1 wrkr=0 slot=8 size=17 src=client:1 dst=worker:0
event=resp_rdma_read ts_ns=20233424 id=288 start_ns=17636376 dur_ns=2597048 clt=1 wrkr=3 slot=6 size=665608 src=worker:3 dst=client:1
event=req_send ts_ns=20233424 id=335 clt=1 wrkr=5 slot=8 size=17 src=client:1 dst=worker:5
event=resp_rdma_read ts_ns=20263012 id=296 start_ns=18100850 dur_ns=2162162 clt=1 wrkr=10 slot=6 size=665608 src=worker:10 dst=client:1
event=req_send ts_ns=20263012 id=336 clt=1 wrkr=8 slot=8 size=17 src=client:1 dst=worker:8
event=resp_recv_ud ts_ns=20298819 id=334 clt=1 wrkr=0 slot=8 size=41 src=worker:0 dst=client:1
event=resp_recv_ud ts_ns=20299711 id=335 clt=1 wrkr=5 slot=8 size=41 src=worker:5 dst=client:1
event=hand_send ts_ns=20307466 id=334 clt=1 wrkr=0 slot=8 size=10 src=client:1 dst=worker:0
event=hand_send ts_ns=20308358 id=335 clt=1 wrkr=5 slot=8 size=10 src=client:1 dst=worker:5
event=resp_recv_ud ts_ns=20326442 id=336 clt=1 wrkr=8 slot=8 size=41 src=worker:8 dst=client:1
event=hand_send ts_ns=20335089 id=336 clt=1 wrkr=8 slot=8 size=10 src=client:1 dst=worker:8
event=resp_rdma_read ts_ns=21258728 id=309 start_ns=19104622 dur_ns=2154106 clt=1 wrkr=0 slot=7 size=665608 src=worker:0 dst=client:1
event=req_send ts_ns=21258728 id=348 clt=1 wrkr=8 slot=9 size=17 src=client:1 dst=worker:8
event=resp_recv_ud ts_ns=21309132 id=348 clt=1 wrkr=8 slot=9 size=41 src=worker:8 dst=client:1
event=hand_send ts_ns=21317779 id=348 clt=1 wrkr=8 slot=9 size=10 src=client:1 dst=worker:8
event=resp_rdma_read ts_ns=21578384 id=324 start_ns=19857200 dur_ns=1721184 clt=1 wrkr=7 slot=4 size=665608 src=worker:7 dst=client:1
event=req_send ts_ns=21578384 id=351 clt=1 wrkr=9 slot=3 size=17 src=client:1 dst=worker:9
event=resp_recv_ud ts_ns=21631567 id=351 clt=1 wrkr=9 slot=3 size=41 src=worker:9 dst=client:1
event=hand_send ts_ns=21640214 id=351 clt=1 wrkr=9 slot=3 size=10 src=client:1 dst=worker:9
event=resp_rdma_read ts_ns=21794551 id=317 start_ns=19587650 dur_ns=2206901 clt=1 wrkr=5 slot=6 size=665608 src=worker:5 dst=client:1
event=req_send ts_ns=21794551 id=355 clt=1 wrkr=8 slot=10 size=17 src=client:1 dst=worker:8
event=resp_rdma_read ts_ns=21803880 id=322 start_ns=19764554 dur_ns=2039326 clt=1 wrkr=11 slot=11 size=665608 src=worker:11 dst=client:1
event=req_send ts_ns=21803880 id=357 clt=1 wrkr=1 slot=11 size=17 src=client:1 dst=worker:1
event=resp_rdma_read ts_ns=21841920 id=326 start_ns=20009375 dur_ns=1832545 clt=1 wrkr=1 slot=9 size=665608 src=worker:1 dst=client:1
event=req_send ts_ns=21841920 id=358 clt=1 wrkr=4 slot=9 size=17 src=client:1 dst=worker:4
event=resp_recv_ud ts_ns=21848279 id=355 clt=1 wrkr=8 slot=10 size=41 src=worker:8 dst=client:1
event=hand_send ts_ns=21856926 id=355 clt=1 wrkr=8 slot=10 size=10 src=client:1 dst=worker:8
event=resp_recv_ud ts_ns=21861806 id=357 clt=1 wrkr=1 slot=11 size=41 src=worker:1 dst=client:1
event=hand_send ts_ns=21870453 id=357 clt=1 wrkr=1 slot=11 size=10 src=client:1 dst=worker:1
event=resp_recv_ud ts_ns=21899875 id=358 clt=1 wrkr=4 slot=9 size=41 src=worker:4 dst=client:1
event=hand_send ts_ns=21908522 id=358 clt=1 wrkr=4 slot=9 size=10 src=client:1 dst=worker:4
event=resp_rdma_read ts_ns=22193075 id=323 start_ns=19775850 dur_ns=2417225 clt=1 wrkr=5 slot=7 size=665608 src=worker:5 dst=client:1
event=req_send ts_ns=22193075 id=361 clt=1 wrkr=8 slot=11 size=17 src=client:1 dst=worker:8
event=resp_rdma_read ts_ns=22202213 id=336 start_ns=20335089 dur_ns=1867124 clt=1 wrkr=8 slot=8 size=665608 src=worker:8 dst=client:1
event=req_send ts_ns=22202213 id=362 clt=1 wrkr=1 slot=0 size=17 src=client:1 dst=worker:1
event=resp_rdma_read ts_ns=22228038 id=325 start_ns=19975057 dur_ns=2252981 clt=1 wrkr=10 slot=7 size=665608 src=worker:10 dst=client:1
event=req_send ts_ns=22228038 id=363 clt=1 wrkr=6 slot=10 size=17 src=client:1 dst=worker:6
event=resp_recv_ud ts_ns=22232533 id=361 clt=1 wrkr=8 slot=11 size=41 src=worker:8 dst=client:1
event=hand_send ts_ns=22241180 id=361 clt=1 wrkr=8 slot=11 size=10 src=client:1 dst=worker:8
event=resp_recv_ud ts_ns=22262544 id=362 clt=1 wrkr=1 slot=0 size=41 src=worker:1 dst=client:1
event=hand_send ts_ns=22271191 id=362 clt=1 wrkr=1 slot=0 size=10 src=client:1 dst=worker:1
event=resp_recv_ud ts_ns=22281208 id=363 clt=1 wrkr=6 slot=10 size=41 src=worker:6 dst=client:1
event=hand_send ts_ns=22289855 id=363 clt=1 wrkr=6 slot=10 size=10 src=client:1 dst=worker:6
event=resp_rdma_read ts_ns=22331722 id=330 start_ns=20164657 dur_ns=2167065 clt=1 wrkr=9 slot=2 size=665608 src=worker:9 dst=client:1
event=req_send ts_ns=22331722 id=365 clt=1 wrkr=5 slot=9 size=17 src=client:1 dst=worker:5
event=resp_recv_ud ts_ns=22391907 id=365 clt=1 wrkr=5 slot=9 size=41 src=worker:5 dst=client:1
event=hand_send ts_ns=22400554 id=365 clt=1 wrkr=5 slot=9 size=10 src=client:1 dst=worker:5
event=resp_rdma_read ts_ns=22647677 id=328 start_ns=20103985 dur_ns=2543692 clt=1 wrkr=1 slot=10 size=665608 src=worker:1 dst=client:1
event=req_send ts_ns=22647677 id=372 clt=1 wrkr=7 slot=5 size=17 src=client:1 dst=worker:7
event=resp_recv_ud ts_ns=22706891 id=372 clt=1 wrkr=7 slot=5 size=41 src=worker:7 dst=client:1
event=hand_send ts_ns=22715538 id=372 clt=1 wrkr=7 slot=5 size=10 src=client:1 dst=worker:7
event=resp_rdma_read ts_ns=23152908 id=348 start_ns=21317779 dur_ns=1835129 clt=1 wrkr=8 slot=9 size=665608 src=worker:8 dst=client:1
event=req_send ts_ns=23152908 id=378 clt=1 wrkr=1 slot=1 size=17 src=client:1 dst=worker:1
event=resp_recv_ud ts_ns=23201117 id=378 clt=1 wrkr=1 slot=1 size=41 src=worker:1 dst=client:1
event=hand_send ts_ns=23209764 id=378 clt=1 wrkr=1 slot=1 size=10 src=client:1 dst=worker:1
event=resp_rdma_read ts_ns=23402680 id=335 start_ns=20308358 dur_ns=3094322 clt=1 wrkr=5 slot=8 size=665608 src=worker:5 dst=client:1
event=req_send ts_ns=23402680 id=383 clt=1 wrkr=8 slot=0 size=17 src=client:1 dst=worker:8
event=resp_rdma_read ts_ns=23403593 id=351 start_ns=21640214 dur_ns=1763379 clt=1 wrkr=9 slot=3 size=665608 src=worker:9 dst=client:1
event=req_send ts_ns=23403593 id=384 clt=1 wrkr=3 slot=7 size=17 src=client:1 dst=worker:3
event=resp_rdma_read ts_ns=23416005 id=334 start_ns=20307466 dur_ns=3108539 clt=1 wrkr=0 slot=8 size=665608 src=worker:0 dst=client:1
event=req_send ts_ns=23416005 id=386 clt=1 wrkr=11 slot=0 size=17 src=client:1 dst=worker:11
event=resp_recv_ud ts_ns=23456435 id=383 clt=1 wrkr=8 slot=0 size=41 src=worker:8 dst=client:1
event=resp_recv_ud ts_ns=23462286 id=384 clt=1 wrkr=3 slot=7 size=41 src=worker:3 dst=client:1
event=hand_send ts_ns=23465082 id=383 clt=1 wrkr=8 slot=0 size=10 src=client:1 dst=worker:8
event=hand_send ts_ns=23470933 id=384 clt=1 wrkr=3 slot=7 size=10 src=client:1 dst=worker:3
event=resp_recv_ud ts_ns=23474953 id=386 clt=1 wrkr=11 slot=0 size=41 src=worker:11 dst=client:1
event=hand_send ts_ns=23483600 id=386 clt=1 wrkr=11 slot=0 size=10 src=client:1 dst=worker:11
event=resp_rdma_read ts_ns=23499260 id=358 start_ns=21908522 dur_ns=1590738 clt=1 wrkr=4 slot=9 size=665608 src=worker:4 dst=client:1
event=req_send ts_ns=23499260 id=388 clt=1 wrkr=9 slot=4 size=17 src=client:1 dst=worker:9
event=resp_recv_ud ts_ns=23552844 id=388 clt=1 wrkr=9 slot=4 size=41 src=worker:9 dst=client:1
event=hand_send ts_ns=23561491 id=388 clt=1 wrkr=9 slot=4 size=10 src=client:1 dst=worker:9
event=resp_rdma_read ts_ns=24036354 id=355 start_ns=21856926 dur_ns=2179428 clt=1 wrkr=8 slot=10 size=665608 src=worker:8 dst=client:1
event=req_send ts_ns=24036354 id=396 clt=1 wrkr=11 slot=1 size=17 src=client:1 dst=worker:11
event=resp_rdma_read ts_ns=24055535 id=357 start_ns=21870453 dur_ns=2185082 clt=1 wrkr=1 slot=11 size=665608 src=worker:1 dst=client:1
event=req_send ts_ns=24055535 id=397 clt=1 wrkr=4 slot=10 size=17 src=client:1 dst=worker:4
event=resp_recv_ud ts_ns=24095181 id=396 clt=1 wrkr=11 slot=1 size=41 src=worker:11 dst=client:1
event=hand_send ts_ns=24103828 id=396 clt=1 wrkr=11 slot=1 size=10 src=client:1 dst=worker:11
event=resp_recv_ud ts_ns=24110129 id=397 clt=1 wrkr=4 slot=10 size=41 src=worker:4 dst=client:1
event=hand_send ts_ns=24118776 id=397 clt=1 wrkr=4 slot=10 size=10 src=client:1 dst=worker:4
event=resp_rdma_read ts_ns=24146389 id=363 start_ns=22289855 dur_ns=1856534 clt=1 wrkr=6 slot=10 size=665608 src=worker:6 dst=client:1
event=req_send ts_ns=24146389 id=398 clt=1 wrkr=7 slot=6 size=17 src=client:1 dst=worker:7
event=resp_recv_ud ts_ns=24191829 id=398 clt=1 wrkr=7 slot=6 size=41 src=worker:7 dst=client:1
event=hand_send ts_ns=24200476 id=398 clt=1 wrkr=7 slot=6 size=10 src=client:1 dst=worker:7
event=resp_rdma_read ts_ns=24281539 id=365 start_ns=22400554 dur_ns=1880985 clt=1 wrkr=5 slot=9 size=665608 src=worker:5 dst=client:1
event=req_send ts_ns=24281539 id=399 clt=1 wrkr=0 slot=9 size=17 src=client:1 dst=worker:0
event=resp_recv_ud ts_ns=24318178 id=399 clt=1 wrkr=0 slot=9 size=41 src=worker:0 dst=client:1
event=hand_send ts_ns=24326825 id=399 clt=1 wrkr=0 slot=9 size=10 src=client:1 dst=worker:0
event=resp_rdma_read ts_ns=24429188 id=361 start_ns=22241180 dur_ns=2188008 clt=1 wrkr=8 slot=11 size=665608 src=worker:8 dst=client:1
event=req_send ts_ns=24429188 id=403 clt=1 wrkr=5 slot=10 size=17 src=client:1 dst=worker:5
event=resp_rdma_read ts_ns=24449631 id=362 start_ns=22271191 dur_ns=2178440 clt=1 wrkr=1 slot=0 size=665608 src=worker:1 dst=client:1
event=req_send ts_ns=24449631 id=404 clt=1 wrkr=9 slot=5 size=17 src=client:1 dst=worker:9
event=resp_recv_ud ts_ns=24487555 id=403 clt=1 wrkr=5 slot=10 size=41 src=worker:5 dst=client:1
event=hand_send ts_ns=24496202 id=403 clt=1 wrkr=5 slot=10 size=10 src=client:1 dst=worker:5
event=resp_recv_ud ts_ns=24504874 id=404 clt=1 wrkr=9 slot=5 size=41 src=worker:9 dst=client:1
event=hand_send ts_ns=24513521 id=404 clt=1 wrkr=9 slot=5 size=10 src=client:1 dst=worker:9
event=resp_rdma_read ts_ns=25011216 id=372 start_ns=22715538 dur_ns=2295678 clt=1 wrkr=7 slot=5 size=665608 src=worker:7 dst=client:1
event=req_send ts_ns=25011216 id=411 clt=1 wrkr=2 slot=8 size=17 src=client:1 dst=worker:2
event=resp_recv_ud ts_ns=25061892 id=411 clt=1 wrkr=2 slot=8 size=41 src=worker:2 dst=client:1
event=hand_send ts_ns=25070539 id=411 clt=1 wrkr=2 slot=8 size=10 src=client:1 dst=worker:2
event=resp_rdma_read ts_ns=25413330 id=378 start_ns=23209764 dur_ns=2203566 clt=1 wrkr=1 slot=1 size=665608 src=worker:1 dst=client:1
event=req_send ts_ns=25413330 id=417 clt=1 wrkr=1 slot=2 size=17 src=client:1 dst=worker:1
event=resp_recv_ud ts_ns=25458662 id=417 clt=1 wrkr=1 slot=2 size=41 src=worker:1 dst=client:1
event=hand_send ts_ns=25467309 id=417 clt=1 wrkr=1 slot=2 size=10 src=client:1 dst=worker:1
event=resp_rdma_read ts_ns=25506838 id=388 start_ns=23561491 dur_ns=1945347 clt=1 wrkr=9 slot=4 size=665608 src=worker:9 dst=client:1
event=req_send ts_ns=25506838 id=419 clt=1 wrkr=9 slot=6 size=17 src=client:1 dst=worker:9
event=resp_recv_ud ts_ns=25552292 id=419 clt=1 wrkr=9 slot=6 size=41 src=worker:9 dst=client:1
event=hand_send ts_ns=25560939 id=419 clt=1 wrkr=9 slot=6 size=10 src=client:1 dst=worker:9
event=resp_rdma_read ts_ns=25669090 id=383 start_ns=23465082 dur_ns=2204008 clt=1 wrkr=8 slot=0 size=665608 src=worker:8 dst=client:1
event=req_send ts_ns=25669090 id=421 clt=1 wrkr=4 slot=11 size=17 src=client:1 dst=worker:4
event=resp_rdma_read ts_ns=25677164 id=384 start_ns=23470933 dur_ns=2206231 clt=1 wrkr=3 slot=7 size=665608 src=worker:3 dst=client:1
event=req_send ts_ns=25677164 id=422 clt=1 wrkr=1 slot=3 size=17 src=client:1 dst=worker:1
event=resp_recv_ud ts_ns=25724261 id=421 clt=1 wrkr=4 slot=11 size=41 src=worker:4 dst=client:1
event=resp_rdma_read ts_ns=25728289 id=386 start_ns=23483600 dur_ns=2244689 clt=1 wrkr=11 slot=0 size=665608 src=worker:11 dst=client:1
event=req_send ts_ns=25728289 id=423 clt=1 wrkr=4 slot=0 size=17 src=client:1 dst=worker:4
event=hand_send ts_ns=25732908 id=421 clt=1 wrkr=4 slot=11 size=10 src=client:1 dst=worker:4
event=resp_recv_ud ts_ns=25737388 id=422 clt=1 wrkr=1 slot=3 size=41 src=worker:1 dst=client:1
event=hand_send ts_ns=25746035 id=422 clt=1 wrkr=1 slot=3 size=10 src=client:1 dst=worker:1
event=resp_recv_ud ts_ns=25787585 id=423 clt=1 wrkr=4 slot=0 size=41 src=worker:4 dst=client:1
event=hand_send ts_ns=25796232 id=423 clt=1 wrkr=4 slot=0 size=10 src=client:1 dst=worker:4
event=resp_rdma_read ts_ns=25810913 id=398 start_ns=24200476 dur_ns=1610437 clt=1 wrkr=7 slot=6 size=665608 src=worker:7 dst=client:1
event=req_send ts_ns=25810913 id=425 clt=1 wrkr=10 slot=8 size=17 src=client:1 dst=worker:10
event=resp_recv_ud ts_ns=25868965 id=425 clt=1 wrkr=10 slot=8 size=41 src=worker:10 dst=client:1
event=hand_send ts_ns=25877612 id=425 clt=1 wrkr=10 slot=8 size=10 src=client:1 dst=worker:10
event=resp_rdma_read ts_ns=26027264 id=397 start_ns=24118776 dur_ns=1908488 clt=1 wrkr=4 slot=10 size=665608 src=worker:4 dst=client:1
event=req_send ts_ns=26027264 id=427 clt=1 wrkr=4 slot=1 size=17 src=client:1 dst=worker:4
event=resp_recv_ud ts_ns=26067911 id=427 clt=1 wrkr=4 slot=1 size=41 src=worker:4 dst=client:1
event=hand_send ts_ns=26076558 id=427 clt=1 wrkr=4 slot=1 size=10 src=client:1 dst=worker:4
event=resp_rdma_read ts_ns=26128199 id=396 start_ns=24103828 dur_ns=2024371 clt=1 wrkr=11 slot=1 size=665608 src=worker:11 dst=client:1
event=req_send ts_ns=26128199 id=429 clt=1 wrkr=2 slot=9 size=17 src=client:1 dst=worker:2
event=resp_recv_ud ts_ns=26188367 id=429 clt=1 wrkr=2 slot=9 size=41 src=worker:2 dst=client:1
event=hand_send ts_ns=26197014 id=429 clt=1 wrkr=2 slot=9 size=10 src=client:1 dst=worker:2
event=resp_rdma_read ts_ns=26253981 id=399 start_ns=24326825 dur_ns=1927156 clt=1 wrkr=0 slot=9 size=665608 src=worker:0 dst=client:1
event=req_send ts_ns=26253981 id=434 clt=1 wrkr=3 slot=8 size=17 src=client:1 dst=worker:3
event=resp_recv_ud ts_ns=26315134 id=434 clt=1 wrkr=3 slot=8 size=41 src=worker:3 dst=client:1
event=hand_send ts_ns=26323781 id=434 clt=1 wrkr=3 slot=8 size=10 src=client:1 dst=worker:3
event=resp_rdma_read ts_ns=26928306 id=404 start_ns=24513521 dur_ns=2414785 clt=1 wrkr=9 slot=5 size=665608 src=worker:9 dst=client:1
event=req_send ts_ns=26928306 id=445 clt=1 wrkr=5 slot=11 size=17 src=client:1 dst=worker:5
event=resp_rdma_read ts_ns=26937083 id=403 start_ns=24496202 dur_ns=2440881 clt=1 wrkr=5 slot=10 size=665608 src=worker:5 dst=client:1
event=req_send ts_ns=26937083 id=446 clt=1 wrkr=0 slot=10 size=17 src=client:1 dst=worker:0
event=resp_recv_ud ts_ns=26985199 id=445 clt=1 wrkr=5 slot=11 size=41 src=worker:5 dst=client:1
event=hand_send ts_ns=26993846 id=445 clt=1 wrkr=5 slot=11 size=10 src=client:1 dst=worker:5
event=resp_recv_ud ts_ns=26994270 id=446 clt=1 wrkr=0 slot=10 size=41 src=worker:0 dst=client:1
event=hand_send ts_ns=27002917 id=446 clt=1 wrkr=0 slot=10 size=10 src=client:1 dst=worker:0
event=resp_rdma_read ts_ns=27197750 id=411 start_ns=25070539 dur_ns=2127211 clt=1 wrkr=2 slot=8 size=665608 src=worker:2 dst=client:1
event=req_send ts_ns=27197750 id=448 clt=1 wrkr=10 slot=9 size=17 src=client:1 dst=worker:10
event=resp_rdma_read ts_ns=27205307 id=419 start_ns=25560939 dur_ns=1644368 clt=1 wrkr=9 slot=6 size=665608 src=worker:9 dst=client:1
event=req_send ts_ns=27205307 id=449 clt=1 wrkr=10 slot=10 size=17 src=client:1 dst=worker:10
event=resp_recv_ud ts_ns=27242315 id=448 clt=1 wrkr=10 slot=9 size=41 src=worker:10 dst=client:1
event=hand_send ts_ns=27250962 id=448 clt=1 wrkr=10 slot=9 size=10 src=client:1 dst=worker:10
event=resp_recv_ud ts_ns=27260234 id=449 clt=1 wrkr=10 slot=10 size=41 src=worker:10 dst=client:1
event=hand_send ts_ns=27268881 id=449 clt=1 wrkr=10 slot=10 size=10 src=client:1 dst=worker:10
event=resp_rdma_read ts_ns=27559472 id=417 start_ns=25467309 dur_ns=2092163 clt=1 wrkr=1 slot=2 size=665608 src=worker:1 dst=client:1
event=req_send ts_ns=27559472 id=453 clt=1 wrkr=5 slot=0 size=17 src=client:1 dst=worker:5
event=resp_recv_ud ts_ns=27597936 id=453 clt=1 wrkr=5 slot=0 size=41 src=worker:5 dst=client:1
event=hand_send ts_ns=27606583 id=453 clt=1 wrkr=5 slot=0 size=10 src=client:1 dst=worker:5
event=resp_rdma_read ts_ns=27767921 id=421 start_ns=25732908 dur_ns=2035013 clt=1 wrkr=4 slot=11 size=665608 src=worker:4 dst=client:1
event=req_send ts_ns=27767921 id=457 clt=1 wrkr=7 slot=7 size=17 src=client:1 dst=worker:7
event=resp_recv_ud ts_ns=27826403 id=457 clt=1 wrkr=7 slot=7 size=41 src=worker:7 dst=client:1
event=hand_send ts_ns=27835050 id=457 clt=1 wrkr=7 slot=7 size=10 src=client:1 dst=worker:7
event=resp_rdma_read ts_ns=27938215 id=423 start_ns=25796232 dur_ns=2141983 clt=1 wrkr=4 slot=0 size=665608 src=worker:4 dst=client:1
event=req_send ts_ns=27938215 id=459 clt=1 wrkr=2 slot=10 size=17 src=client:1 dst=worker:2
event=resp_rdma_read ts_ns=27947613 id=422 start_ns=25746035 dur_ns=2201578 clt=1 wrkr=1 slot=3 size=665608 src=worker:1 dst=client:1
event=req_send ts_ns=27947613 id=460 clt=1 wrkr=10 slot=11 size=17 src=client:1 dst=worker:10
event=resp_recv_ud ts_ns=27991048 id=459 clt=1 wrkr=2 slot=10 size=41 src=worker:2 dst=client:1
event=hand_send ts_ns=27999695 id=459 clt=1 wrkr=2 slot=10 size=10 src=client:1 dst=worker:2
event=resp_recv_ud ts_ns=28005006 id=460 clt=1 wrkr=10 slot=11 size=41 src=worker:10 dst=client:1
event=hand_send ts_ns=28013653 id=460 clt=1 wrkr=10 slot=11 size=10 src=client:1 dst=worker:10
event=resp_rdma_read ts_ns=28310324 id=425 start_ns=25877612 dur_ns=2432712 clt=1 wrkr=10 slot=8 size=665608 src=worker:10 dst=client:1
event=req_send ts_ns=28310324 id=463 clt=1 wrkr=4 slot=2 size=17 src=client:1 dst=worker:4
event=resp_rdma_read ts_ns=28339492 id=427 start_ns=26076558 dur_ns=2262934 clt=1 wrkr=4 slot=1 size=665608 src=worker:4 dst=client:1
event=req_send ts_ns=28339492 id=464 clt=1 wrkr=2 slot=11 size=17 src=client:1 dst=worker:2
event=resp_recv_ud ts_ns=28345965 id=463 clt=1 wrkr=4 slot=2 size=41 src=worker:4 dst=client:1
event=hand_send ts_ns=28354612 id=463 clt=1 wrkr=4 slot=2 size=10 src=client:1 dst=worker:4
event=resp_recv_ud ts_ns=28393389 id=464 clt=1 wrkr=2 slot=11 size=41 src=worker:2 dst=client:1
event=hand_send ts_ns=28402036 id=464 clt=1 wrkr=2 slot=11 size=10 src=client:1 dst=worker:2
event=resp_rdma_read ts_ns=28548593 id=429 start_ns=26197014 dur_ns=2351579 clt=1 wrkr=2 slot=9 size=665608 src=worker:2 dst=client:1
event=req_send ts_ns=28548593 id=469 clt=1 wrkr=5 slot=1 size=17 src=client:1 dst=worker:5
event=resp_recv_ud ts_ns=28605656 id=469 clt=1 wrkr=5 slot=1 size=41 src=worker:5 dst=client:1
event=hand_send ts_ns=28614303 id=469 clt=1 wrkr=5 slot=1 size=10 src=client:1 dst=worker:5
event=resp_rdma_read ts_ns=28694224 id=434 start_ns=26323781 dur_ns=2370443 clt=1 wrkr=3 slot=8 size=665608 src=worker:3 dst=client:1
event=req_send ts_ns=28694224 id=475 clt=1 wrkr=3 slot=9 size=17 src=client:1 dst=worker:3
event=resp_recv_ud ts_ns=28751883 id=475 clt=1 wrkr=3 slot=9 size=41 src=worker:3 dst=client:1
event=hand_send ts_ns=28760530 id=475 clt=1 wrkr=3 slot=9 size=10 src=client:1 dst=worker:3
event=resp_rdma_read ts_ns=28886231 id=446 start_ns=27002917 dur_ns=1883314 clt=1 wrkr=0 slot=10 size=665608 src=worker:0 dst=client:1
event=req_send ts_ns=28886231 id=476 clt=1 wrkr=1 slot=4 size=17 src=client:1 dst=worker:1
event=resp_recv_ud ts_ns=28923994 id=476 clt=1 wrkr=1 slot=4 size=41 src=worker:1 dst=client:1
event=hand_send ts_ns=28932641 id=476 clt=1 wrkr=1 slot=4 size=10 src=client:1 dst=worker:1
event=resp_rdma_read ts_ns=29011642 id=445 start_ns=26993846 dur_ns=2017796 clt=1 wrkr=5 slot=11 size=665608 src=worker:5 dst=client:1
event=req_send ts_ns=29011642 id=479 clt=1 wrkr=3 slot=10 size=17 src=client:1 dst=worker:3
event=resp_recv_ud ts_ns=29072454 id=479 clt=1 wrkr=3 slot=10 size=41 src=worker:3 dst=client:1
event=hand_send ts_ns=29081101 id=479 clt=1 wrkr=3 slot=10 size=10 src=client:1 dst=worker:3
event=resp_rdma_read ts_ns=29185589 id=449 start_ns=27268881 dur_ns=1916708 clt=1 wrkr=10 slot=10 size=665608 src=worker:10 dst=client:1
event=req_send ts_ns=29185589 id=485 clt=1 wrkr=0 slot=11 size=17 src=client:1 dst=worker:0
event=resp_recv_ud ts_ns=29251678 id=485 clt=1 wrkr=0 slot=11 size=41 src=worker:0 dst=client:1
event=hand_send ts_ns=29260325 id=485 clt=1 wrkr=0 slot=11 size=10 src=client:1 dst=worker:0
event=resp_rdma_read ts_ns=29400375 id=448 start_ns=27250962 dur_ns=2149413 clt=1 wrkr=10 slot=9 size=665608 src=worker:10 dst=client:1
event=req_send ts_ns=29400375 id=488 clt=1 wrkr=10 slot=0 size=17 src=client:1 dst=worker:10
event=resp_recv_ud ts_ns=29467621 id=488 clt=1 wrkr=10 slot=0 size=41 src=worker:10 dst=client:1
event=hand_send ts_ns=29476268 id=488 clt=1 wrkr=10 slot=0 size=10 src=client:1 dst=worker:10
event=resp_rdma_read ts_ns=29493384 id=457 start_ns=27835050 dur_ns=1658334 clt=1 wrkr=7 slot=7 size=665608 src=worker:7 dst=client:1
event=req_send ts_ns=29493384 id=490 clt=1 wrkr=10 slot=1 size=17 src=client:1 dst=worker:10
event=resp_recv_ud ts_ns=29557382 id=490 clt=1 wrkr=10 slot=1 size=41 src=worker:10 dst=client:1
event=hand_send ts_ns=29566029 id=490 clt=1 wrkr=10 slot=1 size=10 src=client:1 dst=worker:10
event=resp_rdma_read ts_ns=29726945 id=453 start_ns=27606583 dur_ns=2120362 clt=1 wrkr=5 slot=0 size=665608 src=worker:5 dst=client:1
event=req_send ts_ns=29726945 id=492 clt=1 wrkr=6 slot=11 size=17 src=client:1 dst=worker:6
event=resp_recv_ud ts_ns=29766188 id=492 clt=1 wrkr=6 slot=11 size=41 src=worker:6 dst=client:1
event=hand_send ts_ns=29774835 id=492 clt=1 wrkr=6 slot=11 size=10 src=client:1 dst=worker:6
event=resp_rdma_read ts_ns=29835929 id=460 start_ns=28013653 dur_ns=1822276 clt=1 wrkr=10 slot=11 size=665608 src=worker:10 dst=client:1
event=req_send ts_ns=29835929 id=493 clt=1 wrkr=11 slot=2 size=17 src=client:1 dst=worker:11
event=resp_recv_ud ts_ns=29877298 id=493 clt=1 wrkr=11 slot=2 size=41 src=worker:11 dst=client:1
event=hand_send ts_ns=29885945 id=493 clt=1 wrkr=11 slot=2 size=10 src=client:1 dst=worker:11
event=resp_rdma_read ts_ns=30050325 id=464 start_ns=28402036 dur_ns=1648289 clt=1 wrkr=2 slot=11 size=665608 src=worker:2 dst=client:1
event=req_send ts_ns=30050325 id=496 clt=1 wrkr=5 slot=2 size=17 src=client:1 dst=worker:5
event=resp_rdma_read ts_ns=30052321 id=459 start_ns=27999695 dur_ns=2052626 clt=1 wrkr=2 slot=10 size=665608 src=worker:2 dst=client:1
event=req_send ts_ns=30052321 id=497 clt=1 wrkr=10 slot=2 size=17 src=client:1 dst=worker:10
event=resp_recv_ud ts_ns=30088290 id=496 clt=1 wrkr=5 slot=2 size=41 src=worker:5 dst=client:1
event=hand_send ts_ns=30096937 id=496 clt=1 wrkr=5 slot=2 size=10 src=client:1 dst=worker:5
event=resp_recv_ud ts_ns=30104446 id=497 clt=1 wrkr=10 slot=2 size=41 src=worker:10 dst=client:1
event=hand_send ts_ns=30113093 id=497 clt=1 wrkr=10 slot=2 size=10 src=client:1 dst=worker:10
event=resp_rdma_read ts_ns=30504820 id=463 start_ns=28354612 dur_ns=2150208 clt=1 wrkr=4 slot=2 size=665608 src=worker:4 dst=client:1
event=req_send ts_ns=30504820 id=501 clt=1 wrkr=2 slot=0 size=17 src=client:1 dst=worker:2
event=resp_recv_ud ts_ns=30563610 id=501 clt=1 wrkr=2 slot=0 size=41 src=worker:2 dst=client:1
event=hand_send ts_ns=30572257 id=501 clt=1 wrkr=2 slot=0 size=10 src=client:1 dst=worker:2
event=resp_rdma_read ts_ns=30792017 id=469 start_ns=28614303 dur_ns=2177714 clt=1 wrkr=5 slot=1 size=665608 src=worker:5 dst=client:1
event=req_send ts_ns=30792017 id=507 clt=1 wrkr=4 slot=3 size=17 src=client:1 dst=worker:4
event=resp_rdma_read ts_ns=30827434 id=475 start_ns=28760530 dur_ns=2066904 clt=1 wrkr=3 slot=9 size=665608 src=worker:3 dst=client:1
event=req_send ts_ns=30827434 id=508 clt=1 wrkr=1 slot=5 size=17 src=client:1 dst=worker:1
event=resp_recv_ud ts_ns=30849886 id=507 clt=1 wrkr=4 slot=3 size=41 src=worker:4 dst=client:1
event=hand_send ts_ns=30858533 id=507 clt=1 wrkr=4 slot=3 size=10 src=client:1 dst=worker:4
event=resp_recv_ud ts_ns=30884796 id=508 clt=1 wrkr=1 slot=5 size=41 src=worker:1 dst=client:1
event=hand_send ts_ns=30893443 id=508 clt=1 wrkr=1 slot=5 size=10 src=client:1 dst=worker:1
event=resp_rdma_read ts_ns=31168796 id=476 start_ns=28932641 dur_ns=2236155 clt=1 wrkr=1 slot=4 size=665608 src=worker:1 dst=client:1
event=req_send ts_ns=31168796 id=512 clt=1 wrkr=3 slot=11 size=17 src=client:1 dst=worker:3
event=resp_recv_ud ts_ns=31207924 id=512 clt=1 wrkr=3 slot=11 size=41 src=worker:3 dst=client:1
event=hand_send ts_ns=31216571 id=512 clt=1 wrkr=3 slot=11 size=10 src=client:1 dst=worker:3
event=resp_rdma_read ts_ns=31536970 id=479 start_ns=29081101 dur_ns=2455869 clt=1 wrkr=3 slot=10 size=665608 src=worker:3 dst=client:1
event=req_send ts_ns=31536970 id=518 clt=1 wrkr=10 slot=3 size=17 src=client:1 dst=worker:10
event=resp_recv_ud ts_ns=31597784 id=518 clt=1 wrkr=10 slot=3 size=41 src=worker:10 dst=client:1
event=hand_send ts_ns=31606431 id=518 clt=1 wrkr=10 slot=3 size=10 src=client:1 dst=worker:10
event=resp_rdma_read ts_ns=31762946 id=492 start_ns=29774835 dur_ns=1988111 clt=1 wrkr=6 slot=11 size=665608 src=worker:6 dst=client:1
event=req_send ts_ns=31762946 id=522 clt=1 wrkr=11 slot=3 size=17 src=client:1 dst=worker:11
event=resp_recv_ud ts_ns=31808295 id=522 clt=1 wrkr=11 slot=3 size=41 src=worker:11 dst=client:1
event=hand_send ts_ns=31816942 id=522 clt=1 wrkr=11 slot=3 size=10 src=client:1 dst=worker:11
event=resp_rdma_read ts_ns=31855245 id=488 start_ns=29476268 dur_ns=2378977 clt=1 wrkr=10 slot=0 size=665608 src=worker:10 dst=client:1
event=req_send ts_ns=31855245 id=523 clt=1 wrkr=6 slot=0 size=17 src=client:1 dst=worker:6
event=resp_recv_ud ts_ns=31912917 id=523 clt=1 wrkr=6 slot=0 size=41 src=worker:6 dst=client:1
event=hand_send ts_ns=31921564 id=523 clt=1 wrkr=6 slot=0 size=10 src=client:1 dst=worker:6
event=resp_rdma_read ts_ns=31922552 id=493 start_ns=29885945 dur_ns=2036607 clt=1 wrkr=11 slot=2 size=665608 src=worker:11 dst=client:1
event=req_send ts_ns=31922552 id=529 clt=1 wrkr=8 slot=1 size=17 src=client:1 dst=worker:8
event=resp_rdma_read ts_ns=31923619 id=490 start_ns=29566029 dur_ns=2357590 clt=1 wrkr=10 slot=1 size=665608 src=worker:10 dst=client:1
event=req_send ts_ns=31923619 id=530 clt=1 wrkr=2 slot=1 size=17 src=client:1 dst=worker:2
event=resp_recv_ud ts_ns=31981657 id=529 clt=1 wrkr=8 slot=1 size=41 src=worker:8 dst=client:1
event=resp_recv_ud ts_ns=31982825 id=530 clt=1 wrkr=2 slot=1 size=41 src=worker:2 dst=client:1
event=hand_send ts_ns=31990304 id=529 clt=1 wrkr=8 slot=1 size=10 src=client:1 dst=worker:8
event=hand_send ts_ns=31991472 id=530 clt=1 wrkr=2 slot=1 size=10 src=client:1 dst=worker:2
event=resp_rdma_read ts_ns=32110017 id=496 start_ns=30096937 dur_ns=2013080 clt=1 wrkr=5 slot=2 size=665608 src=worker:5 dst=client:1
event=req_send ts_ns=32110017 id=532 clt=1 wrkr=9 slot=7 size=17 src=client:1 dst=worker:9
event=resp_rdma_read ts_ns=32118126 id=485 start_ns=29260325 dur_ns=2857801 clt=1 wrkr=0 slot=11 size=665608 src=worker:0 dst=client:1
event=req_send ts_ns=32118126 id=533 clt=1 wrkr=10 slot=4 size=17 src=client:1 dst=worker:10
event=resp_recv_ud ts_ns=32160314 id=532 clt=1 wrkr=9 slot=7 size=41 src=worker:9 dst=client:1
event=hand_send ts_ns=32168961 id=532 clt=1 wrkr=9 slot=7 size=10 src=client:1 dst=worker:9
event=resp_recv_ud ts_ns=32180032 id=533 clt=1 wrkr=10 slot=4 size=41 src=worker:10 dst=client:1
event=hand_send ts_ns=32188679 id=533 clt=1 wrkr=10 slot=4 size=10 src=client:1 dst=worker:10
event=resp_rdma_read ts_ns=32201110 id=497 start_ns=30113093 dur_ns=2088017 clt=1 wrkr=10 slot=2 size=665608 src=worker:10 dst=client:1
event=req_send ts_ns=32201110 id=534 clt=1 wrkr=1 slot=6 size=17 src=client:1 dst=worker:1
event=resp_recv_ud ts_ns=32260165 id=534 clt=1 wrkr=1 slot=6 size=41 src=worker:1 dst=client:1
event=hand_send ts_ns=32268812 id=534 clt=1 wrkr=1 slot=6 size=10 src=client:1 dst=worker:1
event=resp_rdma_read ts_ns=32423222 id=501 start_ns=30572257 dur_ns=1850965 clt=1 wrkr=2 slot=0 size=665608 src=worker:2 dst=client:1
event=req_send ts_ns=32423222 id=536 clt=1 wrkr=2 slot=2 size=17 src=client:1 dst=worker:2
event=resp_rdma_read ts_ns=32439070 id=508 start_ns=30893443 dur_ns=1545627 clt=1 wrkr=1 slot=5 size=665608 src=worker:1 dst=client:1
event=req_send ts_ns=32439070 id=537 clt=1 wrkr=9 slot=8 size=17 src=client:1 dst=worker:9
event=resp_recv_ud ts_ns=32463530 id=536 clt=1 wrkr=2 slot=2 size=41 src=worker:2 dst=client:1
event=hand_send ts_ns=32472177 id=536 clt=1 wrkr=2 slot=2 size=10 src=client:1 dst=worker:2
event=resp_recv_ud ts_ns=32503829 id=537 clt=1 wrkr=9 slot=8 size=41 src=worker:9 dst=client:1
event=hand_send ts_ns=32512476 id=537 clt=1 wrkr=9 slot=8 size=10 src=client:1 dst=worker:9
event=resp_rdma_read ts_ns=33029177 id=507 start_ns=30858533 dur_ns=2170644 clt=1 wrkr=4 slot=3 size=665608 src=worker:4 dst=client:1
event=req_send ts_ns=33029177 id=546 clt=1 wrkr=6 slot=1 size=17 src=client:1 dst=worker:6
event=resp_recv_ud ts_ns=33084902 id=546 clt=1 wrkr=6 slot=1 size=41 src=worker:6 dst=client:1
event=hand_send ts_ns=33093549 id=546 clt=1 wrkr=6 slot=1 size=10 src=client:1 dst=worker:6
event=resp_rdma_read ts_ns=33414143 id=512 start_ns=31216571 dur_ns=2197572 clt=1 wrkr=3 slot=11 size=665608 src=worker:3 dst=client:1
event=req_send ts_ns=33414143 id=552 clt=1 wrkr=5 slot=3 size=17 src=client:1 dst=worker:5
event=resp_rdma_read ts_ns=33431886 id=522 start_ns=31816942 dur_ns=1614944 clt=1 wrkr=11 slot=3 size=665608 src=worker:11 dst=client:1
event=req_send ts_ns=33431886 id=553 clt=1 wrkr=5 slot=4 size=17 src=client:1 dst=worker:5
event=resp_recv_ud ts_ns=33472643 id=552 clt=1 wrkr=5 slot=3 size=41 src=worker:5 dst=client:1
event=hand_send ts_ns=33481290 id=552 clt=1 wrkr=5 slot=3 size=10 src=client:1 dst=worker:5
event=resp_recv_ud ts_ns=33487435 id=553 clt=1 wrkr=5 slot=4 size=41 src=worker:5 dst=client:1
event=hand_send ts_ns=33496082 id=553 clt=1 wrkr=5 slot=4 size=10 src=client:1 dst=worker:5
event=resp_rdma_read ts_ns=33797306 id=518 start_ns=31606431 dur_ns=2190875 clt=1 wrkr=10 slot=3 size=665608 src=worker:10 dst=client:1
event=req_send ts_ns=33797306 id=556 clt=1 wrkr=10 slot=5 size=17 src=client:1 dst=worker:10
event=resp_recv_ud ts_ns=33834009 id=556 clt=1 wrkr=10 slot=5 size=41 src=worker:10 dst=client:1
event=hand_send ts_ns=33842656 id=556 clt=1 wrkr=10 slot=5 size=10 src=client:1 dst=worker:10
event=resp_rdma_read ts_ns=34163094 id=523 start_ns=31921564 dur_ns=2241530 clt=1 wrkr=6 slot=0 size=665608 src=worker:6 dst=client:1
event=req_send ts_ns=34163094 id=562 clt=1 wrkr=10 slot=6 size=17 src=client:1 dst=worker:10
event=resp_rdma_read ts_ns=34172975 id=529 start_ns=31990304 dur_ns=2182671 clt=1 wrkr=8 slot=1 size=665608 src=worker:8 dst=client:1
event=req_send ts_ns=34172975 id=563 clt=1 wrkr=8 slot=2 size=17 src=client:1 dst=worker:8
event=resp_recv_ud ts_ns=34211646 id=563 clt=1 wrkr=8 slot=2 size=41 src=worker:8 dst=client:1
event=resp_recv_ud ts_ns=34218248 id=562 clt=1 wrkr=10 slot=6 size=41 src=worker:10 dst=client:1
event=hand_send ts_ns=34220293 id=563 clt=1 wrkr=8 slot=2 size=10 src=client:1 dst=worker:8
event=hand_send ts_ns=34226895 id=562 clt=1 wrkr=10 slot=6 size=10 src=client:1 dst=worker:10
event=resp_rdma_read ts_ns=34420442 id=530 start_ns=31991472 dur_ns=2428970 clt=1 wrkr=2 slot=1 size=665608 src=worker:2 dst=client:1
event=req_send ts_ns=34420442 id=569 clt=1 wrkr=6 slot=2 size=17 src=client:1 dst=worker:6
event=resp_recv_ud ts_ns=34478527 id=569 clt=1 wrkr=6 slot=2 size=41 src=worker:6 dst=client:1
event=hand_send ts_ns=34487174 id=569 clt=1 wrkr=6 slot=2 size=10 src=client:1 dst=worker:6
event=resp_rdma_read ts_ns=34576185 id=532 start_ns=32168961 dur_ns=2407224 clt=1 wrkr=9 slot=7 size=665608 src=worker:9 dst=client:1
event=req_send ts_ns=34576185 id=570 clt=1 wrkr=5 slot=5 size=17 src=client:1 dst=worker:5
event=resp_rdma_read ts_ns=34592973 id=534 start_ns=32268812 dur_ns=2324161 clt=1 wrkr=1 slot=6 size=665608 src=worker:1 dst=client:1
event=req_send ts_ns=34592973 id=571 clt=1 wrkr=6 slot=3 size=17 src=client:1 dst=worker:6
event=resp_recv_ud ts_ns=34614395 id=570 clt=1 wrkr=5 slot=5 size=41 src=worker:5 dst=client:1
event=hand_send ts_ns=34623042 id=570 clt=1 wrkr=5 slot=5 size=10 src=client:1 dst=worker:5
event=resp_recv_ud ts_ns=34655498 id=571 clt=1 wrkr=6 slot=3 size=41 src=worker:6 dst=client:1
event=resp_rdma_read ts_ns=34663526 id=533 start_ns=32188679 dur_ns=2474847 clt=1 wrkr=10 slot=4 size=665608 src=worker:10 dst=client:1
event=req_send ts_ns=34663526 id=574 clt=1 wrkr=2 slot=3 size=17 src=client:1 dst=worker:2
event=hand_send ts_ns=34664145 id=571 clt=1 wrkr=6 slot=3 size=10 src=client:1 dst=worker:6
event=resp_recv_ud ts_ns=34725985 id=574 clt=1 wrkr=2 slot=3 size=41 src=worker:2 dst=client:1
event=resp_rdma_read ts_ns=34726982 id=536 start_ns=32472177 dur_ns=2254805 clt=1 wrkr=2 slot=2 size=665608 src=worker:2 dst=client:1
event=req_send ts_ns=34726982 id=576 clt=1 wrkr=8 slot=3 size=17 src=client:1 dst=worker:8
event=hand_send ts_ns=34734632 id=574 clt=1 wrkr=2 slot=3 size=10 src=client:1 dst=worker:2
event=resp_recv_ud ts_ns=34791676 id=576 clt=1 wrkr=8 slot=3 size=41 src=worker:8 dst=client:1
event=hand_send ts_ns=34800323 id=576 clt=1 wrkr=8 slot=3 size=10 src=client:1 dst=worker:8
event=resp_rdma_read ts_ns=34939812 id=537 start_ns=32512476 dur_ns=2427336 clt=1 wrkr=9 slot=8 size=665608 src=worker:9 dst=client:1
event=req_send ts_ns=34939812 id=579 clt=1 wrkr=10 slot=7 size=17 src=client:1 dst=worker:10
event=resp_rdma_read ts_ns=34970905 id=546 start_ns=33093549 dur_ns=1877356 clt=1 wrkr=6 slot=1 size=665608 src=worker:6 dst=client:1
event=req_send ts_ns=34970905 id=580 clt=1 wrkr=10 slot=8 size=17 src=client:1 dst=worker:10
event=resp_recv_ud ts_ns=35005836 id=579 clt=1 wrkr=10 slot=7 size=41 src=worker:10 dst=client:1
event=hand_send ts_ns=35014483 id=579 clt=1 wrkr=10 slot=7 size=10 src=client:1 dst=worker:10
event=resp_recv_ud ts_ns=35021831 id=580 clt=1 wrkr=10 slot=8 size=41 src=worker:10 dst=client:1
event=hand_send ts_ns=35030478 id=580 clt=1 wrkr=10 slot=8 size=10 src=client:1 dst=worker:10
event=resp_rdma_read ts_ns=35415578 id=553 start_ns=33496082 dur_ns=1919496 clt=1 wrkr=5 slot=4 size=665608 src=worker:5 dst=client:1
event=req_send ts_ns=35415578 id=586 clt=1 wrkr=5 slot=6 size=17 src=client:1 dst=worker:5
event=resp_recv_ud ts_ns=35460508 id=586 clt=1 wrkr=5 slot=6 size=41 src=worker:5 dst=client:1
event=hand_send ts_ns=35469155 id=586 clt=1 wrkr=5 slot=6 size=10 src=client:1 dst=worker:5
event=resp_rdma_read ts_ns=35626951 id=552 start_ns=33481290 dur_ns=2145661 clt=1 wrkr=5 slot=3 size=665608 src=worker:5 dst=client:1
event=req_send ts_ns=35626951 id=590 clt=1 wrkr=3 slot=0 size=17 src=client:1 dst=worker:3
event=resp_recv_ud ts_ns=35686333 id=590 clt=1 wrkr=3 slot=0 size=41 src=worker:3 dst=client:1
event=hand_send ts_ns=35694980 id=590 clt=1 wrkr=3 slot=0 size=10 src=client:1 dst=worker:3
event=resp_rdma_read ts_ns=36058211 id=556 start_ns=33842656 dur_ns=2215555 clt=1 wrkr=10 slot=5 size=665608 src=worker:10 dst=client:1
event=req_send ts_ns=36058211 id=594 clt=1 wrkr=7 slot=8 size=17 src=client:1 dst=worker:7
event=resp_recv_ud ts_ns=36100958 id=594 clt=1 wrkr=7 slot=8 size=41 src=worker:7 dst=client:1
event=hand_send ts_ns=36109605 id=594 clt=1 wrkr=7 slot=8 size=10 src=client:1 dst=worker:7
event=resp_rdma_read ts_ns=36122170 id=563 start_ns=34220293 dur_ns=1901877 clt=1 wrkr=8 slot=2 size=665608 src=worker:8 dst=client:1
event=req_send ts_ns=36122170 id=595 clt=1 wrkr=8 slot=4 size=17 src=client:1 dst=worker:8
event=resp_recv_ud ts_ns=36172036 id=595 clt=1 wrkr=8 slot=4 size=41 src=worker:8 dst=client:1
event=hand_send ts_ns=36180683 id=595 clt=1 wrkr=8 slot=4 size=10 src=client:1 dst=worker:8
event=resp_rdma_read ts_ns=36366794 id=562 start_ns=34226895 dur_ns=2139899 clt=1 wrkr=10 slot=6 size=665608 src=worker:10 dst=client:1
event=req_send ts_ns=36366794 id=601 clt=1 wrkr=2 slot=4 size=17 src=client:1 dst=worker:2
event=resp_recv_ud ts_ns=36422561 id=601 clt=1 wrkr=2 slot=4 size=41 src=worker:2 dst=client:1
event=hand_send ts_ns=36431208 id=601 clt=1 wrkr=2 slot=4 size=10 src=client:1 dst=worker:2
event=resp_rdma_read ts_ns=36528567 id=569 start_ns=34487174 dur_ns=2041393 clt=1 wrkr=6 slot=2 size=665608 src=worker:6 dst=client:1
event=req_send ts_ns=36528567 id=602 clt=1 wrkr=3 slot=1 size=17 src=client:1 dst=worker:3
event=resp_recv_ud ts_ns=36563848 id=602 clt=1 wrkr=3 slot=1 size=41 src=worker:3 dst=client:1
event=hand_send ts_ns=36572495 id=602 clt=1 wrkr=3 slot=1 size=10 src=client:1 dst=worker:3
event=resp_rdma_read ts_ns=36777216 id=576 start_ns=34800323 dur_ns=1976893 clt=1 wrkr=8 slot=3 size=665608 src=worker:8 dst=client:1
event=req_send ts_ns=36777216 id=607 clt=1 wrkr=0 slot=0 size=17 src=client:1 dst=worker:0
event=resp_recv_ud ts_ns=36832881 id=607 clt=1 wrkr=0 slot=0 size=41 src=worker:0 dst=client:1
event=hand_send ts_ns=36841528 id=607 clt=1 wrkr=0 slot=0 size=10 src=client:1 dst=worker:0
event=resp_rdma_read ts_ns=36953471 id=574 start_ns=34734632 dur_ns=2218839 clt=1 wrkr=2 slot=3 size=665608 src=worker:2 dst=client:1
event=req_send ts_ns=36953471 id=608 clt=1 wrkr=0 slot=1 size=17 src=client:1 dst=worker:0
event=resp_recv_ud ts_ns=36991267 id=608 clt=1 wrkr=0 slot=1 size=41 src=worker:0 dst=client:1
event=hand_send ts_ns=36999914 id=608 clt=1 wrkr=0 slot=1 size=10 src=client:1 dst=worker:0
event=resp_rdma_read ts_ns=37052142 id=570 start_ns=34623042 dur_ns=2429100 clt=1 wrkr=5 slot=5 size=665608 src=worker:5 dst=client:1
event=req_send ts_ns=37052142 id=609 clt=1 wrkr=1 slot=7 size=17 src=client:1 dst=worker:1
event=resp_recv_ud ts_ns=37093327 id=609 clt=1 wrkr=1 slot=7 size=41 src=worker:1 dst=client:1
event=hand_send ts_ns=37101974 id=609 clt=1 wrkr=1 slot=7 size=10 src=client:1 dst=worker:1
event=resp_rdma_read ts_ns=37149502 id=571 start_ns=34664145 dur_ns=2485357 clt=1 wrkr=6 slot=3 size=665608 src=worker:6 dst=client:1
event=req_send ts_ns=37149502 id=612 clt=1 wrkr=11 slot=4 size=17 src=client:1 dst=worker:11
event=resp_recv_ud ts_ns=37210069 id=612 clt=1 wrkr=11 slot=4 size=41 src=worker:11 dst=client:1
event=hand_send ts_ns=37218716 id=612 clt=1 wrkr=11 slot=4 size=10 src=client:1 dst=worker:11
event=resp_rdma_read ts_ns=37355905 id=590 start_ns=35694980 dur_ns=1660925 clt=1 wrkr=3 slot=0 size=665608 src=worker:3 dst=client:1
event=req_send ts_ns=37355905 id=619 clt=1 wrkr=11 slot=5 size=17 src=client:1 dst=worker:11
event=resp_recv_ud ts_ns=37411994 id=619 clt=1 wrkr=11 slot=5 size=41 src=worker:11 dst=client:1
event=hand_send ts_ns=37420641 id=619 clt=1 wrkr=11 slot=5 size=10 src=client:1 dst=worker:11
event=resp_rdma_read ts_ns=37707230 id=580 start_ns=35030478 dur_ns=2676752 clt=1 wrkr=10 slot=8 size=665608 src=worker:10 dst=client:1
event=req_send ts_ns=37707230 id=624 clt=1 wrkr=1 slot=8 size=17 src=client:1 dst=worker:1
event=resp_rdma_read ts_ns=37714807 id=579 start_ns=35014483 dur_ns=2700324 clt=1 wrkr=10 slot=7 size=665608 src=worker:10 dst=client:1
event=req_send ts_ns=37714807 id=625 clt=1 wrkr=10 slot=9 size=17 src=client:1 dst=worker:10
event=resp_rdma_read ts_ns=37739582 id=586 start_ns=35469155 dur_ns=2270427 clt=1 wrkr=5 slot=6 size=665608 src=worker:5 dst=client:1
event=req_send ts_ns=37739582 id=626 clt=1 wrkr=9 slot=9 size=17 src=client:1 dst=worker:9
event=resp_recv_ud ts_ns=37768245 id=624 clt=1 wrkr=1 slot=8 size=41 src=worker:1 dst=client:1
event=hand_send ts_ns=37776892 id=624 clt=1 wrkr=1 slot=8 size=10 src=client:1 dst=worker:1
event=resp_recv_ud ts_ns=37777923 id=625 clt=1 wrkr=10 slot=9 size=41 src=worker:10 dst=client:1
event=hand_send ts_ns=37786570 id=625 clt=1 wrkr=10 slot=9 size=10 src=client:1 dst=worker:10
event=resp_recv_ud ts_ns=37792997 id=626 clt=1 wrkr=9 slot=9 size=41 src=worker:9 dst=client:1
event=hand_send ts_ns=37801644 id=626 clt=1 wrkr=9 slot=9 size=10 src=client:1 dst=worker:9
event=resp_rdma_read ts_ns=37888621 id=595 start_ns=36180683 dur_ns=1707938 clt=1 wrkr=8 slot=4 size=665608 src=worker:8 dst=client:1
event=req_send ts_ns=37888621 id=629 clt=1 wrkr=0 slot=2 size=17 src=client:1 dst=worker:0
event=resp_recv_ud ts_ns=37932298 id=629 clt=1 wrkr=0 slot=2 size=41 src=worker:0 dst=client:1
event=hand_send ts_ns=37940945 id=629 clt=1 wrkr=0 slot=2 size=10 src=client:1 dst=worker:0
event=resp_rdma_read ts_ns=38099423 id=601 start_ns=36431208 dur_ns=1668215 clt=1 wrkr=2 slot=4 size=665608 src=worker:2 dst=client:1
event=req_send ts_ns=38099423 id=631 clt=1 wrkr=5 slot=7 size=17 src=client:1 dst=worker:5
event=resp_recv_ud ts_ns=38163783 id=631 clt=1 wrkr=5 slot=7 size=41 src=worker:5 dst=client:1
event=hand_send ts_ns=38172430 id=631 clt=1 wrkr=5 slot=7 size=10 src=client:1 dst=worker:5
event=resp_rdma_read ts_ns=38279216 id=594 start_ns=36109605 dur_ns=2169611 clt=1 wrkr=7 slot=8 size=665608 src=worker:7 dst=client:1
event=req_send ts_ns=38279216 id=632 clt=1 wrkr=0 slot=3 size=17 src=client:1 dst=worker:0
event=resp_recv_ud ts_ns=38319128 id=632 clt=1 wrkr=0 slot=3 size=41 src=worker:0 dst=client:1
event=hand_send ts_ns=38327775 id=632 clt=1 wrkr=0 slot=3 size=10 src=client:1 dst=worker:0
event=resp_rdma_read ts_ns=38460948 id=602 start_ns=36572495 dur_ns=1888453 clt=1 wrkr=3 slot=1 size=665608 src=worker:3 dst=client:1
event=req_send ts_ns=38460948 id=636 clt=1 wrkr=0 slot=4 size=17 src=client:1 dst=worker:0
event=resp_recv_ud ts_ns=38517348 id=636 clt=1 wrkr=0 slot=4 size=41 src=worker:0 dst=client:1
event=hand_send ts_ns=38525995 id=636 clt=1 wrkr=0 slot=4 size=10 src=client:1 dst=worker:0
event=resp_rdma_read ts_ns=38708007 id=607 start_ns=36841528 dur_ns=1866479 clt=1 wrkr=0 slot=0 size=665608 src=worker:0 dst=client:1
event=req_send ts_ns=38708007 id=639 clt=1 wrkr=7 slot=9 size=17 src=client:1 dst=worker:7
event=resp_recv_ud ts_ns=38743275 id=639 clt=1 wrkr=7 slot=9 size=41 src=worker:7 dst=client:1
event=hand_send ts_ns=38751922 id=639 clt=1 wrkr=7 slot=9 size=10 src=client:1 dst=worker:7
event=resp_rdma_read ts_ns=38967193 id=608 start_ns=36999914 dur_ns=1967279 clt=1 wrkr=0 slot=1 size=665608 src=worker:0 dst=client:1
event=req_send ts_ns=38967193 id=641 clt=1 wrkr=8 slot=5 size=17 src=client:1 dst=worker:8
event=resp_recv_ud ts_ns=39004131 id=641 clt=1 wrkr=8 slot=5 size=41 src=worker:8 dst=client:1
event=hand_send ts_ns=39012778 id=641 clt=1 wrkr=8 slot=5 size=10 src=client:1 dst=worker:8
event=resp_rdma_read ts_ns=39098868 id=609 start_ns=37101974 dur_ns=1996894 clt=1 wrkr=1 slot=7 size=665608 src=worker:1 dst=client:1
event=req_send ts_ns=39098868 id=642 clt=1 wrkr=0 slot=5 size=17 src=client:1 dst=worker:0
event=resp_recv_ud ts_ns=39135045 id=642 clt=1 wrkr=0 slot=5 size=41 src=worker:0 dst=client:1
event=hand_send ts_ns=39143692 id=642 clt=1 wrkr=0 slot=5 size=10 src=client:1 dst=worker:0
event=resp_rdma_read ts_ns=39262569 id=612 start_ns=37218716 dur_ns=2043853 clt=1 wrkr=11 slot=4 size=665608 src=worker:11 dst=client:1
event=req_send ts_ns=39262569 id=643 clt=1 wrkr=5 slot=8 size=17 src=client:1 dst=worker:5
event=resp_recv_ud ts_ns=39298807 id=643 clt=1 wrkr=5 slot=8 size=41 src=worker:5 dst=client:1
event=hand_send ts_ns=39307454 id=643 clt=1 wrkr=5 slot=8 size=10 src=client:1 dst=worker:5
event=resp_rdma_read ts_ns=39717912 id=619 start_ns=37420641 dur_ns=2297271 clt=1 wrkr=11 slot=5 size=665608 src=worker:11 dst=client:1
event=req_send ts_ns=39717912 id=645 clt=1 wrkr=8 slot=6 size=17 src=client:1 dst=worker:8
event=resp_recv_ud ts_ns=39755200 id=645 clt=1 wrkr=8 slot=6 size=41 src=worker:8 dst=client:1
event=hand_send ts_ns=39763847 id=645 clt=1 wrkr=8 slot=6 size=10 src=client:1 dst=worker:8
event=resp_rdma_read ts_ns=39971295 id=631 start_ns=38172430 dur_ns=1798865 clt=1 wrkr=5 slot=7 size=665608 src=worker:5 dst=client:1
event=req_send ts_ns=39971295 id=646 clt=1 wrkr=10 slot=10 size=17 src=client:1 dst=worker:10
event=resp_recv_ud ts_ns=40008269 id=646 clt=1 wrkr=10 slot=10 size=41 src=worker:10 dst=client:1
event=hand_send ts_ns=40016916 id=646 clt=1 wrkr=10 slot=10 size=10 src=client:1 dst=worker:10
event=resp_rdma_read ts_ns=40047879 id=629 start_ns=37940945 dur_ns=2106934 clt=1 wrkr=0 slot=2 size=665608 src=worker:0 dst=client:1
event=req_send ts_ns=40047879 id=647 clt=1 wrkr=6 slot=4 size=17 src=client:1 dst=worker:6
event=resp_recv_ud ts_ns=40091414 id=647 clt=1 wrkr=6 slot=4 size=41 src=worker:6 dst=client:1
event=hand_send ts_ns=40100061 id=647 clt=1 wrkr=6 slot=4 size=10 src=client:1 dst=worker:6
event=resp_rdma_read ts_ns=40181530 id=625 start_ns=37786570 dur_ns=2394960 clt=1 wrkr=10 slot=9 size=665608 src=worker:10 dst=client:1
event=resp_rdma_read ts_ns=40200303 id=626 start_ns=37801644 dur_ns=2398659 clt=1 wrkr=9 slot=9 size=665608 src=worker:9 dst=client:1
event=resp_rdma_read ts_ns=40296226 id=624 start_ns=37776892 dur_ns=2519334 clt=1 wrkr=1 slot=8 size=665608 src=worker:1 dst=client:1
event=resp_rdma_read ts_ns=40462157 id=632 start_ns=38327775 dur_ns=2134382 clt=1 wrkr=0 slot=3 size=665608 src=worker:0 dst=client:1
event=resp_rdma_read ts_ns=40526768 id=636 start_ns=38525995 dur_ns=2000773 clt=1 wrkr=0 slot=4 size=665608 src=worker:0 dst=client:1
event=resp_rdma_read ts_ns=40627517 id=639 start_ns=38751922 dur_ns=1875595 clt=1 wrkr=7 slot=9 size=665608 src=worker:7 dst=client:1
event=resp_rdma_read ts_ns=40853970 id=641 start_ns=39012778 dur_ns=1841192 clt=1 wrkr=8 slot=5 size=665608 src=worker:8 dst=client:1
event=resp_rdma_read ts_ns=40986884 id=642 start_ns=39143692 dur_ns=1843192 clt=1 wrkr=0 slot=5 size=665608 src=worker:0 dst=client:1
event=resp_rdma_read ts_ns=41443133 id=643 start_ns=39307454 dur_ns=2135679 clt=1 wrkr=5 slot=8 size=665608 src=worker:5 dst=client:1
event=resp_rdma_read ts_ns=41595874 id=645 start_ns=39763847 dur_ns=1832027 clt=1 wrkr=8 slot=6 size=665608 src=worker:8 dst=client:1
event=resp_rdma_read ts_ns=41650041 id=647 start_ns=40100061 dur_ns=1549980 clt=1 wrkr=6 slot=4 size=665608 src=worker:6 dst=client:1
event=resp_rdma_read ts_ns=41864624 id=646 start_ns=40016916 dur_ns=1847708 clt=1 wrkr=10 slot=10 size=665608 src=worker:10 dst=client:1
