event=req_send ts_ns=1 id=1 clt=1 wrkr=0 slot=0 size=17 src=client:1 dst=worker:0
event=req_send ts_ns=2501 id=4 clt=1 wrkr=1 slot=0 size=17 src=client:1 dst=worker:1
event=req_send ts_ns=5001 id=7 clt=1 wrkr=4 slot=0 size=17 src=client:1 dst=worker:4
event=req_send ts_ns=7501 id=10 clt=1 wrkr=2 slot=0 size=17 src=client:1 dst=worker:2
event=resp_recv_ud ts_ns=24222 id=1 clt=1 wrkr=0 slot=0 size=41 src=worker:0 dst=client:1
event=hand_send ts_ns=32869 id=1 clt=1 wrkr=0 slot=0 size=10 src=client:1 dst=worker:0
event=resp_recv_ud ts_ns=50245 id=7 clt=1 wrkr=4 slot=0 size=41 src=worker:4 dst=client:1
event=resp_recv_ud ts_ns=50912 id=4 clt=1 wrkr=1 slot=0 size=41 src=worker:1 dst=client:1
event=resp_recv_ud ts_ns=53884 id=10 clt=1 wrkr=2 slot=0 size=41 src=worker:2 dst=client:1
event=hand_send ts_ns=58892 id=7 clt=1 wrkr=4 slot=0 size=10 src=client:1 dst=worker:4
event=hand_send ts_ns=59559 id=4 clt=1 wrkr=1 slot=0 size=10 src=client:1 dst=worker:1
event=hand_send ts_ns=62531 id=10 clt=1 wrkr=2 slot=0 size=10 src=client:1 dst=worker:2
event=resp_rdma_read ts_ns=2334118 id=1 start_ns=32869 dur_ns=2301249 clt=1 wrkr=0 slot=0 size=921608 src=worker:0 dst=client:1
event=req_send ts_ns=2334118 id=12 clt=1 wrkr=1 slot=1 size=17 src=client:1 dst=worker:1
event=resp_recv_ud ts_ns=2378169 id=12 clt=1 wrkr=1 slot=1 size=41 src=worker:1 dst=client:1
event=hand_send ts_ns=2386816 id=12 clt=1 wrkr=1 slot=1 size=10 src=client:1 dst=worker:1
event=resp_rdma_read ts_ns=2935424 id=4 start_ns=59559 dur_ns=2875865 clt=1 wrkr=1 slot=0 size=921608 src=worker:1 dst=client:1
event=req_send ts_ns=2935424 id=16 clt=1 wrkr=6 slot=0 size=17 src=client:1 dst=worker:6
event=resp_recv_ud ts_ns=3000969 id=16 clt=1 wrkr=6 slot=0 size=41 src=worker:6 dst=client:1
event=hand_send ts_ns=3009616 id=16 clt=1 wrkr=6 slot=0 size=10 src=client:1 dst=worker:6
event=resp_rdma_read ts_ns=3014804 id=7 start_ns=58892 dur_ns=2955912 clt=1 wrkr=4 slot=0 size=921608 src=worker:4 dst=client:1
event=req_send ts_ns=3014804 id=17 clt=1 wrkr=6 slot=1 size=17 src=client:1 dst=worker:6
event=resp_recv_ud ts_ns=3076338 id=17 clt=1 wrkr=6 slot=1 size=41 src=worker:6 dst=client:1
event=hand_send ts_ns=3084985 id=17 clt=1 wrkr=6 slot=1 size=10 src=client:1 dst=worker:6
event=resp_rdma_read ts_ns=3442267 id=10 start_ns=62531 dur_ns=3379736 clt=1 wrkr=2 slot=0 size=921608 src=worker:2 dst=client:1
event=req_send ts_ns=3442267 id=20 clt=1 wrkr=8 slot=0 size=17 src=client:1 dst=worker:8
event=resp_recv_ud ts_ns=3488215 id=20 clt=1 wrkr=8 slot=0 size=41 src=worker:8 dst=client:1
event=hand_send ts_ns=3496862 id=20 clt=1 wrkr=8 slot=0 size=10 src=client:1 dst=worker:8
event=resp_rdma_read ts_ns=5197987 id=16 start_ns=3009616 dur_ns=2188371 clt=1 wrkr=6 slot=0 size=921608 src=worker:6 dst=client:1
event=req_send ts_ns=5197987 id=24 clt=1 wrkr=7 slot=0 size=17 src=client:1 dst=worker:7
event=resp_recv_ud ts_ns=5238696 id=24 clt=1 wrkr=7 slot=0 size=41 src=worker:7 dst=client:1
event=hand_send ts_ns=5247343 id=24 clt=1 wrkr=7 slot=0 size=10 src=client:1 dst=worker:7
event=resp_rdma_read ts_ns=5598070 id=12 start_ns=2386816 dur_ns=3211254 clt=1 wrkr=1 slot=1 size=921608 src=worker:1 dst=client:1
event=req_send ts_ns=5598070 id=26 clt=1 wrkr=9 slot=0 size=17 src=client:1 dst=worker:9
event=resp_recv_ud ts_ns=5637132 id=26 clt=1 wrkr=9 slot=0 size=41 src=worker:9 dst=client:1
event=hand_send ts_ns=5645779 id=26 clt=1 wrkr=9 slot=0 size=10 src=client:1 dst=worker:9
event=resp_rdma_read ts_ns=5716727 id=17 start_ns=3084985 dur_ns=2631742 clt=1 wrkr=6 slot=1 size=921608 src=worker:6 dst=client:1
event=req_send ts_ns=5716727 id=27 clt=1 wrkr=11 slot=0 size=17 src=client:1 dst=worker:11
event=resp_rdma_read ts_ns=5736869 id=20 start_ns=3496862 dur_ns=2240007 clt=1 wrkr=8 slot=0 size=921608 src=worker:8 dst=client:1
event=req_send ts_ns=5736869 id=29 clt=1 wrkr=3 slot=0 size=17 src=client:1 dst=worker:3
event=resp_recv_ud ts_ns=5758057 id=27 clt=1 wrkr=11 slot=0 size=41 src=worker:11 dst=client:1
event=hand_send ts_ns=5766704 id=27 clt=1 wrkr=11 slot=0 size=10 src=client:1 dst=worker:11
event=resp_recv_ud ts_ns=5799290 id=29 clt=1 wrkr=3 slot=0 size=41 src=worker:3 dst=client:1
event=hand_send ts_ns=5807937 id=29 clt=1 wrkr=3 slot=0 size=10 src=client:1 dst=worker:3
event=resp_rdma_read ts_ns=7883990 id=24 start_ns=5247343 dur_ns=2636647 clt=1 wrkr=7 slot=0 size=921608 src=worker:7 dst=client:1
event=req_send ts_ns=7883990 id=36 clt=1 wrkr=8 slot=1 size=17 src=client:1 dst=worker:8
event=resp_recv_ud ts_ns=7924955 id=36 clt=1 wrkr=8 slot=1 size=41 src=worker:8 dst=client:1
event=hand_send ts_ns=7933602 id=36 clt=1 wrkr=8 slot=1 size=10 src=client:1 dst=worker:8
event=resp_rdma_read ts_ns=7965311 id=29 start_ns=5807937 dur_ns=2157374 clt=1 wrkr=3 slot=0 size=921608 src=worker:3 dst=client:1
event=req_send ts_ns=7965311 id=37 clt=1 wrkr=4 slot=1 size=17 src=client:1 dst=worker:4
event=resp_recv_ud ts_ns=8025363 id=37 clt=1 wrkr=4 slot=1 size=41 src=worker:4 dst=client:1
event=hand_send ts_ns=8034010 id=37 clt=1 wrkr=4 slot=1 size=10 src=client:1 dst=worker:4
event=resp_rdma_read ts_ns=8243596 id=26 start_ns=5645779 dur_ns=2597817 clt=1 wrkr=9 slot=0 size=921608 src=worker:9 dst=client:1
event=req_send ts_ns=8243596 id=40 clt=1 wrkr=8 slot=2 size=17 src=client:1 dst=worker:8
event=resp_recv_ud ts_ns=8281923 id=40 clt=1 wrkr=8 slot=2 size=41 src=worker:8 dst=client:1
event=hand_send ts_ns=8290570 id=40 clt=1 wrkr=8 slot=2 size=10 src=client:1 dst=worker:8
event=resp_rdma_read ts_ns=8512597 id=27 start_ns=5766704 dur_ns=2745893 clt=1 wrkr=11 slot=0 size=921608 src=worker:11 dst=client:1
event=req_send ts_ns=8512597 id=42 clt=1 wrkr=10 slot=0 size=17 src=client:1 dst=worker:10
event=resp_recv_ud ts_ns=8552580 id=42 clt=1 wrkr=10 slot=0 size=41 src=worker:10 dst=client:1
event=hand_send ts_ns=8561227 id=42 clt=1 wrkr=10 slot=0 size=10 src=client:1 dst=worker:10
event=resp_rdma_read ts_ns=10497525 id=37 start_ns=8034010 dur_ns=2463515 clt=1 wrkr=4 slot=1 size=921608 src=worker:4 dst=client:1
event=req_send ts_ns=10497525 id=48 clt=1 wrkr=9 slot=1 size=17 src=client:1 dst=worker:9
event=resp_recv_ud ts_ns=10537760 id=48 clt=1 wrkr=9 slot=1 size=41 src=worker:9 dst=client:1
event=hand_send ts_ns=10546407 id=48 clt=1 wrkr=9 slot=1 size=10 src=client:1 dst=worker:9
event=resp_rdma_read ts_ns=10584424 id=36 start_ns=7933602 dur_ns=2650822 clt=1 wrkr=8 slot=1 size=921608 src=worker:8 dst=client:1
event=req_send ts_ns=10584424 id=50 clt=1 wrkr=11 slot=1 size=17 src=client:1 dst=worker:11
event=resp_recv_ud ts_ns=10641231 id=50 clt=1 wrkr=11 slot=1 size=41 src=worker:11 dst=client:1
event=hand_send ts_ns=10649878 id=50 clt=1 wrkr=11 slot=1 size=10 src=client:1 dst=worker:11
event=resp_rdma_read ts_ns=10906552 id=40 start_ns=8290570 dur_ns=2615982 clt=1 wrkr=8 slot=2 size=921608 src=worker:8 dst=client:1
event=req_send ts_ns=10906552 id=51 clt=1 wrkr=1 slot=2 size=17 src=client:1 dst=worker:1
event=resp_recv_ud ts_ns=10947763 id=51 clt=1 wrkr=1 slot=2 size=41 src=worker:1 dst=client:1
event=hand_send ts_ns=10956410 id=51 clt=1 wrkr=1 slot=2 size=10 src=client:1 dst=worker:1
event=resp_rdma_read ts_ns=11228976 id=42 start_ns=8561227 dur_ns=2667749 clt=1 wrkr=10 slot=0 size=921608 src=worker:10 dst=client:1
event=req_send ts_ns=11228976 id=54 clt=1 wrkr=10 slot=1 size=17 src=client:1 dst=worker:10
event=resp_recv_ud ts_ns=11268661 id=54 clt=1 wrkr=10 slot=1 size=41 src=worker:10 dst=client:1
event=hand_send ts_ns=11277308 id=54 clt=1 wrkr=10 slot=1 size=10 src=client:1 dst=worker:10
event=resp_rdma_read ts_ns=12995626 id=50 start_ns=10649878 dur_ns=2345748 clt=1 wrkr=11 slot=1 size=921608 src=worker:11 dst=client:1
event=req_send ts_ns=12995626 id=60 clt=1 wrkr=1 slot=3 size=17 src=client:1 dst=worker:1
event=resp_recv_ud ts_ns=13035881 id=60 clt=1 wrkr=1 slot=3 size=41 src=worker:1 dst=client:1
event=hand_send ts_ns=13044528 id=60 clt=1 wrkr=1 slot=3 size=10 src=client:1 dst=worker:1
event=resp_rdma_read ts_ns=13155147 id=48 start_ns=10546407 dur_ns=2608740 clt=1 wrkr=9 slot=1 size=921608 src=worker:9 dst=client:1
event=req_send ts_ns=13155147 id=61 clt=1 wrkr=8 slot=3 size=17 src=client:1 dst=worker:8
event=resp_recv_ud ts_ns=13194076 id=61 clt=1 wrkr=8 slot=3 size=41 src=worker:8 dst=client:1
event=hand_send ts_ns=13202723 id=61 clt=1 wrkr=8 slot=3 size=10 src=client:1 dst=worker:8
event=resp_rdma_read ts_ns=13721524 id=51 start_ns=10956410 dur_ns=2765114 clt=1 wrkr=1 slot=2 size=921608 src=worker:1 dst=client:1
event=req_send ts_ns=13721524 id=64 clt=1 wrkr=9 slot=2 size=17 src=client:1 dst=worker:9
event=resp_recv_ud ts_ns=13760445 id=64 clt=1 wrkr=9 slot=2 size=41 src=worker:9 dst=client:1
event=hand_send ts_ns=13769092 id=64 clt=1 wrkr=9 slot=2 size=10 src=client:1 dst=worker:9
event=resp_rdma_read ts_ns=13947005 id=54 start_ns=11277308 dur_ns=2669697 clt=1 wrkr=10 slot=1 size=921608 src=worker:10 dst=client:1
event=req_send ts_ns=13947005 id=66 clt=1 wrkr=5 slot=0 size=17 src=client:1 dst=worker:5
event=resp_recv_ud ts_ns=13985750 id=66 clt=1 wrkr=5 slot=0 size=41 src=worker:5 dst=client:1
event=hand_send ts_ns=13994397 id=66 clt=1 wrkr=5 slot=0 size=10 src=client:1 dst=worker:5
event=resp_rdma_read ts_ns=15656753 id=60 start_ns=13044528 dur_ns=2612225 clt=1 wrkr=1 slot=3 size=921608 src=worker:1 dst=client:1
event=req_send ts_ns=15656753 id=73 clt=1 wrkr=7 slot=1 size=17 src=client:1 dst=worker:7
event=resp_recv_ud ts_ns=15703106 id=73 clt=1 wrkr=7 slot=1 size=41 src=worker:7 dst=client:1
event=hand_send ts_ns=15711753 id=73 clt=1 wrkr=7 slot=1 size=10 src=client:1 dst=worker:7
event=resp_rdma_read ts_ns=15800972 id=61 start_ns=13202723 dur_ns=2598249 clt=1 wrkr=8 slot=3 size=921608 src=worker:8 dst=client:1
event=req_send ts_ns=15800972 id=74 clt=1 wrkr=6 slot=2 size=17 src=client:1 dst=worker:6
event=resp_recv_ud ts_ns=15839719 id=74 clt=1 wrkr=6 slot=2 size=41 src=worker:6 dst=client:1
event=hand_send ts_ns=15848366 id=74 clt=1 wrkr=6 slot=2 size=10 src=client:1 dst=worker:6
event=resp_rdma_read ts_ns=16354859 id=64 start_ns=13769092 dur_ns=2585767 clt=1 wrkr=9 slot=2 size=921608 src=worker:9 dst=client:1
event=req_send ts_ns=16354859 id=77 clt=1 wrkr=9 slot=3 size=17 src=client:1 dst=worker:9
event=resp_recv_ud ts_ns=16394172 id=77 clt=1 wrkr=9 slot=3 size=41 src=worker:9 dst=client:1
event=hand_send ts_ns=16402819 id=77 clt=1 wrkr=9 slot=3 size=10 src=client:1 dst=worker:9
event=resp_rdma_read ts_ns=16617768 id=66 start_ns=13994397 dur_ns=2623371 clt=1 wrkr=5 slot=0 size=921608 src=worker:5 dst=client:1
event=req_send ts_ns=16617768 id=78 clt=1 wrkr=0 slot=1 size=17 src=client:1 dst=worker:0
event=resp_recv_ud ts_ns=16657099 id=78 clt=1 wrkr=0 slot=1 size=41 src=worker:0 dst=client:1
event=hand_send ts_ns=16665746 id=78 clt=1 wrkr=0 slot=1 size=10 src=client:1 dst=worker:0
event=resp_rdma_read ts_ns=17745919 id=73 start_ns=15711753 dur_ns=2034166 clt=1 wrkr=7 slot=1 size=921608 src=worker:7 dst=client:1
event=req_send ts_ns=17745919 id=84 clt=1 wrkr=0 slot=2 size=17 src=client:1 dst=worker:0
event=resp_recv_ud ts_ns=17787630 id=84 clt=1 wrkr=0 slot=2 size=41 src=worker:0 dst=client:1
event=hand_send ts_ns=17796277 id=84 clt=1 wrkr=0 slot=2 size=10 src=client:1 dst=worker:0
event=resp_rdma_read ts_ns=18442229 id=74 start_ns=15848366 dur_ns=2593863 clt=1 wrkr=6 slot=2 size=921608 src=worker:6 dst=client:1
event=req_send ts_ns=18442229 id=88 clt=1 wrkr=1 slot=0 size=17 src=client:1 dst=worker:1
event=resp_recv_ud ts_ns=18481127 id=88 clt=1 wrkr=1 slot=0 size=41 src=worker:1 dst=client:1
event=hand_send ts_ns=18489774 id=88 clt=1 wrkr=1 slot=0 size=10 src=client:1 dst=worker:1
event=resp_rdma_read ts_ns=19022091 id=77 start_ns=16402819 dur_ns=2619272 clt=1 wrkr=9 slot=3 size=921608 src=worker:9 dst=client:1
event=req_send ts_ns=19022091 id=89 clt=1 wrkr=10 slot=2 size=17 src=client:1 dst=worker:10
event=resp_recv_ud ts_ns=19061953 id=89 clt=1 wrkr=10 slot=2 size=41 src=worker:10 dst=client:1
event=hand_send ts_ns=19070600 id=89 clt=1 wrkr=10 slot=2 size=10 src=client:1 dst=worker:10
event=resp_rdma_read ts_ns=19294212 id=78 start_ns=16665746 dur_ns=2628466 clt=1 wrkr=0 slot=1 size=921608 src=worker:0 dst=client:1
event=req_send ts_ns=19294212 id=90 clt=1 wrkr=1 slot=1 size=17 src=client:1 dst=worker:1
event=resp_recv_ud ts_ns=19333503 id=90 clt=1 wrkr=1 slot=1 size=41 src=worker:1 dst=client:1
event=hand_send ts_ns=19342150 id=90 clt=1 wrkr=1 slot=1 size=10 src=client:1 dst=worker:1
event=resp_rdma_read ts_ns=20192941 id=84 start_ns=17796277 dur_ns=2396664 clt=1 wrkr=0 slot=2 size=921608 src=worker:0 dst=client:1
event=req_send ts_ns=20192941 id=95 clt=1 wrkr=8 slot=0 size=17 src=client:1 dst=worker:8
event=resp_recv_ud ts_ns=20240711 id=95 clt=1 wrkr=8 slot=0 size=41 src=worker:8 dst=client:1
event=hand_send ts_ns=20249358 id=95 clt=1 wrkr=8 slot=0 size=10 src=client:1 dst=worker:8
event=resp_rdma_read ts_ns=21097245 id=88 start_ns=18489774 dur_ns=2607471 clt=1 wrkr=1 slot=0 size=921608 src=worker:1 dst=client:1
event=req_send ts_ns=21097245 id=100 clt=1 wrkr=3 slot=1 size=17 src=client:1 dst=worker:3
event=resp_recv_ud ts_ns=21136700 id=100 clt=1 wrkr=3 slot=1 size=41 src=worker:3 dst=client:1
event=hand_send ts_ns=21145347 id=100 clt=1 wrkr=3 slot=1 size=10 src=client:1 dst=worker:3
event=resp_rdma_read ts_ns=21674833 id=89 start_ns=19070600 dur_ns=2604233 clt=1 wrkr=10 slot=2 size=921608 src=worker:10 dst=client:1
event=req_send ts_ns=21674833 id=101 clt=1 wrkr=0 slot=3 size=17 src=client:1 dst=worker:0
event=resp_recv_ud ts_ns=21714948 id=101 clt=1 wrkr=0 slot=3 size=41 src=worker:0 dst=client:1
event=hand_send ts_ns=21723595 id=101 clt=1 wrkr=0 slot=3 size=10 src=client:1 dst=worker:0
event=resp_rdma_read ts_ns=21940761 id=90 start_ns=19342150 dur_ns=2598611 clt=1 wrkr=1 slot=1 size=921608 src=worker:1 dst=client:1
event=req_send ts_ns=21940761 id=102 clt=1 wrkr=2 slot=1 size=17 src=client:1 dst=worker:2
event=resp_recv_ud ts_ns=21980251 id=102 clt=1 wrkr=2 slot=1 size=41 src=worker:2 dst=client:1
event=hand_send ts_ns=21988898 id=102 clt=1 wrkr=2 slot=1 size=10 src=client:1 dst=worker:2
event=resp_rdma_read ts_ns=22302510 id=95 start_ns=20249358 dur_ns=2053152 clt=1 wrkr=8 slot=0 size=921608 src=worker:8 dst=client:1
event=req_send ts_ns=22302510 id=105 clt=1 wrkr=9 slot=0 size=17 src=client:1 dst=worker:9
event=resp_recv_ud ts_ns=22348945 id=105 clt=1 wrkr=9 slot=0 size=41 src=worker:9 dst=client:1
event=hand_send ts_ns=22357592 id=105 clt=1 wrkr=9 slot=0 size=10 src=client:1 dst=worker:9
event=resp_rdma_read ts_ns=23769315 id=100 start_ns=21145347 dur_ns=2623968 clt=1 wrkr=3 slot=1 size=921608 src=worker:3 dst=client:1
event=req_send ts_ns=23769315 id=112 clt=1 wrkr=7 slot=2 size=17 src=client:1 dst=worker:7
event=resp_recv_ud ts_ns=23808928 id=112 clt=1 wrkr=7 slot=2 size=41 src=worker:7 dst=client:1
event=hand_send ts_ns=23817575 id=112 clt=1 wrkr=7 slot=2 size=10 src=client:1 dst=worker:7
event=resp_rdma_read ts_ns=24341105 id=101 start_ns=21723595 dur_ns=2617510 clt=1 wrkr=0 slot=3 size=921608 src=worker:0 dst=client:1
event=req_send ts_ns=24341105 id=113 clt=1 wrkr=6 slot=3 size=17 src=client:1 dst=worker:6
event=resp_rdma_read ts_ns=24376747 id=105 start_ns=22357592 dur_ns=2019155 clt=1 wrkr=9 slot=0 size=921608 src=worker:9 dst=client:1
event=req_send ts_ns=24376747 id=114 clt=1 wrkr=11 slot=2 size=17 src=client:1 dst=worker:11
event=resp_recv_ud ts_ns=24381283 id=113 clt=1 wrkr=6 slot=3 size=41 src=worker:6 dst=client:1
event=hand_send ts_ns=24389930 id=113 clt=1 wrkr=6 slot=3 size=10 src=client:1 dst=worker:6
event=resp_recv_ud ts_ns=24430904 id=114 clt=1 wrkr=11 slot=2 size=41 src=worker:11 dst=client:1
event=hand_send ts_ns=24439551 id=114 clt=1 wrkr=11 slot=2 size=10 src=client:1 dst=worker:11
event=resp_rdma_read ts_ns=24604781 id=102 start_ns=21988898 dur_ns=2615883 clt=1 wrkr=2 slot=1 size=921608 src=worker:2 dst=client:1
event=req_send ts_ns=24604781 id=115 clt=1 wrkr=11 slot=3 size=17 src=client:1 dst=worker:11
event=resp_recv_ud ts_ns=24643577 id=115 clt=1 wrkr=11 slot=3 size=41 src=worker:11 dst=client:1
event=hand_send ts_ns=24652224 id=115 clt=1 wrkr=11 slot=3 size=10 src=client:1 dst=worker:11
event=resp_rdma_read ts_ns=26441292 id=112 start_ns=23817575 dur_ns=2623717 clt=1 wrkr=7 slot=2 size=921608 src=worker:7 dst=client:1
event=req_send ts_ns=26441292 id=124 clt=1 wrkr=0 slot=0 size=17 src=client:1 dst=worker:0
event=resp_recv_ud ts_ns=26480857 id=124 clt=1 wrkr=0 slot=0 size=41 src=worker:0 dst=client:1
event=hand_send ts_ns=26489504 id=124 clt=1 wrkr=0 slot=0 size=10 src=client:1 dst=worker:0
event=resp_rdma_read ts_ns=26585378 id=114 start_ns=24439551 dur_ns=2145827 clt=1 wrkr=11 slot=2 size=921608 src=worker:11 dst=client:1
event=req_send ts_ns=26585378 id=125 clt=1 wrkr=1 slot=2 size=17 src=client:1 dst=worker:1
event=resp_recv_ud ts_ns=26624626 id=125 clt=1 wrkr=1 slot=2 size=41 src=worker:1 dst=client:1
event=hand_send ts_ns=26633273 id=125 clt=1 wrkr=1 slot=2 size=10 src=client:1 dst=worker:1
event=resp_rdma_read ts_ns=27243974 id=115 start_ns=24652224 dur_ns=2591750 clt=1 wrkr=11 slot=3 size=921608 src=worker:11 dst=client:1
event=req_send ts_ns=27243974 id=126 clt=1 wrkr=3 slot=2 size=17 src=client:1 dst=worker:3
event=resp_rdma_read ts_ns=27275598 id=113 start_ns=24389930 dur_ns=2885668 clt=1 wrkr=6 slot=3 size=921608 src=worker:6 dst=client:1
event=req_send ts_ns=27275598 id=129 clt=1 wrkr=0 slot=1 size=17 src=client:1 dst=worker:0
event=resp_recv_ud ts_ns=27286245 id=126 clt=1 wrkr=3 slot=2 size=41 src=worker:3 dst=client:1
event=hand_send ts_ns=27294892 id=126 clt=1 wrkr=3 slot=2 size=10 src=client:1 dst=worker:3
event=resp_recv_ud ts_ns=27336832 id=129 clt=1 wrkr=0 slot=1 size=41 src=worker:0 dst=client:1
event=hand_send ts_ns=27345479 id=129 clt=1 wrkr=0 slot=1 size=10 src=client:1 dst=worker:0
event=resp_rdma_read ts_ns=29108284 id=124 start_ns=26489504 dur_ns=2618780 clt=1 wrkr=0 slot=0 size=921608 src=worker:0 dst=client:1
event=req_send ts_ns=29108284 id=136 clt=1 wrkr=11 slot=0 size=17 src=client:1 dst=worker:11
event=resp_recv_ud ts_ns=29148707 id=136 clt=1 wrkr=11 slot=0 size=41 src=worker:11 dst=client:1
event=hand_send ts_ns=29157354 id=136 clt=1 wrkr=11 slot=0 size=10 src=client:1 dst=worker:11
event=resp_rdma_read ts_ns=29263905 id=125 start_ns=26633273 dur_ns=2630632 clt=1 wrkr=1 slot=2 size=921608 src=worker:1 dst=client:1
event=req_send ts_ns=29263905 id=137 clt=1 wrkr=2 slot=2 size=17 src=client:1 dst=worker:2
event=resp_recv_ud ts_ns=29303124 id=137 clt=1 wrkr=2 slot=2 size=41 src=worker:2 dst=client:1
event=hand_send ts_ns=29311771 id=137 clt=1 wrkr=2 slot=2 size=10 src=client:1 dst=worker:2
event=resp_rdma_read ts_ns=30042748 id=129 start_ns=27345479 dur_ns=2697269 clt=1 wrkr=0 slot=1 size=921608 src=worker:0 dst=client:1
event=req_send ts_ns=30042748 id=139 clt=1 wrkr=11 slot=1 size=17 src=client:1 dst=worker:11
event=resp_recv_ud ts_ns=30081691 id=139 clt=1 wrkr=11 slot=1 size=41 src=worker:11 dst=client:1
event=hand_send ts_ns=30090338 id=139 clt=1 wrkr=11 slot=1 size=10 src=client:1 dst=worker:11
event=resp_rdma_read ts_ns=30126317 id=126 start_ns=27294892 dur_ns=2831425 clt=1 wrkr=3 slot=2 size=921608 src=worker:3 dst=client:1
event=req_send ts_ns=30126317 id=140 clt=1 wrkr=2 slot=3 size=17 src=client:1 dst=worker:2
event=resp_recv_ud ts_ns=30170126 id=140 clt=1 wrkr=2 slot=3 size=41 src=worker:2 dst=client:1
event=hand_send ts_ns=30178773 id=140 clt=1 wrkr=2 slot=3 size=10 src=client:1 dst=worker:2
event=resp_rdma_read ts_ns=31802177 id=136 start_ns=29157354 dur_ns=2644823 clt=1 wrkr=11 slot=0 size=921608 src=worker:11 dst=client:1
event=req_send ts_ns=31802177 id=148 clt=1 wrkr=2 slot=0 size=17 src=client:1 dst=worker:2
event=resp_recv_ud ts_ns=31842328 id=148 clt=1 wrkr=2 slot=0 size=41 src=worker:2 dst=client:1
event=hand_send ts_ns=31850975 id=148 clt=1 wrkr=2 slot=0 size=10 src=client:1 dst=worker:2
event=resp_rdma_read ts_ns=31931985 id=137 start_ns=29311771 dur_ns=2620214 clt=1 wrkr=2 slot=2 size=921608 src=worker:2 dst=client:1
event=req_send ts_ns=31931985 id=149 clt=1 wrkr=9 slot=1 size=17 src=client:1 dst=worker:9
event=resp_recv_ud ts_ns=31971412 id=149 clt=1 wrkr=9 slot=1 size=41 src=worker:9 dst=client:1
event=hand_send ts_ns=31980059 id=149 clt=1 wrkr=9 slot=1 size=10 src=client:1 dst=worker:9
event=resp_rdma_read ts_ns=32671026 id=139 start_ns=30090338 dur_ns=2580688 clt=1 wrkr=11 slot=1 size=921608 src=worker:11 dst=client:1
event=req_send ts_ns=32671026 id=153 clt=1 wrkr=4 slot=2 size=17 src=client:1 dst=worker:4
event=resp_recv_ud ts_ns=32709687 id=153 clt=1 wrkr=4 slot=2 size=41 src=worker:4 dst=client:1
event=hand_send ts_ns=32718334 id=153 clt=1 wrkr=4 slot=2 size=10 src=client:1 dst=worker:4
event=resp_rdma_read ts_ns=33149818 id=140 start_ns=30178773 dur_ns=2971045 clt=1 wrkr=2 slot=3 size=921608 src=worker:2 dst=client:1
event=req_send ts_ns=33149818 id=155 clt=1 wrkr=11 slot=2 size=17 src=client:1 dst=worker:11
event=resp_recv_ud ts_ns=33189365 id=155 clt=1 wrkr=11 slot=2 size=41 src=worker:11 dst=client:1
event=hand_send ts_ns=33198012 id=155 clt=1 wrkr=11 slot=2 size=10 src=client:1 dst=worker:11
event=resp_rdma_read ts_ns=34479992 id=148 start_ns=31850975 dur_ns=2629017 clt=1 wrkr=2 slot=0 size=921608 src=worker:2 dst=client:1
event=req_send ts_ns=34479992 id=160 clt=1 wrkr=8 slot=1 size=17 src=client:1 dst=worker:8
event=resp_recv_ud ts_ns=34519874 id=160 clt=1 wrkr=8 slot=1 size=41 src=worker:8 dst=client:1
event=hand_send ts_ns=34528521 id=160 clt=1 wrkr=8 slot=1 size=10 src=client:1 dst=worker:8
event=resp_rdma_read ts_ns=34598923 id=149 start_ns=31980059 dur_ns=2618864 clt=1 wrkr=9 slot=1 size=921608 src=worker:9 dst=client:1
event=req_send ts_ns=34598923 id=161 clt=1 wrkr=6 slot=0 size=17 src=client:1 dst=worker:6
event=resp_recv_ud ts_ns=34638305 id=161 clt=1 wrkr=6 slot=0 size=41 src=worker:6 dst=client:1
event=hand_send ts_ns=34646952 id=161 clt=1 wrkr=6 slot=0 size=10 src=client:1 dst=worker:6
event=resp_rdma_read ts_ns=35355732 id=153 start_ns=32718334 dur_ns=2637398 clt=1 wrkr=4 slot=2 size=921608 src=worker:4 dst=client:1
event=req_send ts_ns=35355732 id=163 clt=1 wrkr=9 slot=2 size=17 src=client:1 dst=worker:9
event=resp_recv_ud ts_ns=35398165 id=163 clt=1 wrkr=9 slot=2 size=41 src=worker:9 dst=client:1
event=hand_send ts_ns=35406812 id=163 clt=1 wrkr=9 slot=2 size=10 src=client:1 dst=worker:9
event=resp_rdma_read ts_ns=35850111 id=155 start_ns=33198012 dur_ns=2652099 clt=1 wrkr=11 slot=2 size=921608 src=worker:11 dst=client:1
event=req_send ts_ns=35850111 id=168 clt=1 wrkr=3 slot=3 size=17 src=client:1 dst=worker:3
event=resp_recv_ud ts_ns=35889343 id=168 clt=1 wrkr=3 slot=3 size=41 src=worker:3 dst=client:1
event=hand_send ts_ns=35897990 id=168 clt=1 wrkr=3 slot=3 size=10 src=client:1 dst=worker:3
event=resp_rdma_read ts_ns=37149261 id=160 start_ns=34528521 dur_ns=2620740 clt=1 wrkr=8 slot=1 size=921608 src=worker:8 dst=client:1
event=req_send ts_ns=37149261 id=172 clt=1 wrkr=5 slot=1 size=17 src=client:1 dst=worker:5
event=resp_recv_ud ts_ns=37189195 id=172 clt=1 wrkr=5 slot=1 size=41 src=worker:5 dst=client:1
event=hand_send ts_ns=37197842 id=172 clt=1 wrkr=5 slot=1 size=10 src=client:1 dst=worker:5
event=resp_rdma_read ts_ns=37247070 id=161 start_ns=34646952 dur_ns=2600118 clt=1 wrkr=6 slot=0 size=921608 src=worker:6 dst=client:1
event=req_send ts_ns=37247070 id=173 clt=1 wrkr=4 slot=3 size=17 src=client:1 dst=worker:4
event=resp_recv_ud ts_ns=37288472 id=173 clt=1 wrkr=4 slot=3 size=41 src=worker:4 dst=client:1
event=hand_send ts_ns=37297119 id=173 clt=1 wrkr=4 slot=3 size=10 src=client:1 dst=worker:4
event=resp_rdma_read ts_ns=38114138 id=163 start_ns=35406812 dur_ns=2707326 clt=1 wrkr=9 slot=2 size=921608 src=worker:9 dst=client:1
event=req_send ts_ns=38114138 id=177 clt=1 wrkr=6 slot=1 size=17 src=client:1 dst=worker:6
event=resp_recv_ud ts_ns=38153270 id=177 clt=1 wrkr=6 slot=1 size=41 src=worker:6 dst=client:1
event=hand_send ts_ns=38161917 id=177 clt=1 wrkr=6 slot=1 size=10 src=client:1 dst=worker:6
event=resp_rdma_read ts_ns=38562918 id=168 start_ns=35897990 dur_ns=2664928 clt=1 wrkr=3 slot=3 size=921608 src=worker:3 dst=client:1
event=req_send ts_ns=38562918 id=180 clt=1 wrkr=9 slot=3 size=17 src=client:1 dst=worker:9
event=resp_recv_ud ts_ns=38601580 id=180 clt=1 wrkr=9 slot=3 size=41 src=worker:9 dst=client:1
event=hand_send ts_ns=38610227 id=180 clt=1 wrkr=9 slot=3 size=10 src=client:1 dst=worker:9
event=resp_rdma_read ts_ns=39777422 id=173 start_ns=37297119 dur_ns=2480303 clt=1 wrkr=4 slot=3 size=921608 src=worker:4 dst=client:1
event=req_send ts_ns=39777422 id=184 clt=1 wrkr=8 slot=2 size=17 src=client:1 dst=worker:8
event=resp_recv_ud ts_ns=39816819 id=184 clt=1 wrkr=8 slot=2 size=41 src=worker:8 dst=client:1
event=resp_rdma_read ts_ns=39824100 id=172 start_ns=37197842 dur_ns=2626258 clt=1 wrkr=5 slot=1 size=921608 src=worker:5 dst=client:1
event=req_send ts_ns=39824100 id=185 clt=1 wrkr=10 slot=3 size=17 src=client:1 dst=worker:10
event=hand_send ts_ns=39825466 id=184 clt=1 wrkr=8 slot=2 size=10 src=client:1 dst=worker:8
event=resp_recv_ud ts_ns=39866969 id=185 clt=1 wrkr=10 slot=3 size=41 src=worker:10 dst=client:1
event=hand_send ts_ns=39875616 id=185 clt=1 wrkr=10 slot=3 size=10 src=client:1 dst=worker:10
event=resp_rdma_read ts_ns=40763002 id=177 start_ns=38161917 dur_ns=2601085 clt=1 wrkr=6 slot=1 size=921608 src=worker:6 dst=client:1
event=req_send ts_ns=40763002 id=189 clt=1 wrkr=3 slot=0 size=17 src=client:1 dst=worker:3
event=resp_recv_ud ts_ns=40802724 id=189 clt=1 wrkr=3 slot=0 size=41 src=worker:3 dst=client:1
event=hand_send ts_ns=40811371 id=189 clt=1 wrkr=3 slot=0 size=10 src=client:1 dst=worker:3
event=resp_rdma_read ts_ns=41217202 id=180 start_ns=38610227 dur_ns=2606975 clt=1 wrkr=9 slot=3 size=921608 src=worker:9 dst=client:1
event=req_send ts_ns=41217202 id=192 clt=1 wrkr=4 slot=0 size=17 src=client:1 dst=worker:4
event=resp_recv_ud ts_ns=41256649 id=192 clt=1 wrkr=4 slot=0 size=41 src=worker:4 dst=client:1
event=hand_send ts_ns=41265296 id=192 clt=1 wrkr=4 slot=0 size=10 src=client:1 dst=worker:4
event=resp_rdma_read ts_ns=42016866 id=185 start_ns=39875616 dur_ns=2141250 clt=1 wrkr=10 slot=3 size=921608 src=worker:10 dst=client:1
event=req_send ts_ns=42016866 id=195 clt=1 wrkr=4 slot=1 size=17 src=client:1 dst=worker:4
event=resp_recv_ud ts_ns=42056229 id=195 clt=1 wrkr=4 slot=1 size=41 src=worker:4 dst=client:1
event=hand_send ts_ns=42064876 id=195 clt=1 wrkr=4 slot=1 size=10 src=client:1 dst=worker:4
event=resp_rdma_read ts_ns=42766057 id=184 start_ns=39825466 dur_ns=2940591 clt=1 wrkr=8 slot=2 size=921608 src=worker:8 dst=client:1
event=req_send ts_ns=42766057 id=198 clt=1 wrkr=6 slot=2 size=17 src=client:1 dst=worker:6
event=resp_recv_ud ts_ns=42805828 id=198 clt=1 wrkr=6 slot=2 size=41 src=worker:6 dst=client:1
event=hand_send ts_ns=42814475 id=198 clt=1 wrkr=6 slot=2 size=10 src=client:1 dst=worker:6
event=resp_rdma_read ts_ns=43434759 id=189 start_ns=40811371 dur_ns=2623388 clt=1 wrkr=3 slot=0 size=921608 src=worker:3 dst=client:1
event=req_send ts_ns=43434759 id=201 clt=1 wrkr=11 slot=3 size=17 src=client:1 dst=worker:11
event=resp_recv_ud ts_ns=43474413 id=201 clt=1 wrkr=11 slot=3 size=41 src=worker:11 dst=client:1
event=hand_send ts_ns=43483060 id=201 clt=1 wrkr=11 slot=3 size=10 src=client:1 dst=worker:11
event=resp_rdma_read ts_ns=43861730 id=192 start_ns=41265296 dur_ns=2596434 clt=1 wrkr=4 slot=0 size=921608 src=worker:4 dst=client:1
event=req_send ts_ns=43861730 id=204 clt=1 wrkr=10 slot=0 size=17 src=client:1 dst=worker:10
event=resp_recv_ud ts_ns=43902410 id=204 clt=1 wrkr=10 slot=0 size=41 src=worker:10 dst=client:1
event=hand_send ts_ns=43911057 id=204 clt=1 wrkr=10 slot=0 size=10 src=client:1 dst=worker:10
event=resp_rdma_read ts_ns=44981058 id=195 start_ns=42064876 dur_ns=2916182 clt=1 wrkr=4 slot=1 size=921608 src=worker:4 dst=client:1
event=req_send ts_ns=44981058 id=208 clt=1 wrkr=2 slot=1 size=17 src=client:1 dst=worker:2
event=resp_recv_ud ts_ns=45020865 id=208 clt=1 wrkr=2 slot=1 size=41 src=worker:2 dst=client:1
event=hand_send ts_ns=45029512 id=208 clt=1 wrkr=2 slot=1 size=10 src=client:1 dst=worker:2
event=resp_rdma_read ts_ns=45736525 id=198 start_ns=42814475 dur_ns=2922050 clt=1 wrkr=6 slot=2 size=921608 src=worker:6 dst=client:1
event=req_send ts_ns=45736525 id=211 clt=1 wrkr=9 slot=0 size=17 src=client:1 dst=worker:9
event=resp_recv_ud ts_ns=45775936 id=211 clt=1 wrkr=9 slot=0 size=41 src=worker:9 dst=client:1
event=hand_send ts_ns=45784583 id=211 clt=1 wrkr=9 slot=0 size=10 src=client:1 dst=worker:9
event=resp_rdma_read ts_ns=46098281 id=201 start_ns=43483060 dur_ns=2615221 clt=1 wrkr=11 slot=3 size=921608 src=worker:11 dst=client:1
event=req_send ts_ns=46098281 id=213 clt=1 wrkr=0 slot=2 size=17 src=client:1 dst=worker:0
event=resp_recv_ud ts_ns=46137637 id=213 clt=1 wrkr=0 slot=2 size=41 src=worker:0 dst=client:1
event=hand_send ts_ns=46146284 id=213 clt=1 wrkr=0 slot=2 size=10 src=client:1 dst=worker:0
event=resp_rdma_read ts_ns=46431162 id=204 start_ns=43911057 dur_ns=2520105 clt=1 wrkr=10 slot=0 size=921608 src=worker:10 dst=client:1
event=req_send ts_ns=46431162 id=216 clt=1 wrkr=5 slot=2 size=17 src=client:1 dst=worker:5
event=resp_recv_ud ts_ns=46481735 id=216 clt=1 wrkr=5 slot=2 size=41 src=worker:5 dst=client:1
event=hand_send ts_ns=46490382 id=216 clt=1 wrkr=5 slot=2 size=10 src=client:1 dst=worker:5
event=resp_rdma_read ts_ns=47861570 id=208 start_ns=45029512 dur_ns=2832058 clt=1 wrkr=2 slot=1 size=921608 src=worker:2 dst=client:1
event=req_send ts_ns=47861570 id=221 clt=1 wrkr=11 slot=0 size=17 src=client:1 dst=worker:11
event=resp_recv_ud ts_ns=47901453 id=221 clt=1 wrkr=11 slot=0 size=41 src=worker:11 dst=client:1
event=hand_send ts_ns=47910100 id=221 clt=1 wrkr=11 slot=0 size=10 src=client:1 dst=worker:11
event=resp_rdma_read ts_ns=48709077 id=211 start_ns=45784583 dur_ns=2924494 clt=1 wrkr=9 slot=0 size=921608 src=worker:9 dst=client:1
event=req_send ts_ns=48709077 id=224 clt=1 wrkr=6 slot=3 size=17 src=client:1 dst=worker:6
event=resp_recv_ud ts_ns=48748859 id=224 clt=1 wrkr=6 slot=3 size=41 src=worker:6 dst=client:1
event=hand_send ts_ns=48757506 id=224 clt=1 wrkr=6 slot=3 size=10 src=client:1 dst=worker:6
event=resp_rdma_read ts_ns=48790669 id=213 start_ns=46146284 dur_ns=2644385 clt=1 wrkr=0 slot=2 size=921608 src=worker:0 dst=client:1
event=req_send ts_ns=48790669 id=225 clt=1 wrkr=1 slot=3 size=17 src=client:1 dst=worker:1
event=resp_recv_ud ts_ns=48835435 id=225 clt=1 wrkr=1 slot=3 size=41 src=worker:1 dst=client:1
event=hand_send ts_ns=48844082 id=225 clt=1 wrkr=1 slot=3 size=10 src=client:1 dst=worker:1
event=resp_rdma_read ts_ns=48938703 id=216 start_ns=46490382 dur_ns=2448321 clt=1 wrkr=5 slot=2 size=921608 src=worker:5 dst=client:1
event=req_send ts_ns=48938703 id=226 clt=1 wrkr=11 slot=1 size=17 src=client:1 dst=worker:11
event=resp_recv_ud ts_ns=48977308 id=226 clt=1 wrkr=11 slot=1 size=41 src=worker:11 dst=client:1
event=hand_send ts_ns=48985955 id=226 clt=1 wrkr=11 slot=1 size=10 src=client:1 dst=worker:11
event=resp_rdma_read ts_ns=50519898 id=221 start_ns=47910100 dur_ns=2609798 clt=1 wrkr=11 slot=0 size=921608 src=worker:11 dst=client:1
event=req_send ts_ns=50519898 id=233 clt=1 wrkr=4 slot=2 size=17 src=client:1 dst=worker:4
event=resp_recv_ud ts_ns=50559820 id=233 clt=1 wrkr=4 slot=2 size=41 src=worker:4 dst=client:1
event=hand_send ts_ns=50568467 id=233 clt=1 wrkr=4 slot=2 size=10 src=client:1 dst=worker:4
event=resp_rdma_read ts_ns=50933331 id=225 start_ns=48844082 dur_ns=2089249 clt=1 wrkr=1 slot=3 size=921608 src=worker:1 dst=client:1
event=req_send ts_ns=50933331 id=236 clt=1 wrkr=3 slot=1 size=17 src=client:1 dst=worker:3
event=resp_recv_ud ts_ns=50975103 id=236 clt=1 wrkr=3 slot=1 size=41 src=worker:3 dst=client:1
event=hand_send ts_ns=50983750 id=236 clt=1 wrkr=3 slot=1 size=10 src=client:1 dst=worker:3
event=resp_rdma_read ts_ns=51351497 id=224 start_ns=48757506 dur_ns=2593991 clt=1 wrkr=6 slot=3 size=921608 src=worker:6 dst=client:1
event=req_send ts_ns=51351497 id=238 clt=1 wrkr=9 slot=1 size=17 src=client:1 dst=worker:9
event=resp_recv_ud ts_ns=51390345 id=238 clt=1 wrkr=9 slot=1 size=41 src=worker:9 dst=client:1
event=hand_send ts_ns=51398992 id=238 clt=1 wrkr=9 slot=1 size=10 src=client:1 dst=worker:9
event=resp_rdma_read ts_ns=51865737 id=226 start_ns=48985955 dur_ns=2879782 clt=1 wrkr=11 slot=1 size=921608 src=worker:11 dst=client:1
event=req_send ts_ns=51865737 id=239 clt=1 wrkr=6 slot=0 size=17 src=client:1 dst=worker:6
event=resp_recv_ud ts_ns=51907990 id=239 clt=1 wrkr=6 slot=0 size=41 src=worker:6 dst=client:1
event=hand_send ts_ns=51916637 id=239 clt=1 wrkr=6 slot=0 size=10 src=client:1 dst=worker:6
event=resp_rdma_read ts_ns=53180835 id=233 start_ns=50568467 dur_ns=2612368 clt=1 wrkr=4 slot=2 size=921608 src=worker:4 dst=client:1
event=req_send ts_ns=53180835 id=245 clt=1 wrkr=5 slot=3 size=17 src=client:1 dst=worker:5
event=resp_recv_ud ts_ns=53220563 id=245 clt=1 wrkr=5 slot=3 size=41 src=worker:5 dst=client:1
event=hand_send ts_ns=53229210 id=245 clt=1 wrkr=5 slot=3 size=10 src=client:1 dst=worker:5
event=resp_rdma_read ts_ns=53362049 id=236 start_ns=50983750 dur_ns=2378299 clt=1 wrkr=3 slot=1 size=921608 src=worker:3 dst=client:1
event=req_send ts_ns=53362049 id=247 clt=1 wrkr=6 slot=1 size=17 src=client:1 dst=worker:6
event=resp_recv_ud ts_ns=53407653 id=247 clt=1 wrkr=6 slot=1 size=41 src=worker:6 dst=client:1
event=hand_send ts_ns=53416300 id=247 clt=1 wrkr=6 slot=1 size=10 src=client:1 dst=worker:6
event=resp_rdma_read ts_ns=54007743 id=238 start_ns=51398992 dur_ns=2608751 clt=1 wrkr=9 slot=1 size=921608 src=worker:9 dst=client:1
event=req_send ts_ns=54007743 id=250 clt=1 wrkr=9 slot=2 size=17 src=client:1 dst=worker:9
event=resp_recv_ud ts_ns=54046728 id=250 clt=1 wrkr=9 slot=2 size=41 src=worker:9 dst=client:1
event=hand_send ts_ns=54055375 id=250 clt=1 wrkr=9 slot=2 size=10 src=client:1 dst=worker:9
event=resp_rdma_read ts_ns=54633864 id=239 start_ns=51916637 dur_ns=2717227 clt=1 wrkr=6 slot=0 size=921608 src=worker:6 dst=client:1
event=req_send ts_ns=54633864 id=252 clt=1 wrkr=8 slot=3 size=17 src=client:1 dst=worker:8
event=resp_recv_ud ts_ns=54673245 id=252 clt=1 wrkr=8 slot=3 size=41 src=worker:8 dst=client:1
event=hand_send ts_ns=54681892 id=252 clt=1 wrkr=8 slot=3 size=10 src=client:1 dst=worker:8
event=resp_rdma_read ts_ns=55460203 id=247 start_ns=53416300 dur_ns=2043903 clt=1 wrkr=6 slot=1 size=921608 src=worker:6 dst=client:1
event=req_send ts_ns=55460203 id=257 clt=1 wrkr=5 slot=0 size=17 src=client:1 dst=worker:5
event=resp_recv_ud ts_ns=55520881 id=257 clt=1 wrkr=5 slot=0 size=41 src=worker:5 dst=client:1
event=hand_send ts_ns=55529528 id=257 clt=1 wrkr=5 slot=0 size=10 src=client:1 dst=worker:5
event=resp_rdma_read ts_ns=55830756 id=245 start_ns=53229210 dur_ns=2601546 clt=1 wrkr=5 slot=3 size=921608 src=worker:5 dst=client:1
event=req_send ts_ns=55830756 id=259 clt=1 wrkr=4 slot=3 size=17 src=client:1 dst=worker:4
event=resp_recv_ud ts_ns=55883831 id=259 clt=1 wrkr=4 slot=3 size=41 src=worker:4 dst=client:1
event=hand_send ts_ns=55892478 id=259 clt=1 wrkr=4 slot=3 size=10 src=client:1 dst=worker:4
event=resp_rdma_read ts_ns=56676757 id=250 start_ns=54055375 dur_ns=2621382 clt=1 wrkr=9 slot=2 size=921608 src=worker:9 dst=client:1
event=req_send ts_ns=56676757 id=262 clt=1 wrkr=2 slot=2 size=17 src=client:1 dst=worker:2
event=resp_recv_ud ts_ns=56716094 id=262 clt=1 wrkr=2 slot=2 size=41 src=worker:2 dst=client:1
event=hand_send ts_ns=56724741 id=262 clt=1 wrkr=2 slot=2 size=10 src=client:1 dst=worker:2
event=resp_rdma_read ts_ns=57282785 id=252 start_ns=54681892 dur_ns=2600893 clt=1 wrkr=8 slot=3 size=921608 src=worker:8 dst=client:1
event=req_send ts_ns=57282785 id=264 clt=1 wrkr=4 slot=0 size=17 src=client:1 dst=worker:4
event=resp_recv_ud ts_ns=57322291 id=264 clt=1 wrkr=4 slot=0 size=41 src=worker:4 dst=client:1
event=hand_send ts_ns=57330938 id=264 clt=1 wrkr=4 slot=0 size=10 src=client:1 dst=worker:4
event=resp_rdma_read ts_ns=57839188 id=257 start_ns=55529528 dur_ns=2309660 clt=1 wrkr=5 slot=0 size=921608 src=worker:5 dst=client:1
event=req_send ts_ns=57839188 id=268 clt=1 wrkr=5 slot=1 size=17 src=client:1 dst=worker:5
event=resp_recv_ud ts_ns=57899529 id=268 clt=1 wrkr=5 slot=1 size=41 src=worker:5 dst=client:1
event=hand_send ts_ns=57908176 id=268 clt=1 wrkr=5 slot=1 size=10 src=client:1 dst=worker:5
event=resp_rdma_read ts_ns=58351902 id=259 start_ns=55892478 dur_ns=2459424 clt=1 wrkr=4 slot=3 size=921608 src=worker:4 dst=client:1
event=req_send ts_ns=58351902 id=269 clt=1 wrkr=9 slot=3 size=17 src=client:1 dst=worker:9
event=resp_recv_ud ts_ns=58393518 id=269 clt=1 wrkr=9 slot=3 size=41 src=worker:9 dst=client:1
event=hand_send ts_ns=58402165 id=269 clt=1 wrkr=9 slot=3 size=10 src=client:1 dst=worker:9
event=resp_rdma_read ts_ns=59354248 id=262 start_ns=56724741 dur_ns=2629507 clt=1 wrkr=2 slot=2 size=921608 src=worker:2 dst=client:1
event=req_send ts_ns=59354248 id=274 clt=1 wrkr=9 slot=0 size=17 src=client:1 dst=worker:9
event=resp_recv_ud ts_ns=59393695 id=274 clt=1 wrkr=9 slot=0 size=41 src=worker:9 dst=client:1
event=hand_send ts_ns=59402342 id=274 clt=1 wrkr=9 slot=0 size=10 src=client:1 dst=worker:9
event=resp_rdma_read ts_ns=59942120 id=264 start_ns=57330938 dur_ns=2611182 clt=1 wrkr=4 slot=0 size=921608 src=worker:4 dst=client:1
event=req_send ts_ns=59942120 id=276 clt=1 wrkr=7 slot=3 size=17 src=client:1 dst=worker:7
event=resp_recv_ud ts_ns=59981644 id=276 clt=1 wrkr=7 slot=3 size=41 src=worker:7 dst=client:1
event=hand_send ts_ns=59990291 id=276 clt=1 wrkr=7 slot=3 size=10 src=client:1 dst=worker:7
event=resp_rdma_read ts_ns=60213045 id=268 start_ns=57908176 dur_ns=2304869 clt=1 wrkr=5 slot=1 size=921608 src=worker:5 dst=client:1
event=req_send ts_ns=60213045 id=278 clt=1 wrkr=3 slot=2 size=17 src=client:1 dst=worker:3
event=resp_recv_ud ts_ns=60251797 id=278 clt=1 wrkr=3 slot=2 size=41 src=worker:3 dst=client:1
event=hand_send ts_ns=60260444 id=278 clt=1 wrkr=3 slot=2 size=10 src=client:1 dst=worker:3
event=resp_rdma_read ts_ns=61133415 id=269 start_ns=58402165 dur_ns=2731250 clt=1 wrkr=9 slot=3 size=921608 src=worker:9 dst=client:1
event=req_send ts_ns=61133415 id=282 clt=1 wrkr=11 slot=2 size=17 src=client:1 dst=worker:11
event=resp_recv_ud ts_ns=61172722 id=282 clt=1 wrkr=11 slot=2 size=41 src=worker:11 dst=client:1
event=hand_send ts_ns=61181369 id=282 clt=1 wrkr=11 slot=2 size=10 src=client:1 dst=worker:11
event=resp_rdma_read ts_ns=62029026 id=274 start_ns=59402342 dur_ns=2626684 clt=1 wrkr=9 slot=0 size=921608 src=worker:9 dst=client:1
event=req_send ts_ns=62029026 id=286 clt=1 wrkr=10 slot=1 size=17 src=client:1 dst=worker:10
event=resp_recv_ud ts_ns=62068386 id=286 clt=1 wrkr=10 slot=1 size=41 src=worker:10 dst=client:1
event=hand_send ts_ns=62077033 id=286 clt=1 wrkr=10 slot=1 size=10 src=client:1 dst=worker:10
event=resp_rdma_read ts_ns=62602125 id=276 start_ns=59990291 dur_ns=2611834 clt=1 wrkr=7 slot=3 size=921608 src=worker:7 dst=client:1
event=req_send ts_ns=62602125 id=289 clt=1 wrkr=9 slot=1 size=17 src=client:1 dst=worker:9
event=resp_recv_ud ts_ns=62640955 id=289 clt=1 wrkr=9 slot=1 size=41 src=worker:9 dst=client:1
event=hand_send ts_ns=62649602 id=289 clt=1 wrkr=9 slot=1 size=10 src=client:1 dst=worker:9
event=resp_rdma_read ts_ns=63255035 id=278 start_ns=60260444 dur_ns=2994591 clt=1 wrkr=3 slot=2 size=921608 src=worker:3 dst=client:1
event=req_send ts_ns=63255035 id=291 clt=1 wrkr=10 slot=2 size=17 src=client:1 dst=worker:10
event=resp_recv_ud ts_ns=63294699 id=291 clt=1 wrkr=10 slot=2 size=41 src=worker:10 dst=client:1
event=hand_send ts_ns=63303346 id=291 clt=1 wrkr=10 slot=2 size=10 src=client:1 dst=worker:10
event=resp_rdma_read ts_ns=63799295 id=282 start_ns=61181369 dur_ns=2617926 clt=1 wrkr=11 slot=2 size=921608 src=worker:11 dst=client:1
event=req_send ts_ns=63799295 id=295 clt=1 wrkr=2 slot=3 size=17 src=client:1 dst=worker:2
event=resp_recv_ud ts_ns=63840254 id=295 clt=1 wrkr=2 slot=3 size=41 src=worker:2 dst=client:1
event=hand_send ts_ns=63848901 id=295 clt=1 wrkr=2 slot=3 size=10 src=client:1 dst=worker:2
event=resp_rdma_read ts_ns=64699585 id=286 start_ns=62077033 dur_ns=2622552 clt=1 wrkr=10 slot=1 size=921608 src=worker:10 dst=client:1
event=req_send ts_ns=64699585 id=298 clt=1 wrkr=1 slot=0 size=17 src=client:1 dst=worker:1
event=resp_recv_ud ts_ns=64739096 id=298 clt=1 wrkr=1 slot=0 size=41 src=worker:1 dst=client:1
event=hand_send ts_ns=64747743 id=298 clt=1 wrkr=1 slot=0 size=10 src=client:1 dst=worker:1
event=resp_rdma_read ts_ns=65560911 id=289 start_ns=62649602 dur_ns=2911309 clt=1 wrkr=9 slot=1 size=921608 src=worker:9 dst=client:1
event=req_send ts_ns=65560911 id=302 clt=1 wrkr=0 slot=3 size=17 src=client:1 dst=worker:0
event=resp_recv_ud ts_ns=65600409 id=302 clt=1 wrkr=0 slot=3 size=41 src=worker:0 dst=client:1
event=hand_send ts_ns=65609056 id=302 clt=1 wrkr=0 slot=3 size=10 src=client:1 dst=worker:0
event=resp_rdma_read ts_ns=65926537 id=291 start_ns=63303346 dur_ns=2623191 clt=1 wrkr=10 slot=2 size=921608 src=worker:10 dst=client:1
event=req_send ts_ns=65926537 id=304 clt=1 wrkr=5 slot=2 size=17 src=client:1 dst=worker:5
event=resp_recv_ud ts_ns=65965554 id=304 clt=1 wrkr=5 slot=2 size=41 src=worker:5 dst=client:1
event=hand_send ts_ns=65974201 id=304 clt=1 wrkr=5 slot=2 size=10 src=client:1 dst=worker:5
event=resp_rdma_read ts_ns=66466951 id=295 start_ns=63848901 dur_ns=2618050 clt=1 wrkr=2 slot=3 size=921608 src=worker:2 dst=client:1
event=req_send ts_ns=66466951 id=307 clt=1 wrkr=11 slot=3 size=17 src=client:1 dst=worker:11
event=resp_recv_ud ts_ns=66508366 id=307 clt=1 wrkr=11 slot=3 size=41 src=worker:11 dst=client:1
event=hand_send ts_ns=66517013 id=307 clt=1 wrkr=11 slot=3 size=10 src=client:1 dst=worker:11
event=resp_rdma_read ts_ns=67380099 id=298 start_ns=64747743 dur_ns=2632356 clt=1 wrkr=1 slot=0 size=921608 src=worker:1 dst=client:1
event=req_send ts_ns=67380099 id=311 clt=1 wrkr=5 slot=3 size=17 src=client:1 dst=worker:5
event=resp_recv_ud ts_ns=67423474 id=311 clt=1 wrkr=5 slot=3 size=41 src=worker:5 dst=client:1
event=hand_send ts_ns=67432121 id=311 clt=1 wrkr=5 slot=3 size=10 src=client:1 dst=worker:5
event=resp_rdma_read ts_ns=68206857 id=302 start_ns=65609056 dur_ns=2597801 clt=1 wrkr=0 slot=3 size=921608 src=worker:0 dst=client:1
event=req_send ts_ns=68206857 id=314 clt=1 wrkr=7 slot=0 size=17 src=client:1 dst=worker:7
event=resp_recv_ud ts_ns=68245996 id=314 clt=1 wrkr=7 slot=0 size=41 src=worker:7 dst=client:1
event=hand_send ts_ns=68254643 id=314 clt=1 wrkr=7 slot=0 size=10 src=client:1 dst=worker:7
event=resp_rdma_read ts_ns=68586108 id=304 start_ns=65974201 dur_ns=2611907 clt=1 wrkr=5 slot=2 size=921608 src=worker:5 dst=client:1
event=req_send ts_ns=68586108 id=316 clt=1 wrkr=10 slot=3 size=17 src=client:1 dst=worker:10
event=resp_recv_ud ts_ns=68625209 id=316 clt=1 wrkr=10 slot=3 size=41 src=worker:10 dst=client:1
event=hand_send ts_ns=68633856 id=316 clt=1 wrkr=10 slot=3 size=10 src=client:1 dst=worker:10
event=resp_rdma_read ts_ns=68973520 id=307 start_ns=66517013 dur_ns=2456507 clt=1 wrkr=11 slot=3 size=921608 src=worker:11 dst=client:1
event=req_send ts_ns=68973520 id=319 clt=1 wrkr=1 slot=1 size=17 src=client:1 dst=worker:1
event=resp_recv_ud ts_ns=69030314 id=319 clt=1 wrkr=1 slot=1 size=41 src=worker:1 dst=client:1
event=hand_send ts_ns=69038961 id=319 clt=1 wrkr=1 slot=1 size=10 src=client:1 dst=worker:1
event=resp_rdma_read ts_ns=69646574 id=311 start_ns=67432121 dur_ns=2214453 clt=1 wrkr=5 slot=3 size=921608 src=worker:5 dst=client:1
event=req_send ts_ns=69646574 id=322 clt=1 wrkr=1 slot=2 size=17 src=client:1 dst=worker:1
event=resp_recv_ud ts_ns=69692063 id=322 clt=1 wrkr=1 slot=2 size=41 src=worker:1 dst=client:1
event=hand_send ts_ns=69700710 id=322 clt=1 wrkr=1 slot=2 size=10 src=client:1 dst=worker:1
event=resp_rdma_read ts_ns=70874543 id=314 start_ns=68254643 dur_ns=2619900 clt=1 wrkr=7 slot=0 size=921608 src=worker:7 dst=client:1
event=req_send ts_ns=70874543 id=326 clt=1 wrkr=9 slot=2 size=17 src=client:1 dst=worker:9
event=resp_recv_ud ts_ns=70914145 id=326 clt=1 wrkr=9 slot=2 size=41 src=worker:9 dst=client:1
event=hand_send ts_ns=70922792 id=326 clt=1 wrkr=9 slot=2 size=10 src=client:1 dst=worker:9
event=resp_rdma_read ts_ns=71239361 id=316 start_ns=68633856 dur_ns=2605505 clt=1 wrkr=10 slot=3 size=921608 src=worker:10 dst=client:1
event=req_send ts_ns=71239361 id=328 clt=1 wrkr=0 slot=0 size=17 src=client:1 dst=worker:0
event=resp_recv_ud ts_ns=71278429 id=328 clt=1 wrkr=0 slot=0 size=41 src=worker:0 dst=client:1
event=hand_send ts_ns=71287076 id=328 clt=1 wrkr=0 slot=0 size=10 src=client:1 dst=worker:0
event=resp_rdma_read ts_ns=71432066 id=319 start_ns=69038961 dur_ns=2393105 clt=1 wrkr=1 slot=1 size=921608 src=worker:1 dst=client:1
event=req_send ts_ns=71432066 id=329 clt=1 wrkr=5 slot=0 size=17 src=client:1 dst=worker:5
event=resp_recv_ud ts_ns=71470995 id=329 clt=1 wrkr=5 slot=0 size=41 src=worker:5 dst=client:1
event=hand_send ts_ns=71479642 id=329 clt=1 wrkr=5 slot=0 size=10 src=client:1 dst=worker:5
event=resp_rdma_read ts_ns=71861316 id=322 start_ns=69700710 dur_ns=2160606 clt=1 wrkr=1 slot=2 size=921608 src=worker:1 dst=client:1
event=req_send ts_ns=71861316 id=331 clt=1 wrkr=8 slot=0 size=17 src=client:1 dst=worker:8
event=resp_recv_ud ts_ns=71903290 id=331 clt=1 wrkr=8 slot=0 size=41 src=worker:8 dst=client:1
event=hand_send ts_ns=71911937 id=331 clt=1 wrkr=8 slot=0 size=10 src=client:1 dst=worker:8
event=resp_rdma_read ts_ns=73558067 id=326 start_ns=70922792 dur_ns=2635275 clt=1 wrkr=9 slot=2 size=921608 src=worker:9 dst=client:1
event=req_send ts_ns=73558067 id=338 clt=1 wrkr=8 slot=1 size=17 src=client:1 dst=worker:8
event=resp_recv_ud ts_ns=73597576 id=338 clt=1 wrkr=8 slot=1 size=41 src=worker:8 dst=client:1
event=hand_send ts_ns=73606223 id=338 clt=1 wrkr=8 slot=1 size=10 src=client:1 dst=worker:8
event=resp_rdma_read ts_ns=73889518 id=328 start_ns=71287076 dur_ns=2602442 clt=1 wrkr=0 slot=0 size=921608 src=worker:0 dst=client:1
event=req_send ts_ns=73889518 id=340 clt=1 wrkr=9 slot=3 size=17 src=client:1 dst=worker:9
event=resp_recv_ud ts_ns=73929059 id=340 clt=1 wrkr=9 slot=3 size=41 src=worker:9 dst=client:1
event=hand_send ts_ns=73937706 id=340 clt=1 wrkr=9 slot=3 size=10 src=client:1 dst=worker:9
event=resp_rdma_read ts_ns=74077847 id=329 start_ns=71479642 dur_ns=2598205 clt=1 wrkr=5 slot=0 size=921608 src=worker:5 dst=client:1
event=req_send ts_ns=74077847 id=341 clt=1 wrkr=8 slot=2 size=17 src=client:1 dst=worker:8
event=resp_recv_ud ts_ns=74116777 id=341 clt=1 wrkr=8 slot=2 size=41 src=worker:8 dst=client:1
event=hand_send ts_ns=74125424 id=341 clt=1 wrkr=8 slot=2 size=10 src=client:1 dst=worker:8
event=resp_rdma_read ts_ns=74751118 id=331 start_ns=71911937 dur_ns=2839181 clt=1 wrkr=8 slot=0 size=921608 src=worker:8 dst=client:1
event=req_send ts_ns=74751118 id=344 clt=1 wrkr=1 slot=3 size=17 src=client:1 dst=worker:1
event=resp_recv_ud ts_ns=74790118 id=344 clt=1 wrkr=1 slot=3 size=41 src=worker:1 dst=client:1
event=hand_send ts_ns=74798765 id=344 clt=1 wrkr=1 slot=3 size=10 src=client:1 dst=worker:1
event=resp_rdma_read ts_ns=76232550 id=338 start_ns=73606223 dur_ns=2626327 clt=1 wrkr=8 slot=1 size=921608 src=worker:8 dst=client:1
event=req_send ts_ns=76232550 id=350 clt=1 wrkr=4 slot=1 size=17 src=client:1 dst=worker:4
event=resp_recv_ud ts_ns=76272078 id=350 clt=1 wrkr=4 slot=1 size=41 src=worker:4 dst=client:1
event=hand_send ts_ns=76280725 id=350 clt=1 wrkr=4 slot=1 size=10 src=client:1 dst=worker:4
event=resp_rdma_read ts_ns=76521347 id=340 start_ns=73937706 dur_ns=2583641 clt=1 wrkr=9 slot=3 size=921608 src=worker:9 dst=client:1
event=req_send ts_ns=76521347 id=352 clt=1 wrkr=8 slot=3 size=17 src=client:1 dst=worker:8
event=resp_recv_ud ts_ns=76568343 id=352 clt=1 wrkr=8 slot=3 size=41 src=worker:8 dst=client:1
event=hand_send ts_ns=76576990 id=352 clt=1 wrkr=8 slot=3 size=10 src=client:1 dst=worker:8
event=resp_rdma_read ts_ns=76734869 id=341 start_ns=74125424 dur_ns=2609445 clt=1 wrkr=8 slot=2 size=921608 src=worker:8 dst=client:1
event=req_send ts_ns=76734869 id=354 clt=1 wrkr=1 slot=0 size=17 src=client:1 dst=worker:1
event=resp_recv_ud ts_ns=76774167 id=354 clt=1 wrkr=1 slot=0 size=41 src=worker:1 dst=client:1
event=hand_send ts_ns=76782814 id=354 clt=1 wrkr=1 slot=0 size=10 src=client:1 dst=worker:1
event=resp_rdma_read ts_ns=77702847 id=344 start_ns=74798765 dur_ns=2904082 clt=1 wrkr=1 slot=3 size=921608 src=worker:1 dst=client:1
event=req_send ts_ns=77702847 id=357 clt=1 wrkr=6 slot=2 size=17 src=client:1 dst=worker:6
event=resp_recv_ud ts_ns=77742627 id=357 clt=1 wrkr=6 slot=2 size=41 src=worker:6 dst=client:1
event=hand_send ts_ns=77751274 id=357 clt=1 wrkr=6 slot=2 size=10 src=client:1 dst=worker:6
event=resp_rdma_read ts_ns=78594525 id=352 start_ns=76576990 dur_ns=2017535 clt=1 wrkr=8 slot=3 size=921608 src=worker:8 dst=client:1
event=req_send ts_ns=78594525 id=361 clt=1 wrkr=5 slot=1 size=17 src=client:1 dst=worker:5
event=resp_recv_ud ts_ns=78633901 id=361 clt=1 wrkr=5 slot=1 size=41 src=worker:5 dst=client:1
event=hand_send ts_ns=78642548 id=361 clt=1 wrkr=5 slot=1 size=10 src=client:1 dst=worker:5
event=resp_rdma_read ts_ns=78916361 id=350 start_ns=76280725 dur_ns=2635636 clt=1 wrkr=4 slot=1 size=921608 src=worker:4 dst=client:1
event=req_send ts_ns=78916361 id=364 clt=1 wrkr=7 slot=1 size=17 src=client:1 dst=worker:7
event=resp_recv_ud ts_ns=78954992 id=364 clt=1 wrkr=7 slot=1 size=41 src=worker:7 dst=client:1
event=hand_send ts_ns=78963639 id=364 clt=1 wrkr=7 slot=1 size=10 src=client:1 dst=worker:7
event=resp_rdma_read ts_ns=79404249 id=354 start_ns=76782814 dur_ns=2621435 clt=1 wrkr=1 slot=0 size=921608 src=worker:1 dst=client:1
event=req_send ts_ns=79404249 id=366 clt=1 wrkr=1 slot=1 size=17 src=client:1 dst=worker:1
event=resp_recv_ud ts_ns=79443679 id=366 clt=1 wrkr=1 slot=1 size=41 src=worker:1 dst=client:1
event=hand_send ts_ns=79452326 id=366 clt=1 wrkr=1 slot=1 size=10 src=client:1 dst=worker:1
event=resp_rdma_read ts_ns=80364849 id=357 start_ns=77751274 dur_ns=2613575 clt=1 wrkr=6 slot=2 size=921608 src=worker:6 dst=client:1
event=req_send ts_ns=80364849 id=370 clt=1 wrkr=8 slot=0 size=17 src=client:1 dst=worker:8
event=resp_recv_ud ts_ns=80404993 id=370 clt=1 wrkr=8 slot=0 size=41 src=worker:8 dst=client:1
event=hand_send ts_ns=80413640 id=370 clt=1 wrkr=8 slot=0 size=10 src=client:1 dst=worker:8
event=resp_rdma_read ts_ns=81240726 id=361 start_ns=78642548 dur_ns=2598178 clt=1 wrkr=5 slot=1 size=921608 src=worker:5 dst=client:1
event=req_send ts_ns=81240726 id=375 clt=1 wrkr=3 slot=3 size=17 src=client:1 dst=worker:3
event=resp_recv_ud ts_ns=81292297 id=375 clt=1 wrkr=3 slot=3 size=41 src=worker:3 dst=client:1
event=hand_send ts_ns=81300944 id=375 clt=1 wrkr=3 slot=3 size=10 src=client:1 dst=worker:3
event=resp_rdma_read ts_ns=81578328 id=364 start_ns=78963639 dur_ns=2614689 clt=1 wrkr=7 slot=1 size=921608 src=worker:7 dst=client:1
event=req_send ts_ns=81578328 id=376 clt=1 wrkr=11 slot=0 size=17 src=client:1 dst=worker:11
event=resp_recv_ud ts_ns=81617094 id=376 clt=1 wrkr=11 slot=0 size=41 src=worker:11 dst=client:1
event=hand_send ts_ns=81625741 id=376 clt=1 wrkr=11 slot=0 size=10 src=client:1 dst=worker:11
event=resp_rdma_read ts_ns=82074368 id=366 start_ns=79452326 dur_ns=2622042 clt=1 wrkr=1 slot=1 size=921608 src=worker:1 dst=client:1
event=req_send ts_ns=82074368 id=378 clt=1 wrkr=9 slot=0 size=17 src=client:1 dst=worker:9
event=resp_recv_ud ts_ns=82113765 id=378 clt=1 wrkr=9 slot=0 size=41 src=worker:9 dst=client:1
event=hand_send ts_ns=82122412 id=378 clt=1 wrkr=9 slot=0 size=10 src=client:1 dst=worker:9
event=resp_rdma_read ts_ns=82950080 id=370 start_ns=80413640 dur_ns=2536440 clt=1 wrkr=8 slot=0 size=921608 src=worker:8 dst=client:1
event=req_send ts_ns=82950080 id=382 clt=1 wrkr=11 slot=1 size=17 src=client:1 dst=worker:11
event=resp_recv_ud ts_ns=82999676 id=382 clt=1 wrkr=11 slot=1 size=41 src=worker:11 dst=client:1
event=hand_send ts_ns=83008323 id=382 clt=1 wrkr=11 slot=1 size=10 src=client:1 dst=worker:11
event=resp_rdma_read ts_ns=83702940 id=375 start_ns=81300944 dur_ns=2401996 clt=1 wrkr=3 slot=3 size=921608 src=worker:3 dst=client:1
event=req_send ts_ns=83702940 id=385 clt=1 wrkr=4 slot=2 size=17 src=client:1 dst=worker:4
event=resp_recv_ud ts_ns=83741868 id=385 clt=1 wrkr=4 slot=2 size=41 src=worker:4 dst=client:1
event=hand_send ts_ns=83750515 id=385 clt=1 wrkr=4 slot=2 size=10 src=client:1 dst=worker:4
event=resp_rdma_read ts_ns=84214452 id=376 start_ns=81625741 dur_ns=2588711 clt=1 wrkr=11 slot=0 size=921608 src=worker:11 dst=client:1
event=req_send ts_ns=84214452 id=388 clt=1 wrkr=7 slot=2 size=17 src=client:1 dst=worker:7
event=resp_recv_ud ts_ns=84253761 id=388 clt=1 wrkr=7 slot=2 size=41 src=worker:7 dst=client:1
event=hand_send ts_ns=84262408 id=388 clt=1 wrkr=7 slot=2 size=10 src=client:1 dst=worker:7
event=resp_rdma_read ts_ns=84749864 id=378 start_ns=82122412 dur_ns=2627452 clt=1 wrkr=9 slot=0 size=921608 src=worker:9 dst=client:1
event=req_send ts_ns=84749864 id=390 clt=1 wrkr=0 slot=1 size=17 src=client:1 dst=worker:0
event=resp_recv_ud ts_ns=84789285 id=390 clt=1 wrkr=0 slot=1 size=41 src=worker:0 dst=client:1
event=hand_send ts_ns=84797932 id=390 clt=1 wrkr=0 slot=1 size=10 src=client:1 dst=worker:0
event=resp_rdma_read ts_ns=85119164 id=382 start_ns=83008323 dur_ns=2110841 clt=1 wrkr=11 slot=1 size=921608 src=worker:11 dst=client:1
event=req_send ts_ns=85119164 id=391 clt=1 wrkr=5 slot=2 size=17 src=client:1 dst=worker:5
event=resp_recv_ud ts_ns=85158801 id=391 clt=1 wrkr=5 slot=2 size=41 src=worker:5 dst=client:1
event=hand_send ts_ns=85167448 id=391 clt=1 wrkr=5 slot=2 size=10 src=client:1 dst=worker:5
event=resp_rdma_read ts_ns=86362776 id=385 start_ns=83750515 dur_ns=2612261 clt=1 wrkr=4 slot=2 size=921608 src=worker:4 dst=client:1
event=req_send ts_ns=86362776 id=398 clt=1 wrkr=9 slot=1 size=17 src=client:1 dst=worker:9
event=resp_recv_ud ts_ns=86402212 id=398 clt=1 wrkr=9 slot=1 size=41 src=worker:9 dst=client:1
event=hand_send ts_ns=86410859 id=398 clt=1 wrkr=9 slot=1 size=10 src=client:1 dst=worker:9
event=resp_rdma_read ts_ns=86869636 id=388 start_ns=84262408 dur_ns=2607228 clt=1 wrkr=7 slot=2 size=921608 src=worker:7 dst=client:1
event=req_send ts_ns=86869636 id=400 clt=1 wrkr=2 slot=0 size=17 src=client:1 dst=worker:2
event=resp_recv_ud ts_ns=86909538 id=400 clt=1 wrkr=2 slot=0 size=41 src=worker:2 dst=client:1
event=hand_send ts_ns=86918185 id=400 clt=1 wrkr=2 slot=0 size=10 src=client:1 dst=worker:2
event=resp_rdma_read ts_ns=87409740 id=390 start_ns=84797932 dur_ns=2611808 clt=1 wrkr=0 slot=1 size=921608 src=worker:0 dst=client:1
event=req_send ts_ns=87409740 id=402 clt=1 wrkr=1 slot=2 size=17 src=client:1 dst=worker:1
event=resp_recv_ud ts_ns=87449300 id=402 clt=1 wrkr=1 slot=2 size=41 src=worker:1 dst=client:1
event=hand_send ts_ns=87457947 id=402 clt=1 wrkr=1 slot=2 size=10 src=client:1 dst=worker:1
event=resp_rdma_read ts_ns=88032111 id=391 start_ns=85167448 dur_ns=2864663 clt=1 wrkr=5 slot=2 size=921608 src=worker:5 dst=client:1
event=req_send ts_ns=88032111 id=405 clt=1 wrkr=9 slot=2 size=17 src=client:1 dst=worker:9
event=resp_recv_ud ts_ns=88072380 id=405 clt=1 wrkr=9 slot=2 size=41 src=worker:9 dst=client:1
event=hand_send ts_ns=88081027 id=405 clt=1 wrkr=9 slot=2 size=10 src=client:1 dst=worker:9
event=resp_rdma_read ts_ns=89064399 id=398 start_ns=86410859 dur_ns=2653540 clt=1 wrkr=9 slot=1 size=921608 src=worker:9 dst=client:1
event=req_send ts_ns=89064399 id=410 clt=1 wrkr=4 slot=3 size=17 src=client:1 dst=worker:4
event=resp_recv_ud ts_ns=89103454 id=410 clt=1 wrkr=4 slot=3 size=41 src=worker:4 dst=client:1
event=hand_send ts_ns=89112101 id=410 clt=1 wrkr=4 slot=3 size=10 src=client:1 dst=worker:4
event=resp_rdma_read ts_ns=89549967 id=400 start_ns=86918185 dur_ns=2631782 clt=1 wrkr=2 slot=0 size=921608 src=worker:2 dst=client:1
event=req_send ts_ns=89549967 id=412 clt=1 wrkr=1 slot=3 size=17 src=client:1 dst=worker:1
event=resp_recv_ud ts_ns=89589491 id=412 clt=1 wrkr=1 slot=3 size=41 src=worker:1 dst=client:1
event=hand_send ts_ns=89598138 id=412 clt=1 wrkr=1 slot=3 size=10 src=client:1 dst=worker:1
event=resp_rdma_read ts_ns=90075068 id=402 start_ns=87457947 dur_ns=2617121 clt=1 wrkr=1 slot=2 size=921608 src=worker:1 dst=client:1
event=req_send ts_ns=90075068 id=414 clt=1 wrkr=4 slot=0 size=17 src=client:1 dst=worker:4
event=resp_recv_ud ts_ns=90114443 id=414 clt=1 wrkr=4 slot=0 size=41 src=worker:4 dst=client:1
event=hand_send ts_ns=90123090 id=414 clt=1 wrkr=4 slot=0 size=10 src=client:1 dst=worker:4
event=resp_rdma_read ts_ns=90722014 id=405 start_ns=88081027 dur_ns=2640987 clt=1 wrkr=9 slot=2 size=921608 src=worker:9 dst=client:1
event=req_send ts_ns=90722014 id=418 clt=1 wrkr=10 slot=0 size=17 src=client:1 dst=worker:10
event=resp_recv_ud ts_ns=90760474 id=418 clt=1 wrkr=10 slot=0 size=41 src=worker:10 dst=client:1
event=hand_send ts_ns=90769121 id=418 clt=1 wrkr=10 slot=0 size=10 src=client:1 dst=worker:10
event=resp_rdma_read ts_ns=91733802 id=410 start_ns=89112101 dur_ns=2621701 clt=1 wrkr=4 slot=3 size=921608 src=worker:4 dst=client:1
event=req_send ts_ns=91733802 id=422 clt=1 wrkr=4 slot=1 size=17 src=client:1 dst=worker:4
event=resp_recv_ud ts_ns=91772799 id=422 clt=1 wrkr=4 slot=1 size=41 src=worker:4 dst=client:1
event=hand_send ts_ns=91781446 id=422 clt=1 wrkr=4 slot=1 size=10 src=client:1 dst=worker:4
event=resp_rdma_read ts_ns=92208108 id=412 start_ns=89598138 dur_ns=2609970 clt=1 wrkr=1 slot=3 size=921608 src=worker:1 dst=client:1
event=req_send ts_ns=92208108 id=424 clt=1 wrkr=2 slot=1 size=17 src=client:1 dst=worker:2
event=resp_recv_ud ts_ns=92247514 id=424 clt=1 wrkr=2 slot=1 size=41 src=worker:2 dst=client:1
event=hand_send ts_ns=92256161 id=424 clt=1 wrkr=2 slot=1 size=10 src=client:1 dst=worker:2
event=resp_rdma_read ts_ns=92729776 id=414 start_ns=90123090 dur_ns=2606686 clt=1 wrkr=4 slot=0 size=921608 src=worker:4 dst=client:1
event=req_send ts_ns=92729776 id=426 clt=1 wrkr=3 slot=0 size=17 src=client:1 dst=worker:3
event=resp_recv_ud ts_ns=92771506 id=426 clt=1 wrkr=3 slot=0 size=41 src=worker:3 dst=client:1
event=hand_send ts_ns=92780153 id=426 clt=1 wrkr=3 slot=0 size=10 src=client:1 dst=worker:3
event=resp_rdma_read ts_ns=93372959 id=418 start_ns=90769121 dur_ns=2603838 clt=1 wrkr=10 slot=0 size=921608 src=worker:10 dst=client:1
event=req_send ts_ns=93372959 id=429 clt=1 wrkr=5 slot=3 size=17 src=client:1 dst=worker:5
event=resp_recv_ud ts_ns=93412491 id=429 clt=1 wrkr=5 slot=3 size=41 src=worker:5 dst=client:1
event=hand_send ts_ns=93421138 id=429 clt=1 wrkr=5 slot=3 size=10 src=client:1 dst=worker:5
event=resp_rdma_read ts_ns=94386323 id=422 start_ns=91781446 dur_ns=2604877 clt=1 wrkr=4 slot=1 size=921608 src=worker:4 dst=client:1
event=req_send ts_ns=94386323 id=434 clt=1 wrkr=0 slot=2 size=17 src=client:1 dst=worker:0
event=resp_recv_ud ts_ns=94425457 id=434 clt=1 wrkr=0 slot=2 size=41 src=worker:0 dst=client:1
event=hand_send ts_ns=94434104 id=434 clt=1 wrkr=0 slot=2 size=10 src=client:1 dst=worker:0
event=resp_rdma_read ts_ns=94858889 id=424 start_ns=92256161 dur_ns=2602728 clt=1 wrkr=2 slot=1 size=921608 src=worker:2 dst=client:1
event=req_send ts_ns=94858889 id=436 clt=1 wrkr=10 slot=1 size=17 src=client:1 dst=worker:10
event=resp_recv_ud ts_ns=94898234 id=436 clt=1 wrkr=10 slot=1 size=41 src=worker:10 dst=client:1
event=hand_send ts_ns=94906881 id=436 clt=1 wrkr=10 slot=1 size=10 src=client:1 dst=worker:10
event=resp_rdma_read ts_ns=95484176 id=426 start_ns=92780153 dur_ns=2704023 clt=1 wrkr=3 slot=0 size=921608 src=worker:3 dst=client:1
event=req_send ts_ns=95484176 id=439 clt=1 wrkr=10 slot=2 size=17 src=client:1 dst=worker:10
event=resp_recv_ud ts_ns=95523200 id=439 clt=1 wrkr=10 slot=2 size=41 src=worker:10 dst=client:1
event=hand_send ts_ns=95531847 id=439 clt=1 wrkr=10 slot=2 size=10 src=client:1 dst=worker:10
event=resp_rdma_read ts_ns=96024276 id=429 start_ns=93421138 dur_ns=2603138 clt=1 wrkr=5 slot=3 size=921608 src=worker:5 dst=client:1
event=req_send ts_ns=96024276 id=442 clt=1 wrkr=5 slot=0 size=17 src=client:1 dst=worker:5
event=resp_recv_ud ts_ns=96063680 id=442 clt=1 wrkr=5 slot=0 size=41 src=worker:5 dst=client:1
event=hand_send ts_ns=96072327 id=442 clt=1 wrkr=5 slot=0 size=10 src=client:1 dst=worker:5
event=resp_rdma_read ts_ns=97048433 id=434 start_ns=94434104 dur_ns=2614329 clt=1 wrkr=0 slot=2 size=921608 src=worker:0 dst=client:1
event=req_send ts_ns=97048433 id=446 clt=1 wrkr=7 slot=3 size=17 src=client:1 dst=worker:7
event=resp_recv_ud ts_ns=97087680 id=446 clt=1 wrkr=7 slot=3 size=41 src=worker:7 dst=client:1
event=hand_send ts_ns=97096327 id=446 clt=1 wrkr=7 slot=3 size=10 src=client:1 dst=worker:7
event=resp_rdma_read ts_ns=97508325 id=436 start_ns=94906881 dur_ns=2601444 clt=1 wrkr=10 slot=1 size=921608 src=worker:10 dst=client:1
event=req_send ts_ns=97508325 id=449 clt=1 wrkr=2 slot=2 size=17 src=client:1 dst=worker:2
event=resp_recv_ud ts_ns=97550656 id=449 clt=1 wrkr=2 slot=2 size=41 src=worker:2 dst=client:1
event=hand_send ts_ns=97559303 id=449 clt=1 wrkr=2 slot=2 size=10 src=client:1 dst=worker:2
event=resp_rdma_read ts_ns=98129547 id=439 start_ns=95531847 dur_ns=2597700 clt=1 wrkr=10 slot=2 size=921608 src=worker:10 dst=client:1
event=req_send ts_ns=98129547 id=452 clt=1 wrkr=10 slot=3 size=17 src=client:1 dst=worker:10
event=resp_recv_ud ts_ns=98168640 id=452 clt=1 wrkr=10 slot=3 size=41 src=worker:10 dst=client:1
event=hand_send ts_ns=98177287 id=452 clt=1 wrkr=10 slot=3 size=10 src=client:1 dst=worker:10
event=resp_rdma_read ts_ns=98699738 id=442 start_ns=96072327 dur_ns=2627411 clt=1 wrkr=5 slot=0 size=921608 src=worker:5 dst=client:1
event=req_send ts_ns=98699738 id=454 clt=1 wrkr=4 slot=2 size=17 src=client:1 dst=worker:4
event=resp_recv_ud ts_ns=98739280 id=454 clt=1 wrkr=4 slot=2 size=41 src=worker:4 dst=client:1
event=hand_send ts_ns=98747927 id=454 clt=1 wrkr=4 slot=2 size=10 src=client:1 dst=worker:4
event=resp_rdma_read ts_ns=99711887 id=446 start_ns=97096327 dur_ns=2615560 clt=1 wrkr=7 slot=3 size=921608 src=worker:7 dst=client:1
event=req_send ts_ns=99711887 id=458 clt=1 wrkr=2 slot=3 size=17 src=client:1 dst=worker:2
event=resp_recv_ud ts_ns=99750651 id=458 clt=1 wrkr=2 slot=3 size=41 src=worker:2 dst=client:1
event=hand_send ts_ns=99759298 id=458 clt=1 wrkr=2 slot=3 size=10 src=client:1 dst=worker:2
event=resp_rdma_read ts_ns=99892118 id=449 start_ns=97559303 dur_ns=2332815 clt=1 wrkr=2 slot=2 size=921608 src=worker:2 dst=client:1
event=req_send ts_ns=99892118 id=460 clt=1 wrkr=5 slot=1 size=17 src=client:1 dst=worker:5
event=resp_recv_ud ts_ns=99945615 id=460 clt=1 wrkr=5 slot=1 size=41 src=worker:5 dst=client:1
event=hand_send ts_ns=99954262 id=460 clt=1 wrkr=5 slot=1 size=10 src=client:1 dst=worker:5
event=resp_rdma_read ts_ns=100779343 id=452 start_ns=98177287 dur_ns=2602056 clt=1 wrkr=10 slot=3 size=921608 src=worker:10 dst=client:1
event=req_send ts_ns=100779343 id=464 clt=1 wrkr=3 slot=1 size=17 src=client:1 dst=worker:3
event=resp_recv_ud ts_ns=100818709 id=464 clt=1 wrkr=3 slot=1 size=41 src=worker:3 dst=client:1
event=hand_send ts_ns=100827356 id=464 clt=1 wrkr=3 slot=1 size=10 src=client:1 dst=worker:3
event=resp_rdma_read ts_ns=101332747 id=454 start_ns=98747927 dur_ns=2584820 clt=1 wrkr=4 slot=2 size=921608 src=worker:4 dst=client:1
event=req_send ts_ns=101332747 id=466 clt=1 wrkr=1 slot=0 size=17 src=client:1 dst=worker:1
event=resp_recv_ud ts_ns=101375267 id=466 clt=1 wrkr=1 slot=0 size=41 src=worker:1 dst=client:1
event=hand_send ts_ns=101383914 id=466 clt=1 wrkr=1 slot=0 size=10 src=client:1 dst=worker:1
event=resp_rdma_read ts_ns=102356625 id=458 start_ns=99759298 dur_ns=2597327 clt=1 wrkr=2 slot=3 size=921608 src=worker:2 dst=client:1
event=req_send ts_ns=102356625 id=470 clt=1 wrkr=3 slot=2 size=17 src=client:1 dst=worker:3
event=resp_recv_ud ts_ns=102395402 id=470 clt=1 wrkr=3 slot=2 size=41 src=worker:3 dst=client:1
event=hand_send ts_ns=102404049 id=470 clt=1 wrkr=3 slot=2 size=10 src=client:1 dst=worker:3
event=resp_rdma_read ts_ns=102407206 id=460 start_ns=99954262 dur_ns=2452944 clt=1 wrkr=5 slot=1 size=921608 src=worker:5 dst=client:1
event=req_send ts_ns=102407206 id=471 clt=1 wrkr=0 slot=3 size=17 src=client:1 dst=worker:0
event=resp_recv_ud ts_ns=102459211 id=471 clt=1 wrkr=0 slot=3 size=41 src=worker:0 dst=client:1
event=hand_send ts_ns=102467858 id=471 clt=1 wrkr=0 slot=3 size=10 src=client:1 dst=worker:0
event=resp_rdma_read ts_ns=103450076 id=464 start_ns=100827356 dur_ns=2622720 clt=1 wrkr=3 slot=1 size=921608 src=worker:3 dst=client:1
event=req_send ts_ns=103450076 id=476 clt=1 wrkr=10 slot=0 size=17 src=client:1 dst=worker:10
event=resp_recv_ud ts_ns=103489375 id=476 clt=1 wrkr=10 slot=0 size=41 src=worker:10 dst=client:1
event=hand_send ts_ns=103498022 id=476 clt=1 wrkr=10 slot=0 size=10 src=client:1 dst=worker:10
event=resp_rdma_read ts_ns=103720488 id=466 start_ns=101383914 dur_ns=2336574 clt=1 wrkr=1 slot=0 size=921608 src=worker:1 dst=client:1
event=req_send ts_ns=103720488 id=477 clt=1 wrkr=10 slot=1 size=17 src=client:1 dst=worker:10
event=resp_recv_ud ts_ns=103759928 id=477 clt=1 wrkr=10 slot=1 size=41 src=worker:10 dst=client:1
event=hand_send ts_ns=103768575 id=477 clt=1 wrkr=10 slot=1 size=10 src=client:1 dst=worker:10
event=resp_rdma_read ts_ns=104648543 id=471 start_ns=102467858 dur_ns=2180685 clt=1 wrkr=0 slot=3 size=921608 src=worker:0 dst=client:1
event=req_send ts_ns=104648543 id=480 clt=1 wrkr=6 slot=3 size=17 src=client:1 dst=worker:6
event=resp_recv_ud ts_ns=104688091 id=480 clt=1 wrkr=6 slot=3 size=41 src=worker:6 dst=client:1
event=hand_send ts_ns=104696738 id=480 clt=1 wrkr=6 slot=3 size=10 src=client:1 dst=worker:6
event=resp_rdma_read ts_ns=105147901 id=470 start_ns=102404049 dur_ns=2743852 clt=1 wrkr=3 slot=2 size=921608 src=worker:3 dst=client:1
event=req_send ts_ns=105147901 id=483 clt=1 wrkr=11 slot=2 size=17 src=client:1 dst=worker:11
event=resp_recv_ud ts_ns=105186904 id=483 clt=1 wrkr=11 slot=2 size=41 src=worker:11 dst=client:1
event=hand_send ts_ns=105195551 id=483 clt=1 wrkr=11 slot=2 size=10 src=client:1 dst=worker:11
event=resp_rdma_read ts_ns=106103791 id=476 start_ns=103498022 dur_ns=2605769 clt=1 wrkr=10 slot=0 size=921608 src=worker:10 dst=client:1
event=req_send ts_ns=106103791 id=488 clt=1 wrkr=5 slot=2 size=17 src=client:1 dst=worker:5
event=resp_recv_ud ts_ns=106142993 id=488 clt=1 wrkr=5 slot=2 size=41 src=worker:5 dst=client:1
event=hand_send ts_ns=106151640 id=488 clt=1 wrkr=5 slot=2 size=10 src=client:1 dst=worker:5
event=resp_rdma_read ts_ns=106378466 id=477 start_ns=103768575 dur_ns=2609891 clt=1 wrkr=10 slot=1 size=921608 src=worker:10 dst=client:1
event=req_send ts_ns=106378466 id=489 clt=1 wrkr=10 slot=2 size=17 src=client:1 dst=worker:10
event=resp_recv_ud ts_ns=106417870 id=489 clt=1 wrkr=10 slot=2 size=41 src=worker:10 dst=client:1
event=hand_send ts_ns=106426517 id=489 clt=1 wrkr=10 slot=2 size=10 src=client:1 dst=worker:10
event=resp_rdma_read ts_ns=107285588 id=480 start_ns=104696738 dur_ns=2588850 clt=1 wrkr=6 slot=3 size=921608 src=worker:6 dst=client:1
event=req_send ts_ns=107285588 id=493 clt=1 wrkr=2 slot=0 size=17 src=client:1 dst=worker:2
event=resp_recv_ud ts_ns=107324945 id=493 clt=1 wrkr=2 slot=0 size=41 src=worker:2 dst=client:1
event=hand_send ts_ns=107333592 id=493 clt=1 wrkr=2 slot=0 size=10 src=client:1 dst=worker:2
event=resp_rdma_read ts_ns=107785570 id=483 start_ns=105195551 dur_ns=2590019 clt=1 wrkr=11 slot=2 size=921608 src=worker:11 dst=client:1
event=req_send ts_ns=107785570 id=496 clt=1 wrkr=4 slot=3 size=17 src=client:1 dst=worker:4
event=resp_recv_ud ts_ns=107824298 id=496 clt=1 wrkr=4 slot=3 size=41 src=worker:4 dst=client:1
event=hand_send ts_ns=107832945 id=496 clt=1 wrkr=4 slot=3 size=10 src=client:1 dst=worker:4
event=resp_rdma_read ts_ns=108758145 id=488 start_ns=106151640 dur_ns=2606505 clt=1 wrkr=5 slot=2 size=921608 src=worker:5 dst=client:1
event=req_send ts_ns=108758145 id=500 clt=1 wrkr=1 slot=1 size=17 src=client:1 dst=worker:1
event=resp_recv_ud ts_ns=108797065 id=500 clt=1 wrkr=1 slot=1 size=41 src=worker:1 dst=client:1
event=hand_send ts_ns=108805712 id=500 clt=1 wrkr=1 slot=1 size=10 src=client:1 dst=worker:1
event=resp_rdma_read ts_ns=109032473 id=489 start_ns=106426517 dur_ns=2605956 clt=1 wrkr=10 slot=2 size=921608 src=worker:10 dst=client:1
event=req_send ts_ns=109032473 id=501 clt=1 wrkr=3 slot=3 size=17 src=client:1 dst=worker:3
event=resp_recv_ud ts_ns=109071624 id=501 clt=1 wrkr=3 slot=3 size=41 src=worker:3 dst=client:1
event=hand_send ts_ns=109080271 id=501 clt=1 wrkr=3 slot=3 size=10 src=client:1 dst=worker:3
event=resp_rdma_read ts_ns=109919842 id=493 start_ns=107333592 dur_ns=2586250 clt=1 wrkr=2 slot=0 size=921608 src=worker:2 dst=client:1
event=req_send ts_ns=109919842 id=505 clt=1 wrkr=10 slot=3 size=17 src=client:1 dst=worker:10
event=resp_recv_ud ts_ns=109959147 id=505 clt=1 wrkr=10 slot=3 size=41 src=worker:10 dst=client:1
event=hand_send ts_ns=109967794 id=505 clt=1 wrkr=10 slot=3 size=10 src=client:1 dst=worker:10
event=resp_rdma_read ts_ns=110428080 id=496 start_ns=107832945 dur_ns=2595135 clt=1 wrkr=4 slot=3 size=921608 src=worker:4 dst=client:1
event=req_send ts_ns=110428080 id=508 clt=1 wrkr=11 slot=3 size=17 src=client:1 dst=worker:11
event=resp_recv_ud ts_ns=110466823 id=508 clt=1 wrkr=11 slot=3 size=41 src=worker:11 dst=client:1
event=hand_send ts_ns=110475470 id=508 clt=1 wrkr=11 slot=3 size=10 src=client:1 dst=worker:11
event=resp_rdma_read ts_ns=111396175 id=500 start_ns=108805712 dur_ns=2590463 clt=1 wrkr=1 slot=1 size=921608 src=worker:1 dst=client:1
event=req_send ts_ns=111396175 id=512 clt=1 wrkr=6 slot=0 size=17 src=client:1 dst=worker:6
event=resp_recv_ud ts_ns=111435072 id=512 clt=1 wrkr=6 slot=0 size=41 src=worker:6 dst=client:1
event=hand_send ts_ns=111443719 id=512 clt=1 wrkr=6 slot=0 size=10 src=client:1 dst=worker:6
event=resp_rdma_read ts_ns=111669962 id=501 start_ns=109080271 dur_ns=2589691 clt=1 wrkr=3 slot=3 size=921608 src=worker:3 dst=client:1
event=req_send ts_ns=111669962 id=513 clt=1 wrkr=8 slot=1 size=17 src=client:1 dst=worker:8
event=resp_recv_ud ts_ns=111709106 id=513 clt=1 wrkr=8 slot=1 size=41 src=worker:8 dst=client:1
event=hand_send ts_ns=111717753 id=513 clt=1 wrkr=8 slot=1 size=10 src=client:1 dst=worker:8
event=resp_rdma_read ts_ns=112551863 id=505 start_ns=109967794 dur_ns=2584069 clt=1 wrkr=10 slot=3 size=921608 src=worker:10 dst=client:1
event=req_send ts_ns=112551863 id=517 clt=1 wrkr=2 slot=1 size=17 src=client:1 dst=worker:2
event=resp_recv_ud ts_ns=112591140 id=517 clt=1 wrkr=2 slot=1 size=41 src=worker:2 dst=client:1
event=hand_send ts_ns=112599787 id=517 clt=1 wrkr=2 slot=1 size=10 src=client:1 dst=worker:2
event=resp_rdma_read ts_ns=113071096 id=508 start_ns=110475470 dur_ns=2595626 clt=1 wrkr=11 slot=3 size=921608 src=worker:11 dst=client:1
event=req_send ts_ns=113071096 id=520 clt=1 wrkr=9 slot=3 size=17 src=client:1 dst=worker:9
event=resp_recv_ud ts_ns=113109840 id=520 clt=1 wrkr=9 slot=3 size=41 src=worker:9 dst=client:1
event=hand_send ts_ns=113118487 id=520 clt=1 wrkr=9 slot=3 size=10 src=client:1 dst=worker:9
event=resp_rdma_read ts_ns=114034932 id=512 start_ns=111443719 dur_ns=2591213 clt=1 wrkr=6 slot=0 size=921608 src=worker:6 dst=client:1
event=req_send ts_ns=114034932 id=524 clt=1 wrkr=10 slot=0 size=17 src=client:1 dst=worker:10
event=resp_recv_ud ts_ns=114073804 id=524 clt=1 wrkr=10 slot=0 size=41 src=worker:10 dst=client:1
event=hand_send ts_ns=114082451 id=524 clt=1 wrkr=10 slot=0 size=10 src=client:1 dst=worker:10
event=resp_rdma_read ts_ns=114307113 id=513 start_ns=111717753 dur_ns=2589360 clt=1 wrkr=8 slot=1 size=921608 src=worker:8 dst=client:1
event=req_send ts_ns=114307113 id=525 clt=1 wrkr=1 slot=2 size=17 src=client:1 dst=worker:1
event=resp_recv_ud ts_ns=114346243 id=525 clt=1 wrkr=1 slot=2 size=41 src=worker:1 dst=client:1
event=hand_send ts_ns=114354890 id=525 clt=1 wrkr=1 slot=2 size=10 src=client:1 dst=worker:1
event=resp_rdma_read ts_ns=115183224 id=517 start_ns=112599787 dur_ns=2583437 clt=1 wrkr=2 slot=1 size=921608 src=worker:2 dst=client:1
event=req_send ts_ns=115183224 id=529 clt=1 wrkr=2 slot=2 size=17 src=client:1 dst=worker:2
event=resp_recv_ud ts_ns=115222474 id=529 clt=1 wrkr=2 slot=2 size=41 src=worker:2 dst=client:1
event=hand_send ts_ns=115231121 id=529 clt=1 wrkr=2 slot=2 size=10 src=client:1 dst=worker:2
event=resp_rdma_read ts_ns=115713817 id=520 start_ns=113118487 dur_ns=2595330 clt=1 wrkr=9 slot=3 size=921608 src=worker:9 dst=client:1
event=req_send ts_ns=115713817 id=532 clt=1 wrkr=9 slot=0 size=17 src=client:1 dst=worker:9
event=resp_recv_ud ts_ns=115752565 id=532 clt=1 wrkr=9 slot=0 size=41 src=worker:9 dst=client:1
event=hand_send ts_ns=115761212 id=532 clt=1 wrkr=9 slot=0 size=10 src=client:1 dst=worker:9
event=resp_rdma_read ts_ns=116673507 id=524 start_ns=114082451 dur_ns=2591056 clt=1 wrkr=10 slot=0 size=921608 src=worker:10 dst=client:1
event=req_send ts_ns=116673507 id=536 clt=1 wrkr=6 slot=1 size=17 src=client:1 dst=worker:6
event=resp_recv_ud ts_ns=116712359 id=536 clt=1 wrkr=6 slot=1 size=41 src=worker:6 dst=client:1
event=hand_send ts_ns=116721006 id=536 clt=1 wrkr=6 slot=1 size=10 src=client:1 dst=worker:6
event=resp_rdma_read ts_ns=116943921 id=525 start_ns=114354890 dur_ns=2589031 clt=1 wrkr=1 slot=2 size=921608 src=worker:1 dst=client:1
event=req_send ts_ns=116943921 id=537 clt=1 wrkr=5 slot=3 size=17 src=client:1 dst=worker:5
event=resp_recv_ud ts_ns=116983035 id=537 clt=1 wrkr=5 slot=3 size=41 src=worker:5 dst=client:1
event=hand_send ts_ns=116991682 id=537 clt=1 wrkr=5 slot=3 size=10 src=client:1 dst=worker:5
event=resp_rdma_read ts_ns=117814537 id=529 start_ns=115231121 dur_ns=2583416 clt=1 wrkr=2 slot=2 size=921608 src=worker:2 dst=client:1
event=req_send ts_ns=117814537 id=541 clt=1 wrkr=5 slot=0 size=17 src=client:1 dst=worker:5
event=resp_recv_ud ts_ns=117853761 id=541 clt=1 wrkr=5 slot=0 size=41 src=worker:5 dst=client:1
event=hand_send ts_ns=117862408 id=541 clt=1 wrkr=5 slot=0 size=10 src=client:1 dst=worker:5
event=resp_rdma_read ts_ns=118356706 id=532 start_ns=115761212 dur_ns=2595494 clt=1 wrkr=9 slot=0 size=921608 src=worker:9 dst=client:1
event=req_send ts_ns=118356706 id=544 clt=1 wrkr=10 slot=1 size=17 src=client:1 dst=worker:10
event=resp_recv_ud ts_ns=118395460 id=544 clt=1 wrkr=10 slot=1 size=41 src=worker:10 dst=client:1
event=hand_send ts_ns=118404107 id=544 clt=1 wrkr=10 slot=1 size=10 src=client:1 dst=worker:10
event=resp_rdma_read ts_ns=119313245 id=536 start_ns=116721006 dur_ns=2592239 clt=1 wrkr=6 slot=1 size=921608 src=worker:6 dst=client:1
event=req_send ts_ns=119313245 id=548 clt=1 wrkr=10 slot=2 size=17 src=client:1 dst=worker:10
event=resp_recv_ud ts_ns=119352084 id=548 clt=1 wrkr=10 slot=2 size=41 src=worker:10 dst=client:1
event=hand_send ts_ns=119360731 id=548 clt=1 wrkr=10 slot=2 size=10 src=client:1 dst=worker:10
event=resp_rdma_read ts_ns=119579911 id=537 start_ns=116991682 dur_ns=2588229 clt=1 wrkr=5 slot=3 size=921608 src=worker:5 dst=client:1
event=req_send ts_ns=119579911 id=549 clt=1 wrkr=8 slot=2 size=17 src=client:1 dst=worker:8
event=resp_recv_ud ts_ns=119619002 id=549 clt=1 wrkr=8 slot=2 size=41 src=worker:8 dst=client:1
event=hand_send ts_ns=119627649 id=549 clt=1 wrkr=8 slot=2 size=10 src=client:1 dst=worker:8
event=resp_rdma_read ts_ns=120445525 id=541 start_ns=117862408 dur_ns=2583117 clt=1 wrkr=5 slot=0 size=921608 src=worker:5 dst=client:1
event=req_send ts_ns=120445525 id=553 clt=1 wrkr=6 slot=2 size=17 src=client:1 dst=worker:6
event=resp_recv_ud ts_ns=120484721 id=553 clt=1 wrkr=6 slot=2 size=41 src=worker:6 dst=client:1
event=hand_send ts_ns=120493368 id=553 clt=1 wrkr=6 slot=2 size=10 src=client:1 dst=worker:6
event=resp_rdma_read ts_ns=120998994 id=544 start_ns=118404107 dur_ns=2594887 clt=1 wrkr=10 slot=1 size=921608 src=worker:10 dst=client:1
event=req_send ts_ns=120998994 id=556 clt=1 wrkr=5 slot=1 size=17 src=client:1 dst=worker:5
event=resp_recv_ud ts_ns=121037753 id=556 clt=1 wrkr=5 slot=1 size=41 src=worker:5 dst=client:1
event=hand_send ts_ns=121046400 id=556 clt=1 wrkr=5 slot=1 size=10 src=client:1 dst=worker:5
event=resp_rdma_read ts_ns=121952821 id=548 start_ns=119360731 dur_ns=2592090 clt=1 wrkr=10 slot=2 size=921608 src=worker:10 dst=client:1
event=req_send ts_ns=121952821 id=560 clt=1 wrkr=6 slot=3 size=17 src=client:1 dst=worker:6
event=resp_recv_ud ts_ns=121991651 id=560 clt=1 wrkr=6 slot=3 size=41 src=worker:6 dst=client:1
event=hand_send ts_ns=122000298 id=560 clt=1 wrkr=6 slot=3 size=10 src=client:1 dst=worker:6
event=resp_rdma_read ts_ns=122215519 id=549 start_ns=119627649 dur_ns=2587870 clt=1 wrkr=8 slot=2 size=921608 src=worker:8 dst=client:1
event=req_send ts_ns=122215519 id=561 clt=1 wrkr=2 slot=3 size=17 src=client:1 dst=worker:2
event=resp_recv_ud ts_ns=122254590 id=561 clt=1 wrkr=2 slot=3 size=41 src=worker:2 dst=client:1
event=hand_send ts_ns=122263237 id=561 clt=1 wrkr=2 slot=3 size=10 src=client:1 dst=worker:2
event=resp_rdma_read ts_ns=123076170 id=553 start_ns=120493368 dur_ns=2582802 clt=1 wrkr=6 slot=2 size=921608 src=worker:6 dst=client:1
event=req_send ts_ns=123076170 id=565 clt=1 wrkr=8 slot=3 size=17 src=client:1 dst=worker:8
event=resp_recv_ud ts_ns=123115335 id=565 clt=1 wrkr=8 slot=3 size=41 src=worker:8 dst=client:1
event=hand_send ts_ns=123123982 id=565 clt=1 wrkr=8 slot=3 size=10 src=client:1 dst=worker:8
event=resp_rdma_read ts_ns=123641575 id=556 start_ns=121046400 dur_ns=2595175 clt=1 wrkr=5 slot=1 size=921608 src=worker:5 dst=client:1
event=req_send ts_ns=123641575 id=568 clt=1 wrkr=10 slot=3 size=17 src=client:1 dst=worker:10
event=resp_recv_ud ts_ns=123680346 id=568 clt=1 wrkr=10 slot=3 size=41 src=worker:10 dst=client:1
event=hand_send ts_ns=123688993 id=568 clt=1 wrkr=10 slot=3 size=10 src=client:1 dst=worker:10
event=resp_rdma_read ts_ns=124592829 id=560 start_ns=122000298 dur_ns=2592531 clt=1 wrkr=6 slot=3 size=921608 src=worker:6 dst=client:1
event=req_send ts_ns=124592829 id=572 clt=1 wrkr=10 slot=0 size=17 src=client:1 dst=worker:10
event=resp_recv_ud ts_ns=124631651 id=572 clt=1 wrkr=10 slot=0 size=41 src=worker:10 dst=client:1
event=hand_send ts_ns=124640298 id=572 clt=1 wrkr=10 slot=0 size=10 src=client:1 dst=worker:10
event=resp_rdma_read ts_ns=124851322 id=561 start_ns=122263237 dur_ns=2588085 clt=1 wrkr=2 slot=3 size=921608 src=worker:2 dst=client:1
event=req_send ts_ns=124851322 id=573 clt=1 wrkr=5 slot=2 size=17 src=client:1 dst=worker:5
event=resp_recv_ud ts_ns=124890369 id=573 clt=1 wrkr=5 slot=2 size=41 src=worker:5 dst=client:1
event=hand_send ts_ns=124899016 id=573 clt=1 wrkr=5 slot=2 size=10 src=client:1 dst=worker:5
event=resp_rdma_read ts_ns=125706510 id=565 start_ns=123123982 dur_ns=2582528 clt=1 wrkr=8 slot=3 size=921608 src=worker:8 dst=client:1
event=req_send ts_ns=125706510 id=577 clt=1 wrkr=3 slot=0 size=17 src=client:1 dst=worker:3
event=resp_recv_ud ts_ns=125745652 id=577 clt=1 wrkr=3 slot=0 size=41 src=worker:3 dst=client:1
event=hand_send ts_ns=125754299 id=577 clt=1 wrkr=3 slot=0 size=10 src=client:1 dst=worker:3
event=resp_rdma_read ts_ns=126284141 id=568 start_ns=123688993 dur_ns=2595148 clt=1 wrkr=10 slot=3 size=921608 src=worker:10 dst=client:1
event=req_send ts_ns=126284141 id=580 clt=1 wrkr=7 slot=0 size=17 src=client:1 dst=worker:7
event=resp_recv_ud ts_ns=126322932 id=580 clt=1 wrkr=7 slot=0 size=41 src=worker:7 dst=client:1
event=hand_send ts_ns=126331579 id=580 clt=1 wrkr=7 slot=0 size=10 src=client:1 dst=worker:7
event=resp_rdma_read ts_ns=127233371 id=572 start_ns=124640298 dur_ns=2593073 clt=1 wrkr=10 slot=0 size=921608 src=worker:10 dst=client:1
event=req_send ts_ns=127233371 id=584 clt=1 wrkr=8 slot=0 size=17 src=client:1 dst=worker:8
event=resp_recv_ud ts_ns=127272188 id=584 clt=1 wrkr=8 slot=0 size=41 src=worker:8 dst=client:1
event=hand_send ts_ns=127280835 id=584 clt=1 wrkr=8 slot=0 size=10 src=client:1 dst=worker:8
event=resp_rdma_read ts_ns=127486360 id=573 start_ns=124899016 dur_ns=2587344 clt=1 wrkr=5 slot=2 size=921608 src=worker:5 dst=client:1
event=req_send ts_ns=127486360 id=585 clt=1 wrkr=2 slot=0 size=17 src=client:1 dst=worker:2
event=resp_recv_ud ts_ns=127525385 id=585 clt=1 wrkr=2 slot=0 size=41 src=worker:2 dst=client:1
event=hand_send ts_ns=127534032 id=585 clt=1 wrkr=2 slot=0 size=10 src=client:1 dst=worker:2
event=resp_rdma_read ts_ns=128336273 id=577 start_ns=125754299 dur_ns=2581974 clt=1 wrkr=3 slot=0 size=921608 src=worker:3 dst=client:1
event=req_send ts_ns=128336273 id=589 clt=1 wrkr=3 slot=1 size=17 src=client:1 dst=worker:3
event=resp_recv_ud ts_ns=128375390 id=589 clt=1 wrkr=3 slot=1 size=41 src=worker:3 dst=client:1
event=hand_send ts_ns=128384037 id=589 clt=1 wrkr=3 slot=1 size=10 src=client:1 dst=worker:3
event=resp_rdma_read ts_ns=128926558 id=580 start_ns=126331579 dur_ns=2594979 clt=1 wrkr=7 slot=0 size=921608 src=worker:7 dst=client:1
event=req_send ts_ns=128926558 id=592 clt=1 wrkr=0 slot=0 size=17 src=client:1 dst=worker:0
event=resp_recv_ud ts_ns=128965381 id=592 clt=1 wrkr=0 slot=0 size=41 src=worker:0 dst=client:1
event=hand_send ts_ns=128974028 id=592 clt=1 wrkr=0 slot=0 size=10 src=client:1 dst=worker:0
event=resp_rdma_read ts_ns=129874222 id=584 start_ns=127280835 dur_ns=2593387 clt=1 wrkr=8 slot=0 size=921608 src=worker:8 dst=client:1
event=req_send ts_ns=129874222 id=596 clt=1 wrkr=0 slot=1 size=17 src=client:1 dst=worker:0
event=resp_recv_ud ts_ns=129913041 id=596 clt=1 wrkr=0 slot=1 size=41 src=worker:0 dst=client:1
event=hand_send ts_ns=129921688 id=596 clt=1 wrkr=0 slot=1 size=10 src=client:1 dst=worker:0
event=resp_rdma_read ts_ns=130121597 id=585 start_ns=127534032 dur_ns=2587565 clt=1 wrkr=2 slot=0 size=921608 src=worker:2 dst=client:1
event=req_send ts_ns=130121597 id=597 clt=1 wrkr=1 slot=3 size=17 src=client:1 dst=worker:1
event=resp_recv_ud ts_ns=130160602 id=597 clt=1 wrkr=1 slot=3 size=41 src=worker:1 dst=client:1
event=hand_send ts_ns=130169249 id=597 clt=1 wrkr=1 slot=3 size=10 src=client:1 dst=worker:1
event=resp_rdma_read ts_ns=130966358 id=589 start_ns=128384037 dur_ns=2582321 clt=1 wrkr=3 slot=1 size=921608 src=worker:3 dst=client:1
event=req_send ts_ns=130966358 id=601 clt=1 wrkr=11 slot=0 size=17 src=client:1 dst=worker:11
event=resp_recv_ud ts_ns=131005457 id=601 clt=1 wrkr=11 slot=0 size=41 src=worker:11 dst=client:1
event=hand_send ts_ns=131014104 id=601 clt=1 wrkr=11 slot=0 size=10 src=client:1 dst=worker:11
event=resp_rdma_read ts_ns=131570394 id=592 start_ns=128974028 dur_ns=2596366 clt=1 wrkr=0 slot=0 size=921608 src=worker:0 dst=client:1
event=req_send ts_ns=131570394 id=604 clt=1 wrkr=11 slot=1 size=17 src=client:1 dst=worker:11
event=resp_recv_ud ts_ns=131609269 id=604 clt=1 wrkr=11 slot=1 size=41 src=worker:11 dst=client:1
event=hand_send ts_ns=131617916 id=604 clt=1 wrkr=11 slot=1 size=10 src=client:1 dst=worker:11
event=resp_rdma_read ts_ns=132515983 id=596 start_ns=129921688 dur_ns=2594295 clt=1 wrkr=0 slot=1 size=921608 src=worker:0 dst=client:1
event=req_send ts_ns=132515983 id=608 clt=1 wrkr=1 slot=0 size=17 src=client:1 dst=worker:1
event=resp_recv_ud ts_ns=132554812 id=608 clt=1 wrkr=1 slot=0 size=41 src=worker:1 dst=client:1
event=hand_send ts_ns=132563459 id=608 clt=1 wrkr=1 slot=0 size=10 src=client:1 dst=worker:1
event=resp_rdma_read ts_ns=132756675 id=597 start_ns=130169249 dur_ns=2587426 clt=1 wrkr=1 slot=3 size=921608 src=worker:1 dst=client:1
event=req_send ts_ns=132756675 id=609 clt=1 wrkr=10 slot=1 size=17 src=client:1 dst=worker:10
event=resp_recv_ud ts_ns=132795654 id=609 clt=1 wrkr=10 slot=1 size=41 src=worker:10 dst=client:1
event=hand_send ts_ns=132804301 id=609 clt=1 wrkr=10 slot=1 size=10 src=client:1 dst=worker:10
event=resp_rdma_read ts_ns=133597065 id=601 start_ns=131014104 dur_ns=2582961 clt=1 wrkr=11 slot=0 size=921608 src=worker:11 dst=client:1
event=req_send ts_ns=133597065 id=613 clt=1 wrkr=9 slot=1 size=17 src=client:1 dst=worker:9
event=resp_recv_ud ts_ns=133636566 id=613 clt=1 wrkr=9 slot=1 size=41 src=worker:9 dst=client:1
event=hand_send ts_ns=133645213 id=613 clt=1 wrkr=9 slot=1 size=10 src=client:1 dst=worker:9
event=resp_rdma_read ts_ns=134216566 id=604 start_ns=131617916 dur_ns=2598650 clt=1 wrkr=11 slot=1 size=921608 src=worker:11 dst=client:1
event=req_send ts_ns=134216566 id=616 clt=1 wrkr=0 slot=2 size=17 src=client:1 dst=worker:0
event=resp_recv_ud ts_ns=134255498 id=616 clt=1 wrkr=0 slot=2 size=41 src=worker:0 dst=client:1
event=hand_send ts_ns=134264145 id=616 clt=1 wrkr=0 slot=2 size=10 src=client:1 dst=worker:0
event=resp_rdma_read ts_ns=135158921 id=608 start_ns=132563459 dur_ns=2595462 clt=1 wrkr=1 slot=0 size=921608 src=worker:1 dst=client:1
event=req_send ts_ns=135158921 id=620 clt=1 wrkr=5 slot=3 size=17 src=client:1 dst=worker:5
event=resp_recv_ud ts_ns=135197671 id=620 clt=1 wrkr=5 slot=3 size=41 src=worker:5 dst=client:1
event=hand_send ts_ns=135206318 id=620 clt=1 wrkr=5 slot=3 size=10 src=client:1 dst=worker:5
event=resp_rdma_read ts_ns=135392058 id=609 start_ns=132804301 dur_ns=2587757 clt=1 wrkr=10 slot=1 size=921608 src=worker:10 dst=client:1
event=req_send ts_ns=135392058 id=621 clt=1 wrkr=0 slot=3 size=17 src=client:1 dst=worker:0
event=resp_recv_ud ts_ns=135430995 id=621 clt=1 wrkr=0 slot=3 size=41 src=worker:0 dst=client:1
event=hand_send ts_ns=135439642 id=621 clt=1 wrkr=0 slot=3 size=10 src=client:1 dst=worker:0
event=resp_rdma_read ts_ns=136242125 id=613 start_ns=133645213 dur_ns=2596912 clt=1 wrkr=9 slot=1 size=921608 src=worker:9 dst=client:1
event=req_send ts_ns=136242125 id=625 clt=1 wrkr=0 slot=0 size=17 src=client:1 dst=worker:0
event=resp_recv_ud ts_ns=136281693 id=625 clt=1 wrkr=0 slot=0 size=41 src=worker:0 dst=client:1
event=hand_send ts_ns=136290340 id=625 clt=1 wrkr=0 slot=0 size=10 src=client:1 dst=worker:0
event=resp_rdma_read ts_ns=136859565 id=616 start_ns=134264145 dur_ns=2595420 clt=1 wrkr=0 slot=2 size=921608 src=worker:0 dst=client:1
event=req_send ts_ns=136859565 id=628 clt=1 wrkr=7 slot=1 size=17 src=client:1 dst=worker:7
event=resp_recv_ud ts_ns=136898557 id=628 clt=1 wrkr=7 slot=1 size=41 src=worker:7 dst=client:1
event=hand_send ts_ns=136907204 id=628 clt=1 wrkr=7 slot=1 size=10 src=client:1 dst=worker:7
event=resp_rdma_read ts_ns=137797712 id=620 start_ns=135206318 dur_ns=2591394 clt=1 wrkr=5 slot=3 size=921608 src=worker:5 dst=client:1
event=req_send ts_ns=137797712 id=633 clt=1 wrkr=8 slot=1 size=17 src=client:1 dst=worker:8
event=resp_recv_ud ts_ns=137836324 id=633 clt=1 wrkr=8 slot=1 size=41 src=worker:8 dst=client:1
event=hand_send ts_ns=137844971 id=633 clt=1 wrkr=8 slot=1 size=10 src=client:1 dst=worker:8
event=resp_rdma_read ts_ns=138026415 id=621 start_ns=135439642 dur_ns=2586773 clt=1 wrkr=0 slot=3 size=921608 src=worker:0 dst=client:1
event=req_send ts_ns=138026415 id=634 clt=1 wrkr=0 slot=1 size=17 src=client:1 dst=worker:0
event=resp_recv_ud ts_ns=138065381 id=634 clt=1 wrkr=0 slot=1 size=41 src=worker:0 dst=client:1
event=hand_send ts_ns=138074028 id=634 clt=1 wrkr=0 slot=1 size=10 src=client:1 dst=worker:0
event=resp_rdma_read ts_ns=138891560 id=625 start_ns=136290340 dur_ns=2601220 clt=1 wrkr=0 slot=0 size=921608 src=worker:0 dst=client:1
event=req_send ts_ns=138891560 id=637 clt=1 wrkr=5 slot=0 size=17 src=client:1 dst=worker:5
event=resp_recv_ud ts_ns=138931243 id=637 clt=1 wrkr=5 slot=0 size=41 src=worker:5 dst=client:1
event=hand_send ts_ns=138939890 id=637 clt=1 wrkr=5 slot=0 size=10 src=client:1 dst=worker:5
event=resp_rdma_read ts_ns=139502479 id=628 start_ns=136907204 dur_ns=2595275 clt=1 wrkr=7 slot=1 size=921608 src=worker:7 dst=client:1
event=req_send ts_ns=139502479 id=640 clt=1 wrkr=8 slot=2 size=17 src=client:1 dst=worker:8
event=resp_recv_ud ts_ns=139541299 id=640 clt=1 wrkr=8 slot=2 size=41 src=worker:8 dst=client:1
event=hand_send ts_ns=139549946 id=640 clt=1 wrkr=8 slot=2 size=10 src=client:1 dst=worker:8
event=resp_rdma_read ts_ns=140455101 id=633 start_ns=137844971 dur_ns=2610130 clt=1 wrkr=8 slot=1 size=921608 src=worker:8 dst=client:1
event=req_send ts_ns=140455101 id=643 clt=1 wrkr=10 slot=2 size=17 src=client:1 dst=worker:10
event=resp_recv_ud ts_ns=140495112 id=643 clt=1 wrkr=10 slot=2 size=41 src=worker:10 dst=client:1
event=hand_send ts_ns=140503759 id=643 clt=1 wrkr=10 slot=2 size=10 src=client:1 dst=worker:10
event=resp_rdma_read ts_ns=140684216 id=634 start_ns=138074028 dur_ns=2610188 clt=1 wrkr=0 slot=1 size=921608 src=worker:0 dst=client:1
event=req_send ts_ns=140684216 id=644 clt=1 wrkr=6 slot=0 size=17 src=client:1 dst=worker:6
event=resp_recv_ud ts_ns=140723846 id=644 clt=1 wrkr=6 slot=0 size=41 src=worker:6 dst=client:1
event=hand_send ts_ns=140732493 id=644 clt=1 wrkr=6 slot=0 size=10 src=client:1 dst=worker:6
event=resp_rdma_read ts_ns=141539911 id=637 start_ns=138939890 dur_ns=2600021 clt=1 wrkr=5 slot=0 size=921608 src=worker:5 dst=client:1
event=resp_rdma_read ts_ns=142139452 id=640 start_ns=139549946 dur_ns=2589506 clt=1 wrkr=8 slot=2 size=921608 src=worker:8 dst=client:1
event=resp_rdma_read ts_ns=143121291 id=643 start_ns=140503759 dur_ns=2617532 clt=1 wrkr=10 slot=2 size=921608 src=worker:10 dst=client:1
event=resp_rdma_read ts_ns=143352602 id=644 start_ns=140732493 dur_ns=2620109 clt=1 wrkr=6 slot=0 size=921608 src=worker:6 dst=client:1
