event=req_send ts_ns=1 id=0 clt=0 wrkr=10 slot=0 size=17 src=client:0 dst=worker:10
event=req_send ts_ns=2501 id=3 clt=0 wrkr=4 slot=0 size=17 src=client:0 dst=worker:4
event=resp_recv_ud ts_ns=40643 id=0 clt=0 wrkr=10 slot=0 size=41 src=worker:10 dst=client:0
event=hand_send ts_ns=49290 id=0 clt=0 wrkr=10 slot=0 size=10 src=client:0 dst=worker:10
event=resp_recv_ud ts_ns=64939 id=3 clt=0 wrkr=4 slot=0 size=41 src=worker:4 dst=client:0
event=hand_send ts_ns=73586 id=3 clt=0 wrkr=4 slot=0 size=10 src=client:0 dst=worker:4
event=resp_rdma_read ts_ns=1389348 id=0 start_ns=49290 dur_ns=1340058 clt=0 wrkr=10 slot=0 size=512008 src=worker:10 dst=client:0
event=req_send ts_ns=1389348 id=7 clt=0 wrkr=4 slot=1 size=17 src=client:0 dst=worker:4
event=resp_recv_ud ts_ns=1429158 id=7 clt=0 wrkr=4 slot=1 size=41 src=worker:4 dst=client:0
event=hand_send ts_ns=1437805 id=7 clt=0 wrkr=4 slot=1 size=10 src=client:0 dst=worker:4
event=resp_rdma_read ts_ns=1599811 id=3 start_ns=73586 dur_ns=1526225 clt=0 wrkr=4 slot=0 size=512008 src=worker:4 dst=client:0
event=req_send ts_ns=1599811 id=10 clt=0 wrkr=5 slot=0 size=17 src=client:0 dst=worker:5
event=resp_recv_ud ts_ns=1646929 id=10 clt=0 wrkr=5 slot=0 size=41 src=worker:5 dst=client:0
event=hand_send ts_ns=1655576 id=10 clt=0 wrkr=5 slot=0 size=10 src=client:0 dst=worker:5
event=resp_rdma_read ts_ns=3079752 id=7 start_ns=1437805 dur_ns=1641947 clt=0 wrkr=4 slot=1 size=512008 src=worker:4 dst=client:0
event=req_send ts_ns=3079752 id=15 clt=0 wrkr=2 slot=0 size=17 src=client:0 dst=worker:2
event=resp_rdma_read ts_ns=3103330 id=10 start_ns=1655576 dur_ns=1447754 clt=0 wrkr=5 slot=0 size=512008 src=worker:5 dst=client:0
event=req_send ts_ns=3103330 id=16 clt=0 wrkr=2 slot=1 size=17 src=client:0 dst=worker:2
event=resp_recv_ud ts_ns=3122423 id=15 clt=0 wrkr=2 slot=0 size=41 src=worker:2 dst=client:0
event=hand_send ts_ns=3131070 id=15 clt=0 wrkr=2 slot=0 size=10 src=client:0 dst=worker:2
event=resp_recv_ud ts_ns=3169868 id=16 clt=0 wrkr=2 slot=1 size=41 src=worker:2 dst=client:0
event=hand_send ts_ns=3178515 id=16 clt=0 wrkr=2 slot=1 size=10 src=client:0 dst=worker:2
event=resp_rdma_read ts_ns=4720608 id=15 start_ns=3131070 dur_ns=1589538 clt=0 wrkr=2 slot=0 size=512008 src=worker:2 dst=client:0
event=req_send ts_ns=4720608 id=22 clt=0 wrkr=5 slot=1 size=17 src=client:0 dst=worker:5
event=resp_recv_ud ts_ns=4760777 id=22 clt=0 wrkr=5 slot=1 size=41 src=worker:5 dst=client:0
event=hand_send ts_ns=4769424 id=22 clt=0 wrkr=5 slot=1 size=10 src=client:0 dst=worker:5
event=resp_rdma_read ts_ns=4812099 id=16 start_ns=3178515 dur_ns=1633584 clt=0 wrkr=2 slot=1 size=512008 src=worker:2 dst=client:0
event=req_send ts_ns=4812099 id=23 clt=0 wrkr=5 slot=0 size=17 src=client:0 dst=worker:5
event=resp_recv_ud ts_ns=4856776 id=23 clt=0 wrkr=5 slot=0 size=41 src=worker:5 dst=client:0
event=hand_send ts_ns=4865423 id=23 clt=0 wrkr=5 slot=0 size=10 src=client:0 dst=worker:5
event=resp_rdma_read ts_ns=6142553 id=23 start_ns=4865423 dur_ns=1277130 clt=0 wrkr=5 slot=0 size=512008 src=worker:5 dst=client:0
event=req_send ts_ns=6142553 id=27 clt=0 wrkr=4 slot=0 size=17 src=client:0 dst=worker:4
event=resp_recv_ud ts_ns=6183362 id=27 clt=0 wrkr=4 slot=0 size=41 src=worker:4 dst=client:0
event=hand_send ts_ns=6192009 id=27 clt=0 wrkr=4 slot=0 size=10 src=client:0 dst=worker:4
event=resp_rdma_read ts_ns=6206347 id=22 start_ns=4769424 dur_ns=1436923 clt=0 wrkr=5 slot=1 size=512008 src=worker:5 dst=client:0
event=req_send ts_ns=6206347 id=29 clt=0 wrkr=8 slot=0 size=17 src=client:0 dst=worker:8
event=resp_recv_ud ts_ns=6258233 id=29 clt=0 wrkr=8 slot=0 size=41 src=worker:8 dst=client:0
event=hand_send ts_ns=6266880 id=29 clt=0 wrkr=8 slot=0 size=10 src=client:0 dst=worker:8
event=resp_rdma_read ts_ns=7522435 id=29 start_ns=6266880 dur_ns=1255555 clt=0 wrkr=8 slot=0 size=512008 src=worker:8 dst=client:0
event=req_send ts_ns=7522435 id=33 clt=0 wrkr=8 slot=1 size=17 src=client:0 dst=worker:8
event=resp_recv_ud ts_ns=7570632 id=33 clt=0 wrkr=8 slot=1 size=41 src=worker:8 dst=client:0
event=hand_send ts_ns=7579279 id=33 clt=0 wrkr=8 slot=1 size=10 src=client:0 dst=worker:8
event=resp_rdma_read ts_ns=7699171 id=27 start_ns=6192009 dur_ns=1507162 clt=0 wrkr=4 slot=0 size=512008 src=worker:4 dst=client:0
event=req_send ts_ns=7699171 id=34 clt=0 wrkr=5 slot=1 size=17 src=client:0 dst=worker:5
event=resp_recv_ud ts_ns=7739493 id=34 clt=0 wrkr=5 slot=1 size=41 src=worker:5 dst=client:0
event=hand_send ts_ns=7748140 id=34 clt=0 wrkr=5 slot=1 size=10 src=client:0 dst=worker:5
event=resp_rdma_read ts_ns=8864958 id=33 start_ns=7579279 dur_ns=1285679 clt=0 wrkr=8 slot=1 size=512008 src=worker:8 dst=client:0
event=req_send ts_ns=8864958 id=38 clt=0 wrkr=4 slot=1 size=17 src=client:0 dst=worker:4
event=resp_recv_ud ts_ns=8916115 id=38 clt=0 wrkr=4 slot=1 size=41 src=worker:4 dst=client:0
event=hand_send ts_ns=8924762 id=38 clt=0 wrkr=4 slot=1 size=10 src=client:0 dst=worker:4
event=resp_rdma_read ts_ns=9186178 id=34 start_ns=7748140 dur_ns=1438038 clt=0 wrkr=5 slot=1 size=512008 src=worker:5 dst=client:0
event=req_send ts_ns=9186178 id=41 clt=0 wrkr=1 slot=0 size=17 src=client:0 dst=worker:1
event=resp_recv_ud ts_ns=9226973 id=41 clt=0 wrkr=1 slot=0 size=41 src=worker:1 dst=client:0
event=hand_send ts_ns=9235620 id=41 clt=0 wrkr=1 slot=0 size=10 src=client:0 dst=worker:1
event=resp_rdma_read ts_ns=10437804 id=38 start_ns=8924762 dur_ns=1513042 clt=0 wrkr=4 slot=1 size=512008 src=worker:4 dst=client:0
event=req_send ts_ns=10437804 id=45 clt=0 wrkr=4 slot=0 size=17 src=client:0 dst=worker:4
event=resp_recv_ud ts_ns=10477918 id=45 clt=0 wrkr=4 slot=0 size=41 src=worker:4 dst=client:0
event=hand_send ts_ns=10486565 id=45 clt=0 wrkr=4 slot=0 size=10 src=client:0 dst=worker:4
event=resp_rdma_read ts_ns=10788546 id=41 start_ns=9235620 dur_ns=1552926 clt=0 wrkr=1 slot=0 size=512008 src=worker:1 dst=client:0
event=req_send ts_ns=10788546 id=47 clt=0 wrkr=10 slot=1 size=17 src=client:0 dst=worker:10
event=resp_recv_ud ts_ns=10829009 id=47 clt=0 wrkr=10 slot=1 size=41 src=worker:10 dst=client:0
event=hand_send ts_ns=10837656 id=47 clt=0 wrkr=10 slot=1 size=10 src=client:0 dst=worker:10
event=resp_rdma_read ts_ns=11915656 id=45 start_ns=10486565 dur_ns=1429091 clt=0 wrkr=4 slot=0 size=512008 src=worker:4 dst=client:0
event=req_send ts_ns=11915656 id=51 clt=0 wrkr=1 slot=1 size=17 src=client:0 dst=worker:1
event=resp_recv_ud ts_ns=11958634 id=51 clt=0 wrkr=1 slot=1 size=41 src=worker:1 dst=client:0
event=hand_send ts_ns=11967281 id=51 clt=0 wrkr=1 slot=1 size=10 src=client:0 dst=worker:1
event=resp_rdma_read ts_ns=12288826 id=47 start_ns=10837656 dur_ns=1451170 clt=0 wrkr=10 slot=1 size=512008 src=worker:10 dst=client:0
event=req_send ts_ns=12288826 id=53 clt=0 wrkr=2 slot=0 size=17 src=client:0 dst=worker:2
event=resp_recv_ud ts_ns=12329604 id=53 clt=0 wrkr=2 slot=0 size=41 src=worker:2 dst=client:0
event=hand_send ts_ns=12338251 id=53 clt=0 wrkr=2 slot=0 size=10 src=client:0 dst=worker:2
event=resp_rdma_read ts_ns=13513588 id=51 start_ns=11967281 dur_ns=1546307 clt=0 wrkr=1 slot=1 size=512008 src=worker:1 dst=client:0
event=req_send ts_ns=13513588 id=58 clt=0 wrkr=3 slot=0 size=17 src=client:0 dst=worker:3
event=resp_recv_ud ts_ns=13554410 id=58 clt=0 wrkr=3 slot=0 size=41 src=worker:3 dst=client:0
event=hand_send ts_ns=13563057 id=58 clt=0 wrkr=3 slot=0 size=10 src=client:0 dst=worker:3
event=resp_rdma_read ts_ns=13788971 id=53 start_ns=12338251 dur_ns=1450720 clt=0 wrkr=2 slot=0 size=512008 src=worker:2 dst=client:0
event=req_send ts_ns=13788971 id=59 clt=0 wrkr=10 slot=0 size=17 src=client:0 dst=worker:10
event=resp_recv_ud ts_ns=13829499 id=59 clt=0 wrkr=10 slot=0 size=41 src=worker:10 dst=client:0
event=hand_send ts_ns=13838146 id=59 clt=0 wrkr=10 slot=0 size=10 src=client:0 dst=worker:10
event=resp_rdma_read ts_ns=15007417 id=58 start_ns=13563057 dur_ns=1444360 clt=0 wrkr=3 slot=0 size=512008 src=worker:3 dst=client:0
event=req_send ts_ns=15007417 id=64 clt=0 wrkr=1 slot=0 size=17 src=client:0 dst=worker:1
event=resp_recv_ud ts_ns=15048219 id=64 clt=0 wrkr=1 slot=0 size=41 src=worker:1 dst=client:0
event=hand_send ts_ns=15056866 id=64 clt=0 wrkr=1 slot=0 size=10 src=client:0 dst=worker:1
event=resp_rdma_read ts_ns=15274251 id=59 start_ns=13838146 dur_ns=1436105 clt=0 wrkr=10 slot=0 size=512008 src=worker:10 dst=client:0
event=req_send ts_ns=15274251 id=65 clt=0 wrkr=8 slot=0 size=17 src=client:0 dst=worker:8
event=resp_recv_ud ts_ns=15314764 id=65 clt=0 wrkr=8 slot=0 size=41 src=worker:8 dst=client:0
event=hand_send ts_ns=15323411 id=65 clt=0 wrkr=8 slot=0 size=10 src=client:0 dst=worker:8
event=resp_rdma_read ts_ns=16501100 id=64 start_ns=15056866 dur_ns=1444234 clt=0 wrkr=1 slot=0 size=512008 src=worker:1 dst=client:0
event=req_send ts_ns=16501100 id=70 clt=0 wrkr=2 slot=1 size=17 src=client:0 dst=worker:2
event=resp_recv_ud ts_ns=16541868 id=70 clt=0 wrkr=2 slot=1 size=41 src=worker:2 dst=client:0
event=hand_send ts_ns=16550515 id=70 clt=0 wrkr=2 slot=1 size=10 src=client:0 dst=worker:2
event=resp_rdma_read ts_ns=16759816 id=65 start_ns=15323411 dur_ns=1436405 clt=0 wrkr=8 slot=0 size=512008 src=worker:8 dst=client:0
event=req_send ts_ns=16759816 id=71 clt=0 wrkr=7 slot=0 size=17 src=client:0 dst=worker:7
event=resp_recv_ud ts_ns=16800301 id=71 clt=0 wrkr=7 slot=0 size=41 src=worker:7 dst=client:0
event=hand_send ts_ns=16808948 id=71 clt=0 wrkr=7 slot=0 size=10 src=client:0 dst=worker:7
event=resp_rdma_read ts_ns=17993870 id=70 start_ns=16550515 dur_ns=1443355 clt=0 wrkr=2 slot=1 size=512008 src=worker:2 dst=client:0
event=req_send ts_ns=17993870 id=76 clt=0 wrkr=3 slot=1 size=17 src=client:0 dst=worker:3
event=resp_recv_ud ts_ns=18034624 id=76 clt=0 wrkr=3 slot=1 size=41 src=worker:3 dst=client:0
event=hand_send ts_ns=18043271 id=76 clt=0 wrkr=3 slot=1 size=10 src=client:0 dst=worker:3
event=resp_rdma_read ts_ns=18245483 id=71 start_ns=16808948 dur_ns=1436535 clt=0 wrkr=7 slot=0 size=512008 src=worker:7 dst=client:0
event=req_send ts_ns=18245483 id=77 clt=0 wrkr=6 slot=0 size=17 src=client:0 dst=worker:6
event=resp_recv_ud ts_ns=18285947 id=77 clt=0 wrkr=6 slot=0 size=41 src=worker:6 dst=client:0
event=hand_send ts_ns=18294594 id=77 clt=0 wrkr=6 slot=0 size=10 src=client:0 dst=worker:6
event=resp_rdma_read ts_ns=19486563 id=76 start_ns=18043271 dur_ns=1443292 clt=0 wrkr=3 slot=1 size=512008 src=worker:3 dst=client:0
event=req_send ts_ns=19486563 id=82 clt=0 wrkr=0 slot=0 size=17 src=client:0 dst=worker:0
event=resp_recv_ud ts_ns=19527310 id=82 clt=0 wrkr=0 slot=0 size=41 src=worker:0 dst=client:0
event=hand_send ts_ns=19535957 id=82 clt=0 wrkr=0 slot=0 size=10 src=client:0 dst=worker:0
event=resp_rdma_read ts_ns=19731190 id=77 start_ns=18294594 dur_ns=1436596 clt=0 wrkr=6 slot=0 size=512008 src=worker:6 dst=client:0
event=req_send ts_ns=19731190 id=83 clt=0 wrkr=10 slot=1 size=17 src=client:0 dst=worker:10
event=resp_recv_ud ts_ns=19771642 id=83 clt=0 wrkr=10 slot=1 size=41 src=worker:10 dst=client:0
event=hand_send ts_ns=19780289 id=83 clt=0 wrkr=10 slot=1 size=10 src=client:0 dst=worker:10
event=resp_rdma_read ts_ns=20979082 id=82 start_ns=19535957 dur_ns=1443125 clt=0 wrkr=0 slot=0 size=512008 src=worker:0 dst=client:0
event=req_send ts_ns=20979082 id=88 clt=0 wrkr=11 slot=0 size=17 src=client:0 dst=worker:11
event=resp_recv_ud ts_ns=21019822 id=88 clt=0 wrkr=11 slot=0 size=41 src=worker:11 dst=client:0
event=hand_send ts_ns=21028469 id=88 clt=0 wrkr=11 slot=0 size=10 src=client:0 dst=worker:11
event=resp_rdma_read ts_ns=21217104 id=83 start_ns=19780289 dur_ns=1436815 clt=0 wrkr=10 slot=1 size=512008 src=worker:10 dst=client:0
event=req_send ts_ns=21217104 id=89 clt=0 wrkr=2 slot=0 size=17 src=client:0 dst=worker:2
event=resp_recv_ud ts_ns=21257549 id=89 clt=0 wrkr=2 slot=0 size=41 src=worker:2 dst=client:0
event=hand_send ts_ns=21266196 id=89 clt=0 wrkr=2 slot=0 size=10 src=client:0 dst=worker:2
event=resp_rdma_read ts_ns=22471628 id=88 start_ns=21028469 dur_ns=1443159 clt=0 wrkr=11 slot=0 size=512008 src=worker:11 dst=client:0
event=req_send ts_ns=22471628 id=94 clt=0 wrkr=5 slot=0 size=17 src=client:0 dst=worker:5
event=resp_recv_ud ts_ns=22512362 id=94 clt=0 wrkr=5 slot=0 size=41 src=worker:5 dst=client:0
event=hand_send ts_ns=22521009 id=94 clt=0 wrkr=5 slot=0 size=10 src=client:0 dst=worker:5
event=resp_rdma_read ts_ns=22703448 id=89 start_ns=21266196 dur_ns=1437252 clt=0 wrkr=2 slot=0 size=512008 src=worker:2 dst=client:0
event=req_send ts_ns=22703448 id=95 clt=0 wrkr=9 slot=0 size=17 src=client:0 dst=worker:9
event=resp_recv_ud ts_ns=22743892 id=95 clt=0 wrkr=9 slot=0 size=41 src=worker:9 dst=client:0
event=hand_send ts_ns=22752539 id=95 clt=0 wrkr=9 slot=0 size=10 src=client:0 dst=worker:9
event=resp_rdma_read ts_ns=23964102 id=94 start_ns=22521009 dur_ns=1443093 clt=0 wrkr=5 slot=0 size=512008 src=worker:5 dst=client:0
event=req_send ts_ns=23964102 id=100 clt=0 wrkr=7 slot=1 size=17 src=client:0 dst=worker:7
event=resp_recv_ud ts_ns=24004832 id=100 clt=0 wrkr=7 slot=1 size=41 src=worker:7 dst=client:0
event=hand_send ts_ns=24013479 id=100 clt=0 wrkr=7 slot=1 size=10 src=client:0 dst=worker:7
event=resp_rdma_read ts_ns=24190587 id=95 start_ns=22752539 dur_ns=1438048 clt=0 wrkr=9 slot=0 size=512008 src=worker:9 dst=client:0
event=req_send ts_ns=24190587 id=101 clt=0 wrkr=3 slot=0 size=17 src=client:0 dst=worker:3
event=resp_recv_ud ts_ns=24231034 id=101 clt=0 wrkr=3 slot=0 size=41 src=worker:3 dst=client:0
event=hand_send ts_ns=24239681 id=101 clt=0 wrkr=3 slot=0 size=10 src=client:0 dst=worker:3
event=resp_rdma_read ts_ns=25456723 id=100 start_ns=24013479 dur_ns=1443244 clt=0 wrkr=7 slot=1 size=512008 src=worker:7 dst=client:0
event=req_send ts_ns=25456723 id=106 clt=0 wrkr=8 slot=1 size=17 src=client:0 dst=worker:8
event=resp_recv_ud ts_ns=25497450 id=106 clt=0 wrkr=8 slot=1 size=41 src=worker:8 dst=client:0
event=hand_send ts_ns=25506097 id=106 clt=0 wrkr=8 slot=1 size=10 src=client:0 dst=worker:8
event=resp_rdma_read ts_ns=25678199 id=101 start_ns=24239681 dur_ns=1438518 clt=0 wrkr=3 slot=0 size=512008 src=worker:3 dst=client:0
event=req_send ts_ns=25678199 id=107 clt=0 wrkr=10 slot=0 size=17 src=client:0 dst=worker:10
event=resp_recv_ud ts_ns=25718653 id=107 clt=0 wrkr=10 slot=0 size=41 src=worker:10 dst=client:0
event=hand_send ts_ns=25727300 id=107 clt=0 wrkr=10 slot=0 size=10 src=client:0 dst=worker:10
event=resp_rdma_read ts_ns=26949244 id=106 start_ns=25506097 dur_ns=1443147 clt=0 wrkr=8 slot=1 size=512008 src=worker:8 dst=client:0
event=req_send ts_ns=26949244 id=112 clt=0 wrkr=10 slot=1 size=17 src=client:0 dst=worker:10
event=resp_recv_ud ts_ns=26989969 id=112 clt=0 wrkr=10 slot=1 size=41 src=worker:10 dst=client:0
event=hand_send ts_ns=26998616 id=112 clt=0 wrkr=10 slot=1 size=10 src=client:0 dst=worker:10
event=resp_rdma_read ts_ns=27166680 id=107 start_ns=25727300 dur_ns=1439380 clt=0 wrkr=10 slot=0 size=512008 src=worker:10 dst=client:0
event=req_send ts_ns=27166680 id=113 clt=0 wrkr=8 slot=0 size=17 src=client:0 dst=worker:8
event=resp_recv_ud ts_ns=27207143 id=113 clt=0 wrkr=8 slot=0 size=41 src=worker:8 dst=client:0
event=hand_send ts_ns=27215790 id=113 clt=0 wrkr=8 slot=0 size=10 src=client:0 dst=worker:8
event=resp_rdma_read ts_ns=28442138 id=112 start_ns=26998616 dur_ns=1443522 clt=0 wrkr=10 slot=1 size=512008 src=worker:10 dst=client:0
event=req_send ts_ns=28442138 id=118 clt=0 wrkr=5 slot=1 size=17 src=client:0 dst=worker:5
event=resp_recv_ud ts_ns=28482856 id=118 clt=0 wrkr=5 slot=1 size=41 src=worker:5 dst=client:0
event=hand_send ts_ns=28491503 id=118 clt=0 wrkr=5 slot=1 size=10 src=client:0 dst=worker:5
event=resp_rdma_read ts_ns=28655988 id=113 start_ns=27215790 dur_ns=1440198 clt=0 wrkr=8 slot=0 size=512008 src=worker:8 dst=client:0
event=req_send ts_ns=28655988 id=119 clt=0 wrkr=10 slot=0 size=17 src=client:0 dst=worker:10
event=resp_recv_ud ts_ns=28696462 id=119 clt=0 wrkr=10 slot=0 size=41 src=worker:10 dst=client:0
event=hand_send ts_ns=28705109 id=119 clt=0 wrkr=10 slot=0 size=10 src=client:0 dst=worker:10
event=resp_rdma_read ts_ns=29935320 id=118 start_ns=28491503 dur_ns=1443817 clt=0 wrkr=5 slot=1 size=512008 src=worker:5 dst=client:0
event=req_send ts_ns=29935320 id=124 clt=0 wrkr=9 slot=1 size=17 src=client:0 dst=worker:9
event=resp_recv_ud ts_ns=29976030 id=124 clt=0 wrkr=9 slot=1 size=41 src=worker:9 dst=client:0
event=hand_send ts_ns=29984677 id=124 clt=0 wrkr=9 slot=1 size=10 src=client:0 dst=worker:9
event=resp_rdma_read ts_ns=30146066 id=119 start_ns=28705109 dur_ns=1440957 clt=0 wrkr=10 slot=0 size=512008 src=worker:10 dst=client:0
event=req_send ts_ns=30146066 id=125 clt=0 wrkr=4 slot=1 size=17 src=client:0 dst=worker:4
event=resp_recv_ud ts_ns=30186553 id=125 clt=0 wrkr=4 slot=1 size=41 src=worker:4 dst=client:0
event=hand_send ts_ns=30195200 id=125 clt=0 wrkr=4 slot=1 size=10 src=client:0 dst=worker:4
event=resp_rdma_read ts_ns=31428618 id=124 start_ns=29984677 dur_ns=1443941 clt=0 wrkr=9 slot=1 size=512008 src=worker:9 dst=client:0
event=req_send ts_ns=31428618 id=130 clt=0 wrkr=2 slot=1 size=17 src=client:0 dst=worker:2
event=resp_recv_ud ts_ns=31469322 id=130 clt=0 wrkr=2 slot=1 size=41 src=worker:2 dst=client:0
event=hand_send ts_ns=31477969 id=130 clt=0 wrkr=2 slot=1 size=10 src=client:0 dst=worker:2
event=resp_rdma_read ts_ns=31637155 id=125 start_ns=30195200 dur_ns=1441955 clt=0 wrkr=4 slot=1 size=512008 src=worker:4 dst=client:0
event=req_send ts_ns=31637155 id=131 clt=0 wrkr=1 slot=1 size=17 src=client:0 dst=worker:1
event=resp_recv_ud ts_ns=31677655 id=131 clt=0 wrkr=1 slot=1 size=41 src=worker:1 dst=client:0
event=hand_send ts_ns=31686302 id=131 clt=0 wrkr=1 slot=1 size=10 src=client:0 dst=worker:1
event=resp_rdma_read ts_ns=32922038 id=130 start_ns=31477969 dur_ns=1444069 clt=0 wrkr=2 slot=1 size=512008 src=worker:2 dst=client:0
event=req_send ts_ns=32922038 id=136 clt=0 wrkr=0 slot=1 size=17 src=client:0 dst=worker:0
event=resp_recv_ud ts_ns=32962736 id=136 clt=0 wrkr=0 slot=1 size=41 src=worker:0 dst=client:0
event=hand_send ts_ns=32971383 id=136 clt=0 wrkr=0 slot=1 size=10 src=client:0 dst=worker:0
event=resp_rdma_read ts_ns=33129076 id=131 start_ns=31686302 dur_ns=1442774 clt=0 wrkr=1 slot=1 size=512008 src=worker:1 dst=client:0
event=req_send ts_ns=33129076 id=137 clt=0 wrkr=8 slot=1 size=17 src=client:0 dst=worker:8
event=resp_recv_ud ts_ns=33169592 id=137 clt=0 wrkr=8 slot=1 size=41 src=worker:8 dst=client:0
event=hand_send ts_ns=33178239 id=137 clt=0 wrkr=8 slot=1 size=10 src=client:0 dst=worker:8
event=resp_rdma_read ts_ns=34416125 id=136 start_ns=32971383 dur_ns=1444742 clt=0 wrkr=0 slot=1 size=512008 src=worker:0 dst=client:0
event=req_send ts_ns=34416125 id=142 clt=0 wrkr=10 slot=1 size=17 src=client:0 dst=worker:10
event=resp_recv_ud ts_ns=34456816 id=142 clt=0 wrkr=10 slot=1 size=41 src=worker:10 dst=client:0
event=hand_send ts_ns=34465463 id=142 clt=0 wrkr=10 slot=1 size=10 src=client:0 dst=worker:10
event=resp_rdma_read ts_ns=34622237 id=137 start_ns=33178239 dur_ns=1443998 clt=0 wrkr=8 slot=1 size=512008 src=worker:8 dst=client:0
event=req_send ts_ns=34622237 id=143 clt=0 wrkr=8 slot=0 size=17 src=client:0 dst=worker:8
event=resp_recv_ud ts_ns=34662765 id=143 clt=0 wrkr=8 slot=0 size=41 src=worker:8 dst=client:0
event=hand_send ts_ns=34671412 id=143 clt=0 wrkr=8 slot=0 size=10 src=client:0 dst=worker:8
event=resp_rdma_read ts_ns=35910818 id=142 start_ns=34465463 dur_ns=1445355 clt=0 wrkr=10 slot=1 size=512008 src=worker:10 dst=client:0
event=req_send ts_ns=35910818 id=148 clt=0 wrkr=11 slot=1 size=17 src=client:0 dst=worker:11
event=resp_recv_ud ts_ns=35951500 id=148 clt=0 wrkr=11 slot=1 size=41 src=worker:11 dst=client:0
event=hand_send ts_ns=35960147 id=148 clt=0 wrkr=11 slot=1 size=10 src=client:0 dst=worker:11
event=resp_rdma_read ts_ns=36116455 id=143 start_ns=34671412 dur_ns=1445043 clt=0 wrkr=8 slot=0 size=512008 src=worker:8 dst=client:0
event=req_send ts_ns=36116455 id=149 clt=0 wrkr=2 slot=0 size=17 src=client:0 dst=worker:2
event=resp_recv_ud ts_ns=36156982 id=149 clt=0 wrkr=2 slot=0 size=41 src=worker:2 dst=client:0
event=hand_send ts_ns=36165629 id=149 clt=0 wrkr=2 slot=0 size=10 src=client:0 dst=worker:2
event=resp_rdma_read ts_ns=37404728 id=148 start_ns=35960147 dur_ns=1444581 clt=0 wrkr=11 slot=1 size=512008 src=worker:11 dst=client:0
event=req_send ts_ns=37404728 id=154 clt=0 wrkr=11 slot=0 size=17 src=client:0 dst=worker:11
event=resp_recv_ud ts_ns=37445064 id=154 clt=0 wrkr=11 slot=0 size=41 src=worker:11 dst=client:0
event=hand_send ts_ns=37453711 id=154 clt=0 wrkr=11 slot=0 size=10 src=client:0 dst=worker:11
event=resp_rdma_read ts_ns=37611123 id=149 start_ns=36165629 dur_ns=1445494 clt=0 wrkr=2 slot=0 size=512008 src=worker:2 dst=client:0
event=req_send ts_ns=37611123 id=155 clt=0 wrkr=9 slot=0 size=17 src=client:0 dst=worker:9
event=resp_recv_ud ts_ns=37651352 id=155 clt=0 wrkr=9 slot=0 size=41 src=worker:9 dst=client:0
event=hand_send ts_ns=37659999 id=155 clt=0 wrkr=9 slot=0 size=10 src=client:0 dst=worker:9
event=resp_rdma_read ts_ns=38892806 id=154 start_ns=37453711 dur_ns=1439095 clt=0 wrkr=11 slot=0 size=512008 src=worker:11 dst=client:0
event=req_send ts_ns=38892806 id=160 clt=0 wrkr=11 slot=1 size=17 src=client:0 dst=worker:11
event=resp_recv_ud ts_ns=38933114 id=160 clt=0 wrkr=11 slot=1 size=41 src=worker:11 dst=client:0
event=hand_send ts_ns=38941761 id=160 clt=0 wrkr=11 slot=1 size=10 src=client:0 dst=worker:11
event=resp_rdma_read ts_ns=39094107 id=155 start_ns=37659999 dur_ns=1434108 clt=0 wrkr=9 slot=0 size=512008 src=worker:9 dst=client:0
event=req_send ts_ns=39094107 id=161 clt=0 wrkr=9 slot=1 size=17 src=client:0 dst=worker:9
event=resp_recv_ud ts_ns=39134327 id=161 clt=0 wrkr=9 slot=1 size=41 src=worker:9 dst=client:0
event=hand_send ts_ns=39142974 id=161 clt=0 wrkr=9 slot=1 size=10 src=client:0 dst=worker:9
event=resp_rdma_read ts_ns=40379904 id=160 start_ns=38941761 dur_ns=1438143 clt=0 wrkr=11 slot=1 size=512008 src=worker:11 dst=client:0
event=req_send ts_ns=40379904 id=166 clt=0 wrkr=3 slot=1 size=17 src=client:0 dst=worker:3
event=resp_recv_ud ts_ns=40420178 id=166 clt=0 wrkr=3 slot=1 size=41 src=worker:3 dst=client:0
event=hand_send ts_ns=40428825 id=166 clt=0 wrkr=3 slot=1 size=10 src=client:0 dst=worker:3
event=resp_rdma_read ts_ns=40577378 id=161 start_ns=39142974 dur_ns=1434404 clt=0 wrkr=9 slot=1 size=512008 src=worker:9 dst=client:0
event=req_send ts_ns=40577378 id=167 clt=0 wrkr=8 slot=1 size=17 src=client:0 dst=worker:8
event=resp_recv_ud ts_ns=40617592 id=167 clt=0 wrkr=8 slot=1 size=41 src=worker:8 dst=client:0
event=hand_send ts_ns=40626239 id=167 clt=0 wrkr=8 slot=1 size=10 src=client:0 dst=worker:8
event=resp_rdma_read ts_ns=41866004 id=166 start_ns=40428825 dur_ns=1437179 clt=0 wrkr=3 slot=1 size=512008 src=worker:3 dst=client:0
event=req_send ts_ns=41866004 id=172 clt=0 wrkr=0 slot=0 size=17 src=client:0 dst=worker:0
event=resp_recv_ud ts_ns=41906249 id=172 clt=0 wrkr=0 slot=0 size=41 src=worker:0 dst=client:0
event=hand_send ts_ns=41914896 id=172 clt=0 wrkr=0 slot=0 size=10 src=client:0 dst=worker:0
event=resp_rdma_read ts_ns=42060866 id=167 start_ns=40626239 dur_ns=1434627 clt=0 wrkr=8 slot=1 size=512008 src=worker:8 dst=client:0
event=req_send ts_ns=42060866 id=173 clt=0 wrkr=6 slot=1 size=17 src=client:0 dst=worker:6
event=resp_recv_ud ts_ns=42101075 id=173 clt=0 wrkr=6 slot=1 size=41 src=worker:6 dst=client:0
event=hand_send ts_ns=42109722 id=173 clt=0 wrkr=6 slot=1 size=10 src=client:0 dst=worker:6
event=resp_rdma_read ts_ns=43351333 id=172 start_ns=41914896 dur_ns=1436437 clt=0 wrkr=0 slot=0 size=512008 src=worker:0 dst=client:0
event=req_send ts_ns=43351333 id=178 clt=0 wrkr=7 slot=0 size=17 src=client:0 dst=worker:7
event=resp_recv_ud ts_ns=43391547 id=178 clt=0 wrkr=7 slot=0 size=41 src=worker:7 dst=client:0
event=hand_send ts_ns=43400194 id=178 clt=0 wrkr=7 slot=0 size=10 src=client:0 dst=worker:7
event=resp_rdma_read ts_ns=43543901 id=173 start_ns=42109722 dur_ns=1434179 clt=0 wrkr=6 slot=1 size=512008 src=worker:6 dst=client:0
event=req_send ts_ns=43543901 id=179 clt=0 wrkr=4 slot=0 size=17 src=client:0 dst=worker:4
event=resp_recv_ud ts_ns=43584108 id=179 clt=0 wrkr=4 slot=0 size=41 src=worker:4 dst=client:0
event=hand_send ts_ns=43592755 id=179 clt=0 wrkr=4 slot=0 size=10 src=client:0 dst=worker:4
event=resp_rdma_read ts_ns=44835297 id=178 start_ns=43400194 dur_ns=1435103 clt=0 wrkr=7 slot=0 size=512008 src=worker:7 dst=client:0
event=req_send ts_ns=44835297 id=184 clt=0 wrkr=4 slot=1 size=17 src=client:0 dst=worker:4
event=resp_recv_ud ts_ns=44875486 id=184 clt=0 wrkr=4 slot=1 size=41 src=worker:4 dst=client:0
event=hand_send ts_ns=44884133 id=184 clt=0 wrkr=4 slot=1 size=10 src=client:0 dst=worker:4
event=resp_rdma_read ts_ns=45027087 id=179 start_ns=43592755 dur_ns=1434332 clt=0 wrkr=4 slot=0 size=512008 src=worker:4 dst=client:0
event=req_send ts_ns=45027087 id=185 clt=0 wrkr=10 slot=0 size=17 src=client:0 dst=worker:10
event=resp_recv_ud ts_ns=45067291 id=185 clt=0 wrkr=10 slot=0 size=41 src=worker:10 dst=client:0
event=hand_send ts_ns=45075938 id=185 clt=0 wrkr=10 slot=0 size=10 src=client:0 dst=worker:10
event=resp_rdma_read ts_ns=46318533 id=184 start_ns=44884133 dur_ns=1434400 clt=0 wrkr=4 slot=1 size=512008 src=worker:4 dst=client:0
event=req_send ts_ns=46318533 id=190 clt=0 wrkr=9 slot=0 size=17 src=client:0 dst=worker:9
event=resp_recv_ud ts_ns=46358704 id=190 clt=0 wrkr=9 slot=0 size=41 src=worker:9 dst=client:0
event=hand_send ts_ns=46367351 id=190 clt=0 wrkr=9 slot=0 size=10 src=client:0 dst=worker:9
event=resp_rdma_read ts_ns=46509925 id=185 start_ns=45075938 dur_ns=1433987 clt=0 wrkr=10 slot=0 size=512008 src=worker:10 dst=client:0
event=req_send ts_ns=46509925 id=191 clt=0 wrkr=7 slot=1 size=17 src=client:0 dst=worker:7
event=resp_recv_ud ts_ns=46550123 id=191 clt=0 wrkr=7 slot=1 size=41 src=worker:7 dst=client:0
event=hand_send ts_ns=46558770 id=191 clt=0 wrkr=7 slot=1 size=10 src=client:0 dst=worker:7
event=resp_rdma_read ts_ns=47801450 id=190 start_ns=46367351 dur_ns=1434099 clt=0 wrkr=9 slot=0 size=512008 src=worker:9 dst=client:0
event=req_send ts_ns=47801450 id=196 clt=0 wrkr=7 slot=0 size=17 src=client:0 dst=worker:7
event=resp_recv_ud ts_ns=47841600 id=196 clt=0 wrkr=7 slot=0 size=41 src=worker:7 dst=client:0
event=hand_send ts_ns=47850247 id=196 clt=0 wrkr=7 slot=0 size=10 src=client:0 dst=worker:7
event=resp_rdma_read ts_ns=47992563 id=191 start_ns=46558770 dur_ns=1433793 clt=0 wrkr=7 slot=1 size=512008 src=worker:7 dst=client:0
event=req_send ts_ns=47992563 id=197 clt=0 wrkr=8 slot=0 size=17 src=client:0 dst=worker:8
event=resp_recv_ud ts_ns=48032757 id=197 clt=0 wrkr=8 slot=0 size=41 src=worker:8 dst=client:0
event=hand_send ts_ns=48041404 id=197 clt=0 wrkr=8 slot=0 size=10 src=client:0 dst=worker:8
event=resp_rdma_read ts_ns=49283675 id=196 start_ns=47850247 dur_ns=1433428 clt=0 wrkr=7 slot=0 size=512008 src=worker:7 dst=client:0
event=req_send ts_ns=49283675 id=202 clt=0 wrkr=6 slot=0 size=17 src=client:0 dst=worker:6
event=resp_recv_ud ts_ns=49323813 id=202 clt=0 wrkr=6 slot=0 size=41 src=worker:6 dst=client:0
event=hand_send ts_ns=49332460 id=202 clt=0 wrkr=6 slot=0 size=10 src=client:0 dst=worker:6
event=resp_rdma_read ts_ns=49474986 id=197 start_ns=48041404 dur_ns=1433582 clt=0 wrkr=8 slot=0 size=512008 src=worker:8 dst=client:0
event=req_send ts_ns=49474986 id=203 clt=0 wrkr=8 slot=1 size=17 src=client:0 dst=worker:8
event=resp_recv_ud ts_ns=49515173 id=203 clt=0 wrkr=8 slot=1 size=41 src=worker:8 dst=client:0
event=hand_send ts_ns=49523820 id=203 clt=0 wrkr=8 slot=1 size=10 src=client:0 dst=worker:8
event=resp_rdma_read ts_ns=50765575 id=202 start_ns=49332460 dur_ns=1433115 clt=0 wrkr=6 slot=0 size=512008 src=worker:6 dst=client:0
event=req_send ts_ns=50765575 id=208 clt=0 wrkr=8 slot=0 size=17 src=client:0 dst=worker:8
event=resp_recv_ud ts_ns=50805699 id=208 clt=0 wrkr=8 slot=0 size=41 src=worker:8 dst=client:0
event=hand_send ts_ns=50814346 id=208 clt=0 wrkr=8 slot=0 size=10 src=client:0 dst=worker:8
event=resp_rdma_read ts_ns=50957178 id=203 start_ns=49523820 dur_ns=1433358 clt=0 wrkr=8 slot=1 size=512008 src=worker:8 dst=client:0
event=req_send ts_ns=50957178 id=209 clt=0 wrkr=0 slot=1 size=17 src=client:0 dst=worker:0
event=resp_recv_ud ts_ns=50997361 id=209 clt=0 wrkr=0 slot=1 size=41 src=worker:0 dst=client:0
event=hand_send ts_ns=51006008 id=209 clt=0 wrkr=0 slot=1 size=10 src=client:0 dst=worker:0
event=resp_rdma_read ts_ns=52246736 id=208 start_ns=50814346 dur_ns=1432390 clt=0 wrkr=8 slot=0 size=512008 src=worker:8 dst=client:0
event=req_send ts_ns=52246736 id=214 clt=0 wrkr=5 slot=0 size=17 src=client:0 dst=worker:5
event=resp_recv_ud ts_ns=52286850 id=214 clt=0 wrkr=5 slot=0 size=41 src=worker:5 dst=client:0
event=hand_send ts_ns=52295497 id=214 clt=0 wrkr=5 slot=0 size=10 src=client:0 dst=worker:5
event=resp_rdma_read ts_ns=52439145 id=209 start_ns=51006008 dur_ns=1433137 clt=0 wrkr=0 slot=1 size=512008 src=worker:0 dst=client:0
event=req_send ts_ns=52439145 id=215 clt=0 wrkr=7 slot=1 size=17 src=client:0 dst=worker:7
event=resp_recv_ud ts_ns=52479323 id=215 clt=0 wrkr=7 slot=1 size=41 src=worker:7 dst=client:0
event=hand_send ts_ns=52487970 id=215 clt=0 wrkr=7 slot=1 size=10 src=client:0 dst=worker:7
event=resp_rdma_read ts_ns=53727651 id=214 start_ns=52295497 dur_ns=1432154 clt=0 wrkr=5 slot=0 size=512008 src=worker:5 dst=client:0
event=req_send ts_ns=53727651 id=220 clt=0 wrkr=11 slot=0 size=17 src=client:0 dst=worker:11
event=resp_recv_ud ts_ns=53767761 id=220 clt=0 wrkr=11 slot=0 size=41 src=worker:11 dst=client:0
event=hand_send ts_ns=53776408 id=220 clt=0 wrkr=11 slot=0 size=10 src=client:0 dst=worker:11
event=resp_rdma_read ts_ns=53920726 id=215 start_ns=52487970 dur_ns=1432756 clt=0 wrkr=7 slot=1 size=512008 src=worker:7 dst=client:0
event=req_send ts_ns=53920726 id=221 clt=0 wrkr=3 slot=0 size=17 src=client:0 dst=worker:3
event=resp_recv_ud ts_ns=53960900 id=221 clt=0 wrkr=3 slot=0 size=41 src=worker:3 dst=client:0
event=hand_send ts_ns=53969547 id=221 clt=0 wrkr=3 slot=0 size=10 src=client:0 dst=worker:3
event=resp_rdma_read ts_ns=55208353 id=220 start_ns=53776408 dur_ns=1431945 clt=0 wrkr=11 slot=0 size=512008 src=worker:11 dst=client:0
event=req_send ts_ns=55208353 id=226 clt=0 wrkr=3 slot=1 size=17 src=client:0 dst=worker:3
event=resp_recv_ud ts_ns=55248455 id=226 clt=0 wrkr=3 slot=1 size=41 src=worker:3 dst=client:0
event=hand_send ts_ns=55257102 id=226 clt=0 wrkr=3 slot=1 size=10 src=client:0 dst=worker:3
event=resp_rdma_read ts_ns=55402244 id=221 start_ns=53969547 dur_ns=1432697 clt=0 wrkr=3 slot=0 size=512008 src=worker:3 dst=client:0
event=req_send ts_ns=55402244 id=227 clt=0 wrkr=8 slot=1 size=17 src=client:0 dst=worker:8
event=resp_recv_ud ts_ns=55442414 id=227 clt=0 wrkr=8 slot=1 size=41 src=worker:8 dst=client:0
event=hand_send ts_ns=55451061 id=227 clt=0 wrkr=8 slot=1 size=10 src=client:0 dst=worker:8
event=resp_rdma_read ts_ns=56688688 id=226 start_ns=55257102 dur_ns=1431586 clt=0 wrkr=3 slot=1 size=512008 src=worker:3 dst=client:0
event=req_send ts_ns=56688688 id=232 clt=0 wrkr=0 slot=0 size=17 src=client:0 dst=worker:0
event=resp_recv_ud ts_ns=56728784 id=232 clt=0 wrkr=0 slot=0 size=41 src=worker:0 dst=client:0
event=hand_send ts_ns=56737431 id=232 clt=0 wrkr=0 slot=0 size=10 src=client:0 dst=worker:0
event=resp_rdma_read ts_ns=56883543 id=227 start_ns=55451061 dur_ns=1432482 clt=0 wrkr=8 slot=1 size=512008 src=worker:8 dst=client:0
event=req_send ts_ns=56883543 id=233 clt=0 wrkr=9 slot=1 size=17 src=client:0 dst=worker:9
event=resp_recv_ud ts_ns=56923710 id=233 clt=0 wrkr=9 slot=1 size=41 src=worker:9 dst=client:0
event=hand_send ts_ns=56932357 id=233 clt=0 wrkr=9 slot=1 size=10 src=client:0 dst=worker:9
event=resp_rdma_read ts_ns=58168510 id=232 start_ns=56737431 dur_ns=1431079 clt=0 wrkr=0 slot=0 size=512008 src=worker:0 dst=client:0
event=req_send ts_ns=58168510 id=238 clt=0 wrkr=9 slot=0 size=17 src=client:0 dst=worker:9
event=resp_recv_ud ts_ns=58208607 id=238 clt=0 wrkr=9 slot=0 size=41 src=worker:9 dst=client:0
event=hand_send ts_ns=58217254 id=238 clt=0 wrkr=9 slot=0 size=10 src=client:0 dst=worker:9
event=resp_rdma_read ts_ns=58364637 id=233 start_ns=56932357 dur_ns=1432280 clt=0 wrkr=9 slot=1 size=512008 src=worker:9 dst=client:0
event=req_send ts_ns=58364637 id=239 clt=0 wrkr=6 slot=1 size=17 src=client:0 dst=worker:6
event=resp_recv_ud ts_ns=58404797 id=239 clt=0 wrkr=6 slot=1 size=41 src=worker:6 dst=client:0
event=hand_send ts_ns=58413444 id=239 clt=0 wrkr=6 slot=1 size=10 src=client:0 dst=worker:6
event=resp_rdma_read ts_ns=59648319 id=238 start_ns=58217254 dur_ns=1431065 clt=0 wrkr=9 slot=0 size=512008 src=worker:9 dst=client:0
event=req_send ts_ns=59648319 id=244 clt=0 wrkr=7 slot=0 size=17 src=client:0 dst=worker:7
event=resp_recv_ud ts_ns=59688412 id=244 clt=0 wrkr=7 slot=0 size=41 src=worker:7 dst=client:0
event=hand_send ts_ns=59697059 id=244 clt=0 wrkr=7 slot=0 size=10 src=client:0 dst=worker:7
event=resp_rdma_read ts_ns=59845380 id=239 start_ns=58413444 dur_ns=1431936 clt=0 wrkr=6 slot=1 size=512008 src=worker:6 dst=client:0
event=req_send ts_ns=59845380 id=245 clt=0 wrkr=5 slot=1 size=17 src=client:0 dst=worker:5
event=resp_recv_ud ts_ns=59885538 id=245 clt=0 wrkr=5 slot=1 size=41 src=worker:5 dst=client:0
event=hand_send ts_ns=59894185 id=245 clt=0 wrkr=5 slot=1 size=10 src=client:0 dst=worker:5
event=resp_rdma_read ts_ns=61127826 id=244 start_ns=59697059 dur_ns=1430767 clt=0 wrkr=7 slot=0 size=512008 src=worker:7 dst=client:0
event=req_send ts_ns=61127826 id=250 clt=0 wrkr=5 slot=0 size=17 src=client:0 dst=worker:5
event=resp_recv_ud ts_ns=61167917 id=250 clt=0 wrkr=5 slot=0 size=41 src=worker:5 dst=client:0
event=hand_send ts_ns=61176564 id=250 clt=0 wrkr=5 slot=0 size=10 src=client:0 dst=worker:5
event=resp_rdma_read ts_ns=61325928 id=245 start_ns=59894185 dur_ns=1431743 clt=0 wrkr=5 slot=1 size=512008 src=worker:5 dst=client:0
event=req_send ts_ns=61325928 id=251 clt=0 wrkr=5 slot=1 size=17 src=client:0 dst=worker:5
event=resp_recv_ud ts_ns=61366082 id=251 clt=0 wrkr=5 slot=1 size=41 src=worker:5 dst=client:0
event=hand_send ts_ns=61374729 id=251 clt=0 wrkr=5 slot=1 size=10 src=client:0 dst=worker:5
event=resp_rdma_read ts_ns=62607048 id=250 start_ns=61176564 dur_ns=1430484 clt=0 wrkr=5 slot=0 size=512008 src=worker:5 dst=client:0
event=req_send ts_ns=62607048 id=256 clt=0 wrkr=1 slot=0 size=17 src=client:0 dst=worker:1
event=resp_recv_ud ts_ns=62647140 id=256 clt=0 wrkr=1 slot=0 size=41 src=worker:1 dst=client:0
event=hand_send ts_ns=62655787 id=256 clt=0 wrkr=1 slot=0 size=10 src=client:0 dst=worker:1
event=resp_rdma_read ts_ns=62806285 id=251 start_ns=61374729 dur_ns=1431556 clt=0 wrkr=5 slot=1 size=512008 src=worker:5 dst=client:0
event=req_send ts_ns=62806285 id=257 clt=0 wrkr=3 slot=0 size=17 src=client:0 dst=worker:3
event=resp_recv_ud ts_ns=62846437 id=257 clt=0 wrkr=3 slot=0 size=41 src=worker:3 dst=client:0
event=hand_send ts_ns=62855084 id=257 clt=0 wrkr=3 slot=0 size=10 src=client:0 dst=worker:3
event=resp_rdma_read ts_ns=64086134 id=256 start_ns=62655787 dur_ns=1430347 clt=0 wrkr=1 slot=0 size=512008 src=worker:1 dst=client:0
event=req_send ts_ns=64086134 id=262 clt=0 wrkr=2 slot=1 size=17 src=client:0 dst=worker:2
event=resp_recv_ud ts_ns=64126228 id=262 clt=0 wrkr=2 slot=1 size=41 src=worker:2 dst=client:0
event=hand_send ts_ns=64134875 id=262 clt=0 wrkr=2 slot=1 size=10 src=client:0 dst=worker:2
event=resp_rdma_read ts_ns=64286608 id=257 start_ns=62855084 dur_ns=1431524 clt=0 wrkr=3 slot=0 size=512008 src=worker:3 dst=client:0
event=req_send ts_ns=64286608 id=263 clt=0 wrkr=5 slot=0 size=17 src=client:0 dst=worker:5
event=resp_recv_ud ts_ns=64326757 id=263 clt=0 wrkr=5 slot=0 size=41 src=worker:5 dst=client:0
event=hand_send ts_ns=64335404 id=263 clt=0 wrkr=5 slot=0 size=10 src=client:0 dst=worker:5
event=resp_rdma_read ts_ns=65565245 id=262 start_ns=64134875 dur_ns=1430370 clt=0 wrkr=2 slot=1 size=512008 src=worker:2 dst=client:0
event=req_send ts_ns=65565245 id=268 clt=0 wrkr=5 slot=1 size=17 src=client:0 dst=worker:5
event=resp_recv_ud ts_ns=65605340 id=268 clt=0 wrkr=5 slot=1 size=41 src=worker:5 dst=client:0
event=hand_send ts_ns=65613987 id=268 clt=0 wrkr=5 slot=1 size=10 src=client:0 dst=worker:5
event=resp_rdma_read ts_ns=65766742 id=263 start_ns=64335404 dur_ns=1431338 clt=0 wrkr=5 slot=0 size=512008 src=worker:5 dst=client:0
event=req_send ts_ns=65766742 id=269 clt=0 wrkr=10 slot=1 size=17 src=client:0 dst=worker:10
event=resp_recv_ud ts_ns=65806890 id=269 clt=0 wrkr=10 slot=1 size=41 src=worker:10 dst=client:0
event=hand_send ts_ns=65815537 id=269 clt=0 wrkr=10 slot=1 size=10 src=client:0 dst=worker:10
event=resp_rdma_read ts_ns=67044082 id=268 start_ns=65613987 dur_ns=1430095 clt=0 wrkr=5 slot=1 size=512008 src=worker:5 dst=client:0
event=req_send ts_ns=67044082 id=274 clt=0 wrkr=1 slot=1 size=17 src=client:0 dst=worker:1
event=resp_recv_ud ts_ns=67084177 id=274 clt=0 wrkr=1 slot=1 size=41 src=worker:1 dst=client:0
event=hand_send ts_ns=67092824 id=274 clt=0 wrkr=1 slot=1 size=10 src=client:0 dst=worker:1
event=resp_rdma_read ts_ns=67246693 id=269 start_ns=65815537 dur_ns=1431156 clt=0 wrkr=10 slot=1 size=512008 src=worker:10 dst=client:0
event=req_send ts_ns=67246693 id=275 clt=0 wrkr=4 slot=0 size=17 src=client:0 dst=worker:4
event=resp_recv_ud ts_ns=67286839 id=275 clt=0 wrkr=4 slot=0 size=41 src=worker:4 dst=client:0
event=hand_send ts_ns=67295486 id=275 clt=0 wrkr=4 slot=0 size=10 src=client:0 dst=worker:4
event=resp_rdma_read ts_ns=68522797 id=274 start_ns=67092824 dur_ns=1429973 clt=0 wrkr=1 slot=1 size=512008 src=worker:1 dst=client:0
event=req_send ts_ns=68522797 id=280 clt=0 wrkr=6 slot=0 size=17 src=client:0 dst=worker:6
event=resp_recv_ud ts_ns=68562898 id=280 clt=0 wrkr=6 slot=0 size=41 src=worker:6 dst=client:0
event=hand_send ts_ns=68571545 id=280 clt=0 wrkr=6 slot=0 size=10 src=client:0 dst=worker:6
event=resp_rdma_read ts_ns=68726465 id=275 start_ns=67295486 dur_ns=1430979 clt=0 wrkr=4 slot=0 size=512008 src=worker:4 dst=client:0
event=req_send ts_ns=68726465 id=281 clt=0 wrkr=5 slot=0 size=17 src=client:0 dst=worker:5
event=resp_recv_ud ts_ns=68766608 id=281 clt=0 wrkr=5 slot=0 size=41 src=worker:5 dst=client:0
event=hand_send ts_ns=68775255 id=281 clt=0 wrkr=5 slot=0 size=10 src=client:0 dst=worker:5
event=resp_rdma_read ts_ns=70001540 id=280 start_ns=68571545 dur_ns=1429995 clt=0 wrkr=6 slot=0 size=512008 src=worker:6 dst=client:0
event=req_send ts_ns=70001540 id=286 clt=0 wrkr=6 slot=1 size=17 src=client:0 dst=worker:6
event=resp_recv_ud ts_ns=70041636 id=286 clt=0 wrkr=6 slot=1 size=41 src=worker:6 dst=client:0
event=hand_send ts_ns=70050283 id=286 clt=0 wrkr=6 slot=1 size=10 src=client:0 dst=worker:6
event=resp_rdma_read ts_ns=70206220 id=281 start_ns=68775255 dur_ns=1430965 clt=0 wrkr=5 slot=0 size=512008 src=worker:5 dst=client:0
event=req_send ts_ns=70206220 id=287 clt=0 wrkr=11 slot=1 size=17 src=client:0 dst=worker:11
event=resp_recv_ud ts_ns=70246364 id=287 clt=0 wrkr=11 slot=1 size=41 src=worker:11 dst=client:0
event=hand_send ts_ns=70255011 id=287 clt=0 wrkr=11 slot=1 size=10 src=client:0 dst=worker:11
event=resp_rdma_read ts_ns=71479724 id=286 start_ns=70050283 dur_ns=1429441 clt=0 wrkr=6 slot=1 size=512008 src=worker:6 dst=client:0
event=req_send ts_ns=71479724 id=292 clt=0 wrkr=5 slot=1 size=17 src=client:0 dst=worker:5
event=resp_recv_ud ts_ns=71519827 id=292 clt=0 wrkr=5 slot=1 size=41 src=worker:5 dst=client:0
event=hand_send ts_ns=71528474 id=292 clt=0 wrkr=5 slot=1 size=10 src=client:0 dst=worker:5
event=resp_rdma_read ts_ns=71685644 id=287 start_ns=70255011 dur_ns=1430633 clt=0 wrkr=11 slot=1 size=512008 src=worker:11 dst=client:0
event=req_send ts_ns=71685644 id=293 clt=0 wrkr=2 slot=0 size=17 src=client:0 dst=worker:2
event=resp_recv_ud ts_ns=71725786 id=293 clt=0 wrkr=2 slot=0 size=41 src=worker:2 dst=client:0
event=hand_send ts_ns=71734433 id=293 clt=0 wrkr=2 slot=0 size=10 src=client:0 dst=worker:2
event=resp_rdma_read ts_ns=72958224 id=292 start_ns=71528474 dur_ns=1429750 clt=0 wrkr=5 slot=1 size=512008 src=worker:5 dst=client:0
event=req_send ts_ns=72958224 id=298 clt=0 wrkr=11 slot=0 size=17 src=client:0 dst=worker:11
event=resp_recv_ud ts_ns=72998324 id=298 clt=0 wrkr=11 slot=0 size=41 src=worker:11 dst=client:0
event=hand_send ts_ns=73006971 id=298 clt=0 wrkr=11 slot=0 size=10 src=client:0 dst=worker:11
event=resp_rdma_read ts_ns=73165064 id=293 start_ns=71734433 dur_ns=1430631 clt=0 wrkr=2 slot=0 size=512008 src=worker:2 dst=client:0
event=req_send ts_ns=73165064 id=299 clt=0 wrkr=6 slot=0 size=17 src=client:0 dst=worker:6
event=resp_recv_ud ts_ns=73205204 id=299 clt=0 wrkr=6 slot=0 size=41 src=worker:6 dst=client:0
event=hand_send ts_ns=73213851 id=299 clt=0 wrkr=6 slot=0 size=10 src=client:0 dst=worker:6
event=resp_rdma_read ts_ns=74436159 id=298 start_ns=73006971 dur_ns=1429188 clt=0 wrkr=11 slot=0 size=512008 src=worker:11 dst=client:0
event=req_send ts_ns=74436159 id=304 clt=0 wrkr=10 slot=0 size=17 src=client:0 dst=worker:10
event=resp_recv_ud ts_ns=74476264 id=304 clt=0 wrkr=10 slot=0 size=41 src=worker:10 dst=client:0
event=hand_send ts_ns=74484911 id=304 clt=0 wrkr=10 slot=0 size=10 src=client:0 dst=worker:10
event=resp_rdma_read ts_ns=74644160 id=299 start_ns=73213851 dur_ns=1430309 clt=0 wrkr=6 slot=0 size=512008 src=worker:6 dst=client:0
event=req_send ts_ns=74644160 id=305 clt=0 wrkr=11 slot=1 size=17 src=client:0 dst=worker:11
event=resp_recv_ud ts_ns=74684297 id=305 clt=0 wrkr=11 slot=1 size=41 src=worker:11 dst=client:0
event=hand_send ts_ns=74692944 id=305 clt=0 wrkr=11 slot=1 size=10 src=client:0 dst=worker:11
event=resp_rdma_read ts_ns=75914411 id=304 start_ns=74484911 dur_ns=1429500 clt=0 wrkr=10 slot=0 size=512008 src=worker:10 dst=client:0
event=req_send ts_ns=75914411 id=310 clt=0 wrkr=3 slot=1 size=17 src=client:0 dst=worker:3
event=resp_recv_ud ts_ns=75954513 id=310 clt=0 wrkr=3 slot=1 size=41 src=worker:3 dst=client:0
event=hand_send ts_ns=75963160 id=310 clt=0 wrkr=3 slot=1 size=10 src=client:0 dst=worker:3
event=resp_rdma_read ts_ns=76123260 id=305 start_ns=74692944 dur_ns=1430316 clt=0 wrkr=11 slot=1 size=512008 src=worker:11 dst=client:0
event=req_send ts_ns=76123260 id=311 clt=0 wrkr=8 slot=0 size=17 src=client:0 dst=worker:8
event=resp_recv_ud ts_ns=76163399 id=311 clt=0 wrkr=8 slot=0 size=41 src=worker:8 dst=client:0
event=hand_send ts_ns=76172046 id=311 clt=0 wrkr=8 slot=0 size=10 src=client:0 dst=worker:8
event=resp_rdma_read ts_ns=77392399 id=310 start_ns=75963160 dur_ns=1429239 clt=0 wrkr=3 slot=1 size=512008 src=worker:3 dst=client:0
event=req_send ts_ns=77392399 id=316 clt=0 wrkr=2 slot=1 size=17 src=client:0 dst=worker:2
event=resp_recv_ud ts_ns=77432505 id=316 clt=0 wrkr=2 slot=1 size=41 src=worker:2 dst=client:0
event=hand_send ts_ns=77441152 id=316 clt=0 wrkr=2 slot=1 size=10 src=client:0 dst=worker:2
event=resp_rdma_read ts_ns=77602665 id=311 start_ns=76172046 dur_ns=1430619 clt=0 wrkr=8 slot=0 size=512008 src=worker:8 dst=client:0
event=req_send ts_ns=77602665 id=317 clt=0 wrkr=3 slot=0 size=17 src=client:0 dst=worker:3
event=resp_recv_ud ts_ns=77642798 id=317 clt=0 wrkr=3 slot=0 size=41 src=worker:3 dst=client:0
event=hand_send ts_ns=77651445 id=317 clt=0 wrkr=3 slot=0 size=10 src=client:0 dst=worker:3
event=resp_rdma_read ts_ns=78870401 id=316 start_ns=77441152 dur_ns=1429249 clt=0 wrkr=2 slot=1 size=512008 src=worker:2 dst=client:0
event=req_send ts_ns=78870401 id=322 clt=0 wrkr=11 slot=0 size=17 src=client:0 dst=worker:11
event=resp_recv_ud ts_ns=78910507 id=322 clt=0 wrkr=11 slot=0 size=41 src=worker:11 dst=client:0
event=hand_send ts_ns=78919154 id=322 clt=0 wrkr=11 slot=0 size=10 src=client:0 dst=worker:11
event=resp_rdma_read ts_ns=79081780 id=317 start_ns=77651445 dur_ns=1430335 clt=0 wrkr=3 slot=0 size=512008 src=worker:3 dst=client:0
event=req_send ts_ns=79081780 id=323 clt=0 wrkr=5 slot=0 size=17 src=client:0 dst=worker:5
event=resp_recv_ud ts_ns=79121911 id=323 clt=0 wrkr=5 slot=0 size=41 src=worker:5 dst=client:0
event=hand_send ts_ns=79130558 id=323 clt=0 wrkr=5 slot=0 size=10 src=client:0 dst=worker:5
event=resp_rdma_read ts_ns=80348126 id=322 start_ns=78919154 dur_ns=1428972 clt=0 wrkr=11 slot=0 size=512008 src=worker:11 dst=client:0
event=req_send ts_ns=80348126 id=328 clt=0 wrkr=2 slot=0 size=17 src=client:0 dst=worker:2
event=resp_recv_ud ts_ns=80388235 id=328 clt=0 wrkr=2 slot=0 size=41 src=worker:2 dst=client:0
event=hand_send ts_ns=80396882 id=328 clt=0 wrkr=2 slot=0 size=10 src=client:0 dst=worker:2
event=resp_rdma_read ts_ns=80560599 id=323 start_ns=79130558 dur_ns=1430041 clt=0 wrkr=5 slot=0 size=512008 src=worker:5 dst=client:0
event=req_send ts_ns=80560599 id=329 clt=0 wrkr=10 slot=1 size=17 src=client:0 dst=worker:10
event=resp_recv_ud ts_ns=80600732 id=329 clt=0 wrkr=10 slot=1 size=41 src=worker:10 dst=client:0
event=hand_send ts_ns=80609379 id=329 clt=0 wrkr=10 slot=1 size=10 src=client:0 dst=worker:10
event=resp_rdma_read ts_ns=81825869 id=328 start_ns=80396882 dur_ns=1428987 clt=0 wrkr=2 slot=0 size=512008 src=worker:2 dst=client:0
event=req_send ts_ns=81825869 id=334 clt=0 wrkr=11 slot=1 size=17 src=client:0 dst=worker:11
event=resp_recv_ud ts_ns=81865982 id=334 clt=0 wrkr=11 slot=1 size=41 src=worker:11 dst=client:0
event=hand_send ts_ns=81874629 id=334 clt=0 wrkr=11 slot=1 size=10 src=client:0 dst=worker:11
event=resp_rdma_read ts_ns=82039125 id=329 start_ns=80609379 dur_ns=1429746 clt=0 wrkr=10 slot=1 size=512008 src=worker:10 dst=client:0
event=req_send ts_ns=82039125 id=335 clt=0 wrkr=9 slot=1 size=17 src=client:0 dst=worker:9
event=resp_recv_ud ts_ns=82079260 id=335 clt=0 wrkr=9 slot=1 size=41 src=worker:9 dst=client:0
event=hand_send ts_ns=82087907 id=335 clt=0 wrkr=9 slot=1 size=10 src=client:0 dst=worker:9
event=resp_rdma_read ts_ns=83303936 id=334 start_ns=81874629 dur_ns=1429307 clt=0 wrkr=11 slot=1 size=512008 src=worker:11 dst=client:0
event=req_send ts_ns=83303936 id=340 clt=0 wrkr=2 slot=1 size=17 src=client:0 dst=worker:2
event=resp_recv_ud ts_ns=83344049 id=340 clt=0 wrkr=2 slot=1 size=41 src=worker:2 dst=client:0
event=hand_send ts_ns=83352696 id=340 clt=0 wrkr=2 slot=1 size=10 src=client:0 dst=worker:2
event=resp_rdma_read ts_ns=83517664 id=335 start_ns=82087907 dur_ns=1429757 clt=0 wrkr=9 slot=1 size=512008 src=worker:9 dst=client:0
event=req_send ts_ns=83517664 id=341 clt=0 wrkr=6 slot=1 size=17 src=client:0 dst=worker:6
event=resp_recv_ud ts_ns=83557796 id=341 clt=0 wrkr=6 slot=1 size=41 src=worker:6 dst=client:0
event=hand_send ts_ns=83566443 id=341 clt=0 wrkr=6 slot=1 size=10 src=client:0 dst=worker:6
event=resp_rdma_read ts_ns=84781723 id=340 start_ns=83352696 dur_ns=1429027 clt=0 wrkr=2 slot=1 size=512008 src=worker:2 dst=client:0
event=req_send ts_ns=84781723 id=346 clt=0 wrkr=3 slot=1 size=17 src=client:0 dst=worker:3
event=resp_recv_ud ts_ns=84821836 id=346 clt=0 wrkr=3 slot=1 size=41 src=worker:3 dst=client:0
event=hand_send ts_ns=84830483 id=346 clt=0 wrkr=3 slot=1 size=10 src=client:0 dst=worker:3
event=resp_rdma_read ts_ns=84996210 id=341 start_ns=83566443 dur_ns=1429767 clt=0 wrkr=6 slot=1 size=512008 src=worker:6 dst=client:0
event=req_send ts_ns=84996210 id=347 clt=0 wrkr=7 slot=1 size=17 src=client:0 dst=worker:7
event=resp_recv_ud ts_ns=85036339 id=347 clt=0 wrkr=7 slot=1 size=41 src=worker:7 dst=client:0
event=hand_send ts_ns=85044986 id=347 clt=0 wrkr=7 slot=1 size=10 src=client:0 dst=worker:7
event=resp_rdma_read ts_ns=86259244 id=346 start_ns=84830483 dur_ns=1428761 clt=0 wrkr=3 slot=1 size=512008 src=worker:3 dst=client:0
event=req_send ts_ns=86259244 id=352 clt=0 wrkr=1 slot=0 size=17 src=client:0 dst=worker:1
event=resp_recv_ud ts_ns=86299361 id=352 clt=0 wrkr=1 slot=0 size=41 src=worker:1 dst=client:0
event=hand_send ts_ns=86308008 id=352 clt=0 wrkr=1 slot=0 size=10 src=client:0 dst=worker:1
event=resp_rdma_read ts_ns=86474455 id=347 start_ns=85044986 dur_ns=1429469 clt=0 wrkr=7 slot=1 size=512008 src=worker:7 dst=client:0
event=req_send ts_ns=86474455 id=353 clt=0 wrkr=10 slot=0 size=17 src=client:0 dst=worker:10
event=resp_recv_ud ts_ns=86514586 id=353 clt=0 wrkr=10 slot=0 size=41 src=worker:10 dst=client:0
event=hand_send ts_ns=86523233 id=353 clt=0 wrkr=10 slot=0 size=10 src=client:0 dst=worker:10
event=resp_rdma_read ts_ns=87737076 id=352 start_ns=86308008 dur_ns=1429068 clt=0 wrkr=1 slot=0 size=512008 src=worker:1 dst=client:0
event=req_send ts_ns=87737076 id=358 clt=0 wrkr=4 slot=1 size=17 src=client:0 dst=worker:4
event=resp_recv_ud ts_ns=87777192 id=358 clt=0 wrkr=4 slot=1 size=41 src=worker:4 dst=client:0
event=hand_send ts_ns=87785839 id=358 clt=0 wrkr=4 slot=1 size=10 src=client:0 dst=worker:4
event=resp_rdma_read ts_ns=87953029 id=353 start_ns=86523233 dur_ns=1429796 clt=0 wrkr=10 slot=0 size=512008 src=worker:10 dst=client:0
event=req_send ts_ns=87953029 id=359 clt=0 wrkr=1 slot=1 size=17 src=client:0 dst=worker:1
event=resp_recv_ud ts_ns=87993162 id=359 clt=0 wrkr=1 slot=1 size=41 src=worker:1 dst=client:0
event=hand_send ts_ns=88001809 id=359 clt=0 wrkr=1 slot=1 size=10 src=client:0 dst=worker:1
event=resp_rdma_read ts_ns=89214939 id=358 start_ns=87785839 dur_ns=1429100 clt=0 wrkr=4 slot=1 size=512008 src=worker:4 dst=client:0
event=req_send ts_ns=89214939 id=364 clt=0 wrkr=3 slot=0 size=17 src=client:0 dst=worker:3
event=resp_recv_ud ts_ns=89255053 id=364 clt=0 wrkr=3 slot=0 size=41 src=worker:3 dst=client:0
event=hand_send ts_ns=89263700 id=364 clt=0 wrkr=3 slot=0 size=10 src=client:0 dst=worker:3
event=resp_rdma_read ts_ns=89431607 id=359 start_ns=88001809 dur_ns=1429798 clt=0 wrkr=1 slot=1 size=512008 src=worker:1 dst=client:0
event=req_send ts_ns=89431607 id=365 clt=0 wrkr=8 slot=1 size=17 src=client:0 dst=worker:8
event=resp_recv_ud ts_ns=89471737 id=365 clt=0 wrkr=8 slot=1 size=41 src=worker:8 dst=client:0
event=hand_send ts_ns=89480384 id=365 clt=0 wrkr=8 slot=1 size=10 src=client:0 dst=worker:8
event=resp_rdma_read ts_ns=90692224 id=364 start_ns=89263700 dur_ns=1428524 clt=0 wrkr=3 slot=0 size=512008 src=worker:3 dst=client:0
event=req_send ts_ns=90692224 id=370 clt=0 wrkr=5 slot=1 size=17 src=client:0 dst=worker:5
event=resp_recv_ud ts_ns=90732345 id=370 clt=0 wrkr=5 slot=1 size=41 src=worker:5 dst=client:0
event=hand_send ts_ns=90740992 id=370 clt=0 wrkr=5 slot=1 size=10 src=client:0 dst=worker:5
event=resp_rdma_read ts_ns=90909884 id=365 start_ns=89480384 dur_ns=1429500 clt=0 wrkr=8 slot=1 size=512008 src=worker:8 dst=client:0
event=req_send ts_ns=90909884 id=371 clt=0 wrkr=7 slot=0 size=17 src=client:0 dst=worker:7
event=resp_recv_ud ts_ns=90950017 id=371 clt=0 wrkr=7 slot=0 size=41 src=worker:7 dst=client:0
event=hand_send ts_ns=90958664 id=371 clt=0 wrkr=7 slot=0 size=10 src=client:0 dst=worker:7
event=resp_rdma_read ts_ns=92170111 id=370 start_ns=90740992 dur_ns=1429119 clt=0 wrkr=5 slot=1 size=512008 src=worker:5 dst=client:0
event=req_send ts_ns=92170111 id=376 clt=0 wrkr=11 slot=0 size=17 src=client:0 dst=worker:11
event=resp_recv_ud ts_ns=92210232 id=376 clt=0 wrkr=11 slot=0 size=41 src=worker:11 dst=client:0
event=hand_send ts_ns=92218879 id=376 clt=0 wrkr=11 slot=0 size=10 src=client:0 dst=worker:11
event=resp_rdma_read ts_ns=92388180 id=371 start_ns=90958664 dur_ns=1429516 clt=0 wrkr=7 slot=0 size=512008 src=worker:7 dst=client:0
event=req_send ts_ns=92388180 id=377 clt=0 wrkr=5 slot=0 size=17 src=client:0 dst=worker:5
event=resp_recv_ud ts_ns=92428310 id=377 clt=0 wrkr=5 slot=0 size=41 src=worker:5 dst=client:0
event=hand_send ts_ns=92436957 id=377 clt=0 wrkr=5 slot=0 size=10 src=client:0 dst=worker:5
event=resp_rdma_read ts_ns=93647728 id=376 start_ns=92218879 dur_ns=1428849 clt=0 wrkr=11 slot=0 size=512008 src=worker:11 dst=client:0
event=req_send ts_ns=93647728 id=382 clt=0 wrkr=5 slot=1 size=17 src=client:0 dst=worker:5
event=resp_recv_ud ts_ns=93687846 id=382 clt=0 wrkr=5 slot=1 size=41 src=worker:5 dst=client:0
event=hand_send ts_ns=93696493 id=382 clt=0 wrkr=5 slot=1 size=10 src=client:0 dst=worker:5
event=resp_rdma_read ts_ns=93866784 id=377 start_ns=92436957 dur_ns=1429827 clt=0 wrkr=5 slot=0 size=512008 src=worker:5 dst=client:0
event=req_send ts_ns=93866784 id=383 clt=0 wrkr=0 slot=1 size=17 src=client:0 dst=worker:0
event=resp_recv_ud ts_ns=93906916 id=383 clt=0 wrkr=0 slot=1 size=41 src=worker:0 dst=client:0
event=hand_send ts_ns=93915563 id=383 clt=0 wrkr=0 slot=1 size=10 src=client:0 dst=worker:0
event=resp_rdma_read ts_ns=95125345 id=382 start_ns=93696493 dur_ns=1428852 clt=0 wrkr=5 slot=1 size=512008 src=worker:5 dst=client:0
event=req_send ts_ns=95125345 id=388 clt=0 wrkr=1 slot=0 size=17 src=client:0 dst=worker:1
event=resp_recv_ud ts_ns=95165467 id=388 clt=0 wrkr=1 slot=0 size=41 src=worker:1 dst=client:0
event=hand_send ts_ns=95174114 id=388 clt=0 wrkr=1 slot=0 size=10 src=client:0 dst=worker:1
event=resp_rdma_read ts_ns=95345104 id=383 start_ns=93915563 dur_ns=1429541 clt=0 wrkr=0 slot=1 size=512008 src=worker:0 dst=client:0
event=req_send ts_ns=95345104 id=389 clt=0 wrkr=8 slot=0 size=17 src=client:0 dst=worker:8
event=resp_recv_ud ts_ns=95385233 id=389 clt=0 wrkr=8 slot=0 size=41 src=worker:8 dst=client:0
event=hand_send ts_ns=95393880 id=389 clt=0 wrkr=8 slot=0 size=10 src=client:0 dst=worker:8
event=resp_rdma_read ts_ns=96602676 id=388 start_ns=95174114 dur_ns=1428562 clt=0 wrkr=1 slot=0 size=512008 src=worker:1 dst=client:0
event=req_send ts_ns=96602676 id=394 clt=0 wrkr=9 slot=0 size=17 src=client:0 dst=worker:9
event=resp_recv_ud ts_ns=96642795 id=394 clt=0 wrkr=9 slot=0 size=41 src=worker:9 dst=client:0
event=hand_send ts_ns=96651442 id=394 clt=0 wrkr=9 slot=0 size=10 src=client:0 dst=worker:9
event=resp_rdma_read ts_ns=96823131 id=389 start_ns=95393880 dur_ns=1429251 clt=0 wrkr=8 slot=0 size=512008 src=worker:8 dst=client:0
event=req_send ts_ns=96823131 id=395 clt=0 wrkr=11 slot=1 size=17 src=client:0 dst=worker:11
event=resp_recv_ud ts_ns=96863257 id=395 clt=0 wrkr=11 slot=1 size=41 src=worker:11 dst=client:0
event=hand_send ts_ns=96871904 id=395 clt=0 wrkr=11 slot=1 size=10 src=client:0 dst=worker:11
event=resp_rdma_read ts_ns=98079712 id=394 start_ns=96651442 dur_ns=1428270 clt=0 wrkr=9 slot=0 size=512008 src=worker:9 dst=client:0
event=req_send ts_ns=98079712 id=400 clt=0 wrkr=0 slot=0 size=17 src=client:0 dst=worker:0
event=resp_recv_ud ts_ns=98119834 id=400 clt=0 wrkr=0 slot=0 size=41 src=worker:0 dst=client:0
event=hand_send ts_ns=98128481 id=400 clt=0 wrkr=0 slot=0 size=10 src=client:0 dst=worker:0
event=resp_rdma_read ts_ns=98301173 id=395 start_ns=96871904 dur_ns=1429269 clt=0 wrkr=11 slot=1 size=512008 src=worker:11 dst=client:0
event=req_send ts_ns=98301173 id=401 clt=0 wrkr=0 slot=1 size=17 src=client:0 dst=worker:0
event=resp_recv_ud ts_ns=98341303 id=401 clt=0 wrkr=0 slot=1 size=41 src=worker:0 dst=client:0
event=hand_send ts_ns=98349950 id=401 clt=0 wrkr=0 slot=1 size=10 src=client:0 dst=worker:0
event=resp_rdma_read ts_ns=99557030 id=400 start_ns=98128481 dur_ns=1428549 clt=0 wrkr=0 slot=0 size=512008 src=worker:0 dst=client:0
event=req_send ts_ns=99557030 id=406 clt=0 wrkr=2 slot=0 size=17 src=client:0 dst=worker:2
event=resp_recv_ud ts_ns=99597154 id=406 clt=0 wrkr=2 slot=0 size=41 src=worker:2 dst=client:0
event=hand_send ts_ns=99605801 id=406 clt=0 wrkr=2 slot=0 size=10 src=client:0 dst=worker:2
event=resp_rdma_read ts_ns=99779237 id=401 start_ns=98349950 dur_ns=1429287 clt=0 wrkr=0 slot=1 size=512008 src=worker:0 dst=client:0
event=req_send ts_ns=99779237 id=407 clt=0 wrkr=5 slot=0 size=17 src=client:0 dst=worker:5
event=resp_recv_ud ts_ns=99819368 id=407 clt=0 wrkr=5 slot=0 size=41 src=worker:5 dst=client:0
event=hand_send ts_ns=99828015 id=407 clt=0 wrkr=5 slot=0 size=10 src=client:0 dst=worker:5
event=resp_rdma_read ts_ns=101034354 id=406 start_ns=99605801 dur_ns=1428553 clt=0 wrkr=2 slot=0 size=512008 src=worker:2 dst=client:0
event=req_send ts_ns=101034354 id=412 clt=0 wrkr=8 slot=1 size=17 src=client:0 dst=worker:8
event=resp_recv_ud ts_ns=101074473 id=412 clt=0 wrkr=8 slot=1 size=41 src=worker:8 dst=client:0
event=hand_send ts_ns=101083120 id=412 clt=0 wrkr=8 slot=1 size=10 src=client:0 dst=worker:8
event=resp_rdma_read ts_ns=101257311 id=407 start_ns=99828015 dur_ns=1429296 clt=0 wrkr=5 slot=0 size=512008 src=worker:5 dst=client:0
event=req_send ts_ns=101257311 id=413 clt=0 wrkr=2 slot=1 size=17 src=client:0 dst=worker:2
event=resp_recv_ud ts_ns=101297439 id=413 clt=0 wrkr=2 slot=1 size=41 src=worker:2 dst=client:0
event=hand_send ts_ns=101306086 id=413 clt=0 wrkr=2 slot=1 size=10 src=client:0 dst=worker:2
event=resp_rdma_read ts_ns=102511666 id=412 start_ns=101083120 dur_ns=1428546 clt=0 wrkr=8 slot=1 size=512008 src=worker:8 dst=client:0
event=req_send ts_ns=102511666 id=418 clt=0 wrkr=6 slot=0 size=17 src=client:0 dst=worker:6
event=resp_recv_ud ts_ns=102551785 id=418 clt=0 wrkr=6 slot=0 size=41 src=worker:6 dst=client:0
event=hand_send ts_ns=102560432 id=418 clt=0 wrkr=6 slot=0 size=10 src=client:0 dst=worker:6
event=resp_rdma_read ts_ns=102735397 id=413 start_ns=101306086 dur_ns=1429311 clt=0 wrkr=2 slot=1 size=512008 src=worker:2 dst=client:0
event=req_send ts_ns=102735397 id=419 clt=0 wrkr=1 slot=1 size=17 src=client:0 dst=worker:1
event=resp_recv_ud ts_ns=102775527 id=419 clt=0 wrkr=1 slot=1 size=41 src=worker:1 dst=client:0
event=hand_send ts_ns=102784174 id=419 clt=0 wrkr=1 slot=1 size=10 src=client:0 dst=worker:1
event=resp_rdma_read ts_ns=103988963 id=418 start_ns=102560432 dur_ns=1428531 clt=0 wrkr=6 slot=0 size=512008 src=worker:6 dst=client:0
event=req_send ts_ns=103988963 id=424 clt=0 wrkr=6 slot=1 size=17 src=client:0 dst=worker:6
event=resp_recv_ud ts_ns=104029084 id=424 clt=0 wrkr=6 slot=1 size=41 src=worker:6 dst=client:0
event=hand_send ts_ns=104037731 id=424 clt=0 wrkr=6 slot=1 size=10 src=client:0 dst=worker:6
event=resp_rdma_read ts_ns=104213493 id=419 start_ns=102784174 dur_ns=1429319 clt=0 wrkr=1 slot=1 size=512008 src=worker:1 dst=client:0
event=req_send ts_ns=104213493 id=425 clt=0 wrkr=0 slot=0 size=17 src=client:0 dst=worker:0
event=resp_recv_ud ts_ns=104253622 id=425 clt=0 wrkr=0 slot=0 size=41 src=worker:0 dst=client:0
event=hand_send ts_ns=104262269 id=425 clt=0 wrkr=0 slot=0 size=10 src=client:0 dst=worker:0
event=resp_rdma_read ts_ns=105465970 id=424 start_ns=104037731 dur_ns=1428239 clt=0 wrkr=6 slot=1 size=512008 src=worker:6 dst=client:0
event=req_send ts_ns=105465970 id=430 clt=0 wrkr=2 slot=0 size=17 src=client:0 dst=worker:2
event=resp_recv_ud ts_ns=105506091 id=430 clt=0 wrkr=2 slot=0 size=41 src=worker:2 dst=client:0
event=hand_send ts_ns=105514738 id=430 clt=0 wrkr=2 slot=0 size=10 src=client:0 dst=worker:2
event=resp_rdma_read ts_ns=105691294 id=425 start_ns=104262269 dur_ns=1429025 clt=0 wrkr=0 slot=0 size=512008 src=worker:0 dst=client:0
event=req_send ts_ns=105691294 id=431 clt=0 wrkr=7 slot=1 size=17 src=client:0 dst=worker:7
event=resp_recv_ud ts_ns=105731425 id=431 clt=0 wrkr=7 slot=1 size=41 src=worker:7 dst=client:0
event=hand_send ts_ns=105740072 id=431 clt=0 wrkr=7 slot=1 size=10 src=client:0 dst=worker:7
event=resp_rdma_read ts_ns=106942963 id=430 start_ns=105514738 dur_ns=1428225 clt=0 wrkr=2 slot=0 size=512008 src=worker:2 dst=client:0
event=req_send ts_ns=106942963 id=436 clt=0 wrkr=11 slot=0 size=17 src=client:0 dst=worker:11
event=resp_recv_ud ts_ns=106983083 id=436 clt=0 wrkr=11 slot=0 size=41 src=worker:11 dst=client:0
event=hand_send ts_ns=106991730 id=436 clt=0 wrkr=11 slot=0 size=10 src=client:0 dst=worker:11
event=resp_rdma_read ts_ns=107169105 id=431 start_ns=105740072 dur_ns=1429033 clt=0 wrkr=7 slot=1 size=512008 src=worker:7 dst=client:0
event=req_send ts_ns=107169105 id=437 clt=0 wrkr=0 slot=1 size=17 src=client:0 dst=worker:0
event=resp_recv_ud ts_ns=107209233 id=437 clt=0 wrkr=0 slot=1 size=41 src=worker:0 dst=client:0
event=hand_send ts_ns=107217880 id=437 clt=0 wrkr=0 slot=1 size=10 src=client:0 dst=worker:0
event=resp_rdma_read ts_ns=108419940 id=436 start_ns=106991730 dur_ns=1428210 clt=0 wrkr=11 slot=0 size=512008 src=worker:11 dst=client:0
event=req_send ts_ns=108419940 id=442 clt=0 wrkr=2 slot=1 size=17 src=client:0 dst=worker:2
event=resp_recv_ud ts_ns=108460058 id=442 clt=0 wrkr=2 slot=1 size=41 src=worker:2 dst=client:0
event=hand_send ts_ns=108468705 id=442 clt=0 wrkr=2 slot=1 size=10 src=client:0 dst=worker:2
event=resp_rdma_read ts_ns=108646925 id=437 start_ns=107217880 dur_ns=1429045 clt=0 wrkr=0 slot=1 size=512008 src=worker:0 dst=client:0
event=req_send ts_ns=108646925 id=443 clt=0 wrkr=7 slot=0 size=17 src=client:0 dst=worker:7
event=resp_recv_ud ts_ns=108687055 id=443 clt=0 wrkr=7 slot=0 size=41 src=worker:7 dst=client:0
event=hand_send ts_ns=108695702 id=443 clt=0 wrkr=7 slot=0 size=10 src=client:0 dst=worker:7
event=resp_rdma_read ts_ns=109896884 id=442 start_ns=108468705 dur_ns=1428179 clt=0 wrkr=2 slot=1 size=512008 src=worker:2 dst=client:0
event=req_send ts_ns=109896884 id=448 clt=0 wrkr=0 slot=0 size=17 src=client:0 dst=worker:0
event=resp_recv_ud ts_ns=109937001 id=448 clt=0 wrkr=0 slot=0 size=41 src=worker:0 dst=client:0
event=hand_send ts_ns=109945648 id=448 clt=0 wrkr=0 slot=0 size=10 src=client:0 dst=worker:0
event=resp_rdma_read ts_ns=110124756 id=443 start_ns=108695702 dur_ns=1429054 clt=0 wrkr=7 slot=0 size=512008 src=worker:7 dst=client:0
event=req_send ts_ns=110124756 id=449 clt=0 wrkr=9 slot=1 size=17 src=client:0 dst=worker:9
event=resp_recv_ud ts_ns=110164880 id=449 clt=0 wrkr=9 slot=1 size=41 src=worker:9 dst=client:0
event=hand_send ts_ns=110173527 id=449 clt=0 wrkr=9 slot=1 size=10 src=client:0 dst=worker:9
event=resp_rdma_read ts_ns=111374106 id=448 start_ns=109945648 dur_ns=1428458 clt=0 wrkr=0 slot=0 size=512008 src=worker:0 dst=client:0
event=req_send ts_ns=111374106 id=454 clt=0 wrkr=1 slot=0 size=17 src=client:0 dst=worker:1
event=resp_recv_ud ts_ns=111414224 id=454 clt=0 wrkr=1 slot=0 size=41 src=worker:1 dst=client:0
event=hand_send ts_ns=111422871 id=454 clt=0 wrkr=1 slot=0 size=10 src=client:0 dst=worker:1
event=resp_rdma_read ts_ns=111602002 id=449 start_ns=110173527 dur_ns=1428475 clt=0 wrkr=9 slot=1 size=512008 src=worker:9 dst=client:0
event=req_send ts_ns=111602002 id=455 clt=0 wrkr=0 slot=1 size=17 src=client:0 dst=worker:0
event=resp_recv_ud ts_ns=111642129 id=455 clt=0 wrkr=0 slot=1 size=41 src=worker:0 dst=client:0
event=hand_send ts_ns=111650776 id=455 clt=0 wrkr=0 slot=1 size=10 src=client:0 dst=worker:0
event=resp_rdma_read ts_ns=112851322 id=454 start_ns=111422871 dur_ns=1428451 clt=0 wrkr=1 slot=0 size=512008 src=worker:1 dst=client:0
event=req_send ts_ns=112851322 id=460 clt=0 wrkr=0 slot=0 size=17 src=client:0 dst=worker:0
event=resp_recv_ud ts_ns=112891440 id=460 clt=0 wrkr=0 slot=0 size=41 src=worker:0 dst=client:0
event=hand_send ts_ns=112900087 id=460 clt=0 wrkr=0 slot=0 size=10 src=client:0 dst=worker:0
event=resp_rdma_read ts_ns=113079532 id=455 start_ns=111650776 dur_ns=1428756 clt=0 wrkr=0 slot=1 size=512008 src=worker:0 dst=client:0
event=req_send ts_ns=113079532 id=461 clt=0 wrkr=7 slot=1 size=17 src=client:0 dst=worker:7
event=resp_recv_ud ts_ns=113119658 id=461 clt=0 wrkr=7 slot=1 size=41 src=worker:7 dst=client:0
event=hand_send ts_ns=113128305 id=461 clt=0 wrkr=7 slot=1 size=10 src=client:0 dst=worker:7
event=resp_rdma_read ts_ns=114328518 id=460 start_ns=112900087 dur_ns=1428431 clt=0 wrkr=0 slot=0 size=512008 src=worker:0 dst=client:0
event=req_send ts_ns=114328518 id=466 clt=0 wrkr=8 slot=0 size=17 src=client:0 dst=worker:8
event=resp_recv_ud ts_ns=114368636 id=466 clt=0 wrkr=8 slot=0 size=41 src=worker:8 dst=client:0
event=hand_send ts_ns=114377283 id=466 clt=0 wrkr=8 slot=0 size=10 src=client:0 dst=worker:8
event=resp_rdma_read ts_ns=114556760 id=461 start_ns=113128305 dur_ns=1428455 clt=0 wrkr=7 slot=1 size=512008 src=worker:7 dst=client:0
event=req_send ts_ns=114556760 id=467 clt=0 wrkr=1 slot=1 size=17 src=client:0 dst=worker:1
event=resp_recv_ud ts_ns=114596885 id=467 clt=0 wrkr=1 slot=1 size=41 src=worker:1 dst=client:0
event=hand_send ts_ns=114605532 id=467 clt=0 wrkr=1 slot=1 size=10 src=client:0 dst=worker:1
event=resp_rdma_read ts_ns=115805101 id=466 start_ns=114377283 dur_ns=1427818 clt=0 wrkr=8 slot=0 size=512008 src=worker:8 dst=client:0
event=req_send ts_ns=115805101 id=472 clt=0 wrkr=8 slot=1 size=17 src=client:0 dst=worker:8
event=resp_recv_ud ts_ns=115845218 id=472 clt=0 wrkr=8 slot=1 size=41 src=worker:8 dst=client:0
event=hand_send ts_ns=115853865 id=472 clt=0 wrkr=8 slot=1 size=10 src=client:0 dst=worker:8
event=resp_rdma_read ts_ns=116034568 id=467 start_ns=114605532 dur_ns=1429036 clt=0 wrkr=1 slot=1 size=512008 src=worker:1 dst=client:0
event=req_send ts_ns=116034568 id=473 clt=0 wrkr=3 slot=1 size=17 src=client:0 dst=worker:3
event=resp_recv_ud ts_ns=116074693 id=473 clt=0 wrkr=3 slot=1 size=41 src=worker:3 dst=client:0
event=hand_send ts_ns=116083340 id=473 clt=0 wrkr=3 slot=1 size=10 src=client:0 dst=worker:3
event=resp_rdma_read ts_ns=117281953 id=472 start_ns=115853865 dur_ns=1428088 clt=0 wrkr=8 slot=1 size=512008 src=worker:8 dst=client:0
event=req_send ts_ns=117281953 id=478 clt=0 wrkr=2 slot=0 size=17 src=client:0 dst=worker:2
event=resp_recv_ud ts_ns=117322064 id=478 clt=0 wrkr=2 slot=0 size=41 src=worker:2 dst=client:0
event=hand_send ts_ns=117330711 id=478 clt=0 wrkr=2 slot=0 size=10 src=client:0 dst=worker:2
event=resp_rdma_read ts_ns=117512100 id=473 start_ns=116083340 dur_ns=1428760 clt=0 wrkr=3 slot=1 size=512008 src=worker:3 dst=client:0
event=req_send ts_ns=117512100 id=479 clt=0 wrkr=5 slot=1 size=17 src=client:0 dst=worker:5
event=resp_recv_ud ts_ns=117552221 id=479 clt=0 wrkr=5 slot=1 size=41 src=worker:5 dst=client:0
event=hand_send ts_ns=117560868 id=479 clt=0 wrkr=5 slot=1 size=10 src=client:0 dst=worker:5
event=resp_rdma_read ts_ns=118758478 id=478 start_ns=117330711 dur_ns=1427767 clt=0 wrkr=2 slot=0 size=512008 src=worker:2 dst=client:0
event=req_send ts_ns=118758478 id=484 clt=0 wrkr=11 slot=1 size=17 src=client:0 dst=worker:11
event=resp_recv_ud ts_ns=118798595 id=484 clt=0 wrkr=11 slot=1 size=41 src=worker:11 dst=client:0
event=hand_send ts_ns=118807242 id=484 clt=0 wrkr=11 slot=1 size=10 src=client:0 dst=worker:11
event=resp_rdma_read ts_ns=118989042 id=479 start_ns=117560868 dur_ns=1428174 clt=0 wrkr=5 slot=1 size=512008 src=worker:5 dst=client:0
event=req_send ts_ns=118989042 id=485 clt=0 wrkr=4 slot=0 size=17 src=client:0 dst=worker:4
event=resp_recv_ud ts_ns=119029164 id=485 clt=0 wrkr=4 slot=0 size=41 src=worker:4 dst=client:0
event=hand_send ts_ns=119037811 id=485 clt=0 wrkr=4 slot=0 size=10 src=client:0 dst=worker:4
event=resp_rdma_read ts_ns=120235292 id=484 start_ns=118807242 dur_ns=1428050 clt=0 wrkr=11 slot=1 size=512008 src=worker:11 dst=client:0
event=req_send ts_ns=120235292 id=490 clt=0 wrkr=11 slot=0 size=17 src=client:0 dst=worker:11
event=resp_recv_ud ts_ns=120275406 id=490 clt=0 wrkr=11 slot=0 size=41 src=worker:11 dst=client:0
event=hand_send ts_ns=120284053 id=490 clt=0 wrkr=11 slot=0 size=10 src=client:0 dst=worker:11
event=resp_rdma_read ts_ns=120465984 id=485 start_ns=119037811 dur_ns=1428173 clt=0 wrkr=4 slot=0 size=512008 src=worker:4 dst=client:0
event=req_send ts_ns=120465984 id=491 clt=0 wrkr=0 slot=1 size=17 src=client:0 dst=worker:0
event=resp_recv_ud ts_ns=120506105 id=491 clt=0 wrkr=0 slot=1 size=41 src=worker:0 dst=client:0
event=hand_send ts_ns=120514752 id=491 clt=0 wrkr=0 slot=1 size=10 src=client:0 dst=worker:0
event=resp_rdma_read ts_ns=121712106 id=490 start_ns=120284053 dur_ns=1428053 clt=0 wrkr=11 slot=0 size=512008 src=worker:11 dst=client:0
event=req_send ts_ns=121712106 id=496 clt=0 wrkr=5 slot=0 size=17 src=client:0 dst=worker:5
event=resp_recv_ud ts_ns=121752217 id=496 clt=0 wrkr=5 slot=0 size=41 src=worker:5 dst=client:0
event=hand_send ts_ns=121760864 id=496 clt=0 wrkr=5 slot=0 size=10 src=client:0 dst=worker:5
event=resp_rdma_read ts_ns=121942913 id=491 start_ns=120514752 dur_ns=1428161 clt=0 wrkr=0 slot=1 size=512008 src=worker:0 dst=client:0
event=req_send ts_ns=121942913 id=497 clt=0 wrkr=11 slot=1 size=17 src=client:0 dst=worker:11
event=resp_recv_ud ts_ns=121983033 id=497 clt=0 wrkr=11 slot=1 size=41 src=worker:11 dst=client:0
event=hand_send ts_ns=121991680 id=497 clt=0 wrkr=11 slot=1 size=10 src=client:0 dst=worker:11
event=resp_rdma_read ts_ns=123188609 id=496 start_ns=121760864 dur_ns=1427745 clt=0 wrkr=5 slot=0 size=512008 src=worker:5 dst=client:0
event=req_send ts_ns=123188609 id=502 clt=0 wrkr=10 slot=1 size=17 src=client:0 dst=worker:10
event=resp_recv_ud ts_ns=123228723 id=502 clt=0 wrkr=10 slot=1 size=41 src=worker:10 dst=client:0
event=hand_send ts_ns=123237370 id=502 clt=0 wrkr=10 slot=1 size=10 src=client:0 dst=worker:10
event=resp_rdma_read ts_ns=123420128 id=497 start_ns=121991680 dur_ns=1428448 clt=0 wrkr=11 slot=1 size=512008 src=worker:11 dst=client:0
event=req_send ts_ns=123420128 id=503 clt=0 wrkr=3 slot=0 size=17 src=client:0 dst=worker:3
event=resp_recv_ud ts_ns=123460250 id=503 clt=0 wrkr=3 slot=0 size=41 src=worker:3 dst=client:0
event=hand_send ts_ns=123468897 id=503 clt=0 wrkr=3 slot=0 size=10 src=client:0 dst=worker:3
event=resp_rdma_read ts_ns=124665087 id=502 start_ns=123237370 dur_ns=1427717 clt=0 wrkr=10 slot=1 size=512008 src=worker:10 dst=client:0
event=req_send ts_ns=124665087 id=508 clt=0 wrkr=6 slot=0 size=17 src=client:0 dst=worker:6
event=resp_recv_ud ts_ns=124705200 id=508 clt=0 wrkr=6 slot=0 size=41 src=worker:6 dst=client:0
event=hand_send ts_ns=124713847 id=508 clt=0 wrkr=6 slot=0 size=10 src=client:0 dst=worker:6
event=resp_rdma_read ts_ns=124897051 id=503 start_ns=123468897 dur_ns=1428154 clt=0 wrkr=3 slot=0 size=512008 src=worker:3 dst=client:0
event=req_send ts_ns=124897051 id=509 clt=0 wrkr=0 slot=0 size=17 src=client:0 dst=worker:0
event=resp_recv_ud ts_ns=124937169 id=509 clt=0 wrkr=0 slot=0 size=41 src=worker:0 dst=client:0
event=hand_send ts_ns=124945816 id=509 clt=0 wrkr=0 slot=0 size=10 src=client:0 dst=worker:0
event=resp_rdma_read ts_ns=126141542 id=508 start_ns=124713847 dur_ns=1427695 clt=0 wrkr=6 slot=0 size=512008 src=worker:6 dst=client:0
event=req_send ts_ns=126141542 id=514 clt=0 wrkr=9 slot=0 size=17 src=client:0 dst=worker:9
event=resp_recv_ud ts_ns=126181654 id=514 clt=0 wrkr=9 slot=0 size=41 src=worker:9 dst=client:0
event=hand_send ts_ns=126190301 id=514 clt=0 wrkr=9 slot=0 size=10 src=client:0 dst=worker:9
event=resp_rdma_read ts_ns=126373972 id=509 start_ns=124945816 dur_ns=1428156 clt=0 wrkr=0 slot=0 size=512008 src=worker:0 dst=client:0
event=req_send ts_ns=126373972 id=515 clt=0 wrkr=0 slot=1 size=17 src=client:0 dst=worker:0
event=resp_recv_ud ts_ns=126414090 id=515 clt=0 wrkr=0 slot=1 size=41 src=worker:0 dst=client:0
event=hand_send ts_ns=126422737 id=515 clt=0 wrkr=0 slot=1 size=10 src=client:0 dst=worker:0
event=resp_rdma_read ts_ns=127618252 id=514 start_ns=126190301 dur_ns=1427951 clt=0 wrkr=9 slot=0 size=512008 src=worker:9 dst=client:0
event=req_send ts_ns=127618252 id=520 clt=0 wrkr=4 slot=1 size=17 src=client:0 dst=worker:4
event=resp_recv_ud ts_ns=127658364 id=520 clt=0 wrkr=4 slot=1 size=41 src=worker:4 dst=client:0
event=hand_send ts_ns=127667011 id=520 clt=0 wrkr=4 slot=1 size=10 src=client:0 dst=worker:4
event=resp_rdma_read ts_ns=127850890 id=515 start_ns=126422737 dur_ns=1428153 clt=0 wrkr=0 slot=1 size=512008 src=worker:0 dst=client:0
event=req_send ts_ns=127850890 id=521 clt=0 wrkr=8 slot=0 size=17 src=client:0 dst=worker:8
event=resp_recv_ud ts_ns=127891008 id=521 clt=0 wrkr=8 slot=0 size=41 src=worker:8 dst=client:0
event=hand_send ts_ns=127899655 id=521 clt=0 wrkr=8 slot=0 size=10 src=client:0 dst=worker:8
event=resp_rdma_read ts_ns=129094349 id=520 start_ns=127667011 dur_ns=1427338 clt=0 wrkr=4 slot=1 size=512008 src=worker:4 dst=client:0
event=req_send ts_ns=129094349 id=526 clt=0 wrkr=4 slot=0 size=17 src=client:0 dst=worker:4
event=resp_recv_ud ts_ns=129134460 id=526 clt=0 wrkr=4 slot=0 size=41 src=worker:4 dst=client:0
event=hand_send ts_ns=129143107 id=526 clt=0 wrkr=4 slot=0 size=10 src=client:0 dst=worker:4
event=resp_rdma_read ts_ns=129327800 id=521 start_ns=127899655 dur_ns=1428145 clt=0 wrkr=8 slot=0 size=512008 src=worker:8 dst=client:0
event=req_send ts_ns=129327800 id=527 clt=0 wrkr=7 slot=0 size=17 src=client:0 dst=worker:7
event=resp_recv_ud ts_ns=129367917 id=527 clt=0 wrkr=7 slot=0 size=41 src=worker:7 dst=client:0
event=hand_send ts_ns=129376564 id=527 clt=0 wrkr=7 slot=0 size=10 src=client:0 dst=worker:7
event=resp_rdma_read ts_ns=130570421 id=526 start_ns=129143107 dur_ns=1427314 clt=0 wrkr=4 slot=0 size=512008 src=worker:4 dst=client:0
event=req_send ts_ns=130570421 id=532 clt=0 wrkr=5 slot=1 size=17 src=client:0 dst=worker:5
event=resp_recv_ud ts_ns=130610532 id=532 clt=0 wrkr=5 slot=1 size=41 src=worker:5 dst=client:0
event=hand_send ts_ns=130619179 id=532 clt=0 wrkr=5 slot=1 size=10 src=client:0 dst=worker:5
event=resp_rdma_read ts_ns=130804123 id=527 start_ns=129376564 dur_ns=1427559 clt=0 wrkr=7 slot=0 size=512008 src=worker:7 dst=client:0
event=req_send ts_ns=130804123 id=533 clt=0 wrkr=7 slot=1 size=17 src=client:0 dst=worker:7
event=resp_recv_ud ts_ns=130844240 id=533 clt=0 wrkr=7 slot=1 size=41 src=worker:7 dst=client:0
event=hand_send ts_ns=130852887 id=533 clt=0 wrkr=7 slot=1 size=10 src=client:0 dst=worker:7
event=resp_rdma_read ts_ns=132046471 id=532 start_ns=130619179 dur_ns=1427292 clt=0 wrkr=5 slot=1 size=512008 src=worker:5 dst=client:0
event=req_send ts_ns=132046471 id=538 clt=0 wrkr=6 slot=1 size=17 src=client:0 dst=worker:6
event=resp_recv_ud ts_ns=132086580 id=538 clt=0 wrkr=6 slot=1 size=41 src=worker:6 dst=client:0
event=hand_send ts_ns=132095227 id=538 clt=0 wrkr=6 slot=1 size=10 src=client:0 dst=worker:6
event=resp_rdma_read ts_ns=132281036 id=533 start_ns=130852887 dur_ns=1428149 clt=0 wrkr=7 slot=1 size=512008 src=worker:7 dst=client:0
event=req_send ts_ns=132281036 id=539 clt=0 wrkr=11 slot=0 size=17 src=client:0 dst=worker:11
event=resp_recv_ud ts_ns=132321155 id=539 clt=0 wrkr=11 slot=0 size=41 src=worker:11 dst=client:0
event=hand_send ts_ns=132329802 id=539 clt=0 wrkr=11 slot=0 size=10 src=client:0 dst=worker:11
event=resp_rdma_read ts_ns=133522485 id=538 start_ns=132095227 dur_ns=1427258 clt=0 wrkr=6 slot=1 size=512008 src=worker:6 dst=client:0
event=req_send ts_ns=133522485 id=544 clt=0 wrkr=10 slot=0 size=17 src=client:0 dst=worker:10
event=resp_recv_ud ts_ns=133562594 id=544 clt=0 wrkr=10 slot=0 size=41 src=worker:10 dst=client:0
event=hand_send ts_ns=133571241 id=544 clt=0 wrkr=10 slot=0 size=10 src=client:0 dst=worker:10
event=resp_rdma_read ts_ns=133757667 id=539 start_ns=132329802 dur_ns=1427865 clt=0 wrkr=11 slot=0 size=512008 src=worker:11 dst=client:0
event=req_send ts_ns=133757667 id=545 clt=0 wrkr=5 slot=0 size=17 src=client:0 dst=worker:5
event=resp_recv_ud ts_ns=133797783 id=545 clt=0 wrkr=5 slot=0 size=41 src=worker:5 dst=client:0
event=hand_send ts_ns=133806430 id=545 clt=0 wrkr=5 slot=0 size=10 src=client:0 dst=worker:5
event=resp_rdma_read ts_ns=134998479 id=544 start_ns=133571241 dur_ns=1427238 clt=0 wrkr=10 slot=0 size=512008 src=worker:10 dst=client:0
event=req_send ts_ns=134998479 id=550 clt=0 wrkr=1 slot=0 size=17 src=client:0 dst=worker:1
event=resp_recv_ud ts_ns=135038590 id=550 clt=0 wrkr=1 slot=0 size=41 src=worker:1 dst=client:0
event=hand_send ts_ns=135047237 id=550 clt=0 wrkr=1 slot=0 size=10 src=client:0 dst=worker:1
event=resp_rdma_read ts_ns=135234305 id=545 start_ns=133806430 dur_ns=1427875 clt=0 wrkr=5 slot=0 size=512008 src=worker:5 dst=client:0
event=req_send ts_ns=135234305 id=551 clt=0 wrkr=4 slot=1 size=17 src=client:0 dst=worker:4
event=resp_recv_ud ts_ns=135274418 id=551 clt=0 wrkr=4 slot=1 size=41 src=worker:4 dst=client:0
event=hand_send ts_ns=135283065 id=551 clt=0 wrkr=4 slot=1 size=10 src=client:0 dst=worker:4
event=resp_rdma_read ts_ns=136474170 id=550 start_ns=135047237 dur_ns=1426933 clt=0 wrkr=1 slot=0 size=512008 src=worker:1 dst=client:0
event=req_send ts_ns=136474170 id=556 clt=0 wrkr=8 slot=1 size=17 src=client:0 dst=worker:8
event=resp_recv_ud ts_ns=136514280 id=556 clt=0 wrkr=8 slot=1 size=41 src=worker:8 dst=client:0
event=hand_send ts_ns=136522927 id=556 clt=0 wrkr=8 slot=1 size=10 src=client:0 dst=worker:8
event=resp_rdma_read ts_ns=136711250 id=551 start_ns=135283065 dur_ns=1428185 clt=0 wrkr=4 slot=1 size=512008 src=worker:4 dst=client:0
event=req_send ts_ns=136711250 id=557 clt=0 wrkr=11 slot=1 size=17 src=client:0 dst=worker:11
event=resp_recv_ud ts_ns=136751368 id=557 clt=0 wrkr=11 slot=1 size=41 src=worker:11 dst=client:0
event=hand_send ts_ns=136760015 id=557 clt=0 wrkr=11 slot=1 size=10 src=client:0 dst=worker:11
event=resp_rdma_read ts_ns=137950428 id=556 start_ns=136522927 dur_ns=1427501 clt=0 wrkr=8 slot=1 size=512008 src=worker:8 dst=client:0
event=req_send ts_ns=137950428 id=562 clt=0 wrkr=0 slot=0 size=17 src=client:0 dst=worker:0
event=resp_recv_ud ts_ns=137990537 id=562 clt=0 wrkr=0 slot=0 size=41 src=worker:0 dst=client:0
event=hand_send ts_ns=137999184 id=562 clt=0 wrkr=0 slot=0 size=10 src=client:0 dst=worker:0
event=resp_rdma_read ts_ns=138187623 id=557 start_ns=136760015 dur_ns=1427608 clt=0 wrkr=11 slot=1 size=512008 src=worker:11 dst=client:0
event=req_send ts_ns=138187623 id=563 clt=0 wrkr=10 slot=1 size=17 src=client:0 dst=worker:10
event=resp_recv_ud ts_ns=138227741 id=563 clt=0 wrkr=10 slot=1 size=41 src=worker:10 dst=client:0
event=hand_send ts_ns=138236388 id=563 clt=0 wrkr=10 slot=1 size=10 src=client:0 dst=worker:10
event=resp_rdma_read ts_ns=139426664 id=562 start_ns=137999184 dur_ns=1427480 clt=0 wrkr=0 slot=0 size=512008 src=worker:0 dst=client:0
event=req_send ts_ns=139426664 id=568 clt=0 wrkr=1 slot=1 size=17 src=client:0 dst=worker:1
event=resp_recv_ud ts_ns=139466763 id=568 clt=0 wrkr=1 slot=1 size=41 src=worker:1 dst=client:0
event=hand_send ts_ns=139475410 id=568 clt=0 wrkr=1 slot=1 size=10 src=client:0 dst=worker:1
event=resp_rdma_read ts_ns=139663991 id=563 start_ns=138236388 dur_ns=1427603 clt=0 wrkr=10 slot=1 size=512008 src=worker:10 dst=client:0
event=req_send ts_ns=139663991 id=569 clt=0 wrkr=2 slot=1 size=17 src=client:0 dst=worker:2
event=resp_recv_ud ts_ns=139704109 id=569 clt=0 wrkr=2 slot=1 size=41 src=worker:2 dst=client:0
event=hand_send ts_ns=139712756 id=569 clt=0 wrkr=2 slot=1 size=10 src=client:0 dst=worker:2
event=resp_rdma_read ts_ns=140902288 id=568 start_ns=139475410 dur_ns=1426878 clt=0 wrkr=1 slot=1 size=512008 src=worker:1 dst=client:0
event=req_send ts_ns=140902288 id=574 clt=0 wrkr=7 slot=0 size=17 src=client:0 dst=worker:7
event=resp_recv_ud ts_ns=140942396 id=574 clt=0 wrkr=7 slot=0 size=41 src=worker:7 dst=client:0
event=hand_send ts_ns=140951043 id=574 clt=0 wrkr=7 slot=0 size=10 src=client:0 dst=worker:7
event=resp_rdma_read ts_ns=141140359 id=569 start_ns=139712756 dur_ns=1427603 clt=0 wrkr=2 slot=1 size=512008 src=worker:2 dst=client:0
event=req_send ts_ns=141140359 id=575 clt=0 wrkr=8 slot=0 size=17 src=client:0 dst=worker:8
event=resp_recv_ud ts_ns=141180470 id=575 clt=0 wrkr=8 slot=0 size=41 src=worker:8 dst=client:0
event=hand_send ts_ns=141189117 id=575 clt=0 wrkr=8 slot=0 size=10 src=client:0 dst=worker:8
event=resp_rdma_read ts_ns=142378474 id=574 start_ns=140951043 dur_ns=1427431 clt=0 wrkr=7 slot=0 size=512008 src=worker:7 dst=client:0
event=req_send ts_ns=142378474 id=580 clt=0 wrkr=0 slot=1 size=17 src=client:0 dst=worker:0
event=resp_recv_ud ts_ns=142418582 id=580 clt=0 wrkr=0 slot=1 size=41 src=worker:0 dst=client:0
event=hand_send ts_ns=142427229 id=580 clt=0 wrkr=0 slot=1 size=10 src=client:0 dst=worker:0
event=resp_rdma_read ts_ns=142616742 id=575 start_ns=141189117 dur_ns=1427625 clt=0 wrkr=8 slot=0 size=512008 src=worker:8 dst=client:0
event=req_send ts_ns=142616742 id=581 clt=0 wrkr=9 slot=1 size=17 src=client:0 dst=worker:9
event=resp_recv_ud ts_ns=142656853 id=581 clt=0 wrkr=9 slot=1 size=41 src=worker:9 dst=client:0
event=hand_send ts_ns=142665500 id=581 clt=0 wrkr=9 slot=1 size=10 src=client:0 dst=worker:9
event=resp_rdma_read ts_ns=143854650 id=580 start_ns=142427229 dur_ns=1427421 clt=0 wrkr=0 slot=1 size=512008 src=worker:0 dst=client:0
event=req_send ts_ns=143854650 id=586 clt=0 wrkr=6 slot=0 size=17 src=client:0 dst=worker:6
event=resp_recv_ud ts_ns=143894763 id=586 clt=0 wrkr=6 slot=0 size=41 src=worker:6 dst=client:0
event=hand_send ts_ns=143903410 id=586 clt=0 wrkr=6 slot=0 size=10 src=client:0 dst=worker:6
event=resp_rdma_read ts_ns=144093123 id=581 start_ns=142665500 dur_ns=1427623 clt=0 wrkr=9 slot=1 size=512008 src=worker:9 dst=client:0
event=req_send ts_ns=144093123 id=587 clt=0 wrkr=9 slot=0 size=17 src=client:0 dst=worker:9
event=resp_recv_ud ts_ns=144133234 id=587 clt=0 wrkr=9 slot=0 size=41 src=worker:9 dst=client:0
event=hand_send ts_ns=144141881 id=587 clt=0 wrkr=9 slot=0 size=10 src=client:0 dst=worker:9
event=resp_rdma_read ts_ns=145330829 id=586 start_ns=143903410 dur_ns=1427419 clt=0 wrkr=6 slot=0 size=512008 src=worker:6 dst=client:0
event=req_send ts_ns=145330829 id=592 clt=0 wrkr=11 slot=0 size=17 src=client:0 dst=worker:11
event=resp_recv_ud ts_ns=145370938 id=592 clt=0 wrkr=11 slot=0 size=41 src=worker:11 dst=client:0
event=hand_send ts_ns=145379585 id=592 clt=0 wrkr=11 slot=0 size=10 src=client:0 dst=worker:11
event=resp_rdma_read ts_ns=145569497 id=587 start_ns=144141881 dur_ns=1427616 clt=0 wrkr=9 slot=0 size=512008 src=worker:9 dst=client:0
event=req_send ts_ns=145569497 id=593 clt=0 wrkr=8 slot=1 size=17 src=client:0 dst=worker:8
event=resp_recv_ud ts_ns=145609617 id=593 clt=0 wrkr=8 slot=1 size=41 src=worker:8 dst=client:0
event=hand_send ts_ns=145618264 id=593 clt=0 wrkr=8 slot=1 size=10 src=client:0 dst=worker:8
event=resp_rdma_read ts_ns=146806443 id=592 start_ns=145379585 dur_ns=1426858 clt=0 wrkr=11 slot=0 size=512008 src=worker:11 dst=client:0
event=req_send ts_ns=146806443 id=598 clt=0 wrkr=2 slot=0 size=17 src=client:0 dst=worker:2
event=resp_recv_ud ts_ns=146846557 id=598 clt=0 wrkr=2 slot=0 size=41 src=worker:2 dst=client:0
event=hand_send ts_ns=146855204 id=598 clt=0 wrkr=2 slot=0 size=10 src=client:0 dst=worker:2
event=resp_rdma_read ts_ns=147046428 id=593 start_ns=145618264 dur_ns=1428164 clt=0 wrkr=8 slot=1 size=512008 src=worker:8 dst=client:0
event=req_send ts_ns=147046428 id=599 clt=0 wrkr=1 slot=0 size=17 src=client:0 dst=worker:1
event=resp_recv_ud ts_ns=147086545 id=599 clt=0 wrkr=1 slot=0 size=41 src=worker:1 dst=client:0
event=hand_send ts_ns=147095192 id=599 clt=0 wrkr=1 slot=0 size=10 src=client:0 dst=worker:1
event=resp_rdma_read ts_ns=148282031 id=598 start_ns=146855204 dur_ns=1426827 clt=0 wrkr=2 slot=0 size=512008 src=worker:2 dst=client:0
event=req_send ts_ns=148282031 id=604 clt=0 wrkr=4 slot=0 size=17 src=client:0 dst=worker:4
event=resp_recv_ud ts_ns=148322144 id=604 clt=0 wrkr=4 slot=0 size=41 src=worker:4 dst=client:0
event=hand_send ts_ns=148330791 id=604 clt=0 wrkr=4 slot=0 size=10 src=client:0 dst=worker:4
event=resp_rdma_read ts_ns=148522784 id=599 start_ns=147095192 dur_ns=1427592 clt=0 wrkr=1 slot=0 size=512008 src=worker:1 dst=client:0
event=req_send ts_ns=148522784 id=605 clt=0 wrkr=2 slot=1 size=17 src=client:0 dst=worker:2
event=resp_recv_ud ts_ns=148562904 id=605 clt=0 wrkr=2 slot=1 size=41 src=worker:2 dst=client:0
event=hand_send ts_ns=148571551 id=605 clt=0 wrkr=2 slot=1 size=10 src=client:0 dst=worker:2
event=resp_rdma_read ts_ns=149757610 id=604 start_ns=148330791 dur_ns=1426819 clt=0 wrkr=4 slot=0 size=512008 src=worker:4 dst=client:0
event=req_send ts_ns=149757610 id=610 clt=0 wrkr=1 slot=1 size=17 src=client:0 dst=worker:1
event=resp_recv_ud ts_ns=149797721 id=610 clt=0 wrkr=1 slot=1 size=41 src=worker:1 dst=client:0
event=hand_send ts_ns=149806368 id=610 clt=0 wrkr=1 slot=1 size=10 src=client:0 dst=worker:1
event=resp_rdma_read ts_ns=149998559 id=605 start_ns=148571551 dur_ns=1427008 clt=0 wrkr=2 slot=1 size=512008 src=worker:2 dst=client:0
event=req_send ts_ns=149998559 id=611 clt=0 wrkr=3 slot=1 size=17 src=client:0 dst=worker:3
event=resp_recv_ud ts_ns=150038680 id=611 clt=0 wrkr=3 slot=1 size=41 src=worker:3 dst=client:0
event=hand_send ts_ns=150047327 id=611 clt=0 wrkr=3 slot=1 size=10 src=client:0 dst=worker:3
event=resp_rdma_read ts_ns=151233759 id=610 start_ns=149806368 dur_ns=1427391 clt=0 wrkr=1 slot=1 size=512008 src=worker:1 dst=client:0
event=req_send ts_ns=151233759 id=616 clt=0 wrkr=0 slot=0 size=17 src=client:0 dst=worker:0
event=resp_recv_ud ts_ns=151273871 id=616 clt=0 wrkr=0 slot=0 size=41 src=worker:0 dst=client:0
event=hand_send ts_ns=151282518 id=616 clt=0 wrkr=0 slot=0 size=10 src=client:0 dst=worker:0
event=resp_rdma_read ts_ns=151474332 id=611 start_ns=150047327 dur_ns=1427005 clt=0 wrkr=3 slot=1 size=512008 src=worker:3 dst=client:0
event=req_send ts_ns=151474332 id=617 clt=0 wrkr=8 slot=0 size=17 src=client:0 dst=worker:8
event=resp_recv_ud ts_ns=151514450 id=617 clt=0 wrkr=8 slot=0 size=41 src=worker:8 dst=client:0
event=hand_send ts_ns=151523097 id=617 clt=0 wrkr=8 slot=0 size=10 src=client:0 dst=worker:8
event=resp_rdma_read ts_ns=152709307 id=616 start_ns=151282518 dur_ns=1426789 clt=0 wrkr=0 slot=0 size=512008 src=worker:0 dst=client:0
event=req_send ts_ns=152709307 id=622 clt=0 wrkr=8 slot=1 size=17 src=client:0 dst=worker:8
event=resp_recv_ud ts_ns=152749420 id=622 clt=0 wrkr=8 slot=1 size=41 src=worker:8 dst=client:0
event=hand_send ts_ns=152758067 id=622 clt=0 wrkr=8 slot=1 size=10 src=client:0 dst=worker:8
event=resp_rdma_read ts_ns=152950669 id=617 start_ns=151523097 dur_ns=1427572 clt=0 wrkr=8 slot=0 size=512008 src=worker:8 dst=client:0
event=req_send ts_ns=152950669 id=623 clt=0 wrkr=7 slot=1 size=17 src=client:0 dst=worker:7
event=resp_recv_ud ts_ns=152990791 id=623 clt=0 wrkr=7 slot=1 size=41 src=worker:7 dst=client:0
event=hand_send ts_ns=152999438 id=623 clt=0 wrkr=7 slot=1 size=10 src=client:0 dst=worker:7
event=resp_rdma_read ts_ns=154185435 id=622 start_ns=152758067 dur_ns=1427368 clt=0 wrkr=8 slot=1 size=512008 src=worker:8 dst=client:0
event=req_send ts_ns=154185435 id=628 clt=0 wrkr=8 slot=0 size=17 src=client:0 dst=worker:8
event=resp_recv_ud ts_ns=154225543 id=628 clt=0 wrkr=8 slot=0 size=41 src=worker:8 dst=client:0
event=hand_send ts_ns=154234190 id=628 clt=0 wrkr=8 slot=0 size=10 src=client:0 dst=worker:8
event=resp_rdma_read ts_ns=154427008 id=623 start_ns=152999438 dur_ns=1427570 clt=0 wrkr=7 slot=1 size=512008 src=worker:7 dst=client:0
event=req_send ts_ns=154427008 id=629 clt=0 wrkr=2 slot=0 size=17 src=client:0 dst=worker:2
event=resp_recv_ud ts_ns=154467130 id=629 clt=0 wrkr=2 slot=0 size=41 src=worker:2 dst=client:0
event=hand_send ts_ns=154475777 id=629 clt=0 wrkr=2 slot=0 size=10 src=client:0 dst=worker:2
event=resp_rdma_read ts_ns=155660985 id=628 start_ns=154234190 dur_ns=1426795 clt=0 wrkr=8 slot=0 size=512008 src=worker:8 dst=client:0
event=req_send ts_ns=155660985 id=634 clt=0 wrkr=8 slot=1 size=17 src=client:0 dst=worker:8
event=resp_recv_ud ts_ns=155701102 id=634 clt=0 wrkr=8 slot=1 size=41 src=worker:8 dst=client:0
event=hand_send ts_ns=155709749 id=634 clt=0 wrkr=8 slot=1 size=10 src=client:0 dst=worker:8
event=resp_rdma_read ts_ns=155902744 id=629 start_ns=154475777 dur_ns=1426967 clt=0 wrkr=2 slot=0 size=512008 src=worker:2 dst=client:0
event=req_send ts_ns=155902744 id=635 clt=0 wrkr=3 slot=0 size=17 src=client:0 dst=worker:3
event=resp_recv_ud ts_ns=155942866 id=635 clt=0 wrkr=3 slot=0 size=41 src=worker:3 dst=client:0
event=hand_send ts_ns=155951513 id=635 clt=0 wrkr=3 slot=0 size=10 src=client:0 dst=worker:3
event=resp_rdma_read ts_ns=157136525 id=634 start_ns=155709749 dur_ns=1426776 clt=0 wrkr=8 slot=1 size=512008 src=worker:8 dst=client:0
event=req_send ts_ns=157136525 id=640 clt=0 wrkr=3 slot=1 size=17 src=client:0 dst=worker:3
event=resp_recv_ud ts_ns=157176640 id=640 clt=0 wrkr=3 slot=1 size=41 src=worker:3 dst=client:0
event=hand_send ts_ns=157185287 id=640 clt=0 wrkr=3 slot=1 size=10 src=client:0 dst=worker:3
event=resp_rdma_read ts_ns=157379060 id=635 start_ns=155951513 dur_ns=1427547 clt=0 wrkr=3 slot=0 size=512008 src=worker:3 dst=client:0
event=req_send ts_ns=157379060 id=641 clt=0 wrkr=4 slot=1 size=17 src=client:0 dst=worker:4
event=resp_recv_ud ts_ns=157419177 id=641 clt=0 wrkr=4 slot=1 size=41 src=worker:4 dst=client:0
event=hand_send ts_ns=157427824 id=641 clt=0 wrkr=4 slot=1 size=10 src=client:0 dst=worker:4
event=resp_rdma_read ts_ns=158612053 id=640 start_ns=157185287 dur_ns=1426766 clt=0 wrkr=3 slot=1 size=512008 src=worker:3 dst=client:0
event=req_send ts_ns=158612053 id=646 clt=0 wrkr=10 slot=0 size=17 src=client:0 dst=worker:10
event=resp_recv_ud ts_ns=158652163 id=646 clt=0 wrkr=10 slot=0 size=41 src=worker:10 dst=client:0
event=hand_send ts_ns=158660810 id=646 clt=0 wrkr=10 slot=0 size=10 src=client:0 dst=worker:10
event=resp_rdma_read ts_ns=158854804 id=641 start_ns=157427824 dur_ns=1426980 clt=0 wrkr=4 slot=1 size=512008 src=worker:4 dst=client:0
event=req_send ts_ns=158854804 id=647 clt=0 wrkr=11 slot=1 size=17 src=client:0 dst=worker:11
event=resp_recv_ud ts_ns=158894922 id=647 clt=0 wrkr=11 slot=1 size=41 src=worker:11 dst=client:0
event=hand_send ts_ns=158903569 id=647 clt=0 wrkr=11 slot=1 size=10 src=client:0 dst=worker:11
event=resp_rdma_read ts_ns=160088176 id=646 start_ns=158660810 dur_ns=1427366 clt=0 wrkr=10 slot=0 size=512008 src=worker:10 dst=client:0
event=resp_rdma_read ts_ns=160330535 id=647 start_ns=158903569 dur_ns=1426966 clt=0 wrkr=11 slot=1 size=512008 src=worker:11 dst=client:0
