event=req_send ts_ns=1 id=2 clt=2 wrkr=9 slot=0 size=17 src=client:2 dst=worker:9
event=req_send ts_ns=2501 id=5 clt=2 wrkr=1 slot=0 size=17 src=client:2 dst=worker:1
event=req_send ts_ns=5001 id=8 clt=2 wrkr=1 slot=1 size=17 src=client:2 dst=worker:1
event=req_send ts_ns=7501 id=11 clt=2 wrkr=10 slot=0 size=17 src=client:2 dst=worker:10
event=resp_recv_ud ts_ns=49432 id=5 clt=2 wrkr=1 slot=0 size=41 src=worker:1 dst=client:2
event=resp_recv_ud ts_ns=50183 id=8 clt=2 wrkr=1 slot=1 size=41 src=worker:1 dst=client:2
event=resp_recv_ud ts_ns=50312 id=2 clt=2 wrkr=9 slot=0 size=41 src=worker:9 dst=client:2
event=resp_recv_ud ts_ns=53906 id=11 clt=2 wrkr=10 slot=0 size=41 src=worker:10 dst=client:2
event=hand_send ts_ns=58079 id=5 clt=2 wrkr=1 slot=0 size=10 src=client:2 dst=worker:1
event=hand_send ts_ns=58830 id=8 clt=2 wrkr=1 slot=1 size=10 src=client:2 dst=worker:1
event=hand_send ts_ns=58959 id=2 clt=2 wrkr=9 slot=0 size=10 src=client:2 dst=worker:9
event=hand_send ts_ns=62553 id=11 clt=2 wrkr=10 slot=0 size=10 src=client:2 dst=worker:10
event=resp_rdma_read ts_ns=773618 id=2 start_ns=58959 dur_ns=714659 clt=2 wrkr=9 slot=0 size=204808 src=worker:9 dst=client:2
event=req_send ts_ns=773618 id=14 clt=2 wrkr=4 slot=0 size=17 src=client:2 dst=worker:4
event=resp_rdma_read ts_ns=784321 id=5 start_ns=58079 dur_ns=726242 clt=2 wrkr=1 slot=0 size=204808 src=worker:1 dst=client:2
event=req_send ts_ns=784321 id=15 clt=2 wrkr=2 slot=0 size=17 src=client:2 dst=worker:2
event=resp_recv_ud ts_ns=837895 id=14 clt=2 wrkr=4 slot=0 size=41 src=worker:4 dst=client:2
event=hand_send ts_ns=846542 id=14 clt=2 wrkr=4 slot=0 size=10 src=client:2 dst=worker:4
event=resp_rdma_read ts_ns=846592 id=8 start_ns=58830 dur_ns=787762 clt=2 wrkr=1 slot=1 size=204808 src=worker:1 dst=client:2
event=req_send ts_ns=846592 id=18 clt=2 wrkr=11 slot=0 size=17 src=client:2 dst=worker:11
event=resp_recv_ud ts_ns=849557 id=15 clt=2 wrkr=2 slot=0 size=41 src=worker:2 dst=client:2
event=hand_send ts_ns=858204 id=15 clt=2 wrkr=2 slot=0 size=10 src=client:2 dst=worker:2
event=resp_rdma_read ts_ns=906711 id=11 start_ns=62553 dur_ns=844158 clt=2 wrkr=10 slot=0 size=204808 src=worker:10 dst=client:2
event=req_send ts_ns=906711 id=19 clt=2 wrkr=6 slot=0 size=17 src=client:2 dst=worker:6
event=resp_recv_ud ts_ns=907501 id=18 clt=2 wrkr=11 slot=0 size=41 src=worker:11 dst=client:2
event=hand_send ts_ns=916148 id=18 clt=2 wrkr=11 slot=0 size=10 src=client:2 dst=worker:11
event=resp_recv_ud ts_ns=970740 id=19 clt=2 wrkr=6 slot=0 size=41 src=worker:6 dst=client:2
event=hand_send ts_ns=979387 id=19 clt=2 wrkr=6 slot=0 size=10 src=client:2 dst=worker:6
event=resp_rdma_read ts_ns=1566583 id=14 start_ns=846542 dur_ns=720041 clt=2 wrkr=4 slot=0 size=204808 src=worker:4 dst=client:2
event=req_send ts_ns=1566583 id=26 clt=2 wrkr=5 slot=0 size=17 src=client:2 dst=worker:5
event=resp_rdma_read ts_ns=1607386 id=15 start_ns=858204 dur_ns=749182 clt=2 wrkr=2 slot=0 size=204808 src=worker:2 dst=client:2
event=req_send ts_ns=1607386 id=27 clt=2 wrkr=10 slot=1 size=17 src=client:2 dst=worker:10
event=resp_recv_ud ts_ns=1632885 id=26 clt=2 wrkr=5 slot=0 size=41 src=worker:5 dst=client:2
event=hand_send ts_ns=1641532 id=26 clt=2 wrkr=5 slot=0 size=10 src=client:2 dst=worker:5
event=resp_recv_ud ts_ns=1671809 id=27 clt=2 wrkr=10 slot=1 size=41 src=worker:10 dst=client:2
event=hand_send ts_ns=1680456 id=27 clt=2 wrkr=10 slot=1 size=10 src=client:2 dst=worker:10
event=resp_rdma_read ts_ns=1793321 id=18 start_ns=916148 dur_ns=877173 clt=2 wrkr=11 slot=0 size=204808 src=worker:11 dst=client:2
event=req_send ts_ns=1793321 id=31 clt=2 wrkr=3 slot=0 size=17 src=client:2 dst=worker:3
event=resp_recv_ud ts_ns=1853668 id=31 clt=2 wrkr=3 slot=0 size=41 src=worker:3 dst=client:2
event=resp_rdma_read ts_ns=1860226 id=19 start_ns=979387 dur_ns=880839 clt=2 wrkr=6 slot=0 size=204808 src=worker:6 dst=client:2
event=req_send ts_ns=1860226 id=33 clt=2 wrkr=1 slot=2 size=17 src=client:2 dst=worker:1
event=hand_send ts_ns=1862315 id=31 clt=2 wrkr=3 slot=0 size=10 src=client:2 dst=worker:3
event=resp_recv_ud ts_ns=1921936 id=33 clt=2 wrkr=1 slot=2 size=41 src=worker:1 dst=client:2
event=hand_send ts_ns=1930583 id=33 clt=2 wrkr=1 slot=2 size=10 src=client:2 dst=worker:1
event=resp_rdma_read ts_ns=2359498 id=27 start_ns=1680456 dur_ns=679042 clt=2 wrkr=10 slot=1 size=204808 src=worker:10 dst=client:2
event=req_send ts_ns=2359498 id=38 clt=2 wrkr=4 slot=1 size=17 src=client:2 dst=worker:4
event=resp_rdma_read ts_ns=2410855 id=26 start_ns=1641532 dur_ns=769323 clt=2 wrkr=5 slot=0 size=204808 src=worker:5 dst=client:2
event=req_send ts_ns=2410855 id=40 clt=2 wrkr=8 slot=0 size=17 src=client:2 dst=worker:8
event=resp_recv_ud ts_ns=2421444 id=38 clt=2 wrkr=4 slot=1 size=41 src=worker:4 dst=client:2
event=hand_send ts_ns=2430091 id=38 clt=2 wrkr=4 slot=1 size=10 src=client:2 dst=worker:4
event=resp_recv_ud ts_ns=2473559 id=40 clt=2 wrkr=8 slot=0 size=41 src=worker:8 dst=client:2
event=hand_send ts_ns=2482206 id=40 clt=2 wrkr=8 slot=0 size=10 src=client:2 dst=worker:8
event=resp_rdma_read ts_ns=2542770 id=31 start_ns=1862315 dur_ns=680455 clt=2 wrkr=3 slot=0 size=204808 src=worker:3 dst=client:2
event=req_send ts_ns=2542770 id=41 clt=2 wrkr=0 slot=0 size=17 src=client:2 dst=worker:0
event=resp_recv_ud ts_ns=2595697 id=41 clt=2 wrkr=0 slot=0 size=41 src=worker:0 dst=client:2
event=hand_send ts_ns=2604344 id=41 clt=2 wrkr=0 slot=0 size=10 src=client:2 dst=worker:0
event=resp_rdma_read ts_ns=2863096 id=33 start_ns=1930583 dur_ns=932513 clt=2 wrkr=1 slot=2 size=204808 src=worker:1 dst=client:2
event=req_send ts_ns=2863096 id=46 clt=2 wrkr=6 slot=1 size=17 src=client:2 dst=worker:6
event=resp_recv_ud ts_ns=2909878 id=46 clt=2 wrkr=6 slot=1 size=41 src=worker:6 dst=client:2
event=hand_send ts_ns=2918525 id=46 clt=2 wrkr=6 slot=1 size=10 src=client:2 dst=worker:6
event=resp_rdma_read ts_ns=2970103 id=40 start_ns=2482206 dur_ns=487897 clt=2 wrkr=8 slot=0 size=204808 src=worker:8 dst=client:2
event=req_send ts_ns=2970103 id=48 clt=2 wrkr=8 slot=1 size=17 src=client:2 dst=worker:8
event=resp_recv_ud ts_ns=3029929 id=48 clt=2 wrkr=8 slot=1 size=41 src=worker:8 dst=client:2
event=hand_send ts_ns=3038576 id=48 clt=2 wrkr=8 slot=1 size=10 src=client:2 dst=worker:8
event=resp_rdma_read ts_ns=3160092 id=38 start_ns=2430091 dur_ns=730001 clt=2 wrkr=4 slot=1 size=204808 src=worker:4 dst=client:2
event=req_send ts_ns=3160092 id=52 clt=2 wrkr=11 slot=1 size=17 src=client:2 dst=worker:11
event=resp_recv_ud ts_ns=3224137 id=52 clt=2 wrkr=11 slot=1 size=41 src=worker:11 dst=client:2
event=hand_send ts_ns=3232784 id=52 clt=2 wrkr=11 slot=1 size=10 src=client:2 dst=worker:11
event=resp_rdma_read ts_ns=3437983 id=41 start_ns=2604344 dur_ns=833639 clt=2 wrkr=0 slot=0 size=204808 src=worker:0 dst=client:2
event=req_send ts_ns=3437983 id=54 clt=2 wrkr=4 slot=2 size=17 src=client:2 dst=worker:4
event=resp_recv_ud ts_ns=3481399 id=54 clt=2 wrkr=4 slot=2 size=41 src=worker:4 dst=client:2
event=hand_send ts_ns=3490046 id=54 clt=2 wrkr=4 slot=2 size=10 src=client:2 dst=worker:4
event=resp_rdma_read ts_ns=3701936 id=46 start_ns=2918525 dur_ns=783411 clt=2 wrkr=6 slot=1 size=204808 src=worker:6 dst=client:2
event=req_send ts_ns=3701936 id=59 clt=2 wrkr=10 slot=2 size=17 src=client:2 dst=worker:10
event=resp_recv_ud ts_ns=3756789 id=59 clt=2 wrkr=10 slot=2 size=41 src=worker:10 dst=client:2
event=hand_send ts_ns=3765436 id=59 clt=2 wrkr=10 slot=2 size=10 src=client:2 dst=worker:10
event=resp_rdma_read ts_ns=3794759 id=48 start_ns=3038576 dur_ns=756183 clt=2 wrkr=8 slot=1 size=204808 src=worker:8 dst=client:2
event=req_send ts_ns=3794759 id=61 clt=2 wrkr=6 slot=2 size=17 src=client:2 dst=worker:6
event=resp_rdma_read ts_ns=3823853 id=52 start_ns=3232784 dur_ns=591069 clt=2 wrkr=11 slot=1 size=204808 src=worker:11 dst=client:2
event=req_send ts_ns=3823853 id=62 clt=2 wrkr=3 slot=1 size=17 src=client:2 dst=worker:3
event=resp_recv_ud ts_ns=3860157 id=61 clt=2 wrkr=6 slot=2 size=41 src=worker:6 dst=client:2
event=hand_send ts_ns=3868804 id=61 clt=2 wrkr=6 slot=2 size=10 src=client:2 dst=worker:6
event=resp_recv_ud ts_ns=3886632 id=62 clt=2 wrkr=3 slot=1 size=41 src=worker:3 dst=client:2
event=hand_send ts_ns=3895279 id=62 clt=2 wrkr=3 slot=1 size=10 src=client:2 dst=worker:3
event=resp_rdma_read ts_ns=4233550 id=54 start_ns=3490046 dur_ns=743504 clt=2 wrkr=4 slot=2 size=204808 src=worker:4 dst=client:2
event=req_send ts_ns=4233550 id=69 clt=2 wrkr=0 slot=1 size=17 src=client:2 dst=worker:0
event=resp_recv_ud ts_ns=4299522 id=69 clt=2 wrkr=0 slot=1 size=41 src=worker:0 dst=client:2
event=hand_send ts_ns=4308169 id=69 clt=2 wrkr=0 slot=1 size=10 src=client:2 dst=worker:0
event=resp_rdma_read ts_ns=4384941 id=59 start_ns=3765436 dur_ns=619505 clt=2 wrkr=10 slot=2 size=204808 src=worker:10 dst=client:2
event=req_send ts_ns=4384941 id=70 clt=2 wrkr=11 slot=2 size=17 src=client:2 dst=worker:11
event=resp_recv_ud ts_ns=4428180 id=70 clt=2 wrkr=11 slot=2 size=41 src=worker:11 dst=client:2
event=hand_send ts_ns=4436827 id=70 clt=2 wrkr=11 slot=2 size=10 src=client:2 dst=worker:11
event=resp_rdma_read ts_ns=4499921 id=62 start_ns=3895279 dur_ns=604642 clt=2 wrkr=3 slot=1 size=204808 src=worker:3 dst=client:2
event=req_send ts_ns=4499921 id=71 clt=2 wrkr=8 slot=2 size=17 src=client:2 dst=worker:8
event=resp_recv_ud ts_ns=4543243 id=71 clt=2 wrkr=8 slot=2 size=41 src=worker:8 dst=client:2
event=hand_send ts_ns=4551890 id=71 clt=2 wrkr=8 slot=2 size=10 src=client:2 dst=worker:8
event=resp_rdma_read ts_ns=4740599 id=61 start_ns=3868804 dur_ns=871795 clt=2 wrkr=6 slot=2 size=204808 src=worker:6 dst=client:2
event=req_send ts_ns=4740599 id=74 clt=2 wrkr=7 slot=0 size=17 src=client:2 dst=worker:7
event=resp_recv_ud ts_ns=4806603 id=74 clt=2 wrkr=7 slot=0 size=41 src=worker:7 dst=client:2
event=hand_send ts_ns=4815250 id=74 clt=2 wrkr=7 slot=0 size=10 src=client:2 dst=worker:7
event=resp_rdma_read ts_ns=4887614 id=69 start_ns=4308169 dur_ns=579445 clt=2 wrkr=0 slot=1 size=204808 src=worker:0 dst=client:2
event=req_send ts_ns=4887614 id=78 clt=2 wrkr=6 slot=3 size=17 src=client:2 dst=worker:6
event=resp_recv_ud ts_ns=4953296 id=78 clt=2 wrkr=6 slot=3 size=41 src=worker:6 dst=client:2
event=hand_send ts_ns=4961943 id=78 clt=2 wrkr=6 slot=3 size=10 src=client:2 dst=worker:6
event=resp_rdma_read ts_ns=5125361 id=70 start_ns=4436827 dur_ns=688534 clt=2 wrkr=11 slot=2 size=204808 src=worker:11 dst=client:2
event=req_send ts_ns=5125361 id=82 clt=2 wrkr=6 slot=0 size=17 src=client:2 dst=worker:6
event=resp_recv_ud ts_ns=5190773 id=82 clt=2 wrkr=6 slot=0 size=41 src=worker:6 dst=client:2
event=hand_send ts_ns=5199420 id=82 clt=2 wrkr=6 slot=0 size=10 src=client:2 dst=worker:6
event=resp_rdma_read ts_ns=5314649 id=71 start_ns=4551890 dur_ns=762759 clt=2 wrkr=8 slot=2 size=204808 src=worker:8 dst=client:2
event=req_send ts_ns=5314649 id=84 clt=2 wrkr=2 slot=1 size=17 src=client:2 dst=worker:2
event=resp_recv_ud ts_ns=5362557 id=84 clt=2 wrkr=2 slot=1 size=41 src=worker:2 dst=client:2
event=hand_send ts_ns=5371204 id=84 clt=2 wrkr=2 slot=1 size=10 src=client:2 dst=worker:2
event=resp_rdma_read ts_ns=5583018 id=74 start_ns=4815250 dur_ns=767768 clt=2 wrkr=7 slot=0 size=204808 src=worker:7 dst=client:2
event=req_send ts_ns=5583018 id=88 clt=2 wrkr=1 slot=3 size=17 src=client:2 dst=worker:1
event=resp_rdma_read ts_ns=5591413 id=78 start_ns=4961943 dur_ns=629470 clt=2 wrkr=6 slot=3 size=204808 src=worker:6 dst=client:2
event=req_send ts_ns=5591413 id=89 clt=2 wrkr=4 slot=3 size=17 src=client:2 dst=worker:4
event=resp_recv_ud ts_ns=5639993 id=88 clt=2 wrkr=1 slot=3 size=41 src=worker:1 dst=client:2
event=hand_send ts_ns=5648640 id=88 clt=2 wrkr=1 slot=3 size=10 src=client:2 dst=worker:1
event=resp_recv_ud ts_ns=5655182 id=89 clt=2 wrkr=4 slot=3 size=41 src=worker:4 dst=client:2
event=hand_send ts_ns=5663829 id=89 clt=2 wrkr=4 slot=3 size=10 src=client:2 dst=worker:4
event=resp_rdma_read ts_ns=5879597 id=82 start_ns=5199420 dur_ns=680177 clt=2 wrkr=6 slot=0 size=204808 src=worker:6 dst=client:2
event=req_send ts_ns=5879597 id=91 clt=2 wrkr=8 slot=3 size=17 src=client:2 dst=worker:8
event=resp_recv_ud ts_ns=5920652 id=91 clt=2 wrkr=8 slot=3 size=41 src=worker:8 dst=client:2
event=hand_send ts_ns=5929299 id=91 clt=2 wrkr=8 slot=3 size=10 src=client:2 dst=worker:8
event=resp_rdma_read ts_ns=5938206 id=84 start_ns=5371204 dur_ns=567002 clt=2 wrkr=2 slot=1 size=204808 src=worker:2 dst=client:2
event=req_send ts_ns=5938206 id=92 clt=2 wrkr=5 slot=1 size=17 src=client:2 dst=worker:5
event=resp_recv_ud ts_ns=5992046 id=92 clt=2 wrkr=5 slot=1 size=41 src=worker:5 dst=client:2
event=hand_send ts_ns=6000693 id=92 clt=2 wrkr=5 slot=1 size=10 src=client:2 dst=worker:5
event=resp_rdma_read ts_ns=6240730 id=89 start_ns=5663829 dur_ns=576901 clt=2 wrkr=4 slot=3 size=204808 src=worker:4 dst=client:2
event=req_send ts_ns=6240730 id=98 clt=2 wrkr=8 slot=0 size=17 src=client:2 dst=worker:8
event=resp_recv_ud ts_ns=6305589 id=98 clt=2 wrkr=8 slot=0 size=41 src=worker:8 dst=client:2
event=hand_send ts_ns=6314236 id=98 clt=2 wrkr=8 slot=0 size=10 src=client:2 dst=worker:8
event=resp_rdma_read ts_ns=6388746 id=88 start_ns=5648640 dur_ns=740106 clt=2 wrkr=1 slot=3 size=204808 src=worker:1 dst=client:2
event=req_send ts_ns=6388746 id=101 clt=2 wrkr=4 slot=0 size=17 src=client:2 dst=worker:4
event=resp_recv_ud ts_ns=6456445 id=101 clt=2 wrkr=4 slot=0 size=41 src=worker:4 dst=client:2
event=hand_send ts_ns=6465092 id=101 clt=2 wrkr=4 slot=0 size=10 src=client:2 dst=worker:4
event=resp_rdma_read ts_ns=6712421 id=91 start_ns=5929299 dur_ns=783122 clt=2 wrkr=8 slot=3 size=204808 src=worker:8 dst=client:2
event=req_send ts_ns=6712421 id=103 clt=2 wrkr=2 slot=2 size=17 src=client:2 dst=worker:2
event=resp_recv_ud ts_ns=6755804 id=103 clt=2 wrkr=2 slot=2 size=41 src=worker:2 dst=client:2
event=hand_send ts_ns=6764451 id=103 clt=2 wrkr=2 slot=2 size=10 src=client:2 dst=worker:2
event=resp_rdma_read ts_ns=6769489 id=92 start_ns=6000693 dur_ns=768796 clt=2 wrkr=5 slot=1 size=204808 src=worker:5 dst=client:2
event=req_send ts_ns=6769489 id=105 clt=2 wrkr=3 slot=2 size=17 src=client:2 dst=worker:3
event=resp_recv_ud ts_ns=6834387 id=105 clt=2 wrkr=3 slot=2 size=41 src=worker:3 dst=client:2
event=hand_send ts_ns=6843034 id=105 clt=2 wrkr=3 slot=2 size=10 src=client:2 dst=worker:3
event=resp_rdma_read ts_ns=7094844 id=98 start_ns=6314236 dur_ns=780608 clt=2 wrkr=8 slot=0 size=204808 src=worker:8 dst=client:2
event=req_send ts_ns=7094844 id=110 clt=2 wrkr=10 slot=3 size=17 src=client:2 dst=worker:10
event=resp_rdma_read ts_ns=7109986 id=101 start_ns=6465092 dur_ns=644894 clt=2 wrkr=4 slot=0 size=204808 src=worker:4 dst=client:2
event=req_send ts_ns=7109986 id=111 clt=2 wrkr=2 slot=3 size=17 src=client:2 dst=worker:2
event=resp_recv_ud ts_ns=7138696 id=110 clt=2 wrkr=10 slot=3 size=41 src=worker:10 dst=client:2
event=hand_send ts_ns=7147343 id=110 clt=2 wrkr=10 slot=3 size=10 src=client:2 dst=worker:10
event=resp_recv_ud ts_ns=7176799 id=111 clt=2 wrkr=2 slot=3 size=41 src=worker:2 dst=client:2
event=hand_send ts_ns=7185446 id=111 clt=2 wrkr=2 slot=3 size=10 src=client:2 dst=worker:2
event=resp_rdma_read ts_ns=7505727 id=103 start_ns=6764451 dur_ns=741276 clt=2 wrkr=2 slot=2 size=204808 src=worker:2 dst=client:2
event=req_send ts_ns=7505727 id=115 clt=2 wrkr=1 slot=0 size=17 src=client:2 dst=worker:1
event=resp_recv_ud ts_ns=7548526 id=115 clt=2 wrkr=1 slot=0 size=41 src=worker:1 dst=client:2
event=hand_send ts_ns=7557173 id=115 clt=2 wrkr=1 slot=0 size=10 src=client:2 dst=worker:1
event=resp_rdma_read ts_ns=7649410 id=105 start_ns=6843034 dur_ns=806376 clt=2 wrkr=3 slot=2 size=204808 src=worker:3 dst=client:2
event=req_send ts_ns=7649410 id=118 clt=2 wrkr=9 slot=1 size=17 src=client:2 dst=worker:9
event=resp_recv_ud ts_ns=7704066 id=118 clt=2 wrkr=9 slot=1 size=41 src=worker:9 dst=client:2
event=hand_send ts_ns=7712713 id=118 clt=2 wrkr=9 slot=1 size=10 src=client:2 dst=worker:9
event=resp_rdma_read ts_ns=7896003 id=110 start_ns=7147343 dur_ns=748660 clt=2 wrkr=10 slot=3 size=204808 src=worker:10 dst=client:2
event=req_send ts_ns=7896003 id=123 clt=2 wrkr=8 slot=1 size=17 src=client:2 dst=worker:8
event=resp_recv_ud ts_ns=7962069 id=123 clt=2 wrkr=8 slot=1 size=41 src=worker:8 dst=client:2
event=hand_send ts_ns=7970716 id=123 clt=2 wrkr=8 slot=1 size=10 src=client:2 dst=worker:8
event=resp_rdma_read ts_ns=7986733 id=111 start_ns=7185446 dur_ns=801287 clt=2 wrkr=2 slot=3 size=204808 src=worker:2 dst=client:2
event=req_send ts_ns=7986733 id=124 clt=2 wrkr=4 slot=1 size=17 src=client:2 dst=worker:4
event=resp_recv_ud ts_ns=8044914 id=124 clt=2 wrkr=4 slot=1 size=41 src=worker:4 dst=client:2
event=hand_send ts_ns=8053561 id=124 clt=2 wrkr=4 slot=1 size=10 src=client:2 dst=worker:4
event=resp_rdma_read ts_ns=8274969 id=115 start_ns=7557173 dur_ns=717796 clt=2 wrkr=1 slot=0 size=204808 src=worker:1 dst=client:2
event=req_send ts_ns=8274969 id=128 clt=2 wrkr=4 slot=2 size=17 src=client:2 dst=worker:4
event=resp_recv_ud ts_ns=8339487 id=128 clt=2 wrkr=4 slot=2 size=41 src=worker:4 dst=client:2
event=hand_send ts_ns=8348134 id=128 clt=2 wrkr=4 slot=2 size=10 src=client:2 dst=worker:4
event=resp_rdma_read ts_ns=8507013 id=118 start_ns=7712713 dur_ns=794300 clt=2 wrkr=9 slot=1 size=204808 src=worker:9 dst=client:2
event=req_send ts_ns=8507013 id=130 clt=2 wrkr=11 slot=3 size=17 src=client:2 dst=worker:11
event=resp_recv_ud ts_ns=8550404 id=130 clt=2 wrkr=11 slot=3 size=41 src=worker:11 dst=client:2
event=hand_send ts_ns=8559051 id=130 clt=2 wrkr=11 slot=3 size=10 src=client:2 dst=worker:11
event=resp_rdma_read ts_ns=8798812 id=123 start_ns=7970716 dur_ns=828096 clt=2 wrkr=8 slot=1 size=204808 src=worker:8 dst=client:2
event=req_send ts_ns=8798812 id=137 clt=2 wrkr=2 slot=0 size=17 src=client:2 dst=worker:2
event=resp_recv_ud ts_ns=8864063 id=137 clt=2 wrkr=2 slot=0 size=41 src=worker:2 dst=client:2
event=hand_send ts_ns=8872710 id=137 clt=2 wrkr=2 slot=0 size=10 src=client:2 dst=worker:2
event=resp_rdma_read ts_ns=8974512 id=124 start_ns=8053561 dur_ns=920951 clt=2 wrkr=4 slot=1 size=204808 src=worker:4 dst=client:2
event=req_send ts_ns=8974512 id=139 clt=2 wrkr=1 slot=1 size=17 src=client:2 dst=worker:1
event=resp_recv_ud ts_ns=9031546 id=139 clt=2 wrkr=1 slot=1 size=41 src=worker:1 dst=client:2
event=hand_send ts_ns=9040193 id=139 clt=2 wrkr=1 slot=1 size=10 src=client:2 dst=worker:1
event=resp_rdma_read ts_ns=9049003 id=128 start_ns=8348134 dur_ns=700869 clt=2 wrkr=4 slot=2 size=204808 src=worker:4 dst=client:2
event=req_send ts_ns=9049003 id=140 clt=2 wrkr=7 slot=1 size=17 src=client:2 dst=worker:7
event=resp_recv_ud ts_ns=9112961 id=140 clt=2 wrkr=7 slot=1 size=41 src=worker:7 dst=client:2
event=hand_send ts_ns=9121608 id=140 clt=2 wrkr=7 slot=1 size=10 src=client:2 dst=worker:7
event=resp_rdma_read ts_ns=9192940 id=130 start_ns=8559051 dur_ns=633889 clt=2 wrkr=11 slot=3 size=204808 src=worker:11 dst=client:2
event=req_send ts_ns=9192940 id=142 clt=2 wrkr=9 slot=2 size=17 src=client:2 dst=worker:9
event=resp_recv_ud ts_ns=9246858 id=142 clt=2 wrkr=9 slot=2 size=41 src=worker:9 dst=client:2
event=hand_send ts_ns=9255505 id=142 clt=2 wrkr=9 slot=2 size=10 src=client:2 dst=worker:9
event=resp_rdma_read ts_ns=9584439 id=137 start_ns=8872710 dur_ns=711729 clt=2 wrkr=2 slot=0 size=204808 src=worker:2 dst=client:2
event=req_send ts_ns=9584439 id=146 clt=2 wrkr=10 slot=0 size=17 src=client:2 dst=worker:10
event=resp_recv_ud ts_ns=9635224 id=146 clt=2 wrkr=10 slot=0 size=41 src=worker:10 dst=client:2
event=hand_send ts_ns=9643871 id=146 clt=2 wrkr=10 slot=0 size=10 src=client:2 dst=worker:10
event=resp_rdma_read ts_ns=9707660 id=139 start_ns=9040193 dur_ns=667467 clt=2 wrkr=1 slot=1 size=204808 src=worker:1 dst=client:2
event=req_send ts_ns=9707660 id=150 clt=2 wrkr=7 slot=2 size=17 src=client:2 dst=worker:7
event=resp_recv_ud ts_ns=9767157 id=150 clt=2 wrkr=7 slot=2 size=41 src=worker:7 dst=client:2
event=hand_send ts_ns=9775804 id=150 clt=2 wrkr=7 slot=2 size=10 src=client:2 dst=worker:7
event=resp_rdma_read ts_ns=9814213 id=142 start_ns=9255505 dur_ns=558708 clt=2 wrkr=9 slot=2 size=204808 src=worker:9 dst=client:2
event=req_send ts_ns=9814213 id=151 clt=2 wrkr=4 slot=3 size=17 src=client:2 dst=worker:4
event=resp_recv_ud ts_ns=9865618 id=151 clt=2 wrkr=4 slot=3 size=41 src=worker:4 dst=client:2
event=hand_send ts_ns=9874265 id=151 clt=2 wrkr=4 slot=3 size=10 src=client:2 dst=worker:4
event=resp_rdma_read ts_ns=10003217 id=140 start_ns=9121608 dur_ns=881609 clt=2 wrkr=7 slot=1 size=204808 src=worker:7 dst=client:2
event=req_send ts_ns=10003217 id=154 clt=2 wrkr=0 slot=2 size=17 src=client:2 dst=worker:0
event=resp_recv_ud ts_ns=10071243 id=154 clt=2 wrkr=0 slot=2 size=41 src=worker:0 dst=client:2
event=hand_send ts_ns=10079890 id=154 clt=2 wrkr=0 slot=2 size=10 src=client:2 dst=worker:0
event=resp_rdma_read ts_ns=10378290 id=146 start_ns=9643871 dur_ns=734419 clt=2 wrkr=10 slot=0 size=204808 src=worker:10 dst=client:2
event=req_send ts_ns=10378290 id=158 clt=2 wrkr=11 slot=0 size=17 src=client:2 dst=worker:11
event=resp_recv_ud ts_ns=10422673 id=158 clt=2 wrkr=11 slot=0 size=41 src=worker:11 dst=client:2
event=hand_send ts_ns=10431320 id=158 clt=2 wrkr=11 slot=0 size=10 src=client:2 dst=worker:11
event=resp_rdma_read ts_ns=10457607 id=151 start_ns=9874265 dur_ns=583342 clt=2 wrkr=4 slot=3 size=204808 src=worker:4 dst=client:2
event=req_send ts_ns=10457607 id=160 clt=2 wrkr=0 slot=3 size=17 src=client:2 dst=worker:0
event=resp_rdma_read ts_ns=10471638 id=150 start_ns=9775804 dur_ns=695834 clt=2 wrkr=7 slot=2 size=204808 src=worker:7 dst=client:2
event=req_send ts_ns=10471638 id=161 clt=2 wrkr=11 slot=1 size=17 src=client:2 dst=worker:11
event=resp_recv_ud ts_ns=10511142 id=160 clt=2 wrkr=0 slot=3 size=41 src=worker:0 dst=client:2
event=hand_send ts_ns=10519789 id=160 clt=2 wrkr=0 slot=3 size=10 src=client:2 dst=worker:0
event=resp_recv_ud ts_ns=10533251 id=161 clt=2 wrkr=11 slot=1 size=41 src=worker:11 dst=client:2
event=hand_send ts_ns=10541898 id=161 clt=2 wrkr=11 slot=1 size=10 src=client:2 dst=worker:11
event=resp_rdma_read ts_ns=10777354 id=154 start_ns=10079890 dur_ns=697464 clt=2 wrkr=0 slot=2 size=204808 src=worker:0 dst=client:2
event=req_send ts_ns=10777354 id=166 clt=2 wrkr=7 slot=3 size=17 src=client:2 dst=worker:7
event=resp_recv_ud ts_ns=10843577 id=166 clt=2 wrkr=7 slot=3 size=41 src=worker:7 dst=client:2
event=hand_send ts_ns=10852224 id=166 clt=2 wrkr=7 slot=3 size=10 src=client:2 dst=worker:7
event=resp_rdma_read ts_ns=11231594 id=161 start_ns=10541898 dur_ns=689696 clt=2 wrkr=11 slot=1 size=204808 src=worker:11 dst=client:2
event=req_send ts_ns=11231594 id=171 clt=2 wrkr=5 slot=2 size=17 src=client:2 dst=worker:5
event=resp_rdma_read ts_ns=11233138 id=158 start_ns=10431320 dur_ns=801818 clt=2 wrkr=11 slot=0 size=204808 src=worker:11 dst=client:2
event=req_send ts_ns=11233138 id=172 clt=2 wrkr=0 slot=0 size=17 src=client:2 dst=worker:0
event=resp_rdma_read ts_ns=11282174 id=160 start_ns=10519789 dur_ns=762385 clt=2 wrkr=0 slot=3 size=204808 src=worker:0 dst=client:2
event=req_send ts_ns=11282174 id=174 clt=2 wrkr=11 slot=2 size=17 src=client:2 dst=worker:11
event=resp_recv_ud ts_ns=11286784 id=171 clt=2 wrkr=5 slot=2 size=41 src=worker:5 dst=client:2
event=hand_send ts_ns=11295431 id=171 clt=2 wrkr=5 slot=2 size=10 src=client:2 dst=worker:5
event=resp_recv_ud ts_ns=11298751 id=172 clt=2 wrkr=0 slot=0 size=41 src=worker:0 dst=client:2
event=hand_send ts_ns=11307398 id=172 clt=2 wrkr=0 slot=0 size=10 src=client:2 dst=worker:0
event=resp_recv_ud ts_ns=11345556 id=174 clt=2 wrkr=11 slot=2 size=41 src=worker:11 dst=client:2
event=hand_send ts_ns=11354203 id=174 clt=2 wrkr=11 slot=2 size=10 src=client:2 dst=worker:11
event=resp_rdma_read ts_ns=11608577 id=166 start_ns=10852224 dur_ns=756353 clt=2 wrkr=7 slot=3 size=204808 src=worker:7 dst=client:2
event=req_send ts_ns=11608577 id=177 clt=2 wrkr=2 slot=1 size=17 src=client:2 dst=worker:2
event=resp_recv_ud ts_ns=11651916 id=177 clt=2 wrkr=2 slot=1 size=41 src=worker:2 dst=client:2
event=hand_send ts_ns=11660563 id=177 clt=2 wrkr=2 slot=1 size=10 src=client:2 dst=worker:2
event=resp_rdma_read ts_ns=11959774 id=172 start_ns=11307398 dur_ns=652376 clt=2 wrkr=0 slot=0 size=204808 src=worker:0 dst=client:2
event=req_send ts_ns=11959774 id=183 clt=2 wrkr=7 slot=0 size=17 src=client:2 dst=worker:7
event=resp_recv_ud ts_ns=12022441 id=183 clt=2 wrkr=7 slot=0 size=41 src=worker:7 dst=client:2
event=hand_send ts_ns=12031088 id=183 clt=2 wrkr=7 slot=0 size=10 src=client:2 dst=worker:7
event=resp_rdma_read ts_ns=12047230 id=171 start_ns=11295431 dur_ns=751799 clt=2 wrkr=5 slot=2 size=204808 src=worker:5 dst=client:2
event=req_send ts_ns=12047230 id=185 clt=2 wrkr=0 slot=1 size=17 src=client:2 dst=worker:0
event=resp_recv_ud ts_ns=12112157 id=185 clt=2 wrkr=0 slot=1 size=41 src=worker:0 dst=client:2
event=hand_send ts_ns=12120804 id=185 clt=2 wrkr=0 slot=1 size=10 src=client:2 dst=worker:0
event=resp_rdma_read ts_ns=12194262 id=174 start_ns=11354203 dur_ns=840059 clt=2 wrkr=11 slot=2 size=204808 src=worker:11 dst=client:2
event=req_send ts_ns=12194262 id=188 clt=2 wrkr=10 slot=1 size=17 src=client:2 dst=worker:10
event=resp_recv_ud ts_ns=12244102 id=188 clt=2 wrkr=10 slot=1 size=41 src=worker:10 dst=client:2
event=hand_send ts_ns=12252749 id=188 clt=2 wrkr=10 slot=1 size=10 src=client:2 dst=worker:10
event=resp_rdma_read ts_ns=12465645 id=177 start_ns=11660563 dur_ns=805082 clt=2 wrkr=2 slot=1 size=204808 src=worker:2 dst=client:2
event=req_send ts_ns=12465645 id=192 clt=2 wrkr=1 slot=2 size=17 src=client:2 dst=worker:1
event=resp_recv_ud ts_ns=12531886 id=192 clt=2 wrkr=1 slot=2 size=41 src=worker:1 dst=client:2
event=hand_send ts_ns=12540533 id=192 clt=2 wrkr=1 slot=2 size=10 src=client:2 dst=worker:1
event=resp_rdma_read ts_ns=12744290 id=183 start_ns=12031088 dur_ns=713202 clt=2 wrkr=7 slot=0 size=204808 src=worker:7 dst=client:2
event=req_send ts_ns=12744290 id=198 clt=2 wrkr=0 slot=2 size=17 src=client:2 dst=worker:0
event=resp_rdma_read ts_ns=12760321 id=188 start_ns=12252749 dur_ns=507572 clt=2 wrkr=10 slot=1 size=204808 src=worker:10 dst=client:2
event=req_send ts_ns=12760321 id=199 clt=2 wrkr=5 slot=3 size=17 src=client:2 dst=worker:5
event=resp_recv_ud ts_ns=12808635 id=198 clt=2 wrkr=0 slot=2 size=41 src=worker:0 dst=client:2
event=hand_send ts_ns=12817282 id=198 clt=2 wrkr=0 slot=2 size=10 src=client:2 dst=worker:0
event=resp_recv_ud ts_ns=12826859 id=199 clt=2 wrkr=5 slot=3 size=41 src=worker:5 dst=client:2
event=hand_send ts_ns=12835506 id=199 clt=2 wrkr=5 slot=3 size=10 src=client:2 dst=worker:5
event=resp_rdma_read ts_ns=12851995 id=185 start_ns=12120804 dur_ns=731191 clt=2 wrkr=0 slot=1 size=204808 src=worker:0 dst=client:2
event=req_send ts_ns=12851995 id=200 clt=2 wrkr=3 slot=3 size=17 src=client:2 dst=worker:3
event=resp_recv_ud ts_ns=12914057 id=200 clt=2 wrkr=3 slot=3 size=41 src=worker:3 dst=client:2
event=hand_send ts_ns=12922704 id=200 clt=2 wrkr=3 slot=3 size=10 src=client:2 dst=worker:3
event=resp_rdma_read ts_ns=13142857 id=192 start_ns=12540533 dur_ns=602324 clt=2 wrkr=1 slot=2 size=204808 src=worker:1 dst=client:2
event=req_send ts_ns=13142857 id=203 clt=2 wrkr=4 slot=0 size=17 src=client:2 dst=worker:4
event=resp_recv_ud ts_ns=13189184 id=203 clt=2 wrkr=4 slot=0 size=41 src=worker:4 dst=client:2
event=hand_send ts_ns=13197831 id=203 clt=2 wrkr=4 slot=0 size=10 src=client:2 dst=worker:4
event=resp_rdma_read ts_ns=13620154 id=200 start_ns=12922704 dur_ns=697450 clt=2 wrkr=3 slot=3 size=204808 src=worker:3 dst=client:2
event=req_send ts_ns=13620154 id=209 clt=2 wrkr=9 slot=3 size=17 src=client:2 dst=worker:9
event=resp_recv_ud ts_ns=13683435 id=209 clt=2 wrkr=9 slot=3 size=41 src=worker:9 dst=client:2
event=hand_send ts_ns=13692082 id=209 clt=2 wrkr=9 slot=3 size=10 src=client:2 dst=worker:9
event=resp_rdma_read ts_ns=13724474 id=198 start_ns=12817282 dur_ns=907192 clt=2 wrkr=0 slot=2 size=204808 src=worker:0 dst=client:2
event=req_send ts_ns=13724474 id=212 clt=2 wrkr=9 slot=0 size=17 src=client:2 dst=worker:9
event=resp_rdma_read ts_ns=13747005 id=199 start_ns=12835506 dur_ns=911499 clt=2 wrkr=5 slot=3 size=204808 src=worker:5 dst=client:2
event=req_send ts_ns=13747005 id=213 clt=2 wrkr=6 slot=1 size=17 src=client:2 dst=worker:6
event=resp_rdma_read ts_ns=13758971 id=203 start_ns=13197831 dur_ns=561140 clt=2 wrkr=4 slot=0 size=204808 src=worker:4 dst=client:2
event=req_send ts_ns=13758971 id=214 clt=2 wrkr=6 slot=2 size=17 src=client:2 dst=worker:6
event=resp_recv_ud ts_ns=13789909 id=212 clt=2 wrkr=9 slot=0 size=41 src=worker:9 dst=client:2
event=hand_send ts_ns=13798556 id=212 clt=2 wrkr=9 slot=0 size=10 src=client:2 dst=worker:9
event=resp_recv_ud ts_ns=13813474 id=213 clt=2 wrkr=6 slot=1 size=41 src=worker:6 dst=client:2
event=hand_send ts_ns=13822121 id=213 clt=2 wrkr=6 slot=1 size=10 src=client:2 dst=worker:6
event=resp_recv_ud ts_ns=13826141 id=214 clt=2 wrkr=6 slot=2 size=41 src=worker:6 dst=client:2
event=hand_send ts_ns=13834788 id=214 clt=2 wrkr=6 slot=2 size=10 src=client:2 dst=worker:6
event=resp_rdma_read ts_ns=14415773 id=209 start_ns=13692082 dur_ns=723691 clt=2 wrkr=9 slot=3 size=204808 src=worker:9 dst=client:2
event=req_send ts_ns=14415773 id=222 clt=2 wrkr=6 slot=3 size=17 src=client:2 dst=worker:6
event=resp_recv_ud ts_ns=14475731 id=222 clt=2 wrkr=6 slot=3 size=41 src=worker:6 dst=client:2
event=hand_send ts_ns=14484378 id=222 clt=2 wrkr=6 slot=3 size=10 src=client:2 dst=worker:6
event=resp_rdma_read ts_ns=14604387 id=213 start_ns=13822121 dur_ns=782266 clt=2 wrkr=6 slot=1 size=204808 src=worker:6 dst=client:2
event=req_send ts_ns=14604387 id=224 clt=2 wrkr=0 slot=3 size=17 src=client:2 dst=worker:0
event=resp_rdma_read ts_ns=14659806 id=214 start_ns=13834788 dur_ns=825018 clt=2 wrkr=6 slot=2 size=204808 src=worker:6 dst=client:2
event=req_send ts_ns=14659806 id=225 clt=2 wrkr=7 slot=1 size=17 src=client:2 dst=worker:7
event=resp_recv_ud ts_ns=14670181 id=224 clt=2 wrkr=0 slot=3 size=41 src=worker:0 dst=client:2
event=hand_send ts_ns=14678828 id=224 clt=2 wrkr=0 slot=3 size=10 src=client:2 dst=worker:0
event=resp_recv_ud ts_ns=14720883 id=225 clt=2 wrkr=7 slot=1 size=41 src=worker:7 dst=client:2
event=hand_send ts_ns=14729530 id=225 clt=2 wrkr=7 slot=1 size=10 src=client:2 dst=worker:7
event=resp_rdma_read ts_ns=14746768 id=212 start_ns=13798556 dur_ns=948212 clt=2 wrkr=9 slot=0 size=204808 src=worker:9 dst=client:2
event=req_send ts_ns=14746768 id=227 clt=2 wrkr=2 slot=2 size=17 src=client:2 dst=worker:2
event=resp_recv_ud ts_ns=14800640 id=227 clt=2 wrkr=2 slot=2 size=41 src=worker:2 dst=client:2
event=hand_send ts_ns=14809287 id=227 clt=2 wrkr=2 slot=2 size=10 src=client:2 dst=worker:2
event=resp_rdma_read ts_ns=15056027 id=222 start_ns=14484378 dur_ns=571649 clt=2 wrkr=6 slot=3 size=204808 src=worker:6 dst=client:2
event=req_send ts_ns=15056027 id=233 clt=2 wrkr=10 slot=2 size=17 src=client:2 dst=worker:10
event=resp_recv_ud ts_ns=15122410 id=233 clt=2 wrkr=10 slot=2 size=41 src=worker:10 dst=client:2
event=hand_send ts_ns=15131057 id=233 clt=2 wrkr=10 slot=2 size=10 src=client:2 dst=worker:10
event=resp_rdma_read ts_ns=15455258 id=224 start_ns=14678828 dur_ns=776430 clt=2 wrkr=0 slot=3 size=204808 src=worker:0 dst=client:2
event=req_send ts_ns=15455258 id=236 clt=2 wrkr=6 slot=0 size=17 src=client:2 dst=worker:6
event=resp_rdma_read ts_ns=15461454 id=227 start_ns=14809287 dur_ns=652167 clt=2 wrkr=2 slot=2 size=204808 src=worker:2 dst=client:2
event=req_send ts_ns=15461454 id=237 clt=2 wrkr=0 slot=0 size=17 src=client:2 dst=worker:0
event=resp_recv_ud ts_ns=15521973 id=236 clt=2 wrkr=6 slot=0 size=41 src=worker:6 dst=client:2
event=resp_recv_ud ts_ns=15527385 id=237 clt=2 wrkr=0 slot=0 size=41 src=worker:0 dst=client:2
event=resp_rdma_read ts_ns=15528856 id=225 start_ns=14729530 dur_ns=799326 clt=2 wrkr=7 slot=1 size=204808 src=worker:7 dst=client:2
event=req_send ts_ns=15528856 id=239 clt=2 wrkr=0 slot=1 size=17 src=client:2 dst=worker:0
event=hand_send ts_ns=15530620 id=236 clt=2 wrkr=6 slot=0 size=10 src=client:2 dst=worker:6
event=hand_send ts_ns=15536032 id=237 clt=2 wrkr=0 slot=0 size=10 src=client:2 dst=worker:0
event=resp_recv_ud ts_ns=15592780 id=239 clt=2 wrkr=0 slot=1 size=41 src=worker:0 dst=client:2
event=hand_send ts_ns=15601427 id=239 clt=2 wrkr=0 slot=1 size=10 src=client:2 dst=worker:0
event=resp_rdma_read ts_ns=15685494 id=233 start_ns=15131057 dur_ns=554437 clt=2 wrkr=10 slot=2 size=204808 src=worker:10 dst=client:2
event=req_send ts_ns=15685494 id=240 clt=2 wrkr=8 slot=2 size=17 src=client:2 dst=worker:8
event=resp_recv_ud ts_ns=15728430 id=240 clt=2 wrkr=8 slot=2 size=41 src=worker:8 dst=client:2
event=hand_send ts_ns=15737077 id=240 clt=2 wrkr=8 slot=2 size=10 src=client:2 dst=worker:8
event=resp_rdma_read ts_ns=16180803 id=239 start_ns=15601427 dur_ns=579376 clt=2 wrkr=0 slot=1 size=204808 src=worker:0 dst=client:2
event=req_send ts_ns=16180803 id=247 clt=2 wrkr=8 slot=3 size=17 src=client:2 dst=worker:8
event=resp_recv_ud ts_ns=16221523 id=247 clt=2 wrkr=8 slot=3 size=41 src=worker:8 dst=client:2
event=resp_rdma_read ts_ns=16223557 id=236 start_ns=15530620 dur_ns=692937 clt=2 wrkr=6 slot=0 size=204808 src=worker:6 dst=client:2
event=req_send ts_ns=16223557 id=248 clt=2 wrkr=0 slot=2 size=17 src=client:2 dst=worker:0
event=hand_send ts_ns=16230170 id=247 clt=2 wrkr=8 slot=3 size=10 src=client:2 dst=worker:8
event=resp_rdma_read ts_ns=16267092 id=237 start_ns=15536032 dur_ns=731060 clt=2 wrkr=0 slot=0 size=204808 src=worker:0 dst=client:2
event=req_send ts_ns=16267092 id=250 clt=2 wrkr=8 slot=0 size=17 src=client:2 dst=worker:8
event=resp_recv_ud ts_ns=16273918 id=248 clt=2 wrkr=0 slot=2 size=41 src=worker:0 dst=client:2
event=hand_send ts_ns=16282565 id=248 clt=2 wrkr=0 slot=2 size=10 src=client:2 dst=worker:0
event=resp_recv_ud ts_ns=16331948 id=250 clt=2 wrkr=8 slot=0 size=41 src=worker:8 dst=client:2
event=hand_send ts_ns=16340595 id=250 clt=2 wrkr=8 slot=0 size=10 src=client:2 dst=worker:8
event=resp_rdma_read ts_ns=16519719 id=240 start_ns=15737077 dur_ns=782642 clt=2 wrkr=8 slot=2 size=204808 src=worker:8 dst=client:2
event=req_send ts_ns=16519719 id=253 clt=2 wrkr=11 slot=3 size=17 src=client:2 dst=worker:11
event=resp_recv_ud ts_ns=16564727 id=253 clt=2 wrkr=11 slot=3 size=41 src=worker:11 dst=client:2
event=hand_send ts_ns=16573374 id=253 clt=2 wrkr=11 slot=3 size=10 src=client:2 dst=worker:11
event=resp_rdma_read ts_ns=16984162 id=250 start_ns=16340595 dur_ns=643567 clt=2 wrkr=8 slot=0 size=204808 src=worker:8 dst=client:2
event=req_send ts_ns=16984162 id=259 clt=2 wrkr=10 slot=3 size=17 src=client:2 dst=worker:10
event=resp_recv_ud ts_ns=17025095 id=259 clt=2 wrkr=10 slot=3 size=41 src=worker:10 dst=client:2
event=hand_send ts_ns=17033742 id=259 clt=2 wrkr=10 slot=3 size=10 src=client:2 dst=worker:10
event=resp_rdma_read ts_ns=17046966 id=247 start_ns=16230170 dur_ns=816796 clt=2 wrkr=8 slot=3 size=204808 src=worker:8 dst=client:2
event=req_send ts_ns=17046966 id=260 clt=2 wrkr=7 slot=2 size=17 src=client:2 dst=worker:7
event=resp_rdma_read ts_ns=17069723 id=248 start_ns=16282565 dur_ns=787158 clt=2 wrkr=0 slot=2 size=204808 src=worker:0 dst=client:2
event=req_send ts_ns=17069723 id=261 clt=2 wrkr=3 slot=0 size=17 src=client:2 dst=worker:3
event=resp_rdma_read ts_ns=17092092 id=253 start_ns=16573374 dur_ns=518718 clt=2 wrkr=11 slot=3 size=204808 src=worker:11 dst=client:2
event=req_send ts_ns=17092092 id=263 clt=2 wrkr=4 slot=1 size=17 src=client:2 dst=worker:4
event=resp_recv_ud ts_ns=17113448 id=260 clt=2 wrkr=7 slot=2 size=41 src=worker:7 dst=client:2
event=hand_send ts_ns=17122095 id=260 clt=2 wrkr=7 slot=2 size=10 src=client:2 dst=worker:7
event=resp_recv_ud ts_ns=17128724 id=261 clt=2 wrkr=3 slot=0 size=41 src=worker:3 dst=client:2
event=hand_send ts_ns=17137371 id=261 clt=2 wrkr=3 slot=0 size=10 src=client:2 dst=worker:3
event=resp_recv_ud ts_ns=17157733 id=263 clt=2 wrkr=4 slot=1 size=41 src=worker:4 dst=client:2
event=hand_send ts_ns=17166380 id=263 clt=2 wrkr=4 slot=1 size=10 src=client:2 dst=worker:4
event=resp_rdma_read ts_ns=17846422 id=260 start_ns=17122095 dur_ns=724327 clt=2 wrkr=7 slot=2 size=204808 src=worker:7 dst=client:2
event=req_send ts_ns=17846422 id=272 clt=2 wrkr=1 slot=3 size=17 src=client:2 dst=worker:1
event=resp_rdma_read ts_ns=17846828 id=259 start_ns=17033742 dur_ns=813086 clt=2 wrkr=10 slot=3 size=204808 src=worker:10 dst=client:2
event=req_send ts_ns=17846828 id=273 clt=2 wrkr=2 slot=3 size=17 src=client:2 dst=worker:2
event=resp_recv_ud ts_ns=17895261 id=272 clt=2 wrkr=1 slot=3 size=41 src=worker:1 dst=client:2
event=hand_send ts_ns=17903908 id=272 clt=2 wrkr=1 slot=3 size=10 src=client:2 dst=worker:1
event=resp_recv_ud ts_ns=17912636 id=273 clt=2 wrkr=2 slot=3 size=41 src=worker:2 dst=client:2
event=hand_send ts_ns=17921283 id=273 clt=2 wrkr=2 slot=3 size=10 src=client:2 dst=worker:2
event=resp_rdma_read ts_ns=17944945 id=261 start_ns=17137371 dur_ns=807574 clt=2 wrkr=3 slot=0 size=204808 src=worker:3 dst=client:2
event=req_send ts_ns=17944945 id=274 clt=2 wrkr=0 slot=3 size=17 src=client:2 dst=worker:0
event=resp_recv_ud ts_ns=17996710 id=274 clt=2 wrkr=0 slot=3 size=41 src=worker:0 dst=client:2
event=hand_send ts_ns=18005357 id=274 clt=2 wrkr=0 slot=3 size=10 src=client:2 dst=worker:0
event=resp_rdma_read ts_ns=18115257 id=263 start_ns=17166380 dur_ns=948877 clt=2 wrkr=4 slot=1 size=204808 src=worker:4 dst=client:2
event=req_send ts_ns=18115257 id=277 clt=2 wrkr=2 slot=0 size=17 src=client:2 dst=worker:2
event=resp_recv_ud ts_ns=18180705 id=277 clt=2 wrkr=2 slot=0 size=41 src=worker:2 dst=client:2
event=hand_send ts_ns=18189352 id=277 clt=2 wrkr=2 slot=0 size=10 src=client:2 dst=worker:2
event=resp_rdma_read ts_ns=18585740 id=274 start_ns=18005357 dur_ns=580383 clt=2 wrkr=0 slot=3 size=204808 src=worker:0 dst=client:2
event=req_send ts_ns=18585740 id=283 clt=2 wrkr=8 slot=1 size=17 src=client:2 dst=worker:8
event=resp_recv_ud ts_ns=18626651 id=283 clt=2 wrkr=8 slot=1 size=41 src=worker:8 dst=client:2
event=hand_send ts_ns=18635298 id=283 clt=2 wrkr=8 slot=1 size=10 src=client:2 dst=worker:8
event=resp_rdma_read ts_ns=18693107 id=272 start_ns=17903908 dur_ns=789199 clt=2 wrkr=1 slot=3 size=204808 src=worker:1 dst=client:2
event=req_send ts_ns=18693107 id=285 clt=2 wrkr=1 slot=0 size=17 src=client:2 dst=worker:1
event=resp_recv_ud ts_ns=18759450 id=285 clt=2 wrkr=1 slot=0 size=41 src=worker:1 dst=client:2
event=hand_send ts_ns=18768097 id=285 clt=2 wrkr=1 slot=0 size=10 src=client:2 dst=worker:1
event=resp_rdma_read ts_ns=18789318 id=273 start_ns=17921283 dur_ns=868035 clt=2 wrkr=2 slot=3 size=204808 src=worker:2 dst=client:2
event=req_send ts_ns=18789318 id=286 clt=2 wrkr=2 slot=1 size=17 src=client:2 dst=worker:2
event=resp_recv_ud ts_ns=18838387 id=286 clt=2 wrkr=2 slot=1 size=41 src=worker:2 dst=client:2
event=hand_send ts_ns=18847034 id=286 clt=2 wrkr=2 slot=1 size=10 src=client:2 dst=worker:2
event=resp_rdma_read ts_ns=19139251 id=277 start_ns=18189352 dur_ns=949899 clt=2 wrkr=2 slot=0 size=204808 src=worker:2 dst=client:2
event=req_send ts_ns=19139251 id=290 clt=2 wrkr=1 slot=1 size=17 src=client:2 dst=worker:1
event=resp_recv_ud ts_ns=19202859 id=290 clt=2 wrkr=1 slot=1 size=41 src=worker:1 dst=client:2
event=hand_send ts_ns=19211506 id=290 clt=2 wrkr=1 slot=1 size=10 src=client:2 dst=worker:1
event=resp_rdma_read ts_ns=19344172 id=286 start_ns=18847034 dur_ns=497138 clt=2 wrkr=2 slot=1 size=204808 src=worker:2 dst=client:2
event=req_send ts_ns=19344172 id=296 clt=2 wrkr=1 slot=2 size=17 src=client:2 dst=worker:1
event=resp_recv_ud ts_ns=19399476 id=296 clt=2 wrkr=1 slot=2 size=41 src=worker:1 dst=client:2
event=hand_send ts_ns=19408123 id=296 clt=2 wrkr=1 slot=2 size=10 src=client:2 dst=worker:1
event=resp_rdma_read ts_ns=19455528 id=285 start_ns=18768097 dur_ns=687431 clt=2 wrkr=1 slot=0 size=204808 src=worker:1 dst=client:2
event=req_send ts_ns=19455528 id=297 clt=2 wrkr=8 slot=2 size=17 src=client:2 dst=worker:8
event=resp_rdma_read ts_ns=19457704 id=283 start_ns=18635298 dur_ns=822406 clt=2 wrkr=8 slot=1 size=204808 src=worker:8 dst=client:2
event=req_send ts_ns=19457704 id=298 clt=2 wrkr=10 slot=0 size=17 src=client:2 dst=worker:10
event=resp_recv_ud ts_ns=19505813 id=297 clt=2 wrkr=8 slot=2 size=41 src=worker:8 dst=client:2
event=hand_send ts_ns=19514460 id=297 clt=2 wrkr=8 slot=2 size=10 src=client:2 dst=worker:8
event=resp_recv_ud ts_ns=19527303 id=298 clt=2 wrkr=10 slot=0 size=41 src=worker:10 dst=client:2
event=hand_send ts_ns=19535950 id=298 clt=2 wrkr=10 slot=0 size=10 src=client:2 dst=worker:10
event=resp_rdma_read ts_ns=19952534 id=290 start_ns=19211506 dur_ns=741028 clt=2 wrkr=1 slot=1 size=204808 src=worker:1 dst=client:2
event=req_send ts_ns=19952534 id=304 clt=2 wrkr=3 slot=1 size=17 src=client:2 dst=worker:3
event=resp_recv_ud ts_ns=20013990 id=304 clt=2 wrkr=3 slot=1 size=41 src=worker:3 dst=client:2
event=hand_send ts_ns=20022637 id=304 clt=2 wrkr=3 slot=1 size=10 src=client:2 dst=worker:3
event=resp_rdma_read ts_ns=20081384 id=296 start_ns=19408123 dur_ns=673261 clt=2 wrkr=1 slot=2 size=204808 src=worker:1 dst=client:2
event=req_send ts_ns=20081384 id=306 clt=2 wrkr=3 slot=2 size=17 src=client:2 dst=worker:3
event=resp_recv_ud ts_ns=20145637 id=306 clt=2 wrkr=3 slot=2 size=41 src=worker:3 dst=client:2
event=hand_send ts_ns=20154284 id=306 clt=2 wrkr=3 slot=2 size=10 src=client:2 dst=worker:3
event=resp_rdma_read ts_ns=20167114 id=298 start_ns=19535950 dur_ns=631164 clt=2 wrkr=10 slot=0 size=204808 src=worker:10 dst=client:2
event=req_send ts_ns=20167114 id=308 clt=2 wrkr=10 slot=1 size=17 src=client:2 dst=worker:10
event=resp_recv_ud ts_ns=20233886 id=308 clt=2 wrkr=10 slot=1 size=41 src=worker:10 dst=client:2
event=hand_send ts_ns=20242533 id=308 clt=2 wrkr=10 slot=1 size=10 src=client:2 dst=worker:10
event=resp_rdma_read ts_ns=20342633 id=297 start_ns=19514460 dur_ns=828173 clt=2 wrkr=8 slot=2 size=204808 src=worker:8 dst=client:2
event=req_send ts_ns=20342633 id=311 clt=2 wrkr=4 slot=2 size=17 src=client:2 dst=worker:4
event=resp_recv_ud ts_ns=20403883 id=311 clt=2 wrkr=4 slot=2 size=41 src=worker:4 dst=client:2
event=hand_send ts_ns=20412530 id=311 clt=2 wrkr=4 slot=2 size=10 src=client:2 dst=worker:4
event=resp_rdma_read ts_ns=20744447 id=304 start_ns=20022637 dur_ns=721810 clt=2 wrkr=3 slot=1 size=204808 src=worker:3 dst=client:2
event=req_send ts_ns=20744447 id=316 clt=2 wrkr=1 slot=3 size=17 src=client:2 dst=worker:1
event=resp_recv_ud ts_ns=20805234 id=316 clt=2 wrkr=1 slot=3 size=41 src=worker:1 dst=client:2
event=hand_send ts_ns=20813881 id=316 clt=2 wrkr=1 slot=3 size=10 src=client:2 dst=worker:1
event=resp_rdma_read ts_ns=20888359 id=306 start_ns=20154284 dur_ns=734075 clt=2 wrkr=3 slot=2 size=204808 src=worker:3 dst=client:2
event=req_send ts_ns=20888359 id=319 clt=2 wrkr=3 slot=3 size=17 src=client:2 dst=worker:3
event=resp_recv_ud ts_ns=20941302 id=319 clt=2 wrkr=3 slot=3 size=41 src=worker:3 dst=client:2
event=hand_send ts_ns=20949949 id=319 clt=2 wrkr=3 slot=3 size=10 src=client:2 dst=worker:3
event=resp_rdma_read ts_ns=20982309 id=308 start_ns=20242533 dur_ns=739776 clt=2 wrkr=10 slot=1 size=204808 src=worker:10 dst=client:2
event=req_send ts_ns=20982309 id=320 clt=2 wrkr=6 slot=1 size=17 src=client:2 dst=worker:6
event=resp_recv_ud ts_ns=21033309 id=320 clt=2 wrkr=6 slot=1 size=41 src=worker:6 dst=client:2
event=hand_send ts_ns=21041956 id=320 clt=2 wrkr=6 slot=1 size=10 src=client:2 dst=worker:6
event=resp_rdma_read ts_ns=21055542 id=311 start_ns=20412530 dur_ns=643012 clt=2 wrkr=4 slot=2 size=204808 src=worker:4 dst=client:2
event=req_send ts_ns=21055542 id=321 clt=2 wrkr=11 slot=0 size=17 src=client:2 dst=worker:11
event=resp_recv_ud ts_ns=21115452 id=321 clt=2 wrkr=11 slot=0 size=41 src=worker:11 dst=client:2
event=hand_send ts_ns=21124099 id=321 clt=2 wrkr=11 slot=0 size=10 src=client:2 dst=worker:11
event=resp_rdma_read ts_ns=21516636 id=316 start_ns=20813881 dur_ns=702755 clt=2 wrkr=1 slot=3 size=204808 src=worker:1 dst=client:2
event=req_send ts_ns=21516636 id=328 clt=2 wrkr=6 slot=2 size=17 src=client:2 dst=worker:6
event=resp_rdma_read ts_ns=21530483 id=319 start_ns=20949949 dur_ns=580534 clt=2 wrkr=3 slot=3 size=204808 src=worker:3 dst=client:2
event=req_send ts_ns=21530483 id=329 clt=2 wrkr=7 slot=3 size=17 src=client:2 dst=worker:7
event=resp_recv_ud ts_ns=21577287 id=328 clt=2 wrkr=6 slot=2 size=41 src=worker:6 dst=client:2
event=hand_send ts_ns=21585934 id=328 clt=2 wrkr=6 slot=2 size=10 src=client:2 dst=worker:6
event=resp_recv_ud ts_ns=21594570 id=329 clt=2 wrkr=7 slot=3 size=41 src=worker:7 dst=client:2
event=hand_send ts_ns=21603217 id=329 clt=2 wrkr=7 slot=3 size=10 src=client:2 dst=worker:7
event=resp_rdma_read ts_ns=21758434 id=321 start_ns=21124099 dur_ns=634335 clt=2 wrkr=11 slot=0 size=204808 src=worker:11 dst=client:2
event=req_send ts_ns=21758434 id=332 clt=2 wrkr=7 slot=0 size=17 src=client:2 dst=worker:7
event=resp_rdma_read ts_ns=21786692 id=320 start_ns=21041956 dur_ns=744736 clt=2 wrkr=6 slot=1 size=204808 src=worker:6 dst=client:2
event=req_send ts_ns=21786692 id=333 clt=2 wrkr=6 slot=3 size=17 src=client:2 dst=worker:6
event=resp_recv_ud ts_ns=21825809 id=332 clt=2 wrkr=7 slot=0 size=41 src=worker:7 dst=client:2
event=hand_send ts_ns=21834456 id=332 clt=2 wrkr=7 slot=0 size=10 src=client:2 dst=worker:7
event=resp_recv_ud ts_ns=21844942 id=333 clt=2 wrkr=6 slot=3 size=41 src=worker:6 dst=client:2
event=hand_send ts_ns=21853589 id=333 clt=2 wrkr=6 slot=3 size=10 src=client:2 dst=worker:6
event=resp_rdma_read ts_ns=22295052 id=329 start_ns=21603217 dur_ns=691835 clt=2 wrkr=7 slot=3 size=204808 src=worker:7 dst=client:2
event=req_send ts_ns=22295052 id=341 clt=2 wrkr=8 slot=3 size=17 src=client:2 dst=worker:8
event=resp_rdma_read ts_ns=22304145 id=328 start_ns=21585934 dur_ns=718211 clt=2 wrkr=6 slot=2 size=204808 src=worker:6 dst=client:2
event=req_send ts_ns=22304145 id=342 clt=2 wrkr=5 slot=0 size=17 src=client:2 dst=worker:5
event=resp_recv_ud ts_ns=22358064 id=341 clt=2 wrkr=8 slot=3 size=41 src=worker:8 dst=client:2
event=hand_send ts_ns=22366711 id=341 clt=2 wrkr=8 slot=3 size=10 src=client:2 dst=worker:8
event=resp_recv_ud ts_ns=22368999 id=342 clt=2 wrkr=5 slot=0 size=41 src=worker:5 dst=client:2
event=hand_send ts_ns=22377646 id=342 clt=2 wrkr=5 slot=0 size=10 src=client:2 dst=worker:5
event=resp_rdma_read ts_ns=22515188 id=333 start_ns=21853589 dur_ns=661599 clt=2 wrkr=6 slot=3 size=204808 src=worker:6 dst=client:2
event=req_send ts_ns=22515188 id=344 clt=2 wrkr=0 slot=0 size=17 src=client:2 dst=worker:0
event=resp_recv_ud ts_ns=22560649 id=344 clt=2 wrkr=0 slot=0 size=41 src=worker:0 dst=client:2
event=hand_send ts_ns=22569296 id=344 clt=2 wrkr=0 slot=0 size=10 src=client:2 dst=worker:0
event=resp_rdma_read ts_ns=22585460 id=332 start_ns=21834456 dur_ns=751004 clt=2 wrkr=7 slot=0 size=204808 src=worker:7 dst=client:2
event=req_send ts_ns=22585460 id=345 clt=2 wrkr=11 slot=1 size=17 src=client:2 dst=worker:11
event=resp_recv_ud ts_ns=22635463 id=345 clt=2 wrkr=11 slot=1 size=41 src=worker:11 dst=client:2
event=hand_send ts_ns=22644110 id=345 clt=2 wrkr=11 slot=1 size=10 src=client:2 dst=worker:11
event=resp_rdma_read ts_ns=23110010 id=342 start_ns=22377646 dur_ns=732364 clt=2 wrkr=5 slot=0 size=204808 src=worker:5 dst=client:2
event=req_send ts_ns=23110010 id=352 clt=2 wrkr=10 slot=2 size=17 src=client:2 dst=worker:10
event=resp_rdma_read ts_ns=23143320 id=345 start_ns=22644110 dur_ns=499210 clt=2 wrkr=11 slot=1 size=204808 src=worker:11 dst=client:2
event=req_send ts_ns=23143320 id=353 clt=2 wrkr=2 slot=2 size=17 src=client:2 dst=worker:2
event=resp_rdma_read ts_ns=23153917 id=341 start_ns=22366711 dur_ns=787206 clt=2 wrkr=8 slot=3 size=204808 src=worker:8 dst=client:2
event=req_send ts_ns=23153917 id=355 clt=2 wrkr=11 slot=2 size=17 src=client:2 dst=worker:11
event=resp_recv_ud ts_ns=23170592 id=352 clt=2 wrkr=10 slot=2 size=41 src=worker:10 dst=client:2
event=hand_send ts_ns=23179239 id=352 clt=2 wrkr=10 slot=2 size=10 src=client:2 dst=worker:10
event=resp_recv_ud ts_ns=23195784 id=353 clt=2 wrkr=2 slot=2 size=41 src=worker:2 dst=client:2
event=hand_send ts_ns=23204431 id=353 clt=2 wrkr=2 slot=2 size=10 src=client:2 dst=worker:2
event=resp_recv_ud ts_ns=23219057 id=355 clt=2 wrkr=11 slot=2 size=41 src=worker:11 dst=client:2
event=hand_send ts_ns=23227704 id=355 clt=2 wrkr=11 slot=2 size=10 src=client:2 dst=worker:11
event=resp_rdma_read ts_ns=23288946 id=344 start_ns=22569296 dur_ns=719650 clt=2 wrkr=0 slot=0 size=204808 src=worker:0 dst=client:2
event=req_send ts_ns=23288946 id=357 clt=2 wrkr=0 slot=1 size=17 src=client:2 dst=worker:0
event=resp_recv_ud ts_ns=23339261 id=357 clt=2 wrkr=0 slot=1 size=41 src=worker:0 dst=client:2
event=hand_send ts_ns=23347908 id=357 clt=2 wrkr=0 slot=1 size=10 src=client:2 dst=worker:0
event=resp_rdma_read ts_ns=24048009 id=352 start_ns=23179239 dur_ns=868770 clt=2 wrkr=10 slot=2 size=204808 src=worker:10 dst=client:2
event=req_send ts_ns=24048009 id=365 clt=2 wrkr=2 slot=3 size=17 src=client:2 dst=worker:2
event=resp_rdma_read ts_ns=24069440 id=357 start_ns=23347908 dur_ns=721532 clt=2 wrkr=0 slot=1 size=204808 src=worker:0 dst=client:2
event=req_send ts_ns=24069440 id=366 clt=2 wrkr=1 slot=0 size=17 src=client:2 dst=worker:1
event=resp_recv_ud ts_ns=24109533 id=365 clt=2 wrkr=2 slot=3 size=41 src=worker:2 dst=client:2
event=hand_send ts_ns=24118180 id=365 clt=2 wrkr=2 slot=3 size=10 src=client:2 dst=worker:2
event=resp_rdma_read ts_ns=24120646 id=353 start_ns=23204431 dur_ns=916215 clt=2 wrkr=2 slot=2 size=204808 src=worker:2 dst=client:2
event=req_send ts_ns=24120646 id=367 clt=2 wrkr=0 slot=2 size=17 src=client:2 dst=worker:0
event=resp_recv_ud ts_ns=24127975 id=366 clt=2 wrkr=1 slot=0 size=41 src=worker:1 dst=client:2
event=hand_send ts_ns=24136622 id=366 clt=2 wrkr=1 slot=0 size=10 src=client:2 dst=worker:1
event=resp_recv_ud ts_ns=24181637 id=367 clt=2 wrkr=0 slot=2 size=41 src=worker:0 dst=client:2
event=hand_send ts_ns=24190284 id=367 clt=2 wrkr=0 slot=2 size=10 src=client:2 dst=worker:0
event=resp_rdma_read ts_ns=24291838 id=355 start_ns=23227704 dur_ns=1064134 clt=2 wrkr=11 slot=2 size=204808 src=worker:11 dst=client:2
event=req_send ts_ns=24291838 id=372 clt=2 wrkr=7 slot=1 size=17 src=client:2 dst=worker:7
event=resp_recv_ud ts_ns=24361335 id=372 clt=2 wrkr=7 slot=1 size=41 src=worker:7 dst=client:2
event=hand_send ts_ns=24369982 id=372 clt=2 wrkr=7 slot=1 size=10 src=client:2 dst=worker:7
event=resp_rdma_read ts_ns=24860085 id=365 start_ns=24118180 dur_ns=741905 clt=2 wrkr=2 slot=3 size=204808 src=worker:2 dst=client:2
event=req_send ts_ns=24860085 id=377 clt=2 wrkr=5 slot=1 size=17 src=client:2 dst=worker:5
event=resp_rdma_read ts_ns=24899044 id=366 start_ns=24136622 dur_ns=762422 clt=2 wrkr=1 slot=0 size=204808 src=worker:1 dst=client:2
event=req_send ts_ns=24899044 id=378 clt=2 wrkr=5 slot=2 size=17 src=client:2 dst=worker:5
event=resp_recv_ud ts_ns=24907611 id=377 clt=2 wrkr=5 slot=1 size=41 src=worker:5 dst=client:2
event=hand_send ts_ns=24916258 id=377 clt=2 wrkr=5 slot=1 size=10 src=client:2 dst=worker:5
event=resp_recv_ud ts_ns=24958220 id=378 clt=2 wrkr=5 slot=2 size=41 src=worker:5 dst=client:2
event=hand_send ts_ns=24966867 id=378 clt=2 wrkr=5 slot=2 size=10 src=client:2 dst=worker:5
event=resp_rdma_read ts_ns=25009752 id=367 start_ns=24190284 dur_ns=819468 clt=2 wrkr=0 slot=2 size=204808 src=worker:0 dst=client:2
event=req_send ts_ns=25009752 id=380 clt=2 wrkr=5 slot=3 size=17 src=client:2 dst=worker:5
event=resp_rdma_read ts_ns=25039489 id=372 start_ns=24369982 dur_ns=669507 clt=2 wrkr=7 slot=1 size=204808 src=worker:7 dst=client:2
event=req_send ts_ns=25039489 id=381 clt=2 wrkr=4 slot=3 size=17 src=client:2 dst=worker:4
event=resp_recv_ud ts_ns=25066956 id=380 clt=2 wrkr=5 slot=3 size=41 src=worker:5 dst=client:2
event=hand_send ts_ns=25075603 id=380 clt=2 wrkr=5 slot=3 size=10 src=client:2 dst=worker:5
event=resp_recv_ud ts_ns=25095792 id=381 clt=2 wrkr=4 slot=3 size=41 src=worker:4 dst=client:2
event=hand_send ts_ns=25104439 id=381 clt=2 wrkr=4 slot=3 size=10 src=client:2 dst=worker:4
event=resp_rdma_read ts_ns=25622082 id=380 start_ns=25075603 dur_ns=546479 clt=2 wrkr=5 slot=3 size=204808 src=worker:5 dst=client:2
event=req_send ts_ns=25622082 id=389 clt=2 wrkr=6 slot=0 size=17 src=client:2 dst=worker:6
event=resp_rdma_read ts_ns=25622661 id=381 start_ns=25104439 dur_ns=518222 clt=2 wrkr=4 slot=3 size=204808 src=worker:4 dst=client:2
event=req_send ts_ns=25622661 id=390 clt=2 wrkr=3 slot=0 size=17 src=client:2 dst=worker:3
event=resp_recv_ud ts_ns=25666143 id=389 clt=2 wrkr=6 slot=0 size=41 src=worker:6 dst=client:2
event=hand_send ts_ns=25674790 id=389 clt=2 wrkr=6 slot=0 size=10 src=client:2 dst=worker:6
event=resp_recv_ud ts_ns=25686245 id=390 clt=2 wrkr=3 slot=0 size=41 src=worker:3 dst=client:2
event=resp_rdma_read ts_ns=25691089 id=377 start_ns=24916258 dur_ns=774831 clt=2 wrkr=5 slot=1 size=204808 src=worker:5 dst=client:2
event=req_send ts_ns=25691089 id=391 clt=2 wrkr=0 slot=3 size=17 src=client:2 dst=worker:0
event=hand_send ts_ns=25694892 id=390 clt=2 wrkr=3 slot=0 size=10 src=client:2 dst=worker:3
event=resp_recv_ud ts_ns=25755346 id=391 clt=2 wrkr=0 slot=3 size=41 src=worker:0 dst=client:2
event=resp_rdma_read ts_ns=25756853 id=378 start_ns=24966867 dur_ns=789986 clt=2 wrkr=5 slot=2 size=204808 src=worker:5 dst=client:2
event=req_send ts_ns=25756853 id=392 clt=2 wrkr=10 slot=3 size=17 src=client:2 dst=worker:10
event=hand_send ts_ns=25763993 id=391 clt=2 wrkr=0 slot=3 size=10 src=client:2 dst=worker:0
event=resp_recv_ud ts_ns=25807483 id=392 clt=2 wrkr=10 slot=3 size=41 src=worker:10 dst=client:2
event=hand_send ts_ns=25816130 id=392 clt=2 wrkr=10 slot=3 size=10 src=client:2 dst=worker:10
event=resp_rdma_read ts_ns=26272808 id=390 start_ns=25694892 dur_ns=577916 clt=2 wrkr=3 slot=0 size=204808 src=worker:3 dst=client:2
event=req_send ts_ns=26272808 id=399 clt=2 wrkr=3 slot=1 size=17 src=client:2 dst=worker:3
event=resp_recv_ud ts_ns=26323667 id=399 clt=2 wrkr=3 slot=1 size=41 src=worker:3 dst=client:2
event=hand_send ts_ns=26332314 id=399 clt=2 wrkr=3 slot=1 size=10 src=client:2 dst=worker:3
event=resp_rdma_read ts_ns=26415510 id=389 start_ns=25674790 dur_ns=740720 clt=2 wrkr=6 slot=0 size=204808 src=worker:6 dst=client:2
event=req_send ts_ns=26415510 id=402 clt=2 wrkr=0 slot=0 size=17 src=client:2 dst=worker:0
event=resp_rdma_read ts_ns=26424226 id=392 start_ns=25816130 dur_ns=608096 clt=2 wrkr=10 slot=3 size=204808 src=worker:10 dst=client:2
event=req_send ts_ns=26424226 id=403 clt=2 wrkr=10 slot=0 size=17 src=client:2 dst=worker:10
event=resp_recv_ud ts_ns=26470320 id=402 clt=2 wrkr=0 slot=0 size=41 src=worker:0 dst=client:2
event=hand_send ts_ns=26478967 id=402 clt=2 wrkr=0 slot=0 size=10 src=client:2 dst=worker:0
event=resp_recv_ud ts_ns=26490557 id=403 clt=2 wrkr=10 slot=0 size=41 src=worker:10 dst=client:2
event=hand_send ts_ns=26499204 id=403 clt=2 wrkr=10 slot=0 size=10 src=client:2 dst=worker:10
event=resp_rdma_read ts_ns=26534332 id=391 start_ns=25763993 dur_ns=770339 clt=2 wrkr=0 slot=3 size=204808 src=worker:0 dst=client:2
event=req_send ts_ns=26534332 id=404 clt=2 wrkr=9 slot=1 size=17 src=client:2 dst=worker:9
event=resp_recv_ud ts_ns=26602249 id=404 clt=2 wrkr=9 slot=1 size=41 src=worker:9 dst=client:2
event=hand_send ts_ns=26610896 id=404 clt=2 wrkr=9 slot=1 size=10 src=client:2 dst=worker:9
event=resp_rdma_read ts_ns=27066775 id=399 start_ns=26332314 dur_ns=734461 clt=2 wrkr=3 slot=1 size=204808 src=worker:3 dst=client:2
event=req_send ts_ns=27066775 id=411 clt=2 wrkr=3 slot=2 size=17 src=client:2 dst=worker:3
event=resp_recv_ud ts_ns=27130374 id=411 clt=2 wrkr=3 slot=2 size=41 src=worker:3 dst=client:2
event=resp_rdma_read ts_ns=27138686 id=403 start_ns=26499204 dur_ns=639482 clt=2 wrkr=10 slot=0 size=204808 src=worker:10 dst=client:2
event=req_send ts_ns=27138686 id=413 clt=2 wrkr=1 slot=1 size=17 src=client:2 dst=worker:1
event=hand_send ts_ns=27139021 id=411 clt=2 wrkr=3 slot=2 size=10 src=client:2 dst=worker:3
event=resp_recv_ud ts_ns=27188427 id=413 clt=2 wrkr=1 slot=1 size=41 src=worker:1 dst=client:2
event=hand_send ts_ns=27197074 id=413 clt=2 wrkr=1 slot=1 size=10 src=client:2 dst=worker:1
event=resp_rdma_read ts_ns=27292230 id=402 start_ns=26478967 dur_ns=813263 clt=2 wrkr=0 slot=0 size=204808 src=worker:0 dst=client:2
event=req_send ts_ns=27292230 id=415 clt=2 wrkr=2 slot=0 size=17 src=client:2 dst=worker:2
event=resp_recv_ud ts_ns=27340956 id=415 clt=2 wrkr=2 slot=0 size=41 src=worker:2 dst=client:2
event=hand_send ts_ns=27349603 id=415 clt=2 wrkr=2 slot=0 size=10 src=client:2 dst=worker:2
event=resp_rdma_read ts_ns=27375819 id=404 start_ns=26610896 dur_ns=764923 clt=2 wrkr=9 slot=1 size=204808 src=worker:9 dst=client:2
event=req_send ts_ns=27375819 id=417 clt=2 wrkr=6 slot=1 size=17 src=client:2 dst=worker:6
event=resp_recv_ud ts_ns=27438600 id=417 clt=2 wrkr=6 slot=1 size=41 src=worker:6 dst=client:2
event=hand_send ts_ns=27447247 id=417 clt=2 wrkr=6 slot=1 size=10 src=client:2 dst=worker:6
event=resp_rdma_read ts_ns=27825722 id=413 start_ns=27197074 dur_ns=628648 clt=2 wrkr=1 slot=1 size=204808 src=worker:1 dst=client:2
event=req_send ts_ns=27825722 id=423 clt=2 wrkr=4 slot=0 size=17 src=client:2 dst=worker:4
event=resp_recv_ud ts_ns=27867128 id=423 clt=2 wrkr=4 slot=0 size=41 src=worker:4 dst=client:2
event=hand_send ts_ns=27875775 id=423 clt=2 wrkr=4 slot=0 size=10 src=client:2 dst=worker:4
event=resp_rdma_read ts_ns=27922956 id=411 start_ns=27139021 dur_ns=783935 clt=2 wrkr=3 slot=2 size=204808 src=worker:3 dst=client:2
event=req_send ts_ns=27922956 id=424 clt=2 wrkr=5 slot=0 size=17 src=client:2 dst=worker:5
event=resp_recv_ud ts_ns=27969629 id=424 clt=2 wrkr=5 slot=0 size=41 src=worker:5 dst=client:2
event=hand_send ts_ns=27978276 id=424 clt=2 wrkr=5 slot=0 size=10 src=client:2 dst=worker:5
event=resp_rdma_read ts_ns=28092407 id=417 start_ns=27447247 dur_ns=645160 clt=2 wrkr=6 slot=1 size=204808 src=worker:6 dst=client:2
event=req_send ts_ns=28092407 id=427 clt=2 wrkr=11 slot=3 size=17 src=client:2 dst=worker:11
event=resp_recv_ud ts_ns=28138529 id=427 clt=2 wrkr=11 slot=3 size=41 src=worker:11 dst=client:2
event=hand_send ts_ns=28147176 id=427 clt=2 wrkr=11 slot=3 size=10 src=client:2 dst=worker:11
event=resp_rdma_read ts_ns=28202593 id=415 start_ns=27349603 dur_ns=852990 clt=2 wrkr=2 slot=0 size=204808 src=worker:2 dst=client:2
event=req_send ts_ns=28202593 id=428 clt=2 wrkr=5 slot=1 size=17 src=client:2 dst=worker:5
event=resp_recv_ud ts_ns=28252919 id=428 clt=2 wrkr=5 slot=1 size=41 src=worker:5 dst=client:2
event=hand_send ts_ns=28261566 id=428 clt=2 wrkr=5 slot=1 size=10 src=client:2 dst=worker:5
event=resp_rdma_read ts_ns=28598857 id=423 start_ns=27875775 dur_ns=723082 clt=2 wrkr=4 slot=0 size=204808 src=worker:4 dst=client:2
event=req_send ts_ns=28598857 id=436 clt=2 wrkr=8 slot=0 size=17 src=client:2 dst=worker:8
event=resp_recv_ud ts_ns=28665391 id=436 clt=2 wrkr=8 slot=0 size=41 src=worker:8 dst=client:2
event=hand_send ts_ns=28674038 id=436 clt=2 wrkr=8 slot=0 size=10 src=client:2 dst=worker:8
event=resp_rdma_read ts_ns=28683131 id=427 start_ns=28147176 dur_ns=535955 clt=2 wrkr=11 slot=3 size=204808 src=worker:11 dst=client:2
event=req_send ts_ns=28683131 id=438 clt=2 wrkr=6 slot=2 size=17 src=client:2 dst=worker:6
event=resp_recv_ud ts_ns=28751021 id=438 clt=2 wrkr=6 slot=2 size=41 src=worker:6 dst=client:2
event=hand_send ts_ns=28759668 id=438 clt=2 wrkr=6 slot=2 size=10 src=client:2 dst=worker:6
event=resp_rdma_read ts_ns=28778225 id=424 start_ns=27978276 dur_ns=799949 clt=2 wrkr=5 slot=0 size=204808 src=worker:5 dst=client:2
event=req_send ts_ns=28778225 id=439 clt=2 wrkr=11 slot=0 size=17 src=client:2 dst=worker:11
event=resp_recv_ud ts_ns=28828875 id=439 clt=2 wrkr=11 slot=0 size=41 src=worker:11 dst=client:2
event=hand_send ts_ns=28837522 id=439 clt=2 wrkr=11 slot=0 size=10 src=client:2 dst=worker:11
event=resp_rdma_read ts_ns=28961142 id=428 start_ns=28261566 dur_ns=699576 clt=2 wrkr=5 slot=1 size=204808 src=worker:5 dst=client:2
event=req_send ts_ns=28961142 id=441 clt=2 wrkr=10 slot=1 size=17 src=client:2 dst=worker:10
event=resp_recv_ud ts_ns=29020626 id=441 clt=2 wrkr=10 slot=1 size=41 src=worker:10 dst=client:2
event=hand_send ts_ns=29029273 id=441 clt=2 wrkr=10 slot=1 size=10 src=client:2 dst=worker:10
event=resp_rdma_read ts_ns=29369080 id=439 start_ns=28837522 dur_ns=531558 clt=2 wrkr=11 slot=0 size=204808 src=worker:11 dst=client:2
event=req_send ts_ns=29369080 id=446 clt=2 wrkr=8 slot=1 size=17 src=client:2 dst=worker:8
event=resp_recv_ud ts_ns=29425042 id=446 clt=2 wrkr=8 slot=1 size=41 src=worker:8 dst=client:2
event=hand_send ts_ns=29433689 id=446 clt=2 wrkr=8 slot=1 size=10 src=client:2 dst=worker:8
event=resp_rdma_read ts_ns=29489699 id=436 start_ns=28674038 dur_ns=815661 clt=2 wrkr=8 slot=0 size=204808 src=worker:8 dst=client:2
event=req_send ts_ns=29489699 id=448 clt=2 wrkr=10 slot=2 size=17 src=client:2 dst=worker:10
event=resp_rdma_read ts_ns=29543804 id=438 start_ns=28759668 dur_ns=784136 clt=2 wrkr=6 slot=2 size=204808 src=worker:6 dst=client:2
event=req_send ts_ns=29543804 id=451 clt=2 wrkr=5 slot=2 size=17 src=client:2 dst=worker:5
event=resp_recv_ud ts_ns=29551896 id=448 clt=2 wrkr=10 slot=2 size=41 src=worker:10 dst=client:2
event=hand_send ts_ns=29560543 id=448 clt=2 wrkr=10 slot=2 size=10 src=client:2 dst=worker:10
event=resp_recv_ud ts_ns=29609587 id=451 clt=2 wrkr=5 slot=2 size=41 src=worker:5 dst=client:2
event=hand_send ts_ns=29618234 id=451 clt=2 wrkr=5 slot=2 size=10 src=client:2 dst=worker:5
event=resp_rdma_read ts_ns=29811611 id=441 start_ns=29029273 dur_ns=782338 clt=2 wrkr=10 slot=1 size=204808 src=worker:10 dst=client:2
event=req_send ts_ns=29811611 id=454 clt=2 wrkr=4 slot=1 size=17 src=client:2 dst=worker:4
event=resp_recv_ud ts_ns=29875330 id=454 clt=2 wrkr=4 slot=1 size=41 src=worker:4 dst=client:2
event=hand_send ts_ns=29883977 id=454 clt=2 wrkr=4 slot=1 size=10 src=client:2 dst=worker:4
event=resp_rdma_read ts_ns=30191272 id=446 start_ns=29433689 dur_ns=757583 clt=2 wrkr=8 slot=1 size=204808 src=worker:8 dst=client:2
event=req_send ts_ns=30191272 id=458 clt=2 wrkr=8 slot=2 size=17 src=client:2 dst=worker:8
event=resp_recv_ud ts_ns=30231848 id=458 clt=2 wrkr=8 slot=2 size=41 src=worker:8 dst=client:2
event=hand_send ts_ns=30240495 id=458 clt=2 wrkr=8 slot=2 size=10 src=client:2 dst=worker:8
event=resp_rdma_read ts_ns=30336015 id=448 start_ns=29560543 dur_ns=775472 clt=2 wrkr=10 slot=2 size=204808 src=worker:10 dst=client:2
event=req_send ts_ns=30336015 id=461 clt=2 wrkr=10 slot=3 size=17 src=client:2 dst=worker:10
event=resp_recv_ud ts_ns=30397031 id=461 clt=2 wrkr=10 slot=3 size=41 src=worker:10 dst=client:2
event=hand_send ts_ns=30405678 id=461 clt=2 wrkr=10 slot=3 size=10 src=client:2 dst=worker:10
event=resp_rdma_read ts_ns=30604058 id=454 start_ns=29883977 dur_ns=720081 clt=2 wrkr=4 slot=1 size=204808 src=worker:4 dst=client:2
event=req_send ts_ns=30604058 id=465 clt=2 wrkr=9 slot=2 size=17 src=client:2 dst=worker:9
event=resp_rdma_read ts_ns=30616680 id=451 start_ns=29618234 dur_ns=998446 clt=2 wrkr=5 slot=2 size=204808 src=worker:5 dst=client:2
event=req_send ts_ns=30616680 id=466 clt=2 wrkr=7 slot=2 size=17 src=client:2 dst=worker:7
event=resp_recv_ud ts_ns=30661445 id=465 clt=2 wrkr=9 slot=2 size=41 src=worker:9 dst=client:2
event=hand_send ts_ns=30670092 id=465 clt=2 wrkr=9 slot=2 size=10 src=client:2 dst=worker:9
event=resp_recv_ud ts_ns=30682603 id=466 clt=2 wrkr=7 slot=2 size=41 src=worker:7 dst=client:2
event=hand_send ts_ns=30691250 id=466 clt=2 wrkr=7 slot=2 size=10 src=client:2 dst=worker:7
event=resp_rdma_read ts_ns=30944230 id=458 start_ns=30240495 dur_ns=703735 clt=2 wrkr=8 slot=2 size=204808 src=worker:8 dst=client:2
event=req_send ts_ns=30944230 id=470 clt=2 wrkr=1 slot=2 size=17 src=client:2 dst=worker:1
event=resp_recv_ud ts_ns=30985824 id=470 clt=2 wrkr=1 slot=2 size=41 src=worker:1 dst=client:2
event=hand_send ts_ns=30994471 id=470 clt=2 wrkr=1 slot=2 size=10 src=client:2 dst=worker:1
event=resp_rdma_read ts_ns=31096443 id=461 start_ns=30405678 dur_ns=690765 clt=2 wrkr=10 slot=3 size=204808 src=worker:10 dst=client:2
event=req_send ts_ns=31096443 id=474 clt=2 wrkr=5 slot=3 size=17 src=client:2 dst=worker:5
event=resp_recv_ud ts_ns=31159151 id=474 clt=2 wrkr=5 slot=3 size=41 src=worker:5 dst=client:2
event=hand_send ts_ns=31167798 id=474 clt=2 wrkr=5 slot=3 size=10 src=client:2 dst=worker:5
event=resp_rdma_read ts_ns=31489760 id=465 start_ns=30670092 dur_ns=819668 clt=2 wrkr=9 slot=2 size=204808 src=worker:9 dst=client:2
event=req_send ts_ns=31489760 id=477 clt=2 wrkr=4 slot=2 size=17 src=client:2 dst=worker:4
event=resp_recv_ud ts_ns=31547241 id=477 clt=2 wrkr=4 slot=2 size=41 src=worker:4 dst=client:2
event=hand_send ts_ns=31555888 id=477 clt=2 wrkr=4 slot=2 size=10 src=client:2 dst=worker:4
event=resp_rdma_read ts_ns=31612107 id=466 start_ns=30691250 dur_ns=920857 clt=2 wrkr=7 slot=2 size=204808 src=worker:7 dst=client:2
event=req_send ts_ns=31612107 id=479 clt=2 wrkr=5 slot=0 size=17 src=client:2 dst=worker:5
event=resp_recv_ud ts_ns=31669640 id=479 clt=2 wrkr=5 slot=0 size=41 src=worker:5 dst=client:2
event=hand_send ts_ns=31678287 id=479 clt=2 wrkr=5 slot=0 size=10 src=client:2 dst=worker:5
event=resp_rdma_read ts_ns=31731093 id=470 start_ns=30994471 dur_ns=736622 clt=2 wrkr=1 slot=2 size=204808 src=worker:1 dst=client:2
event=req_send ts_ns=31731093 id=483 clt=2 wrkr=5 slot=1 size=17 src=client:2 dst=worker:5
event=resp_recv_ud ts_ns=31795407 id=483 clt=2 wrkr=5 slot=1 size=41 src=worker:5 dst=client:2
event=hand_send ts_ns=31804054 id=483 clt=2 wrkr=5 slot=1 size=10 src=client:2 dst=worker:5
event=resp_rdma_read ts_ns=31983601 id=474 start_ns=31167798 dur_ns=815803 clt=2 wrkr=5 slot=3 size=204808 src=worker:5 dst=client:2
event=req_send ts_ns=31983601 id=487 clt=2 wrkr=7 slot=3 size=17 src=client:2 dst=worker:7
event=resp_recv_ud ts_ns=32035263 id=487 clt=2 wrkr=7 slot=3 size=41 src=worker:7 dst=client:2
event=hand_send ts_ns=32043910 id=487 clt=2 wrkr=7 slot=3 size=10 src=client:2 dst=worker:7
event=resp_rdma_read ts_ns=32338883 id=477 start_ns=31555888 dur_ns=782995 clt=2 wrkr=4 slot=2 size=204808 src=worker:4 dst=client:2
event=req_send ts_ns=32338883 id=490 clt=2 wrkr=4 slot=3 size=17 src=client:2 dst=worker:4
event=resp_recv_ud ts_ns=32404015 id=490 clt=2 wrkr=4 slot=3 size=41 src=worker:4 dst=client:2
event=hand_send ts_ns=32412662 id=490 clt=2 wrkr=4 slot=3 size=10 src=client:2 dst=worker:4
event=resp_rdma_read ts_ns=32461083 id=479 start_ns=31678287 dur_ns=782796 clt=2 wrkr=5 slot=0 size=204808 src=worker:5 dst=client:2
event=req_send ts_ns=32461083 id=491 clt=2 wrkr=11 slot=1 size=17 src=client:2 dst=worker:11
event=resp_recv_ud ts_ns=32513244 id=491 clt=2 wrkr=11 slot=1 size=41 src=worker:11 dst=client:2
event=hand_send ts_ns=32521891 id=491 clt=2 wrkr=11 slot=1 size=10 src=client:2 dst=worker:11
event=resp_rdma_read ts_ns=32551425 id=483 start_ns=31804054 dur_ns=747371 clt=2 wrkr=5 slot=1 size=204808 src=worker:5 dst=client:2
event=req_send ts_ns=32551425 id=494 clt=2 wrkr=1 slot=3 size=17 src=client:2 dst=worker:1
event=resp_rdma_read ts_ns=32583271 id=487 start_ns=32043910 dur_ns=539361 clt=2 wrkr=7 slot=3 size=204808 src=worker:7 dst=client:2
event=req_send ts_ns=32583271 id=496 clt=2 wrkr=0 slot=1 size=17 src=client:2 dst=worker:0
event=resp_recv_ud ts_ns=32613712 id=494 clt=2 wrkr=1 slot=3 size=41 src=worker:1 dst=client:2
event=hand_send ts_ns=32622359 id=494 clt=2 wrkr=1 slot=3 size=10 src=client:2 dst=worker:1
event=resp_recv_ud ts_ns=32648637 id=496 clt=2 wrkr=0 slot=1 size=41 src=worker:0 dst=client:2
event=hand_send ts_ns=32657284 id=496 clt=2 wrkr=0 slot=1 size=10 src=client:2 dst=worker:0
event=resp_rdma_read ts_ns=32990548 id=490 start_ns=32412662 dur_ns=577886 clt=2 wrkr=4 slot=3 size=204808 src=worker:4 dst=client:2
event=req_send ts_ns=32990548 id=501 clt=2 wrkr=7 slot=0 size=17 src=client:2 dst=worker:7
event=resp_recv_ud ts_ns=33040962 id=501 clt=2 wrkr=7 slot=0 size=41 src=worker:7 dst=client:2
event=hand_send ts_ns=33049609 id=501 clt=2 wrkr=7 slot=0 size=10 src=client:2 dst=worker:7
event=resp_rdma_read ts_ns=33271061 id=491 start_ns=32521891 dur_ns=749170 clt=2 wrkr=11 slot=1 size=204808 src=worker:11 dst=client:2
event=req_send ts_ns=33271061 id=503 clt=2 wrkr=10 slot=0 size=17 src=client:2 dst=worker:10
event=resp_recv_ud ts_ns=33311426 id=503 clt=2 wrkr=10 slot=0 size=41 src=worker:10 dst=client:2
event=hand_send ts_ns=33320073 id=503 clt=2 wrkr=10 slot=0 size=10 src=client:2 dst=worker:10
event=resp_rdma_read ts_ns=33523760 id=494 start_ns=32622359 dur_ns=901401 clt=2 wrkr=1 slot=3 size=204808 src=worker:1 dst=client:2
event=req_send ts_ns=33523760 id=508 clt=2 wrkr=9 slot=3 size=17 src=client:2 dst=worker:9
event=resp_rdma_read ts_ns=33567898 id=501 start_ns=33049609 dur_ns=518289 clt=2 wrkr=7 slot=0 size=204808 src=worker:7 dst=client:2
event=req_send ts_ns=33567898 id=510 clt=2 wrkr=11 slot=2 size=17 src=client:2 dst=worker:11
event=resp_recv_ud ts_ns=33587468 id=508 clt=2 wrkr=9 slot=3 size=41 src=worker:9 dst=client:2
event=hand_send ts_ns=33596115 id=508 clt=2 wrkr=9 slot=3 size=10 src=client:2 dst=worker:9
event=resp_recv_ud ts_ns=33629876 id=510 clt=2 wrkr=11 slot=2 size=41 src=worker:11 dst=client:2
event=hand_send ts_ns=33638523 id=510 clt=2 wrkr=11 slot=2 size=10 src=client:2 dst=worker:11
event=resp_rdma_read ts_ns=33658592 id=496 start_ns=32657284 dur_ns=1001308 clt=2 wrkr=0 slot=1 size=204808 src=worker:0 dst=client:2
event=req_send ts_ns=33658592 id=514 clt=2 wrkr=4 slot=0 size=17 src=client:2 dst=worker:4
event=resp_recv_ud ts_ns=33728695 id=514 clt=2 wrkr=4 slot=0 size=41 src=worker:4 dst=client:2
event=hand_send ts_ns=33737342 id=514 clt=2 wrkr=4 slot=0 size=10 src=client:2 dst=worker:4
event=resp_rdma_read ts_ns=34069454 id=503 start_ns=33320073 dur_ns=749381 clt=2 wrkr=10 slot=0 size=204808 src=worker:10 dst=client:2
event=req_send ts_ns=34069454 id=517 clt=2 wrkr=7 slot=1 size=17 src=client:2 dst=worker:7
event=resp_recv_ud ts_ns=34125662 id=517 clt=2 wrkr=7 slot=1 size=41 src=worker:7 dst=client:2
event=hand_send ts_ns=34134309 id=517 clt=2 wrkr=7 slot=1 size=10 src=client:2 dst=worker:7
event=resp_rdma_read ts_ns=34411512 id=508 start_ns=33596115 dur_ns=815397 clt=2 wrkr=9 slot=3 size=204808 src=worker:9 dst=client:2
event=req_send ts_ns=34411512 id=521 clt=2 wrkr=2 slot=1 size=17 src=client:2 dst=worker:2
event=resp_rdma_read ts_ns=34425301 id=514 start_ns=33737342 dur_ns=687959 clt=2 wrkr=4 slot=0 size=204808 src=worker:4 dst=client:2
event=req_send ts_ns=34425301 id=522 clt=2 wrkr=7 slot=2 size=17 src=client:2 dst=worker:7
event=resp_recv_ud ts_ns=34476943 id=521 clt=2 wrkr=2 slot=1 size=41 src=worker:2 dst=client:2
event=hand_send ts_ns=34485590 id=521 clt=2 wrkr=2 slot=1 size=10 src=client:2 dst=worker:2
event=resp_recv_ud ts_ns=34488058 id=522 clt=2 wrkr=7 slot=2 size=41 src=worker:7 dst=client:2
event=hand_send ts_ns=34496705 id=522 clt=2 wrkr=7 slot=2 size=10 src=client:2 dst=worker:7
event=resp_rdma_read ts_ns=34578161 id=510 start_ns=33638523 dur_ns=939638 clt=2 wrkr=11 slot=2 size=204808 src=worker:11 dst=client:2
event=req_send ts_ns=34578161 id=523 clt=2 wrkr=3 slot=3 size=17 src=client:2 dst=worker:3
event=resp_recv_ud ts_ns=34619682 id=523 clt=2 wrkr=3 slot=3 size=41 src=worker:3 dst=client:2
event=hand_send ts_ns=34628329 id=523 clt=2 wrkr=3 slot=3 size=10 src=client:2 dst=worker:3
event=resp_rdma_read ts_ns=34899435 id=517 start_ns=34134309 dur_ns=765126 clt=2 wrkr=7 slot=1 size=204808 src=worker:7 dst=client:2
event=req_send ts_ns=34899435 id=530 clt=2 wrkr=3 slot=0 size=17 src=client:2 dst=worker:3
event=resp_recv_ud ts_ns=34967801 id=530 clt=2 wrkr=3 slot=0 size=41 src=worker:3 dst=client:2
event=hand_send ts_ns=34976448 id=530 clt=2 wrkr=3 slot=0 size=10 src=client:2 dst=worker:3
event=resp_rdma_read ts_ns=35186816 id=521 start_ns=34485590 dur_ns=701226 clt=2 wrkr=2 slot=1 size=204808 src=worker:2 dst=client:2
event=req_send ts_ns=35186816 id=532 clt=2 wrkr=3 slot=1 size=17 src=client:2 dst=worker:3
event=resp_rdma_read ts_ns=35217946 id=522 start_ns=34496705 dur_ns=721241 clt=2 wrkr=7 slot=2 size=204808 src=worker:7 dst=client:2
event=req_send ts_ns=35217946 id=533 clt=2 wrkr=2 slot=2 size=17 src=client:2 dst=worker:2
event=resp_recv_ud ts_ns=35227878 id=532 clt=2 wrkr=3 slot=1 size=41 src=worker:3 dst=client:2
event=hand_send ts_ns=35236525 id=532 clt=2 wrkr=3 slot=1 size=10 src=client:2 dst=worker:3
event=resp_recv_ud ts_ns=35278222 id=533 clt=2 wrkr=2 slot=2 size=41 src=worker:2 dst=client:2
event=hand_send ts_ns=35286869 id=533 clt=2 wrkr=2 slot=2 size=10 src=client:2 dst=worker:2
event=resp_rdma_read ts_ns=35298864 id=523 start_ns=34628329 dur_ns=670535 clt=2 wrkr=3 slot=3 size=204808 src=worker:3 dst=client:2
event=req_send ts_ns=35298864 id=535 clt=2 wrkr=3 slot=2 size=17 src=client:2 dst=worker:3
event=resp_recv_ud ts_ns=35356587 id=535 clt=2 wrkr=3 slot=2 size=41 src=worker:3 dst=client:2
event=hand_send ts_ns=35365234 id=535 clt=2 wrkr=3 slot=2 size=10 src=client:2 dst=worker:3
event=resp_rdma_read ts_ns=35734463 id=530 start_ns=34976448 dur_ns=758015 clt=2 wrkr=3 slot=0 size=204808 src=worker:3 dst=client:2
event=req_send ts_ns=35734463 id=542 clt=2 wrkr=11 slot=3 size=17 src=client:2 dst=worker:11
event=resp_recv_ud ts_ns=35803305 id=542 clt=2 wrkr=11 slot=3 size=41 src=worker:11 dst=client:2
event=hand_send ts_ns=35811952 id=542 clt=2 wrkr=11 slot=3 size=10 src=client:2 dst=worker:11
event=resp_rdma_read ts_ns=35966041 id=535 start_ns=35365234 dur_ns=600807 clt=2 wrkr=3 slot=2 size=204808 src=worker:3 dst=client:2
event=req_send ts_ns=35966041 id=544 clt=2 wrkr=7 slot=3 size=17 src=client:2 dst=worker:7
event=resp_rdma_read ts_ns=35988265 id=532 start_ns=35236525 dur_ns=751740 clt=2 wrkr=3 slot=1 size=204808 src=worker:3 dst=client:2
event=req_send ts_ns=35988265 id=545 clt=2 wrkr=10 slot=1 size=17 src=client:2 dst=worker:10
event=resp_recv_ud ts_ns=36008965 id=544 clt=2 wrkr=7 slot=3 size=41 src=worker:7 dst=client:2
event=hand_send ts_ns=36017612 id=544 clt=2 wrkr=7 slot=3 size=10 src=client:2 dst=worker:7
event=resp_rdma_read ts_ns=36042267 id=533 start_ns=35286869 dur_ns=755398 clt=2 wrkr=2 slot=2 size=204808 src=worker:2 dst=client:2
event=req_send ts_ns=36042267 id=546 clt=2 wrkr=11 slot=0 size=17 src=client:2 dst=worker:11
event=resp_recv_ud ts_ns=36056102 id=545 clt=2 wrkr=10 slot=1 size=41 src=worker:10 dst=client:2
event=hand_send ts_ns=36064749 id=545 clt=2 wrkr=10 slot=1 size=10 src=client:2 dst=worker:10
event=resp_recv_ud ts_ns=36106361 id=546 clt=2 wrkr=11 slot=0 size=41 src=worker:11 dst=client:2
event=hand_send ts_ns=36115008 id=546 clt=2 wrkr=11 slot=0 size=10 src=client:2 dst=worker:11
event=resp_rdma_read ts_ns=36695994 id=542 start_ns=35811952 dur_ns=884042 clt=2 wrkr=11 slot=3 size=204808 src=worker:11 dst=client:2
event=req_send ts_ns=36695994 id=554 clt=2 wrkr=4 slot=1 size=17 src=client:2 dst=worker:4
event=resp_recv_ud ts_ns=36760691 id=554 clt=2 wrkr=4 slot=1 size=41 src=worker:4 dst=client:2
event=hand_send ts_ns=36769338 id=554 clt=2 wrkr=4 slot=1 size=10 src=client:2 dst=worker:4
event=resp_rdma_read ts_ns=36797850 id=544 start_ns=36017612 dur_ns=780238 clt=2 wrkr=7 slot=3 size=204808 src=worker:7 dst=client:2
event=req_send ts_ns=36797850 id=557 clt=2 wrkr=7 slot=0 size=17 src=client:2 dst=worker:7
event=resp_rdma_read ts_ns=36840121 id=545 start_ns=36064749 dur_ns=775372 clt=2 wrkr=10 slot=1 size=204808 src=worker:10 dst=client:2
event=req_send ts_ns=36840121 id=558 clt=2 wrkr=1 slot=0 size=17 src=client:2 dst=worker:1
event=resp_recv_ud ts_ns=36850972 id=557 clt=2 wrkr=7 slot=0 size=41 src=worker:7 dst=client:2
event=hand_send ts_ns=36859619 id=557 clt=2 wrkr=7 slot=0 size=10 src=client:2 dst=worker:7
event=resp_recv_ud ts_ns=36904421 id=558 clt=2 wrkr=1 slot=0 size=41 src=worker:1 dst=client:2
event=hand_send ts_ns=36913068 id=558 clt=2 wrkr=1 slot=0 size=10 src=client:2 dst=worker:1
event=resp_rdma_read ts_ns=36919363 id=546 start_ns=36115008 dur_ns=804355 clt=2 wrkr=11 slot=0 size=204808 src=worker:11 dst=client:2
event=req_send ts_ns=36919363 id=560 clt=2 wrkr=9 slot=0 size=17 src=client:2 dst=worker:9
event=resp_recv_ud ts_ns=36989369 id=560 clt=2 wrkr=9 slot=0 size=41 src=worker:9 dst=client:2
event=hand_send ts_ns=36998016 id=560 clt=2 wrkr=9 slot=0 size=10 src=client:2 dst=worker:9
event=resp_rdma_read ts_ns=37402463 id=554 start_ns=36769338 dur_ns=633125 clt=2 wrkr=4 slot=1 size=204808 src=worker:4 dst=client:2
event=req_send ts_ns=37402463 id=565 clt=2 wrkr=4 slot=2 size=17 src=client:2 dst=worker:4
event=resp_recv_ud ts_ns=37442823 id=565 clt=2 wrkr=4 slot=2 size=41 src=worker:4 dst=client:2
event=hand_send ts_ns=37451470 id=565 clt=2 wrkr=4 slot=2 size=10 src=client:2 dst=worker:4
event=resp_rdma_read ts_ns=37573231 id=560 start_ns=36998016 dur_ns=575215 clt=2 wrkr=9 slot=0 size=204808 src=worker:9 dst=client:2
event=req_send ts_ns=37573231 id=567 clt=2 wrkr=7 slot=1 size=17 src=client:2 dst=worker:7
event=resp_recv_ud ts_ns=37635059 id=567 clt=2 wrkr=7 slot=1 size=41 src=worker:7 dst=client:2
event=hand_send ts_ns=37643706 id=567 clt=2 wrkr=7 slot=1 size=10 src=client:2 dst=worker:7
event=resp_rdma_read ts_ns=37746440 id=558 start_ns=36913068 dur_ns=833372 clt=2 wrkr=1 slot=0 size=204808 src=worker:1 dst=client:2
event=req_send ts_ns=37746440 id=571 clt=2 wrkr=1 slot=1 size=17 src=client:2 dst=worker:1
event=resp_rdma_read ts_ns=37791337 id=557 start_ns=36859619 dur_ns=931718 clt=2 wrkr=7 slot=0 size=204808 src=worker:7 dst=client:2
event=req_send ts_ns=37791337 id=572 clt=2 wrkr=11 slot=1 size=17 src=client:2 dst=worker:11
event=resp_recv_ud ts_ns=37796154 id=571 clt=2 wrkr=1 slot=1 size=41 src=worker:1 dst=client:2
event=hand_send ts_ns=37804801 id=571 clt=2 wrkr=1 slot=1 size=10 src=client:2 dst=worker:1
event=resp_recv_ud ts_ns=37850086 id=572 clt=2 wrkr=11 slot=1 size=41 src=worker:11 dst=client:2
event=hand_send ts_ns=37858733 id=572 clt=2 wrkr=11 slot=1 size=10 src=client:2 dst=worker:11
event=resp_rdma_read ts_ns=38118869 id=565 start_ns=37451470 dur_ns=667399 clt=2 wrkr=4 slot=2 size=204808 src=worker:4 dst=client:2
event=req_send ts_ns=38118869 id=578 clt=2 wrkr=2 slot=3 size=17 src=client:2 dst=worker:2
event=resp_recv_ud ts_ns=38181033 id=578 clt=2 wrkr=2 slot=3 size=41 src=worker:2 dst=client:2
event=hand_send ts_ns=38189680 id=578 clt=2 wrkr=2 slot=3 size=10 src=client:2 dst=worker:2
event=resp_rdma_read ts_ns=38409853 id=567 start_ns=37643706 dur_ns=766147 clt=2 wrkr=7 slot=1 size=204808 src=worker:7 dst=client:2
event=req_send ts_ns=38409853 id=582 clt=2 wrkr=0 slot=2 size=17 src=client:2 dst=worker:0
event=resp_rdma_read ts_ns=38455262 id=572 start_ns=37858733 dur_ns=596529 clt=2 wrkr=11 slot=1 size=204808 src=worker:11 dst=client:2
event=req_send ts_ns=38455262 id=583 clt=2 wrkr=6 slot=3 size=17 src=client:2 dst=worker:6
event=resp_recv_ud ts_ns=38476926 id=582 clt=2 wrkr=0 slot=2 size=41 src=worker:0 dst=client:2
event=hand_send ts_ns=38485573 id=582 clt=2 wrkr=0 slot=2 size=10 src=client:2 dst=worker:0
event=resp_recv_ud ts_ns=38521046 id=583 clt=2 wrkr=6 slot=3 size=41 src=worker:6 dst=client:2
event=hand_send ts_ns=38529693 id=583 clt=2 wrkr=6 slot=3 size=10 src=client:2 dst=worker:6
event=resp_rdma_read ts_ns=38643317 id=571 start_ns=37804801 dur_ns=838516 clt=2 wrkr=1 slot=1 size=204808 src=worker:1 dst=client:2
event=req_send ts_ns=38643317 id=584 clt=2 wrkr=8 slot=3 size=17 src=client:2 dst=worker:8
event=resp_recv_ud ts_ns=38683848 id=584 clt=2 wrkr=8 slot=3 size=41 src=worker:8 dst=client:2
event=hand_send ts_ns=38692495 id=584 clt=2 wrkr=8 slot=3 size=10 src=client:2 dst=worker:8
event=resp_rdma_read ts_ns=38860350 id=578 start_ns=38189680 dur_ns=670670 clt=2 wrkr=2 slot=3 size=204808 src=worker:2 dst=client:2
event=req_send ts_ns=38860350 id=590 clt=2 wrkr=7 slot=2 size=17 src=client:2 dst=worker:7
event=resp_recv_ud ts_ns=38928136 id=590 clt=2 wrkr=7 slot=2 size=41 src=worker:7 dst=client:2
event=hand_send ts_ns=38936783 id=590 clt=2 wrkr=7 slot=2 size=10 src=client:2 dst=worker:7
event=resp_rdma_read ts_ns=39039883 id=583 start_ns=38529693 dur_ns=510190 clt=2 wrkr=6 slot=3 size=204808 src=worker:6 dst=client:2
event=req_send ts_ns=39039883 id=593 clt=2 wrkr=1 slot=2 size=17 src=client:2 dst=worker:1
event=resp_rdma_read ts_ns=39089862 id=582 start_ns=38485573 dur_ns=604289 clt=2 wrkr=0 slot=2 size=204808 src=worker:0 dst=client:2
event=req_send ts_ns=39089862 id=594 clt=2 wrkr=10 slot=2 size=17 src=client:2 dst=worker:10
event=resp_recv_ud ts_ns=39091758 id=593 clt=2 wrkr=1 slot=2 size=41 src=worker:1 dst=client:2
event=hand_send ts_ns=39100405 id=593 clt=2 wrkr=1 slot=2 size=10 src=client:2 dst=worker:1
event=resp_recv_ud ts_ns=39149319 id=594 clt=2 wrkr=10 slot=2 size=41 src=worker:10 dst=client:2
event=hand_send ts_ns=39157966 id=594 clt=2 wrkr=10 slot=2 size=10 src=client:2 dst=worker:10
event=resp_rdma_read ts_ns=39454411 id=584 start_ns=38692495 dur_ns=761916 clt=2 wrkr=8 slot=3 size=204808 src=worker:8 dst=client:2
event=req_send ts_ns=39454411 id=597 clt=2 wrkr=4 slot=3 size=17 src=client:2 dst=worker:4
event=resp_recv_ud ts_ns=39520795 id=597 clt=2 wrkr=4 slot=3 size=41 src=worker:4 dst=client:2
event=hand_send ts_ns=39529442 id=597 clt=2 wrkr=4 slot=3 size=10 src=client:2 dst=worker:4
event=resp_rdma_read ts_ns=39794317 id=594 start_ns=39157966 dur_ns=636351 clt=2 wrkr=10 slot=2 size=204808 src=worker:10 dst=client:2
event=req_send ts_ns=39794317 id=602 clt=2 wrkr=3 slot=3 size=17 src=client:2 dst=worker:3
event=resp_recv_ud ts_ns=39847679 id=602 clt=2 wrkr=3 slot=3 size=41 src=worker:3 dst=client:2
event=hand_send ts_ns=39856326 id=602 clt=2 wrkr=3 slot=3 size=10 src=client:2 dst=worker:3
event=resp_rdma_read ts_ns=39947298 id=590 start_ns=38936783 dur_ns=1010515 clt=2 wrkr=7 slot=2 size=204808 src=worker:7 dst=client:2
event=req_send ts_ns=39947298 id=605 clt=2 wrkr=1 slot=3 size=17 src=client:2 dst=worker:1
event=resp_recv_ud ts_ns=40013547 id=605 clt=2 wrkr=1 slot=3 size=41 src=worker:1 dst=client:2
event=hand_send ts_ns=40022194 id=605 clt=2 wrkr=1 slot=3 size=10 src=client:2 dst=worker:1
event=resp_rdma_read ts_ns=40025860 id=593 start_ns=39100405 dur_ns=925455 clt=2 wrkr=1 slot=2 size=204808 src=worker:1 dst=client:2
event=req_send ts_ns=40025860 id=607 clt=2 wrkr=10 slot=3 size=17 src=client:2 dst=worker:10
event=resp_recv_ud ts_ns=40093436 id=607 clt=2 wrkr=10 slot=3 size=41 src=worker:10 dst=client:2
event=hand_send ts_ns=40102083 id=607 clt=2 wrkr=10 slot=3 size=10 src=client:2 dst=worker:10
event=resp_rdma_read ts_ns=40148131 id=597 start_ns=39529442 dur_ns=618689 clt=2 wrkr=4 slot=3 size=204808 src=worker:4 dst=client:2
event=req_send ts_ns=40148131 id=608 clt=2 wrkr=5 slot=2 size=17 src=client:2 dst=worker:5
event=resp_recv_ud ts_ns=40198889 id=608 clt=2 wrkr=5 slot=2 size=41 src=worker:5 dst=client:2
event=hand_send ts_ns=40207536 id=608 clt=2 wrkr=5 slot=2 size=10 src=client:2 dst=worker:5
event=resp_rdma_read ts_ns=40467559 id=602 start_ns=39856326 dur_ns=611233 clt=2 wrkr=3 slot=3 size=204808 src=worker:3 dst=client:2
event=req_send ts_ns=40467559 id=612 clt=2 wrkr=6 slot=0 size=17 src=client:2 dst=worker:6
event=resp_recv_ud ts_ns=40509478 id=612 clt=2 wrkr=6 slot=0 size=41 src=worker:6 dst=client:2
event=hand_send ts_ns=40518125 id=612 clt=2 wrkr=6 slot=0 size=10 src=client:2 dst=worker:6
event=resp_rdma_read ts_ns=40749193 id=607 start_ns=40102083 dur_ns=647110 clt=2 wrkr=10 slot=3 size=204808 src=worker:10 dst=client:2
event=req_send ts_ns=40749193 id=617 clt=2 wrkr=5 slot=3 size=17 src=client:2 dst=worker:5
event=resp_rdma_read ts_ns=40767608 id=608 start_ns=40207536 dur_ns=560072 clt=2 wrkr=5 slot=2 size=204808 src=worker:5 dst=client:2
event=req_send ts_ns=40767608 id=618 clt=2 wrkr=10 slot=0 size=17 src=client:2 dst=worker:10
event=resp_recv_ud ts_ns=40811257 id=617 clt=2 wrkr=5 slot=3 size=41 src=worker:5 dst=client:2
event=hand_send ts_ns=40819904 id=617 clt=2 wrkr=5 slot=3 size=10 src=client:2 dst=worker:5
event=resp_recv_ud ts_ns=40828354 id=618 clt=2 wrkr=10 slot=0 size=41 src=worker:10 dst=client:2
event=hand_send ts_ns=40837001 id=618 clt=2 wrkr=10 slot=0 size=10 src=client:2 dst=worker:10
event=resp_rdma_read ts_ns=40900532 id=605 start_ns=40022194 dur_ns=878338 clt=2 wrkr=1 slot=3 size=204808 src=worker:1 dst=client:2
event=req_send ts_ns=40900532 id=619 clt=2 wrkr=1 slot=0 size=17 src=client:2 dst=worker:1
event=resp_recv_ud ts_ns=40951115 id=619 clt=2 wrkr=1 slot=0 size=41 src=worker:1 dst=client:2
event=hand_send ts_ns=40959762 id=619 clt=2 wrkr=1 slot=0 size=10 src=client:2 dst=worker:1
event=resp_rdma_read ts_ns=41191701 id=612 start_ns=40518125 dur_ns=673576 clt=2 wrkr=6 slot=0 size=204808 src=worker:6 dst=client:2
event=req_send ts_ns=41191701 id=624 clt=2 wrkr=5 slot=0 size=17 src=client:2 dst=worker:5
event=resp_recv_ud ts_ns=41240550 id=624 clt=2 wrkr=5 slot=0 size=41 src=worker:5 dst=client:2
event=hand_send ts_ns=41249197 id=624 clt=2 wrkr=5 slot=0 size=10 src=client:2 dst=worker:5
event=resp_rdma_read ts_ns=41446786 id=618 start_ns=40837001 dur_ns=609785 clt=2 wrkr=10 slot=0 size=204808 src=worker:10 dst=client:2
event=req_send ts_ns=41446786 id=628 clt=2 wrkr=9 slot=1 size=17 src=client:2 dst=worker:9
event=resp_recv_ud ts_ns=41504941 id=628 clt=2 wrkr=9 slot=1 size=41 src=worker:9 dst=client:2
event=hand_send ts_ns=41513588 id=628 clt=2 wrkr=9 slot=1 size=10 src=client:2 dst=worker:9
event=resp_rdma_read ts_ns=41546460 id=617 start_ns=40819904 dur_ns=726556 clt=2 wrkr=5 slot=3 size=204808 src=worker:5 dst=client:2
event=req_send ts_ns=41546460 id=630 clt=2 wrkr=7 slot=3 size=17 src=client:2 dst=worker:7
event=resp_recv_ud ts_ns=41604816 id=630 clt=2 wrkr=7 slot=3 size=41 src=worker:7 dst=client:2
event=hand_send ts_ns=41613463 id=630 clt=2 wrkr=7 slot=3 size=10 src=client:2 dst=worker:7
event=resp_rdma_read ts_ns=41743489 id=619 start_ns=40959762 dur_ns=783727 clt=2 wrkr=1 slot=0 size=204808 src=worker:1 dst=client:2
event=req_send ts_ns=41743489 id=632 clt=2 wrkr=1 slot=1 size=17 src=client:2 dst=worker:1
event=resp_rdma_read ts_ns=41781757 id=624 start_ns=41249197 dur_ns=532560 clt=2 wrkr=5 slot=0 size=204808 src=worker:5 dst=client:2
event=req_send ts_ns=41781757 id=633 clt=2 wrkr=11 slot=2 size=17 src=client:2 dst=worker:11
event=resp_recv_ud ts_ns=41786710 id=632 clt=2 wrkr=1 slot=1 size=41 src=worker:1 dst=client:2
event=hand_send ts_ns=41795357 id=632 clt=2 wrkr=1 slot=1 size=10 src=client:2 dst=worker:1
event=resp_recv_ud ts_ns=41844756 id=633 clt=2 wrkr=11 slot=2 size=41 src=worker:11 dst=client:2
event=hand_send ts_ns=41853403 id=633 clt=2 wrkr=11 slot=2 size=10 src=client:2 dst=worker:11
event=resp_rdma_read ts_ns=42282799 id=628 start_ns=41513588 dur_ns=769211 clt=2 wrkr=9 slot=1 size=204808 src=worker:9 dst=client:2
event=req_send ts_ns=42282799 id=640 clt=2 wrkr=1 slot=2 size=17 src=client:2 dst=worker:1
event=resp_recv_ud ts_ns=42346440 id=640 clt=2 wrkr=1 slot=2 size=41 src=worker:1 dst=client:2
event=hand_send ts_ns=42355087 id=640 clt=2 wrkr=1 slot=2 size=10 src=client:2 dst=worker:1
event=resp_rdma_read ts_ns=42517555 id=630 start_ns=41613463 dur_ns=904092 clt=2 wrkr=7 slot=3 size=204808 src=worker:7 dst=client:2
event=req_send ts_ns=42517555 id=644 clt=2 wrkr=10 slot=1 size=17 src=client:2 dst=worker:10
event=resp_recv_ud ts_ns=42570358 id=644 clt=2 wrkr=10 slot=1 size=41 src=worker:10 dst=client:2
event=resp_rdma_read ts_ns=42572286 id=632 start_ns=41795357 dur_ns=776929 clt=2 wrkr=1 slot=1 size=204808 src=worker:1 dst=client:2
event=req_send ts_ns=42572286 id=645 clt=2 wrkr=6 slot=1 size=17 src=client:2 dst=worker:6
event=hand_send ts_ns=42579005 id=644 clt=2 wrkr=10 slot=1 size=10 src=client:2 dst=worker:10
event=resp_recv_ud ts_ns=42637479 id=645 clt=2 wrkr=6 slot=1 size=41 src=worker:6 dst=client:2
event=hand_send ts_ns=42646126 id=645 clt=2 wrkr=6 slot=1 size=10 src=client:2 dst=worker:6
event=resp_rdma_read ts_ns=42674158 id=633 start_ns=41853403 dur_ns=820755 clt=2 wrkr=11 slot=2 size=204808 src=worker:11 dst=client:2
event=resp_rdma_read ts_ns=43117909 id=640 start_ns=42355087 dur_ns=762822 clt=2 wrkr=1 slot=2 size=204808 src=worker:1 dst=client:2
event=resp_rdma_read ts_ns=43311699 id=644 start_ns=42579005 dur_ns=732694 clt=2 wrkr=10 slot=1 size=204808 src=worker:10 dst=client:2
event=resp_rdma_read ts_ns=43432196 id=645 start_ns=42646126 dur_ns=786070 clt=2 wrkr=6 slot=1 size=204808 src=worker:6 dst=client:2
