event=req_send ts_ns=1 id=0 clt=0 wrkr=10 slot=0 size=17 src=client:0 dst=worker:10
event=req_send ts_ns=2501 id=3 clt=0 wrkr=4 slot=0 size=17 src=client:0 dst=worker:4
event=req_send ts_ns=5001 id=6 clt=0 wrkr=4 slot=1 size=17 src=client:0 dst=worker:4
event=req_send ts_ns=7501 id=9 clt=0 wrkr=5 slot=0 size=17 src=client:0 dst=worker:5
event=req_send ts_ns=10001 id=12 clt=0 wrkr=2 slot=0 size=17 src=client:0 dst=worker:2
event=req_send ts_ns=12501 id=15 clt=0 wrkr=2 slot=1 size=17 src=client:0 dst=worker:2
event=req_send ts_ns=15001 id=18 clt=0 wrkr=5 slot=1 size=17 src=client:0 dst=worker:5
event=req_send ts_ns=17501 id=21 clt=0 wrkr=5 slot=2 size=17 src=client:0 dst=worker:5
event=req_send ts_ns=20001 id=24 clt=0 wrkr=4 slot=2 size=17 src=client:0 dst=worker:4
event=req_send ts_ns=22501 id=27 clt=0 wrkr=8 slot=0 size=17 src=client:0 dst=worker:8
event=req_send ts_ns=25001 id=30 clt=0 wrkr=8 slot=1 size=17 src=client:0 dst=worker:8
event=req_send ts_ns=27501 id=33 clt=0 wrkr=5 slot=3 size=17 src=client:0 dst=worker:5
event=resp_recv_ud ts_ns=42336 id=0 clt=0 wrkr=10 slot=0 size=41 src=worker:10 dst=client:0
event=hand_send ts_ns=50983 id=0 clt=0 wrkr=10 slot=0 size=10 src=client:0 dst=worker:10
event=resp_recv_ud ts_ns=65615 id=6 clt=0 wrkr=4 slot=1 size=41 src=worker:4 dst=client:0
event=resp_recv_ud ts_ns=66235 id=3 clt=0 wrkr=4 slot=0 size=41 src=worker:4 dst=client:0
event=resp_recv_ud ts_ns=68467 id=9 clt=0 wrkr=5 slot=0 size=41 src=worker:5 dst=client:0
event=resp_recv_ud ts_ns=71283 id=12 clt=0 wrkr=2 slot=0 size=41 src=worker:2 dst=client:0
event=resp_recv_ud ts_ns=73913 id=15 clt=0 wrkr=2 slot=1 size=41 src=worker:2 dst=client:0
event=hand_send ts_ns=74262 id=6 clt=0 wrkr=4 slot=1 size=10 src=client:0 dst=worker:4
event=hand_send ts_ns=74882 id=3 clt=0 wrkr=4 slot=0 size=10 src=client:0 dst=worker:4
event=resp_recv_ud ts_ns=76088 id=18 clt=0 wrkr=5 slot=1 size=41 src=worker:5 dst=client:0
event=hand_send ts_ns=77114 id=9 clt=0 wrkr=5 slot=0 size=10 src=client:0 dst=worker:5
event=resp_recv_ud ts_ns=78621 id=21 clt=0 wrkr=5 slot=2 size=41 src=worker:5 dst=client:0
event=hand_send ts_ns=79930 id=12 clt=0 wrkr=2 slot=0 size=10 src=client:0 dst=worker:2
event=resp_recv_ud ts_ns=80688 id=24 clt=0 wrkr=4 slot=2 size=41 src=worker:4 dst=client:0
event=hand_send ts_ns=82560 id=15 clt=0 wrkr=2 slot=1 size=10 src=client:0 dst=worker:2
event=resp_recv_ud ts_ns=83260 id=27 clt=0 wrkr=8 slot=0 size=41 src=worker:8 dst=client:0
event=hand_send ts_ns=84735 id=18 clt=0 wrkr=5 slot=1 size=10 src=client:0 dst=worker:5
event=resp_recv_ud ts_ns=85568 id=30 clt=0 wrkr=8 slot=1 size=41 src=worker:8 dst=client:0
event=resp_recv_ud ts_ns=86268 id=33 clt=0 wrkr=5 slot=3 size=41 src=worker:5 dst=client:0
event=hand_send ts_ns=87268 id=21 clt=0 wrkr=5 slot=2 size=10 src=client:0 dst=worker:5
event=hand_send ts_ns=89335 id=24 clt=0 wrkr=4 slot=2 size=10 src=client:0 dst=worker:4
event=hand_send ts_ns=91907 id=27 clt=0 wrkr=8 slot=0 size=10 src=client:0 dst=worker:8
event=hand_send ts_ns=94215 id=30 clt=0 wrkr=8 slot=1 size=10 src=client:0 dst=worker:8
event=hand_send ts_ns=94915 id=33 clt=0 wrkr=5 slot=3 size=10 src=client:0 dst=worker:5
event=resp_rdma_read ts_ns=894844 id=0 start_ns=50983 dur_ns=843861 clt=0 wrkr=10 slot=0 size=256008 src=worker:10 dst=client:0
event=req_send ts_ns=894844 id=37 clt=0 wrkr=4 slot=3 size=17 src=client:0 dst=worker:4
event=resp_recv_ud ts_ns=963855 id=37 clt=0 wrkr=4 slot=3 size=41 src=worker:4 dst=client:0
event=hand_send ts_ns=972502 id=37 clt=0 wrkr=4 slot=3 size=10 src=client:0 dst=worker:4
event=resp_rdma_read ts_ns=1130462 id=6 start_ns=74262 dur_ns=1056200 clt=0 wrkr=4 slot=1 size=256008 src=worker:4 dst=client:0
event=req_send ts_ns=1130462 id=55 clt=0 wrkr=1 slot=0 size=17 src=client:0 dst=worker:1
event=resp_rdma_read ts_ns=1149972 id=3 start_ns=74882 dur_ns=1075090 clt=0 wrkr=4 slot=0 size=256008 src=worker:4 dst=client:0
event=req_send ts_ns=1149972 id=56 clt=0 wrkr=4 slot=4 size=17 src=client:0 dst=worker:4
event=resp_recv_ud ts_ns=1200280 id=55 clt=0 wrkr=1 slot=0 size=41 src=worker:1 dst=client:0
event=hand_send ts_ns=1208927 id=55 clt=0 wrkr=1 slot=0 size=10 src=client:0 dst=worker:1
event=resp_recv_ud ts_ns=1220006 id=56 clt=0 wrkr=4 slot=4 size=41 src=worker:4 dst=client:0
event=hand_send ts_ns=1228653 id=56 clt=0 wrkr=4 slot=4 size=10 src=client:0 dst=worker:4
event=resp_rdma_read ts_ns=1239661 id=9 start_ns=77114 dur_ns=1162547 clt=0 wrkr=5 slot=0 size=256008 src=worker:5 dst=client:0
event=req_send ts_ns=1239661 id=59 clt=0 wrkr=10 slot=1 size=17 src=client:0 dst=worker:10
event=resp_recv_ud ts_ns=1310999 id=59 clt=0 wrkr=10 slot=1 size=41 src=worker:10 dst=client:0
event=hand_send ts_ns=1319646 id=59 clt=0 wrkr=10 slot=1 size=10 src=client:0 dst=worker:10
event=resp_rdma_read ts_ns=1439735 id=12 start_ns=79930 dur_ns=1359805 clt=0 wrkr=2 slot=0 size=256008 src=worker:2 dst=client:0
event=req_send ts_ns=1439735 id=64 clt=0 wrkr=1 slot=1 size=17 src=client:0 dst=worker:1
event=resp_rdma_read ts_ns=1491972 id=15 start_ns=82560 dur_ns=1409412 clt=0 wrkr=2 slot=1 size=256008 src=worker:2 dst=client:0
event=req_send ts_ns=1491972 id=65 clt=0 wrkr=2 slot=2 size=17 src=client:0 dst=worker:2
event=resp_recv_ud ts_ns=1507750 id=64 clt=0 wrkr=1 slot=1 size=41 src=worker:1 dst=client:0
event=hand_send ts_ns=1516397 id=64 clt=0 wrkr=1 slot=1 size=10 src=client:0 dst=worker:1
event=resp_rdma_read ts_ns=1543470 id=18 start_ns=84735 dur_ns=1458735 clt=0 wrkr=5 slot=1 size=256008 src=worker:5 dst=client:0
event=req_send ts_ns=1543470 id=66 clt=0 wrkr=3 slot=0 size=17 src=client:0 dst=worker:3
event=resp_recv_ud ts_ns=1559835 id=65 clt=0 wrkr=2 slot=2 size=41 src=worker:2 dst=client:0
event=hand_send ts_ns=1568482 id=65 clt=0 wrkr=2 slot=2 size=10 src=client:0 dst=worker:2
event=resp_rdma_read ts_ns=1572163 id=21 start_ns=87268 dur_ns=1484895 clt=0 wrkr=5 slot=2 size=256008 src=worker:5 dst=client:0
event=req_send ts_ns=1572163 id=67 clt=0 wrkr=10 slot=2 size=17 src=client:0 dst=worker:10
event=resp_recv_ud ts_ns=1611364 id=66 clt=0 wrkr=3 slot=0 size=41 src=worker:3 dst=client:0
event=hand_send ts_ns=1620011 id=66 clt=0 wrkr=3 slot=0 size=10 src=client:0 dst=worker:3
event=resp_rdma_read ts_ns=1626069 id=24 start_ns=89335 dur_ns=1536734 clt=0 wrkr=4 slot=2 size=256008 src=worker:4 dst=client:0
event=req_send ts_ns=1626069 id=68 clt=0 wrkr=1 slot=2 size=17 src=client:0 dst=worker:1
event=resp_recv_ud ts_ns=1637191 id=67 clt=0 wrkr=10 slot=2 size=41 src=worker:10 dst=client:0
event=hand_send ts_ns=1645838 id=67 clt=0 wrkr=10 slot=2 size=10 src=client:0 dst=worker:10
event=resp_rdma_read ts_ns=1654903 id=27 start_ns=91907 dur_ns=1562996 clt=0 wrkr=8 slot=0 size=256008 src=worker:8 dst=client:0
event=req_send ts_ns=1654903 id=69 clt=0 wrkr=8 slot=2 size=17 src=client:0 dst=worker:8
event=resp_rdma_read ts_ns=1677455 id=30 start_ns=94215 dur_ns=1583240 clt=0 wrkr=8 slot=1 size=256008 src=worker:8 dst=client:0
event=req_send ts_ns=1677455 id=70 clt=0 wrkr=2 slot=3 size=17 src=client:0 dst=worker:2
event=resp_rdma_read ts_ns=1689913 id=33 start_ns=94915 dur_ns=1594998 clt=0 wrkr=5 slot=3 size=256008 src=worker:5 dst=client:0
event=req_send ts_ns=1689913 id=71 clt=0 wrkr=7 slot=0 size=17 src=client:0 dst=worker:7
event=resp_recv_ud ts_ns=1691840 id=68 clt=0 wrkr=1 slot=2 size=41 src=worker:1 dst=client:0
event=hand_send ts_ns=1700487 id=68 clt=0 wrkr=1 slot=2 size=10 src=client:0 dst=worker:1
event=resp_recv_ud ts_ns=1720462 id=69 clt=0 wrkr=8 slot=2 size=41 src=worker:8 dst=client:0
event=hand_send ts_ns=1729109 id=69 clt=0 wrkr=8 slot=2 size=10 src=client:0 dst=worker:8
event=resp_recv_ud ts_ns=1740091 id=70 clt=0 wrkr=2 slot=3 size=41 src=worker:2 dst=client:0
event=hand_send ts_ns=1748738 id=70 clt=0 wrkr=2 slot=3 size=10 src=client:0 dst=worker:2
event=resp_recv_ud ts_ns=1753252 id=71 clt=0 wrkr=7 slot=0 size=41 src=worker:7 dst=client:0
event=hand_send ts_ns=1761899 id=71 clt=0 wrkr=7 slot=0 size=10 src=client:0 dst=worker:7
event=resp_rdma_read ts_ns=2289038 id=37 start_ns=972502 dur_ns=1316536 clt=0 wrkr=4 slot=3 size=256008 src=worker:4 dst=client:0
event=req_send ts_ns=2289038 id=73 clt=0 wrkr=3 slot=1 size=17 src=client:0 dst=worker:3
event=resp_recv_ud ts_ns=2338748 id=73 clt=0 wrkr=3 slot=1 size=41 src=worker:3 dst=client:0
event=hand_send ts_ns=2347395 id=73 clt=0 wrkr=3 slot=1 size=10 src=client:0 dst=worker:3
event=resp_rdma_read ts_ns=2490065 id=56 start_ns=1228653 dur_ns=1261412 clt=0 wrkr=4 slot=4 size=256008 src=worker:4 dst=client:0
event=req_send ts_ns=2490065 id=85 clt=0 wrkr=6 slot=0 size=17 src=client:0 dst=worker:6
event=resp_rdma_read ts_ns=2514720 id=71 start_ns=1761899 dur_ns=752821 clt=0 wrkr=7 slot=0 size=256008 src=worker:7 dst=client:0
event=req_send ts_ns=2514720 id=88 clt=0 wrkr=0 slot=0 size=17 src=client:0 dst=worker:0
event=resp_recv_ud ts_ns=2554705 id=85 clt=0 wrkr=6 slot=0 size=41 src=worker:6 dst=client:0
event=hand_send ts_ns=2563352 id=85 clt=0 wrkr=6 slot=0 size=10 src=client:0 dst=worker:6
event=resp_recv_ud ts_ns=2580922 id=88 clt=0 wrkr=0 slot=0 size=41 src=worker:0 dst=client:0
event=hand_send ts_ns=2589569 id=88 clt=0 wrkr=0 slot=0 size=10 src=client:0 dst=worker:0
event=resp_rdma_read ts_ns=2614161 id=65 start_ns=1568482 dur_ns=1045679 clt=0 wrkr=2 slot=2 size=256008 src=worker:2 dst=client:0
event=req_send ts_ns=2614161 id=91 clt=0 wrkr=10 slot=3 size=17 src=client:0 dst=worker:10
event=resp_rdma_read ts_ns=2620853 id=70 start_ns=1748738 dur_ns=872115 clt=0 wrkr=2 slot=3 size=256008 src=worker:2 dst=client:0
event=req_send ts_ns=2620853 id=94 clt=0 wrkr=11 slot=0 size=17 src=client:0 dst=worker:11
event=resp_rdma_read ts_ns=2631874 id=67 start_ns=1645838 dur_ns=986036 clt=0 wrkr=10 slot=2 size=256008 src=worker:10 dst=client:0
event=req_send ts_ns=2631874 id=95 clt=0 wrkr=2 slot=4 size=17 src=client:0 dst=worker:2
event=resp_rdma_read ts_ns=2645389 id=64 start_ns=1516397 dur_ns=1128992 clt=0 wrkr=1 slot=1 size=256008 src=worker:1 dst=client:0
event=req_send ts_ns=2645389 id=96 clt=0 wrkr=5 slot=4 size=17 src=client:0 dst=worker:5
event=resp_rdma_read ts_ns=2654768 id=69 start_ns=1729109 dur_ns=925659 clt=0 wrkr=8 slot=2 size=256008 src=worker:8 dst=client:0
event=req_send ts_ns=2654768 id=97 clt=0 wrkr=9 slot=0 size=17 src=client:0 dst=worker:9
event=resp_rdma_read ts_ns=2666448 id=66 start_ns=1620011 dur_ns=1046437 clt=0 wrkr=3 slot=0 size=256008 src=worker:3 dst=client:0
event=req_send ts_ns=2666448 id=98 clt=0 wrkr=7 slot=1 size=17 src=client:0 dst=worker:7
event=resp_recv_ud ts_ns=2683700 id=91 clt=0 wrkr=10 slot=3 size=41 src=worker:10 dst=client:0
event=resp_recv_ud ts_ns=2689373 id=94 clt=0 wrkr=11 slot=0 size=41 src=worker:11 dst=client:0
event=resp_rdma_read ts_ns=2690584 id=68 start_ns=1700487 dur_ns=990097 clt=0 wrkr=1 slot=2 size=256008 src=worker:1 dst=client:0
event=req_send ts_ns=2690584 id=101 clt=0 wrkr=3 slot=2 size=17 src=client:0 dst=worker:3
event=hand_send ts_ns=2692347 id=91 clt=0 wrkr=10 slot=3 size=10 src=client:0 dst=worker:10
event=hand_send ts_ns=2698020 id=94 clt=0 wrkr=11 slot=0 size=10 src=client:0 dst=worker:11
event=resp_recv_ud ts_ns=2700906 id=95 clt=0 wrkr=2 slot=4 size=41 src=worker:2 dst=client:0
event=hand_send ts_ns=2709553 id=95 clt=0 wrkr=2 slot=4 size=10 src=client:0 dst=worker:2
event=resp_recv_ud ts_ns=2713880 id=96 clt=0 wrkr=5 slot=4 size=41 src=worker:5 dst=client:0
event=hand_send ts_ns=2722527 id=96 clt=0 wrkr=5 slot=4 size=10 src=client:0 dst=worker:5
event=resp_recv_ud ts_ns=2723314 id=97 clt=0 wrkr=9 slot=0 size=41 src=worker:9 dst=client:0
event=hand_send ts_ns=2731961 id=97 clt=0 wrkr=9 slot=0 size=10 src=client:0 dst=worker:9
event=resp_recv_ud ts_ns=2734234 id=98 clt=0 wrkr=7 slot=1 size=41 src=worker:7 dst=client:0
event=hand_send ts_ns=2742881 id=98 clt=0 wrkr=7 slot=1 size=10 src=client:0 dst=worker:7
event=resp_rdma_read ts_ns=2743166 id=55 start_ns=1208927 dur_ns=1534239 clt=0 wrkr=1 slot=0 size=256008 src=worker:1 dst=client:0
event=req_send ts_ns=2743166 id=103 clt=0 wrkr=8 slot=3 size=17 src=client:0 dst=worker:8
event=resp_recv_ud ts_ns=2759525 id=101 clt=0 wrkr=3 slot=2 size=41 src=worker:3 dst=client:0
event=hand_send ts_ns=2768172 id=101 clt=0 wrkr=3 slot=2 size=10 src=client:0 dst=worker:3
event=resp_rdma_read ts_ns=2790904 id=59 start_ns=1319646 dur_ns=1471258 clt=0 wrkr=10 slot=1 size=256008 src=worker:10 dst=client:0
event=req_send ts_ns=2790904 id=105 clt=0 wrkr=10 slot=4 size=17 src=client:0 dst=worker:10
event=resp_recv_ud ts_ns=2814231 id=103 clt=0 wrkr=8 slot=3 size=41 src=worker:8 dst=client:0
event=hand_send ts_ns=2822878 id=103 clt=0 wrkr=8 slot=3 size=10 src=client:0 dst=worker:8
event=resp_recv_ud ts_ns=2862984 id=105 clt=0 wrkr=10 slot=4 size=41 src=worker:10 dst=client:0
event=hand_send ts_ns=2871631 id=105 clt=0 wrkr=10 slot=4 size=10 src=client:0 dst=worker:10
event=resp_rdma_read ts_ns=3246496 id=73 start_ns=2347395 dur_ns=899101 clt=0 wrkr=3 slot=1 size=256008 src=worker:3 dst=client:0
event=req_send ts_ns=3246496 id=109 clt=0 wrkr=10 slot=5 size=17 src=client:0 dst=worker:10
event=resp_recv_ud ts_ns=3314093 id=109 clt=0 wrkr=10 slot=5 size=41 src=worker:10 dst=client:0
event=hand_send ts_ns=3322740 id=109 clt=0 wrkr=10 slot=5 size=10 src=client:0 dst=worker:10
event=resp_rdma_read ts_ns=3912939 id=91 start_ns=2692347 dur_ns=1220592 clt=0 wrkr=10 slot=3 size=256008 src=worker:10 dst=client:0
event=req_send ts_ns=3912939 id=123 clt=0 wrkr=8 slot=4 size=17 src=client:0 dst=worker:8
event=resp_rdma_read ts_ns=3927063 id=85 start_ns=2563352 dur_ns=1363711 clt=0 wrkr=6 slot=0 size=256008 src=worker:6 dst=client:0
event=req_send ts_ns=3927063 id=125 clt=0 wrkr=5 slot=5 size=17 src=client:0 dst=worker:5
event=resp_recv_ud ts_ns=3972371 id=123 clt=0 wrkr=8 slot=4 size=41 src=worker:8 dst=client:0
event=hand_send ts_ns=3981018 id=123 clt=0 wrkr=8 slot=4 size=10 src=client:0 dst=worker:8
event=resp_recv_ud ts_ns=3988734 id=125 clt=0 wrkr=5 slot=5 size=41 src=worker:5 dst=client:0
event=hand_send ts_ns=3997381 id=125 clt=0 wrkr=5 slot=5 size=10 src=client:0 dst=worker:5
event=resp_rdma_read ts_ns=4007973 id=88 start_ns=2589569 dur_ns=1418404 clt=0 wrkr=0 slot=0 size=256008 src=worker:0 dst=client:0
event=req_send ts_ns=4007973 id=130 clt=0 wrkr=10 slot=6 size=17 src=client:0 dst=worker:10
event=resp_rdma_read ts_ns=4008315 id=94 start_ns=2698020 dur_ns=1310295 clt=0 wrkr=11 slot=0 size=256008 src=worker:11 dst=client:0
event=req_send ts_ns=4008315 id=131 clt=0 wrkr=9 slot=1 size=17 src=client:0 dst=worker:9
event=resp_recv_ud ts_ns=4071904 id=131 clt=0 wrkr=9 slot=1 size=41 src=worker:9 dst=client:0
event=resp_recv_ud ts_ns=4072213 id=130 clt=0 wrkr=10 slot=6 size=41 src=worker:10 dst=client:0
event=hand_send ts_ns=4080551 id=131 clt=0 wrkr=9 slot=1 size=10 src=client:0 dst=worker:9
event=hand_send ts_ns=4080860 id=130 clt=0 wrkr=10 slot=6 size=10 src=client:0 dst=worker:10
event=resp_rdma_read ts_ns=4120129 id=109 start_ns=3322740 dur_ns=797389 clt=0 wrkr=10 slot=5 size=256008 src=worker:10 dst=client:0
event=req_send ts_ns=4120129 id=132 clt=0 wrkr=4 slot=5 size=17 src=client:0 dst=worker:4
event=resp_rdma_read ts_ns=4128328 id=95 start_ns=2709553 dur_ns=1418775 clt=0 wrkr=2 slot=4 size=256008 src=worker:2 dst=client:0
event=req_send ts_ns=4128328 id=133 clt=0 wrkr=2 slot=5 size=17 src=client:0 dst=worker:2
event=resp_recv_ud ts_ns=4177855 id=132 clt=0 wrkr=4 slot=5 size=41 src=worker:4 dst=client:0
event=resp_rdma_read ts_ns=4181978 id=97 start_ns=2731961 dur_ns=1450017 clt=0 wrkr=9 slot=0 size=256008 src=worker:9 dst=client:0
event=req_send ts_ns=4181978 id=135 clt=0 wrkr=1 slot=3 size=17 src=client:0 dst=worker:1
event=hand_send ts_ns=4186502 id=132 clt=0 wrkr=4 slot=5 size=10 src=client:0 dst=worker:4
event=resp_rdma_read ts_ns=4187477 id=96 start_ns=2722527 dur_ns=1464950 clt=0 wrkr=5 slot=4 size=256008 src=worker:5 dst=client:0
event=req_send ts_ns=4187477 id=136 clt=0 wrkr=0 slot=1 size=17 src=client:0 dst=worker:0
event=resp_recv_ud ts_ns=4195876 id=133 clt=0 wrkr=2 slot=5 size=41 src=worker:2 dst=client:0
event=hand_send ts_ns=4204523 id=133 clt=0 wrkr=2 slot=5 size=10 src=client:0 dst=worker:2
event=resp_rdma_read ts_ns=4237323 id=98 start_ns=2742881 dur_ns=1494442 clt=0 wrkr=7 slot=1 size=256008 src=worker:7 dst=client:0
event=req_send ts_ns=4237323 id=137 clt=0 wrkr=8 slot=5 size=17 src=client:0 dst=worker:8
event=resp_recv_ud ts_ns=4249254 id=135 clt=0 wrkr=1 slot=3 size=41 src=worker:1 dst=client:0
event=resp_recv_ud ts_ns=4254913 id=136 clt=0 wrkr=0 slot=1 size=41 src=worker:0 dst=client:0
event=hand_send ts_ns=4257901 id=135 clt=0 wrkr=1 slot=3 size=10 src=client:0 dst=worker:1
event=hand_send ts_ns=4263560 id=136 clt=0 wrkr=0 slot=1 size=10 src=client:0 dst=worker:0
event=resp_rdma_read ts_ns=4274111 id=103 start_ns=2822878 dur_ns=1451233 clt=0 wrkr=8 slot=3 size=256008 src=worker:8 dst=client:0
event=req_send ts_ns=4274111 id=139 clt=0 wrkr=10 slot=7 size=17 src=client:0 dst=worker:10
event=resp_recv_ud ts_ns=4306073 id=137 clt=0 wrkr=8 slot=5 size=41 src=worker:8 dst=client:0
event=hand_send ts_ns=4314720 id=137 clt=0 wrkr=8 slot=5 size=10 src=client:0 dst=worker:8
event=resp_recv_ud ts_ns=4344128 id=139 clt=0 wrkr=10 slot=7 size=41 src=worker:10 dst=client:0
event=hand_send ts_ns=4352775 id=139 clt=0 wrkr=10 slot=7 size=10 src=client:0 dst=worker:10
event=resp_rdma_read ts_ns=4359902 id=101 start_ns=2768172 dur_ns=1591730 clt=0 wrkr=3 slot=2 size=256008 src=worker:3 dst=client:0
event=req_send ts_ns=4359902 id=143 clt=0 wrkr=8 slot=6 size=17 src=client:0 dst=worker:8
event=resp_rdma_read ts_ns=4397287 id=105 start_ns=2871631 dur_ns=1525656 clt=0 wrkr=10 slot=4 size=256008 src=worker:10 dst=client:0
event=req_send ts_ns=4397287 id=144 clt=0 wrkr=11 slot=1 size=17 src=client:0 dst=worker:11
event=resp_recv_ud ts_ns=4431068 id=143 clt=0 wrkr=8 slot=6 size=41 src=worker:8 dst=client:0
event=hand_send ts_ns=4439715 id=143 clt=0 wrkr=8 slot=6 size=10 src=client:0 dst=worker:8
event=resp_recv_ud ts_ns=4467278 id=144 clt=0 wrkr=11 slot=1 size=41 src=worker:11 dst=client:0
event=hand_send ts_ns=4475925 id=144 clt=0 wrkr=11 slot=1 size=10 src=client:0 dst=worker:11
event=resp_rdma_read ts_ns=4868289 id=131 start_ns=4080551 dur_ns=787738 clt=0 wrkr=9 slot=1 size=256008 src=worker:9 dst=client:0
event=req_send ts_ns=4868289 id=158 clt=0 wrkr=2 slot=6 size=17 src=client:0 dst=worker:2
event=resp_recv_ud ts_ns=4932071 id=158 clt=0 wrkr=2 slot=6 size=41 src=worker:2 dst=client:0
event=hand_send ts_ns=4940718 id=158 clt=0 wrkr=2 slot=6 size=10 src=client:0 dst=worker:2
event=resp_rdma_read ts_ns=5017976 id=123 start_ns=3981018 dur_ns=1036958 clt=0 wrkr=8 slot=4 size=256008 src=worker:8 dst=client:0
event=req_send ts_ns=5017976 id=161 clt=0 wrkr=11 slot=2 size=17 src=client:0 dst=worker:11
event=resp_rdma_read ts_ns=5062879 id=125 start_ns=3997381 dur_ns=1065498 clt=0 wrkr=5 slot=5 size=256008 src=worker:5 dst=client:0
event=req_send ts_ns=5062879 id=165 clt=0 wrkr=9 slot=2 size=17 src=client:0 dst=worker:9
event=resp_recv_ud ts_ns=5082578 id=161 clt=0 wrkr=11 slot=2 size=41 src=worker:11 dst=client:0
event=hand_send ts_ns=5091225 id=161 clt=0 wrkr=11 slot=2 size=10 src=client:0 dst=worker:11
event=resp_recv_ud ts_ns=5126376 id=165 clt=0 wrkr=9 slot=2 size=41 src=worker:9 dst=client:0
event=hand_send ts_ns=5135023 id=165 clt=0 wrkr=9 slot=2 size=10 src=client:0 dst=worker:9
event=resp_rdma_read ts_ns=5229071 id=130 start_ns=4080860 dur_ns=1148211 clt=0 wrkr=10 slot=6 size=256008 src=worker:10 dst=client:0
event=req_send ts_ns=5229071 id=167 clt=0 wrkr=11 slot=3 size=17 src=client:0 dst=worker:11
event=resp_rdma_read ts_ns=5278598 id=132 start_ns=4186502 dur_ns=1092096 clt=0 wrkr=4 slot=5 size=256008 src=worker:4 dst=client:0
event=req_send ts_ns=5278598 id=168 clt=0 wrkr=9 slot=3 size=17 src=client:0 dst=worker:9
event=resp_rdma_read ts_ns=5281786 id=137 start_ns=4314720 dur_ns=967066 clt=0 wrkr=8 slot=5 size=256008 src=worker:8 dst=client:0
event=req_send ts_ns=5281786 id=169 clt=0 wrkr=3 slot=3 size=17 src=client:0 dst=worker:3
event=resp_rdma_read ts_ns=5285438 id=139 start_ns=4352775 dur_ns=932663 clt=0 wrkr=10 slot=7 size=256008 src=worker:10 dst=client:0
event=req_send ts_ns=5285438 id=170 clt=0 wrkr=8 slot=7 size=17 src=client:0 dst=worker:8
event=resp_recv_ud ts_ns=5294920 id=167 clt=0 wrkr=11 slot=3 size=41 src=worker:11 dst=client:0
event=hand_send ts_ns=5303567 id=167 clt=0 wrkr=11 slot=3 size=10 src=client:0 dst=worker:11
event=resp_recv_ud ts_ns=5344738 id=168 clt=0 wrkr=9 slot=3 size=41 src=worker:9 dst=client:0
event=resp_recv_ud ts_ns=5348926 id=169 clt=0 wrkr=3 slot=3 size=41 src=worker:3 dst=client:0
event=resp_recv_ud ts_ns=5352553 id=170 clt=0 wrkr=8 slot=7 size=41 src=worker:8 dst=client:0
event=hand_send ts_ns=5353385 id=168 clt=0 wrkr=9 slot=3 size=10 src=client:0 dst=worker:9
event=hand_send ts_ns=5357573 id=169 clt=0 wrkr=3 slot=3 size=10 src=client:0 dst=worker:3
event=hand_send ts_ns=5361200 id=170 clt=0 wrkr=8 slot=7 size=10 src=client:0 dst=worker:8
event=resp_rdma_read ts_ns=5417942 id=133 start_ns=4204523 dur_ns=1213419 clt=0 wrkr=2 slot=5 size=256008 src=worker:2 dst=client:0
event=req_send ts_ns=5417942 id=171 clt=0 wrkr=0 slot=2 size=17 src=client:0 dst=worker:0
event=resp_recv_ud ts_ns=5468761 id=171 clt=0 wrkr=0 slot=2 size=41 src=worker:0 dst=client:0
event=hand_send ts_ns=5477408 id=171 clt=0 wrkr=0 slot=2 size=10 src=client:0 dst=worker:0
event=resp_rdma_read ts_ns=5579506 id=136 start_ns=4263560 dur_ns=1315946 clt=0 wrkr=0 slot=1 size=256008 src=worker:0 dst=client:0
event=req_send ts_ns=5579506 id=174 clt=0 wrkr=6 slot=1 size=17 src=client:0 dst=worker:6
event=resp_rdma_read ts_ns=5603676 id=135 start_ns=4257901 dur_ns=1345775 clt=0 wrkr=1 slot=3 size=256008 src=worker:1 dst=client:0
event=req_send ts_ns=5603676 id=175 clt=0 wrkr=7 slot=2 size=17 src=client:0 dst=worker:7
event=resp_recv_ud ts_ns=5644322 id=174 clt=0 wrkr=6 slot=1 size=41 src=worker:6 dst=client:0
event=hand_send ts_ns=5652969 id=174 clt=0 wrkr=6 slot=1 size=10 src=client:0 dst=worker:6
event=resp_recv_ud ts_ns=5668724 id=175 clt=0 wrkr=7 slot=2 size=41 src=worker:7 dst=client:0
event=hand_send ts_ns=5677371 id=175 clt=0 wrkr=7 slot=2 size=10 src=client:0 dst=worker:7
event=resp_rdma_read ts_ns=5685952 id=158 start_ns=4940718 dur_ns=745234 clt=0 wrkr=2 slot=6 size=256008 src=worker:2 dst=client:0
event=req_send ts_ns=5685952 id=178 clt=0 wrkr=4 slot=6 size=17 src=client:0 dst=worker:4
event=resp_recv_ud ts_ns=5744971 id=178 clt=0 wrkr=4 slot=6 size=41 src=worker:4 dst=client:0
event=hand_send ts_ns=5753618 id=178 clt=0 wrkr=4 slot=6 size=10 src=client:0 dst=worker:4
event=resp_rdma_read ts_ns=5949388 id=143 start_ns=4439715 dur_ns=1509673 clt=0 wrkr=8 slot=6 size=256008 src=worker:8 dst=client:0
event=req_send ts_ns=5949388 id=190 clt=0 wrkr=4 slot=7 size=17 src=client:0 dst=worker:4
event=resp_rdma_read ts_ns=5977048 id=161 start_ns=5091225 dur_ns=885823 clt=0 wrkr=11 slot=2 size=256008 src=worker:11 dst=client:0
event=req_send ts_ns=5977048 id=192 clt=0 wrkr=10 slot=8 size=17 src=client:0 dst=worker:10
event=resp_rdma_read ts_ns=6003239 id=144 start_ns=4475925 dur_ns=1527314 clt=0 wrkr=11 slot=1 size=256008 src=worker:11 dst=client:0
event=req_send ts_ns=6003239 id=195 clt=0 wrkr=9 slot=4 size=17 src=client:0 dst=worker:9
event=resp_recv_ud ts_ns=6011936 id=190 clt=0 wrkr=4 slot=7 size=41 src=worker:4 dst=client:0
event=hand_send ts_ns=6020583 id=190 clt=0 wrkr=4 slot=7 size=10 src=client:0 dst=worker:4
event=resp_recv_ud ts_ns=6041024 id=192 clt=0 wrkr=10 slot=8 size=41 src=worker:10 dst=client:0
event=hand_send ts_ns=6049671 id=192 clt=0 wrkr=10 slot=8 size=10 src=client:0 dst=worker:10
event=resp_recv_ud ts_ns=6068440 id=195 clt=0 wrkr=9 slot=4 size=41 src=worker:9 dst=client:0
event=hand_send ts_ns=6077087 id=195 clt=0 wrkr=9 slot=4 size=10 src=client:0 dst=worker:9
event=resp_rdma_read ts_ns=6239179 id=165 start_ns=5135023 dur_ns=1104156 clt=0 wrkr=9 slot=2 size=256008 src=worker:9 dst=client:0
event=req_send ts_ns=6239179 id=201 clt=0 wrkr=7 slot=3 size=17 src=client:0 dst=worker:7
event=resp_rdma_read ts_ns=6254804 id=168 start_ns=5353385 dur_ns=901419 clt=0 wrkr=9 slot=3 size=256008 src=worker:9 dst=client:0
event=req_send ts_ns=6254804 id=202 clt=0 wrkr=7 slot=4 size=17 src=client:0 dst=worker:7
event=resp_rdma_read ts_ns=6296518 id=171 start_ns=5477408 dur_ns=819110 clt=0 wrkr=0 slot=2 size=256008 src=worker:0 dst=client:0
event=req_send ts_ns=6296518 id=203 clt=0 wrkr=8 slot=8 size=17 src=client:0 dst=worker:8
event=resp_recv_ud ts_ns=6305476 id=201 clt=0 wrkr=7 slot=3 size=41 src=worker:7 dst=client:0
event=hand_send ts_ns=6314123 id=201 clt=0 wrkr=7 slot=3 size=10 src=client:0 dst=worker:7
event=resp_recv_ud ts_ns=6324587 id=202 clt=0 wrkr=7 slot=4 size=41 src=worker:7 dst=client:0
event=hand_send ts_ns=6333234 id=202 clt=0 wrkr=7 slot=4 size=10 src=client:0 dst=worker:7
event=resp_recv_ud ts_ns=6366922 id=203 clt=0 wrkr=8 slot=8 size=41 src=worker:8 dst=client:0
event=hand_send ts_ns=6375569 id=203 clt=0 wrkr=8 slot=8 size=10 src=client:0 dst=worker:8
event=resp_rdma_read ts_ns=6450202 id=167 start_ns=5303567 dur_ns=1146635 clt=0 wrkr=11 slot=3 size=256008 src=worker:11 dst=client:0
event=req_send ts_ns=6450202 id=205 clt=0 wrkr=6 slot=2 size=17 src=client:0 dst=worker:6
event=resp_rdma_read ts_ns=6482412 id=178 start_ns=5753618 dur_ns=728794 clt=0 wrkr=4 slot=6 size=256008 src=worker:4 dst=client:0
event=req_send ts_ns=6482412 id=206 clt=0 wrkr=8 slot=9 size=17 src=client:0 dst=worker:8
event=resp_recv_ud ts_ns=6493711 id=205 clt=0 wrkr=6 slot=2 size=41 src=worker:6 dst=client:0
event=hand_send ts_ns=6502358 id=205 clt=0 wrkr=6 slot=2 size=10 src=client:0 dst=worker:6
event=resp_rdma_read ts_ns=6520703 id=169 start_ns=5357573 dur_ns=1163130 clt=0 wrkr=3 slot=3 size=256008 src=worker:3 dst=client:0
event=req_send ts_ns=6520703 id=207 clt=0 wrkr=8 slot=10 size=17 src=client:0 dst=worker:8
event=resp_recv_ud ts_ns=6548698 id=206 clt=0 wrkr=8 slot=9 size=41 src=worker:8 dst=client:0
event=hand_send ts_ns=6557345 id=206 clt=0 wrkr=8 slot=9 size=10 src=client:0 dst=worker:8
event=resp_recv_ud ts_ns=6585069 id=207 clt=0 wrkr=8 slot=10 size=41 src=worker:8 dst=client:0
event=resp_rdma_read ts_ns=6591039 id=170 start_ns=5361200 dur_ns=1229839 clt=0 wrkr=8 slot=7 size=256008 src=worker:8 dst=client:0
event=req_send ts_ns=6591039 id=209 clt=0 wrkr=0 slot=3 size=17 src=client:0 dst=worker:0
event=hand_send ts_ns=6593716 id=207 clt=0 wrkr=8 slot=10 size=10 src=client:0 dst=worker:8
event=resp_rdma_read ts_ns=6631973 id=174 start_ns=5652969 dur_ns=979004 clt=0 wrkr=6 slot=1 size=256008 src=worker:6 dst=client:0
event=req_send ts_ns=6631973 id=210 clt=0 wrkr=5 slot=6 size=17 src=client:0 dst=worker:5
event=resp_rdma_read ts_ns=6645619 id=175 start_ns=5677371 dur_ns=968248 clt=0 wrkr=7 slot=2 size=256008 src=worker:7 dst=client:0
event=req_send ts_ns=6645619 id=212 clt=0 wrkr=7 slot=5 size=17 src=client:0 dst=worker:7
event=resp_recv_ud ts_ns=6656467 id=209 clt=0 wrkr=0 slot=3 size=41 src=worker:0 dst=client:0
event=hand_send ts_ns=6665114 id=209 clt=0 wrkr=0 slot=3 size=10 src=client:0 dst=worker:0
event=resp_recv_ud ts_ns=6694410 id=210 clt=0 wrkr=5 slot=6 size=41 src=worker:5 dst=client:0
event=hand_send ts_ns=6703057 id=210 clt=0 wrkr=5 slot=6 size=10 src=client:0 dst=worker:5
event=resp_recv_ud ts_ns=6706168 id=212 clt=0 wrkr=7 slot=5 size=41 src=worker:7 dst=client:0
event=hand_send ts_ns=6714815 id=212 clt=0 wrkr=7 slot=5 size=10 src=client:0 dst=worker:7
event=resp_rdma_read ts_ns=7096999 id=203 start_ns=6375569 dur_ns=721430 clt=0 wrkr=8 slot=8 size=256008 src=worker:8 dst=client:0
event=req_send ts_ns=7096999 id=221 clt=0 wrkr=11 slot=4 size=17 src=client:0 dst=worker:11
event=resp_recv_ud ts_ns=7159798 id=221 clt=0 wrkr=11 slot=4 size=41 src=worker:11 dst=client:0
event=hand_send ts_ns=7168445 id=221 clt=0 wrkr=11 slot=4 size=10 src=client:0 dst=worker:11
event=resp_rdma_read ts_ns=7219986 id=207 start_ns=6593716 dur_ns=626270 clt=0 wrkr=8 slot=10 size=256008 src=worker:8 dst=client:0
event=req_send ts_ns=7219986 id=226 clt=0 wrkr=3 slot=4 size=17 src=client:0 dst=worker:3
event=resp_rdma_read ts_ns=7272114 id=190 start_ns=6020583 dur_ns=1251531 clt=0 wrkr=4 slot=7 size=256008 src=worker:4 dst=client:0
event=req_send ts_ns=7272114 id=229 clt=0 wrkr=3 slot=5 size=17 src=client:0 dst=worker:3
event=resp_recv_ud ts_ns=7285986 id=226 clt=0 wrkr=3 slot=4 size=41 src=worker:3 dst=client:0
event=hand_send ts_ns=7294633 id=226 clt=0 wrkr=3 slot=4 size=10 src=client:0 dst=worker:3
event=resp_rdma_read ts_ns=7333932 id=206 start_ns=6557345 dur_ns=776587 clt=0 wrkr=8 slot=9 size=256008 src=worker:8 dst=client:0
event=req_send ts_ns=7333932 id=233 clt=0 wrkr=8 slot=11 size=17 src=client:0 dst=worker:8
event=resp_recv_ud ts_ns=7337952 id=229 clt=0 wrkr=3 slot=5 size=41 src=worker:3 dst=client:0
event=resp_rdma_read ts_ns=7345270 id=202 start_ns=6333234 dur_ns=1012036 clt=0 wrkr=7 slot=4 size=256008 src=worker:7 dst=client:0
event=req_send ts_ns=7345270 id=234 clt=0 wrkr=0 slot=4 size=17 src=client:0 dst=worker:0
event=hand_send ts_ns=7346599 id=229 clt=0 wrkr=3 slot=5 size=10 src=client:0 dst=worker:3
event=resp_rdma_read ts_ns=7368089 id=192 start_ns=6049671 dur_ns=1318418 clt=0 wrkr=10 slot=8 size=256008 src=worker:10 dst=client:0
event=req_send ts_ns=7368089 id=235 clt=0 wrkr=9 slot=5 size=17 src=client:0 dst=worker:9
event=resp_recv_ud ts_ns=7401957 id=233 clt=0 wrkr=8 slot=11 size=41 src=worker:8 dst=client:0
event=hand_send ts_ns=7410604 id=233 clt=0 wrkr=8 slot=11 size=10 src=client:0 dst=worker:8
event=resp_recv_ud ts_ns=7413739 id=234 clt=0 wrkr=0 slot=4 size=41 src=worker:0 dst=client:0
event=hand_send ts_ns=7422386 id=234 clt=0 wrkr=0 slot=4 size=10 src=client:0 dst=worker:0
event=resp_recv_ud ts_ns=7437393 id=235 clt=0 wrkr=9 slot=5 size=41 src=worker:9 dst=client:0
event=hand_send ts_ns=7446040 id=235 clt=0 wrkr=9 slot=5 size=10 src=client:0 dst=worker:9
event=resp_rdma_read ts_ns=7518751 id=205 start_ns=6502358 dur_ns=1016393 clt=0 wrkr=6 slot=2 size=256008 src=worker:6 dst=client:0
event=req_send ts_ns=7518751 id=239 clt=0 wrkr=9 slot=6 size=17 src=client:0 dst=worker:9
event=resp_rdma_read ts_ns=7534911 id=195 start_ns=6077087 dur_ns=1457824 clt=0 wrkr=9 slot=4 size=256008 src=worker:9 dst=client:0
event=req_send ts_ns=7534911 id=240 clt=0 wrkr=6 slot=3 size=17 src=client:0 dst=worker:6
event=resp_rdma_read ts_ns=7573255 id=209 start_ns=6665114 dur_ns=908141 clt=0 wrkr=0 slot=3 size=256008 src=worker:0 dst=client:0
event=req_send ts_ns=7573255 id=243 clt=0 wrkr=7 slot=6 size=17 src=client:0 dst=worker:7
event=resp_recv_ud ts_ns=7586196 id=239 clt=0 wrkr=9 slot=6 size=41 src=worker:9 dst=client:0
event=hand_send ts_ns=7594843 id=239 clt=0 wrkr=9 slot=6 size=10 src=client:0 dst=worker:9
event=resp_recv_ud ts_ns=7605352 id=240 clt=0 wrkr=6 slot=3 size=41 src=worker:6 dst=client:0
event=hand_send ts_ns=7613999 id=240 clt=0 wrkr=6 slot=3 size=10 src=client:0 dst=worker:6
event=resp_rdma_read ts_ns=7644566 id=210 start_ns=6703057 dur_ns=941509 clt=0 wrkr=5 slot=6 size=256008 src=worker:5 dst=client:0
event=req_send ts_ns=7644566 id=247 clt=0 wrkr=5 slot=7 size=17 src=client:0 dst=worker:5
event=resp_recv_ud ts_ns=7644806 id=243 clt=0 wrkr=7 slot=6 size=41 src=worker:7 dst=client:0
event=hand_send ts_ns=7653453 id=243 clt=0 wrkr=7 slot=6 size=10 src=client:0 dst=worker:7
event=resp_rdma_read ts_ns=7672893 id=212 start_ns=6714815 dur_ns=958078 clt=0 wrkr=7 slot=5 size=256008 src=worker:7 dst=client:0
event=req_send ts_ns=7672893 id=248 clt=0 wrkr=5 slot=8 size=17 src=client:0 dst=worker:5
event=resp_recv_ud ts_ns=7715566 id=247 clt=0 wrkr=5 slot=7 size=41 src=worker:5 dst=client:0
event=resp_rdma_read ts_ns=7720752 id=201 start_ns=6314123 dur_ns=1406629 clt=0 wrkr=7 slot=3 size=256008 src=worker:7 dst=client:0
event=req_send ts_ns=7720752 id=251 clt=0 wrkr=5 slot=9 size=17 src=client:0 dst=worker:5
event=hand_send ts_ns=7724213 id=247 clt=0 wrkr=5 slot=7 size=10 src=client:0 dst=worker:5
event=resp_recv_ud ts_ns=7744560 id=248 clt=0 wrkr=5 slot=8 size=41 src=worker:5 dst=client:0
event=hand_send ts_ns=7753207 id=248 clt=0 wrkr=5 slot=8 size=10 src=client:0 dst=worker:5
event=resp_recv_ud ts_ns=7792487 id=251 clt=0 wrkr=5 slot=9 size=41 src=worker:5 dst=client:0
event=hand_send ts_ns=7801134 id=251 clt=0 wrkr=5 slot=9 size=10 src=client:0 dst=worker:5
event=resp_rdma_read ts_ns=8277281 id=221 start_ns=7168445 dur_ns=1108836 clt=0 wrkr=11 slot=4 size=256008 src=worker:11 dst=client:0
event=req_send ts_ns=8277281 id=257 clt=0 wrkr=1 slot=4 size=17 src=client:0 dst=worker:1
event=resp_recv_ud ts_ns=8317169 id=257 clt=0 wrkr=1 slot=4 size=41 src=worker:1 dst=client:0
event=hand_send ts_ns=8325816 id=257 clt=0 wrkr=1 slot=4 size=10 src=client:0 dst=worker:1
event=resp_rdma_read ts_ns=8487485 id=235 start_ns=7446040 dur_ns=1041445 clt=0 wrkr=9 slot=5 size=256008 src=worker:9 dst=client:0
event=req_send ts_ns=8487485 id=262 clt=0 wrkr=3 slot=6 size=17 src=client:0 dst=worker:3
event=resp_rdma_read ts_ns=8521132 id=226 start_ns=7294633 dur_ns=1226499 clt=0 wrkr=3 slot=4 size=256008 src=worker:3 dst=client:0
event=req_send ts_ns=8521132 id=264 clt=0 wrkr=2 slot=7 size=17 src=client:0 dst=worker:2
event=resp_recv_ud ts_ns=8544907 id=262 clt=0 wrkr=3 slot=6 size=41 src=worker:3 dst=client:0
event=hand_send ts_ns=8553554 id=262 clt=0 wrkr=3 slot=6 size=10 src=client:0 dst=worker:3
event=resp_recv_ud ts_ns=8573267 id=264 clt=0 wrkr=2 slot=7 size=41 src=worker:2 dst=client:0
event=hand_send ts_ns=8581914 id=264 clt=0 wrkr=2 slot=7 size=10 src=client:0 dst=worker:2
event=resp_rdma_read ts_ns=8647362 id=229 start_ns=7346599 dur_ns=1300763 clt=0 wrkr=3 slot=5 size=256008 src=worker:3 dst=client:0
event=req_send ts_ns=8647362 id=267 clt=0 wrkr=5 slot=10 size=17 src=client:0 dst=worker:5
event=resp_rdma_read ts_ns=8702109 id=233 start_ns=7410604 dur_ns=1291505 clt=0 wrkr=8 slot=11 size=256008 src=worker:8 dst=client:0
event=req_send ts_ns=8702109 id=271 clt=0 wrkr=5 slot=11 size=17 src=client:0 dst=worker:5
event=resp_recv_ud ts_ns=8702583 id=267 clt=0 wrkr=5 slot=10 size=41 src=worker:5 dst=client:0
event=hand_send ts_ns=8711230 id=267 clt=0 wrkr=5 slot=10 size=10 src=client:0 dst=worker:5
event=resp_recv_ud ts_ns=8762770 id=271 clt=0 wrkr=5 slot=11 size=41 src=worker:5 dst=client:0
event=hand_send ts_ns=8771417 id=271 clt=0 wrkr=5 slot=11 size=10 src=client:0 dst=worker:5
event=resp_rdma_read ts_ns=8848850 id=234 start_ns=7422386 dur_ns=1426464 clt=0 wrkr=0 slot=4 size=256008 src=worker:0 dst=client:0
event=req_send ts_ns=8848850 id=272 clt=0 wrkr=10 slot=9 size=17 src=client:0 dst=worker:10
event=resp_recv_ud ts_ns=8891703 id=272 clt=0 wrkr=10 slot=9 size=41 src=worker:10 dst=client:0
event=hand_send ts_ns=8900350 id=272 clt=0 wrkr=10 slot=9 size=10 src=client:0 dst=worker:10
event=resp_rdma_read ts_ns=9074942 id=243 start_ns=7653453 dur_ns=1421489 clt=0 wrkr=7 slot=6 size=256008 src=worker:7 dst=client:0
event=req_send ts_ns=9074942 id=280 clt=0 wrkr=1 slot=5 size=17 src=client:0 dst=worker:1
event=resp_rdma_read ts_ns=9118892 id=251 start_ns=7801134 dur_ns=1317758 clt=0 wrkr=5 slot=9 size=256008 src=worker:5 dst=client:0
event=req_send ts_ns=9118892 id=281 clt=0 wrkr=4 slot=8 size=17 src=client:0 dst=worker:4
event=resp_recv_ud ts_ns=9139830 id=280 clt=0 wrkr=1 slot=5 size=41 src=worker:1 dst=client:0
event=resp_rdma_read ts_ns=9147853 id=240 start_ns=7613999 dur_ns=1533854 clt=0 wrkr=6 slot=3 size=256008 src=worker:6 dst=client:0
event=req_send ts_ns=9147853 id=285 clt=0 wrkr=6 slot=4 size=17 src=client:0 dst=worker:6
event=hand_send ts_ns=9148477 id=280 clt=0 wrkr=1 slot=5 size=10 src=client:0 dst=worker:1
event=resp_rdma_read ts_ns=9162478 id=239 start_ns=7594843 dur_ns=1567635 clt=0 wrkr=9 slot=6 size=256008 src=worker:9 dst=client:0
event=req_send ts_ns=9162478 id=287 clt=0 wrkr=5 slot=0 size=17 src=client:0 dst=worker:5
event=resp_recv_ud ts_ns=9184334 id=281 clt=0 wrkr=4 slot=8 size=41 src=worker:4 dst=client:0
event=hand_send ts_ns=9192981 id=281 clt=0 wrkr=4 slot=8 size=10 src=client:0 dst=worker:4
event=resp_recv_ud ts_ns=9214574 id=285 clt=0 wrkr=6 slot=4 size=41 src=worker:6 dst=client:0
event=hand_send ts_ns=9223221 id=285 clt=0 wrkr=6 slot=4 size=10 src=client:0 dst=worker:6
event=resp_recv_ud ts_ns=9228688 id=287 clt=0 wrkr=5 slot=0 size=41 src=worker:5 dst=client:0
event=hand_send ts_ns=9237335 id=287 clt=0 wrkr=5 slot=0 size=10 src=client:0 dst=worker:5
event=resp_rdma_read ts_ns=9257873 id=257 start_ns=8325816 dur_ns=932057 clt=0 wrkr=1 slot=4 size=256008 src=worker:1 dst=client:0
event=req_send ts_ns=9257873 id=292 clt=0 wrkr=6 slot=5 size=17 src=client:0 dst=worker:6
event=resp_rdma_read ts_ns=9284557 id=248 start_ns=7753207 dur_ns=1531350 clt=0 wrkr=5 slot=8 size=256008 src=worker:5 dst=client:0
event=req_send ts_ns=9284557 id=293 clt=0 wrkr=11 slot=5 size=17 src=client:0 dst=worker:11
event=resp_recv_ud ts_ns=9327784 id=292 clt=0 wrkr=6 slot=5 size=41 src=worker:6 dst=client:0
event=hand_send ts_ns=9336431 id=292 clt=0 wrkr=6 slot=5 size=10 src=client:0 dst=worker:6
event=resp_rdma_read ts_ns=9346980 id=247 start_ns=7724213 dur_ns=1622767 clt=0 wrkr=5 slot=7 size=256008 src=worker:5 dst=client:0
event=req_send ts_ns=9346980 id=295 clt=0 wrkr=5 slot=1 size=17 src=client:0 dst=worker:5
event=resp_recv_ud ts_ns=9355840 id=293 clt=0 wrkr=11 slot=5 size=41 src=worker:11 dst=client:0
event=hand_send ts_ns=9364487 id=293 clt=0 wrkr=11 slot=5 size=10 src=client:0 dst=worker:11
event=resp_rdma_read ts_ns=9374368 id=264 start_ns=8581914 dur_ns=792454 clt=0 wrkr=2 slot=7 size=256008 src=worker:2 dst=client:0
event=req_send ts_ns=9374368 id=297 clt=0 wrkr=2 slot=8 size=17 src=client:0 dst=worker:2
event=resp_rdma_read ts_ns=9393138 id=262 start_ns=8553554 dur_ns=839584 clt=0 wrkr=3 slot=6 size=256008 src=worker:3 dst=client:0
event=req_send ts_ns=9393138 id=298 clt=0 wrkr=11 slot=6 size=17 src=client:0 dst=worker:11
event=resp_recv_ud ts_ns=9418007 id=295 clt=0 wrkr=5 slot=1 size=41 src=worker:5 dst=client:0
event=hand_send ts_ns=9426654 id=295 clt=0 wrkr=5 slot=1 size=10 src=client:0 dst=worker:5
event=resp_recv_ud ts_ns=9445614 id=297 clt=0 wrkr=2 slot=8 size=41 src=worker:2 dst=client:0
event=hand_send ts_ns=9454261 id=297 clt=0 wrkr=2 slot=8 size=10 src=client:0 dst=worker:2
event=resp_recv_ud ts_ns=9465002 id=298 clt=0 wrkr=11 slot=6 size=41 src=worker:11 dst=client:0
event=hand_send ts_ns=9473649 id=298 clt=0 wrkr=11 slot=6 size=10 src=client:0 dst=worker:11
event=resp_rdma_read ts_ns=9659163 id=271 start_ns=8771417 dur_ns=887746 clt=0 wrkr=5 slot=11 size=256008 src=worker:5 dst=client:0
event=req_send ts_ns=9659163 id=304 clt=0 wrkr=6 slot=6 size=17 src=client:0 dst=worker:6
event=resp_rdma_read ts_ns=9706809 id=267 start_ns=8711230 dur_ns=995579 clt=0 wrkr=5 slot=10 size=256008 src=worker:5 dst=client:0
event=req_send ts_ns=9706809 id=305 clt=0 wrkr=10 slot=10 size=17 src=client:0 dst=worker:10
event=resp_recv_ud ts_ns=9726669 id=304 clt=0 wrkr=6 slot=6 size=41 src=worker:6 dst=client:0
event=hand_send ts_ns=9735316 id=304 clt=0 wrkr=6 slot=6 size=10 src=client:0 dst=worker:6
event=resp_recv_ud ts_ns=9772087 id=305 clt=0 wrkr=10 slot=10 size=41 src=worker:10 dst=client:0
event=hand_send ts_ns=9780734 id=305 clt=0 wrkr=10 slot=10 size=10 src=client:0 dst=worker:10
event=resp_rdma_read ts_ns=9894379 id=272 start_ns=8900350 dur_ns=994029 clt=0 wrkr=10 slot=9 size=256008 src=worker:10 dst=client:0
event=req_send ts_ns=9894379 id=308 clt=0 wrkr=11 slot=7 size=17 src=client:0 dst=worker:11
event=resp_recv_ud ts_ns=9937558 id=308 clt=0 wrkr=11 slot=7 size=41 src=worker:11 dst=client:0
event=hand_send ts_ns=9946205 id=308 clt=0 wrkr=11 slot=7 size=10 src=client:0 dst=worker:11
event=resp_rdma_read ts_ns=10377230 id=280 start_ns=9148477 dur_ns=1228753 clt=0 wrkr=1 slot=5 size=256008 src=worker:1 dst=client:0
event=req_send ts_ns=10377230 id=316 clt=0 wrkr=3 slot=7 size=17 src=client:0 dst=worker:3
event=resp_recv_ud ts_ns=10432953 id=316 clt=0 wrkr=3 slot=7 size=41 src=worker:3 dst=client:0
event=hand_send ts_ns=10441600 id=316 clt=0 wrkr=3 slot=7 size=10 src=client:0 dst=worker:3
event=resp_rdma_read ts_ns=10469133 id=281 start_ns=9192981 dur_ns=1276152 clt=0 wrkr=4 slot=8 size=256008 src=worker:4 dst=client:0
event=req_send ts_ns=10469133 id=319 clt=0 wrkr=8 slot=0 size=17 src=client:0 dst=worker:8
event=resp_recv_ud ts_ns=10527628 id=319 clt=0 wrkr=8 slot=0 size=41 src=worker:8 dst=client:0
event=hand_send ts_ns=10536275 id=319 clt=0 wrkr=8 slot=0 size=10 src=client:0 dst=worker:8
event=resp_rdma_read ts_ns=10597615 id=287 start_ns=9237335 dur_ns=1360280 clt=0 wrkr=5 slot=0 size=256008 src=worker:5 dst=client:0
event=req_send ts_ns=10597615 id=325 clt=0 wrkr=2 slot=9 size=17 src=client:0 dst=worker:2
event=resp_rdma_read ts_ns=10601954 id=285 start_ns=9223221 dur_ns=1378733 clt=0 wrkr=6 slot=4 size=256008 src=worker:6 dst=client:0
event=req_send ts_ns=10601954 id=326 clt=0 wrkr=3 slot=8 size=17 src=client:0 dst=worker:3
event=resp_recv_ud ts_ns=10658361 id=325 clt=0 wrkr=2 slot=9 size=41 src=worker:2 dst=client:0
event=resp_recv_ud ts_ns=10662458 id=326 clt=0 wrkr=3 slot=8 size=41 src=worker:3 dst=client:0
event=hand_send ts_ns=10667008 id=325 clt=0 wrkr=2 slot=9 size=10 src=client:0 dst=worker:2
event=hand_send ts_ns=10671105 id=326 clt=0 wrkr=3 slot=8 size=10 src=client:0 dst=worker:3
event=resp_rdma_read ts_ns=10747632 id=305 start_ns=9780734 dur_ns=966898 clt=0 wrkr=10 slot=10 size=256008 src=worker:10 dst=client:0
event=req_send ts_ns=10747632 id=331 clt=0 wrkr=11 slot=8 size=17 src=client:0 dst=worker:11
event=resp_rdma_read ts_ns=10756274 id=304 start_ns=9735316 dur_ns=1020958 clt=0 wrkr=6 slot=6 size=256008 src=worker:6 dst=client:0
event=req_send ts_ns=10756274 id=332 clt=0 wrkr=5 slot=2 size=17 src=client:0 dst=worker:5
event=resp_rdma_read ts_ns=10773608 id=308 start_ns=9946205 dur_ns=827403 clt=0 wrkr=11 slot=7 size=256008 src=worker:11 dst=client:0
event=req_send ts_ns=10773608 id=335 clt=0 wrkr=2 slot=10 size=17 src=client:0 dst=worker:2
event=resp_recv_ud ts_ns=10813200 id=331 clt=0 wrkr=11 slot=8 size=41 src=worker:11 dst=client:0
event=resp_recv_ud ts_ns=10821684 id=332 clt=0 wrkr=5 slot=2 size=41 src=worker:5 dst=client:0
event=hand_send ts_ns=10821847 id=331 clt=0 wrkr=11 slot=8 size=10 src=client:0 dst=worker:11
event=hand_send ts_ns=10830331 id=332 clt=0 wrkr=5 slot=2 size=10 src=client:0 dst=worker:5
event=resp_rdma_read ts_ns=10834992 id=297 start_ns=9454261 dur_ns=1380731 clt=0 wrkr=2 slot=8 size=256008 src=worker:2 dst=client:0
event=req_send ts_ns=10834992 id=337 clt=0 wrkr=10 slot=11 size=17 src=client:0 dst=worker:10
event=resp_recv_ud ts_ns=10838965 id=335 clt=0 wrkr=2 slot=10 size=41 src=worker:2 dst=client:0
event=hand_send ts_ns=10847612 id=335 clt=0 wrkr=2 slot=10 size=10 src=client:0 dst=worker:2
event=resp_rdma_read ts_ns=10891322 id=292 start_ns=9336431 dur_ns=1554891 clt=0 wrkr=6 slot=5 size=256008 src=worker:6 dst=client:0
event=req_send ts_ns=10891322 id=340 clt=0 wrkr=11 slot=9 size=17 src=client:0 dst=worker:11
event=resp_recv_ud ts_ns=10902274 id=337 clt=0 wrkr=10 slot=11 size=41 src=worker:10 dst=client:0
event=hand_send ts_ns=10910921 id=337 clt=0 wrkr=10 slot=11 size=10 src=client:0 dst=worker:10
event=resp_rdma_read ts_ns=10941368 id=293 start_ns=9364487 dur_ns=1576881 clt=0 wrkr=11 slot=5 size=256008 src=worker:11 dst=client:0
event=req_send ts_ns=10941368 id=343 clt=0 wrkr=9 slot=7 size=17 src=client:0 dst=worker:9
event=resp_rdma_read ts_ns=10947620 id=295 start_ns=9426654 dur_ns=1520966 clt=0 wrkr=5 slot=1 size=256008 src=worker:5 dst=client:0
event=req_send ts_ns=10947620 id=345 clt=0 wrkr=2 slot=11 size=17 src=client:0 dst=worker:2
event=resp_recv_ud ts_ns=10960624 id=340 clt=0 wrkr=11 slot=9 size=41 src=worker:11 dst=client:0
event=resp_rdma_read ts_ns=10960647 id=298 start_ns=9473649 dur_ns=1486998 clt=0 wrkr=11 slot=6 size=256008 src=worker:11 dst=client:0
event=req_send ts_ns=10960647 id=347 clt=0 wrkr=6 slot=7 size=17 src=client:0 dst=worker:6
event=hand_send ts_ns=10969271 id=340 clt=0 wrkr=11 slot=9 size=10 src=client:0 dst=worker:11
event=resp_recv_ud ts_ns=11011225 id=343 clt=0 wrkr=9 slot=7 size=41 src=worker:9 dst=client:0
event=resp_recv_ud ts_ns=11018823 id=345 clt=0 wrkr=2 slot=11 size=41 src=worker:2 dst=client:0
event=hand_send ts_ns=11019872 id=343 clt=0 wrkr=9 slot=7 size=10 src=client:0 dst=worker:9
event=hand_send ts_ns=11027470 id=345 clt=0 wrkr=2 slot=11 size=10 src=client:0 dst=worker:2
event=resp_recv_ud ts_ns=11031438 id=347 clt=0 wrkr=6 slot=7 size=41 src=worker:6 dst=client:0
event=hand_send ts_ns=11040085 id=347 clt=0 wrkr=6 slot=7 size=10 src=client:0 dst=worker:6
event=resp_rdma_read ts_ns=11360840 id=316 start_ns=10441600 dur_ns=919240 clt=0 wrkr=3 slot=7 size=256008 src=worker:3 dst=client:0
event=req_send ts_ns=11360840 id=352 clt=0 wrkr=3 slot=9 size=17 src=client:0 dst=worker:3
event=resp_recv_ud ts_ns=11426733 id=352 clt=0 wrkr=3 slot=9 size=41 src=worker:3 dst=client:0
event=hand_send ts_ns=11435380 id=352 clt=0 wrkr=3 slot=9 size=10 src=client:0 dst=worker:3
event=resp_rdma_read ts_ns=11485157 id=319 start_ns=10536275 dur_ns=948882 clt=0 wrkr=8 slot=0 size=256008 src=worker:8 dst=client:0
event=req_send ts_ns=11485157 id=355 clt=0 wrkr=7 slot=7 size=17 src=client:0 dst=worker:7
event=resp_recv_ud ts_ns=11530553 id=355 clt=0 wrkr=7 slot=7 size=41 src=worker:7 dst=client:0
event=hand_send ts_ns=11539200 id=355 clt=0 wrkr=7 slot=7 size=10 src=client:0 dst=worker:7
event=resp_rdma_read ts_ns=11702556 id=325 start_ns=10667008 dur_ns=1035548 clt=0 wrkr=2 slot=9 size=256008 src=worker:2 dst=client:0
event=req_send ts_ns=11702556 id=361 clt=0 wrkr=1 slot=6 size=17 src=client:0 dst=worker:1
event=resp_rdma_read ts_ns=11710058 id=326 start_ns=10671105 dur_ns=1038953 clt=0 wrkr=3 slot=8 size=256008 src=worker:3 dst=client:0
event=req_send ts_ns=11710058 id=362 clt=0 wrkr=10 slot=0 size=17 src=client:0 dst=worker:10
event=resp_recv_ud ts_ns=11760385 id=361 clt=0 wrkr=1 slot=6 size=41 src=worker:1 dst=client:0
event=hand_send ts_ns=11769032 id=361 clt=0 wrkr=1 slot=6 size=10 src=client:0 dst=worker:1
event=resp_recv_ud ts_ns=11769397 id=362 clt=0 wrkr=10 slot=0 size=41 src=worker:10 dst=client:0
event=hand_send ts_ns=11778044 id=362 clt=0 wrkr=10 slot=0 size=10 src=client:0 dst=worker:10
event=resp_rdma_read ts_ns=12037709 id=331 start_ns=10821847 dur_ns=1215862 clt=0 wrkr=11 slot=8 size=256008 src=worker:11 dst=client:0
event=req_send ts_ns=12037709 id=367 clt=0 wrkr=4 slot=9 size=17 src=client:0 dst=worker:4
event=resp_rdma_read ts_ns=12060296 id=332 start_ns=10830331 dur_ns=1229965 clt=0 wrkr=5 slot=2 size=256008 src=worker:5 dst=client:0
event=req_send ts_ns=12060296 id=369 clt=0 wrkr=1 slot=7 size=17 src=client:0 dst=worker:1
event=resp_recv_ud ts_ns=12100908 id=367 clt=0 wrkr=4 slot=9 size=41 src=worker:4 dst=client:0
event=hand_send ts_ns=12109555 id=367 clt=0 wrkr=4 slot=9 size=10 src=client:0 dst=worker:4
event=resp_recv_ud ts_ns=12123739 id=369 clt=0 wrkr=1 slot=7 size=41 src=worker:1 dst=client:0
event=hand_send ts_ns=12132386 id=369 clt=0 wrkr=1 slot=7 size=10 src=client:0 dst=worker:1
event=resp_rdma_read ts_ns=12210964 id=335 start_ns=10847612 dur_ns=1363352 clt=0 wrkr=2 slot=10 size=256008 src=worker:2 dst=client:0
event=req_send ts_ns=12210964 id=374 clt=0 wrkr=3 slot=10 size=17 src=client:0 dst=worker:3
event=resp_recv_ud ts_ns=12278651 id=374 clt=0 wrkr=3 slot=10 size=41 src=worker:3 dst=client:0
event=hand_send ts_ns=12287298 id=374 clt=0 wrkr=3 slot=10 size=10 src=client:0 dst=worker:3
event=resp_rdma_read ts_ns=12299666 id=337 start_ns=10910921 dur_ns=1388745 clt=0 wrkr=10 slot=11 size=256008 src=worker:10 dst=client:0
event=req_send ts_ns=12299666 id=376 clt=0 wrkr=8 slot=1 size=17 src=client:0 dst=worker:8
event=resp_rdma_read ts_ns=12363356 id=343 start_ns=11019872 dur_ns=1343484 clt=0 wrkr=9 slot=7 size=256008 src=worker:9 dst=client:0
event=req_send ts_ns=12363356 id=379 clt=0 wrkr=5 slot=3 size=17 src=client:0 dst=worker:5
event=resp_recv_ud ts_ns=12363457 id=376 clt=0 wrkr=8 slot=1 size=41 src=worker:8 dst=client:0
event=hand_send ts_ns=12372104 id=376 clt=0 wrkr=8 slot=1 size=10 src=client:0 dst=worker:8
event=resp_rdma_read ts_ns=12389514 id=352 start_ns=11435380 dur_ns=954134 clt=0 wrkr=3 slot=9 size=256008 src=worker:3 dst=client:0
event=req_send ts_ns=12389514 id=381 clt=0 wrkr=7 slot=8 size=17 src=client:0 dst=worker:7
event=resp_recv_ud ts_ns=12430911 id=379 clt=0 wrkr=5 slot=3 size=41 src=worker:5 dst=client:0
event=resp_rdma_read ts_ns=12433002 id=355 start_ns=11539200 dur_ns=893802 clt=0 wrkr=7 slot=7 size=256008 src=worker:7 dst=client:0
event=req_send ts_ns=12433002 id=384 clt=0 wrkr=11 slot=10 size=17 src=client:0 dst=worker:11
event=hand_send ts_ns=12439558 id=379 clt=0 wrkr=5 slot=3 size=10 src=client:0 dst=worker:5
event=resp_recv_ud ts_ns=12456705 id=381 clt=0 wrkr=7 slot=8 size=41 src=worker:7 dst=client:0
event=hand_send ts_ns=12465352 id=381 clt=0 wrkr=7 slot=8 size=10 src=client:0 dst=worker:7
event=resp_rdma_read ts_ns=12491052 id=340 start_ns=10969271 dur_ns=1521781 clt=0 wrkr=11 slot=9 size=256008 src=worker:11 dst=client:0
event=req_send ts_ns=12491052 id=387 clt=0 wrkr=5 slot=4 size=17 src=client:0 dst=worker:5
event=resp_recv_ud ts_ns=12499629 id=384 clt=0 wrkr=11 slot=10 size=41 src=worker:11 dst=client:0
event=hand_send ts_ns=12508276 id=384 clt=0 wrkr=11 slot=10 size=10 src=client:0 dst=worker:11
event=resp_recv_ud ts_ns=12559760 id=387 clt=0 wrkr=5 slot=4 size=41 src=worker:5 dst=client:0
event=resp_rdma_read ts_ns=12563359 id=361 start_ns=11769032 dur_ns=794327 clt=0 wrkr=1 slot=6 size=256008 src=worker:1 dst=client:0
event=req_send ts_ns=12563359 id=391 clt=0 wrkr=5 slot=5 size=17 src=client:0 dst=worker:5
event=hand_send ts_ns=12568407 id=387 clt=0 wrkr=5 slot=4 size=10 src=client:0 dst=worker:5
event=resp_rdma_read ts_ns=12597323 id=347 start_ns=11040085 dur_ns=1557238 clt=0 wrkr=6 slot=7 size=256008 src=worker:6 dst=client:0
event=req_send ts_ns=12597323 id=393 clt=0 wrkr=0 slot=5 size=17 src=client:0 dst=worker:0
event=resp_rdma_read ts_ns=12597982 id=345 start_ns=11027470 dur_ns=1570512 clt=0 wrkr=2 slot=11 size=256008 src=worker:2 dst=client:0
event=req_send ts_ns=12597982 id=394 clt=0 wrkr=1 slot=8 size=17 src=client:0 dst=worker:1
event=resp_recv_ud ts_ns=12633633 id=391 clt=0 wrkr=5 slot=5 size=41 src=worker:5 dst=client:0
event=hand_send ts_ns=12642280 id=391 clt=0 wrkr=5 slot=5 size=10 src=client:0 dst=worker:5
event=resp_recv_ud ts_ns=12667605 id=393 clt=0 wrkr=0 slot=5 size=41 src=worker:0 dst=client:0
event=resp_recv_ud ts_ns=12668787 id=394 clt=0 wrkr=1 slot=8 size=41 src=worker:1 dst=client:0
event=hand_send ts_ns=12676252 id=393 clt=0 wrkr=0 slot=5 size=10 src=client:0 dst=worker:0
event=hand_send ts_ns=12677434 id=394 clt=0 wrkr=1 slot=8 size=10 src=client:0 dst=worker:1
event=resp_rdma_read ts_ns=12757967 id=362 start_ns=11778044 dur_ns=979923 clt=0 wrkr=10 slot=0 size=256008 src=worker:10 dst=client:0
event=req_send ts_ns=12757967 id=399 clt=0 wrkr=8 slot=2 size=17 src=client:0 dst=worker:8
event=resp_recv_ud ts_ns=12828449 id=399 clt=0 wrkr=8 slot=2 size=41 src=worker:8 dst=client:0
event=hand_send ts_ns=12837096 id=399 clt=0 wrkr=8 slot=2 size=10 src=client:0 dst=worker:8
event=resp_rdma_read ts_ns=13207107 id=367 start_ns=12109555 dur_ns=1097552 clt=0 wrkr=4 slot=9 size=256008 src=worker:4 dst=client:0
event=req_send ts_ns=13207107 id=404 clt=0 wrkr=9 slot=8 size=17 src=client:0 dst=worker:9
event=resp_recv_ud ts_ns=13266768 id=404 clt=0 wrkr=9 slot=8 size=41 src=worker:9 dst=client:0
event=resp_rdma_read ts_ns=13267924 id=369 start_ns=12132386 dur_ns=1135538 clt=0 wrkr=1 slot=7 size=256008 src=worker:1 dst=client:0
event=req_send ts_ns=13267924 id=406 clt=0 wrkr=11 slot=11 size=17 src=client:0 dst=worker:11
event=hand_send ts_ns=13275415 id=404 clt=0 wrkr=9 slot=8 size=10 src=client:0 dst=worker:9
event=resp_recv_ud ts_ns=13322059 id=406 clt=0 wrkr=11 slot=11 size=41 src=worker:11 dst=client:0
event=hand_send ts_ns=13330706 id=406 clt=0 wrkr=11 slot=11 size=10 src=client:0 dst=worker:11
event=resp_rdma_read ts_ns=13451694 id=374 start_ns=12287298 dur_ns=1164396 clt=0 wrkr=3 slot=10 size=256008 src=worker:3 dst=client:0
event=req_send ts_ns=13451694 id=409 clt=0 wrkr=0 slot=6 size=17 src=client:0 dst=worker:0
event=resp_recv_ud ts_ns=13502510 id=409 clt=0 wrkr=0 slot=6 size=41 src=worker:0 dst=client:0
event=hand_send ts_ns=13511157 id=409 clt=0 wrkr=0 slot=6 size=10 src=client:0 dst=worker:0
event=resp_rdma_read ts_ns=13576740 id=376 start_ns=12372104 dur_ns=1204636 clt=0 wrkr=8 slot=1 size=256008 src=worker:8 dst=client:0
event=req_send ts_ns=13576740 id=411 clt=0 wrkr=0 slot=7 size=17 src=client:0 dst=worker:0
event=resp_recv_ud ts_ns=13624977 id=411 clt=0 wrkr=0 slot=7 size=41 src=worker:0 dst=client:0
event=hand_send ts_ns=13633624 id=411 clt=0 wrkr=0 slot=7 size=10 src=client:0 dst=worker:0
event=resp_rdma_read ts_ns=13693409 id=379 start_ns=12439558 dur_ns=1253851 clt=0 wrkr=5 slot=3 size=256008 src=worker:5 dst=client:0
event=req_send ts_ns=13693409 id=417 clt=0 wrkr=2 slot=0 size=17 src=client:0 dst=worker:2
event=resp_rdma_read ts_ns=13717123 id=381 start_ns=12465352 dur_ns=1251771 clt=0 wrkr=7 slot=8 size=256008 src=worker:7 dst=client:0
event=req_send ts_ns=13717123 id=419 clt=0 wrkr=5 slot=6 size=17 src=client:0 dst=worker:5
event=resp_recv_ud ts_ns=13751848 id=417 clt=0 wrkr=2 slot=0 size=41 src=worker:2 dst=client:0
event=hand_send ts_ns=13760495 id=417 clt=0 wrkr=2 slot=0 size=10 src=client:0 dst=worker:2
event=resp_recv_ud ts_ns=13777249 id=419 clt=0 wrkr=5 slot=6 size=41 src=worker:5 dst=client:0
event=hand_send ts_ns=13785896 id=419 clt=0 wrkr=5 slot=6 size=10 src=client:0 dst=worker:5
event=resp_rdma_read ts_ns=13827942 id=384 start_ns=12508276 dur_ns=1319666 clt=0 wrkr=11 slot=10 size=256008 src=worker:11 dst=client:0
event=req_send ts_ns=13827942 id=421 clt=0 wrkr=8 slot=3 size=17 src=client:0 dst=worker:8
event=resp_recv_ud ts_ns=13892811 id=421 clt=0 wrkr=8 slot=3 size=41 src=worker:8 dst=client:0
event=hand_send ts_ns=13901458 id=421 clt=0 wrkr=8 slot=3 size=10 src=client:0 dst=worker:8
event=resp_rdma_read ts_ns=13953195 id=399 start_ns=12837096 dur_ns=1116099 clt=0 wrkr=8 slot=2 size=256008 src=worker:8 dst=client:0
event=req_send ts_ns=13953195 id=425 clt=0 wrkr=2 slot=1 size=17 src=client:0 dst=worker:2
event=resp_rdma_read ts_ns=13978016 id=391 start_ns=12642280 dur_ns=1335736 clt=0 wrkr=5 slot=5 size=256008 src=worker:5 dst=client:0
event=req_send ts_ns=13978016 id=427 clt=0 wrkr=6 slot=8 size=17 src=client:0 dst=worker:6
event=resp_recv_ud ts_ns=14018250 id=425 clt=0 wrkr=2 slot=1 size=41 src=worker:2 dst=client:0
event=hand_send ts_ns=14026897 id=425 clt=0 wrkr=2 slot=1 size=10 src=client:0 dst=worker:2
event=resp_recv_ud ts_ns=14044327 id=427 clt=0 wrkr=6 slot=8 size=41 src=worker:6 dst=client:0
event=hand_send ts_ns=14052974 id=427 clt=0 wrkr=6 slot=8 size=10 src=client:0 dst=worker:6
event=resp_rdma_read ts_ns=14057642 id=387 start_ns=12568407 dur_ns=1489235 clt=0 wrkr=5 slot=4 size=256008 src=worker:5 dst=client:0
event=req_send ts_ns=14057642 id=431 clt=0 wrkr=1 slot=9 size=17 src=client:0 dst=worker:1
event=resp_recv_ud ts_ns=14125121 id=431 clt=0 wrkr=1 slot=9 size=41 src=worker:1 dst=client:0
event=hand_send ts_ns=14133768 id=431 clt=0 wrkr=1 slot=9 size=10 src=client:0 dst=worker:1
event=resp_rdma_read ts_ns=14169383 id=404 start_ns=13275415 dur_ns=893968 clt=0 wrkr=9 slot=8 size=256008 src=worker:9 dst=client:0
event=req_send ts_ns=14169383 id=436 clt=0 wrkr=6 slot=9 size=17 src=client:0 dst=worker:6
event=resp_rdma_read ts_ns=14183697 id=406 start_ns=13330706 dur_ns=852991 clt=0 wrkr=11 slot=11 size=256008 src=worker:11 dst=client:0
event=req_send ts_ns=14183697 id=438 clt=0 wrkr=0 slot=8 size=17 src=client:0 dst=worker:0
event=resp_rdma_read ts_ns=14191411 id=393 start_ns=12676252 dur_ns=1515159 clt=0 wrkr=0 slot=5 size=256008 src=worker:0 dst=client:0
event=req_send ts_ns=14191411 id=439 clt=0 wrkr=2 slot=2 size=17 src=client:0 dst=worker:2
event=resp_rdma_read ts_ns=14217206 id=394 start_ns=12677434 dur_ns=1539772 clt=0 wrkr=1 slot=8 size=256008 src=worker:1 dst=client:0
event=req_send ts_ns=14217206 id=441 clt=0 wrkr=7 slot=9 size=17 src=client:0 dst=worker:7
event=resp_recv_ud ts_ns=14239570 id=436 clt=0 wrkr=6 slot=9 size=41 src=worker:6 dst=client:0
event=hand_send ts_ns=14248217 id=436 clt=0 wrkr=6 slot=9 size=10 src=client:0 dst=worker:6
event=resp_recv_ud ts_ns=14253622 id=438 clt=0 wrkr=0 slot=8 size=41 src=worker:0 dst=client:0
event=resp_recv_ud ts_ns=14261354 id=439 clt=0 wrkr=2 slot=2 size=41 src=worker:2 dst=client:0
event=hand_send ts_ns=14262269 id=438 clt=0 wrkr=0 slot=8 size=10 src=client:0 dst=worker:0
event=hand_send ts_ns=14270001 id=439 clt=0 wrkr=2 slot=2 size=10 src=client:0 dst=worker:2
event=resp_recv_ud ts_ns=14287864 id=441 clt=0 wrkr=7 slot=9 size=41 src=worker:7 dst=client:0
event=hand_send ts_ns=14296511 id=441 clt=0 wrkr=7 slot=9 size=10 src=client:0 dst=worker:7
event=resp_rdma_read ts_ns=14375762 id=409 start_ns=13511157 dur_ns=864605 clt=0 wrkr=0 slot=6 size=256008 src=worker:0 dst=client:0
event=req_send ts_ns=14375762 id=446 clt=0 wrkr=11 slot=0 size=17 src=client:0 dst=worker:11
event=resp_recv_ud ts_ns=14446965 id=446 clt=0 wrkr=11 slot=0 size=41 src=worker:11 dst=client:0
event=hand_send ts_ns=14455612 id=446 clt=0 wrkr=11 slot=0 size=10 src=client:0 dst=worker:11
event=resp_rdma_read ts_ns=14539516 id=411 start_ns=13633624 dur_ns=905892 clt=0 wrkr=0 slot=7 size=256008 src=worker:0 dst=client:0
event=req_send ts_ns=14539516 id=448 clt=0 wrkr=0 slot=9 size=17 src=client:0 dst=worker:0
event=resp_recv_ud ts_ns=14601302 id=448 clt=0 wrkr=0 slot=9 size=41 src=worker:0 dst=client:0
event=hand_send ts_ns=14609949 id=448 clt=0 wrkr=0 slot=9 size=10 src=client:0 dst=worker:0
event=resp_rdma_read ts_ns=14796393 id=417 start_ns=13760495 dur_ns=1035898 clt=0 wrkr=2 slot=0 size=256008 src=worker:2 dst=client:0
event=req_send ts_ns=14796393 id=454 clt=0 wrkr=2 slot=3 size=17 src=client:0 dst=worker:2
event=resp_rdma_read ts_ns=14825250 id=419 start_ns=13785896 dur_ns=1039354 clt=0 wrkr=5 slot=6 size=256008 src=worker:5 dst=client:0
event=req_send ts_ns=14825250 id=455 clt=0 wrkr=7 slot=10 size=17 src=client:0 dst=worker:7
event=resp_recv_ud ts_ns=14855704 id=454 clt=0 wrkr=2 slot=3 size=41 src=worker:2 dst=client:0
event=hand_send ts_ns=14864351 id=454 clt=0 wrkr=2 slot=3 size=10 src=client:0 dst=worker:2
event=resp_recv_ud ts_ns=14877610 id=455 clt=0 wrkr=7 slot=10 size=41 src=worker:7 dst=client:0
event=hand_send ts_ns=14886257 id=455 clt=0 wrkr=7 slot=10 size=10 src=client:0 dst=worker:7
event=resp_rdma_read ts_ns=14946537 id=421 start_ns=13901458 dur_ns=1045079 clt=0 wrkr=8 slot=3 size=256008 src=worker:8 dst=client:0
event=req_send ts_ns=14946537 id=456 clt=0 wrkr=0 slot=10 size=17 src=client:0 dst=worker:0
event=resp_recv_ud ts_ns=14984496 id=456 clt=0 wrkr=0 slot=10 size=41 src=worker:0 dst=client:0
event=hand_send ts_ns=14993143 id=456 clt=0 wrkr=0 slot=10 size=10 src=client:0 dst=worker:0
event=resp_rdma_read ts_ns=15233139 id=446 start_ns=14455612 dur_ns=777527 clt=0 wrkr=11 slot=0 size=256008 src=worker:11 dst=client:0
event=req_send ts_ns=15233139 id=462 clt=0 wrkr=9 slot=9 size=17 src=client:0 dst=worker:9
event=resp_rdma_read ts_ns=15263722 id=425 start_ns=14026897 dur_ns=1236825 clt=0 wrkr=2 slot=1 size=256008 src=worker:2 dst=client:0
event=req_send ts_ns=15263722 id=464 clt=0 wrkr=1 slot=10 size=17 src=client:0 dst=worker:1
event=resp_rdma_read ts_ns=15265738 id=427 start_ns=14052974 dur_ns=1212764 clt=0 wrkr=6 slot=8 size=256008 src=worker:6 dst=client:0
event=req_send ts_ns=15265738 id=465 clt=0 wrkr=0 slot=11 size=17 src=client:0 dst=worker:0
event=resp_rdma_read ts_ns=15285650 id=448 start_ns=14609949 dur_ns=675701 clt=0 wrkr=0 slot=9 size=256008 src=worker:0 dst=client:0
event=req_send ts_ns=15285650 id=467 clt=0 wrkr=0 slot=0 size=17 src=client:0 dst=worker:0
event=resp_recv_ud ts_ns=15295054 id=462 clt=0 wrkr=9 slot=9 size=41 src=worker:9 dst=client:0
event=hand_send ts_ns=15303701 id=462 clt=0 wrkr=9 slot=9 size=10 src=client:0 dst=worker:9
event=resp_recv_ud ts_ns=15316317 id=464 clt=0 wrkr=1 slot=10 size=41 src=worker:1 dst=client:0
event=hand_send ts_ns=15324964 id=464 clt=0 wrkr=1 slot=10 size=10 src=client:0 dst=worker:1
event=resp_recv_ud ts_ns=15327638 id=465 clt=0 wrkr=0 slot=11 size=41 src=worker:0 dst=client:0
event=hand_send ts_ns=15336285 id=465 clt=0 wrkr=0 slot=11 size=10 src=client:0 dst=worker:0
event=resp_recv_ud ts_ns=15347321 id=467 clt=0 wrkr=0 slot=0 size=41 src=worker:0 dst=client:0
event=hand_send ts_ns=15355968 id=467 clt=0 wrkr=0 slot=0 size=10 src=client:0 dst=worker:0
event=resp_rdma_read ts_ns=15507336 id=441 start_ns=14296511 dur_ns=1210825 clt=0 wrkr=7 slot=9 size=256008 src=worker:7 dst=client:0
event=req_send ts_ns=15507336 id=469 clt=0 wrkr=7 slot=11 size=17 src=client:0 dst=worker:7
event=resp_rdma_read ts_ns=15526704 id=431 start_ns=14133768 dur_ns=1392936 clt=0 wrkr=1 slot=9 size=256008 src=worker:1 dst=client:0
event=req_send ts_ns=15526704 id=472 clt=0 wrkr=8 slot=4 size=17 src=client:0 dst=worker:8
event=resp_recv_ud ts_ns=15572882 id=469 clt=0 wrkr=7 slot=11 size=41 src=worker:7 dst=client:0
event=hand_send ts_ns=15581529 id=469 clt=0 wrkr=7 slot=11 size=10 src=client:0 dst=worker:7
event=resp_recv_ud ts_ns=15591848 id=472 clt=0 wrkr=8 slot=4 size=41 src=worker:8 dst=client:0
event=hand_send ts_ns=15600495 id=472 clt=0 wrkr=8 slot=4 size=10 src=client:0 dst=worker:8
event=resp_rdma_read ts_ns=15605688 id=436 start_ns=14248217 dur_ns=1357471 clt=0 wrkr=6 slot=9 size=256008 src=worker:6 dst=client:0
event=req_send ts_ns=15605688 id=474 clt=0 wrkr=1 slot=11 size=17 src=client:0 dst=worker:1
event=resp_rdma_read ts_ns=15618615 id=455 start_ns=14886257 dur_ns=732358 clt=0 wrkr=7 slot=10 size=256008 src=worker:7 dst=client:0
event=req_send ts_ns=15618615 id=475 clt=0 wrkr=8 slot=5 size=17 src=client:0 dst=worker:8
event=resp_rdma_read ts_ns=15622599 id=438 start_ns=14262269 dur_ns=1360330 clt=0 wrkr=0 slot=8 size=256008 src=worker:0 dst=client:0
event=req_send ts_ns=15622599 id=476 clt=0 wrkr=3 slot=11 size=17 src=client:0 dst=worker:3
event=resp_recv_ud ts_ns=15672199 id=474 clt=0 wrkr=1 slot=11 size=41 src=worker:1 dst=client:0
event=hand_send ts_ns=15680846 id=474 clt=0 wrkr=1 slot=11 size=10 src=client:0 dst=worker:1
event=resp_recv_ud ts_ns=15684732 id=475 clt=0 wrkr=8 slot=5 size=41 src=worker:8 dst=client:0
event=resp_recv_ud ts_ns=15689083 id=476 clt=0 wrkr=3 slot=11 size=41 src=worker:3 dst=client:0
event=hand_send ts_ns=15693379 id=475 clt=0 wrkr=8 slot=5 size=10 src=client:0 dst=worker:8
event=hand_send ts_ns=15697730 id=476 clt=0 wrkr=3 slot=11 size=10 src=client:0 dst=worker:3
event=resp_rdma_read ts_ns=15782262 id=454 start_ns=14864351 dur_ns=917911 clt=0 wrkr=2 slot=3 size=256008 src=worker:2 dst=client:0
event=req_send ts_ns=15782262 id=488 clt=0 wrkr=2 slot=4 size=17 src=client:0 dst=worker:2
event=resp_rdma_read ts_ns=15816126 id=456 start_ns=14993143 dur_ns=822983 clt=0 wrkr=0 slot=10 size=256008 src=worker:0 dst=client:0
event=req_send ts_ns=15816126 id=489 clt=0 wrkr=5 slot=7 size=17 src=client:0 dst=worker:5
event=resp_recv_ud ts_ns=15850977 id=488 clt=0 wrkr=2 slot=4 size=41 src=worker:2 dst=client:0
event=resp_rdma_read ts_ns=15851446 id=439 start_ns=14270001 dur_ns=1581445 clt=0 wrkr=2 slot=2 size=256008 src=worker:2 dst=client:0
event=req_send ts_ns=15851446 id=491 clt=0 wrkr=11 slot=1 size=17 src=client:0 dst=worker:11
event=hand_send ts_ns=15859624 id=488 clt=0 wrkr=2 slot=4 size=10 src=client:0 dst=worker:2
event=resp_recv_ud ts_ns=15887008 id=489 clt=0 wrkr=5 slot=7 size=41 src=worker:5 dst=client:0
event=hand_send ts_ns=15895655 id=489 clt=0 wrkr=5 slot=7 size=10 src=client:0 dst=worker:5
event=resp_recv_ud ts_ns=15923270 id=491 clt=0 wrkr=11 slot=1 size=41 src=worker:11 dst=client:0
event=hand_send ts_ns=15931917 id=491 clt=0 wrkr=11 slot=1 size=10 src=client:0 dst=worker:11
event=resp_rdma_read ts_ns=16309937 id=462 start_ns=15303701 dur_ns=1006236 clt=0 wrkr=9 slot=9 size=256008 src=worker:9 dst=client:0
event=req_send ts_ns=16309937 id=498 clt=0 wrkr=4 slot=10 size=17 src=client:0 dst=worker:4
event=resp_recv_ud ts_ns=16352807 id=498 clt=0 wrkr=4 slot=10 size=41 src=worker:4 dst=client:0
event=hand_send ts_ns=16361454 id=498 clt=0 wrkr=4 slot=10 size=10 src=client:0 dst=worker:4
event=resp_rdma_read ts_ns=16364592 id=464 start_ns=15324964 dur_ns=1039628 clt=0 wrkr=1 slot=10 size=256008 src=worker:1 dst=client:0
event=req_send ts_ns=16364592 id=501 clt=0 wrkr=11 slot=2 size=17 src=client:0 dst=worker:11
event=resp_rdma_read ts_ns=16364627 id=465 start_ns=15336285 dur_ns=1028342 clt=0 wrkr=0 slot=11 size=256008 src=worker:0 dst=client:0
event=req_send ts_ns=16364627 id=502 clt=0 wrkr=0 slot=1 size=17 src=client:0 dst=worker:0
event=resp_rdma_read ts_ns=16366541 id=467 start_ns=15355968 dur_ns=1010573 clt=0 wrkr=0 slot=0 size=256008 src=worker:0 dst=client:0
event=req_send ts_ns=16366541 id=503 clt=0 wrkr=5 slot=8 size=17 src=client:0 dst=worker:5
event=resp_recv_ud ts_ns=16427347 id=502 clt=0 wrkr=0 slot=1 size=41 src=worker:0 dst=client:0
event=resp_recv_ud ts_ns=16427859 id=501 clt=0 wrkr=11 slot=2 size=41 src=worker:11 dst=client:0
event=resp_recv_ud ts_ns=16428806 id=503 clt=0 wrkr=5 slot=8 size=41 src=worker:5 dst=client:0
event=hand_send ts_ns=16435994 id=502 clt=0 wrkr=0 slot=1 size=10 src=client:0 dst=worker:0
event=hand_send ts_ns=16436506 id=501 clt=0 wrkr=11 slot=2 size=10 src=client:0 dst=worker:11
event=hand_send ts_ns=16437453 id=503 clt=0 wrkr=5 slot=8 size=10 src=client:0 dst=worker:5
event=resp_rdma_read ts_ns=16712776 id=488 start_ns=15859624 dur_ns=853152 clt=0 wrkr=2 slot=4 size=256008 src=worker:2 dst=client:0
event=req_send ts_ns=16712776 id=505 clt=0 wrkr=11 slot=3 size=17 src=client:0 dst=worker:11
event=resp_rdma_read ts_ns=16716301 id=469 start_ns=15581529 dur_ns=1134772 clt=0 wrkr=7 slot=11 size=256008 src=worker:7 dst=client:0
event=req_send ts_ns=16716301 id=506 clt=0 wrkr=10 slot=1 size=17 src=client:0 dst=worker:10
event=resp_rdma_read ts_ns=16762778 id=472 start_ns=15600495 dur_ns=1162283 clt=0 wrkr=8 slot=4 size=256008 src=worker:8 dst=client:0
event=req_send ts_ns=16762778 id=509 clt=0 wrkr=3 slot=0 size=17 src=client:0 dst=worker:3
event=resp_recv_ud ts_ns=16770507 id=505 clt=0 wrkr=11 slot=3 size=41 src=worker:11 dst=client:0
event=resp_recv_ud ts_ns=16775031 id=506 clt=0 wrkr=10 slot=1 size=41 src=worker:10 dst=client:0
event=hand_send ts_ns=16779154 id=505 clt=0 wrkr=11 slot=3 size=10 src=client:0 dst=worker:11
event=hand_send ts_ns=16783678 id=506 clt=0 wrkr=10 slot=1 size=10 src=client:0 dst=worker:10
event=resp_rdma_read ts_ns=16815520 id=474 start_ns=15680846 dur_ns=1134674 clt=0 wrkr=1 slot=11 size=256008 src=worker:1 dst=client:0
event=req_send ts_ns=16815520 id=510 clt=0 wrkr=6 slot=10 size=17 src=client:0 dst=worker:6
event=resp_recv_ud ts_ns=16819554 id=509 clt=0 wrkr=3 slot=0 size=41 src=worker:3 dst=client:0
event=hand_send ts_ns=16828201 id=509 clt=0 wrkr=3 slot=0 size=10 src=client:0 dst=worker:3
event=resp_rdma_read ts_ns=16849260 id=475 start_ns=15693379 dur_ns=1155881 clt=0 wrkr=8 slot=5 size=256008 src=worker:8 dst=client:0
event=req_send ts_ns=16849260 id=511 clt=0 wrkr=0 slot=2 size=17 src=client:0 dst=worker:0
event=resp_recv_ud ts_ns=16874921 id=510 clt=0 wrkr=6 slot=10 size=41 src=worker:6 dst=client:0
event=resp_rdma_read ts_ns=16879342 id=476 start_ns=15697730 dur_ns=1181612 clt=0 wrkr=3 slot=11 size=256008 src=worker:3 dst=client:0
event=req_send ts_ns=16879342 id=514 clt=0 wrkr=9 slot=10 size=17 src=client:0 dst=worker:9
event=hand_send ts_ns=16883568 id=510 clt=0 wrkr=6 slot=10 size=10 src=client:0 dst=worker:6
event=resp_recv_ud ts_ns=16906311 id=511 clt=0 wrkr=0 slot=2 size=41 src=worker:0 dst=client:0
event=hand_send ts_ns=16914958 id=511 clt=0 wrkr=0 slot=2 size=10 src=client:0 dst=worker:0
event=resp_recv_ud ts_ns=16939545 id=514 clt=0 wrkr=9 slot=10 size=41 src=worker:9 dst=client:0
event=hand_send ts_ns=16948192 id=514 clt=0 wrkr=9 slot=10 size=10 src=client:0 dst=worker:9
event=resp_rdma_read ts_ns=17050764 id=502 start_ns=16435994 dur_ns=614770 clt=0 wrkr=0 slot=1 size=256008 src=worker:0 dst=client:0
event=req_send ts_ns=17050764 id=520 clt=0 wrkr=0 slot=3 size=17 src=client:0 dst=worker:0
event=resp_recv_ud ts_ns=17114822 id=520 clt=0 wrkr=0 slot=3 size=41 src=worker:0 dst=client:0
event=hand_send ts_ns=17123469 id=520 clt=0 wrkr=0 slot=3 size=10 src=client:0 dst=worker:0
event=resp_rdma_read ts_ns=17238791 id=498 start_ns=16361454 dur_ns=877337 clt=0 wrkr=4 slot=10 size=256008 src=worker:4 dst=client:0
event=req_send ts_ns=17238791 id=527 clt=0 wrkr=4 slot=11 size=17 src=client:0 dst=worker:4
event=resp_rdma_read ts_ns=17292837 id=491 start_ns=15931917 dur_ns=1360920 clt=0 wrkr=11 slot=1 size=256008 src=worker:11 dst=client:0
event=req_send ts_ns=17292837 id=531 clt=0 wrkr=8 slot=6 size=17 src=client:0 dst=worker:8
event=resp_recv_ud ts_ns=17305902 id=527 clt=0 wrkr=4 slot=11 size=41 src=worker:4 dst=client:0
event=hand_send ts_ns=17314549 id=527 clt=0 wrkr=4 slot=11 size=10 src=client:0 dst=worker:4
event=resp_rdma_read ts_ns=17326792 id=503 start_ns=16437453 dur_ns=889339 clt=0 wrkr=5 slot=8 size=256008 src=worker:5 dst=client:0
event=req_send ts_ns=17326792 id=533 clt=0 wrkr=4 slot=0 size=17 src=client:0 dst=worker:4
event=resp_rdma_read ts_ns=17332290 id=501 start_ns=16436506 dur_ns=895784 clt=0 wrkr=11 slot=2 size=256008 src=worker:11 dst=client:0
event=req_send ts_ns=17332290 id=534 clt=0 wrkr=7 slot=0 size=17 src=client:0 dst=worker:7
event=resp_recv_ud ts_ns=17360788 id=531 clt=0 wrkr=8 slot=6 size=41 src=worker:8 dst=client:0
event=hand_send ts_ns=17369435 id=531 clt=0 wrkr=8 slot=6 size=10 src=client:0 dst=worker:8
event=resp_recv_ud ts_ns=17396122 id=533 clt=0 wrkr=4 slot=0 size=41 src=worker:4 dst=client:0
event=resp_recv_ud ts_ns=17400495 id=534 clt=0 wrkr=7 slot=0 size=41 src=worker:7 dst=client:0
event=hand_send ts_ns=17404769 id=533 clt=0 wrkr=4 slot=0 size=10 src=client:0 dst=worker:4
event=hand_send ts_ns=17409142 id=534 clt=0 wrkr=7 slot=0 size=10 src=client:0 dst=worker:7
event=resp_rdma_read ts_ns=17444104 id=489 start_ns=15895655 dur_ns=1548449 clt=0 wrkr=5 slot=7 size=256008 src=worker:5 dst=client:0
event=req_send ts_ns=17444104 id=538 clt=0 wrkr=5 slot=9 size=17 src=client:0 dst=worker:5
event=resp_recv_ud ts_ns=17515461 id=538 clt=0 wrkr=5 slot=9 size=41 src=worker:5 dst=client:0
event=hand_send ts_ns=17524108 id=538 clt=0 wrkr=5 slot=9 size=10 src=client:0 dst=worker:5
event=resp_rdma_read ts_ns=17699318 id=506 start_ns=16783678 dur_ns=915640 clt=0 wrkr=10 slot=1 size=256008 src=worker:10 dst=client:0
event=req_send ts_ns=17699318 id=541 clt=0 wrkr=7 slot=1 size=17 src=client:0 dst=worker:7
event=resp_rdma_read ts_ns=17700289 id=505 start_ns=16779154 dur_ns=921135 clt=0 wrkr=11 slot=3 size=256008 src=worker:11 dst=client:0
event=req_send ts_ns=17700289 id=542 clt=0 wrkr=6 slot=11 size=17 src=client:0 dst=worker:6
event=resp_recv_ud ts_ns=17743153 id=541 clt=0 wrkr=7 slot=1 size=41 src=worker:7 dst=client:0
event=hand_send ts_ns=17751800 id=541 clt=0 wrkr=7 slot=1 size=10 src=client:0 dst=worker:7
event=resp_recv_ud ts_ns=17761407 id=542 clt=0 wrkr=6 slot=11 size=41 src=worker:6 dst=client:0
event=hand_send ts_ns=17770054 id=542 clt=0 wrkr=6 slot=11 size=10 src=client:0 dst=worker:6
event=resp_rdma_read ts_ns=17803062 id=509 start_ns=16828201 dur_ns=974861 clt=0 wrkr=3 slot=0 size=256008 src=worker:3 dst=client:0
event=req_send ts_ns=17803062 id=546 clt=0 wrkr=11 slot=4 size=17 src=client:0 dst=worker:11
event=resp_rdma_read ts_ns=17803564 id=510 start_ns=16883568 dur_ns=919996 clt=0 wrkr=6 slot=10 size=256008 src=worker:6 dst=client:0
event=req_send ts_ns=17803564 id=547 clt=0 wrkr=10 slot=2 size=17 src=client:0 dst=worker:10
event=resp_recv_ud ts_ns=17866370 id=546 clt=0 wrkr=11 slot=4 size=41 src=worker:11 dst=client:0
event=resp_recv_ud ts_ns=17868662 id=547 clt=0 wrkr=10 slot=2 size=41 src=worker:10 dst=client:0
event=hand_send ts_ns=17875017 id=546 clt=0 wrkr=11 slot=4 size=10 src=client:0 dst=worker:11
event=hand_send ts_ns=17877309 id=547 clt=0 wrkr=10 slot=2 size=10 src=client:0 dst=worker:10
event=resp_rdma_read ts_ns=17894660 id=511 start_ns=16914958 dur_ns=979702 clt=0 wrkr=0 slot=2 size=256008 src=worker:0 dst=client:0
event=req_send ts_ns=17894660 id=548 clt=0 wrkr=5 slot=10 size=17 src=client:0 dst=worker:5
event=resp_recv_ud ts_ns=17956641 id=548 clt=0 wrkr=5 slot=10 size=41 src=worker:5 dst=client:0
event=hand_send ts_ns=17965288 id=548 clt=0 wrkr=5 slot=10 size=10 src=client:0 dst=worker:5
event=resp_rdma_read ts_ns=17975116 id=514 start_ns=16948192 dur_ns=1026924 clt=0 wrkr=9 slot=10 size=256008 src=worker:9 dst=client:0
event=req_send ts_ns=17975116 id=551 clt=0 wrkr=1 slot=0 size=17 src=client:0 dst=worker:1
event=resp_recv_ud ts_ns=18034006 id=551 clt=0 wrkr=1 slot=0 size=41 src=worker:1 dst=client:0
event=hand_send ts_ns=18042653 id=551 clt=0 wrkr=1 slot=0 size=10 src=client:0 dst=worker:1
event=resp_rdma_read ts_ns=18181855 id=520 start_ns=17123469 dur_ns=1058386 clt=0 wrkr=0 slot=3 size=256008 src=worker:0 dst=client:0
event=req_send ts_ns=18181855 id=554 clt=0 wrkr=4 slot=1 size=17 src=client:0 dst=worker:4
event=resp_recv_ud ts_ns=18236989 id=554 clt=0 wrkr=4 slot=1 size=41 src=worker:4 dst=client:0
event=hand_send ts_ns=18245636 id=554 clt=0 wrkr=4 slot=1 size=10 src=client:0 dst=worker:4
event=resp_rdma_read ts_ns=18561293 id=527 start_ns=17314549 dur_ns=1246744 clt=0 wrkr=4 slot=11 size=256008 src=worker:4 dst=client:0
event=req_send ts_ns=18561293 id=565 clt=0 wrkr=8 slot=7 size=17 src=client:0 dst=worker:8
event=resp_recv_ud ts_ns=18629217 id=565 clt=0 wrkr=8 slot=7 size=41 src=worker:8 dst=client:0
event=hand_send ts_ns=18637864 id=565 clt=0 wrkr=8 slot=7 size=10 src=client:0 dst=worker:8
event=resp_rdma_read ts_ns=18700037 id=551 start_ns=18042653 dur_ns=657384 clt=0 wrkr=1 slot=0 size=256008 src=worker:1 dst=client:0
event=req_send ts_ns=18700037 id=569 clt=0 wrkr=11 slot=5 size=17 src=client:0 dst=worker:11
event=resp_rdma_read ts_ns=18762311 id=531 start_ns=17369435 dur_ns=1392876 clt=0 wrkr=8 slot=6 size=256008 src=worker:8 dst=client:0
event=req_send ts_ns=18762311 id=573 clt=0 wrkr=0 slot=4 size=17 src=client:0 dst=worker:0
event=resp_rdma_read ts_ns=18764563 id=542 start_ns=17770054 dur_ns=994509 clt=0 wrkr=6 slot=11 size=256008 src=worker:6 dst=client:0
event=req_send ts_ns=18764563 id=574 clt=0 wrkr=10 slot=3 size=17 src=client:0 dst=worker:10
event=resp_recv_ud ts_ns=18767878 id=569 clt=0 wrkr=11 slot=5 size=41 src=worker:11 dst=client:0
event=hand_send ts_ns=18776525 id=569 clt=0 wrkr=11 slot=5 size=10 src=client:0 dst=worker:11
event=resp_recv_ud ts_ns=18832592 id=573 clt=0 wrkr=0 slot=4 size=41 src=worker:0 dst=client:0
event=resp_recv_ud ts_ns=18833967 id=574 clt=0 wrkr=10 slot=3 size=41 src=worker:10 dst=client:0
event=hand_send ts_ns=18841239 id=573 clt=0 wrkr=0 slot=4 size=10 src=client:0 dst=worker:0
event=hand_send ts_ns=18842614 id=574 clt=0 wrkr=10 slot=3 size=10 src=client:0 dst=worker:10
event=resp_rdma_read ts_ns=18850754 id=534 start_ns=17409142 dur_ns=1441612 clt=0 wrkr=7 slot=0 size=256008 src=worker:7 dst=client:0
event=req_send ts_ns=18850754 id=579 clt=0 wrkr=1 slot=1 size=17 src=client:0 dst=worker:1
event=resp_rdma_read ts_ns=18853648 id=541 start_ns=17751800 dur_ns=1101848 clt=0 wrkr=7 slot=1 size=256008 src=worker:7 dst=client:0
event=req_send ts_ns=18853648 id=580 clt=0 wrkr=2 slot=5 size=17 src=client:0 dst=worker:2
event=resp_rdma_read ts_ns=18854869 id=547 start_ns=17877309 dur_ns=977560 clt=0 wrkr=10 slot=2 size=256008 src=worker:10 dst=client:0
event=req_send ts_ns=18854869 id=581 clt=0 wrkr=7 slot=2 size=17 src=client:0 dst=worker:7
event=resp_rdma_read ts_ns=18862488 id=533 start_ns=17404769 dur_ns=1457719 clt=0 wrkr=4 slot=0 size=256008 src=worker:4 dst=client:0
event=req_send ts_ns=18862488 id=582 clt=0 wrkr=8 slot=8 size=17 src=client:0 dst=worker:8
event=resp_rdma_read ts_ns=18868849 id=546 start_ns=17875017 dur_ns=993832 clt=0 wrkr=11 slot=4 size=256008 src=worker:11 dst=client:0
event=req_send ts_ns=18868849 id=583 clt=0 wrkr=0 slot=5 size=17 src=client:0 dst=worker:0
event=resp_recv_ud ts_ns=18921674 id=579 clt=0 wrkr=1 slot=1 size=41 src=worker:1 dst=client:0
event=resp_recv_ud ts_ns=18924478 id=580 clt=0 wrkr=2 slot=5 size=41 src=worker:2 dst=client:0
event=resp_recv_ud ts_ns=18925411 id=581 clt=0 wrkr=7 slot=2 size=41 src=worker:7 dst=client:0
event=hand_send ts_ns=18930321 id=579 clt=0 wrkr=1 slot=1 size=10 src=client:0 dst=worker:1
event=resp_recv_ud ts_ns=18933095 id=582 clt=0 wrkr=8 slot=8 size=41 src=worker:8 dst=client:0
event=hand_send ts_ns=18933125 id=580 clt=0 wrkr=2 slot=5 size=10 src=client:0 dst=worker:2
event=hand_send ts_ns=18934058 id=581 clt=0 wrkr=7 slot=2 size=10 src=client:0 dst=worker:7
event=resp_recv_ud ts_ns=18939097 id=583 clt=0 wrkr=0 slot=5 size=41 src=worker:0 dst=client:0
event=hand_send ts_ns=18941742 id=582 clt=0 wrkr=8 slot=8 size=10 src=client:0 dst=worker:8
event=hand_send ts_ns=18947744 id=583 clt=0 wrkr=0 slot=5 size=10 src=client:0 dst=worker:0
event=resp_rdma_read ts_ns=18960911 id=548 start_ns=17965288 dur_ns=995623 clt=0 wrkr=5 slot=10 size=256008 src=worker:5 dst=client:0
event=req_send ts_ns=18960911 id=584 clt=0 wrkr=9 slot=11 size=17 src=client:0 dst=worker:9
event=resp_recv_ud ts_ns=19032169 id=584 clt=0 wrkr=9 slot=11 size=41 src=worker:9 dst=client:0
event=hand_send ts_ns=19040816 id=584 clt=0 wrkr=9 slot=11 size=10 src=client:0 dst=worker:9
event=resp_rdma_read ts_ns=19103106 id=538 start_ns=17524108 dur_ns=1578998 clt=0 wrkr=5 slot=9 size=256008 src=worker:5 dst=client:0
event=req_send ts_ns=19103106 id=588 clt=0 wrkr=6 slot=0 size=17 src=client:0 dst=worker:6
event=resp_recv_ud ts_ns=19173167 id=588 clt=0 wrkr=6 slot=0 size=41 src=worker:6 dst=client:0
event=hand_send ts_ns=19181814 id=588 clt=0 wrkr=6 slot=0 size=10 src=client:0 dst=worker:6
event=resp_rdma_read ts_ns=19306613 id=554 start_ns=18245636 dur_ns=1060977 clt=0 wrkr=4 slot=1 size=256008 src=worker:4 dst=client:0
event=req_send ts_ns=19306613 id=591 clt=0 wrkr=9 slot=0 size=17 src=client:0 dst=worker:9
event=resp_recv_ud ts_ns=19367114 id=591 clt=0 wrkr=9 slot=0 size=41 src=worker:9 dst=client:0
event=hand_send ts_ns=19375761 id=591 clt=0 wrkr=9 slot=0 size=10 src=client:0 dst=worker:9
event=resp_rdma_read ts_ns=19971824 id=565 start_ns=18637864 dur_ns=1333960 clt=0 wrkr=8 slot=7 size=256008 src=worker:8 dst=client:0
event=req_send ts_ns=19971824 id=602 clt=0 wrkr=11 slot=6 size=17 src=client:0 dst=worker:11
event=resp_recv_ud ts_ns=20017815 id=602 clt=0 wrkr=11 slot=6 size=41 src=worker:11 dst=client:0
event=hand_send ts_ns=20026462 id=602 clt=0 wrkr=11 slot=6 size=10 src=client:0 dst=worker:11
event=resp_rdma_read ts_ns=20131512 id=569 start_ns=18776525 dur_ns=1354987 clt=0 wrkr=11 slot=5 size=256008 src=worker:11 dst=client:0
event=req_send ts_ns=20131512 id=605 clt=0 wrkr=8 slot=9 size=17 src=client:0 dst=worker:8
event=resp_rdma_read ts_ns=20151914 id=588 start_ns=19181814 dur_ns=970100 clt=0 wrkr=6 slot=0 size=256008 src=worker:6 dst=client:0
event=req_send ts_ns=20151914 id=608 clt=0 wrkr=2 slot=6 size=17 src=client:0 dst=worker:2
event=resp_recv_ud ts_ns=20178185 id=605 clt=0 wrkr=8 slot=9 size=41 src=worker:8 dst=client:0
event=hand_send ts_ns=20186832 id=605 clt=0 wrkr=8 slot=9 size=10 src=client:0 dst=worker:8
event=resp_recv_ud ts_ns=20211857 id=608 clt=0 wrkr=2 slot=6 size=41 src=worker:2 dst=client:0
event=hand_send ts_ns=20220504 id=608 clt=0 wrkr=2 slot=6 size=10 src=client:0 dst=worker:2
event=resp_rdma_read ts_ns=20234365 id=574 start_ns=18842614 dur_ns=1391751 clt=0 wrkr=10 slot=3 size=256008 src=worker:10 dst=client:0
event=req_send ts_ns=20234365 id=610 clt=0 wrkr=1 slot=2 size=17 src=client:0 dst=worker:1
event=resp_rdma_read ts_ns=20237572 id=573 start_ns=18841239 dur_ns=1396333 clt=0 wrkr=0 slot=4 size=256008 src=worker:0 dst=client:0
event=req_send ts_ns=20237572 id=611 clt=0 wrkr=4 slot=2 size=17 src=client:0 dst=worker:4
event=resp_recv_ud ts_ns=20296238 id=610 clt=0 wrkr=1 slot=2 size=41 src=worker:1 dst=client:0
event=resp_recv_ud ts_ns=20299707 id=611 clt=0 wrkr=4 slot=2 size=41 src=worker:4 dst=client:0
event=hand_send ts_ns=20304885 id=610 clt=0 wrkr=1 slot=2 size=10 src=client:0 dst=worker:1
event=hand_send ts_ns=20308354 id=611 clt=0 wrkr=4 slot=2 size=10 src=client:0 dst=worker:4
event=resp_rdma_read ts_ns=20332030 id=591 start_ns=19375761 dur_ns=956269 clt=0 wrkr=9 slot=0 size=256008 src=worker:9 dst=client:0
event=req_send ts_ns=20332030 id=617 clt=0 wrkr=2 slot=7 size=17 src=client:0 dst=worker:2
event=resp_recv_ud ts_ns=20396249 id=617 clt=0 wrkr=2 slot=7 size=41 src=worker:2 dst=client:0
event=resp_rdma_read ts_ns=20404056 id=582 start_ns=18941742 dur_ns=1462314 clt=0 wrkr=8 slot=8 size=256008 src=worker:8 dst=client:0
event=req_send ts_ns=20404056 id=619 clt=0 wrkr=1 slot=3 size=17 src=client:0 dst=worker:1
event=hand_send ts_ns=20404896 id=617 clt=0 wrkr=2 slot=7 size=10 src=client:0 dst=worker:2
event=resp_rdma_read ts_ns=20436757 id=579 start_ns=18930321 dur_ns=1506436 clt=0 wrkr=1 slot=1 size=256008 src=worker:1 dst=client:0
event=req_send ts_ns=20436757 id=623 clt=0 wrkr=3 slot=1 size=17 src=client:0 dst=worker:3
event=resp_rdma_read ts_ns=20447966 id=580 start_ns=18933125 dur_ns=1514841 clt=0 wrkr=2 slot=5 size=256008 src=worker:2 dst=client:0
event=req_send ts_ns=20447966 id=626 clt=0 wrkr=0 slot=6 size=17 src=client:0 dst=worker:0
event=resp_recv_ud ts_ns=20470337 id=619 clt=0 wrkr=1 slot=3 size=41 src=worker:1 dst=client:0
event=resp_rdma_read ts_ns=20475764 id=581 start_ns=18934058 dur_ns=1541706 clt=0 wrkr=7 slot=2 size=256008 src=worker:7 dst=client:0
event=req_send ts_ns=20475764 id=628 clt=0 wrkr=8 slot=10 size=17 src=client:0 dst=worker:8
event=hand_send ts_ns=20478984 id=619 clt=0 wrkr=1 slot=3 size=10 src=client:0 dst=worker:1
event=resp_rdma_read ts_ns=20481908 id=583 start_ns=18947744 dur_ns=1534164 clt=0 wrkr=0 slot=5 size=256008 src=worker:0 dst=client:0
event=req_send ts_ns=20481908 id=629 clt=0 wrkr=8 slot=11 size=17 src=client:0 dst=worker:8
event=resp_recv_ud ts_ns=20504289 id=623 clt=0 wrkr=3 slot=1 size=41 src=worker:3 dst=client:0
event=hand_send ts_ns=20512936 id=623 clt=0 wrkr=3 slot=1 size=10 src=client:0 dst=worker:3
event=resp_recv_ud ts_ns=20513999 id=626 clt=0 wrkr=0 slot=6 size=41 src=worker:0 dst=client:0
event=hand_send ts_ns=20522646 id=626 clt=0 wrkr=0 slot=6 size=10 src=client:0 dst=worker:0
event=resp_rdma_read ts_ns=20534921 id=584 start_ns=19040816 dur_ns=1494105 clt=0 wrkr=9 slot=11 size=256008 src=worker:9 dst=client:0
event=req_send ts_ns=20534921 id=631 clt=0 wrkr=7 slot=3 size=17 src=client:0 dst=worker:7
event=resp_recv_ud ts_ns=20544672 id=628 clt=0 wrkr=8 slot=10 size=41 src=worker:8 dst=client:0
event=resp_recv_ud ts_ns=20549309 id=629 clt=0 wrkr=8 slot=11 size=41 src=worker:8 dst=client:0
event=hand_send ts_ns=20553319 id=628 clt=0 wrkr=8 slot=10 size=10 src=client:0 dst=worker:8
event=hand_send ts_ns=20557956 id=629 clt=0 wrkr=8 slot=11 size=10 src=client:0 dst=worker:8
event=resp_recv_ud ts_ns=20605216 id=631 clt=0 wrkr=7 slot=3 size=41 src=worker:7 dst=client:0
event=hand_send ts_ns=20613863 id=631 clt=0 wrkr=7 slot=3 size=10 src=client:0 dst=worker:7
event=resp_rdma_read ts_ns=20641761 id=602 start_ns=20026462 dur_ns=615299 clt=0 wrkr=11 slot=6 size=256008 src=worker:11 dst=client:0
event=req_send ts_ns=20641761 id=634 clt=0 wrkr=8 slot=0 size=17 src=client:0 dst=worker:8
event=resp_recv_ud ts_ns=20712994 id=634 clt=0 wrkr=8 slot=0 size=41 src=worker:8 dst=client:0
event=hand_send ts_ns=20721641 id=634 clt=0 wrkr=8 slot=0 size=10 src=client:0 dst=worker:8
event=resp_rdma_read ts_ns=21169023 id=605 start_ns=20186832 dur_ns=982191 clt=0 wrkr=8 slot=9 size=256008 src=worker:8 dst=client:0
event=req_send ts_ns=21169023 id=637 clt=0 wrkr=2 slot=8 size=17 src=client:0 dst=worker:2
event=resp_rdma_read ts_ns=21208087 id=608 start_ns=20220504 dur_ns=987583 clt=0 wrkr=2 slot=6 size=256008 src=worker:2 dst=client:0
event=req_send ts_ns=21208087 id=639 clt=0 wrkr=8 slot=1 size=17 src=client:0 dst=worker:8
event=resp_recv_ud ts_ns=21209476 id=637 clt=0 wrkr=2 slot=8 size=41 src=worker:2 dst=client:0
event=hand_send ts_ns=21218123 id=637 clt=0 wrkr=2 slot=8 size=10 src=client:0 dst=worker:2
event=resp_recv_ud ts_ns=21266571 id=639 clt=0 wrkr=8 slot=1 size=41 src=worker:8 dst=client:0
event=hand_send ts_ns=21275218 id=639 clt=0 wrkr=8 slot=1 size=10 src=client:0 dst=worker:8
event=resp_rdma_read ts_ns=21355227 id=611 start_ns=20308354 dur_ns=1046873 clt=0 wrkr=4 slot=2 size=256008 src=worker:4 dst=client:0
event=req_send ts_ns=21355227 id=641 clt=0 wrkr=3 slot=2 size=17 src=client:0 dst=worker:3
event=resp_rdma_read ts_ns=21357857 id=610 start_ns=20304885 dur_ns=1052972 clt=0 wrkr=1 slot=2 size=256008 src=worker:1 dst=client:0
event=req_send ts_ns=21357857 id=642 clt=0 wrkr=3 slot=3 size=17 src=client:0 dst=worker:3
event=resp_recv_ud ts_ns=21395335 id=641 clt=0 wrkr=3 slot=2 size=41 src=worker:3 dst=client:0
event=hand_send ts_ns=21403982 id=641 clt=0 wrkr=3 slot=2 size=10 src=client:0 dst=worker:3
event=resp_recv_ud ts_ns=21412879 id=642 clt=0 wrkr=3 slot=3 size=41 src=worker:3 dst=client:0
event=hand_send ts_ns=21421526 id=642 clt=0 wrkr=3 slot=3 size=10 src=client:0 dst=worker:3
event=resp_rdma_read ts_ns=21616168 id=617 start_ns=20404896 dur_ns=1211272 clt=0 wrkr=2 slot=7 size=256008 src=worker:2 dst=client:0
event=req_send ts_ns=21616168 id=645 clt=0 wrkr=4 slot=3 size=17 src=client:0 dst=worker:4
event=resp_recv_ud ts_ns=21655317 id=645 clt=0 wrkr=4 slot=3 size=41 src=worker:4 dst=client:0
event=hand_send ts_ns=21663964 id=645 clt=0 wrkr=4 slot=3 size=10 src=client:0 dst=worker:4
event=resp_rdma_read ts_ns=21749599 id=619 start_ns=20478984 dur_ns=1270615 clt=0 wrkr=1 slot=3 size=256008 src=worker:1 dst=client:0
event=req_send ts_ns=21749599 id=646 clt=0 wrkr=10 slot=4 size=17 src=client:0 dst=worker:10
event=resp_recv_ud ts_ns=21787521 id=646 clt=0 wrkr=10 slot=4 size=41 src=worker:10 dst=client:0
event=hand_send ts_ns=21796168 id=646 clt=0 wrkr=10 slot=4 size=10 src=client:0 dst=worker:10
event=resp_rdma_read ts_ns=21837065 id=623 start_ns=20512936 dur_ns=1324129 clt=0 wrkr=3 slot=1 size=256008 src=worker:3 dst=client:0
event=req_send ts_ns=21837065 id=647 clt=0 wrkr=11 slot=7 size=17 src=client:0 dst=worker:11
event=resp_recv_ud ts_ns=21881649 id=647 clt=0 wrkr=11 slot=7 size=41 src=worker:11 dst=client:0
event=hand_send ts_ns=21890296 id=647 clt=0 wrkr=11 slot=7 size=10 src=client:0 dst=worker:11
event=resp_rdma_read ts_ns=21997790 id=634 start_ns=20721641 dur_ns=1276149 clt=0 wrkr=8 slot=0 size=256008 src=worker:8 dst=client:0
event=resp_rdma_read ts_ns=22018166 id=626 start_ns=20522646 dur_ns=1495520 clt=0 wrkr=0 slot=6 size=256008 src=worker:0 dst=client:0
event=resp_rdma_read ts_ns=22019820 id=628 start_ns=20553319 dur_ns=1466501 clt=0 wrkr=8 slot=10 size=256008 src=worker:8 dst=client:0
event=resp_rdma_read ts_ns=22083715 id=629 start_ns=20557956 dur_ns=1525759 clt=0 wrkr=8 slot=11 size=256008 src=worker:8 dst=client:0
event=resp_rdma_read ts_ns=22126028 id=639 start_ns=21275218 dur_ns=850810 clt=0 wrkr=8 slot=1 size=256008 src=worker:8 dst=client:0
event=resp_rdma_read ts_ns=22175081 id=642 start_ns=21421526 dur_ns=753555 clt=0 wrkr=3 slot=3 size=256008 src=worker:3 dst=client:0
event=resp_rdma_read ts_ns=22178052 id=637 start_ns=21218123 dur_ns=959929 clt=0 wrkr=2 slot=8 size=256008 src=worker:2 dst=client:0
event=resp_rdma_read ts_ns=22187005 id=631 start_ns=20613863 dur_ns=1573142 clt=0 wrkr=7 slot=3 size=256008 src=worker:7 dst=client:0
event=resp_rdma_read ts_ns=22261478 id=641 start_ns=21403982 dur_ns=857496 clt=0 wrkr=3 slot=2 size=256008 src=worker:3 dst=client:0
event=resp_rdma_read ts_ns=22448331 id=645 start_ns=21663964 dur_ns=784367 clt=0 wrkr=4 slot=3 size=256008 src=worker:4 dst=client:0
event=resp_rdma_read ts_ns=22593001 id=647 start_ns=21890296 dur_ns=702705 clt=0 wrkr=11 slot=7 size=256008 src=worker:11 dst=client:0
event=resp_rdma_read ts_ns=22605938 id=646 start_ns=21796168 dur_ns=809770 clt=0 wrkr=10 slot=4 size=256008 src=worker:10 dst=client:0
