event=req_send ts_ns=1 id=1 clt=1 wrkr=0 slot=0 size=17 src=client:1 dst=worker:0
event=req_send ts_ns=2501 id=4 clt=1 wrkr=1 slot=0 size=17 src=client:1 dst=worker:1
event=req_send ts_ns=5001 id=7 clt=1 wrkr=4 slot=0 size=17 src=client:1 dst=worker:4
event=req_send ts_ns=7501 id=10 clt=1 wrkr=2 slot=0 size=17 src=client:1 dst=worker:2
event=req_send ts_ns=10001 id=13 clt=1 wrkr=1 slot=1 size=17 src=client:1 dst=worker:1
event=req_send ts_ns=12501 id=16 clt=1 wrkr=6 slot=0 size=17 src=client:1 dst=worker:6
event=req_send ts_ns=15001 id=19 clt=1 wrkr=6 slot=1 size=17 src=client:1 dst=worker:6
event=req_send ts_ns=17501 id=22 clt=1 wrkr=8 slot=0 size=17 src=client:1 dst=worker:8
event=resp_recv_ud ts_ns=24158 id=1 clt=1 wrkr=0 slot=0 size=41 src=worker:0 dst=client:1
event=hand_send ts_ns=32805 id=1 clt=1 wrkr=0 slot=0 size=10 src=client:1 dst=worker:0
event=resp_recv_ud ts_ns=52725 id=4 clt=1 wrkr=1 slot=0 size=41 src=worker:1 dst=client:1
event=resp_recv_ud ts_ns=53694 id=7 clt=1 wrkr=4 slot=0 size=41 src=worker:4 dst=client:1
event=resp_recv_ud ts_ns=54605 id=10 clt=1 wrkr=2 slot=0 size=41 src=worker:2 dst=client:1
event=resp_recv_ud ts_ns=56572 id=13 clt=1 wrkr=1 slot=1 size=41 src=worker:1 dst=client:1
event=resp_recv_ud ts_ns=59215 id=16 clt=1 wrkr=6 slot=0 size=41 src=worker:6 dst=client:1
event=resp_recv_ud ts_ns=61226 id=19 clt=1 wrkr=6 slot=1 size=41 src=worker:6 dst=client:1
event=hand_send ts_ns=61372 id=4 clt=1 wrkr=1 slot=0 size=10 src=client:1 dst=worker:1
event=hand_send ts_ns=62341 id=7 clt=1 wrkr=4 slot=0 size=10 src=client:1 dst=worker:4
event=resp_recv_ud ts_ns=63139 id=22 clt=1 wrkr=8 slot=0 size=41 src=worker:8 dst=client:1
event=hand_send ts_ns=63252 id=10 clt=1 wrkr=2 slot=0 size=10 src=client:1 dst=worker:2
event=hand_send ts_ns=65219 id=13 clt=1 wrkr=1 slot=1 size=10 src=client:1 dst=worker:1
event=hand_send ts_ns=67862 id=16 clt=1 wrkr=6 slot=0 size=10 src=client:1 dst=worker:6
event=hand_send ts_ns=69873 id=19 clt=1 wrkr=6 slot=1 size=10 src=client:1 dst=worker:6
event=hand_send ts_ns=71786 id=22 clt=1 wrkr=8 slot=0 size=10 src=client:1 dst=worker:8
event=resp_rdma_read ts_ns=3010664 id=1 start_ns=32805 dur_ns=2977859 clt=1 wrkr=0 slot=0 size=1024008 src=worker:0 dst=client:1
event=req_send ts_ns=3010664 id=24 clt=1 wrkr=7 slot=0 size=17 src=client:1 dst=worker:7
event=resp_recv_ud ts_ns=3054655 id=24 clt=1 wrkr=7 slot=0 size=41 src=worker:7 dst=client:1
event=hand_send ts_ns=3063302 id=24 clt=1 wrkr=7 slot=0 size=10 src=client:1 dst=worker:7
event=resp_rdma_read ts_ns=3181321 id=4 start_ns=61372 dur_ns=3119949 clt=1 wrkr=1 slot=0 size=1024008 src=worker:1 dst=client:1
event=req_send ts_ns=3181321 id=27 clt=1 wrkr=9 slot=0 size=17 src=client:1 dst=worker:9
event=resp_recv_ud ts_ns=3246199 id=27 clt=1 wrkr=9 slot=0 size=41 src=worker:9 dst=client:1
event=hand_send ts_ns=3254846 id=27 clt=1 wrkr=9 slot=0 size=10 src=client:1 dst=worker:9
event=resp_rdma_read ts_ns=3313239 id=7 start_ns=62341 dur_ns=3250898 clt=1 wrkr=4 slot=0 size=1024008 src=worker:4 dst=client:1
event=req_send ts_ns=3313239 id=30 clt=1 wrkr=11 slot=0 size=17 src=client:1 dst=worker:11
event=resp_recv_ud ts_ns=3367857 id=30 clt=1 wrkr=11 slot=0 size=41 src=worker:11 dst=client:1
event=hand_send ts_ns=3376504 id=30 clt=1 wrkr=11 slot=0 size=10 src=client:1 dst=worker:11
event=resp_rdma_read ts_ns=3438867 id=10 start_ns=63252 dur_ns=3375615 clt=1 wrkr=2 slot=0 size=1024008 src=worker:2 dst=client:1
event=req_send ts_ns=3438867 id=32 clt=1 wrkr=3 slot=0 size=17 src=client:1 dst=worker:3
event=resp_recv_ud ts_ns=3490529 id=32 clt=1 wrkr=3 slot=0 size=41 src=worker:3 dst=client:1
event=hand_send ts_ns=3499176 id=32 clt=1 wrkr=3 slot=0 size=10 src=client:1 dst=worker:3
event=resp_rdma_read ts_ns=3624101 id=13 start_ns=65219 dur_ns=3558882 clt=1 wrkr=1 slot=1 size=1024008 src=worker:1 dst=client:1
event=req_send ts_ns=3624101 id=34 clt=1 wrkr=8 slot=1 size=17 src=client:1 dst=worker:8
event=resp_rdma_read ts_ns=3661411 id=16 start_ns=67862 dur_ns=3593549 clt=1 wrkr=6 slot=0 size=1024008 src=worker:6 dst=client:1
event=req_send ts_ns=3661411 id=35 clt=1 wrkr=4 slot=1 size=17 src=client:1 dst=worker:4
event=resp_recv_ud ts_ns=3670106 id=34 clt=1 wrkr=8 slot=1 size=41 src=worker:8 dst=client:1
event=hand_send ts_ns=3678753 id=34 clt=1 wrkr=8 slot=1 size=10 src=client:1 dst=worker:8
event=resp_recv_ud ts_ns=3719742 id=35 clt=1 wrkr=4 slot=1 size=41 src=worker:4 dst=client:1
event=hand_send ts_ns=3728389 id=35 clt=1 wrkr=4 slot=1 size=10 src=client:1 dst=worker:4
event=resp_rdma_read ts_ns=3851122 id=19 start_ns=69873 dur_ns=3781249 clt=1 wrkr=6 slot=1 size=1024008 src=worker:6 dst=client:1
event=req_send ts_ns=3851122 id=37 clt=1 wrkr=8 slot=2 size=17 src=client:1 dst=worker:8
event=resp_recv_ud ts_ns=3890255 id=37 clt=1 wrkr=8 slot=2 size=41 src=worker:8 dst=client:1
event=hand_send ts_ns=3898902 id=37 clt=1 wrkr=8 slot=2 size=10 src=client:1 dst=worker:8
event=resp_rdma_read ts_ns=4126720 id=22 start_ns=71786 dur_ns=4054934 clt=1 wrkr=8 slot=0 size=1024008 src=worker:8 dst=client:1
event=req_send ts_ns=4126720 id=39 clt=1 wrkr=10 slot=0 size=17 src=client:1 dst=worker:10
event=resp_recv_ud ts_ns=4164591 id=39 clt=1 wrkr=10 slot=0 size=41 src=worker:10 dst=client:1
event=hand_send ts_ns=4173238 id=39 clt=1 wrkr=10 slot=0 size=10 src=client:1 dst=worker:10
event=resp_rdma_read ts_ns=5996080 id=35 start_ns=3728389 dur_ns=2267691 clt=1 wrkr=4 slot=1 size=1024008 src=worker:4 dst=client:1
event=req_send ts_ns=5996080 id=48 clt=1 wrkr=9 slot=1 size=17 src=client:1 dst=worker:9
event=resp_recv_ud ts_ns=6031896 id=48 clt=1 wrkr=9 slot=1 size=41 src=worker:9 dst=client:1
event=hand_send ts_ns=6040543 id=48 clt=1 wrkr=9 slot=1 size=10 src=client:1 dst=worker:9
event=resp_rdma_read ts_ns=6123162 id=32 start_ns=3499176 dur_ns=2623986 clt=1 wrkr=3 slot=0 size=1024008 src=worker:3 dst=client:1
event=req_send ts_ns=6123162 id=49 clt=1 wrkr=11 slot=1 size=17 src=client:1 dst=worker:11
event=resp_recv_ud ts_ns=6158211 id=49 clt=1 wrkr=11 slot=1 size=41 src=worker:11 dst=client:1
event=hand_send ts_ns=6166858 id=49 clt=1 wrkr=11 slot=1 size=10 src=client:1 dst=worker:11
event=resp_rdma_read ts_ns=6669572 id=27 start_ns=3254846 dur_ns=3414726 clt=1 wrkr=9 slot=0 size=1024008 src=worker:9 dst=client:1
event=req_send ts_ns=6669572 id=55 clt=1 wrkr=1 slot=2 size=17 src=client:1 dst=worker:1
event=resp_recv_ud ts_ns=6727442 id=55 clt=1 wrkr=1 slot=2 size=41 src=worker:1 dst=client:1
event=hand_send ts_ns=6736089 id=55 clt=1 wrkr=1 slot=2 size=10 src=client:1 dst=worker:1
event=resp_rdma_read ts_ns=6736525 id=30 start_ns=3376504 dur_ns=3360021 clt=1 wrkr=11 slot=0 size=1024008 src=worker:11 dst=client:1
event=req_send ts_ns=6736525 id=57 clt=1 wrkr=10 slot=1 size=17 src=client:1 dst=worker:10
event=resp_rdma_read ts_ns=6764490 id=37 start_ns=3898902 dur_ns=2865588 clt=1 wrkr=8 slot=2 size=1024008 src=worker:8 dst=client:1
event=req_send ts_ns=6764490 id=58 clt=1 wrkr=1 slot=3 size=17 src=client:1 dst=worker:1
event=resp_recv_ud ts_ns=6794583 id=57 clt=1 wrkr=10 slot=1 size=41 src=worker:10 dst=client:1
event=hand_send ts_ns=6803230 id=57 clt=1 wrkr=10 slot=1 size=10 src=client:1 dst=worker:10
event=resp_recv_ud ts_ns=6819908 id=58 clt=1 wrkr=1 slot=3 size=41 src=worker:1 dst=client:1
event=resp_rdma_read ts_ns=6826073 id=24 start_ns=3063302 dur_ns=3762771 clt=1 wrkr=7 slot=0 size=1024008 src=worker:7 dst=client:1
event=req_send ts_ns=6826073 id=60 clt=1 wrkr=8 slot=3 size=17 src=client:1 dst=worker:8
event=hand_send ts_ns=6828555 id=58 clt=1 wrkr=1 slot=3 size=10 src=client:1 dst=worker:1
event=resp_recv_ud ts_ns=6886112 id=60 clt=1 wrkr=8 slot=3 size=41 src=worker:8 dst=client:1
event=hand_send ts_ns=6894759 id=60 clt=1 wrkr=8 slot=3 size=10 src=client:1 dst=worker:8
event=resp_rdma_read ts_ns=7023395 id=39 start_ns=4173238 dur_ns=2850157 clt=1 wrkr=10 slot=0 size=1024008 src=worker:10 dst=client:1
event=req_send ts_ns=7023395 id=61 clt=1 wrkr=9 slot=2 size=17 src=client:1 dst=worker:9
event=resp_rdma_read ts_ns=7061704 id=34 start_ns=3678753 dur_ns=3382951 clt=1 wrkr=8 slot=1 size=1024008 src=worker:8 dst=client:1
event=req_send ts_ns=7061704 id=63 clt=1 wrkr=5 slot=0 size=17 src=client:1 dst=worker:5
event=resp_recv_ud ts_ns=7061924 id=61 clt=1 wrkr=9 slot=2 size=41 src=worker:9 dst=client:1
event=hand_send ts_ns=7070571 id=61 clt=1 wrkr=9 slot=2 size=10 src=client:1 dst=worker:9
event=resp_recv_ud ts_ns=7124187 id=63 clt=1 wrkr=5 slot=0 size=41 src=worker:5 dst=client:1
event=hand_send ts_ns=7132834 id=63 clt=1 wrkr=5 slot=0 size=10 src=client:1 dst=worker:5
event=resp_rdma_read ts_ns=8727098 id=48 start_ns=6040543 dur_ns=2686555 clt=1 wrkr=9 slot=1 size=1024008 src=worker:9 dst=client:1
event=req_send ts_ns=8727098 id=72 clt=1 wrkr=7 slot=1 size=17 src=client:1 dst=worker:7
event=resp_recv_ud ts_ns=8769248 id=72 clt=1 wrkr=7 slot=1 size=41 src=worker:7 dst=client:1
event=hand_send ts_ns=8777895 id=72 clt=1 wrkr=7 slot=1 size=10 src=client:1 dst=worker:7
event=resp_rdma_read ts_ns=8896454 id=49 start_ns=6166858 dur_ns=2729596 clt=1 wrkr=11 slot=1 size=1024008 src=worker:11 dst=client:1
event=req_send ts_ns=8896454 id=74 clt=1 wrkr=6 slot=2 size=17 src=client:1 dst=worker:6
event=resp_recv_ud ts_ns=8935673 id=74 clt=1 wrkr=6 slot=2 size=41 src=worker:6 dst=client:1
event=hand_send ts_ns=8944320 id=74 clt=1 wrkr=6 slot=2 size=10 src=client:1 dst=worker:6
event=resp_rdma_read ts_ns=9789937 id=60 start_ns=6894759 dur_ns=2895178 clt=1 wrkr=8 slot=3 size=1024008 src=worker:8 dst=client:1
event=req_send ts_ns=9789937 id=79 clt=1 wrkr=9 slot=3 size=17 src=client:1 dst=worker:9
event=resp_recv_ud ts_ns=9825863 id=79 clt=1 wrkr=9 slot=3 size=41 src=worker:9 dst=client:1
event=hand_send ts_ns=9834510 id=79 clt=1 wrkr=9 slot=3 size=10 src=client:1 dst=worker:9
event=resp_rdma_read ts_ns=9945102 id=55 start_ns=6736089 dur_ns=3209013 clt=1 wrkr=1 slot=2 size=1024008 src=worker:1 dst=client:1
event=req_send ts_ns=9945102 id=81 clt=1 wrkr=0 slot=1 size=17 src=client:1 dst=worker:0
event=resp_recv_ud ts_ns=9997656 id=81 clt=1 wrkr=0 slot=1 size=41 src=worker:0 dst=client:1
event=hand_send ts_ns=10006303 id=81 clt=1 wrkr=0 slot=1 size=10 src=client:1 dst=worker:0
event=resp_rdma_read ts_ns=10215378 id=57 start_ns=6803230 dur_ns=3412148 clt=1 wrkr=10 slot=1 size=1024008 src=worker:10 dst=client:1
event=req_send ts_ns=10215378 id=82 clt=1 wrkr=0 slot=2 size=17 src=client:1 dst=worker:0
event=resp_rdma_read ts_ns=10241163 id=58 start_ns=6828555 dur_ns=3412608 clt=1 wrkr=1 slot=3 size=1024008 src=worker:1 dst=client:1
event=req_send ts_ns=10241163 id=83 clt=1 wrkr=1 slot=4 size=17 src=client:1 dst=worker:1
event=resp_recv_ud ts_ns=10250853 id=82 clt=1 wrkr=0 slot=2 size=41 src=worker:0 dst=client:1
event=hand_send ts_ns=10259500 id=82 clt=1 wrkr=0 slot=2 size=10 src=client:1 dst=worker:0
event=resp_recv_ud ts_ns=10296159 id=83 clt=1 wrkr=1 slot=4 size=41 src=worker:1 dst=client:1
event=hand_send ts_ns=10304806 id=83 clt=1 wrkr=1 slot=4 size=10 src=client:1 dst=worker:1
event=resp_rdma_read ts_ns=10663817 id=61 start_ns=7070571 dur_ns=3593246 clt=1 wrkr=9 slot=2 size=1024008 src=worker:9 dst=client:1
event=req_send ts_ns=10663817 id=91 clt=1 wrkr=10 slot=2 size=17 src=client:1 dst=worker:10
event=resp_recv_ud ts_ns=10723981 id=91 clt=1 wrkr=10 slot=2 size=41 src=worker:10 dst=client:1
event=hand_send ts_ns=10732628 id=91 clt=1 wrkr=10 slot=2 size=10 src=client:1 dst=worker:10
event=resp_rdma_read ts_ns=10894682 id=63 start_ns=7132834 dur_ns=3761848 clt=1 wrkr=5 slot=0 size=1024008 src=worker:5 dst=client:1
event=req_send ts_ns=10894682 id=93 clt=1 wrkr=1 slot=5 size=17 src=client:1 dst=worker:1
event=resp_recv_ud ts_ns=10940570 id=93 clt=1 wrkr=1 slot=5 size=41 src=worker:1 dst=client:1
event=hand_send ts_ns=10949217 id=93 clt=1 wrkr=1 slot=5 size=10 src=client:1 dst=worker:1
event=resp_rdma_read ts_ns=11479838 id=74 start_ns=8944320 dur_ns=2535518 clt=1 wrkr=6 slot=2 size=1024008 src=worker:6 dst=client:1
event=req_send ts_ns=11479838 id=97 clt=1 wrkr=8 slot=4 size=17 src=client:1 dst=worker:8
event=resp_recv_ud ts_ns=11528312 id=97 clt=1 wrkr=8 slot=4 size=41 src=worker:8 dst=client:1
event=hand_send ts_ns=11536959 id=97 clt=1 wrkr=8 slot=4 size=10 src=client:1 dst=worker:8
event=resp_rdma_read ts_ns=11887812 id=72 start_ns=8777895 dur_ns=3109917 clt=1 wrkr=7 slot=1 size=1024008 src=worker:7 dst=client:1
event=req_send ts_ns=11887812 id=100 clt=1 wrkr=3 slot=1 size=17 src=client:1 dst=worker:3
event=resp_recv_ud ts_ns=11937770 id=100 clt=1 wrkr=3 slot=1 size=41 src=worker:3 dst=client:1
event=hand_send ts_ns=11946417 id=100 clt=1 wrkr=3 slot=1 size=10 src=client:1 dst=worker:3
event=resp_rdma_read ts_ns=12426482 id=81 start_ns=10006303 dur_ns=2420179 clt=1 wrkr=0 slot=1 size=1024008 src=worker:0 dst=client:1
event=req_send ts_ns=12426482 id=102 clt=1 wrkr=0 slot=3 size=17 src=client:1 dst=worker:0
event=resp_recv_ud ts_ns=12465780 id=102 clt=1 wrkr=0 slot=3 size=41 src=worker:0 dst=client:1
event=hand_send ts_ns=12474427 id=102 clt=1 wrkr=0 slot=3 size=10 src=client:1 dst=worker:0
event=resp_rdma_read ts_ns=12542405 id=79 start_ns=9834510 dur_ns=2707895 clt=1 wrkr=9 slot=3 size=1024008 src=worker:9 dst=client:1
event=req_send ts_ns=12542405 id=104 clt=1 wrkr=2 slot=1 size=17 src=client:1 dst=worker:2
event=resp_recv_ud ts_ns=12583336 id=104 clt=1 wrkr=2 slot=1 size=41 src=worker:2 dst=client:1
event=hand_send ts_ns=12591983 id=104 clt=1 wrkr=2 slot=1 size=10 src=client:1 dst=worker:2
event=resp_rdma_read ts_ns=13214100 id=82 start_ns=10259500 dur_ns=2954600 clt=1 wrkr=0 slot=2 size=1024008 src=worker:0 dst=client:1
event=req_send ts_ns=13214100 id=108 clt=1 wrkr=9 slot=4 size=17 src=client:1 dst=worker:9
event=resp_recv_ud ts_ns=13249585 id=108 clt=1 wrkr=9 slot=4 size=41 src=worker:9 dst=client:1
event=hand_send ts_ns=13258232 id=108 clt=1 wrkr=9 slot=4 size=10 src=client:1 dst=worker:9
event=resp_rdma_read ts_ns=13317696 id=93 start_ns=10949217 dur_ns=2368479 clt=1 wrkr=1 slot=5 size=1024008 src=worker:1 dst=client:1
event=req_send ts_ns=13317696 id=110 clt=1 wrkr=7 slot=2 size=17 src=client:1 dst=worker:7
event=resp_rdma_read ts_ns=13341891 id=83 start_ns=10304806 dur_ns=3037085 clt=1 wrkr=1 slot=4 size=1024008 src=worker:1 dst=client:1
event=req_send ts_ns=13341891 id=111 clt=1 wrkr=6 slot=3 size=17 src=client:1 dst=worker:6
event=resp_recv_ud ts_ns=13375515 id=110 clt=1 wrkr=7 slot=2 size=41 src=worker:7 dst=client:1
event=hand_send ts_ns=13384162 id=110 clt=1 wrkr=7 slot=2 size=10 src=client:1 dst=worker:7
event=resp_recv_ud ts_ns=13398011 id=111 clt=1 wrkr=6 slot=3 size=41 src=worker:6 dst=client:1
event=hand_send ts_ns=13406658 id=111 clt=1 wrkr=6 slot=3 size=10 src=client:1 dst=worker:6
event=resp_rdma_read ts_ns=13810691 id=91 start_ns=10732628 dur_ns=3078063 clt=1 wrkr=10 slot=2 size=1024008 src=worker:10 dst=client:1
event=req_send ts_ns=13810691 id=114 clt=1 wrkr=11 slot=2 size=17 src=client:1 dst=worker:11
event=resp_recv_ud ts_ns=13851893 id=114 clt=1 wrkr=11 slot=2 size=41 src=worker:11 dst=client:1
event=hand_send ts_ns=13860540 id=114 clt=1 wrkr=11 slot=2 size=10 src=client:1 dst=worker:11
event=resp_rdma_read ts_ns=13936355 id=97 start_ns=11536959 dur_ns=2399396 clt=1 wrkr=8 slot=4 size=1024008 src=worker:8 dst=client:1
event=req_send ts_ns=13936355 id=116 clt=1 wrkr=11 slot=3 size=17 src=client:1 dst=worker:11
event=resp_recv_ud ts_ns=13994904 id=116 clt=1 wrkr=11 slot=3 size=41 src=worker:11 dst=client:1
event=hand_send ts_ns=14003551 id=116 clt=1 wrkr=11 slot=3 size=10 src=client:1 dst=worker:11
event=resp_rdma_read ts_ns=14619176 id=100 start_ns=11946417 dur_ns=2672759 clt=1 wrkr=3 slot=1 size=1024008 src=worker:3 dst=client:1
event=req_send ts_ns=14619176 id=122 clt=1 wrkr=0 slot=4 size=17 src=client:1 dst=worker:0
event=resp_recv_ud ts_ns=14679373 id=122 clt=1 wrkr=0 slot=4 size=41 src=worker:0 dst=client:1
event=hand_send ts_ns=14688020 id=122 clt=1 wrkr=0 slot=4 size=10 src=client:1 dst=worker:0
event=resp_rdma_read ts_ns=15076578 id=104 start_ns=12591983 dur_ns=2484595 clt=1 wrkr=2 slot=1 size=1024008 src=worker:2 dst=client:1
event=req_send ts_ns=15076578 id=126 clt=1 wrkr=1 slot=6 size=17 src=client:1 dst=worker:1
event=resp_recv_ud ts_ns=15112722 id=126 clt=1 wrkr=1 slot=6 size=41 src=worker:1 dst=client:1
event=hand_send ts_ns=15121369 id=126 clt=1 wrkr=1 slot=6 size=10 src=client:1 dst=worker:1
event=resp_rdma_read ts_ns=15538293 id=102 start_ns=12474427 dur_ns=3063866 clt=1 wrkr=0 slot=3 size=1024008 src=worker:0 dst=client:1
event=req_send ts_ns=15538293 id=130 clt=1 wrkr=3 slot=2 size=17 src=client:1 dst=worker:3
event=resp_recv_ud ts_ns=15591630 id=130 clt=1 wrkr=3 slot=2 size=41 src=worker:3 dst=client:1
event=hand_send ts_ns=15600277 id=130 clt=1 wrkr=3 slot=2 size=10 src=client:1 dst=worker:3
event=resp_rdma_read ts_ns=15856442 id=111 start_ns=13406658 dur_ns=2449784 clt=1 wrkr=6 slot=3 size=1024008 src=worker:6 dst=client:1
event=req_send ts_ns=15856442 id=132 clt=1 wrkr=0 slot=5 size=17 src=client:1 dst=worker:0
event=resp_recv_ud ts_ns=15893205 id=132 clt=1 wrkr=0 slot=5 size=41 src=worker:0 dst=client:1
event=hand_send ts_ns=15901852 id=132 clt=1 wrkr=0 slot=5 size=10 src=client:1 dst=worker:0
event=resp_rdma_read ts_ns=15989551 id=108 start_ns=13258232 dur_ns=2731319 clt=1 wrkr=9 slot=4 size=1024008 src=worker:9 dst=client:1
event=req_send ts_ns=15989551 id=133 clt=1 wrkr=11 slot=4 size=17 src=client:1 dst=worker:11
event=resp_recv_ud ts_ns=16025501 id=133 clt=1 wrkr=11 slot=4 size=41 src=worker:11 dst=client:1
event=hand_send ts_ns=16034148 id=133 clt=1 wrkr=11 slot=4 size=10 src=client:1 dst=worker:11
event=resp_rdma_read ts_ns=16435061 id=114 start_ns=13860540 dur_ns=2574521 clt=1 wrkr=11 slot=2 size=1024008 src=worker:11 dst=client:1
event=req_send ts_ns=16435061 id=135 clt=1 wrkr=2 slot=2 size=17 src=client:1 dst=worker:2
event=resp_recv_ud ts_ns=16483177 id=135 clt=1 wrkr=2 slot=2 size=41 src=worker:2 dst=client:1
event=hand_send ts_ns=16491824 id=135 clt=1 wrkr=2 slot=2 size=10 src=client:1 dst=worker:2
event=resp_rdma_read ts_ns=16581645 id=110 start_ns=13384162 dur_ns=3197483 clt=1 wrkr=7 slot=2 size=1024008 src=worker:7 dst=client:1
event=req_send ts_ns=16581645 id=138 clt=1 wrkr=11 slot=5 size=17 src=client:1 dst=worker:11
event=resp_recv_ud ts_ns=16639382 id=138 clt=1 wrkr=11 slot=5 size=41 src=worker:11 dst=client:1
event=hand_send ts_ns=16648029 id=138 clt=1 wrkr=11 slot=5 size=10 src=client:1 dst=worker:11
event=resp_rdma_read ts_ns=16856654 id=116 start_ns=14003551 dur_ns=2853103 clt=1 wrkr=11 slot=3 size=1024008 src=worker:11 dst=client:1
event=req_send ts_ns=16856654 id=140 clt=1 wrkr=2 slot=3 size=17 src=client:1 dst=worker:2
event=resp_recv_ud ts_ns=16911940 id=140 clt=1 wrkr=2 slot=3 size=41 src=worker:2 dst=client:1
event=hand_send ts_ns=16920587 id=140 clt=1 wrkr=2 slot=3 size=10 src=client:1 dst=worker:2
event=resp_rdma_read ts_ns=17242923 id=122 start_ns=14688020 dur_ns=2554903 clt=1 wrkr=0 slot=4 size=1024008 src=worker:0 dst=client:1
event=req_send ts_ns=17242923 id=145 clt=1 wrkr=2 slot=4 size=17 src=client:1 dst=worker:2
event=resp_recv_ud ts_ns=17289148 id=145 clt=1 wrkr=2 slot=4 size=41 src=worker:2 dst=client:1
event=hand_send ts_ns=17297795 id=145 clt=1 wrkr=2 slot=4 size=10 src=client:1 dst=worker:2
event=resp_rdma_read ts_ns=18235282 id=130 start_ns=15600277 dur_ns=2635005 clt=1 wrkr=3 slot=2 size=1024008 src=worker:3 dst=client:1
event=req_send ts_ns=18235282 id=152 clt=1 wrkr=9 slot=5 size=17 src=client:1 dst=worker:9
event=resp_recv_ud ts_ns=18288008 id=152 clt=1 wrkr=9 slot=5 size=41 src=worker:9 dst=client:1
event=hand_send ts_ns=18296655 id=152 clt=1 wrkr=9 slot=5 size=10 src=client:1 dst=worker:9
event=resp_rdma_read ts_ns=18377404 id=126 start_ns=15121369 dur_ns=3256035 clt=1 wrkr=1 slot=6 size=1024008 src=worker:1 dst=client:1
event=req_send ts_ns=18377404 id=153 clt=1 wrkr=4 slot=2 size=17 src=client:1 dst=worker:4
event=resp_recv_ud ts_ns=18413336 id=153 clt=1 wrkr=4 slot=2 size=41 src=worker:4 dst=client:1
event=hand_send ts_ns=18421983 id=153 clt=1 wrkr=4 slot=2 size=10 src=client:1 dst=worker:4
event=resp_rdma_read ts_ns=18649991 id=132 start_ns=15901852 dur_ns=2748139 clt=1 wrkr=0 slot=5 size=1024008 src=worker:0 dst=client:1
event=req_send ts_ns=18649991 id=156 clt=1 wrkr=11 slot=6 size=17 src=client:1 dst=worker:11
event=resp_recv_ud ts_ns=18694776 id=156 clt=1 wrkr=11 slot=6 size=41 src=worker:11 dst=client:1
event=hand_send ts_ns=18703423 id=156 clt=1 wrkr=11 slot=6 size=10 src=client:1 dst=worker:11
event=resp_rdma_read ts_ns=18802218 id=133 start_ns=16034148 dur_ns=2768070 clt=1 wrkr=11 slot=4 size=1024008 src=worker:11 dst=client:1
event=req_send ts_ns=18802218 id=157 clt=1 wrkr=8 slot=5 size=17 src=client:1 dst=worker:8
event=resp_recv_ud ts_ns=18837892 id=157 clt=1 wrkr=8 slot=5 size=41 src=worker:8 dst=client:1
event=hand_send ts_ns=18846539 id=157 clt=1 wrkr=8 slot=5 size=10 src=client:1 dst=worker:8
event=resp_rdma_read ts_ns=19283712 id=138 start_ns=16648029 dur_ns=2635683 clt=1 wrkr=11 slot=5 size=1024008 src=worker:11 dst=client:1
event=req_send ts_ns=19283712 id=158 clt=1 wrkr=6 slot=4 size=17 src=client:1 dst=worker:6
event=resp_recv_ud ts_ns=19321009 id=158 clt=1 wrkr=6 slot=4 size=41 src=worker:6 dst=client:1
event=hand_send ts_ns=19329656 id=158 clt=1 wrkr=6 slot=4 size=10 src=client:1 dst=worker:6
event=resp_rdma_read ts_ns=19663033 id=135 start_ns=16491824 dur_ns=3171209 clt=1 wrkr=2 slot=2 size=1024008 src=worker:2 dst=client:1
event=req_send ts_ns=19663033 id=160 clt=1 wrkr=9 slot=6 size=17 src=client:1 dst=worker:9
event=resp_recv_ud ts_ns=19707606 id=160 clt=1 wrkr=9 slot=6 size=41 src=worker:9 dst=client:1
event=hand_send ts_ns=19716253 id=160 clt=1 wrkr=9 slot=6 size=10 src=client:1 dst=worker:9
event=resp_rdma_read ts_ns=20013549 id=140 start_ns=16920587 dur_ns=3092962 clt=1 wrkr=2 slot=3 size=1024008 src=worker:2 dst=client:1
event=req_send ts_ns=20013549 id=165 clt=1 wrkr=3 slot=3 size=17 src=client:1 dst=worker:3
event=resp_recv_ud ts_ns=20049534 id=165 clt=1 wrkr=3 slot=3 size=41 src=worker:3 dst=client:1
event=hand_send ts_ns=20058181 id=165 clt=1 wrkr=3 slot=3 size=10 src=client:1 dst=worker:3
event=resp_rdma_read ts_ns=20684007 id=145 start_ns=17297795 dur_ns=3386212 clt=1 wrkr=2 slot=4 size=1024008 src=worker:2 dst=client:1
event=req_send ts_ns=20684007 id=173 clt=1 wrkr=5 slot=1 size=17 src=client:1 dst=worker:5
event=resp_recv_ud ts_ns=20721357 id=173 clt=1 wrkr=5 slot=1 size=41 src=worker:5 dst=client:1
event=hand_send ts_ns=20730004 id=173 clt=1 wrkr=5 slot=1 size=10 src=client:1 dst=worker:5
event=resp_rdma_read ts_ns=20965352 id=152 start_ns=18296655 dur_ns=2668697 clt=1 wrkr=9 slot=5 size=1024008 src=worker:9 dst=client:1
event=req_send ts_ns=20965352 id=175 clt=1 wrkr=4 slot=3 size=17 src=client:1 dst=worker:4
event=resp_recv_ud ts_ns=21011009 id=175 clt=1 wrkr=4 slot=3 size=41 src=worker:4 dst=client:1
event=hand_send ts_ns=21019656 id=175 clt=1 wrkr=4 slot=3 size=10 src=client:1 dst=worker:4
event=resp_rdma_read ts_ns=21043001 id=156 start_ns=18703423 dur_ns=2339578 clt=1 wrkr=11 slot=6 size=1024008 src=worker:11 dst=client:1
event=req_send ts_ns=21043001 id=176 clt=1 wrkr=6 slot=5 size=17 src=client:1 dst=worker:6
event=resp_recv_ud ts_ns=21095199 id=176 clt=1 wrkr=6 slot=5 size=41 src=worker:6 dst=client:1
event=hand_send ts_ns=21103846 id=176 clt=1 wrkr=6 slot=5 size=10 src=client:1 dst=worker:6
event=resp_rdma_read ts_ns=21159746 id=153 start_ns=18421983 dur_ns=2737763 clt=1 wrkr=4 slot=2 size=1024008 src=worker:4 dst=client:1
event=req_send ts_ns=21159746 id=178 clt=1 wrkr=9 slot=7 size=17 src=client:1 dst=worker:9
event=resp_recv_ud ts_ns=21203502 id=178 clt=1 wrkr=9 slot=7 size=41 src=worker:9 dst=client:1
event=hand_send ts_ns=21212149 id=178 clt=1 wrkr=9 slot=7 size=10 src=client:1 dst=worker:9
event=resp_rdma_read ts_ns=21610233 id=157 start_ns=18846539 dur_ns=2763694 clt=1 wrkr=8 slot=5 size=1024008 src=worker:8 dst=client:1
event=req_send ts_ns=21610233 id=180 clt=1 wrkr=8 slot=6 size=17 src=client:1 dst=worker:8
event=resp_recv_ud ts_ns=21646935 id=180 clt=1 wrkr=8 slot=6 size=41 src=worker:8 dst=client:1
event=hand_send ts_ns=21655582 id=180 clt=1 wrkr=8 slot=6 size=10 src=client:1 dst=worker:8
event=resp_rdma_read ts_ns=22085057 id=158 start_ns=19329656 dur_ns=2755401 clt=1 wrkr=6 slot=4 size=1024008 src=worker:6 dst=client:1
event=req_send ts_ns=22085057 id=182 clt=1 wrkr=10 slot=3 size=17 src=client:1 dst=worker:10
event=resp_recv_ud ts_ns=22122169 id=182 clt=1 wrkr=10 slot=3 size=41 src=worker:10 dst=client:1
event=hand_send ts_ns=22130816 id=182 clt=1 wrkr=10 slot=3 size=10 src=client:1 dst=worker:10
event=resp_rdma_read ts_ns=22846902 id=160 start_ns=19716253 dur_ns=3130649 clt=1 wrkr=9 slot=6 size=1024008 src=worker:9 dst=client:1
event=req_send ts_ns=22846902 id=187 clt=1 wrkr=3 slot=4 size=17 src=client:1 dst=worker:3
event=resp_recv_ud ts_ns=22903733 id=187 clt=1 wrkr=3 slot=4 size=41 src=worker:3 dst=client:1
event=hand_send ts_ns=22912380 id=187 clt=1 wrkr=3 slot=4 size=10 src=client:1 dst=worker:3
event=resp_rdma_read ts_ns=23417249 id=165 start_ns=20058181 dur_ns=3359068 clt=1 wrkr=3 slot=3 size=1024008 src=worker:3 dst=client:1
event=req_send ts_ns=23417249 id=195 clt=1 wrkr=4 slot=4 size=17 src=client:1 dst=worker:4
event=resp_recv_ud ts_ns=23468886 id=195 clt=1 wrkr=4 slot=4 size=41 src=worker:4 dst=client:1
event=hand_send ts_ns=23477533 id=195 clt=1 wrkr=4 slot=4 size=10 src=client:1 dst=worker:4
event=resp_rdma_read ts_ns=23554228 id=178 start_ns=21212149 dur_ns=2342079 clt=1 wrkr=9 slot=7 size=1024008 src=worker:9 dst=client:1
event=req_send ts_ns=23554228 id=196 clt=1 wrkr=4 slot=5 size=17 src=client:1 dst=worker:4
event=resp_rdma_read ts_ns=23560931 id=173 start_ns=20730004 dur_ns=2830927 clt=1 wrkr=5 slot=1 size=1024008 src=worker:5 dst=client:1
event=req_send ts_ns=23560931 id=197 clt=1 wrkr=6 slot=6 size=17 src=client:1 dst=worker:6
event=resp_recv_ud ts_ns=23594219 id=196 clt=1 wrkr=4 slot=5 size=41 src=worker:4 dst=client:1
event=hand_send ts_ns=23602866 id=196 clt=1 wrkr=4 slot=5 size=10 src=client:1 dst=worker:4
event=resp_recv_ud ts_ns=23612391 id=197 clt=1 wrkr=6 slot=6 size=41 src=worker:6 dst=client:1
event=hand_send ts_ns=23621038 id=197 clt=1 wrkr=6 slot=6 size=10 src=client:1 dst=worker:6
event=resp_rdma_read ts_ns=24060746 id=176 start_ns=21103846 dur_ns=2956900 clt=1 wrkr=6 slot=5 size=1024008 src=worker:6 dst=client:1
event=req_send ts_ns=24060746 id=202 clt=1 wrkr=11 slot=7 size=17 src=client:1 dst=worker:11
event=resp_recv_ud ts_ns=24097937 id=202 clt=1 wrkr=11 slot=7 size=41 src=worker:11 dst=client:1
event=hand_send ts_ns=24106584 id=202 clt=1 wrkr=11 slot=7 size=10 src=client:1 dst=worker:11
event=resp_rdma_read ts_ns=24267432 id=175 start_ns=21019656 dur_ns=3247776 clt=1 wrkr=4 slot=3 size=1024008 src=worker:4 dst=client:1
event=req_send ts_ns=24267432 id=203 clt=1 wrkr=10 slot=4 size=17 src=client:1 dst=worker:10
event=resp_recv_ud ts_ns=24304933 id=203 clt=1 wrkr=10 slot=4 size=41 src=worker:10 dst=client:1
event=hand_send ts_ns=24313580 id=203 clt=1 wrkr=10 slot=4 size=10 src=client:1 dst=worker:10
event=resp_rdma_read ts_ns=24419450 id=180 start_ns=21655582 dur_ns=2763868 clt=1 wrkr=8 slot=6 size=1024008 src=worker:8 dst=client:1
event=req_send ts_ns=24419450 id=204 clt=1 wrkr=2 slot=5 size=17 src=client:1 dst=worker:2
event=resp_recv_ud ts_ns=24456958 id=204 clt=1 wrkr=2 slot=5 size=41 src=worker:2 dst=client:1
event=hand_send ts_ns=24465605 id=204 clt=1 wrkr=2 slot=5 size=10 src=client:1 dst=worker:2
event=resp_rdma_read ts_ns=24894519 id=182 start_ns=22130816 dur_ns=2763703 clt=1 wrkr=10 slot=3 size=1024008 src=worker:10 dst=client:1
event=req_send ts_ns=24894519 id=206 clt=1 wrkr=9 slot=0 size=17 src=client:1 dst=worker:9
event=resp_recv_ud ts_ns=24932462 id=206 clt=1 wrkr=9 slot=0 size=41 src=worker:9 dst=client:1
event=hand_send ts_ns=24941109 id=206 clt=1 wrkr=9 slot=0 size=10 src=client:1 dst=worker:9
event=resp_rdma_read ts_ns=25969831 id=195 start_ns=23477533 dur_ns=2492298 clt=1 wrkr=4 slot=4 size=1024008 src=worker:4 dst=client:1
event=req_send ts_ns=25969831 id=213 clt=1 wrkr=0 slot=6 size=17 src=client:1 dst=worker:0
event=resp_recv_ud ts_ns=26015174 id=213 clt=1 wrkr=0 slot=6 size=41 src=worker:0 dst=client:1
event=hand_send ts_ns=26023821 id=213 clt=1 wrkr=0 slot=6 size=10 src=client:1 dst=worker:0
event=resp_rdma_read ts_ns=26087463 id=187 start_ns=22912380 dur_ns=3175083 clt=1 wrkr=3 slot=4 size=1024008 src=worker:3 dst=client:1
event=req_send ts_ns=26087463 id=216 clt=1 wrkr=5 slot=2 size=17 src=client:1 dst=worker:5
event=resp_recv_ud ts_ns=26143906 id=216 clt=1 wrkr=5 slot=2 size=41 src=worker:5 dst=client:1
event=hand_send ts_ns=26152553 id=216 clt=1 wrkr=5 slot=2 size=10 src=client:1 dst=worker:5
event=resp_rdma_read ts_ns=26307960 id=197 start_ns=23621038 dur_ns=2686922 clt=1 wrkr=6 slot=6 size=1024008 src=worker:6 dst=client:1
event=req_send ts_ns=26307960 id=220 clt=1 wrkr=11 slot=0 size=17 src=client:1 dst=worker:11
event=resp_recv_ud ts_ns=26369571 id=220 clt=1 wrkr=11 slot=0 size=41 src=worker:11 dst=client:1
event=hand_send ts_ns=26378218 id=220 clt=1 wrkr=11 slot=0 size=10 src=client:1 dst=worker:11
event=resp_rdma_read ts_ns=26634173 id=196 start_ns=23602866 dur_ns=3031307 clt=1 wrkr=4 slot=5 size=1024008 src=worker:4 dst=client:1
event=req_send ts_ns=26634173 id=222 clt=1 wrkr=6 slot=7 size=17 src=client:1 dst=worker:6
event=resp_recv_ud ts_ns=26672767 id=222 clt=1 wrkr=6 slot=7 size=41 src=worker:6 dst=client:1
event=hand_send ts_ns=26681414 id=222 clt=1 wrkr=6 slot=7 size=10 src=client:1 dst=worker:6
event=resp_rdma_read ts_ns=26964455 id=202 start_ns=24106584 dur_ns=2857871 clt=1 wrkr=11 slot=7 size=1024008 src=worker:11 dst=client:1
event=req_send ts_ns=26964455 id=226 clt=1 wrkr=1 slot=7 size=17 src=client:1 dst=worker:1
event=resp_recv_ud ts_ns=27002263 id=226 clt=1 wrkr=1 slot=7 size=41 src=worker:1 dst=client:1
event=hand_send ts_ns=27010910 id=226 clt=1 wrkr=1 slot=7 size=10 src=client:1 dst=worker:1
event=resp_rdma_read ts_ns=27174750 id=203 start_ns=24313580 dur_ns=2861170 clt=1 wrkr=10 slot=4 size=1024008 src=worker:10 dst=client:1
event=req_send ts_ns=27174750 id=227 clt=1 wrkr=11 slot=1 size=17 src=client:1 dst=worker:11
event=resp_recv_ud ts_ns=27212697 id=227 clt=1 wrkr=11 slot=1 size=41 src=worker:11 dst=client:1
event=hand_send ts_ns=27221344 id=227 clt=1 wrkr=11 slot=1 size=10 src=client:1 dst=worker:11
event=resp_rdma_read ts_ns=27308823 id=204 start_ns=24465605 dur_ns=2843218 clt=1 wrkr=2 slot=5 size=1024008 src=worker:2 dst=client:1
event=req_send ts_ns=27308823 id=228 clt=1 wrkr=4 slot=6 size=17 src=client:1 dst=worker:4
event=resp_recv_ud ts_ns=27346046 id=228 clt=1 wrkr=4 slot=6 size=41 src=worker:4 dst=client:1
event=hand_send ts_ns=27354693 id=228 clt=1 wrkr=4 slot=6 size=10 src=client:1 dst=worker:4
event=resp_rdma_read ts_ns=27723284 id=206 start_ns=24941109 dur_ns=2782175 clt=1 wrkr=9 slot=0 size=1024008 src=worker:9 dst=client:1
event=req_send ts_ns=27723284 id=230 clt=1 wrkr=3 slot=5 size=17 src=client:1 dst=worker:3
event=resp_recv_ud ts_ns=27760232 id=230 clt=1 wrkr=3 slot=5 size=41 src=worker:3 dst=client:1
event=hand_send ts_ns=27768879 id=230 clt=1 wrkr=3 slot=5 size=10 src=client:1 dst=worker:3
event=resp_rdma_read ts_ns=28890135 id=213 start_ns=26023821 dur_ns=2866314 clt=1 wrkr=0 slot=6 size=1024008 src=worker:0 dst=client:1
event=req_send ts_ns=28890135 id=238 clt=1 wrkr=9 slot=1 size=17 src=client:1 dst=worker:9
event=resp_recv_ud ts_ns=28925183 id=238 clt=1 wrkr=9 slot=1 size=41 src=worker:9 dst=client:1
event=hand_send ts_ns=28933830 id=238 clt=1 wrkr=9 slot=1 size=10 src=client:1 dst=worker:9
event=resp_rdma_read ts_ns=29396618 id=216 start_ns=26152553 dur_ns=3244065 clt=1 wrkr=5 slot=2 size=1024008 src=worker:5 dst=client:1
event=req_send ts_ns=29396618 id=243 clt=1 wrkr=6 slot=0 size=17 src=client:1 dst=worker:6
event=resp_recv_ud ts_ns=29446772 id=243 clt=1 wrkr=6 slot=0 size=41 src=worker:6 dst=client:1
event=hand_send ts_ns=29455419 id=243 clt=1 wrkr=6 slot=0 size=10 src=client:1 dst=worker:6
event=resp_rdma_read ts_ns=29618756 id=222 start_ns=26681414 dur_ns=2937342 clt=1 wrkr=6 slot=7 size=1024008 src=worker:6 dst=client:1
event=req_send ts_ns=29618756 id=244 clt=1 wrkr=5 slot=3 size=17 src=client:1 dst=worker:5
event=resp_recv_ud ts_ns=29656869 id=244 clt=1 wrkr=5 slot=3 size=41 src=worker:5 dst=client:1
event=hand_send ts_ns=29665516 id=244 clt=1 wrkr=5 slot=3 size=10 src=client:1 dst=worker:5
event=resp_rdma_read ts_ns=29862878 id=226 start_ns=27010910 dur_ns=2851968 clt=1 wrkr=1 slot=7 size=1024008 src=worker:1 dst=client:1
event=req_send ts_ns=29862878 id=247 clt=1 wrkr=6 slot=1 size=17 src=client:1 dst=worker:6
event=resp_rdma_read ts_ns=29898717 id=220 start_ns=26378218 dur_ns=3520499 clt=1 wrkr=11 slot=0 size=1024008 src=worker:11 dst=client:1
event=req_send ts_ns=29898717 id=248 clt=1 wrkr=9 slot=2 size=17 src=client:1 dst=worker:9
event=resp_recv_ud ts_ns=29899207 id=247 clt=1 wrkr=6 slot=1 size=41 src=worker:6 dst=client:1
event=hand_send ts_ns=29907854 id=247 clt=1 wrkr=6 slot=1 size=10 src=client:1 dst=worker:6
event=resp_recv_ud ts_ns=29949234 id=248 clt=1 wrkr=9 slot=2 size=41 src=worker:9 dst=client:1
event=hand_send ts_ns=29957881 id=248 clt=1 wrkr=9 slot=2 size=10 src=client:1 dst=worker:9
event=resp_rdma_read ts_ns=30052062 id=227 start_ns=27221344 dur_ns=2830718 clt=1 wrkr=11 slot=1 size=1024008 src=worker:11 dst=client:1
event=req_send ts_ns=30052062 id=250 clt=1 wrkr=8 slot=7 size=17 src=client:1 dst=worker:8
event=resp_recv_ud ts_ns=30096006 id=250 clt=1 wrkr=8 slot=7 size=41 src=worker:8 dst=client:1
event=hand_send ts_ns=30104653 id=250 clt=1 wrkr=8 slot=7 size=10 src=client:1 dst=worker:8
event=resp_rdma_read ts_ns=30165027 id=228 start_ns=27354693 dur_ns=2810334 clt=1 wrkr=4 slot=6 size=1024008 src=worker:4 dst=client:1
event=req_send ts_ns=30165027 id=251 clt=1 wrkr=5 slot=4 size=17 src=client:1 dst=worker:5
event=resp_recv_ud ts_ns=30205259 id=251 clt=1 wrkr=5 slot=4 size=41 src=worker:5 dst=client:1
event=hand_send ts_ns=30213906 id=251 clt=1 wrkr=5 slot=4 size=10 src=client:1 dst=worker:5
event=resp_rdma_read ts_ns=30520936 id=230 start_ns=27768879 dur_ns=2752057 clt=1 wrkr=3 slot=5 size=1024008 src=worker:3 dst=client:1
event=req_send ts_ns=30520936 id=254 clt=1 wrkr=4 slot=7 size=17 src=client:1 dst=worker:4
event=resp_recv_ud ts_ns=30558759 id=254 clt=1 wrkr=4 slot=7 size=41 src=worker:4 dst=client:1
event=hand_send ts_ns=30567406 id=254 clt=1 wrkr=4 slot=7 size=10 src=client:1 dst=worker:4
event=resp_rdma_read ts_ns=31666111 id=238 start_ns=28933830 dur_ns=2732281 clt=1 wrkr=9 slot=1 size=1024008 src=worker:9 dst=client:1
event=req_send ts_ns=31666111 id=262 clt=1 wrkr=2 slot=6 size=17 src=client:1 dst=worker:2
event=resp_recv_ud ts_ns=31702383 id=262 clt=1 wrkr=2 slot=6 size=41 src=worker:2 dst=client:1
event=hand_send ts_ns=31711030 id=262 clt=1 wrkr=2 slot=6 size=10 src=client:1 dst=worker:2
event=resp_rdma_read ts_ns=32022652 id=243 start_ns=29455419 dur_ns=2567233 clt=1 wrkr=6 slot=0 size=1024008 src=worker:6 dst=client:1
event=req_send ts_ns=32022652 id=265 clt=1 wrkr=4 slot=0 size=17 src=client:1 dst=worker:4
event=resp_recv_ud ts_ns=32057841 id=265 clt=1 wrkr=4 slot=0 size=41 src=worker:4 dst=client:1
event=hand_send ts_ns=32066488 id=265 clt=1 wrkr=4 slot=0 size=10 src=client:1 dst=worker:4
event=resp_rdma_read ts_ns=32660724 id=250 start_ns=30104653 dur_ns=2556071 clt=1 wrkr=8 slot=7 size=1024008 src=worker:8 dst=client:1
event=req_send ts_ns=32660724 id=270 clt=1 wrkr=5 slot=5 size=17 src=client:1 dst=worker:5
event=resp_recv_ud ts_ns=32717937 id=270 clt=1 wrkr=5 slot=5 size=41 src=worker:5 dst=client:1
event=hand_send ts_ns=32726584 id=270 clt=1 wrkr=5 slot=5 size=10 src=client:1 dst=worker:5
event=resp_rdma_read ts_ns=32845164 id=244 start_ns=29665516 dur_ns=3179648 clt=1 wrkr=5 slot=3 size=1024008 src=worker:5 dst=client:1
event=req_send ts_ns=32845164 id=273 clt=1 wrkr=9 slot=3 size=17 src=client:1 dst=worker:9
event=resp_recv_ud ts_ns=32904419 id=273 clt=1 wrkr=9 slot=3 size=41 src=worker:9 dst=client:1
event=hand_send ts_ns=32913066 id=273 clt=1 wrkr=9 slot=3 size=10 src=client:1 dst=worker:9
event=resp_rdma_read ts_ns=33227988 id=248 start_ns=29957881 dur_ns=3270107 clt=1 wrkr=9 slot=2 size=1024008 src=worker:9 dst=client:1
event=req_send ts_ns=33227988 id=275 clt=1 wrkr=9 slot=4 size=17 src=client:1 dst=worker:9
event=resp_rdma_read ts_ns=33243735 id=247 start_ns=29907854 dur_ns=3335881 clt=1 wrkr=6 slot=1 size=1024008 src=worker:6 dst=client:1
event=req_send ts_ns=33243735 id=276 clt=1 wrkr=7 slot=3 size=17 src=client:1 dst=worker:7
event=resp_recv_ud ts_ns=33283635 id=275 clt=1 wrkr=9 slot=4 size=41 src=worker:9 dst=client:1
event=hand_send ts_ns=33292282 id=275 clt=1 wrkr=9 slot=4 size=10 src=client:1 dst=worker:9
event=resp_recv_ud ts_ns=33300219 id=276 clt=1 wrkr=7 slot=3 size=41 src=worker:7 dst=client:1
event=hand_send ts_ns=33308866 id=276 clt=1 wrkr=7 slot=3 size=10 src=client:1 dst=worker:7
event=resp_rdma_read ts_ns=33405157 id=254 start_ns=30567406 dur_ns=2837751 clt=1 wrkr=4 slot=7 size=1024008 src=worker:4 dst=client:1
event=req_send ts_ns=33405157 id=278 clt=1 wrkr=3 slot=6 size=17 src=client:1 dst=worker:3
event=resp_rdma_read ts_ns=33417689 id=251 start_ns=30213906 dur_ns=3203783 clt=1 wrkr=5 slot=4 size=1024008 src=worker:5 dst=client:1
event=req_send ts_ns=33417689 id=279 clt=1 wrkr=11 slot=2 size=17 src=client:1 dst=worker:11
event=resp_recv_ud ts_ns=33444752 id=278 clt=1 wrkr=3 slot=6 size=41 src=worker:3 dst=client:1
event=hand_send ts_ns=33453399 id=278 clt=1 wrkr=3 slot=6 size=10 src=client:1 dst=worker:3
event=resp_recv_ud ts_ns=33464346 id=279 clt=1 wrkr=11 slot=2 size=41 src=worker:11 dst=client:1
event=hand_send ts_ns=33472993 id=279 clt=1 wrkr=11 slot=2 size=10 src=client:1 dst=worker:11
event=resp_rdma_read ts_ns=34473944 id=262 start_ns=31711030 dur_ns=2762914 clt=1 wrkr=2 slot=6 size=1024008 src=worker:2 dst=client:1
event=req_send ts_ns=34473944 id=287 clt=1 wrkr=10 slot=5 size=17 src=client:1 dst=worker:10
event=resp_recv_ud ts_ns=34510672 id=287 clt=1 wrkr=10 slot=5 size=41 src=worker:10 dst=client:1
event=hand_send ts_ns=34519319 id=287 clt=1 wrkr=10 slot=5 size=10 src=client:1 dst=worker:10
event=resp_rdma_read ts_ns=34784737 id=265 start_ns=32066488 dur_ns=2718249 clt=1 wrkr=4 slot=0 size=1024008 src=worker:4 dst=client:1
event=req_send ts_ns=34784737 id=288 clt=1 wrkr=9 slot=5 size=17 src=client:1 dst=worker:9
event=resp_recv_ud ts_ns=34821247 id=288 clt=1 wrkr=9 slot=5 size=41 src=worker:9 dst=client:1
event=hand_send ts_ns=34829894 id=288 clt=1 wrkr=9 slot=5 size=10 src=client:1 dst=worker:9
event=resp_rdma_read ts_ns=35188626 id=270 start_ns=32726584 dur_ns=2462042 clt=1 wrkr=5 slot=5 size=1024008 src=worker:5 dst=client:1
event=req_send ts_ns=35188626 id=292 clt=1 wrkr=10 slot=6 size=17 src=client:1 dst=worker:10
event=resp_recv_ud ts_ns=35247410 id=292 clt=1 wrkr=10 slot=6 size=41 src=worker:10 dst=client:1
event=hand_send ts_ns=35256057 id=292 clt=1 wrkr=10 slot=6 size=10 src=client:1 dst=worker:10
event=resp_rdma_read ts_ns=35490435 id=273 start_ns=32913066 dur_ns=2577369 clt=1 wrkr=9 slot=3 size=1024008 src=worker:9 dst=client:1
event=req_send ts_ns=35490435 id=294 clt=1 wrkr=2 slot=7 size=17 src=client:1 dst=worker:2
event=resp_recv_ud ts_ns=35526192 id=294 clt=1 wrkr=2 slot=7 size=41 src=worker:2 dst=client:1
event=hand_send ts_ns=35534839 id=294 clt=1 wrkr=2 slot=7 size=10 src=client:1 dst=worker:2
event=resp_rdma_read ts_ns=36029763 id=276 start_ns=33308866 dur_ns=2720897 clt=1 wrkr=7 slot=3 size=1024008 src=worker:7 dst=client:1
event=req_send ts_ns=36029763 id=297 clt=1 wrkr=1 slot=0 size=17 src=client:1 dst=worker:1
event=resp_recv_ud ts_ns=36068902 id=297 clt=1 wrkr=1 slot=0 size=41 src=worker:1 dst=client:1
event=hand_send ts_ns=36077549 id=297 clt=1 wrkr=1 slot=0 size=10 src=client:1 dst=worker:1
event=resp_rdma_read ts_ns=36170661 id=279 start_ns=33472993 dur_ns=2697668 clt=1 wrkr=11 slot=2 size=1024008 src=worker:11 dst=client:1
event=req_send ts_ns=36170661 id=300 clt=1 wrkr=0 slot=7 size=17 src=client:1 dst=worker:0
event=resp_recv_ud ts_ns=36208803 id=300 clt=1 wrkr=0 slot=7 size=41 src=worker:0 dst=client:1
event=hand_send ts_ns=36217450 id=300 clt=1 wrkr=0 slot=7 size=10 src=client:1 dst=worker:0
event=resp_rdma_read ts_ns=36574750 id=275 start_ns=33292282 dur_ns=3282468 clt=1 wrkr=9 slot=4 size=1024008 src=worker:9 dst=client:1
event=req_send ts_ns=36574750 id=305 clt=1 wrkr=5 slot=6 size=17 src=client:1 dst=worker:5
event=resp_recv_ud ts_ns=36629269 id=305 clt=1 wrkr=5 slot=6 size=41 src=worker:5 dst=client:1
event=hand_send ts_ns=36637916 id=305 clt=1 wrkr=5 slot=6 size=10 src=client:1 dst=worker:5
event=resp_rdma_read ts_ns=36641865 id=278 start_ns=33453399 dur_ns=3188466 clt=1 wrkr=3 slot=6 size=1024008 src=worker:3 dst=client:1
event=req_send ts_ns=36641865 id=306 clt=1 wrkr=11 slot=3 size=17 src=client:1 dst=worker:11
event=resp_recv_ud ts_ns=36694438 id=306 clt=1 wrkr=11 slot=3 size=41 src=worker:11 dst=client:1
event=hand_send ts_ns=36703085 id=306 clt=1 wrkr=11 slot=3 size=10 src=client:1 dst=worker:11
event=resp_rdma_read ts_ns=37237897 id=287 start_ns=34519319 dur_ns=2718578 clt=1 wrkr=10 slot=5 size=1024008 src=worker:10 dst=client:1
event=req_send ts_ns=37237897 id=309 clt=1 wrkr=5 slot=7 size=17 src=client:1 dst=worker:5
event=resp_recv_ud ts_ns=37275953 id=309 clt=1 wrkr=5 slot=7 size=41 src=worker:5 dst=client:1
event=hand_send ts_ns=37284600 id=309 clt=1 wrkr=5 slot=7 size=10 src=client:1 dst=worker:5
event=resp_rdma_read ts_ns=37561341 id=288 start_ns=34829894 dur_ns=2731447 clt=1 wrkr=9 slot=5 size=1024008 src=worker:9 dst=client:1
event=req_send ts_ns=37561341 id=313 clt=1 wrkr=7 slot=4 size=17 src=client:1 dst=worker:7
event=resp_recv_ud ts_ns=37599042 id=313 clt=1 wrkr=7 slot=4 size=41 src=worker:7 dst=client:1
event=hand_send ts_ns=37607689 id=313 clt=1 wrkr=7 slot=4 size=10 src=client:1 dst=worker:7
event=resp_rdma_read ts_ns=38248881 id=292 start_ns=35256057 dur_ns=2992824 clt=1 wrkr=10 slot=6 size=1024008 src=worker:10 dst=client:1
event=req_send ts_ns=38248881 id=317 clt=1 wrkr=10 slot=7 size=17 src=client:1 dst=worker:10
event=resp_rdma_read ts_ns=38263411 id=294 start_ns=35534839 dur_ns=2728572 clt=1 wrkr=2 slot=7 size=1024008 src=worker:2 dst=client:1
event=req_send ts_ns=38263411 id=318 clt=1 wrkr=1 slot=1 size=17 src=client:1 dst=worker:1
event=resp_recv_ud ts_ns=38304331 id=317 clt=1 wrkr=10 slot=7 size=41 src=worker:10 dst=client:1
event=hand_send ts_ns=38312978 id=317 clt=1 wrkr=10 slot=7 size=10 src=client:1 dst=worker:10
event=resp_recv_ud ts_ns=38319098 id=318 clt=1 wrkr=1 slot=1 size=41 src=worker:1 dst=client:1
event=hand_send ts_ns=38327745 id=318 clt=1 wrkr=1 slot=1 size=10 src=client:1 dst=worker:1
event=resp_rdma_read ts_ns=38880930 id=300 start_ns=36217450 dur_ns=2663480 clt=1 wrkr=0 slot=7 size=1024008 src=worker:0 dst=client:1
event=req_send ts_ns=38880930 id=323 clt=1 wrkr=1 slot=2 size=17 src=client:1 dst=worker:1
event=resp_recv_ud ts_ns=38917097 id=323 clt=1 wrkr=1 slot=2 size=41 src=worker:1 dst=client:1
event=hand_send ts_ns=38925744 id=323 clt=1 wrkr=1 slot=2 size=10 src=client:1 dst=worker:1
event=resp_rdma_read ts_ns=39091488 id=297 start_ns=36077549 dur_ns=3013939 clt=1 wrkr=1 slot=0 size=1024008 src=worker:1 dst=client:1
event=req_send ts_ns=39091488 id=325 clt=1 wrkr=9 slot=6 size=17 src=client:1 dst=worker:9
event=resp_recv_ud ts_ns=39138270 id=325 clt=1 wrkr=9 slot=6 size=41 src=worker:9 dst=client:1
event=hand_send ts_ns=39146917 id=325 clt=1 wrkr=9 slot=6 size=10 src=client:1 dst=worker:9
event=resp_rdma_read ts_ns=39267308 id=306 start_ns=36703085 dur_ns=2564223 clt=1 wrkr=11 slot=3 size=1024008 src=worker:11 dst=client:1
event=req_send ts_ns=39267308 id=328 clt=1 wrkr=0 slot=0 size=17 src=client:1 dst=worker:0
event=resp_recv_ud ts_ns=39325753 id=328 clt=1 wrkr=0 slot=0 size=41 src=worker:0 dst=client:1
event=hand_send ts_ns=39334400 id=328 clt=1 wrkr=0 slot=0 size=10 src=client:1 dst=worker:0
event=resp_rdma_read ts_ns=39541169 id=305 start_ns=36637916 dur_ns=2903253 clt=1 wrkr=5 slot=6 size=1024008 src=worker:5 dst=client:1
event=req_send ts_ns=39541169 id=329 clt=1 wrkr=5 slot=0 size=17 src=client:1 dst=worker:5
event=resp_recv_ud ts_ns=39577094 id=329 clt=1 wrkr=5 slot=0 size=41 src=worker:5 dst=client:1
event=hand_send ts_ns=39585741 id=329 clt=1 wrkr=5 slot=0 size=10 src=client:1 dst=worker:5
event=resp_rdma_read ts_ns=40318470 id=313 start_ns=37607689 dur_ns=2710781 clt=1 wrkr=7 slot=4 size=1024008 src=worker:7 dst=client:1
event=req_send ts_ns=40318470 id=335 clt=1 wrkr=8 slot=0 size=17 src=client:1 dst=worker:8
event=resp_recv_ud ts_ns=40354953 id=335 clt=1 wrkr=8 slot=0 size=41 src=worker:8 dst=client:1
event=hand_send ts_ns=40363600 id=335 clt=1 wrkr=8 slot=0 size=10 src=client:1 dst=worker:8
event=resp_rdma_read ts_ns=40493264 id=309 start_ns=37284600 dur_ns=3208664 clt=1 wrkr=5 slot=7 size=1024008 src=worker:5 dst=client:1
event=req_send ts_ns=40493264 id=336 clt=1 wrkr=8 slot=1 size=17 src=client:1 dst=worker:8
event=resp_recv_ud ts_ns=40529536 id=336 clt=1 wrkr=8 slot=1 size=41 src=worker:8 dst=client:1
event=hand_send ts_ns=40538183 id=336 clt=1 wrkr=8 slot=1 size=10 src=client:1 dst=worker:8
event=resp_rdma_read ts_ns=40950903 id=318 start_ns=38327745 dur_ns=2623158 clt=1 wrkr=1 slot=1 size=1024008 src=worker:1 dst=client:1
event=req_send ts_ns=40950903 id=339 clt=1 wrkr=9 slot=7 size=17 src=client:1 dst=worker:9
event=resp_recv_ud ts_ns=40986835 id=339 clt=1 wrkr=9 slot=7 size=41 src=worker:9 dst=client:1
event=hand_send ts_ns=40995482 id=339 clt=1 wrkr=9 slot=7 size=10 src=client:1 dst=worker:9
event=resp_rdma_read ts_ns=41277485 id=317 start_ns=38312978 dur_ns=2964507 clt=1 wrkr=10 slot=7 size=1024008 src=worker:10 dst=client:1
event=req_send ts_ns=41277485 id=342 clt=1 wrkr=8 slot=2 size=17 src=client:1 dst=worker:8
event=resp_recv_ud ts_ns=41332168 id=342 clt=1 wrkr=8 slot=2 size=41 src=worker:8 dst=client:1
event=hand_send ts_ns=41340815 id=342 clt=1 wrkr=8 slot=2 size=10 src=client:1 dst=worker:8
event=resp_rdma_read ts_ns=41547253 id=325 start_ns=39146917 dur_ns=2400336 clt=1 wrkr=9 slot=6 size=1024008 src=worker:9 dst=client:1
event=req_send ts_ns=41547253 id=346 clt=1 wrkr=1 slot=3 size=17 src=client:1 dst=worker:1
event=resp_recv_ud ts_ns=41583656 id=346 clt=1 wrkr=1 slot=3 size=41 src=worker:1 dst=client:1
event=hand_send ts_ns=41592303 id=346 clt=1 wrkr=1 slot=3 size=10 src=client:1 dst=worker:1
event=resp_rdma_read ts_ns=41690232 id=323 start_ns=38925744 dur_ns=2764488 clt=1 wrkr=1 slot=2 size=1024008 src=worker:1 dst=client:1
event=req_send ts_ns=41690232 id=347 clt=1 wrkr=4 slot=1 size=17 src=client:1 dst=worker:4
event=resp_recv_ud ts_ns=41726955 id=347 clt=1 wrkr=4 slot=1 size=41 src=worker:4 dst=client:1
event=hand_send ts_ns=41735602 id=347 clt=1 wrkr=4 slot=1 size=10 src=client:1 dst=worker:4
event=resp_rdma_read ts_ns=41946533 id=328 start_ns=39334400 dur_ns=2612133 clt=1 wrkr=0 slot=0 size=1024008 src=worker:0 dst=client:1
event=req_send ts_ns=41946533 id=348 clt=1 wrkr=8 slot=3 size=17 src=client:1 dst=worker:8
event=resp_recv_ud ts_ns=41984001 id=348 clt=1 wrkr=8 slot=3 size=41 src=worker:8 dst=client:1
event=hand_send ts_ns=41992648 id=348 clt=1 wrkr=8 slot=3 size=10 src=client:1 dst=worker:8
event=resp_rdma_read ts_ns=42329373 id=329 start_ns=39585741 dur_ns=2743632 clt=1 wrkr=5 slot=0 size=1024008 src=worker:5 dst=client:1
event=req_send ts_ns=42329373 id=351 clt=1 wrkr=1 slot=4 size=17 src=client:1 dst=worker:1
event=resp_recv_ud ts_ns=42383832 id=351 clt=1 wrkr=1 slot=4 size=41 src=worker:1 dst=client:1
event=hand_send ts_ns=42392479 id=351 clt=1 wrkr=1 slot=4 size=10 src=client:1 dst=worker:1
event=resp_rdma_read ts_ns=43132600 id=335 start_ns=40363600 dur_ns=2769000 clt=1 wrkr=8 slot=0 size=1024008 src=worker:8 dst=client:1
event=req_send ts_ns=43132600 id=360 clt=1 wrkr=6 slot=2 size=17 src=client:1 dst=worker:6
event=resp_recv_ud ts_ns=43179747 id=360 clt=1 wrkr=6 slot=2 size=41 src=worker:6 dst=client:1
event=hand_send ts_ns=43188394 id=360 clt=1 wrkr=6 slot=2 size=10 src=client:1 dst=worker:6
event=resp_rdma_read ts_ns=43653039 id=336 start_ns=40538183 dur_ns=3114856 clt=1 wrkr=8 slot=1 size=1024008 src=worker:8 dst=client:1
event=req_send ts_ns=43653039 id=362 clt=1 wrkr=5 slot=1 size=17 src=client:1 dst=worker:5
event=resp_recv_ud ts_ns=43691399 id=362 clt=1 wrkr=5 slot=1 size=41 src=worker:5 dst=client:1
event=hand_send ts_ns=43700046 id=362 clt=1 wrkr=5 slot=1 size=10 src=client:1 dst=worker:5
event=resp_rdma_read ts_ns=43719537 id=339 start_ns=40995482 dur_ns=2724055 clt=1 wrkr=9 slot=7 size=1024008 src=worker:9 dst=client:1
event=req_send ts_ns=43719537 id=363 clt=1 wrkr=7 slot=5 size=17 src=client:1 dst=worker:7
event=resp_recv_ud ts_ns=43766241 id=363 clt=1 wrkr=7 slot=5 size=41 src=worker:7 dst=client:1
event=hand_send ts_ns=43774888 id=363 clt=1 wrkr=7 slot=5 size=10 src=client:1 dst=worker:7
event=resp_rdma_read ts_ns=44124031 id=342 start_ns=41340815 dur_ns=2783216 clt=1 wrkr=8 slot=2 size=1024008 src=worker:8 dst=client:1
event=req_send ts_ns=44124031 id=365 clt=1 wrkr=1 slot=5 size=17 src=client:1 dst=worker:1
event=resp_recv_ud ts_ns=44173502 id=365 clt=1 wrkr=1 slot=5 size=41 src=worker:1 dst=client:1
event=hand_send ts_ns=44182149 id=365 clt=1 wrkr=1 slot=5 size=10 src=client:1 dst=worker:1
event=resp_rdma_read ts_ns=44462802 id=346 start_ns=41592303 dur_ns=2870499 clt=1 wrkr=1 slot=3 size=1024008 src=worker:1 dst=client:1
event=req_send ts_ns=44462802 id=369 clt=1 wrkr=8 slot=4 size=17 src=client:1 dst=worker:8
event=resp_recv_ud ts_ns=44507479 id=369 clt=1 wrkr=8 slot=4 size=41 src=worker:8 dst=client:1
event=hand_send ts_ns=44516126 id=369 clt=1 wrkr=8 slot=4 size=10 src=client:1 dst=worker:8
event=resp_rdma_read ts_ns=44619690 id=347 start_ns=41735602 dur_ns=2884088 clt=1 wrkr=4 slot=1 size=1024008 src=worker:4 dst=client:1
event=req_send ts_ns=44619690 id=372 clt=1 wrkr=3 slot=7 size=17 src=client:1 dst=worker:3
event=resp_recv_ud ts_ns=44666019 id=372 clt=1 wrkr=3 slot=7 size=41 src=worker:3 dst=client:1
event=hand_send ts_ns=44674666 id=372 clt=1 wrkr=3 slot=7 size=10 src=client:1 dst=worker:3
event=resp_rdma_read ts_ns=45270326 id=348 start_ns=41992648 dur_ns=3277678 clt=1 wrkr=8 slot=3 size=1024008 src=worker:8 dst=client:1
event=req_send ts_ns=45270326 id=374 clt=1 wrkr=11 slot=4 size=17 src=client:1 dst=worker:11
event=resp_recv_ud ts_ns=45308309 id=374 clt=1 wrkr=11 slot=4 size=41 src=worker:11 dst=client:1
event=hand_send ts_ns=45316956 id=374 clt=1 wrkr=11 slot=4 size=10 src=client:1 dst=worker:11
event=resp_rdma_read ts_ns=45543291 id=351 start_ns=42392479 dur_ns=3150812 clt=1 wrkr=1 slot=4 size=1024008 src=worker:1 dst=client:1
event=req_send ts_ns=45543291 id=377 clt=1 wrkr=9 slot=0 size=17 src=client:1 dst=worker:9
event=resp_recv_ud ts_ns=45592183 id=377 clt=1 wrkr=9 slot=0 size=41 src=worker:9 dst=client:1
event=hand_send ts_ns=45600830 id=377 clt=1 wrkr=9 slot=0 size=10 src=client:1 dst=worker:9
event=resp_rdma_read ts_ns=45611444 id=360 start_ns=43188394 dur_ns=2423050 clt=1 wrkr=6 slot=2 size=1024008 src=worker:6 dst=client:1
event=req_send ts_ns=45611444 id=378 clt=1 wrkr=11 slot=5 size=17 src=client:1 dst=worker:11
event=resp_recv_ud ts_ns=45660794 id=378 clt=1 wrkr=11 slot=5 size=41 src=worker:11 dst=client:1
event=hand_send ts_ns=45669441 id=378 clt=1 wrkr=11 slot=5 size=10 src=client:1 dst=worker:11
event=resp_rdma_read ts_ns=46075075 id=363 start_ns=43774888 dur_ns=2300187 clt=1 wrkr=7 slot=5 size=1024008 src=worker:7 dst=client:1
event=req_send ts_ns=46075075 id=382 clt=1 wrkr=4 slot=2 size=17 src=client:1 dst=worker:4
event=resp_recv_ud ts_ns=46111298 id=382 clt=1 wrkr=4 slot=2 size=41 src=worker:4 dst=client:1
event=hand_send ts_ns=46119945 id=382 clt=1 wrkr=4 slot=2 size=10 src=client:1 dst=worker:4
event=resp_rdma_read ts_ns=46572624 id=362 start_ns=43700046 dur_ns=2872578 clt=1 wrkr=5 slot=1 size=1024008 src=worker:5 dst=client:1
event=req_send ts_ns=46572624 id=387 clt=1 wrkr=7 slot=6 size=17 src=client:1 dst=worker:7
event=resp_recv_ud ts_ns=46608788 id=387 clt=1 wrkr=7 slot=6 size=41 src=worker:7 dst=client:1
event=hand_send ts_ns=46617435 id=387 clt=1 wrkr=7 slot=6 size=10 src=client:1 dst=worker:7
event=resp_rdma_read ts_ns=46715175 id=369 start_ns=44516126 dur_ns=2199049 clt=1 wrkr=8 slot=4 size=1024008 src=worker:8 dst=client:1
event=req_send ts_ns=46715175 id=389 clt=1 wrkr=0 slot=1 size=17 src=client:1 dst=worker:0
event=resp_recv_ud ts_ns=46762713 id=389 clt=1 wrkr=0 slot=1 size=41 src=worker:0 dst=client:1
event=hand_send ts_ns=46771360 id=389 clt=1 wrkr=0 slot=1 size=10 src=client:1 dst=worker:0
event=resp_rdma_read ts_ns=46835238 id=365 start_ns=44182149 dur_ns=2653089 clt=1 wrkr=1 slot=5 size=1024008 src=worker:1 dst=client:1
event=req_send ts_ns=46835238 id=390 clt=1 wrkr=5 slot=2 size=17 src=client:1 dst=worker:5
event=resp_recv_ud ts_ns=46872131 id=390 clt=1 wrkr=5 slot=2 size=41 src=worker:5 dst=client:1
event=hand_send ts_ns=46880778 id=390 clt=1 wrkr=5 slot=2 size=10 src=client:1 dst=worker:5
event=resp_rdma_read ts_ns=47112549 id=372 start_ns=44674666 dur_ns=2437883 clt=1 wrkr=3 slot=7 size=1024008 src=worker:3 dst=client:1
event=req_send ts_ns=47112549 id=392 clt=1 wrkr=9 slot=1 size=17 src=client:1 dst=worker:9
event=resp_recv_ud ts_ns=47150887 id=392 clt=1 wrkr=9 slot=1 size=41 src=worker:9 dst=client:1
event=hand_send ts_ns=47159534 id=392 clt=1 wrkr=9 slot=1 size=10 src=client:1 dst=worker:9
event=resp_rdma_read ts_ns=48103285 id=378 start_ns=45669441 dur_ns=2433844 clt=1 wrkr=11 slot=5 size=1024008 src=worker:11 dst=client:1
event=req_send ts_ns=48103285 id=398 clt=1 wrkr=2 slot=0 size=17 src=client:1 dst=worker:2
event=resp_recv_ud ts_ns=48139550 id=398 clt=1 wrkr=2 slot=0 size=41 src=worker:2 dst=client:1
event=hand_send ts_ns=48148197 id=398 clt=1 wrkr=2 slot=0 size=10 src=client:1 dst=worker:2
event=resp_rdma_read ts_ns=48167386 id=374 start_ns=45316956 dur_ns=2850430 clt=1 wrkr=11 slot=4 size=1024008 src=worker:11 dst=client:1
event=req_send ts_ns=48167386 id=400 clt=1 wrkr=1 slot=6 size=17 src=client:1 dst=worker:1
event=resp_recv_ud ts_ns=48224643 id=400 clt=1 wrkr=1 slot=6 size=41 src=worker:1 dst=client:1
event=hand_send ts_ns=48233290 id=400 clt=1 wrkr=1 slot=6 size=10 src=client:1 dst=worker:1
event=resp_rdma_read ts_ns=48611021 id=377 start_ns=45600830 dur_ns=3010191 clt=1 wrkr=9 slot=0 size=1024008 src=worker:9 dst=client:1
event=req_send ts_ns=48611021 id=403 clt=1 wrkr=9 slot=2 size=17 src=client:1 dst=worker:9
event=resp_recv_ud ts_ns=48655611 id=403 clt=1 wrkr=9 slot=2 size=41 src=worker:9 dst=client:1
event=hand_send ts_ns=48664258 id=403 clt=1 wrkr=9 slot=2 size=10 src=client:1 dst=worker:9
event=resp_rdma_read ts_ns=48907198 id=382 start_ns=46119945 dur_ns=2787253 clt=1 wrkr=4 slot=2 size=1024008 src=worker:4 dst=client:1
event=req_send ts_ns=48907198 id=407 clt=1 wrkr=4 slot=3 size=17 src=client:1 dst=worker:4
event=resp_recv_ud ts_ns=48943852 id=407 clt=1 wrkr=4 slot=3 size=41 src=worker:4 dst=client:1
event=hand_send ts_ns=48952499 id=407 clt=1 wrkr=4 slot=3 size=10 src=client:1 dst=worker:4
event=resp_rdma_read ts_ns=49232630 id=389 start_ns=46771360 dur_ns=2461270 clt=1 wrkr=0 slot=1 size=1024008 src=worker:0 dst=client:1
event=req_send ts_ns=49232630 id=410 clt=1 wrkr=1 slot=7 size=17 src=client:1 dst=worker:1
event=resp_recv_ud ts_ns=49269598 id=410 clt=1 wrkr=1 slot=7 size=41 src=worker:1 dst=client:1
event=hand_send ts_ns=49278245 id=410 clt=1 wrkr=1 slot=7 size=10 src=client:1 dst=worker:1
event=resp_rdma_read ts_ns=49360541 id=387 start_ns=46617435 dur_ns=2743106 clt=1 wrkr=7 slot=6 size=1024008 src=worker:7 dst=client:1
event=req_send ts_ns=49360541 id=411 clt=1 wrkr=4 slot=4 size=17 src=client:1 dst=worker:4
event=resp_recv_ud ts_ns=49397940 id=411 clt=1 wrkr=4 slot=4 size=41 src=worker:4 dst=client:1
event=hand_send ts_ns=49406587 id=411 clt=1 wrkr=4 slot=4 size=10 src=client:1 dst=worker:4
event=resp_rdma_read ts_ns=49606956 id=390 start_ns=46880778 dur_ns=2726178 clt=1 wrkr=5 slot=2 size=1024008 src=worker:5 dst=client:1
event=req_send ts_ns=49606956 id=413 clt=1 wrkr=10 slot=0 size=17 src=client:1 dst=worker:10
event=resp_recv_ud ts_ns=49645625 id=413 clt=1 wrkr=10 slot=0 size=41 src=worker:10 dst=client:1
event=hand_send ts_ns=49654272 id=413 clt=1 wrkr=10 slot=0 size=10 src=client:1 dst=worker:10
event=resp_rdma_read ts_ns=50387223 id=392 start_ns=47159534 dur_ns=3227689 clt=1 wrkr=9 slot=1 size=1024008 src=worker:9 dst=client:1
event=req_send ts_ns=50387223 id=420 clt=1 wrkr=4 slot=5 size=17 src=client:1 dst=worker:4
event=resp_recv_ud ts_ns=50445045 id=420 clt=1 wrkr=4 slot=5 size=41 src=worker:4 dst=client:1
event=hand_send ts_ns=50453692 id=420 clt=1 wrkr=4 slot=5 size=10 src=client:1 dst=worker:4
event=resp_rdma_read ts_ns=51299344 id=398 start_ns=48148197 dur_ns=3151147 clt=1 wrkr=2 slot=0 size=1024008 src=worker:2 dst=client:1
event=req_send ts_ns=51299344 id=426 clt=1 wrkr=2 slot=1 size=17 src=client:1 dst=worker:2
event=resp_rdma_read ts_ns=51354489 id=400 start_ns=48233290 dur_ns=3121199 clt=1 wrkr=1 slot=6 size=1024008 src=worker:1 dst=client:1
event=req_send ts_ns=51354489 id=428 clt=1 wrkr=3 slot=0 size=17 src=client:1 dst=worker:3
event=resp_recv_ud ts_ns=51354733 id=426 clt=1 wrkr=2 slot=1 size=41 src=worker:2 dst=client:1
event=hand_send ts_ns=51363380 id=426 clt=1 wrkr=2 slot=1 size=10 src=client:1 dst=worker:2
event=resp_recv_ud ts_ns=51412498 id=428 clt=1 wrkr=3 slot=0 size=41 src=worker:3 dst=client:1
event=hand_send ts_ns=51421145 id=428 clt=1 wrkr=3 slot=0 size=10 src=client:1 dst=worker:3
event=resp_rdma_read ts_ns=51929447 id=403 start_ns=48664258 dur_ns=3265189 clt=1 wrkr=9 slot=2 size=1024008 src=worker:9 dst=client:1
event=req_send ts_ns=51929447 id=433 clt=1 wrkr=5 slot=3 size=17 src=client:1 dst=worker:5
event=resp_recv_ud ts_ns=51976287 id=433 clt=1 wrkr=5 slot=3 size=41 src=worker:5 dst=client:1
event=hand_send ts_ns=51984934 id=433 clt=1 wrkr=5 slot=3 size=10 src=client:1 dst=worker:5
event=resp_rdma_read ts_ns=52097993 id=407 start_ns=48952499 dur_ns=3145494 clt=1 wrkr=4 slot=3 size=1024008 src=worker:4 dst=client:1
event=req_send ts_ns=52097993 id=434 clt=1 wrkr=0 slot=2 size=17 src=client:1 dst=worker:0
event=resp_rdma_read ts_ns=52120313 id=410 start_ns=49278245 dur_ns=2842068 clt=1 wrkr=1 slot=7 size=1024008 src=worker:1 dst=client:1
event=req_send ts_ns=52120313 id=435 clt=1 wrkr=10 slot=1 size=17 src=client:1 dst=worker:10
event=resp_recv_ud ts_ns=52134268 id=434 clt=1 wrkr=0 slot=2 size=41 src=worker:0 dst=client:1
event=hand_send ts_ns=52142915 id=434 clt=1 wrkr=0 slot=2 size=10 src=client:1 dst=worker:0
event=resp_recv_ud ts_ns=52178534 id=435 clt=1 wrkr=10 slot=1 size=41 src=worker:10 dst=client:1
event=hand_send ts_ns=52187181 id=435 clt=1 wrkr=10 slot=1 size=10 src=client:1 dst=worker:10
event=resp_rdma_read ts_ns=52629673 id=413 start_ns=49654272 dur_ns=2975401 clt=1 wrkr=10 slot=0 size=1024008 src=worker:10 dst=client:1
event=req_send ts_ns=52629673 id=438 clt=1 wrkr=10 slot=2 size=17 src=client:1 dst=worker:10
event=resp_recv_ud ts_ns=52668600 id=438 clt=1 wrkr=10 slot=2 size=41 src=worker:10 dst=client:1
event=hand_send ts_ns=52677247 id=438 clt=1 wrkr=10 slot=2 size=10 src=client:1 dst=worker:10
event=resp_rdma_read ts_ns=52741739 id=411 start_ns=49406587 dur_ns=3335152 clt=1 wrkr=4 slot=4 size=1024008 src=worker:4 dst=client:1
event=req_send ts_ns=52741739 id=440 clt=1 wrkr=5 slot=4 size=17 src=client:1 dst=worker:5
event=resp_recv_ud ts_ns=52783594 id=440 clt=1 wrkr=5 slot=4 size=41 src=worker:5 dst=client:1
event=hand_send ts_ns=52792241 id=440 clt=1 wrkr=5 slot=4 size=10 src=client:1 dst=worker:5
event=resp_rdma_read ts_ns=52922831 id=420 start_ns=50453692 dur_ns=2469139 clt=1 wrkr=4 slot=5 size=1024008 src=worker:4 dst=client:1
event=req_send ts_ns=52922831 id=442 clt=1 wrkr=7 slot=7 size=17 src=client:1 dst=worker:7
event=resp_recv_ud ts_ns=52958489 id=442 clt=1 wrkr=7 slot=7 size=41 src=worker:7 dst=client:1
event=hand_send ts_ns=52967136 id=442 clt=1 wrkr=7 slot=7 size=10 src=client:1 dst=worker:7
event=resp_rdma_read ts_ns=53749978 id=428 start_ns=51421145 dur_ns=2328833 clt=1 wrkr=3 slot=0 size=1024008 src=worker:3 dst=client:1
event=req_send ts_ns=53749978 id=447 clt=1 wrkr=2 slot=2 size=17 src=client:1 dst=worker:2
event=resp_recv_ud ts_ns=53786844 id=447 clt=1 wrkr=2 slot=2 size=41 src=worker:2 dst=client:1
event=hand_send ts_ns=53795491 id=447 clt=1 wrkr=2 slot=2 size=10 src=client:1 dst=worker:2
event=resp_rdma_read ts_ns=54368419 id=433 start_ns=51984934 dur_ns=2383485 clt=1 wrkr=5 slot=3 size=1024008 src=worker:5 dst=client:1
event=req_send ts_ns=54368419 id=451 clt=1 wrkr=10 slot=3 size=17 src=client:1 dst=worker:10
event=resp_recv_ud ts_ns=54404355 id=451 clt=1 wrkr=10 slot=3 size=41 src=worker:10 dst=client:1
event=resp_rdma_read ts_ns=54411078 id=426 start_ns=51363380 dur_ns=3047698 clt=1 wrkr=2 slot=1 size=1024008 src=worker:2 dst=client:1
event=req_send ts_ns=54411078 id=453 clt=1 wrkr=4 slot=6 size=17 src=client:1 dst=worker:4
event=hand_send ts_ns=54413002 id=451 clt=1 wrkr=10 slot=3 size=10 src=client:1 dst=worker:10
event=resp_recv_ud ts_ns=54465420 id=453 clt=1 wrkr=4 slot=6 size=41 src=worker:4 dst=client:1
event=hand_send ts_ns=54474067 id=453 clt=1 wrkr=4 slot=6 size=10 src=client:1 dst=worker:4
event=resp_rdma_read ts_ns=54671424 id=435 start_ns=52187181 dur_ns=2484243 clt=1 wrkr=10 slot=1 size=1024008 src=worker:10 dst=client:1
event=req_send ts_ns=54671424 id=456 clt=1 wrkr=2 slot=3 size=17 src=client:1 dst=worker:2
event=resp_recv_ud ts_ns=54707645 id=456 clt=1 wrkr=2 slot=3 size=41 src=worker:2 dst=client:1
event=hand_send ts_ns=54716292 id=456 clt=1 wrkr=2 slot=3 size=10 src=client:1 dst=worker:2
event=resp_rdma_read ts_ns=55242964 id=434 start_ns=52142915 dur_ns=3100049 clt=1 wrkr=0 slot=2 size=1024008 src=worker:0 dst=client:1
event=req_send ts_ns=55242964 id=460 clt=1 wrkr=5 slot=5 size=17 src=client:1 dst=worker:5
event=resp_recv_ud ts_ns=55292345 id=460 clt=1 wrkr=5 slot=5 size=41 src=worker:5 dst=client:1
event=hand_send ts_ns=55300992 id=460 clt=1 wrkr=5 slot=5 size=10 src=client:1 dst=worker:5
event=resp_rdma_read ts_ns=55742515 id=438 start_ns=52677247 dur_ns=3065268 clt=1 wrkr=10 slot=2 size=1024008 src=worker:10 dst=client:1
event=req_send ts_ns=55742515 id=465 clt=1 wrkr=3 slot=1 size=17 src=client:1 dst=worker:3
event=resp_recv_ud ts_ns=55779293 id=465 clt=1 wrkr=3 slot=1 size=41 src=worker:3 dst=client:1
event=hand_send ts_ns=55787940 id=465 clt=1 wrkr=3 slot=1 size=10 src=client:1 dst=worker:3
event=resp_rdma_read ts_ns=56001816 id=440 start_ns=52792241 dur_ns=3209575 clt=1 wrkr=5 slot=4 size=1024008 src=worker:5 dst=client:1
event=req_send ts_ns=56001816 id=466 clt=1 wrkr=1 slot=0 size=17 src=client:1 dst=worker:1
event=resp_recv_ud ts_ns=56039247 id=466 clt=1 wrkr=1 slot=0 size=41 src=worker:1 dst=client:1
event=hand_send ts_ns=56047894 id=466 clt=1 wrkr=1 slot=0 size=10 src=client:1 dst=worker:1
event=resp_rdma_read ts_ns=56058244 id=442 start_ns=52967136 dur_ns=3091108 clt=1 wrkr=7 slot=7 size=1024008 src=worker:7 dst=client:1
event=req_send ts_ns=56058244 id=467 clt=1 wrkr=3 slot=2 size=17 src=client:1 dst=worker:3
event=resp_recv_ud ts_ns=56110966 id=467 clt=1 wrkr=3 slot=2 size=41 src=worker:3 dst=client:1
event=hand_send ts_ns=56119613 id=467 clt=1 wrkr=3 slot=2 size=10 src=client:1 dst=worker:3
event=resp_rdma_read ts_ns=56554168 id=447 start_ns=53795491 dur_ns=2758677 clt=1 wrkr=2 slot=2 size=1024008 src=worker:2 dst=client:1
event=req_send ts_ns=56554168 id=472 clt=1 wrkr=0 slot=3 size=17 src=client:1 dst=worker:0
event=resp_recv_ud ts_ns=56589943 id=472 clt=1 wrkr=0 slot=3 size=41 src=worker:0 dst=client:1
event=hand_send ts_ns=56598590 id=472 clt=1 wrkr=0 slot=3 size=10 src=client:1 dst=worker:0
event=resp_rdma_read ts_ns=57257870 id=451 start_ns=54413002 dur_ns=2844868 clt=1 wrkr=10 slot=3 size=1024008 src=worker:10 dst=client:1
event=req_send ts_ns=57257870 id=476 clt=1 wrkr=10 slot=4 size=17 src=client:1 dst=worker:10
event=resp_rdma_read ts_ns=57269709 id=453 start_ns=54474067 dur_ns=2795642 clt=1 wrkr=4 slot=6 size=1024008 src=worker:4 dst=client:1
event=req_send ts_ns=57269709 id=477 clt=1 wrkr=10 slot=5 size=17 src=client:1 dst=worker:10
event=resp_recv_ud ts_ns=57296563 id=476 clt=1 wrkr=10 slot=4 size=41 src=worker:10 dst=client:1
event=hand_send ts_ns=57305210 id=476 clt=1 wrkr=10 slot=4 size=10 src=client:1 dst=worker:10
event=resp_recv_ud ts_ns=57315780 id=477 clt=1 wrkr=10 slot=5 size=41 src=worker:10 dst=client:1
event=hand_send ts_ns=57324427 id=477 clt=1 wrkr=10 slot=5 size=10 src=client:1 dst=worker:10
event=resp_rdma_read ts_ns=57568962 id=456 start_ns=54716292 dur_ns=2852670 clt=1 wrkr=2 slot=3 size=1024008 src=worker:2 dst=client:1
event=req_send ts_ns=57568962 id=480 clt=1 wrkr=6 slot=3 size=17 src=client:1 dst=worker:6
event=resp_recv_ud ts_ns=57603997 id=480 clt=1 wrkr=6 slot=3 size=41 src=worker:6 dst=client:1
event=hand_send ts_ns=57612644 id=480 clt=1 wrkr=6 slot=3 size=10 src=client:1 dst=worker:6
event=resp_rdma_read ts_ns=58443875 id=460 start_ns=55300992 dur_ns=3142883 clt=1 wrkr=5 slot=5 size=1024008 src=worker:5 dst=client:1
event=req_send ts_ns=58443875 id=488 clt=1 wrkr=11 slot=6 size=17 src=client:1 dst=worker:11
event=resp_recv_ud ts_ns=58499330 id=488 clt=1 wrkr=11 slot=6 size=41 src=worker:11 dst=client:1
event=hand_send ts_ns=58507977 id=488 clt=1 wrkr=11 slot=6 size=10 src=client:1 dst=worker:11
event=resp_rdma_read ts_ns=58633847 id=465 start_ns=55787940 dur_ns=2845907 clt=1 wrkr=3 slot=1 size=1024008 src=worker:3 dst=client:1
event=req_send ts_ns=58633847 id=489 clt=1 wrkr=5 slot=6 size=17 src=client:1 dst=worker:5
event=resp_recv_ud ts_ns=58669094 id=489 clt=1 wrkr=5 slot=6 size=41 src=worker:5 dst=client:1
event=hand_send ts_ns=58677741 id=489 clt=1 wrkr=5 slot=6 size=10 src=client:1 dst=worker:5
event=resp_rdma_read ts_ns=59188873 id=467 start_ns=56119613 dur_ns=3069260 clt=1 wrkr=3 slot=2 size=1024008 src=worker:3 dst=client:1
event=req_send ts_ns=59188873 id=493 clt=1 wrkr=10 slot=6 size=17 src=client:1 dst=worker:10
event=resp_recv_ud ts_ns=59225185 id=493 clt=1 wrkr=10 slot=6 size=41 src=worker:10 dst=client:1
event=hand_send ts_ns=59233832 id=493 clt=1 wrkr=10 slot=6 size=10 src=client:1 dst=worker:10
event=resp_rdma_read ts_ns=59328576 id=466 start_ns=56047894 dur_ns=3280682 clt=1 wrkr=1 slot=0 size=1024008 src=worker:1 dst=client:1
event=req_send ts_ns=59328576 id=494 clt=1 wrkr=2 slot=4 size=17 src=client:1 dst=worker:2
event=resp_recv_ud ts_ns=59364820 id=494 clt=1 wrkr=2 slot=4 size=41 src=worker:2 dst=client:1
event=resp_rdma_read ts_ns=59366444 id=472 start_ns=56598590 dur_ns=2767854 clt=1 wrkr=0 slot=3 size=1024008 src=worker:0 dst=client:1
event=req_send ts_ns=59366444 id=495 clt=1 wrkr=4 slot=7 size=17 src=client:1 dst=worker:4
event=hand_send ts_ns=59373467 id=494 clt=1 wrkr=2 slot=4 size=10 src=client:1 dst=worker:2
event=resp_recv_ud ts_ns=59412998 id=495 clt=1 wrkr=4 slot=7 size=41 src=worker:4 dst=client:1
event=hand_send ts_ns=59421645 id=495 clt=1 wrkr=4 slot=7 size=10 src=client:1 dst=worker:4
event=resp_rdma_read ts_ns=59913357 id=477 start_ns=57324427 dur_ns=2588930 clt=1 wrkr=10 slot=5 size=1024008 src=worker:10 dst=client:1
event=req_send ts_ns=59913357 id=499 clt=1 wrkr=1 slot=1 size=17 src=client:1 dst=worker:1
event=resp_recv_ud ts_ns=59949011 id=499 clt=1 wrkr=1 slot=1 size=41 src=worker:1 dst=client:1
event=hand_send ts_ns=59957658 id=499 clt=1 wrkr=1 slot=1 size=10 src=client:1 dst=worker:1
event=resp_rdma_read ts_ns=60345898 id=476 start_ns=57305210 dur_ns=3040688 clt=1 wrkr=10 slot=4 size=1024008 src=worker:10 dst=client:1
event=req_send ts_ns=60345898 id=502 clt=1 wrkr=3 slot=3 size=17 src=client:1 dst=worker:3
event=resp_rdma_read ts_ns=60368106 id=480 start_ns=57612644 dur_ns=2755462 clt=1 wrkr=6 slot=3 size=1024008 src=worker:6 dst=client:1
event=req_send ts_ns=60368106 id=503 clt=1 wrkr=10 slot=7 size=17 src=client:1 dst=worker:10
event=resp_recv_ud ts_ns=60382115 id=502 clt=1 wrkr=3 slot=3 size=41 src=worker:3 dst=client:1
event=hand_send ts_ns=60390762 id=502 clt=1 wrkr=3 slot=3 size=10 src=client:1 dst=worker:3
event=resp_recv_ud ts_ns=60425640 id=503 clt=1 wrkr=10 slot=7 size=41 src=worker:10 dst=client:1
event=hand_send ts_ns=60434287 id=503 clt=1 wrkr=10 slot=7 size=10 src=client:1 dst=worker:10
event=resp_rdma_read ts_ns=61195688 id=488 start_ns=58507977 dur_ns=2687711 clt=1 wrkr=11 slot=6 size=1024008 src=worker:11 dst=client:1
event=req_send ts_ns=61195688 id=511 clt=1 wrkr=11 slot=7 size=17 src=client:1 dst=worker:11
event=resp_recv_ud ts_ns=61240146 id=511 clt=1 wrkr=11 slot=7 size=41 src=worker:11 dst=client:1
event=hand_send ts_ns=61248793 id=511 clt=1 wrkr=11 slot=7 size=10 src=client:1 dst=worker:11
event=resp_rdma_read ts_ns=61426479 id=489 start_ns=58677741 dur_ns=2748738 clt=1 wrkr=5 slot=6 size=1024008 src=worker:5 dst=client:1
event=req_send ts_ns=61426479 id=513 clt=1 wrkr=6 slot=4 size=17 src=client:1 dst=worker:6
event=resp_recv_ud ts_ns=61479284 id=513 clt=1 wrkr=6 slot=4 size=41 src=worker:6 dst=client:1
event=hand_send ts_ns=61487931 id=513 clt=1 wrkr=6 slot=4 size=10 src=client:1 dst=worker:6
event=resp_rdma_read ts_ns=61804228 id=495 start_ns=59421645 dur_ns=2382583 clt=1 wrkr=4 slot=7 size=1024008 src=worker:4 dst=client:1
event=req_send ts_ns=61804228 id=516 clt=1 wrkr=8 slot=5 size=17 src=client:1 dst=worker:8
event=resp_recv_ud ts_ns=61852142 id=516 clt=1 wrkr=8 slot=5 size=41 src=worker:8 dst=client:1
event=hand_send ts_ns=61860789 id=516 clt=1 wrkr=8 slot=5 size=10 src=client:1 dst=worker:8
event=resp_rdma_read ts_ns=61990457 id=493 start_ns=59233832 dur_ns=2756625 clt=1 wrkr=10 slot=6 size=1024008 src=worker:10 dst=client:1
event=req_send ts_ns=61990457 id=519 clt=1 wrkr=2 slot=5 size=17 src=client:1 dst=worker:2
event=resp_recv_ud ts_ns=62042867 id=519 clt=1 wrkr=2 slot=5 size=41 src=worker:2 dst=client:1
event=hand_send ts_ns=62051514 id=519 clt=1 wrkr=2 slot=5 size=10 src=client:1 dst=worker:2
event=resp_rdma_read ts_ns=62527697 id=494 start_ns=59373467 dur_ns=3154230 clt=1 wrkr=2 slot=4 size=1024008 src=worker:2 dst=client:1
event=req_send ts_ns=62527697 id=523 clt=1 wrkr=9 slot=3 size=17 src=client:1 dst=worker:9
event=resp_recv_ud ts_ns=62586084 id=523 clt=1 wrkr=9 slot=3 size=41 src=worker:9 dst=client:1
event=hand_send ts_ns=62594731 id=523 clt=1 wrkr=9 slot=3 size=10 src=client:1 dst=worker:9
event=resp_rdma_read ts_ns=62913376 id=503 start_ns=60434287 dur_ns=2479089 clt=1 wrkr=10 slot=7 size=1024008 src=worker:10 dst=client:1
event=req_send ts_ns=62913376 id=526 clt=1 wrkr=10 slot=0 size=17 src=client:1 dst=worker:10
event=resp_recv_ud ts_ns=62972260 id=526 clt=1 wrkr=10 slot=0 size=41 src=worker:10 dst=client:1
event=hand_send ts_ns=62980907 id=526 clt=1 wrkr=10 slot=0 size=10 src=client:1 dst=worker:10
event=resp_rdma_read ts_ns=63070371 id=499 start_ns=59957658 dur_ns=3112713 clt=1 wrkr=1 slot=1 size=1024008 src=worker:1 dst=client:1
event=req_send ts_ns=63070371 id=527 clt=1 wrkr=1 slot=2 size=17 src=client:1 dst=worker:1
event=resp_recv_ud ts_ns=63106339 id=527 clt=1 wrkr=1 slot=2 size=41 src=worker:1 dst=client:1
event=hand_send ts_ns=63114986 id=527 clt=1 wrkr=1 slot=2 size=10 src=client:1 dst=worker:1
event=resp_rdma_read ts_ns=63456083 id=502 start_ns=60390762 dur_ns=3065321 clt=1 wrkr=3 slot=3 size=1024008 src=worker:3 dst=client:1
event=req_send ts_ns=63456083 id=530 clt=1 wrkr=2 slot=6 size=17 src=client:1 dst=worker:2
event=resp_recv_ud ts_ns=63512346 id=530 clt=1 wrkr=2 slot=6 size=41 src=worker:2 dst=client:1
event=hand_send ts_ns=63520993 id=530 clt=1 wrkr=2 slot=6 size=10 src=client:1 dst=worker:2
event=resp_rdma_read ts_ns=63586146 id=511 start_ns=61248793 dur_ns=2337353 clt=1 wrkr=11 slot=7 size=1024008 src=worker:11 dst=client:1
event=req_send ts_ns=63586146 id=531 clt=1 wrkr=9 slot=4 size=17 src=client:1 dst=worker:9
event=resp_recv_ud ts_ns=63623148 id=531 clt=1 wrkr=9 slot=4 size=41 src=worker:9 dst=client:1
event=hand_send ts_ns=63631795 id=531 clt=1 wrkr=9 slot=4 size=10 src=client:1 dst=worker:9
event=resp_rdma_read ts_ns=64483314 id=519 start_ns=62051514 dur_ns=2431800 clt=1 wrkr=2 slot=5 size=1024008 src=worker:2 dst=client:1
event=req_send ts_ns=64483314 id=537 clt=1 wrkr=6 slot=5 size=17 src=client:1 dst=worker:6
event=resp_recv_ud ts_ns=64519644 id=537 clt=1 wrkr=6 slot=5 size=41 src=worker:6 dst=client:1
event=hand_send ts_ns=64528291 id=537 clt=1 wrkr=6 slot=5 size=10 src=client:1 dst=worker:6
event=resp_rdma_read ts_ns=64743594 id=513 start_ns=61487931 dur_ns=3255663 clt=1 wrkr=6 slot=4 size=1024008 src=worker:6 dst=client:1
event=req_send ts_ns=64743594 id=541 clt=1 wrkr=5 slot=7 size=17 src=client:1 dst=worker:5
event=resp_recv_ud ts_ns=64780817 id=541 clt=1 wrkr=5 slot=7 size=41 src=worker:5 dst=client:1
event=hand_send ts_ns=64789464 id=541 clt=1 wrkr=5 slot=7 size=10 src=client:1 dst=worker:5
event=resp_rdma_read ts_ns=65000150 id=523 start_ns=62594731 dur_ns=2405419 clt=1 wrkr=9 slot=3 size=1024008 src=worker:9 dst=client:1
event=req_send ts_ns=65000150 id=542 clt=1 wrkr=5 slot=0 size=17 src=client:1 dst=worker:5
event=resp_rdma_read ts_ns=65005758 id=516 start_ns=61860789 dur_ns=3144969 clt=1 wrkr=8 slot=5 size=1024008 src=worker:8 dst=client:1
event=req_send ts_ns=65005758 id=543 clt=1 wrkr=10 slot=1 size=17 src=client:1 dst=worker:10
event=resp_recv_ud ts_ns=65039645 id=542 clt=1 wrkr=5 slot=0 size=41 src=worker:5 dst=client:1
event=hand_send ts_ns=65048292 id=542 clt=1 wrkr=5 slot=0 size=10 src=client:1 dst=worker:5
event=resp_recv_ud ts_ns=65057937 id=543 clt=1 wrkr=10 slot=1 size=41 src=worker:10 dst=client:1
event=hand_send ts_ns=65066584 id=543 clt=1 wrkr=10 slot=1 size=10 src=client:1 dst=worker:10
event=resp_rdma_read ts_ns=65496088 id=526 start_ns=62980907 dur_ns=2515181 clt=1 wrkr=10 slot=0 size=1024008 src=worker:10 dst=client:1
event=req_send ts_ns=65496088 id=546 clt=1 wrkr=10 slot=2 size=17 src=client:1 dst=worker:10
event=resp_recv_ud ts_ns=65536453 id=546 clt=1 wrkr=10 slot=2 size=41 src=worker:10 dst=client:1
event=hand_send ts_ns=65545100 id=546 clt=1 wrkr=10 slot=2 size=10 src=client:1 dst=worker:10
event=resp_rdma_read ts_ns=65935210 id=527 start_ns=63114986 dur_ns=2820224 clt=1 wrkr=1 slot=2 size=1024008 src=worker:1 dst=client:1
event=req_send ts_ns=65935210 id=550 clt=1 wrkr=8 slot=6 size=17 src=client:1 dst=worker:8
event=resp_recv_ud ts_ns=65994807 id=550 clt=1 wrkr=8 slot=6 size=41 src=worker:8 dst=client:1
event=hand_send ts_ns=66003454 id=550 clt=1 wrkr=8 slot=6 size=10 src=client:1 dst=worker:8
event=resp_rdma_read ts_ns=66417996 id=530 start_ns=63520993 dur_ns=2897003 clt=1 wrkr=2 slot=6 size=1024008 src=worker:2 dst=client:1
event=req_send ts_ns=66417996 id=554 clt=1 wrkr=6 slot=6 size=17 src=client:1 dst=worker:6
event=resp_recv_ud ts_ns=66454474 id=554 clt=1 wrkr=6 slot=6 size=41 src=worker:6 dst=client:1
event=hand_send ts_ns=66463121 id=554 clt=1 wrkr=6 slot=6 size=10 src=client:1 dst=worker:6
event=resp_rdma_read ts_ns=66721274 id=531 start_ns=63631795 dur_ns=3089479 clt=1 wrkr=9 slot=4 size=1024008 src=worker:9 dst=client:1
event=req_send ts_ns=66721274 id=557 clt=1 wrkr=5 slot=1 size=17 src=client:1 dst=worker:5
event=resp_recv_ud ts_ns=66759868 id=557 clt=1 wrkr=5 slot=1 size=41 src=worker:5 dst=client:1
event=hand_send ts_ns=66768515 id=557 clt=1 wrkr=5 slot=1 size=10 src=client:1 dst=worker:5
event=resp_rdma_read ts_ns=67657826 id=541 start_ns=64789464 dur_ns=2868362 clt=1 wrkr=5 slot=7 size=1024008 src=worker:5 dst=client:1
event=req_send ts_ns=67657826 id=564 clt=1 wrkr=6 slot=7 size=17 src=client:1 dst=worker:6
event=resp_recv_ud ts_ns=67708376 id=564 clt=1 wrkr=6 slot=7 size=41 src=worker:6 dst=client:1
event=hand_send ts_ns=67717023 id=564 clt=1 wrkr=6 slot=7 size=10 src=client:1 dst=worker:6
event=resp_rdma_read ts_ns=67720103 id=537 start_ns=64528291 dur_ns=3191812 clt=1 wrkr=6 slot=5 size=1024008 src=worker:6 dst=client:1
event=req_send ts_ns=67720103 id=566 clt=1 wrkr=2 slot=7 size=17 src=client:1 dst=worker:2
event=resp_recv_ud ts_ns=67776657 id=566 clt=1 wrkr=2 slot=7 size=41 src=worker:2 dst=client:1
event=hand_send ts_ns=67785304 id=566 clt=1 wrkr=2 slot=7 size=10 src=client:1 dst=worker:2
event=resp_rdma_read ts_ns=68157746 id=542 start_ns=65048292 dur_ns=3109454 clt=1 wrkr=5 slot=0 size=1024008 src=worker:5 dst=client:1
event=req_send ts_ns=68157746 id=568 clt=1 wrkr=8 slot=7 size=17 src=client:1 dst=worker:8
event=resp_recv_ud ts_ns=68202662 id=568 clt=1 wrkr=8 slot=7 size=41 src=worker:8 dst=client:1
event=hand_send ts_ns=68211309 id=568 clt=1 wrkr=8 slot=7 size=10 src=client:1 dst=worker:8
event=resp_rdma_read ts_ns=68251880 id=543 start_ns=65066584 dur_ns=3185296 clt=1 wrkr=10 slot=1 size=1024008 src=worker:10 dst=client:1
event=req_send ts_ns=68251880 id=569 clt=1 wrkr=10 slot=3 size=17 src=client:1 dst=worker:10
event=resp_recv_ud ts_ns=68298362 id=569 clt=1 wrkr=10 slot=3 size=41 src=worker:10 dst=client:1
event=hand_send ts_ns=68307009 id=569 clt=1 wrkr=10 slot=3 size=10 src=client:1 dst=worker:10
event=resp_rdma_read ts_ns=68314560 id=550 start_ns=66003454 dur_ns=2311106 clt=1 wrkr=8 slot=6 size=1024008 src=worker:8 dst=client:1
event=req_send ts_ns=68314560 id=571 clt=1 wrkr=10 slot=4 size=17 src=client:1 dst=worker:10
event=resp_recv_ud ts_ns=68370856 id=571 clt=1 wrkr=10 slot=4 size=41 src=worker:10 dst=client:1
event=hand_send ts_ns=68379503 id=571 clt=1 wrkr=10 slot=4 size=10 src=client:1 dst=worker:10
event=resp_rdma_read ts_ns=68618018 id=546 start_ns=65545100 dur_ns=3072918 clt=1 wrkr=10 slot=2 size=1024008 src=worker:10 dst=client:1
event=req_send ts_ns=68618018 id=573 clt=1 wrkr=5 slot=2 size=17 src=client:1 dst=worker:5
event=resp_recv_ud ts_ns=68662547 id=573 clt=1 wrkr=5 slot=2 size=41 src=worker:5 dst=client:1
event=hand_send ts_ns=68671194 id=573 clt=1 wrkr=5 slot=2 size=10 src=client:1 dst=worker:5
event=resp_rdma_read ts_ns=69251605 id=554 start_ns=66463121 dur_ns=2788484 clt=1 wrkr=6 slot=6 size=1024008 src=worker:6 dst=client:1
event=req_send ts_ns=69251605 id=578 clt=1 wrkr=3 slot=4 size=17 src=client:1 dst=worker:3
event=resp_recv_ud ts_ns=69290239 id=578 clt=1 wrkr=3 slot=4 size=41 src=worker:3 dst=client:1
event=hand_send ts_ns=69298886 id=578 clt=1 wrkr=3 slot=4 size=10 src=client:1 dst=worker:3
event=resp_rdma_read ts_ns=69407081 id=557 start_ns=66768515 dur_ns=2638566 clt=1 wrkr=5 slot=1 size=1024008 src=worker:5 dst=client:1
event=req_send ts_ns=69407081 id=581 clt=1 wrkr=7 slot=0 size=17 src=client:1 dst=worker:7
event=resp_recv_ud ts_ns=69461841 id=581 clt=1 wrkr=7 slot=0 size=41 src=worker:7 dst=client:1
event=hand_send ts_ns=69470488 id=581 clt=1 wrkr=7 slot=0 size=10 src=client:1 dst=worker:7
event=resp_rdma_read ts_ns=70480362 id=566 start_ns=67785304 dur_ns=2695058 clt=1 wrkr=2 slot=7 size=1024008 src=worker:2 dst=client:1
event=req_send ts_ns=70480362 id=587 clt=1 wrkr=8 slot=0 size=17 src=client:1 dst=worker:8
event=resp_recv_ud ts_ns=70516551 id=587 clt=1 wrkr=8 slot=0 size=41 src=worker:8 dst=client:1
event=hand_send ts_ns=70525198 id=587 clt=1 wrkr=8 slot=0 size=10 src=client:1 dst=worker:8
event=resp_rdma_read ts_ns=70580778 id=568 start_ns=68211309 dur_ns=2369469 clt=1 wrkr=8 slot=7 size=1024008 src=worker:8 dst=client:1
event=req_send ts_ns=70580778 id=588 clt=1 wrkr=2 slot=0 size=17 src=client:1 dst=worker:2
event=resp_recv_ud ts_ns=70617514 id=588 clt=1 wrkr=2 slot=0 size=41 src=worker:2 dst=client:1
event=hand_send ts_ns=70626161 id=588 clt=1 wrkr=2 slot=0 size=10 src=client:1 dst=worker:2
event=resp_rdma_read ts_ns=70887447 id=564 start_ns=67717023 dur_ns=3170424 clt=1 wrkr=6 slot=7 size=1024008 src=worker:6 dst=client:1
event=req_send ts_ns=70887447 id=591 clt=1 wrkr=3 slot=5 size=17 src=client:1 dst=worker:3
event=resp_recv_ud ts_ns=70931380 id=591 clt=1 wrkr=3 slot=5 size=41 src=worker:3 dst=client:1
event=hand_send ts_ns=70940027 id=591 clt=1 wrkr=3 slot=5 size=10 src=client:1 dst=worker:3
event=resp_rdma_read ts_ns=71192279 id=571 start_ns=68379503 dur_ns=2812776 clt=1 wrkr=10 slot=4 size=1024008 src=worker:10 dst=client:1
event=req_send ts_ns=71192279 id=592 clt=1 wrkr=0 slot=4 size=17 src=client:1 dst=worker:0
event=resp_recv_ud ts_ns=71228162 id=592 clt=1 wrkr=0 slot=4 size=41 src=worker:0 dst=client:1
event=hand_send ts_ns=71236809 id=592 clt=1 wrkr=0 slot=4 size=10 src=client:1 dst=worker:0
event=resp_rdma_read ts_ns=71454154 id=569 start_ns=68307009 dur_ns=3147145 clt=1 wrkr=10 slot=3 size=1024008 src=worker:10 dst=client:1
event=req_send ts_ns=71454154 id=596 clt=1 wrkr=0 slot=5 size=17 src=client:1 dst=worker:0
event=resp_recv_ud ts_ns=71512576 id=596 clt=1 wrkr=0 slot=5 size=41 src=worker:0 dst=client:1
event=hand_send ts_ns=71521223 id=596 clt=1 wrkr=0 slot=5 size=10 src=client:1 dst=worker:0
event=resp_rdma_read ts_ns=71858454 id=573 start_ns=68671194 dur_ns=3187260 clt=1 wrkr=5 slot=2 size=1024008 src=worker:5 dst=client:1
event=req_send ts_ns=71858454 id=600 clt=1 wrkr=1 slot=3 size=17 src=client:1 dst=worker:1
event=resp_recv_ud ts_ns=71905237 id=600 clt=1 wrkr=1 slot=3 size=41 src=worker:1 dst=client:1
event=hand_send ts_ns=71913884 id=600 clt=1 wrkr=1 slot=3 size=10 src=client:1 dst=worker:1
event=resp_rdma_read ts_ns=72029782 id=581 start_ns=69470488 dur_ns=2559294 clt=1 wrkr=7 slot=0 size=1024008 src=worker:7 dst=client:1
event=req_send ts_ns=72029782 id=601 clt=1 wrkr=11 slot=0 size=17 src=client:1 dst=worker:11
event=resp_recv_ud ts_ns=72066330 id=601 clt=1 wrkr=11 slot=0 size=41 src=worker:11 dst=client:1
event=hand_send ts_ns=72074977 id=601 clt=1 wrkr=11 slot=0 size=10 src=client:1 dst=worker:11
event=resp_rdma_read ts_ns=72275574 id=578 start_ns=69298886 dur_ns=2976688 clt=1 wrkr=3 slot=4 size=1024008 src=worker:3 dst=client:1
event=req_send ts_ns=72275574 id=604 clt=1 wrkr=11 slot=1 size=17 src=client:1 dst=worker:11
event=resp_recv_ud ts_ns=72331645 id=604 clt=1 wrkr=11 slot=1 size=41 src=worker:11 dst=client:1
event=hand_send ts_ns=72340292 id=604 clt=1 wrkr=11 slot=1 size=10 src=client:1 dst=worker:11
event=resp_rdma_read ts_ns=73268682 id=587 start_ns=70525198 dur_ns=2743484 clt=1 wrkr=8 slot=0 size=1024008 src=worker:8 dst=client:1
event=req_send ts_ns=73268682 id=611 clt=1 wrkr=1 slot=4 size=17 src=client:1 dst=worker:1
event=resp_rdma_read ts_ns=73274984 id=591 start_ns=70940027 dur_ns=2334957 clt=1 wrkr=3 slot=5 size=1024008 src=worker:3 dst=client:1
event=req_send ts_ns=73274984 id=612 clt=1 wrkr=10 slot=5 size=17 src=client:1 dst=worker:10
event=resp_recv_ud ts_ns=73306776 id=611 clt=1 wrkr=1 slot=4 size=41 src=worker:1 dst=client:1
event=resp_rdma_read ts_ns=73311509 id=588 start_ns=70626161 dur_ns=2685348 clt=1 wrkr=2 slot=0 size=1024008 src=worker:2 dst=client:1
event=req_send ts_ns=73311509 id=613 clt=1 wrkr=9 slot=5 size=17 src=client:1 dst=worker:9
event=hand_send ts_ns=73315423 id=611 clt=1 wrkr=1 slot=4 size=10 src=client:1 dst=worker:1
event=resp_recv_ud ts_ns=73324589 id=612 clt=1 wrkr=10 slot=5 size=41 src=worker:10 dst=client:1
event=hand_send ts_ns=73333236 id=612 clt=1 wrkr=10 slot=5 size=10 src=client:1 dst=worker:10
event=resp_recv_ud ts_ns=73369798 id=613 clt=1 wrkr=9 slot=5 size=41 src=worker:9 dst=client:1
event=hand_send ts_ns=73378445 id=613 clt=1 wrkr=9 slot=5 size=10 src=client:1 dst=worker:9
event=resp_rdma_read ts_ns=73971241 id=596 start_ns=71521223 dur_ns=2450018 clt=1 wrkr=0 slot=5 size=1024008 src=worker:0 dst=client:1
event=req_send ts_ns=73971241 id=617 clt=1 wrkr=0 slot=6 size=17 src=client:1 dst=worker:0
event=resp_recv_ud ts_ns=74007472 id=617 clt=1 wrkr=0 slot=6 size=41 src=worker:0 dst=client:1
event=hand_send ts_ns=74016119 id=617 clt=1 wrkr=0 slot=6 size=10 src=client:1 dst=worker:0
event=resp_rdma_read ts_ns=74334299 id=600 start_ns=71913884 dur_ns=2420415 clt=1 wrkr=1 slot=3 size=1024008 src=worker:1 dst=client:1
event=req_send ts_ns=74334299 id=619 clt=1 wrkr=5 slot=3 size=17 src=client:1 dst=worker:5
event=resp_recv_ud ts_ns=74370709 id=619 clt=1 wrkr=5 slot=3 size=41 src=worker:5 dst=client:1
event=hand_send ts_ns=74379356 id=619 clt=1 wrkr=5 slot=3 size=10 src=client:1 dst=worker:5
event=resp_rdma_read ts_ns=74381491 id=592 start_ns=71236809 dur_ns=3144682 clt=1 wrkr=0 slot=4 size=1024008 src=worker:0 dst=client:1
event=req_send ts_ns=74381491 id=620 clt=1 wrkr=0 slot=7 size=17 src=client:1 dst=worker:0
event=resp_recv_ud ts_ns=74433019 id=620 clt=1 wrkr=0 slot=7 size=41 src=worker:0 dst=client:1
event=hand_send ts_ns=74441666 id=620 clt=1 wrkr=0 slot=7 size=10 src=client:1 dst=worker:0
event=resp_rdma_read ts_ns=74868837 id=601 start_ns=72074977 dur_ns=2793860 clt=1 wrkr=11 slot=0 size=1024008 src=worker:11 dst=client:1
event=req_send ts_ns=74868837 id=625 clt=1 wrkr=0 slot=0 size=17 src=client:1 dst=worker:0
event=resp_recv_ud ts_ns=74914742 id=625 clt=1 wrkr=0 slot=0 size=41 src=worker:0 dst=client:1
event=hand_send ts_ns=74923389 id=625 clt=1 wrkr=0 slot=0 size=10 src=client:1 dst=worker:0
event=resp_rdma_read ts_ns=75425715 id=604 start_ns=72340292 dur_ns=3085423 clt=1 wrkr=11 slot=1 size=1024008 src=worker:11 dst=client:1
event=req_send ts_ns=75425715 id=629 clt=1 wrkr=7 slot=1 size=17 src=client:1 dst=worker:7
event=resp_recv_ud ts_ns=75484142 id=629 clt=1 wrkr=7 slot=1 size=41 src=worker:7 dst=client:1
event=hand_send ts_ns=75492789 id=629 clt=1 wrkr=7 slot=1 size=10 src=client:1 dst=worker:7
event=resp_rdma_read ts_ns=75830731 id=613 start_ns=73378445 dur_ns=2452286 clt=1 wrkr=9 slot=5 size=1024008 src=worker:9 dst=client:1
event=req_send ts_ns=75830731 id=634 clt=1 wrkr=8 slot=1 size=17 src=client:1 dst=worker:8
event=resp_recv_ud ts_ns=75866997 id=634 clt=1 wrkr=8 slot=1 size=41 src=worker:8 dst=client:1
event=hand_send ts_ns=75875644 id=634 clt=1 wrkr=8 slot=1 size=10 src=client:1 dst=worker:8
event=resp_rdma_read ts_ns=76314451 id=611 start_ns=73315423 dur_ns=2999028 clt=1 wrkr=1 slot=4 size=1024008 src=worker:1 dst=client:1
event=req_send ts_ns=76314451 id=636 clt=1 wrkr=0 slot=1 size=17 src=client:1 dst=worker:0
event=resp_rdma_read ts_ns=76323636 id=612 start_ns=73333236 dur_ns=2990400 clt=1 wrkr=10 slot=5 size=1024008 src=worker:10 dst=client:1
event=req_send ts_ns=76323636 id=637 clt=1 wrkr=5 slot=4 size=17 src=client:1 dst=worker:5
event=resp_recv_ud ts_ns=76353276 id=636 clt=1 wrkr=0 slot=1 size=41 src=worker:0 dst=client:1
event=hand_send ts_ns=76361923 id=636 clt=1 wrkr=0 slot=1 size=10 src=client:1 dst=worker:0
event=resp_recv_ud ts_ns=76371736 id=637 clt=1 wrkr=5 slot=4 size=41 src=worker:5 dst=client:1
event=hand_send ts_ns=76380383 id=637 clt=1 wrkr=5 slot=4 size=10 src=client:1 dst=worker:5
event=resp_rdma_read ts_ns=76783127 id=617 start_ns=74016119 dur_ns=2767008 clt=1 wrkr=0 slot=6 size=1024008 src=worker:0 dst=client:1
event=req_send ts_ns=76783127 id=641 clt=1 wrkr=8 slot=2 size=17 src=client:1 dst=worker:8
event=resp_recv_ud ts_ns=76819358 id=641 clt=1 wrkr=8 slot=2 size=41 src=worker:8 dst=client:1
event=hand_send ts_ns=76828005 id=641 clt=1 wrkr=8 slot=2 size=10 src=client:1 dst=worker:8
event=resp_rdma_read ts_ns=77213181 id=620 start_ns=74441666 dur_ns=2771515 clt=1 wrkr=0 slot=7 size=1024008 src=worker:0 dst=client:1
event=req_send ts_ns=77213181 id=643 clt=1 wrkr=10 slot=6 size=17 src=client:1 dst=worker:10
event=resp_rdma_read ts_ns=77232166 id=619 start_ns=74379356 dur_ns=2852810 clt=1 wrkr=5 slot=3 size=1024008 src=worker:5 dst=client:1
event=req_send ts_ns=77232166 id=644 clt=1 wrkr=6 slot=0 size=17 src=client:1 dst=worker:6
event=resp_recv_ud ts_ns=77249795 id=643 clt=1 wrkr=10 slot=6 size=41 src=worker:10 dst=client:1
event=hand_send ts_ns=77258442 id=643 clt=1 wrkr=10 slot=6 size=10 src=client:1 dst=worker:10
event=resp_recv_ud ts_ns=77291736 id=644 clt=1 wrkr=6 slot=0 size=41 src=worker:6 dst=client:1
event=hand_send ts_ns=77300383 id=644 clt=1 wrkr=6 slot=0 size=10 src=client:1 dst=worker:6
event=resp_rdma_read ts_ns=78015099 id=625 start_ns=74923389 dur_ns=3091710 clt=1 wrkr=0 slot=0 size=1024008 src=worker:0 dst=client:1
event=resp_rdma_read ts_ns=78411935 id=629 start_ns=75492789 dur_ns=2919146 clt=1 wrkr=7 slot=1 size=1024008 src=worker:7 dst=client:1
event=resp_rdma_read ts_ns=78695101 id=634 start_ns=75875644 dur_ns=2819457 clt=1 wrkr=8 slot=1 size=1024008 src=worker:8 dst=client:1
event=resp_rdma_read ts_ns=79372718 id=636 start_ns=76361923 dur_ns=3010795 clt=1 wrkr=0 slot=1 size=1024008 src=worker:0 dst=client:1
event=resp_rdma_read ts_ns=79413864 id=637 start_ns=76380383 dur_ns=3033481 clt=1 wrkr=5 slot=4 size=1024008 src=worker:5 dst=client:1
event=resp_rdma_read ts_ns=79599552 id=641 start_ns=76828005 dur_ns=2771547 clt=1 wrkr=8 slot=2 size=1024008 src=worker:8 dst=client:1
event=resp_rdma_read ts_ns=79815097 id=644 start_ns=77300383 dur_ns=2514714 clt=1 wrkr=6 slot=0 size=1024008 src=worker:6 dst=client:1
event=resp_rdma_read ts_ns=80335748 id=643 start_ns=77258442 dur_ns=3077306 clt=1 wrkr=10 slot=6 size=1024008 src=worker:10 dst=client:1
