event=req_send ts_ns=1 id=1 clt=1 wrkr=0 slot=0 size=17 src=client:1 dst=worker:0
event=req_send ts_ns=2501 id=4 clt=1 wrkr=1 slot=0 size=17 src=client:1 dst=worker:1
event=req_send ts_ns=5001 id=7 clt=1 wrkr=4 slot=0 size=17 src=client:1 dst=worker:4
event=req_send ts_ns=7501 id=10 clt=1 wrkr=2 slot=0 size=17 src=client:1 dst=worker:2
event=req_send ts_ns=10001 id=13 clt=1 wrkr=1 slot=1 size=17 src=client:1 dst=worker:1
event=req_send ts_ns=12501 id=16 clt=1 wrkr=6 slot=0 size=17 src=client:1 dst=worker:6
event=req_send ts_ns=15001 id=19 clt=1 wrkr=6 slot=1 size=17 src=client:1 dst=worker:6
event=req_send ts_ns=17501 id=22 clt=1 wrkr=8 slot=0 size=17 src=client:1 dst=worker:8
event=req_send ts_ns=20001 id=25 clt=1 wrkr=7 slot=0 size=17 src=client:1 dst=worker:7
event=req_send ts_ns=22501 id=28 clt=1 wrkr=9 slot=0 size=17 src=client:1 dst=worker:9
event=resp_recv_ud ts_ns=24158 id=1 clt=1 wrkr=0 slot=0 size=41 src=worker:0 dst=client:1
event=req_send ts_ns=25001 id=31 clt=1 wrkr=11 slot=0 size=17 src=client:1 dst=worker:11
event=req_send ts_ns=27501 id=34 clt=1 wrkr=3 slot=0 size=17 src=client:1 dst=worker:3
event=hand_send ts_ns=32805 id=1 clt=1 wrkr=0 slot=0 size=10 src=client:1 dst=worker:0
event=resp_recv_ud ts_ns=54552 id=4 clt=1 wrkr=1 slot=0 size=41 src=worker:1 dst=client:1
event=resp_recv_ud ts_ns=54877 id=7 clt=1 wrkr=4 slot=0 size=41 src=worker:4 dst=client:1
event=resp_recv_ud ts_ns=56706 id=10 clt=1 wrkr=2 slot=0 size=41 src=worker:2 dst=client:1
event=resp_recv_ud ts_ns=58853 id=13 clt=1 wrkr=1 slot=1 size=41 src=worker:1 dst=client:1
event=resp_recv_ud ts_ns=60575 id=16 clt=1 wrkr=6 slot=0 size=41 src=worker:6 dst=client:1
event=resp_recv_ud ts_ns=61525 id=19 clt=1 wrkr=6 slot=1 size=41 src=worker:6 dst=client:1
event=resp_recv_ud ts_ns=63134 id=22 clt=1 wrkr=8 slot=0 size=41 src=worker:8 dst=client:1
event=hand_send ts_ns=63199 id=4 clt=1 wrkr=1 slot=0 size=10 src=client:1 dst=worker:1
event=hand_send ts_ns=63524 id=7 clt=1 wrkr=4 slot=0 size=10 src=client:1 dst=worker:4
event=resp_recv_ud ts_ns=64513 id=25 clt=1 wrkr=7 slot=0 size=41 src=worker:7 dst=client:1
event=hand_send ts_ns=65353 id=10 clt=1 wrkr=2 slot=0 size=10 src=client:1 dst=worker:2
event=resp_recv_ud ts_ns=66387 id=28 clt=1 wrkr=9 slot=0 size=41 src=worker:9 dst=client:1
event=hand_send ts_ns=67500 id=13 clt=1 wrkr=1 slot=1 size=10 src=client:1 dst=worker:1
event=resp_recv_ud ts_ns=68744 id=31 clt=1 wrkr=11 slot=0 size=41 src=worker:11 dst=client:1
event=resp_recv_ud ts_ns=69053 id=34 clt=1 wrkr=3 slot=0 size=41 src=worker:3 dst=client:1
event=hand_send ts_ns=69222 id=16 clt=1 wrkr=6 slot=0 size=10 src=client:1 dst=worker:6
event=hand_send ts_ns=70172 id=19 clt=1 wrkr=6 slot=1 size=10 src=client:1 dst=worker:6
event=hand_send ts_ns=71781 id=22 clt=1 wrkr=8 slot=0 size=10 src=client:1 dst=worker:8
event=hand_send ts_ns=73160 id=25 clt=1 wrkr=7 slot=0 size=10 src=client:1 dst=worker:7
event=hand_send ts_ns=75034 id=28 clt=1 wrkr=9 slot=0 size=10 src=client:1 dst=worker:9
event=hand_send ts_ns=77391 id=31 clt=1 wrkr=11 slot=0 size=10 src=client:1 dst=worker:11
event=hand_send ts_ns=77700 id=34 clt=1 wrkr=3 slot=0 size=10 src=client:1 dst=worker:3
event=resp_rdma_read ts_ns=1021869 id=1 start_ns=32805 dur_ns=989064 clt=1 wrkr=0 slot=0 size=307208 src=worker:0 dst=client:1
event=req_send ts_ns=1021869 id=36 clt=1 wrkr=8 slot=1 size=17 src=client:1 dst=worker:8
event=resp_recv_ud ts_ns=1065604 id=36 clt=1 wrkr=8 slot=1 size=41 src=worker:8 dst=client:1
event=hand_send ts_ns=1074251 id=36 clt=1 wrkr=8 slot=1 size=10 src=client:1 dst=worker:8
event=resp_rdma_read ts_ns=1078915 id=4 start_ns=63199 dur_ns=1015716 clt=1 wrkr=1 slot=0 size=307208 src=worker:1 dst=client:1
event=req_send ts_ns=1078915 id=40 clt=1 wrkr=4 slot=1 size=17 src=client:1 dst=worker:4
event=resp_rdma_read ts_ns=1109151 id=7 start_ns=63524 dur_ns=1045627 clt=1 wrkr=4 slot=0 size=307208 src=worker:4 dst=client:1
event=req_send ts_ns=1109151 id=42 clt=1 wrkr=8 slot=2 size=17 src=client:1 dst=worker:8
event=resp_rdma_read ts_ns=1139785 id=10 start_ns=65353 dur_ns=1074432 clt=1 wrkr=2 slot=0 size=307208 src=worker:2 dst=client:1
event=req_send ts_ns=1139785 id=43 clt=1 wrkr=10 slot=0 size=17 src=client:1 dst=worker:10
event=resp_recv_ud ts_ns=1148666 id=40 clt=1 wrkr=4 slot=1 size=41 src=worker:4 dst=client:1
event=hand_send ts_ns=1157313 id=40 clt=1 wrkr=4 slot=1 size=10 src=client:1 dst=worker:4
event=resp_rdma_read ts_ns=1169819 id=13 start_ns=67500 dur_ns=1102319 clt=1 wrkr=1 slot=1 size=307208 src=worker:1 dst=client:1
event=req_send ts_ns=1169819 id=45 clt=1 wrkr=9 slot=1 size=17 src=client:1 dst=worker:9
event=resp_recv_ud ts_ns=1178956 id=42 clt=1 wrkr=8 slot=2 size=41 src=worker:8 dst=client:1
event=hand_send ts_ns=1187603 id=42 clt=1 wrkr=8 slot=2 size=10 src=client:1 dst=worker:8
event=resp_rdma_read ts_ns=1198704 id=16 start_ns=69222 dur_ns=1129482 clt=1 wrkr=6 slot=0 size=307208 src=worker:6 dst=client:1
event=req_send ts_ns=1198704 id=47 clt=1 wrkr=11 slot=1 size=17 src=client:1 dst=worker:11
event=resp_recv_ud ts_ns=1210111 id=43 clt=1 wrkr=10 slot=0 size=41 src=worker:10 dst=client:1
event=hand_send ts_ns=1218758 id=43 clt=1 wrkr=10 slot=0 size=10 src=client:1 dst=worker:10
event=resp_rdma_read ts_ns=1228738 id=19 start_ns=70172 dur_ns=1158566 clt=1 wrkr=6 slot=1 size=307208 src=worker:6 dst=client:1
event=req_send ts_ns=1228738 id=50 clt=1 wrkr=1 slot=2 size=17 src=client:1 dst=worker:1
event=resp_recv_ud ts_ns=1239621 id=45 clt=1 wrkr=9 slot=1 size=41 src=worker:9 dst=client:1
event=hand_send ts_ns=1248268 id=45 clt=1 wrkr=9 slot=1 size=10 src=client:1 dst=worker:9
event=resp_rdma_read ts_ns=1266967 id=22 start_ns=71781 dur_ns=1195186 clt=1 wrkr=8 slot=0 size=307208 src=worker:8 dst=client:1
event=req_send ts_ns=1266967 id=52 clt=1 wrkr=10 slot=1 size=17 src=client:1 dst=worker:10
event=resp_recv_ud ts_ns=1268274 id=47 clt=1 wrkr=11 slot=1 size=41 src=worker:11 dst=client:1
event=hand_send ts_ns=1276921 id=47 clt=1 wrkr=11 slot=1 size=10 src=client:1 dst=worker:11
event=resp_rdma_read ts_ns=1279516 id=25 start_ns=73160 dur_ns=1206356 clt=1 wrkr=7 slot=0 size=307208 src=worker:7 dst=client:1
event=req_send ts_ns=1279516 id=53 clt=1 wrkr=1 slot=3 size=17 src=client:1 dst=worker:1
event=resp_recv_ud ts_ns=1297955 id=50 clt=1 wrkr=1 slot=2 size=41 src=worker:1 dst=client:1
event=hand_send ts_ns=1306602 id=50 clt=1 wrkr=1 slot=2 size=10 src=client:1 dst=worker:1
event=resp_recv_ud ts_ns=1335925 id=52 clt=1 wrkr=10 slot=1 size=41 src=worker:10 dst=client:1
event=hand_send ts_ns=1344572 id=52 clt=1 wrkr=10 slot=1 size=10 src=client:1 dst=worker:10
event=resp_recv_ud ts_ns=1348745 id=53 clt=1 wrkr=1 slot=3 size=41 src=worker:1 dst=client:1
event=hand_send ts_ns=1357392 id=53 clt=1 wrkr=1 slot=3 size=10 src=client:1 dst=worker:1
event=resp_rdma_read ts_ns=1365009 id=28 start_ns=75034 dur_ns=1289975 clt=1 wrkr=9 slot=0 size=307208 src=worker:9 dst=client:1
event=req_send ts_ns=1365009 id=57 clt=1 wrkr=8 slot=3 size=17 src=client:1 dst=worker:8
event=resp_recv_ud ts_ns=1435704 id=57 clt=1 wrkr=8 slot=3 size=41 src=worker:8 dst=client:1
event=hand_send ts_ns=1444351 id=57 clt=1 wrkr=8 slot=3 size=10 src=client:1 dst=worker:8
event=resp_rdma_read ts_ns=1484232 id=31 start_ns=77391 dur_ns=1406841 clt=1 wrkr=11 slot=0 size=307208 src=worker:11 dst=client:1
event=req_send ts_ns=1484232 id=60 clt=1 wrkr=9 slot=2 size=17 src=client:1 dst=worker:9
event=resp_recv_ud ts_ns=1555677 id=60 clt=1 wrkr=9 slot=2 size=41 src=worker:9 dst=client:1
event=hand_send ts_ns=1564324 id=60 clt=1 wrkr=9 slot=2 size=10 src=client:1 dst=worker:9
event=resp_rdma_read ts_ns=1565684 id=34 start_ns=77700 dur_ns=1487984 clt=1 wrkr=3 slot=0 size=307208 src=worker:3 dst=client:1
event=req_send ts_ns=1565684 id=62 clt=1 wrkr=5 slot=0 size=17 src=client:1 dst=worker:5
event=resp_recv_ud ts_ns=1636272 id=62 clt=1 wrkr=5 slot=0 size=41 src=worker:5 dst=client:1
event=hand_send ts_ns=1644919 id=62 clt=1 wrkr=5 slot=0 size=10 src=client:1 dst=worker:5
event=resp_rdma_read ts_ns=2452667 id=60 start_ns=1564324 dur_ns=888343 clt=1 wrkr=9 slot=2 size=307208 src=worker:9 dst=client:1
event=req_send ts_ns=2452667 id=73 clt=1 wrkr=7 slot=1 size=17 src=client:1 dst=worker:7
event=resp_recv_ud ts_ns=2504787 id=73 clt=1 wrkr=7 slot=1 size=41 src=worker:7 dst=client:1
event=hand_send ts_ns=2513434 id=73 clt=1 wrkr=7 slot=1 size=10 src=client:1 dst=worker:7
event=resp_rdma_read ts_ns=2519348 id=57 start_ns=1444351 dur_ns=1074997 clt=1 wrkr=8 slot=3 size=307208 src=worker:8 dst=client:1
event=req_send ts_ns=2519348 id=74 clt=1 wrkr=6 slot=2 size=17 src=client:1 dst=worker:6
event=resp_recv_ud ts_ns=2574859 id=74 clt=1 wrkr=6 slot=2 size=41 src=worker:6 dst=client:1
event=hand_send ts_ns=2583506 id=74 clt=1 wrkr=6 slot=2 size=10 src=client:1 dst=worker:6
event=resp_rdma_read ts_ns=2585288 id=36 start_ns=1074251 dur_ns=1511037 clt=1 wrkr=8 slot=1 size=307208 src=worker:8 dst=client:1
event=req_send ts_ns=2585288 id=76 clt=1 wrkr=9 slot=3 size=17 src=client:1 dst=worker:9
event=resp_recv_ud ts_ns=2644691 id=76 clt=1 wrkr=9 slot=3 size=41 src=worker:9 dst=client:1
event=hand_send ts_ns=2653338 id=76 clt=1 wrkr=9 slot=3 size=10 src=client:1 dst=worker:9
event=resp_rdma_read ts_ns=2805822 id=40 start_ns=1157313 dur_ns=1648509 clt=1 wrkr=4 slot=1 size=307208 src=worker:4 dst=client:1
event=req_send ts_ns=2805822 id=79 clt=1 wrkr=0 slot=1 size=17 src=client:1 dst=worker:0
event=resp_recv_ud ts_ns=2864989 id=79 clt=1 wrkr=0 slot=1 size=41 src=worker:0 dst=client:1
event=hand_send ts_ns=2873636 id=79 clt=1 wrkr=0 slot=1 size=10 src=client:1 dst=worker:0
event=resp_rdma_read ts_ns=2893245 id=47 start_ns=1276921 dur_ns=1616324 clt=1 wrkr=11 slot=1 size=307208 src=worker:11 dst=client:1
event=req_send ts_ns=2893245 id=85 clt=1 wrkr=0 slot=2 size=17 src=client:1 dst=worker:0
event=resp_rdma_read ts_ns=2898769 id=42 start_ns=1187603 dur_ns=1711166 clt=1 wrkr=8 slot=2 size=307208 src=worker:8 dst=client:1
event=req_send ts_ns=2898769 id=87 clt=1 wrkr=1 slot=4 size=17 src=client:1 dst=worker:1
event=resp_rdma_read ts_ns=2916300 id=45 start_ns=1248268 dur_ns=1668032 clt=1 wrkr=9 slot=1 size=307208 src=worker:9 dst=client:1
event=req_send ts_ns=2916300 id=88 clt=1 wrkr=10 slot=2 size=17 src=client:1 dst=worker:10
event=resp_rdma_read ts_ns=2932657 id=43 start_ns=1218758 dur_ns=1713899 clt=1 wrkr=10 slot=0 size=307208 src=worker:10 dst=client:1
event=req_send ts_ns=2932657 id=89 clt=1 wrkr=1 slot=5 size=17 src=client:1 dst=worker:1
event=resp_rdma_read ts_ns=2941982 id=62 start_ns=1644919 dur_ns=1297063 clt=1 wrkr=5 slot=0 size=307208 src=worker:5 dst=client:1
event=req_send ts_ns=2941982 id=90 clt=1 wrkr=8 slot=4 size=17 src=client:1 dst=worker:8
event=resp_recv_ud ts_ns=2951025 id=85 clt=1 wrkr=0 slot=2 size=41 src=worker:0 dst=client:1
event=resp_recv_ud ts_ns=2956942 id=87 clt=1 wrkr=1 slot=4 size=41 src=worker:1 dst=client:1
event=hand_send ts_ns=2959672 id=85 clt=1 wrkr=0 slot=2 size=10 src=client:1 dst=worker:0
event=hand_send ts_ns=2965589 id=87 clt=1 wrkr=1 slot=4 size=10 src=client:1 dst=worker:1
event=resp_recv_ud ts_ns=2975191 id=88 clt=1 wrkr=10 slot=2 size=41 src=worker:10 dst=client:1
event=hand_send ts_ns=2983838 id=88 clt=1 wrkr=10 slot=2 size=10 src=client:1 dst=worker:10
event=resp_recv_ud ts_ns=2992479 id=89 clt=1 wrkr=1 slot=5 size=41 src=worker:1 dst=client:1
event=hand_send ts_ns=3001126 id=89 clt=1 wrkr=1 slot=5 size=10 src=client:1 dst=worker:1
event=resp_recv_ud ts_ns=3002047 id=90 clt=1 wrkr=8 slot=4 size=41 src=worker:8 dst=client:1
event=hand_send ts_ns=3010694 id=90 clt=1 wrkr=8 slot=4 size=10 src=client:1 dst=worker:8
event=resp_rdma_read ts_ns=3064397 id=50 start_ns=1306602 dur_ns=1757795 clt=1 wrkr=1 slot=2 size=307208 src=worker:1 dst=client:1
event=req_send ts_ns=3064397 id=97 clt=1 wrkr=3 slot=1 size=17 src=client:1 dst=worker:3
event=resp_rdma_read ts_ns=3082298 id=53 start_ns=1357392 dur_ns=1724906 clt=1 wrkr=1 slot=3 size=307208 src=worker:1 dst=client:1
event=req_send ts_ns=3082298 id=101 clt=1 wrkr=0 slot=3 size=17 src=client:1 dst=worker:0
event=resp_rdma_read ts_ns=3104289 id=52 start_ns=1344572 dur_ns=1759717 clt=1 wrkr=10 slot=1 size=307208 src=worker:10 dst=client:1
event=req_send ts_ns=3104289 id=104 clt=1 wrkr=2 slot=1 size=17 src=client:1 dst=worker:2
event=resp_recv_ud ts_ns=3129323 id=97 clt=1 wrkr=3 slot=1 size=41 src=worker:3 dst=client:1
event=hand_send ts_ns=3137970 id=97 clt=1 wrkr=3 slot=1 size=10 src=client:1 dst=worker:3
event=resp_recv_ud ts_ns=3148937 id=101 clt=1 wrkr=0 slot=3 size=41 src=worker:0 dst=client:1
event=hand_send ts_ns=3157584 id=101 clt=1 wrkr=0 slot=3 size=10 src=client:1 dst=worker:0
event=resp_recv_ud ts_ns=3171040 id=104 clt=1 wrkr=2 slot=1 size=41 src=worker:2 dst=client:1
event=hand_send ts_ns=3179687 id=104 clt=1 wrkr=2 slot=1 size=10 src=client:1 dst=worker:2
event=resp_rdma_read ts_ns=3339467 id=74 start_ns=2583506 dur_ns=755961 clt=1 wrkr=6 slot=2 size=307208 src=worker:6 dst=client:1
event=req_send ts_ns=3339467 id=108 clt=1 wrkr=9 slot=4 size=17 src=client:1 dst=worker:9
event=resp_recv_ud ts_ns=3390075 id=108 clt=1 wrkr=9 slot=4 size=41 src=worker:9 dst=client:1
event=hand_send ts_ns=3398722 id=108 clt=1 wrkr=9 slot=4 size=10 src=client:1 dst=worker:9
event=resp_rdma_read ts_ns=3471201 id=73 start_ns=2513434 dur_ns=957767 clt=1 wrkr=7 slot=1 size=307208 src=worker:7 dst=client:1
event=req_send ts_ns=3471201 id=109 clt=1 wrkr=7 slot=2 size=17 src=client:1 dst=worker:7
event=resp_recv_ud ts_ns=3516491 id=109 clt=1 wrkr=7 slot=2 size=41 src=worker:7 dst=client:1
event=hand_send ts_ns=3525138 id=109 clt=1 wrkr=7 slot=2 size=10 src=client:1 dst=worker:7
event=resp_rdma_read ts_ns=3573203 id=76 start_ns=2653338 dur_ns=919865 clt=1 wrkr=9 slot=3 size=307208 src=worker:9 dst=client:1
event=req_send ts_ns=3573203 id=111 clt=1 wrkr=6 slot=3 size=17 src=client:1 dst=worker:6
event=resp_recv_ud ts_ns=3622047 id=111 clt=1 wrkr=6 slot=3 size=41 src=worker:6 dst=client:1
event=hand_send ts_ns=3630694 id=111 clt=1 wrkr=6 slot=3 size=10 src=client:1 dst=worker:6
event=resp_rdma_read ts_ns=3946137 id=79 start_ns=2873636 dur_ns=1072501 clt=1 wrkr=0 slot=1 size=307208 src=worker:0 dst=client:1
event=req_send ts_ns=3946137 id=115 clt=1 wrkr=11 slot=2 size=17 src=client:1 dst=worker:11
event=resp_recv_ud ts_ns=4004436 id=115 clt=1 wrkr=11 slot=2 size=41 src=worker:11 dst=client:1
event=hand_send ts_ns=4013083 id=115 clt=1 wrkr=11 slot=2 size=10 src=client:1 dst=worker:11
event=resp_rdma_read ts_ns=4147563 id=85 start_ns=2959672 dur_ns=1187891 clt=1 wrkr=0 slot=2 size=307208 src=worker:0 dst=client:1
event=req_send ts_ns=4147563 id=122 clt=1 wrkr=11 slot=3 size=17 src=client:1 dst=worker:11
event=resp_rdma_read ts_ns=4159676 id=87 start_ns=2965589 dur_ns=1194087 clt=1 wrkr=1 slot=4 size=307208 src=worker:1 dst=client:1
event=req_send ts_ns=4159676 id=124 clt=1 wrkr=0 slot=4 size=17 src=client:1 dst=worker:0
event=resp_rdma_read ts_ns=4182457 id=90 start_ns=3010694 dur_ns=1171763 clt=1 wrkr=8 slot=4 size=307208 src=worker:8 dst=client:1
event=req_send ts_ns=4182457 id=125 clt=1 wrkr=1 slot=6 size=17 src=client:1 dst=worker:1
event=resp_recv_ud ts_ns=4206941 id=122 clt=1 wrkr=11 slot=3 size=41 src=worker:11 dst=client:1
event=hand_send ts_ns=4215588 id=122 clt=1 wrkr=11 slot=3 size=10 src=client:1 dst=worker:11
event=resp_recv_ud ts_ns=4218885 id=124 clt=1 wrkr=0 slot=4 size=41 src=worker:0 dst=client:1
event=resp_rdma_read ts_ns=4220642 id=88 start_ns=2983838 dur_ns=1236804 clt=1 wrkr=10 slot=2 size=307208 src=worker:10 dst=client:1
event=req_send ts_ns=4220642 id=126 clt=1 wrkr=3 slot=2 size=17 src=client:1 dst=worker:3
event=hand_send ts_ns=4227532 id=124 clt=1 wrkr=0 slot=4 size=10 src=client:1 dst=worker:0
event=resp_rdma_read ts_ns=4231848 id=108 start_ns=3398722 dur_ns=833126 clt=1 wrkr=9 slot=4 size=307208 src=worker:9 dst=client:1
event=req_send ts_ns=4231848 id=127 clt=1 wrkr=0 slot=5 size=17 src=client:1 dst=worker:0
event=resp_recv_ud ts_ns=4242372 id=125 clt=1 wrkr=1 slot=6 size=41 src=worker:1 dst=client:1
event=hand_send ts_ns=4251019 id=125 clt=1 wrkr=1 slot=6 size=10 src=client:1 dst=worker:1
event=resp_rdma_read ts_ns=4258816 id=89 start_ns=3001126 dur_ns=1257690 clt=1 wrkr=1 slot=5 size=307208 src=worker:1 dst=client:1
event=req_send ts_ns=4258816 id=128 clt=1 wrkr=11 slot=4 size=17 src=client:1 dst=worker:11
event=resp_recv_ud ts_ns=4281675 id=126 clt=1 wrkr=3 slot=2 size=41 src=worker:3 dst=client:1
event=hand_send ts_ns=4290322 id=126 clt=1 wrkr=3 slot=2 size=10 src=client:1 dst=worker:3
event=resp_recv_ud ts_ns=4293189 id=127 clt=1 wrkr=0 slot=5 size=41 src=worker:0 dst=client:1
event=hand_send ts_ns=4301836 id=127 clt=1 wrkr=0 slot=5 size=10 src=client:1 dst=worker:0
event=resp_recv_ud ts_ns=4322106 id=128 clt=1 wrkr=11 slot=4 size=41 src=worker:11 dst=client:1
event=hand_send ts_ns=4330753 id=128 clt=1 wrkr=11 slot=4 size=10 src=client:1 dst=worker:11
event=resp_rdma_read ts_ns=4529291 id=111 start_ns=3630694 dur_ns=898597 clt=1 wrkr=6 slot=3 size=307208 src=worker:6 dst=client:1
event=req_send ts_ns=4529291 id=135 clt=1 wrkr=2 slot=2 size=17 src=client:1 dst=worker:2
event=resp_recv_ud ts_ns=4594366 id=135 clt=1 wrkr=2 slot=2 size=41 src=worker:2 dst=client:1
event=hand_send ts_ns=4603013 id=135 clt=1 wrkr=2 slot=2 size=10 src=client:1 dst=worker:2
event=resp_rdma_read ts_ns=4636522 id=109 start_ns=3525138 dur_ns=1111384 clt=1 wrkr=7 slot=2 size=307208 src=worker:7 dst=client:1
event=req_send ts_ns=4636522 id=140 clt=1 wrkr=11 slot=5 size=17 src=client:1 dst=worker:11
event=resp_rdma_read ts_ns=4676386 id=97 start_ns=3137970 dur_ns=1538416 clt=1 wrkr=3 slot=1 size=307208 src=worker:3 dst=client:1
event=req_send ts_ns=4676386 id=141 clt=1 wrkr=2 slot=3 size=17 src=client:1 dst=worker:2
event=resp_recv_ud ts_ns=4703465 id=140 clt=1 wrkr=11 slot=5 size=41 src=worker:11 dst=client:1
event=hand_send ts_ns=4712112 id=140 clt=1 wrkr=11 slot=5 size=10 src=client:1 dst=worker:11
event=resp_recv_ud ts_ns=4743830 id=141 clt=1 wrkr=2 slot=3 size=41 src=worker:2 dst=client:1
event=hand_send ts_ns=4752477 id=141 clt=1 wrkr=2 slot=3 size=10 src=client:1 dst=worker:2
event=resp_rdma_read ts_ns=4851491 id=101 start_ns=3157584 dur_ns=1693907 clt=1 wrkr=0 slot=3 size=307208 src=worker:0 dst=client:1
event=req_send ts_ns=4851491 id=146 clt=1 wrkr=2 slot=4 size=17 src=client:1 dst=worker:2
event=resp_recv_ud ts_ns=4921429 id=146 clt=1 wrkr=2 slot=4 size=41 src=worker:2 dst=client:1
event=hand_send ts_ns=4930076 id=146 clt=1 wrkr=2 slot=4 size=10 src=client:1 dst=worker:2
event=resp_rdma_read ts_ns=5029419 id=115 start_ns=4013083 dur_ns=1016336 clt=1 wrkr=11 slot=2 size=307208 src=worker:11 dst=client:1
event=req_send ts_ns=5029419 id=150 clt=1 wrkr=9 slot=5 size=17 src=client:1 dst=worker:9
event=resp_rdma_read ts_ns=5079844 id=104 start_ns=3179687 dur_ns=1900157 clt=1 wrkr=2 slot=1 size=307208 src=worker:2 dst=client:1
event=req_send ts_ns=5079844 id=151 clt=1 wrkr=4 slot=2 size=17 src=client:1 dst=worker:4
event=resp_recv_ud ts_ns=5099307 id=150 clt=1 wrkr=9 slot=5 size=41 src=worker:9 dst=client:1
event=hand_send ts_ns=5107954 id=150 clt=1 wrkr=9 slot=5 size=10 src=client:1 dst=worker:9
event=resp_rdma_read ts_ns=5146507 id=128 start_ns=4330753 dur_ns=815754 clt=1 wrkr=11 slot=4 size=307208 src=worker:11 dst=client:1
event=req_send ts_ns=5146507 id=155 clt=1 wrkr=11 slot=6 size=17 src=client:1 dst=worker:11
event=resp_recv_ud ts_ns=5149508 id=151 clt=1 wrkr=4 slot=2 size=41 src=worker:4 dst=client:1
event=hand_send ts_ns=5158155 id=151 clt=1 wrkr=4 slot=2 size=10 src=client:1 dst=worker:4
event=resp_recv_ud ts_ns=5216329 id=155 clt=1 wrkr=11 slot=6 size=41 src=worker:11 dst=client:1
event=hand_send ts_ns=5224976 id=155 clt=1 wrkr=11 slot=6 size=10 src=client:1 dst=worker:11
event=resp_rdma_read ts_ns=5322784 id=126 start_ns=4290322 dur_ns=1032462 clt=1 wrkr=3 slot=2 size=307208 src=worker:3 dst=client:1
event=req_send ts_ns=5322784 id=158 clt=1 wrkr=8 slot=5 size=17 src=client:1 dst=worker:8
event=resp_rdma_read ts_ns=5362968 id=122 start_ns=4215588 dur_ns=1147380 clt=1 wrkr=11 slot=3 size=307208 src=worker:11 dst=client:1
event=req_send ts_ns=5362968 id=160 clt=1 wrkr=6 slot=4 size=17 src=client:1 dst=worker:6
event=resp_recv_ud ts_ns=5391571 id=158 clt=1 wrkr=8 slot=5 size=41 src=worker:8 dst=client:1
event=hand_send ts_ns=5400218 id=158 clt=1 wrkr=8 slot=5 size=10 src=client:1 dst=worker:8
event=resp_rdma_read ts_ns=5406944 id=125 start_ns=4251019 dur_ns=1155925 clt=1 wrkr=1 slot=6 size=307208 src=worker:1 dst=client:1
event=req_send ts_ns=5406944 id=162 clt=1 wrkr=9 slot=6 size=17 src=client:1 dst=worker:9
event=resp_recv_ud ts_ns=5431152 id=160 clt=1 wrkr=6 slot=4 size=41 src=worker:6 dst=client:1
event=hand_send ts_ns=5439799 id=160 clt=1 wrkr=6 slot=4 size=10 src=client:1 dst=worker:6
event=resp_rdma_read ts_ns=5448924 id=124 start_ns=4227532 dur_ns=1221392 clt=1 wrkr=0 slot=4 size=307208 src=worker:0 dst=client:1
event=req_send ts_ns=5448924 id=163 clt=1 wrkr=3 slot=3 size=17 src=client:1 dst=worker:3
event=resp_recv_ud ts_ns=5474704 id=162 clt=1 wrkr=9 slot=6 size=41 src=worker:9 dst=client:1
event=hand_send ts_ns=5483351 id=162 clt=1 wrkr=9 slot=6 size=10 src=client:1 dst=worker:9
event=resp_recv_ud ts_ns=5516088 id=163 clt=1 wrkr=3 slot=3 size=41 src=worker:3 dst=client:1
event=hand_send ts_ns=5524735 id=163 clt=1 wrkr=3 slot=3 size=10 src=client:1 dst=worker:3
event=resp_rdma_read ts_ns=5587426 id=127 start_ns=4301836 dur_ns=1285590 clt=1 wrkr=0 slot=5 size=307208 src=worker:0 dst=client:1
event=req_send ts_ns=5587426 id=164 clt=1 wrkr=5 slot=1 size=17 src=client:1 dst=worker:5
event=resp_recv_ud ts_ns=5643182 id=164 clt=1 wrkr=5 slot=1 size=41 src=worker:5 dst=client:1
event=hand_send ts_ns=5651829 id=164 clt=1 wrkr=5 slot=1 size=10 src=client:1 dst=worker:5
event=resp_rdma_read ts_ns=6036953 id=135 start_ns=4603013 dur_ns=1433940 clt=1 wrkr=2 slot=2 size=307208 src=worker:2 dst=client:1
event=req_send ts_ns=6036953 id=172 clt=1 wrkr=4 slot=3 size=17 src=client:1 dst=worker:4
event=resp_recv_ud ts_ns=6093384 id=172 clt=1 wrkr=4 slot=3 size=41 src=worker:4 dst=client:1
event=hand_send ts_ns=6102031 id=172 clt=1 wrkr=4 slot=3 size=10 src=client:1 dst=worker:4
event=resp_rdma_read ts_ns=6223205 id=141 start_ns=4752477 dur_ns=1470728 clt=1 wrkr=2 slot=3 size=307208 src=worker:2 dst=client:1
event=req_send ts_ns=6223205 id=178 clt=1 wrkr=6 slot=5 size=17 src=client:1 dst=worker:6
event=resp_rdma_read ts_ns=6234364 id=140 start_ns=4712112 dur_ns=1522252 clt=1 wrkr=11 slot=5 size=307208 src=worker:11 dst=client:1
event=req_send ts_ns=6234364 id=179 clt=1 wrkr=9 slot=7 size=17 src=client:1 dst=worker:9
event=resp_recv_ud ts_ns=6282601 id=178 clt=1 wrkr=6 slot=5 size=41 src=worker:6 dst=client:1
event=hand_send ts_ns=6291248 id=178 clt=1 wrkr=6 slot=5 size=10 src=client:1 dst=worker:6
event=resp_recv_ud ts_ns=6293565 id=179 clt=1 wrkr=9 slot=7 size=41 src=worker:9 dst=client:1
event=hand_send ts_ns=6302212 id=179 clt=1 wrkr=9 slot=7 size=10 src=client:1 dst=worker:9
event=resp_rdma_read ts_ns=6397644 id=163 start_ns=5524735 dur_ns=872909 clt=1 wrkr=3 slot=3 size=307208 src=worker:3 dst=client:1
event=req_send ts_ns=6397644 id=181 clt=1 wrkr=8 slot=6 size=17 src=client:1 dst=worker:8
event=resp_rdma_read ts_ns=6404263 id=162 start_ns=5483351 dur_ns=920912 clt=1 wrkr=9 slot=6 size=307208 src=worker:9 dst=client:1
event=req_send ts_ns=6404263 id=183 clt=1 wrkr=10 slot=3 size=17 src=client:1 dst=worker:10
event=resp_recv_ud ts_ns=6441014 id=181 clt=1 wrkr=8 slot=6 size=41 src=worker:8 dst=client:1
event=hand_send ts_ns=6449661 id=181 clt=1 wrkr=8 slot=6 size=10 src=client:1 dst=worker:8
event=resp_recv_ud ts_ns=6468261 id=183 clt=1 wrkr=10 slot=3 size=41 src=worker:10 dst=client:1
event=hand_send ts_ns=6476908 id=183 clt=1 wrkr=10 slot=3 size=10 src=client:1 dst=worker:10
event=resp_rdma_read ts_ns=6634362 id=146 start_ns=4930076 dur_ns=1704286 clt=1 wrkr=2 slot=4 size=307208 src=worker:2 dst=client:1
event=req_send ts_ns=6634362 id=189 clt=1 wrkr=3 slot=4 size=17 src=client:1 dst=worker:3
event=resp_rdma_read ts_ns=6658089 id=150 start_ns=5107954 dur_ns=1550135 clt=1 wrkr=9 slot=5 size=307208 src=worker:9 dst=client:1
event=req_send ts_ns=6658089 id=190 clt=1 wrkr=4 slot=4 size=17 src=client:1 dst=worker:4
event=resp_rdma_read ts_ns=6701680 id=158 start_ns=5400218 dur_ns=1301462 clt=1 wrkr=8 slot=5 size=307208 src=worker:8 dst=client:1
event=req_send ts_ns=6701680 id=193 clt=1 wrkr=4 slot=5 size=17 src=client:1 dst=worker:4
event=resp_recv_ud ts_ns=6701784 id=189 clt=1 wrkr=3 slot=4 size=41 src=worker:3 dst=client:1
event=hand_send ts_ns=6710431 id=189 clt=1 wrkr=3 slot=4 size=10 src=client:1 dst=worker:3
event=resp_recv_ud ts_ns=6724286 id=190 clt=1 wrkr=4 slot=4 size=41 src=worker:4 dst=client:1
event=hand_send ts_ns=6732933 id=190 clt=1 wrkr=4 slot=4 size=10 src=client:1 dst=worker:4
event=resp_recv_ud ts_ns=6769413 id=193 clt=1 wrkr=4 slot=5 size=41 src=worker:4 dst=client:1
event=hand_send ts_ns=6778060 id=193 clt=1 wrkr=4 slot=5 size=10 src=client:1 dst=worker:4
event=resp_rdma_read ts_ns=6778627 id=160 start_ns=5439799 dur_ns=1338828 clt=1 wrkr=6 slot=4 size=307208 src=worker:6 dst=client:1
event=req_send ts_ns=6778627 id=197 clt=1 wrkr=6 slot=6 size=17 src=client:1 dst=worker:6
event=resp_rdma_read ts_ns=6827813 id=151 start_ns=5158155 dur_ns=1669658 clt=1 wrkr=4 slot=2 size=307208 src=worker:4 dst=client:1
event=req_send ts_ns=6827813 id=199 clt=1 wrkr=11 slot=7 size=17 src=client:1 dst=worker:11
event=resp_recv_ud ts_ns=6847951 id=197 clt=1 wrkr=6 slot=6 size=41 src=worker:6 dst=client:1
event=hand_send ts_ns=6856598 id=197 clt=1 wrkr=6 slot=6 size=10 src=client:1 dst=worker:6
event=resp_rdma_read ts_ns=6863727 id=164 start_ns=5651829 dur_ns=1211898 clt=1 wrkr=5 slot=1 size=307208 src=worker:5 dst=client:1
event=req_send ts_ns=6863727 id=200 clt=1 wrkr=10 slot=4 size=17 src=client:1 dst=worker:10
event=resp_recv_ud ts_ns=6899329 id=199 clt=1 wrkr=11 slot=7 size=41 src=worker:11 dst=client:1
event=hand_send ts_ns=6907976 id=199 clt=1 wrkr=11 slot=7 size=10 src=client:1 dst=worker:11
event=resp_rdma_read ts_ns=6926531 id=155 start_ns=5224976 dur_ns=1701555 clt=1 wrkr=11 slot=6 size=307208 src=worker:11 dst=client:1
event=req_send ts_ns=6926531 id=202 clt=1 wrkr=2 slot=5 size=17 src=client:1 dst=worker:2
event=resp_recv_ud ts_ns=6931637 id=200 clt=1 wrkr=10 slot=4 size=41 src=worker:10 dst=client:1
event=hand_send ts_ns=6940284 id=200 clt=1 wrkr=10 slot=4 size=10 src=client:1 dst=worker:10
event=resp_recv_ud ts_ns=6996725 id=202 clt=1 wrkr=2 slot=5 size=41 src=worker:2 dst=client:1
event=hand_send ts_ns=7005372 id=202 clt=1 wrkr=2 slot=5 size=10 src=client:1 dst=worker:2
event=resp_rdma_read ts_ns=7171828 id=172 start_ns=6102031 dur_ns=1069797 clt=1 wrkr=4 slot=3 size=307208 src=worker:4 dst=client:1
event=req_send ts_ns=7171828 id=208 clt=1 wrkr=9 slot=8 size=17 src=client:1 dst=worker:9
event=resp_recv_ud ts_ns=7222233 id=208 clt=1 wrkr=9 slot=8 size=41 src=worker:9 dst=client:1
event=hand_send ts_ns=7230880 id=208 clt=1 wrkr=9 slot=8 size=10 src=client:1 dst=worker:9
event=resp_rdma_read ts_ns=7289742 id=178 start_ns=6291248 dur_ns=998494 clt=1 wrkr=6 slot=5 size=307208 src=worker:6 dst=client:1
event=req_send ts_ns=7289742 id=211 clt=1 wrkr=0 slot=6 size=17 src=client:1 dst=worker:0
event=resp_recv_ud ts_ns=7355678 id=211 clt=1 wrkr=0 slot=6 size=41 src=worker:0 dst=client:1
event=hand_send ts_ns=7364325 id=211 clt=1 wrkr=0 slot=6 size=10 src=client:1 dst=worker:0
event=resp_rdma_read ts_ns=7513302 id=179 start_ns=6302212 dur_ns=1211090 clt=1 wrkr=9 slot=7 size=307208 src=worker:9 dst=client:1
event=req_send ts_ns=7513302 id=217 clt=1 wrkr=5 slot=2 size=17 src=client:1 dst=worker:5
event=resp_recv_ud ts_ns=7559184 id=217 clt=1 wrkr=5 slot=2 size=41 src=worker:5 dst=client:1
event=hand_send ts_ns=7567831 id=217 clt=1 wrkr=5 slot=2 size=10 src=client:1 dst=worker:5
event=resp_rdma_read ts_ns=7679165 id=183 start_ns=6476908 dur_ns=1202257 clt=1 wrkr=10 slot=3 size=307208 src=worker:10 dst=client:1
event=req_send ts_ns=7679165 id=219 clt=1 wrkr=11 slot=8 size=17 src=client:1 dst=worker:11
event=resp_rdma_read ts_ns=7717260 id=181 start_ns=6449661 dur_ns=1267599 clt=1 wrkr=8 slot=6 size=307208 src=worker:8 dst=client:1
event=req_send ts_ns=7717260 id=220 clt=1 wrkr=6 slot=7 size=17 src=client:1 dst=worker:6
event=resp_recv_ud ts_ns=7728849 id=219 clt=1 wrkr=11 slot=8 size=41 src=worker:11 dst=client:1
event=hand_send ts_ns=7737496 id=219 clt=1 wrkr=11 slot=8 size=10 src=client:1 dst=worker:11
event=resp_recv_ud ts_ns=7777816 id=220 clt=1 wrkr=6 slot=7 size=41 src=worker:6 dst=client:1
event=hand_send ts_ns=7786463 id=220 clt=1 wrkr=6 slot=7 size=10 src=client:1 dst=worker:6
event=resp_rdma_read ts_ns=8191342 id=189 start_ns=6710431 dur_ns=1480911 clt=1 wrkr=3 slot=4 size=307208 src=worker:3 dst=client:1
event=req_send ts_ns=8191342 id=225 clt=1 wrkr=1 slot=7 size=17 src=client:1 dst=worker:1
event=resp_rdma_read ts_ns=8225816 id=197 start_ns=6856598 dur_ns=1369218 clt=1 wrkr=6 slot=6 size=307208 src=worker:6 dst=client:1
event=req_send ts_ns=8225816 id=227 clt=1 wrkr=11 slot=9 size=17 src=client:1 dst=worker:11
event=resp_recv_ud ts_ns=8227908 id=225 clt=1 wrkr=1 slot=7 size=41 src=worker:1 dst=client:1
event=hand_send ts_ns=8236555 id=225 clt=1 wrkr=1 slot=7 size=10 src=client:1 dst=worker:1
event=resp_recv_ud ts_ns=8278899 id=227 clt=1 wrkr=11 slot=9 size=41 src=worker:11 dst=client:1
event=hand_send ts_ns=8287546 id=227 clt=1 wrkr=11 slot=9 size=10 src=client:1 dst=worker:11
event=resp_rdma_read ts_ns=8334380 id=190 start_ns=6732933 dur_ns=1601447 clt=1 wrkr=4 slot=4 size=307208 src=worker:4 dst=client:1
event=req_send ts_ns=8334380 id=228 clt=1 wrkr=4 slot=6 size=17 src=client:1 dst=worker:4
event=resp_recv_ud ts_ns=8378448 id=228 clt=1 wrkr=4 slot=6 size=41 src=worker:4 dst=client:1
event=hand_send ts_ns=8387095 id=228 clt=1 wrkr=4 slot=6 size=10 src=client:1 dst=worker:4
event=resp_rdma_read ts_ns=8408459 id=217 start_ns=7567831 dur_ns=840628 clt=1 wrkr=5 slot=2 size=307208 src=worker:5 dst=client:1
event=req_send ts_ns=8408459 id=231 clt=1 wrkr=3 slot=5 size=17 src=client:1 dst=worker:3
event=resp_recv_ud ts_ns=8465668 id=231 clt=1 wrkr=3 slot=5 size=41 src=worker:3 dst=client:1
event=hand_send ts_ns=8474315 id=231 clt=1 wrkr=3 slot=5 size=10 src=client:1 dst=worker:3
event=resp_rdma_read ts_ns=8486796 id=193 start_ns=6778060 dur_ns=1708736 clt=1 wrkr=4 slot=5 size=307208 src=worker:4 dst=client:1
event=req_send ts_ns=8486796 id=234 clt=1 wrkr=9 slot=9 size=17 src=client:1 dst=worker:9
event=resp_rdma_read ts_ns=8528213 id=211 start_ns=7364325 dur_ns=1163888 clt=1 wrkr=0 slot=6 size=307208 src=worker:0 dst=client:1
event=req_send ts_ns=8528213 id=236 clt=1 wrkr=6 slot=8 size=17 src=client:1 dst=worker:6
event=resp_recv_ud ts_ns=8546624 id=234 clt=1 wrkr=9 slot=9 size=41 src=worker:9 dst=client:1
event=hand_send ts_ns=8555271 id=234 clt=1 wrkr=9 slot=9 size=10 src=client:1 dst=worker:9
event=resp_recv_ud ts_ns=8588906 id=236 clt=1 wrkr=6 slot=8 size=41 src=worker:6 dst=client:1
event=hand_send ts_ns=8597553 id=236 clt=1 wrkr=6 slot=8 size=10 src=client:1 dst=worker:6
event=resp_rdma_read ts_ns=8605141 id=208 start_ns=7230880 dur_ns=1374261 clt=1 wrkr=9 slot=8 size=307208 src=worker:9 dst=client:1
event=req_send ts_ns=8605141 id=246 clt=1 wrkr=5 slot=3 size=17 src=client:1 dst=worker:5
event=resp_rdma_read ts_ns=8643082 id=220 start_ns=7786463 dur_ns=856619 clt=1 wrkr=6 slot=7 size=307208 src=worker:6 dst=client:1
event=req_send ts_ns=8643082 id=249 clt=1 wrkr=6 slot=9 size=17 src=client:1 dst=worker:6
event=resp_rdma_read ts_ns=8652581 id=202 start_ns=7005372 dur_ns=1647209 clt=1 wrkr=2 slot=5 size=307208 src=worker:2 dst=client:1
event=req_send ts_ns=8652581 id=250 clt=1 wrkr=9 slot=10 size=17 src=client:1 dst=worker:9
event=resp_recv_ud ts_ns=8667942 id=246 clt=1 wrkr=5 slot=3 size=41 src=worker:5 dst=client:1
event=hand_send ts_ns=8676589 id=246 clt=1 wrkr=5 slot=3 size=10 src=client:1 dst=worker:5
event=resp_rdma_read ts_ns=8701275 id=199 start_ns=6907976 dur_ns=1793299 clt=1 wrkr=11 slot=7 size=307208 src=worker:11 dst=client:1
event=req_send ts_ns=8701275 id=251 clt=1 wrkr=8 slot=7 size=17 src=client:1 dst=worker:8
event=resp_recv_ud ts_ns=8708797 id=249 clt=1 wrkr=6 slot=9 size=41 src=worker:6 dst=client:1
event=hand_send ts_ns=8717444 id=249 clt=1 wrkr=6 slot=9 size=10 src=client:1 dst=worker:6
event=resp_recv_ud ts_ns=8717968 id=250 clt=1 wrkr=9 slot=10 size=41 src=worker:9 dst=client:1
event=hand_send ts_ns=8726615 id=250 clt=1 wrkr=9 slot=10 size=10 src=client:1 dst=worker:9
event=resp_rdma_read ts_ns=8734596 id=200 start_ns=6940284 dur_ns=1794312 clt=1 wrkr=10 slot=4 size=307208 src=worker:10 dst=client:1
event=req_send ts_ns=8734596 id=252 clt=1 wrkr=5 slot=4 size=17 src=client:1 dst=worker:5
event=resp_recv_ud ts_ns=8770240 id=251 clt=1 wrkr=8 slot=7 size=41 src=worker:8 dst=client:1
event=hand_send ts_ns=8778887 id=251 clt=1 wrkr=8 slot=7 size=10 src=client:1 dst=worker:8
event=resp_recv_ud ts_ns=8802770 id=252 clt=1 wrkr=5 slot=4 size=41 src=worker:5 dst=client:1
event=hand_send ts_ns=8811417 id=252 clt=1 wrkr=5 slot=4 size=10 src=client:1 dst=worker:5
event=resp_rdma_read ts_ns=8873549 id=219 start_ns=7737496 dur_ns=1136053 clt=1 wrkr=11 slot=8 size=307208 src=worker:11 dst=client:1
event=req_send ts_ns=8873549 id=255 clt=1 wrkr=4 slot=7 size=17 src=client:1 dst=worker:4
event=resp_recv_ud ts_ns=8942057 id=255 clt=1 wrkr=4 slot=7 size=41 src=worker:4 dst=client:1
event=hand_send ts_ns=8950704 id=255 clt=1 wrkr=4 slot=7 size=10 src=client:1 dst=worker:4
event=resp_rdma_read ts_ns=9210624 id=227 start_ns=8287546 dur_ns=923078 clt=1 wrkr=11 slot=9 size=307208 src=worker:11 dst=client:1
event=req_send ts_ns=9210624 id=261 clt=1 wrkr=2 slot=6 size=17 src=client:1 dst=worker:2
event=resp_recv_ud ts_ns=9253932 id=261 clt=1 wrkr=2 slot=6 size=41 src=worker:2 dst=client:1
event=hand_send ts_ns=9262579 id=261 clt=1 wrkr=2 slot=6 size=10 src=client:1 dst=worker:2
event=resp_rdma_read ts_ns=9283324 id=225 start_ns=8236555 dur_ns=1046769 clt=1 wrkr=1 slot=7 size=307208 src=worker:1 dst=client:1
event=req_send ts_ns=9283324 id=264 clt=1 wrkr=4 slot=8 size=17 src=client:1 dst=worker:4
event=resp_recv_ud ts_ns=9336844 id=264 clt=1 wrkr=4 slot=8 size=41 src=worker:4 dst=client:1
event=hand_send ts_ns=9345491 id=264 clt=1 wrkr=4 slot=8 size=10 src=client:1 dst=worker:4
event=resp_rdma_read ts_ns=9463914 id=228 start_ns=8387095 dur_ns=1076819 clt=1 wrkr=4 slot=6 size=307208 src=worker:4 dst=client:1
event=req_send ts_ns=9463914 id=265 clt=1 wrkr=5 slot=5 size=17 src=client:1 dst=worker:5
event=resp_recv_ud ts_ns=9503080 id=265 clt=1 wrkr=5 slot=5 size=41 src=worker:5 dst=client:1
event=resp_rdma_read ts_ns=9504419 id=231 start_ns=8474315 dur_ns=1030104 clt=1 wrkr=3 slot=5 size=307208 src=worker:3 dst=client:1
event=req_send ts_ns=9504419 id=266 clt=1 wrkr=9 slot=11 size=17 src=client:1 dst=worker:9
event=hand_send ts_ns=9511727 id=265 clt=1 wrkr=5 slot=5 size=10 src=client:1 dst=worker:5
event=resp_recv_ud ts_ns=9557069 id=266 clt=1 wrkr=9 slot=11 size=41 src=worker:9 dst=client:1
event=hand_send ts_ns=9565716 id=266 clt=1 wrkr=9 slot=11 size=10 src=client:1 dst=worker:9
event=resp_rdma_read ts_ns=9700871 id=234 start_ns=8555271 dur_ns=1145600 clt=1 wrkr=9 slot=9 size=307208 src=worker:9 dst=client:1
event=req_send ts_ns=9700871 id=270 clt=1 wrkr=9 slot=0 size=17 src=client:1 dst=worker:9
event=resp_recv_ud ts_ns=9743853 id=270 clt=1 wrkr=9 slot=0 size=41 src=worker:9 dst=client:1
event=hand_send ts_ns=9752500 id=270 clt=1 wrkr=9 slot=0 size=10 src=client:1 dst=worker:9
event=resp_rdma_read ts_ns=9820913 id=236 start_ns=8597553 dur_ns=1223360 clt=1 wrkr=6 slot=8 size=307208 src=worker:6 dst=client:1
event=req_send ts_ns=9820913 id=272 clt=1 wrkr=7 slot=3 size=17 src=client:1 dst=worker:7
event=resp_recv_ud ts_ns=9877410 id=272 clt=1 wrkr=7 slot=3 size=41 src=worker:7 dst=client:1
event=hand_send ts_ns=9886057 id=272 clt=1 wrkr=7 slot=3 size=10 src=client:1 dst=worker:7
event=resp_rdma_read ts_ns=9984345 id=251 start_ns=8778887 dur_ns=1205458 clt=1 wrkr=8 slot=7 size=307208 src=worker:8 dst=client:1
event=req_send ts_ns=9984345 id=277 clt=1 wrkr=3 slot=6 size=17 src=client:1 dst=worker:3
event=resp_recv_ud ts_ns=10047256 id=277 clt=1 wrkr=3 slot=6 size=41 src=worker:3 dst=client:1
event=hand_send ts_ns=10055903 id=277 clt=1 wrkr=3 slot=6 size=10 src=client:1 dst=worker:3
event=resp_rdma_read ts_ns=10198217 id=264 start_ns=9345491 dur_ns=852726 clt=1 wrkr=4 slot=8 size=307208 src=worker:4 dst=client:1
event=req_send ts_ns=10198217 id=283 clt=1 wrkr=11 slot=10 size=17 src=client:1 dst=worker:11
event=resp_rdma_read ts_ns=10242791 id=252 start_ns=8811417 dur_ns=1431374 clt=1 wrkr=5 slot=4 size=307208 src=worker:5 dst=client:1
event=req_send ts_ns=10242791 id=285 clt=1 wrkr=10 slot=5 size=17 src=client:1 dst=worker:10
event=resp_rdma_read ts_ns=10253083 id=250 start_ns=8726615 dur_ns=1526468 clt=1 wrkr=9 slot=10 size=307208 src=worker:9 dst=client:1
event=req_send ts_ns=10253083 id=286 clt=1 wrkr=9 slot=1 size=17 src=client:1 dst=worker:9
event=resp_recv_ud ts_ns=10263319 id=283 clt=1 wrkr=11 slot=10 size=41 src=worker:11 dst=client:1
event=hand_send ts_ns=10271966 id=283 clt=1 wrkr=11 slot=10 size=10 src=client:1 dst=worker:11
event=resp_rdma_read ts_ns=10279667 id=246 start_ns=8676589 dur_ns=1603078 clt=1 wrkr=5 slot=3 size=307208 src=worker:5 dst=client:1
event=req_send ts_ns=10279667 id=288 clt=1 wrkr=10 slot=6 size=17 src=client:1 dst=worker:10
event=resp_recv_ud ts_ns=10308247 id=285 clt=1 wrkr=10 slot=5 size=41 src=worker:10 dst=client:1
event=resp_rdma_read ts_ns=10314195 id=255 start_ns=8950704 dur_ns=1363491 clt=1 wrkr=4 slot=7 size=307208 src=worker:4 dst=client:1
event=req_send ts_ns=10314195 id=291 clt=1 wrkr=2 slot=7 size=17 src=client:1 dst=worker:2
event=hand_send ts_ns=10316894 id=285 clt=1 wrkr=10 slot=5 size=10 src=client:1 dst=worker:10
event=resp_recv_ud ts_ns=10318573 id=286 clt=1 wrkr=9 slot=1 size=41 src=worker:9 dst=client:1
event=hand_send ts_ns=10327220 id=286 clt=1 wrkr=9 slot=1 size=10 src=client:1 dst=worker:9
event=resp_recv_ud ts_ns=10346639 id=288 clt=1 wrkr=10 slot=6 size=41 src=worker:10 dst=client:1
event=hand_send ts_ns=10355286 id=288 clt=1 wrkr=10 slot=6 size=10 src=client:1 dst=worker:10
event=resp_rdma_read ts_ns=10368880 id=249 start_ns=8717444 dur_ns=1651436 clt=1 wrkr=6 slot=9 size=307208 src=worker:6 dst=client:1
event=req_send ts_ns=10368880 id=293 clt=1 wrkr=1 slot=8 size=17 src=client:1 dst=worker:1
event=resp_recv_ud ts_ns=10382082 id=291 clt=1 wrkr=2 slot=7 size=41 src=worker:2 dst=client:1
event=hand_send ts_ns=10390729 id=291 clt=1 wrkr=2 slot=7 size=10 src=client:1 dst=worker:2
event=resp_rdma_read ts_ns=10396946 id=261 start_ns=9262579 dur_ns=1134367 clt=1 wrkr=2 slot=6 size=307208 src=worker:2 dst=client:1
event=req_send ts_ns=10396946 id=294 clt=1 wrkr=0 slot=7 size=17 src=client:1 dst=worker:0
event=resp_recv_ud ts_ns=10437392 id=293 clt=1 wrkr=1 slot=8 size=41 src=worker:1 dst=client:1
event=hand_send ts_ns=10446039 id=293 clt=1 wrkr=1 slot=8 size=10 src=client:1 dst=worker:1
event=resp_recv_ud ts_ns=10467063 id=294 clt=1 wrkr=0 slot=7 size=41 src=worker:0 dst=client:1
event=hand_send ts_ns=10475710 id=294 clt=1 wrkr=0 slot=7 size=10 src=client:1 dst=worker:0
event=resp_rdma_read ts_ns=10556113 id=265 start_ns=9511727 dur_ns=1044386 clt=1 wrkr=5 slot=5 size=307208 src=worker:5 dst=client:1
event=req_send ts_ns=10556113 id=300 clt=1 wrkr=5 slot=6 size=17 src=client:1 dst=worker:5
event=resp_rdma_read ts_ns=10610932 id=270 start_ns=9752500 dur_ns=858432 clt=1 wrkr=9 slot=0 size=307208 src=worker:9 dst=client:1
event=req_send ts_ns=10610932 id=301 clt=1 wrkr=11 slot=11 size=17 src=client:1 dst=worker:11
event=resp_recv_ud ts_ns=10626832 id=300 clt=1 wrkr=5 slot=6 size=41 src=worker:5 dst=client:1
event=hand_send ts_ns=10635479 id=300 clt=1 wrkr=5 slot=6 size=10 src=client:1 dst=worker:5
event=resp_rdma_read ts_ns=10659960 id=266 start_ns=9565716 dur_ns=1094244 clt=1 wrkr=9 slot=11 size=307208 src=worker:9 dst=client:1
event=req_send ts_ns=10659960 id=305 clt=1 wrkr=5 slot=7 size=17 src=client:1 dst=worker:5
event=resp_recv_ud ts_ns=10680636 id=301 clt=1 wrkr=11 slot=11 size=41 src=worker:11 dst=client:1
event=hand_send ts_ns=10689283 id=301 clt=1 wrkr=11 slot=11 size=10 src=client:1 dst=worker:11
event=resp_recv_ud ts_ns=10731463 id=305 clt=1 wrkr=5 slot=7 size=41 src=worker:5 dst=client:1
event=hand_send ts_ns=10740110 id=305 clt=1 wrkr=5 slot=7 size=10 src=client:1 dst=worker:5
event=resp_rdma_read ts_ns=11019737 id=272 start_ns=9886057 dur_ns=1133680 clt=1 wrkr=7 slot=3 size=307208 src=worker:7 dst=client:1
event=req_send ts_ns=11019737 id=309 clt=1 wrkr=7 slot=4 size=17 src=client:1 dst=worker:7
event=resp_recv_ud ts_ns=11086117 id=309 clt=1 wrkr=7 slot=4 size=41 src=worker:7 dst=client:1
event=hand_send ts_ns=11094764 id=309 clt=1 wrkr=7 slot=4 size=10 src=client:1 dst=worker:7
event=resp_rdma_read ts_ns=11271821 id=277 start_ns=10055903 dur_ns=1215918 clt=1 wrkr=3 slot=6 size=307208 src=worker:3 dst=client:1
event=req_send ts_ns=11271821 id=313 clt=1 wrkr=10 slot=7 size=17 src=client:1 dst=worker:10
event=resp_recv_ud ts_ns=11310635 id=313 clt=1 wrkr=10 slot=7 size=41 src=worker:10 dst=client:1
event=hand_send ts_ns=11319282 id=313 clt=1 wrkr=10 slot=7 size=10 src=client:1 dst=worker:10
event=resp_rdma_read ts_ns=11597399 id=283 start_ns=10271966 dur_ns=1325433 clt=1 wrkr=11 slot=10 size=307208 src=worker:11 dst=client:1
event=req_send ts_ns=11597399 id=319 clt=1 wrkr=1 slot=9 size=17 src=client:1 dst=worker:1
event=resp_rdma_read ts_ns=11638223 id=305 start_ns=10740110 dur_ns=898113 clt=1 wrkr=5 slot=7 size=307208 src=worker:5 dst=client:1
event=req_send ts_ns=11638223 id=321 clt=1 wrkr=1 slot=10 size=17 src=client:1 dst=worker:1
event=resp_recv_ud ts_ns=11655307 id=319 clt=1 wrkr=1 slot=9 size=41 src=worker:1 dst=client:1
event=hand_send ts_ns=11663954 id=319 clt=1 wrkr=1 slot=9 size=10 src=client:1 dst=worker:1
event=resp_recv_ud ts_ns=11698439 id=321 clt=1 wrkr=1 slot=10 size=41 src=worker:1 dst=client:1
event=hand_send ts_ns=11707086 id=321 clt=1 wrkr=1 slot=10 size=10 src=client:1 dst=worker:1
event=resp_rdma_read ts_ns=11808493 id=285 start_ns=10316894 dur_ns=1491599 clt=1 wrkr=10 slot=5 size=307208 src=worker:10 dst=client:1
event=req_send ts_ns=11808493 id=324 clt=1 wrkr=9 slot=2 size=17 src=client:1 dst=worker:9
event=resp_rdma_read ts_ns=11840053 id=286 start_ns=10327220 dur_ns=1512833 clt=1 wrkr=9 slot=1 size=307208 src=worker:9 dst=client:1
event=req_send ts_ns=11840053 id=325 clt=1 wrkr=0 slot=8 size=17 src=client:1 dst=worker:0
event=resp_recv_ud ts_ns=11869390 id=324 clt=1 wrkr=9 slot=2 size=41 src=worker:9 dst=client:1
event=hand_send ts_ns=11878037 id=324 clt=1 wrkr=9 slot=2 size=10 src=client:1 dst=worker:9
event=resp_recv_ud ts_ns=11894892 id=325 clt=1 wrkr=0 slot=8 size=41 src=worker:0 dst=client:1
event=hand_send ts_ns=11903539 id=325 clt=1 wrkr=0 slot=8 size=10 src=client:1 dst=worker:0
event=resp_rdma_read ts_ns=11917321 id=291 start_ns=10390729 dur_ns=1526592 clt=1 wrkr=2 slot=7 size=307208 src=worker:2 dst=client:1
event=req_send ts_ns=11917321 id=328 clt=1 wrkr=5 slot=8 size=17 src=client:1 dst=worker:5
event=resp_recv_ud ts_ns=11980301 id=328 clt=1 wrkr=5 slot=8 size=41 src=worker:5 dst=client:1
event=hand_send ts_ns=11988948 id=328 clt=1 wrkr=5 slot=8 size=10 src=client:1 dst=worker:5
event=resp_rdma_read ts_ns=12031536 id=294 start_ns=10475710 dur_ns=1555826 clt=1 wrkr=0 slot=7 size=307208 src=worker:0 dst=client:1
event=req_send ts_ns=12031536 id=331 clt=1 wrkr=8 slot=8 size=17 src=client:1 dst=worker:8
event=resp_rdma_read ts_ns=12032119 id=288 start_ns=10355286 dur_ns=1676833 clt=1 wrkr=10 slot=6 size=307208 src=worker:10 dst=client:1
event=req_send ts_ns=12032119 id=332 clt=1 wrkr=8 slot=9 size=17 src=client:1 dst=worker:8
event=resp_recv_ud ts_ns=12095243 id=331 clt=1 wrkr=8 slot=8 size=41 src=worker:8 dst=client:1
event=resp_recv_ud ts_ns=12095883 id=332 clt=1 wrkr=8 slot=9 size=41 src=worker:8 dst=client:1
event=hand_send ts_ns=12103890 id=331 clt=1 wrkr=8 slot=8 size=10 src=client:1 dst=worker:8
event=hand_send ts_ns=12104530 id=332 clt=1 wrkr=8 slot=9 size=10 src=client:1 dst=worker:8
event=resp_rdma_read ts_ns=12153652 id=293 start_ns=10446039 dur_ns=1707613 clt=1 wrkr=1 slot=8 size=307208 src=worker:1 dst=client:1
event=req_send ts_ns=12153652 id=334 clt=1 wrkr=9 slot=3 size=17 src=client:1 dst=worker:9
event=resp_recv_ud ts_ns=12213089 id=334 clt=1 wrkr=9 slot=3 size=41 src=worker:9 dst=client:1
event=hand_send ts_ns=12221736 id=334 clt=1 wrkr=9 slot=3 size=10 src=client:1 dst=worker:9
event=resp_rdma_read ts_ns=12278420 id=309 start_ns=11094764 dur_ns=1183656 clt=1 wrkr=7 slot=4 size=307208 src=worker:7 dst=client:1
event=req_send ts_ns=12278420 id=340 clt=1 wrkr=8 slot=10 size=17 src=client:1 dst=worker:8
event=resp_recv_ud ts_ns=12345357 id=340 clt=1 wrkr=8 slot=10 size=41 src=worker:8 dst=client:1
event=hand_send ts_ns=12354004 id=340 clt=1 wrkr=8 slot=10 size=10 src=client:1 dst=worker:8
event=resp_rdma_read ts_ns=12369126 id=313 start_ns=11319282 dur_ns=1049844 clt=1 wrkr=10 slot=7 size=307208 src=worker:10 dst=client:1
event=req_send ts_ns=12369126 id=346 clt=1 wrkr=1 slot=11 size=17 src=client:1 dst=worker:1
event=resp_rdma_read ts_ns=12372691 id=301 start_ns=10689283 dur_ns=1683408 clt=1 wrkr=11 slot=11 size=307208 src=worker:11 dst=client:1
event=req_send ts_ns=12372691 id=347 clt=1 wrkr=4 slot=9 size=17 src=client:1 dst=worker:4
event=resp_rdma_read ts_ns=12422425 id=300 start_ns=10635479 dur_ns=1786946 clt=1 wrkr=5 slot=6 size=307208 src=worker:5 dst=client:1
event=req_send ts_ns=12422425 id=348 clt=1 wrkr=8 slot=11 size=17 src=client:1 dst=worker:8
event=resp_recv_ud ts_ns=12437415 id=346 clt=1 wrkr=1 slot=11 size=41 src=worker:1 dst=client:1
event=resp_recv_ud ts_ns=12441222 id=347 clt=1 wrkr=4 slot=9 size=41 src=worker:4 dst=client:1
event=hand_send ts_ns=12446062 id=346 clt=1 wrkr=1 slot=11 size=10 src=client:1 dst=worker:1
event=hand_send ts_ns=12449869 id=347 clt=1 wrkr=4 slot=9 size=10 src=client:1 dst=worker:4
event=resp_recv_ud ts_ns=12492684 id=348 clt=1 wrkr=8 slot=11 size=41 src=worker:8 dst=client:1
event=hand_send ts_ns=12501331 id=348 clt=1 wrkr=8 slot=11 size=10 src=client:1 dst=worker:8
event=resp_rdma_read ts_ns=12737253 id=321 start_ns=11707086 dur_ns=1030167 clt=1 wrkr=1 slot=10 size=307208 src=worker:1 dst=client:1
event=req_send ts_ns=12737253 id=356 clt=1 wrkr=1 slot=0 size=17 src=client:1 dst=worker:1
event=resp_rdma_read ts_ns=12764023 id=319 start_ns=11663954 dur_ns=1100069 clt=1 wrkr=1 slot=9 size=307208 src=worker:1 dst=client:1
event=req_send ts_ns=12764023 id=357 clt=1 wrkr=6 slot=10 size=17 src=client:1 dst=worker:6
event=resp_recv_ud ts_ns=12805056 id=356 clt=1 wrkr=1 slot=0 size=41 src=worker:1 dst=client:1
event=hand_send ts_ns=12813703 id=356 clt=1 wrkr=1 slot=0 size=10 src=client:1 dst=worker:1
event=resp_recv_ud ts_ns=12826189 id=357 clt=1 wrkr=6 slot=10 size=41 src=worker:6 dst=client:1
event=hand_send ts_ns=12834836 id=357 clt=1 wrkr=6 slot=10 size=10 src=client:1 dst=worker:6
event=resp_rdma_read ts_ns=13067499 id=324 start_ns=11878037 dur_ns=1189462 clt=1 wrkr=9 slot=2 size=307208 src=worker:9 dst=client:1
event=req_send ts_ns=13067499 id=361 clt=1 wrkr=5 slot=9 size=17 src=client:1 dst=worker:5
event=resp_rdma_read ts_ns=13069912 id=325 start_ns=11903539 dur_ns=1166373 clt=1 wrkr=0 slot=8 size=307208 src=worker:0 dst=client:1
event=req_send ts_ns=13069912 id=362 clt=1 wrkr=7 slot=5 size=17 src=client:1 dst=worker:7
event=resp_recv_ud ts_ns=13123306 id=361 clt=1 wrkr=5 slot=9 size=41 src=worker:5 dst=client:1
event=hand_send ts_ns=13131953 id=361 clt=1 wrkr=5 slot=9 size=10 src=client:1 dst=worker:5
event=resp_recv_ud ts_ns=13132037 id=362 clt=1 wrkr=7 slot=5 size=41 src=worker:7 dst=client:1
event=hand_send ts_ns=13140684 id=362 clt=1 wrkr=7 slot=5 size=10 src=client:1 dst=worker:7
event=resp_rdma_read ts_ns=13213153 id=328 start_ns=11988948 dur_ns=1224205 clt=1 wrkr=5 slot=8 size=307208 src=worker:5 dst=client:1
event=req_send ts_ns=13213153 id=364 clt=1 wrkr=1 slot=1 size=17 src=client:1 dst=worker:1
event=resp_recv_ud ts_ns=13259207 id=364 clt=1 wrkr=1 slot=1 size=41 src=worker:1 dst=client:1
event=hand_send ts_ns=13267854 id=364 clt=1 wrkr=1 slot=1 size=10 src=client:1 dst=worker:1
event=resp_rdma_read ts_ns=13413554 id=332 start_ns=12104530 dur_ns=1309024 clt=1 wrkr=8 slot=9 size=307208 src=worker:8 dst=client:1
event=req_send ts_ns=13413554 id=367 clt=1 wrkr=8 slot=0 size=17 src=client:1 dst=worker:8
event=resp_rdma_read ts_ns=13432653 id=331 start_ns=12103890 dur_ns=1328763 clt=1 wrkr=8 slot=8 size=307208 src=worker:8 dst=client:1
event=req_send ts_ns=13432653 id=369 clt=1 wrkr=3 slot=7 size=17 src=client:1 dst=worker:3
event=resp_recv_ud ts_ns=13467183 id=367 clt=1 wrkr=8 slot=0 size=41 src=worker:8 dst=client:1
event=hand_send ts_ns=13475830 id=367 clt=1 wrkr=8 slot=0 size=10 src=client:1 dst=worker:8
event=resp_recv_ud ts_ns=13493874 id=369 clt=1 wrkr=3 slot=7 size=41 src=worker:3 dst=client:1
event=hand_send ts_ns=13502521 id=369 clt=1 wrkr=3 slot=7 size=10 src=client:1 dst=worker:3
event=resp_rdma_read ts_ns=13584571 id=334 start_ns=12221736 dur_ns=1362835 clt=1 wrkr=9 slot=3 size=307208 src=worker:9 dst=client:1
event=req_send ts_ns=13584571 id=371 clt=1 wrkr=11 slot=0 size=17 src=client:1 dst=worker:11
event=resp_recv_ud ts_ns=13630729 id=371 clt=1 wrkr=11 slot=0 size=41 src=worker:11 dst=client:1
event=hand_send ts_ns=13639376 id=371 clt=1 wrkr=11 slot=0 size=10 src=client:1 dst=worker:11
event=resp_rdma_read ts_ns=13800450 id=340 start_ns=12354004 dur_ns=1446446 clt=1 wrkr=8 slot=10 size=307208 src=worker:8 dst=client:1
event=req_send ts_ns=13800450 id=376 clt=1 wrkr=9 slot=4 size=17 src=client:1 dst=worker:9
event=resp_recv_ud ts_ns=13861688 id=376 clt=1 wrkr=9 slot=4 size=41 src=worker:9 dst=client:1
event=hand_send ts_ns=13870335 id=376 clt=1 wrkr=9 slot=4 size=10 src=client:1 dst=worker:9
event=resp_rdma_read ts_ns=13982753 id=356 start_ns=12813703 dur_ns=1169050 clt=1 wrkr=1 slot=0 size=307208 src=worker:1 dst=client:1
event=req_send ts_ns=13982753 id=380 clt=1 wrkr=11 slot=1 size=17 src=client:1 dst=worker:11
event=resp_recv_ud ts_ns=14046745 id=380 clt=1 wrkr=11 slot=1 size=41 src=worker:11 dst=client:1
event=hand_send ts_ns=14055392 id=380 clt=1 wrkr=11 slot=1 size=10 src=client:1 dst=worker:11
event=resp_rdma_read ts_ns=14069839 id=357 start_ns=12834836 dur_ns=1235003 clt=1 wrkr=6 slot=10 size=307208 src=worker:6 dst=client:1
event=req_send ts_ns=14069839 id=386 clt=1 wrkr=4 slot=10 size=17 src=client:1 dst=worker:4
event=resp_recv_ud ts_ns=14134207 id=386 clt=1 wrkr=4 slot=10 size=41 src=worker:4 dst=client:1
event=hand_send ts_ns=14142854 id=386 clt=1 wrkr=4 slot=10 size=10 src=client:1 dst=worker:4
event=resp_rdma_read ts_ns=14146329 id=362 start_ns=13140684 dur_ns=1005645 clt=1 wrkr=7 slot=5 size=307208 src=worker:7 dst=client:1
event=req_send ts_ns=14146329 id=388 clt=1 wrkr=7 slot=6 size=17 src=client:1 dst=worker:7
event=resp_rdma_read ts_ns=14186391 id=347 start_ns=12449869 dur_ns=1736522 clt=1 wrkr=4 slot=9 size=307208 src=worker:4 dst=client:1
event=req_send ts_ns=14186391 id=394 clt=1 wrkr=0 slot=9 size=17 src=client:1 dst=worker:0
event=resp_recv_ud ts_ns=14213419 id=388 clt=1 wrkr=7 slot=6 size=41 src=worker:7 dst=client:1
event=resp_rdma_read ts_ns=14219456 id=361 start_ns=13131953 dur_ns=1087503 clt=1 wrkr=5 slot=9 size=307208 src=worker:5 dst=client:1
event=req_send ts_ns=14219456 id=395 clt=1 wrkr=5 slot=10 size=17 src=client:1 dst=worker:5
event=hand_send ts_ns=14222066 id=388 clt=1 wrkr=7 slot=6 size=10 src=client:1 dst=worker:7
event=resp_rdma_read ts_ns=14228322 id=346 start_ns=12446062 dur_ns=1782260 clt=1 wrkr=1 slot=11 size=307208 src=worker:1 dst=client:1
event=req_send ts_ns=14228322 id=397 clt=1 wrkr=9 slot=5 size=17 src=client:1 dst=worker:9
event=resp_recv_ud ts_ns=14254044 id=394 clt=1 wrkr=0 slot=9 size=41 src=worker:0 dst=client:1
event=hand_send ts_ns=14262691 id=394 clt=1 wrkr=0 slot=9 size=10 src=client:1 dst=worker:0
event=resp_rdma_read ts_ns=14274766 id=348 start_ns=12501331 dur_ns=1773435 clt=1 wrkr=8 slot=11 size=307208 src=worker:8 dst=client:1
event=req_send ts_ns=14274766 id=399 clt=1 wrkr=2 slot=8 size=17 src=client:1 dst=worker:2
event=resp_recv_ud ts_ns=14288739 id=395 clt=1 wrkr=5 slot=10 size=41 src=worker:5 dst=client:1
event=resp_recv_ud ts_ns=14296311 id=397 clt=1 wrkr=9 slot=5 size=41 src=worker:9 dst=client:1
event=hand_send ts_ns=14297386 id=395 clt=1 wrkr=5 slot=10 size=10 src=client:1 dst=worker:5
event=hand_send ts_ns=14304958 id=397 clt=1 wrkr=9 slot=5 size=10 src=client:1 dst=worker:9
event=resp_recv_ud ts_ns=14345133 id=399 clt=1 wrkr=2 slot=8 size=41 src=worker:2 dst=client:1
event=hand_send ts_ns=14353780 id=399 clt=1 wrkr=2 slot=8 size=10 src=client:1 dst=worker:2
event=resp_rdma_read ts_ns=14371588 id=364 start_ns=13267854 dur_ns=1103734 clt=1 wrkr=1 slot=1 size=307208 src=worker:1 dst=client:1
event=req_send ts_ns=14371588 id=401 clt=1 wrkr=1 slot=2 size=17 src=client:1 dst=worker:1
event=resp_rdma_read ts_ns=14426031 id=371 start_ns=13639376 dur_ns=786655 clt=1 wrkr=11 slot=0 size=307208 src=worker:11 dst=client:1
event=req_send ts_ns=14426031 id=402 clt=1 wrkr=9 slot=6 size=17 src=client:1 dst=worker:9
event=resp_recv_ud ts_ns=14442012 id=401 clt=1 wrkr=1 slot=2 size=41 src=worker:1 dst=client:1
event=hand_send ts_ns=14450659 id=401 clt=1 wrkr=1 slot=2 size=10 src=client:1 dst=worker:1
event=resp_recv_ud ts_ns=14495189 id=402 clt=1 wrkr=9 slot=6 size=41 src=worker:9 dst=client:1
event=hand_send ts_ns=14503836 id=402 clt=1 wrkr=9 slot=6 size=10 src=client:1 dst=worker:9
event=resp_rdma_read ts_ns=14506563 id=369 start_ns=13502521 dur_ns=1004042 clt=1 wrkr=3 slot=7 size=307208 src=worker:3 dst=client:1
event=req_send ts_ns=14506563 id=405 clt=1 wrkr=4 slot=11 size=17 src=client:1 dst=worker:4
event=resp_recv_ud ts_ns=14577202 id=405 clt=1 wrkr=4 slot=11 size=41 src=worker:4 dst=client:1
event=hand_send ts_ns=14585849 id=405 clt=1 wrkr=4 slot=11 size=10 src=client:1 dst=worker:4
event=resp_rdma_read ts_ns=14592869 id=367 start_ns=13475830 dur_ns=1117039 clt=1 wrkr=8 slot=0 size=307208 src=worker:8 dst=client:1
event=req_send ts_ns=14592869 id=406 clt=1 wrkr=1 slot=3 size=17 src=client:1 dst=worker:1
event=resp_recv_ud ts_ns=14656095 id=406 clt=1 wrkr=1 slot=3 size=41 src=worker:1 dst=client:1
event=hand_send ts_ns=14664742 id=406 clt=1 wrkr=1 slot=3 size=10 src=client:1 dst=worker:1
event=resp_rdma_read ts_ns=15084819 id=376 start_ns=13870335 dur_ns=1214484 clt=1 wrkr=9 slot=4 size=307208 src=worker:9 dst=client:1
event=req_send ts_ns=15084819 id=414 clt=1 wrkr=4 slot=0 size=17 src=client:1 dst=worker:4
event=resp_recv_ud ts_ns=15140664 id=414 clt=1 wrkr=4 slot=0 size=41 src=worker:4 dst=client:1
event=hand_send ts_ns=15149311 id=414 clt=1 wrkr=4 slot=0 size=10 src=client:1 dst=worker:4
event=resp_rdma_read ts_ns=15355433 id=380 start_ns=14055392 dur_ns=1300041 clt=1 wrkr=11 slot=1 size=307208 src=worker:11 dst=client:1
event=req_send ts_ns=15355433 id=416 clt=1 wrkr=10 slot=8 size=17 src=client:1 dst=worker:10
event=resp_recv_ud ts_ns=15391421 id=416 clt=1 wrkr=10 slot=8 size=41 src=worker:10 dst=client:1
event=hand_send ts_ns=15400068 id=416 clt=1 wrkr=10 slot=8 size=10 src=client:1 dst=worker:10
event=resp_rdma_read ts_ns=15604974 id=386 start_ns=14142854 dur_ns=1462120 clt=1 wrkr=4 slot=10 size=307208 src=worker:4 dst=client:1
event=req_send ts_ns=15604974 id=422 clt=1 wrkr=4 slot=1 size=17 src=client:1 dst=worker:4
event=resp_recv_ud ts_ns=15664729 id=422 clt=1 wrkr=4 slot=1 size=41 src=worker:4 dst=client:1
event=hand_send ts_ns=15673376 id=422 clt=1 wrkr=4 slot=1 size=10 src=client:1 dst=worker:4
event=resp_rdma_read ts_ns=15678279 id=406 start_ns=14664742 dur_ns=1013537 clt=1 wrkr=1 slot=3 size=307208 src=worker:1 dst=client:1
event=req_send ts_ns=15678279 id=425 clt=1 wrkr=2 slot=9 size=17 src=client:1 dst=worker:2
event=resp_recv_ud ts_ns=15736038 id=425 clt=1 wrkr=2 slot=9 size=41 src=worker:2 dst=client:1
event=hand_send ts_ns=15744685 id=425 clt=1 wrkr=2 slot=9 size=10 src=client:1 dst=worker:2
event=resp_rdma_read ts_ns=15788431 id=388 start_ns=14222066 dur_ns=1566365 clt=1 wrkr=7 slot=6 size=307208 src=worker:7 dst=client:1
event=req_send ts_ns=15788431 id=426 clt=1 wrkr=3 slot=8 size=17 src=client:1 dst=worker:3
event=resp_rdma_read ts_ns=15824503 id=405 start_ns=14585849 dur_ns=1238654 clt=1 wrkr=4 slot=11 size=307208 src=worker:4 dst=client:1
event=req_send ts_ns=15824503 id=430 clt=1 wrkr=5 slot=11 size=17 src=client:1 dst=worker:5
event=resp_recv_ud ts_ns=15843089 id=426 clt=1 wrkr=3 slot=8 size=41 src=worker:3 dst=client:1
event=hand_send ts_ns=15851736 id=426 clt=1 wrkr=3 slot=8 size=10 src=client:1 dst=worker:3
event=resp_recv_ud ts_ns=15885962 id=430 clt=1 wrkr=5 slot=11 size=41 src=worker:5 dst=client:1
event=hand_send ts_ns=15894609 id=430 clt=1 wrkr=5 slot=11 size=10 src=client:1 dst=worker:5
event=resp_rdma_read ts_ns=15911089 id=399 start_ns=14353780 dur_ns=1557309 clt=1 wrkr=2 slot=8 size=307208 src=worker:2 dst=client:1
event=req_send ts_ns=15911089 id=435 clt=1 wrkr=0 slot=10 size=17 src=client:1 dst=worker:0
event=resp_recv_ud ts_ns=15975012 id=435 clt=1 wrkr=0 slot=10 size=41 src=worker:0 dst=client:1
event=hand_send ts_ns=15983659 id=435 clt=1 wrkr=0 slot=10 size=10 src=client:1 dst=worker:0
event=resp_rdma_read ts_ns=16048468 id=397 start_ns=14304958 dur_ns=1743510 clt=1 wrkr=9 slot=5 size=307208 src=worker:9 dst=client:1
event=req_send ts_ns=16048468 id=438 clt=1 wrkr=10 slot=9 size=17 src=client:1 dst=worker:10
event=resp_rdma_read ts_ns=16071953 id=394 start_ns=14262691 dur_ns=1809262 clt=1 wrkr=0 slot=9 size=307208 src=worker:0 dst=client:1
event=req_send ts_ns=16071953 id=441 clt=1 wrkr=10 slot=10 size=17 src=client:1 dst=worker:10
event=resp_rdma_read ts_ns=16079616 id=402 start_ns=14503836 dur_ns=1575780 clt=1 wrkr=9 slot=6 size=307208 src=worker:9 dst=client:1
event=req_send ts_ns=16079616 id=442 clt=1 wrkr=5 slot=0 size=17 src=client:1 dst=worker:5
event=resp_rdma_read ts_ns=16095545 id=414 start_ns=15149311 dur_ns=946234 clt=1 wrkr=4 slot=0 size=307208 src=worker:4 dst=client:1
event=req_send ts_ns=16095545 id=444 clt=1 wrkr=7 slot=7 size=17 src=client:1 dst=worker:7
event=resp_recv_ud ts_ns=16116365 id=438 clt=1 wrkr=10 slot=9 size=41 src=worker:10 dst=client:1
event=hand_send ts_ns=16125012 id=438 clt=1 wrkr=10 slot=9 size=10 src=client:1 dst=worker:10
event=resp_rdma_read ts_ns=16125413 id=395 start_ns=14297386 dur_ns=1828027 clt=1 wrkr=5 slot=10 size=307208 src=worker:5 dst=client:1
event=req_send ts_ns=16125413 id=448 clt=1 wrkr=2 slot=10 size=17 src=client:1 dst=worker:2
event=resp_rdma_read ts_ns=16128278 id=401 start_ns=14450659 dur_ns=1677619 clt=1 wrkr=1 slot=2 size=307208 src=worker:1 dst=client:1
event=req_send ts_ns=16128278 id=449 clt=1 wrkr=10 slot=11 size=17 src=client:1 dst=worker:10
event=resp_recv_ud ts_ns=16139306 id=441 clt=1 wrkr=10 slot=10 size=41 src=worker:10 dst=client:1
event=resp_recv_ud ts_ns=16147102 id=442 clt=1 wrkr=5 slot=0 size=41 src=worker:5 dst=client:1
event=hand_send ts_ns=16147953 id=441 clt=1 wrkr=10 slot=10 size=10 src=client:1 dst=worker:10
event=hand_send ts_ns=16155749 id=442 clt=1 wrkr=5 slot=0 size=10 src=client:1 dst=worker:5
event=resp_recv_ud ts_ns=16162685 id=444 clt=1 wrkr=7 slot=7 size=41 src=worker:7 dst=client:1
event=hand_send ts_ns=16171332 id=444 clt=1 wrkr=7 slot=7 size=10 src=client:1 dst=worker:7
event=resp_recv_ud ts_ns=16194416 id=448 clt=1 wrkr=2 slot=10 size=41 src=worker:2 dst=client:1
event=resp_recv_ud ts_ns=16197210 id=449 clt=1 wrkr=10 slot=11 size=41 src=worker:10 dst=client:1
event=hand_send ts_ns=16203063 id=448 clt=1 wrkr=2 slot=10 size=10 src=client:1 dst=worker:2
event=hand_send ts_ns=16205857 id=449 clt=1 wrkr=10 slot=11 size=10 src=client:1 dst=worker:10
event=resp_rdma_read ts_ns=16491539 id=416 start_ns=15400068 dur_ns=1091471 clt=1 wrkr=10 slot=8 size=307208 src=worker:10 dst=client:1
event=req_send ts_ns=16491539 id=455 clt=1 wrkr=4 slot=2 size=17 src=client:1 dst=worker:4
event=resp_recv_ud ts_ns=16544466 id=455 clt=1 wrkr=4 slot=2 size=41 src=worker:4 dst=client:1
event=hand_send ts_ns=16553113 id=455 clt=1 wrkr=4 slot=2 size=10 src=client:1 dst=worker:4
event=resp_rdma_read ts_ns=16622589 id=425 start_ns=15744685 dur_ns=877904 clt=1 wrkr=2 slot=9 size=307208 src=worker:2 dst=client:1
event=req_send ts_ns=16622589 id=457 clt=1 wrkr=2 slot=11 size=17 src=client:1 dst=worker:2
event=resp_recv_ud ts_ns=16676567 id=457 clt=1 wrkr=2 slot=11 size=41 src=worker:2 dst=client:1
event=hand_send ts_ns=16685214 id=457 clt=1 wrkr=2 slot=11 size=10 src=client:1 dst=worker:2
event=resp_rdma_read ts_ns=16764728 id=422 start_ns=15673376 dur_ns=1091352 clt=1 wrkr=4 slot=1 size=307208 src=worker:4 dst=client:1
event=req_send ts_ns=16764728 id=459 clt=1 wrkr=5 slot=1 size=17 src=client:1 dst=worker:5
event=resp_recv_ud ts_ns=16822211 id=459 clt=1 wrkr=5 slot=1 size=41 src=worker:5 dst=client:1
event=hand_send ts_ns=16830858 id=459 clt=1 wrkr=5 slot=1 size=10 src=client:1 dst=worker:5
event=resp_rdma_read ts_ns=17022230 id=426 start_ns=15851736 dur_ns=1170494 clt=1 wrkr=3 slot=8 size=307208 src=worker:3 dst=client:1
event=req_send ts_ns=17022230 id=464 clt=1 wrkr=3 slot=9 size=17 src=client:1 dst=worker:3
event=resp_recv_ud ts_ns=17082052 id=464 clt=1 wrkr=3 slot=9 size=41 src=worker:3 dst=client:1
event=hand_send ts_ns=17090699 id=464 clt=1 wrkr=3 slot=9 size=10 src=client:1 dst=worker:3
event=resp_rdma_read ts_ns=17163611 id=430 start_ns=15894609 dur_ns=1269002 clt=1 wrkr=5 slot=11 size=307208 src=worker:5 dst=client:1
event=req_send ts_ns=17163611 id=469 clt=1 wrkr=1 slot=4 size=17 src=client:1 dst=worker:1
event=resp_recv_ud ts_ns=17220339 id=469 clt=1 wrkr=1 slot=4 size=41 src=worker:1 dst=client:1
event=hand_send ts_ns=17228986 id=469 clt=1 wrkr=1 slot=4 size=10 src=client:1 dst=worker:1
event=resp_rdma_read ts_ns=17326598 id=435 start_ns=15983659 dur_ns=1342939 clt=1 wrkr=0 slot=10 size=307208 src=worker:0 dst=client:1
event=req_send ts_ns=17326598 id=472 clt=1 wrkr=3 slot=10 size=17 src=client:1 dst=worker:3
event=resp_recv_ud ts_ns=17389878 id=472 clt=1 wrkr=3 slot=10 size=41 src=worker:3 dst=client:1
event=hand_send ts_ns=17398525 id=472 clt=1 wrkr=3 slot=10 size=10 src=client:1 dst=worker:3
event=resp_rdma_read ts_ns=17500773 id=455 start_ns=16553113 dur_ns=947660 clt=1 wrkr=4 slot=2 size=307208 src=worker:4 dst=client:1
event=req_send ts_ns=17500773 id=476 clt=1 wrkr=0 slot=11 size=17 src=client:1 dst=worker:0
event=resp_recv_ud ts_ns=17557562 id=476 clt=1 wrkr=0 slot=11 size=41 src=worker:0 dst=client:1
event=hand_send ts_ns=17566209 id=476 clt=1 wrkr=0 slot=11 size=10 src=client:1 dst=worker:0
event=resp_rdma_read ts_ns=17581759 id=457 start_ns=16685214 dur_ns=896545 clt=1 wrkr=2 slot=11 size=307208 src=worker:2 dst=client:1
event=req_send ts_ns=17581759 id=478 clt=1 wrkr=10 slot=0 size=17 src=client:1 dst=worker:10
event=resp_recv_ud ts_ns=17646990 id=478 clt=1 wrkr=10 slot=0 size=41 src=worker:10 dst=client:1
event=hand_send ts_ns=17655637 id=478 clt=1 wrkr=10 slot=0 size=10 src=client:1 dst=worker:10
event=resp_rdma_read ts_ns=17671555 id=438 start_ns=16125012 dur_ns=1546543 clt=1 wrkr=10 slot=9 size=307208 src=worker:10 dst=client:1
event=req_send ts_ns=17671555 id=482 clt=1 wrkr=10 slot=1 size=17 src=client:1 dst=worker:10
event=resp_recv_ud ts_ns=17737784 id=482 clt=1 wrkr=10 slot=1 size=41 src=worker:10 dst=client:1
event=hand_send ts_ns=17746431 id=482 clt=1 wrkr=10 slot=1 size=10 src=client:1 dst=worker:10
event=resp_rdma_read ts_ns=17770501 id=441 start_ns=16147953 dur_ns=1622548 clt=1 wrkr=10 slot=10 size=307208 src=worker:10 dst=client:1
event=req_send ts_ns=17770501 id=486 clt=1 wrkr=6 slot=11 size=17 src=client:1 dst=worker:6
event=resp_recv_ud ts_ns=17837775 id=486 clt=1 wrkr=6 slot=11 size=41 src=worker:6 dst=client:1
event=resp_rdma_read ts_ns=17842367 id=442 start_ns=16155749 dur_ns=1686618 clt=1 wrkr=5 slot=0 size=307208 src=worker:5 dst=client:1
event=req_send ts_ns=17842367 id=488 clt=1 wrkr=11 slot=2 size=17 src=client:1 dst=worker:11
event=hand_send ts_ns=17846422 id=486 clt=1 wrkr=6 slot=11 size=10 src=client:1 dst=worker:6
event=resp_rdma_read ts_ns=17884005 id=459 start_ns=16830858 dur_ns=1053147 clt=1 wrkr=5 slot=1 size=307208 src=worker:5 dst=client:1
event=req_send ts_ns=17884005 id=489 clt=1 wrkr=5 slot=2 size=17 src=client:1 dst=worker:5
event=resp_recv_ud ts_ns=17911113 id=488 clt=1 wrkr=11 slot=2 size=41 src=worker:11 dst=client:1
event=hand_send ts_ns=17919760 id=488 clt=1 wrkr=11 slot=2 size=10 src=client:1 dst=worker:11
event=resp_rdma_read ts_ns=17936873 id=444 start_ns=16171332 dur_ns=1765541 clt=1 wrkr=7 slot=7 size=307208 src=worker:7 dst=client:1
event=req_send ts_ns=17936873 id=491 clt=1 wrkr=10 slot=2 size=17 src=client:1 dst=worker:10
event=resp_recv_ud ts_ns=17952644 id=489 clt=1 wrkr=5 slot=2 size=41 src=worker:5 dst=client:1
event=hand_send ts_ns=17961291 id=489 clt=1 wrkr=5 slot=2 size=10 src=client:1 dst=worker:5
event=resp_recv_ud ts_ns=18006340 id=491 clt=1 wrkr=10 slot=2 size=41 src=worker:10 dst=client:1
event=resp_rdma_read ts_ns=18010637 id=469 start_ns=17228986 dur_ns=781651 clt=1 wrkr=1 slot=4 size=307208 src=worker:1 dst=client:1
event=req_send ts_ns=18010637 id=498 clt=1 wrkr=2 slot=0 size=17 src=client:1 dst=worker:2
event=hand_send ts_ns=18014987 id=491 clt=1 wrkr=10 slot=2 size=10 src=client:1 dst=worker:10
event=resp_rdma_read ts_ns=18072407 id=448 start_ns=16203063 dur_ns=1869344 clt=1 wrkr=2 slot=10 size=307208 src=worker:2 dst=client:1
event=req_send ts_ns=18072407 id=499 clt=1 wrkr=4 slot=3 size=17 src=client:1 dst=worker:4
event=resp_recv_ud ts_ns=18080274 id=498 clt=1 wrkr=2 slot=0 size=41 src=worker:2 dst=client:1
event=hand_send ts_ns=18088921 id=498 clt=1 wrkr=2 slot=0 size=10 src=client:1 dst=worker:2
event=resp_rdma_read ts_ns=18118921 id=449 start_ns=16205857 dur_ns=1913064 clt=1 wrkr=10 slot=11 size=307208 src=worker:10 dst=client:1
event=req_send ts_ns=18118921 id=500 clt=1 wrkr=1 slot=5 size=17 src=client:1 dst=worker:1
event=resp_recv_ud ts_ns=18141309 id=499 clt=1 wrkr=4 slot=3 size=41 src=worker:4 dst=client:1
event=hand_send ts_ns=18149956 id=499 clt=1 wrkr=4 slot=3 size=10 src=client:1 dst=worker:4
event=resp_rdma_read ts_ns=18150201 id=464 start_ns=17090699 dur_ns=1059502 clt=1 wrkr=3 slot=9 size=307208 src=worker:3 dst=client:1
event=req_send ts_ns=18150201 id=501 clt=1 wrkr=3 slot=11 size=17 src=client:1 dst=worker:3
event=resp_recv_ud ts_ns=18190510 id=500 clt=1 wrkr=1 slot=5 size=41 src=worker:1 dst=client:1
event=hand_send ts_ns=18199157 id=500 clt=1 wrkr=1 slot=5 size=10 src=client:1 dst=worker:1
event=resp_recv_ud ts_ns=18216420 id=501 clt=1 wrkr=3 slot=11 size=41 src=worker:3 dst=client:1
event=hand_send ts_ns=18225067 id=501 clt=1 wrkr=3 slot=11 size=10 src=client:1 dst=worker:3
event=resp_rdma_read ts_ns=18658689 id=472 start_ns=17398525 dur_ns=1260164 clt=1 wrkr=3 slot=10 size=307208 src=worker:3 dst=client:1
event=req_send ts_ns=18658689 id=509 clt=1 wrkr=10 slot=3 size=17 src=client:1 dst=worker:10
event=resp_rdma_read ts_ns=18711038 id=476 start_ns=17566209 dur_ns=1144829 clt=1 wrkr=0 slot=11 size=307208 src=worker:0 dst=client:1
event=req_send ts_ns=18711038 id=511 clt=1 wrkr=11 slot=3 size=17 src=client:1 dst=worker:11
event=resp_recv_ud ts_ns=18720765 id=509 clt=1 wrkr=10 slot=3 size=41 src=worker:10 dst=client:1
event=hand_send ts_ns=18729412 id=509 clt=1 wrkr=10 slot=3 size=10 src=client:1 dst=worker:10
event=resp_recv_ud ts_ns=18767469 id=511 clt=1 wrkr=11 slot=3 size=41 src=worker:11 dst=client:1
event=hand_send ts_ns=18776116 id=511 clt=1 wrkr=11 slot=3 size=10 src=client:1 dst=worker:11
event=resp_rdma_read ts_ns=18944425 id=478 start_ns=17655637 dur_ns=1288788 clt=1 wrkr=10 slot=0 size=307208 src=worker:10 dst=client:1
event=req_send ts_ns=18944425 id=514 clt=1 wrkr=6 slot=0 size=17 src=client:1 dst=worker:6
event=resp_recv_ud ts_ns=18987805 id=514 clt=1 wrkr=6 slot=0 size=41 src=worker:6 dst=client:1
event=hand_send ts_ns=18996452 id=514 clt=1 wrkr=6 slot=0 size=10 src=client:1 dst=worker:6
event=resp_rdma_read ts_ns=19172183 id=482 start_ns=17746431 dur_ns=1425752 clt=1 wrkr=10 slot=1 size=307208 src=worker:10 dst=client:1
event=req_send ts_ns=19172183 id=520 clt=1 wrkr=8 slot=1 size=17 src=client:1 dst=worker:8
event=resp_recv_ud ts_ns=19231570 id=520 clt=1 wrkr=8 slot=1 size=41 src=worker:8 dst=client:1
event=hand_send ts_ns=19240217 id=520 clt=1 wrkr=8 slot=1 size=10 src=client:1 dst=worker:8
event=resp_rdma_read ts_ns=19355909 id=486 start_ns=17846422 dur_ns=1509487 clt=1 wrkr=6 slot=11 size=307208 src=worker:6 dst=client:1
event=req_send ts_ns=19355909 id=523 clt=1 wrkr=2 slot=1 size=17 src=client:1 dst=worker:2
event=resp_recv_ud ts_ns=19409592 id=523 clt=1 wrkr=2 slot=1 size=41 src=worker:2 dst=client:1
event=hand_send ts_ns=19418239 id=523 clt=1 wrkr=2 slot=1 size=10 src=client:1 dst=worker:2
event=resp_rdma_read ts_ns=19429775 id=488 start_ns=17919760 dur_ns=1510015 clt=1 wrkr=11 slot=2 size=307208 src=worker:11 dst=client:1
event=req_send ts_ns=19429775 id=525 clt=1 wrkr=9 slot=7 size=17 src=client:1 dst=worker:9
event=resp_recv_ud ts_ns=19492367 id=525 clt=1 wrkr=9 slot=7 size=41 src=worker:9 dst=client:1
event=hand_send ts_ns=19501014 id=525 clt=1 wrkr=9 slot=7 size=10 src=client:1 dst=worker:9
event=resp_rdma_read ts_ns=19533345 id=501 start_ns=18225067 dur_ns=1308278 clt=1 wrkr=3 slot=11 size=307208 src=worker:3 dst=client:1
event=req_send ts_ns=19533345 id=526 clt=1 wrkr=10 slot=4 size=17 src=client:1 dst=worker:10
event=resp_rdma_read ts_ns=19557638 id=489 start_ns=17961291 dur_ns=1596347 clt=1 wrkr=5 slot=2 size=307208 src=worker:5 dst=client:1
event=req_send ts_ns=19557638 id=529 clt=1 wrkr=1 slot=6 size=17 src=client:1 dst=worker:1
event=resp_recv_ud ts_ns=19594216 id=526 clt=1 wrkr=10 slot=4 size=41 src=worker:10 dst=client:1
event=hand_send ts_ns=19602863 id=526 clt=1 wrkr=10 slot=4 size=10 src=client:1 dst=worker:10
event=resp_recv_ud ts_ns=19620690 id=529 clt=1 wrkr=1 slot=6 size=41 src=worker:1 dst=client:1
event=hand_send ts_ns=19629337 id=529 clt=1 wrkr=1 slot=6 size=10 src=client:1 dst=worker:1
event=resp_rdma_read ts_ns=19752826 id=491 start_ns=18014987 dur_ns=1737839 clt=1 wrkr=10 slot=2 size=307208 src=worker:10 dst=client:1
event=req_send ts_ns=19752826 id=535 clt=1 wrkr=2 slot=2 size=17 src=client:1 dst=worker:2
event=resp_rdma_read ts_ns=19795412 id=509 start_ns=18729412 dur_ns=1066000 clt=1 wrkr=10 slot=3 size=307208 src=worker:10 dst=client:1
event=req_send ts_ns=19795412 id=536 clt=1 wrkr=9 slot=8 size=17 src=client:1 dst=worker:9
event=resp_rdma_read ts_ns=19809734 id=499 start_ns=18149956 dur_ns=1659778 clt=1 wrkr=4 slot=3 size=307208 src=worker:4 dst=client:1
event=req_send ts_ns=19809734 id=538 clt=1 wrkr=6 slot=1 size=17 src=client:1 dst=worker:6
event=resp_rdma_read ts_ns=19813451 id=514 start_ns=18996452 dur_ns=816999 clt=1 wrkr=6 slot=0 size=307208 src=worker:6 dst=client:1
event=req_send ts_ns=19813451 id=540 clt=1 wrkr=5 slot=3 size=17 src=client:1 dst=worker:5
event=resp_recv_ud ts_ns=19818391 id=535 clt=1 wrkr=2 slot=2 size=41 src=worker:2 dst=client:1
event=resp_rdma_read ts_ns=19818960 id=511 start_ns=18776116 dur_ns=1042844 clt=1 wrkr=11 slot=3 size=307208 src=worker:11 dst=client:1
event=req_send ts_ns=19818960 id=541 clt=1 wrkr=5 slot=4 size=17 src=client:1 dst=worker:5
event=hand_send ts_ns=19827038 id=535 clt=1 wrkr=2 slot=2 size=10 src=client:1 dst=worker:2
event=resp_recv_ud ts_ns=19860667 id=536 clt=1 wrkr=9 slot=8 size=41 src=worker:9 dst=client:1
event=hand_send ts_ns=19869314 id=536 clt=1 wrkr=9 slot=8 size=10 src=client:1 dst=worker:9
event=resp_recv_ud ts_ns=19876459 id=538 clt=1 wrkr=6 slot=1 size=41 src=worker:6 dst=client:1
event=resp_recv_ud ts_ns=19879587 id=540 clt=1 wrkr=5 slot=3 size=41 src=worker:5 dst=client:1
event=resp_recv_ud ts_ns=19884812 id=541 clt=1 wrkr=5 slot=4 size=41 src=worker:5 dst=client:1
event=hand_send ts_ns=19885106 id=538 clt=1 wrkr=6 slot=1 size=10 src=client:1 dst=worker:6
event=hand_send ts_ns=19888234 id=540 clt=1 wrkr=5 slot=3 size=10 src=client:1 dst=worker:5
event=hand_send ts_ns=19893459 id=541 clt=1 wrkr=5 slot=4 size=10 src=client:1 dst=worker:5
event=resp_rdma_read ts_ns=19902592 id=500 start_ns=18199157 dur_ns=1703435 clt=1 wrkr=1 slot=5 size=307208 src=worker:1 dst=client:1
event=req_send ts_ns=19902592 id=547 clt=1 wrkr=10 slot=5 size=17 src=client:1 dst=worker:10
event=resp_recv_ud ts_ns=19971794 id=547 clt=1 wrkr=10 slot=5 size=41 src=worker:10 dst=client:1
event=hand_send ts_ns=19980441 id=547 clt=1 wrkr=10 slot=5 size=10 src=client:1 dst=worker:10
event=resp_rdma_read ts_ns=20007105 id=498 start_ns=18088921 dur_ns=1918184 clt=1 wrkr=2 slot=0 size=307208 src=worker:2 dst=client:1
event=req_send ts_ns=20007105 id=549 clt=1 wrkr=10 slot=6 size=17 src=client:1 dst=worker:10
event=resp_recv_ud ts_ns=20078221 id=549 clt=1 wrkr=10 slot=6 size=41 src=worker:10 dst=client:1
event=hand_send ts_ns=20086868 id=549 clt=1 wrkr=10 slot=6 size=10 src=client:1 dst=worker:10
event=resp_rdma_read ts_ns=20257858 id=520 start_ns=19240217 dur_ns=1017641 clt=1 wrkr=8 slot=1 size=307208 src=worker:8 dst=client:1
event=req_send ts_ns=20257858 id=554 clt=1 wrkr=8 slot=2 size=17 src=client:1 dst=worker:8
event=resp_recv_ud ts_ns=20325404 id=554 clt=1 wrkr=8 slot=2 size=41 src=worker:8 dst=client:1
event=hand_send ts_ns=20334051 id=554 clt=1 wrkr=8 slot=2 size=10 src=client:1 dst=worker:8
event=resp_rdma_read ts_ns=20541368 id=525 start_ns=19501014 dur_ns=1040354 clt=1 wrkr=9 slot=7 size=307208 src=worker:9 dst=client:1
event=req_send ts_ns=20541368 id=560 clt=1 wrkr=6 slot=2 size=17 src=client:1 dst=worker:6
event=resp_rdma_read ts_ns=20544034 id=523 start_ns=19418239 dur_ns=1125795 clt=1 wrkr=2 slot=1 size=307208 src=worker:2 dst=client:1
event=req_send ts_ns=20544034 id=561 clt=1 wrkr=5 slot=5 size=17 src=client:1 dst=worker:5
event=resp_recv_ud ts_ns=20597403 id=560 clt=1 wrkr=6 slot=2 size=41 src=worker:6 dst=client:1
event=resp_recv_ud ts_ns=20604177 id=561 clt=1 wrkr=5 slot=5 size=41 src=worker:5 dst=client:1
event=hand_send ts_ns=20606050 id=560 clt=1 wrkr=6 slot=2 size=10 src=client:1 dst=worker:6
event=hand_send ts_ns=20612824 id=561 clt=1 wrkr=5 slot=5 size=10 src=client:1 dst=worker:5
event=resp_rdma_read ts_ns=20754225 id=529 start_ns=19629337 dur_ns=1124888 clt=1 wrkr=1 slot=6 size=307208 src=worker:1 dst=client:1
event=req_send ts_ns=20754225 id=565 clt=1 wrkr=6 slot=3 size=17 src=client:1 dst=worker:6
event=resp_recv_ud ts_ns=20804731 id=565 clt=1 wrkr=6 slot=3 size=41 src=worker:6 dst=client:1
event=hand_send ts_ns=20813378 id=565 clt=1 wrkr=6 slot=3 size=10 src=client:1 dst=worker:6
event=resp_rdma_read ts_ns=20866303 id=526 start_ns=19602863 dur_ns=1263440 clt=1 wrkr=10 slot=4 size=307208 src=worker:10 dst=client:1
event=req_send ts_ns=20866303 id=567 clt=1 wrkr=2 slot=3 size=17 src=client:1 dst=worker:2
event=resp_recv_ud ts_ns=20915850 id=567 clt=1 wrkr=2 slot=3 size=41 src=worker:2 dst=client:1
event=hand_send ts_ns=20924497 id=567 clt=1 wrkr=2 slot=3 size=10 src=client:1 dst=worker:2
event=resp_rdma_read ts_ns=21290797 id=535 start_ns=19827038 dur_ns=1463759 clt=1 wrkr=2 slot=2 size=307208 src=worker:2 dst=client:1
event=req_send ts_ns=21290797 id=573 clt=1 wrkr=8 slot=3 size=17 src=client:1 dst=worker:8
event=resp_rdma_read ts_ns=21319099 id=536 start_ns=19869314 dur_ns=1449785 clt=1 wrkr=9 slot=8 size=307208 src=worker:9 dst=client:1
event=req_send ts_ns=21319099 id=574 clt=1 wrkr=10 slot=7 size=17 src=client:1 dst=worker:10
event=resp_recv_ud ts_ns=21351013 id=573 clt=1 wrkr=8 slot=3 size=41 src=worker:8 dst=client:1
event=hand_send ts_ns=21359660 id=573 clt=1 wrkr=8 slot=3 size=10 src=client:1 dst=worker:8
event=resp_recv_ud ts_ns=21370912 id=574 clt=1 wrkr=10 slot=7 size=41 src=worker:10 dst=client:1
event=resp_rdma_read ts_ns=21376720 id=538 start_ns=19885106 dur_ns=1491614 clt=1 wrkr=6 slot=1 size=307208 src=worker:6 dst=client:1
event=req_send ts_ns=21376720 id=580 clt=1 wrkr=10 slot=8 size=17 src=client:1 dst=worker:10
event=hand_send ts_ns=21379559 id=574 clt=1 wrkr=10 slot=7 size=10 src=client:1 dst=worker:10
event=resp_rdma_read ts_ns=21412279 id=540 start_ns=19888234 dur_ns=1524045 clt=1 wrkr=5 slot=3 size=307208 src=worker:5 dst=client:1
event=req_send ts_ns=21412279 id=582 clt=1 wrkr=5 slot=6 size=17 src=client:1 dst=worker:5
event=resp_recv_ud ts_ns=21436381 id=580 clt=1 wrkr=10 slot=8 size=41 src=worker:10 dst=client:1
event=hand_send ts_ns=21445028 id=580 clt=1 wrkr=10 slot=8 size=10 src=client:1 dst=worker:10
event=resp_recv_ud ts_ns=21472056 id=582 clt=1 wrkr=5 slot=6 size=41 src=worker:5 dst=client:1
event=hand_send ts_ns=21480703 id=582 clt=1 wrkr=5 slot=6 size=10 src=client:1 dst=worker:5
event=resp_rdma_read ts_ns=21489622 id=554 start_ns=20334051 dur_ns=1155571 clt=1 wrkr=8 slot=2 size=307208 src=worker:8 dst=client:1
event=req_send ts_ns=21489622 id=585 clt=1 wrkr=3 slot=0 size=17 src=client:1 dst=worker:3
event=resp_recv_ud ts_ns=21553919 id=585 clt=1 wrkr=3 slot=0 size=41 src=worker:3 dst=client:1
event=hand_send ts_ns=21562566 id=585 clt=1 wrkr=3 slot=0 size=10 src=client:1 dst=worker:3
event=resp_rdma_read ts_ns=21572797 id=541 start_ns=19893459 dur_ns=1679338 clt=1 wrkr=5 slot=4 size=307208 src=worker:5 dst=client:1
event=req_send ts_ns=21572797 id=589 clt=1 wrkr=7 slot=8 size=17 src=client:1 dst=worker:7
event=resp_rdma_read ts_ns=21614898 id=549 start_ns=20086868 dur_ns=1528030 clt=1 wrkr=10 slot=6 size=307208 src=worker:10 dst=client:1
event=req_send ts_ns=21614898 id=590 clt=1 wrkr=8 slot=4 size=17 src=client:1 dst=worker:8
event=resp_recv_ud ts_ns=21635141 id=589 clt=1 wrkr=7 slot=8 size=41 src=worker:7 dst=client:1
event=resp_rdma_read ts_ns=21635481 id=560 start_ns=20606050 dur_ns=1029431 clt=1 wrkr=6 slot=2 size=307208 src=worker:6 dst=client:1
event=req_send ts_ns=21635481 id=591 clt=1 wrkr=2 slot=4 size=17 src=client:1 dst=worker:2
event=resp_rdma_read ts_ns=21643170 id=561 start_ns=20612824 dur_ns=1030346 clt=1 wrkr=5 slot=5 size=307208 src=worker:5 dst=client:1
event=req_send ts_ns=21643170 id=592 clt=1 wrkr=3 slot=1 size=17 src=client:1 dst=worker:3
event=hand_send ts_ns=21643788 id=589 clt=1 wrkr=7 slot=8 size=10 src=client:1 dst=worker:7
event=resp_recv_ud ts_ns=21682330 id=590 clt=1 wrkr=8 slot=4 size=41 src=worker:8 dst=client:1
event=hand_send ts_ns=21690977 id=590 clt=1 wrkr=8 slot=4 size=10 src=client:1 dst=worker:8
event=resp_recv_ud ts_ns=21699954 id=591 clt=1 wrkr=2 slot=4 size=41 src=worker:2 dst=client:1
event=hand_send ts_ns=21708601 id=591 clt=1 wrkr=2 slot=4 size=10 src=client:1 dst=worker:2
event=resp_recv_ud ts_ns=21712253 id=592 clt=1 wrkr=3 slot=1 size=41 src=worker:3 dst=client:1
event=hand_send ts_ns=21720900 id=592 clt=1 wrkr=3 slot=1 size=10 src=client:1 dst=worker:3
event=resp_rdma_read ts_ns=21897234 id=547 start_ns=19980441 dur_ns=1916793 clt=1 wrkr=10 slot=5 size=307208 src=worker:10 dst=client:1
event=req_send ts_ns=21897234 id=600 clt=1 wrkr=0 slot=0 size=17 src=client:1 dst=worker:0
event=resp_recv_ud ts_ns=21966005 id=600 clt=1 wrkr=0 slot=0 size=41 src=worker:0 dst=client:1
event=hand_send ts_ns=21974652 id=600 clt=1 wrkr=0 slot=0 size=10 src=client:1 dst=worker:0
event=resp_rdma_read ts_ns=22010111 id=565 start_ns=20813378 dur_ns=1196733 clt=1 wrkr=6 slot=3 size=307208 src=worker:6 dst=client:1
event=req_send ts_ns=22010111 id=602 clt=1 wrkr=0 slot=1 size=17 src=client:1 dst=worker:0
event=resp_recv_ud ts_ns=22072005 id=602 clt=1 wrkr=0 slot=1 size=41 src=worker:0 dst=client:1
event=hand_send ts_ns=22080652 id=602 clt=1 wrkr=0 slot=1 size=10 src=client:1 dst=worker:0
event=resp_rdma_read ts_ns=22145415 id=567 start_ns=20924497 dur_ns=1220918 clt=1 wrkr=2 slot=3 size=307208 src=worker:2 dst=client:1
event=req_send ts_ns=22145415 id=604 clt=1 wrkr=1 slot=7 size=17 src=client:1 dst=worker:1
event=resp_recv_ud ts_ns=22195872 id=604 clt=1 wrkr=1 slot=7 size=41 src=worker:1 dst=client:1
event=hand_send ts_ns=22204519 id=604 clt=1 wrkr=1 slot=7 size=10 src=client:1 dst=worker:1
event=resp_rdma_read ts_ns=22406916 id=573 start_ns=21359660 dur_ns=1047256 clt=1 wrkr=8 slot=3 size=307208 src=worker:8 dst=client:1
event=req_send ts_ns=22406916 id=608 clt=1 wrkr=11 slot=4 size=17 src=client:1 dst=worker:11
event=resp_recv_ud ts_ns=22467055 id=608 clt=1 wrkr=11 slot=4 size=41 src=worker:11 dst=client:1
event=hand_send ts_ns=22475702 id=608 clt=1 wrkr=11 slot=4 size=10 src=client:1 dst=worker:11
event=resp_rdma_read ts_ns=22509929 id=574 start_ns=21379559 dur_ns=1130370 clt=1 wrkr=10 slot=7 size=307208 src=worker:10 dst=client:1
event=req_send ts_ns=22509929 id=610 clt=1 wrkr=11 slot=5 size=17 src=client:1 dst=worker:11
event=resp_recv_ud ts_ns=22555655 id=610 clt=1 wrkr=11 slot=5 size=41 src=worker:11 dst=client:1
event=hand_send ts_ns=22564302 id=610 clt=1 wrkr=11 slot=5 size=10 src=client:1 dst=worker:11
event=resp_rdma_read ts_ns=22680061 id=580 start_ns=21445028 dur_ns=1235033 clt=1 wrkr=10 slot=8 size=307208 src=worker:10 dst=client:1
event=req_send ts_ns=22680061 id=616 clt=1 wrkr=1 slot=8 size=17 src=client:1 dst=worker:1
event=resp_recv_ud ts_ns=22740341 id=616 clt=1 wrkr=1 slot=8 size=41 src=worker:1 dst=client:1
event=hand_send ts_ns=22748988 id=616 clt=1 wrkr=1 slot=8 size=10 src=client:1 dst=worker:1
event=resp_rdma_read ts_ns=22757793 id=582 start_ns=21480703 dur_ns=1277090 clt=1 wrkr=5 slot=6 size=307208 src=worker:5 dst=client:1
event=req_send ts_ns=22757793 id=618 clt=1 wrkr=10 slot=9 size=17 src=client:1 dst=worker:10
event=resp_recv_ud ts_ns=22819625 id=618 clt=1 wrkr=10 slot=9 size=41 src=worker:10 dst=client:1
event=hand_send ts_ns=22828272 id=618 clt=1 wrkr=10 slot=9 size=10 src=client:1 dst=worker:10
event=resp_rdma_read ts_ns=22929215 id=585 start_ns=21562566 dur_ns=1366649 clt=1 wrkr=3 slot=0 size=307208 src=worker:3 dst=client:1
event=req_send ts_ns=22929215 id=620 clt=1 wrkr=9 slot=9 size=17 src=client:1 dst=worker:9
event=resp_recv_ud ts_ns=22988443 id=620 clt=1 wrkr=9 slot=9 size=41 src=worker:9 dst=client:1
event=hand_send ts_ns=22997090 id=620 clt=1 wrkr=9 slot=9 size=10 src=client:1 dst=worker:9
event=resp_rdma_read ts_ns=23029925 id=604 start_ns=22204519 dur_ns=825406 clt=1 wrkr=1 slot=7 size=307208 src=worker:1 dst=client:1
event=req_send ts_ns=23029925 id=625 clt=1 wrkr=0 slot=2 size=17 src=client:1 dst=worker:0
event=resp_recv_ud ts_ns=23094204 id=625 clt=1 wrkr=0 slot=2 size=41 src=worker:0 dst=client:1
event=hand_send ts_ns=23102851 id=625 clt=1 wrkr=0 slot=2 size=10 src=client:1 dst=worker:0
event=resp_rdma_read ts_ns=23109842 id=592 start_ns=21720900 dur_ns=1388942 clt=1 wrkr=3 slot=1 size=307208 src=worker:3 dst=client:1
event=req_send ts_ns=23109842 id=627 clt=1 wrkr=5 slot=7 size=17 src=client:1 dst=worker:5
event=resp_rdma_read ts_ns=23165608 id=589 start_ns=21643788 dur_ns=1521820 clt=1 wrkr=7 slot=8 size=307208 src=worker:7 dst=client:1
event=req_send ts_ns=23165608 id=628 clt=1 wrkr=0 slot=3 size=17 src=client:1 dst=worker:0
event=resp_recv_ud ts_ns=23175835 id=627 clt=1 wrkr=5 slot=7 size=41 src=worker:5 dst=client:1
event=hand_send ts_ns=23184482 id=627 clt=1 wrkr=5 slot=7 size=10 src=client:1 dst=worker:5
event=resp_recv_ud ts_ns=23228752 id=628 clt=1 wrkr=0 slot=3 size=41 src=worker:0 dst=client:1
event=hand_send ts_ns=23237399 id=628 clt=1 wrkr=0 slot=3 size=10 src=client:1 dst=worker:0
event=resp_rdma_read ts_ns=23250792 id=590 start_ns=21690977 dur_ns=1559815 clt=1 wrkr=8 slot=4 size=307208 src=worker:8 dst=client:1
event=req_send ts_ns=23250792 id=629 clt=1 wrkr=0 slot=4 size=17 src=client:1 dst=worker:0
event=resp_rdma_read ts_ns=23286809 id=602 start_ns=22080652 dur_ns=1206157 clt=1 wrkr=0 slot=1 size=307208 src=worker:0 dst=client:1
event=req_send ts_ns=23286809 id=631 clt=1 wrkr=7 slot=9 size=17 src=client:1 dst=worker:7
event=resp_recv_ud ts_ns=23318264 id=629 clt=1 wrkr=0 slot=4 size=41 src=worker:0 dst=client:1
event=hand_send ts_ns=23326911 id=629 clt=1 wrkr=0 slot=4 size=10 src=client:1 dst=worker:0
event=resp_recv_ud ts_ns=23347737 id=631 clt=1 wrkr=7 slot=9 size=41 src=worker:7 dst=client:1
event=resp_rdma_read ts_ns=23348528 id=591 start_ns=21708601 dur_ns=1639927 clt=1 wrkr=2 slot=4 size=307208 src=worker:2 dst=client:1
event=req_send ts_ns=23348528 id=633 clt=1 wrkr=8 slot=5 size=17 src=client:1 dst=worker:8
event=hand_send ts_ns=23356384 id=631 clt=1 wrkr=7 slot=9 size=10 src=client:1 dst=worker:7
event=resp_rdma_read ts_ns=23409598 id=608 start_ns=22475702 dur_ns=933896 clt=1 wrkr=11 slot=4 size=307208 src=worker:11 dst=client:1
event=req_send ts_ns=23409598 id=635 clt=1 wrkr=0 slot=5 size=17 src=client:1 dst=worker:0
event=resp_recv_ud ts_ns=23417150 id=633 clt=1 wrkr=8 slot=5 size=41 src=worker:8 dst=client:1
event=resp_rdma_read ts_ns=23421400 id=600 start_ns=21974652 dur_ns=1446748 clt=1 wrkr=0 slot=0 size=307208 src=worker:0 dst=client:1
event=req_send ts_ns=23421400 id=636 clt=1 wrkr=5 slot=8 size=17 src=client:1 dst=worker:5
event=hand_send ts_ns=23425797 id=633 clt=1 wrkr=8 slot=5 size=10 src=client:1 dst=worker:8
event=resp_recv_ud ts_ns=23472826 id=635 clt=1 wrkr=0 slot=5 size=41 src=worker:0 dst=client:1
event=hand_send ts_ns=23481473 id=635 clt=1 wrkr=0 slot=5 size=10 src=client:1 dst=worker:0
event=resp_recv_ud ts_ns=23491120 id=636 clt=1 wrkr=5 slot=8 size=41 src=worker:5 dst=client:1
event=hand_send ts_ns=23499767 id=636 clt=1 wrkr=5 slot=8 size=10 src=client:1 dst=worker:5
event=resp_rdma_read ts_ns=23605948 id=618 start_ns=22828272 dur_ns=777676 clt=1 wrkr=10 slot=9 size=307208 src=worker:10 dst=client:1
event=req_send ts_ns=23605948 id=642 clt=1 wrkr=8 slot=6 size=17 src=client:1 dst=worker:8
event=resp_rdma_read ts_ns=23657197 id=610 start_ns=22564302 dur_ns=1092895 clt=1 wrkr=11 slot=5 size=307208 src=worker:11 dst=client:1
event=req_send ts_ns=23657197 id=645 clt=1 wrkr=10 slot=10 size=17 src=client:1 dst=worker:10
event=resp_recv_ud ts_ns=23676450 id=642 clt=1 wrkr=8 slot=6 size=41 src=worker:8 dst=client:1
event=hand_send ts_ns=23685097 id=642 clt=1 wrkr=8 slot=6 size=10 src=client:1 dst=worker:8
event=resp_recv_ud ts_ns=23729116 id=645 clt=1 wrkr=10 slot=10 size=41 src=worker:10 dst=client:1
event=hand_send ts_ns=23737763 id=645 clt=1 wrkr=10 slot=10 size=10 src=client:1 dst=worker:10
event=resp_rdma_read ts_ns=23923881 id=616 start_ns=22748988 dur_ns=1174893 clt=1 wrkr=1 slot=8 size=307208 src=worker:1 dst=client:1
event=req_send ts_ns=23923881 id=647 clt=1 wrkr=6 slot=4 size=17 src=client:1 dst=worker:6
event=resp_recv_ud ts_ns=23964783 id=647 clt=1 wrkr=6 slot=4 size=41 src=worker:6 dst=client:1
event=hand_send ts_ns=23973430 id=647 clt=1 wrkr=6 slot=4 size=10 src=client:1 dst=worker:6
event=resp_rdma_read ts_ns=24172230 id=620 start_ns=22997090 dur_ns=1175140 clt=1 wrkr=9 slot=9 size=307208 src=worker:9 dst=client:1
event=resp_rdma_read ts_ns=24441237 id=625 start_ns=23102851 dur_ns=1338386 clt=1 wrkr=0 slot=2 size=307208 src=worker:0 dst=client:1
event=resp_rdma_read ts_ns=24535409 id=627 start_ns=23184482 dur_ns=1350927 clt=1 wrkr=5 slot=7 size=307208 src=worker:5 dst=client:1
event=resp_rdma_read ts_ns=24653615 id=628 start_ns=23237399 dur_ns=1416216 clt=1 wrkr=0 slot=3 size=307208 src=worker:0 dst=client:1
event=resp_rdma_read ts_ns=24791950 id=629 start_ns=23326911 dur_ns=1465039 clt=1 wrkr=0 slot=4 size=307208 src=worker:0 dst=client:1
event=resp_rdma_read ts_ns=24819126 id=636 start_ns=23499767 dur_ns=1319359 clt=1 wrkr=5 slot=8 size=307208 src=worker:5 dst=client:1
event=resp_rdma_read ts_ns=24917667 id=631 start_ns=23356384 dur_ns=1561283 clt=1 wrkr=7 slot=9 size=307208 src=worker:7 dst=client:1
event=resp_rdma_read ts_ns=25004169 id=635 start_ns=23481473 dur_ns=1522696 clt=1 wrkr=0 slot=5 size=307208 src=worker:0 dst=client:1
event=resp_rdma_read ts_ns=25065745 id=633 start_ns=23425797 dur_ns=1639948 clt=1 wrkr=8 slot=5 size=307208 src=worker:8 dst=client:1
event=resp_rdma_read ts_ns=25112553 id=647 start_ns=23973430 dur_ns=1139123 clt=1 wrkr=6 slot=4 size=307208 src=worker:6 dst=client:1
event=resp_rdma_read ts_ns=25237627 id=642 start_ns=23685097 dur_ns=1552530 clt=1 wrkr=8 slot=6 size=307208 src=worker:8 dst=client:1
event=resp_rdma_read ts_ns=25390387 id=645 start_ns=23737763 dur_ns=1652624 clt=1 wrkr=10 slot=10 size=307208 src=worker:10 dst=client:1
