event=req_send ts_ns=1 id=2 clt=2 wrkr=9 slot=0 size=17 src=client:2 dst=worker:9
event=req_send ts_ns=2501 id=5 clt=2 wrkr=1 slot=0 size=17 src=client:2 dst=worker:1
event=req_send ts_ns=5001 id=8 clt=2 wrkr=1 slot=1 size=17 src=client:2 dst=worker:1
event=req_send ts_ns=7501 id=11 clt=2 wrkr=10 slot=0 size=17 src=client:2 dst=worker:10
event=resp_recv_ud ts_ns=49432 id=5 clt=2 wrkr=1 slot=0 size=41 src=worker:1 dst=client:2
event=resp_recv_ud ts_ns=50183 id=8 clt=2 wrkr=1 slot=1 size=41 src=worker:1 dst=client:2
event=resp_recv_ud ts_ns=50312 id=2 clt=2 wrkr=9 slot=0 size=41 src=worker:9 dst=client:2
event=resp_recv_ud ts_ns=53906 id=11 clt=2 wrkr=10 slot=0 size=41 src=worker:10 dst=client:2
event=hand_send ts_ns=58079 id=5 clt=2 wrkr=1 slot=0 size=10 src=client:2 dst=worker:1
event=hand_send ts_ns=58830 id=8 clt=2 wrkr=1 slot=1 size=10 src=client:2 dst=worker:1
event=hand_send ts_ns=58959 id=2 clt=2 wrkr=9 slot=0 size=10 src=client:2 dst=worker:9
event=hand_send ts_ns=62553 id=11 clt=2 wrkr=10 slot=0 size=10 src=client:2 dst=worker:10
event=resp_rdma_read ts_ns=451317 id=2 start_ns=58959 dur_ns=392358 clt=2 wrkr=9 slot=0 size=102408 src=worker:9 dst=client:2
event=req_send ts_ns=451317 id=14 clt=2 wrkr=4 slot=0 size=17 src=client:2 dst=worker:4
event=resp_rdma_read ts_ns=455325 id=5 start_ns=58079 dur_ns=397246 clt=2 wrkr=1 slot=0 size=102408 src=worker:1 dst=client:2
event=req_send ts_ns=455325 id=15 clt=2 wrkr=2 slot=0 size=17 src=client:2 dst=worker:2
event=resp_rdma_read ts_ns=492035 id=8 start_ns=58830 dur_ns=433205 clt=2 wrkr=1 slot=1 size=102408 src=worker:1 dst=client:2
event=req_send ts_ns=492035 id=18 clt=2 wrkr=11 slot=0 size=17 src=client:2 dst=worker:11
event=resp_recv_ud ts_ns=515267 id=14 clt=2 wrkr=4 slot=0 size=41 src=worker:4 dst=client:2
event=resp_recv_ud ts_ns=521015 id=15 clt=2 wrkr=2 slot=0 size=41 src=worker:2 dst=client:2
event=resp_rdma_read ts_ns=523884 id=11 start_ns=62553 dur_ns=461331 clt=2 wrkr=10 slot=0 size=102408 src=worker:10 dst=client:2
event=req_send ts_ns=523884 id=19 clt=2 wrkr=6 slot=0 size=17 src=client:2 dst=worker:6
event=hand_send ts_ns=523914 id=14 clt=2 wrkr=4 slot=0 size=10 src=client:2 dst=worker:4
event=hand_send ts_ns=529662 id=15 clt=2 wrkr=2 slot=0 size=10 src=client:2 dst=worker:2
event=resp_recv_ud ts_ns=554176 id=18 clt=2 wrkr=11 slot=0 size=41 src=worker:11 dst=client:2
event=hand_send ts_ns=562823 id=18 clt=2 wrkr=11 slot=0 size=10 src=client:2 dst=worker:11
event=resp_recv_ud ts_ns=586283 id=19 clt=2 wrkr=6 slot=0 size=41 src=worker:6 dst=client:2
event=hand_send ts_ns=594930 id=19 clt=2 wrkr=6 slot=0 size=10 src=client:2 dst=worker:6
event=resp_rdma_read ts_ns=928573 id=15 start_ns=529662 dur_ns=398911 clt=2 wrkr=2 slot=0 size=102408 src=worker:2 dst=client:2
event=req_send ts_ns=928573 id=25 clt=2 wrkr=5 slot=0 size=17 src=client:2 dst=worker:5
event=resp_rdma_read ts_ns=936967 id=14 start_ns=523914 dur_ns=413053 clt=2 wrkr=4 slot=0 size=102408 src=worker:4 dst=client:2
event=req_send ts_ns=936967 id=27 clt=2 wrkr=10 slot=1 size=17 src=client:2 dst=worker:10
event=resp_recv_ud ts_ns=995000 id=25 clt=2 wrkr=5 slot=0 size=41 src=worker:5 dst=client:2
event=resp_recv_ud ts_ns=1001869 id=27 clt=2 wrkr=10 slot=1 size=41 src=worker:10 dst=client:2
event=hand_send ts_ns=1003647 id=25 clt=2 wrkr=5 slot=0 size=10 src=client:2 dst=worker:5
event=hand_send ts_ns=1010516 id=27 clt=2 wrkr=10 slot=1 size=10 src=client:2 dst=worker:10
event=resp_rdma_read ts_ns=1034627 id=18 start_ns=562823 dur_ns=471804 clt=2 wrkr=11 slot=0 size=102408 src=worker:11 dst=client:2
event=req_send ts_ns=1034627 id=30 clt=2 wrkr=3 slot=0 size=17 src=client:2 dst=worker:3
event=resp_rdma_read ts_ns=1096801 id=19 start_ns=594930 dur_ns=501871 clt=2 wrkr=6 slot=0 size=102408 src=worker:6 dst=client:2
event=req_send ts_ns=1096801 id=31 clt=2 wrkr=1 slot=2 size=17 src=client:2 dst=worker:1
event=resp_recv_ud ts_ns=1099327 id=30 clt=2 wrkr=3 slot=0 size=41 src=worker:3 dst=client:2
event=hand_send ts_ns=1107974 id=30 clt=2 wrkr=3 slot=0 size=10 src=client:2 dst=worker:3
event=resp_recv_ud ts_ns=1158273 id=31 clt=2 wrkr=1 slot=2 size=41 src=worker:1 dst=client:2
event=hand_send ts_ns=1166920 id=31 clt=2 wrkr=1 slot=2 size=10 src=client:2 dst=worker:1
event=resp_rdma_read ts_ns=1416664 id=25 start_ns=1003647 dur_ns=413017 clt=2 wrkr=5 slot=0 size=102408 src=worker:5 dst=client:2
event=req_send ts_ns=1416664 id=37 clt=2 wrkr=4 slot=1 size=17 src=client:2 dst=worker:4
event=resp_rdma_read ts_ns=1457936 id=27 start_ns=1010516 dur_ns=447420 clt=2 wrkr=10 slot=1 size=102408 src=worker:10 dst=client:2
event=req_send ts_ns=1457936 id=39 clt=2 wrkr=8 slot=0 size=17 src=client:2 dst=worker:8
event=resp_recv_ud ts_ns=1477689 id=37 clt=2 wrkr=4 slot=1 size=41 src=worker:4 dst=client:2
event=hand_send ts_ns=1486336 id=37 clt=2 wrkr=4 slot=1 size=10 src=client:2 dst=worker:4
event=resp_recv_ud ts_ns=1523939 id=39 clt=2 wrkr=8 slot=0 size=41 src=worker:8 dst=client:2
event=hand_send ts_ns=1532586 id=39 clt=2 wrkr=8 slot=0 size=10 src=client:2 dst=worker:8
event=resp_rdma_read ts_ns=1678746 id=30 start_ns=1107974 dur_ns=570772 clt=2 wrkr=3 slot=0 size=102408 src=worker:3 dst=client:2
event=req_send ts_ns=1678746 id=43 clt=2 wrkr=0 slot=0 size=17 src=client:2 dst=worker:0
event=resp_recv_ud ts_ns=1742519 id=43 clt=2 wrkr=0 slot=0 size=41 src=worker:0 dst=client:2
event=hand_send ts_ns=1751166 id=43 clt=2 wrkr=0 slot=0 size=10 src=client:2 dst=worker:0
event=resp_rdma_read ts_ns=1758115 id=31 start_ns=1166920 dur_ns=591195 clt=2 wrkr=1 slot=2 size=102408 src=worker:1 dst=client:2
event=req_send ts_ns=1758115 id=45 clt=2 wrkr=6 slot=1 size=17 src=client:2 dst=worker:6
event=resp_recv_ud ts_ns=1826862 id=45 clt=2 wrkr=6 slot=1 size=41 src=worker:6 dst=client:2
event=hand_send ts_ns=1835509 id=45 clt=2 wrkr=6 slot=1 size=10 src=client:2 dst=worker:6
event=resp_rdma_read ts_ns=1927138 id=37 start_ns=1486336 dur_ns=440802 clt=2 wrkr=4 slot=1 size=102408 src=worker:4 dst=client:2
event=req_send ts_ns=1927138 id=49 clt=2 wrkr=8 slot=1 size=17 src=client:2 dst=worker:8
event=resp_recv_ud ts_ns=1997373 id=49 clt=2 wrkr=8 slot=1 size=41 src=worker:8 dst=client:2
event=resp_rdma_read ts_ns=2003029 id=39 start_ns=1532586 dur_ns=470443 clt=2 wrkr=8 slot=0 size=102408 src=worker:8 dst=client:2
event=req_send ts_ns=2003029 id=52 clt=2 wrkr=11 slot=1 size=17 src=client:2 dst=worker:11
event=hand_send ts_ns=2006020 id=49 clt=2 wrkr=8 slot=1 size=10 src=client:2 dst=worker:8
event=resp_recv_ud ts_ns=2072379 id=52 clt=2 wrkr=11 slot=1 size=41 src=worker:11 dst=client:2
event=hand_send ts_ns=2081026 id=52 clt=2 wrkr=11 slot=1 size=10 src=client:2 dst=worker:11
event=resp_rdma_read ts_ns=2112727 id=43 start_ns=1751166 dur_ns=361561 clt=2 wrkr=0 slot=0 size=102408 src=worker:0 dst=client:2
event=req_send ts_ns=2112727 id=54 clt=2 wrkr=4 slot=2 size=17 src=client:2 dst=worker:4
event=resp_recv_ud ts_ns=2177702 id=54 clt=2 wrkr=4 slot=2 size=41 src=worker:4 dst=client:2
event=hand_send ts_ns=2186349 id=54 clt=2 wrkr=4 slot=2 size=10 src=client:2 dst=worker:4
event=resp_rdma_read ts_ns=2293907 id=45 start_ns=1835509 dur_ns=458398 clt=2 wrkr=6 slot=1 size=102408 src=worker:6 dst=client:2
event=req_send ts_ns=2293907 id=57 clt=2 wrkr=10 slot=2 size=17 src=client:2 dst=worker:10
event=resp_recv_ud ts_ns=2361338 id=57 clt=2 wrkr=10 slot=2 size=41 src=worker:10 dst=client:2
event=hand_send ts_ns=2369985 id=57 clt=2 wrkr=10 slot=2 size=10 src=client:2 dst=worker:10
event=resp_rdma_read ts_ns=2504393 id=49 start_ns=2006020 dur_ns=498373 clt=2 wrkr=8 slot=1 size=102408 src=worker:8 dst=client:2
event=req_send ts_ns=2504393 id=60 clt=2 wrkr=6 slot=2 size=17 src=client:2 dst=worker:6
event=resp_recv_ud ts_ns=2547079 id=60 clt=2 wrkr=6 slot=2 size=41 src=worker:6 dst=client:2
event=hand_send ts_ns=2555726 id=60 clt=2 wrkr=6 slot=2 size=10 src=client:2 dst=worker:6
event=resp_rdma_read ts_ns=2587499 id=54 start_ns=2186349 dur_ns=401150 clt=2 wrkr=4 slot=2 size=102408 src=worker:4 dst=client:2
event=req_send ts_ns=2587499 id=64 clt=2 wrkr=3 slot=1 size=17 src=client:2 dst=worker:3
event=resp_rdma_read ts_ns=2626516 id=52 start_ns=2081026 dur_ns=545490 clt=2 wrkr=11 slot=1 size=102408 src=worker:11 dst=client:2
event=req_send ts_ns=2626516 id=65 clt=2 wrkr=0 slot=1 size=17 src=client:2 dst=worker:0
event=resp_recv_ud ts_ns=2642173 id=64 clt=2 wrkr=3 slot=1 size=41 src=worker:3 dst=client:2
event=hand_send ts_ns=2650820 id=64 clt=2 wrkr=3 slot=1 size=10 src=client:2 dst=worker:3
event=resp_recv_ud ts_ns=2695877 id=65 clt=2 wrkr=0 slot=1 size=41 src=worker:0 dst=client:2
event=hand_send ts_ns=2704524 id=65 clt=2 wrkr=0 slot=1 size=10 src=client:2 dst=worker:0
event=resp_rdma_read ts_ns=2794109 id=57 start_ns=2369985 dur_ns=424124 clt=2 wrkr=10 slot=2 size=102408 src=worker:10 dst=client:2
event=req_send ts_ns=2794109 id=71 clt=2 wrkr=11 slot=2 size=17 src=client:2 dst=worker:11
event=resp_recv_ud ts_ns=2857709 id=71 clt=2 wrkr=11 slot=2 size=41 src=worker:11 dst=client:2
event=hand_send ts_ns=2866356 id=71 clt=2 wrkr=11 slot=2 size=10 src=client:2 dst=worker:11
event=resp_rdma_read ts_ns=2970799 id=60 start_ns=2555726 dur_ns=415073 clt=2 wrkr=6 slot=2 size=102408 src=worker:6 dst=client:2
event=req_send ts_ns=2970799 id=72 clt=2 wrkr=8 slot=2 size=17 src=client:2 dst=worker:8
event=resp_recv_ud ts_ns=3011985 id=72 clt=2 wrkr=8 slot=2 size=41 src=worker:8 dst=client:2
event=hand_send ts_ns=3020632 id=72 clt=2 wrkr=8 slot=2 size=10 src=client:2 dst=worker:8
event=resp_rdma_read ts_ns=3197661 id=65 start_ns=2704524 dur_ns=493137 clt=2 wrkr=0 slot=1 size=102408 src=worker:0 dst=client:2
event=req_send ts_ns=3197661 id=76 clt=2 wrkr=7 slot=0 size=17 src=client:2 dst=worker:7
event=resp_rdma_read ts_ns=3260201 id=64 start_ns=2650820 dur_ns=609381 clt=2 wrkr=3 slot=1 size=102408 src=worker:3 dst=client:2
event=req_send ts_ns=3260201 id=77 clt=2 wrkr=6 slot=3 size=17 src=client:2 dst=worker:6
event=resp_recv_ud ts_ns=3262180 id=76 clt=2 wrkr=7 slot=0 size=41 src=worker:7 dst=client:2
event=hand_send ts_ns=3270827 id=76 clt=2 wrkr=7 slot=0 size=10 src=client:2 dst=worker:7
event=resp_rdma_read ts_ns=3286565 id=71 start_ns=2866356 dur_ns=420209 clt=2 wrkr=11 slot=2 size=102408 src=worker:11 dst=client:2
event=req_send ts_ns=3286565 id=80 clt=2 wrkr=6 slot=0 size=17 src=client:2 dst=worker:6
event=resp_recv_ud ts_ns=3320968 id=77 clt=2 wrkr=6 slot=3 size=41 src=worker:6 dst=client:2
event=hand_send ts_ns=3329615 id=77 clt=2 wrkr=6 slot=3 size=10 src=client:2 dst=worker:6
event=resp_recv_ud ts_ns=3350467 id=80 clt=2 wrkr=6 slot=0 size=41 src=worker:6 dst=client:2
event=hand_send ts_ns=3359114 id=80 clt=2 wrkr=6 slot=0 size=10 src=client:2 dst=worker:6
event=resp_rdma_read ts_ns=3433806 id=72 start_ns=3020632 dur_ns=413174 clt=2 wrkr=8 slot=2 size=102408 src=worker:8 dst=client:2
event=req_send ts_ns=3433806 id=84 clt=2 wrkr=2 slot=1 size=17 src=client:2 dst=worker:2
event=resp_recv_ud ts_ns=3504702 id=84 clt=2 wrkr=2 slot=1 size=41 src=worker:2 dst=client:2
event=hand_send ts_ns=3513349 id=84 clt=2 wrkr=2 slot=1 size=10 src=client:2 dst=worker:2
event=resp_rdma_read ts_ns=3689439 id=76 start_ns=3270827 dur_ns=418612 clt=2 wrkr=7 slot=0 size=102408 src=worker:7 dst=client:2
event=req_send ts_ns=3689439 id=88 clt=2 wrkr=1 slot=3 size=17 src=client:2 dst=worker:1
event=resp_recv_ud ts_ns=3753860 id=88 clt=2 wrkr=1 slot=3 size=41 src=worker:1 dst=client:2
event=hand_send ts_ns=3762507 id=88 clt=2 wrkr=1 slot=3 size=10 src=client:2 dst=worker:1
event=resp_rdma_read ts_ns=3816054 id=77 start_ns=3329615 dur_ns=486439 clt=2 wrkr=6 slot=3 size=102408 src=worker:6 dst=client:2
event=req_send ts_ns=3816054 id=91 clt=2 wrkr=4 slot=3 size=17 src=client:2 dst=worker:4
event=resp_recv_ud ts_ns=3881040 id=91 clt=2 wrkr=4 slot=3 size=41 src=worker:4 dst=client:2
event=hand_send ts_ns=3889687 id=91 clt=2 wrkr=4 slot=3 size=10 src=client:2 dst=worker:4
event=resp_rdma_read ts_ns=3894689 id=80 start_ns=3359114 dur_ns=535575 clt=2 wrkr=6 slot=0 size=102408 src=worker:6 dst=client:2
event=req_send ts_ns=3894689 id=94 clt=2 wrkr=8 slot=3 size=17 src=client:2 dst=worker:8
event=resp_recv_ud ts_ns=3963431 id=94 clt=2 wrkr=8 slot=3 size=41 src=worker:8 dst=client:2
event=resp_rdma_read ts_ns=3970883 id=84 start_ns=3513349 dur_ns=457534 clt=2 wrkr=2 slot=1 size=102408 src=worker:2 dst=client:2
event=req_send ts_ns=3970883 id=96 clt=2 wrkr=5 slot=1 size=17 src=client:2 dst=worker:5
event=hand_send ts_ns=3972078 id=94 clt=2 wrkr=8 slot=3 size=10 src=client:2 dst=worker:8
event=resp_recv_ud ts_ns=4041027 id=96 clt=2 wrkr=5 slot=1 size=41 src=worker:5 dst=client:2
event=hand_send ts_ns=4049674 id=96 clt=2 wrkr=5 slot=1 size=10 src=client:2 dst=worker:5
event=resp_rdma_read ts_ns=4160082 id=88 start_ns=3762507 dur_ns=397575 clt=2 wrkr=1 slot=3 size=102408 src=worker:1 dst=client:2
event=req_send ts_ns=4160082 id=100 clt=2 wrkr=8 slot=0 size=17 src=client:2 dst=worker:8
event=resp_recv_ud ts_ns=4226413 id=100 clt=2 wrkr=8 slot=0 size=41 src=worker:8 dst=client:2
event=hand_send ts_ns=4235060 id=100 clt=2 wrkr=8 slot=0 size=10 src=client:2 dst=worker:8
event=resp_rdma_read ts_ns=4433393 id=91 start_ns=3889687 dur_ns=543706 clt=2 wrkr=4 slot=3 size=102408 src=worker:4 dst=client:2
event=req_send ts_ns=4433393 id=104 clt=2 wrkr=4 slot=0 size=17 src=client:2 dst=worker:4
event=resp_rdma_read ts_ns=4446568 id=96 start_ns=4049674 dur_ns=396894 clt=2 wrkr=5 slot=1 size=102408 src=worker:5 dst=client:2
event=req_send ts_ns=4446568 id=105 clt=2 wrkr=2 slot=2 size=17 src=client:2 dst=worker:2
event=resp_recv_ud ts_ns=4501403 id=104 clt=2 wrkr=4 slot=0 size=41 src=worker:4 dst=client:2
event=resp_rdma_read ts_ns=4502630 id=94 start_ns=3972078 dur_ns=530552 clt=2 wrkr=8 slot=3 size=102408 src=worker:8 dst=client:2
event=req_send ts_ns=4502630 id=107 clt=2 wrkr=3 slot=2 size=17 src=client:2 dst=worker:3
event=hand_send ts_ns=4510050 id=104 clt=2 wrkr=4 slot=0 size=10 src=client:2 dst=worker:4
event=resp_recv_ud ts_ns=4512736 id=105 clt=2 wrkr=2 slot=2 size=41 src=worker:2 dst=client:2
event=hand_send ts_ns=4521383 id=105 clt=2 wrkr=2 slot=2 size=10 src=client:2 dst=worker:2
event=resp_rdma_read ts_ns=4563257 id=100 start_ns=4235060 dur_ns=328197 clt=2 wrkr=8 slot=0 size=102408 src=worker:8 dst=client:2
event=req_send ts_ns=4563257 id=108 clt=2 wrkr=10 slot=3 size=17 src=client:2 dst=worker:10
event=resp_recv_ud ts_ns=4566600 id=107 clt=2 wrkr=3 slot=2 size=41 src=worker:3 dst=client:2
event=hand_send ts_ns=4575247 id=107 clt=2 wrkr=3 slot=2 size=10 src=client:2 dst=worker:3
event=resp_recv_ud ts_ns=4624121 id=108 clt=2 wrkr=10 slot=3 size=41 src=worker:10 dst=client:2
event=hand_send ts_ns=4632768 id=108 clt=2 wrkr=10 slot=3 size=10 src=client:2 dst=worker:10
event=resp_rdma_read ts_ns=4870807 id=104 start_ns=4510050 dur_ns=360757 clt=2 wrkr=4 slot=0 size=102408 src=worker:4 dst=client:2
event=req_send ts_ns=4870807 id=115 clt=2 wrkr=2 slot=3 size=17 src=client:2 dst=worker:2
event=resp_recv_ud ts_ns=4920342 id=115 clt=2 wrkr=2 slot=3 size=41 src=worker:2 dst=client:2
event=hand_send ts_ns=4928989 id=115 clt=2 wrkr=2 slot=3 size=10 src=client:2 dst=worker:2
event=resp_rdma_read ts_ns=4950730 id=105 start_ns=4521383 dur_ns=429347 clt=2 wrkr=2 slot=2 size=102408 src=worker:2 dst=client:2
event=req_send ts_ns=4950730 id=117 clt=2 wrkr=1 slot=0 size=17 src=client:2 dst=worker:1
event=resp_recv_ud ts_ns=5008331 id=117 clt=2 wrkr=1 slot=0 size=41 src=worker:1 dst=client:2
event=hand_send ts_ns=5016978 id=117 clt=2 wrkr=1 slot=0 size=10 src=client:2 dst=worker:1
event=resp_rdma_read ts_ns=5082594 id=107 start_ns=4575247 dur_ns=507347 clt=2 wrkr=3 slot=2 size=102408 src=worker:3 dst=client:2
event=req_send ts_ns=5082594 id=119 clt=2 wrkr=9 slot=1 size=17 src=client:2 dst=worker:9
event=resp_recv_ud ts_ns=5138970 id=119 clt=2 wrkr=9 slot=1 size=41 src=worker:9 dst=client:2
event=hand_send ts_ns=5147617 id=119 clt=2 wrkr=9 slot=1 size=10 src=client:2 dst=worker:9
event=resp_rdma_read ts_ns=5173421 id=108 start_ns=4632768 dur_ns=540653 clt=2 wrkr=10 slot=3 size=102408 src=worker:10 dst=client:2
event=req_send ts_ns=5173421 id=120 clt=2 wrkr=8 slot=1 size=17 src=client:2 dst=worker:8
event=resp_recv_ud ts_ns=5223435 id=120 clt=2 wrkr=8 slot=1 size=41 src=worker:8 dst=client:2
event=hand_send ts_ns=5232082 id=120 clt=2 wrkr=8 slot=1 size=10 src=client:2 dst=worker:8
event=resp_rdma_read ts_ns=5377108 id=117 start_ns=5016978 dur_ns=360130 clt=2 wrkr=1 slot=0 size=102408 src=worker:1 dst=client:2
event=req_send ts_ns=5377108 id=126 clt=2 wrkr=4 slot=1 size=17 src=client:2 dst=worker:4
event=resp_rdma_read ts_ns=5399577 id=115 start_ns=4928989 dur_ns=470588 clt=2 wrkr=2 slot=3 size=102408 src=worker:2 dst=client:2
event=req_send ts_ns=5399577 id=127 clt=2 wrkr=4 slot=2 size=17 src=client:2 dst=worker:4
event=resp_recv_ud ts_ns=5445358 id=126 clt=2 wrkr=4 slot=1 size=41 src=worker:4 dst=client:2
event=hand_send ts_ns=5454005 id=126 clt=2 wrkr=4 slot=1 size=10 src=client:2 dst=worker:4
event=resp_rdma_read ts_ns=5459776 id=119 start_ns=5147617 dur_ns=312159 clt=2 wrkr=9 slot=1 size=102408 src=worker:9 dst=client:2
event=req_send ts_ns=5459776 id=130 clt=2 wrkr=11 slot=3 size=17 src=client:2 dst=worker:11
event=resp_recv_ud ts_ns=5467129 id=127 clt=2 wrkr=4 slot=2 size=41 src=worker:4 dst=client:2
event=hand_send ts_ns=5475776 id=127 clt=2 wrkr=4 slot=2 size=10 src=client:2 dst=worker:4
event=resp_recv_ud ts_ns=5527126 id=130 clt=2 wrkr=11 slot=3 size=41 src=worker:11 dst=client:2
event=hand_send ts_ns=5535773 id=130 clt=2 wrkr=11 slot=3 size=10 src=client:2 dst=worker:11
event=resp_rdma_read ts_ns=5643288 id=120 start_ns=5232082 dur_ns=411206 clt=2 wrkr=8 slot=1 size=102408 src=worker:8 dst=client:2
event=req_send ts_ns=5643288 id=132 clt=2 wrkr=2 slot=0 size=17 src=client:2 dst=worker:2
event=resp_recv_ud ts_ns=5693729 id=132 clt=2 wrkr=2 slot=0 size=41 src=worker:2 dst=client:2
event=hand_send ts_ns=5702376 id=132 clt=2 wrkr=2 slot=0 size=10 src=client:2 dst=worker:2
event=resp_rdma_read ts_ns=5852978 id=130 start_ns=5535773 dur_ns=317205 clt=2 wrkr=11 slot=3 size=102408 src=worker:11 dst=client:2
event=req_send ts_ns=5852978 id=136 clt=2 wrkr=1 slot=1 size=17 src=client:2 dst=worker:1
event=resp_recv_ud ts_ns=5917636 id=136 clt=2 wrkr=1 slot=1 size=41 src=worker:1 dst=client:2
event=hand_send ts_ns=5926283 id=136 clt=2 wrkr=1 slot=1 size=10 src=client:2 dst=worker:1
event=resp_rdma_read ts_ns=5987279 id=126 start_ns=5454005 dur_ns=533274 clt=2 wrkr=4 slot=1 size=102408 src=worker:4 dst=client:2
event=req_send ts_ns=5987279 id=140 clt=2 wrkr=7 slot=1 size=17 src=client:2 dst=worker:7
event=resp_rdma_read ts_ns=5999278 id=132 start_ns=5702376 dur_ns=296902 clt=2 wrkr=2 slot=0 size=102408 src=worker:2 dst=client:2
event=req_send ts_ns=5999278 id=141 clt=2 wrkr=9 slot=2 size=17 src=client:2 dst=worker:9
event=resp_rdma_read ts_ns=6036894 id=127 start_ns=5475776 dur_ns=561118 clt=2 wrkr=4 slot=2 size=102408 src=worker:4 dst=client:2
event=req_send ts_ns=6036894 id=143 clt=2 wrkr=10 slot=0 size=17 src=client:2 dst=worker:10
event=resp_recv_ud ts_ns=6047012 id=140 clt=2 wrkr=7 slot=1 size=41 src=worker:7 dst=client:2
event=hand_send ts_ns=6055659 id=140 clt=2 wrkr=7 slot=1 size=10 src=client:2 dst=worker:7
event=resp_recv_ud ts_ns=6066988 id=141 clt=2 wrkr=9 slot=2 size=41 src=worker:9 dst=client:2
event=hand_send ts_ns=6075635 id=141 clt=2 wrkr=9 slot=2 size=10 src=client:2 dst=worker:9
event=resp_recv_ud ts_ns=6105186 id=143 clt=2 wrkr=10 slot=0 size=41 src=worker:10 dst=client:2
event=hand_send ts_ns=6113833 id=143 clt=2 wrkr=10 slot=0 size=10 src=client:2 dst=worker:10
event=resp_rdma_read ts_ns=6192838 id=136 start_ns=5926283 dur_ns=266555 clt=2 wrkr=1 slot=1 size=102408 src=worker:1 dst=client:2
event=req_send ts_ns=6192838 id=146 clt=2 wrkr=7 slot=2 size=17 src=client:2 dst=worker:7
event=resp_recv_ud ts_ns=6263174 id=146 clt=2 wrkr=7 slot=2 size=41 src=worker:7 dst=client:2
event=hand_send ts_ns=6271821 id=146 clt=2 wrkr=7 slot=2 size=10 src=client:2 dst=worker:7
event=resp_rdma_read ts_ns=6548162 id=140 start_ns=6055659 dur_ns=492503 clt=2 wrkr=7 slot=1 size=102408 src=worker:7 dst=client:2
event=req_send ts_ns=6548162 id=152 clt=2 wrkr=4 slot=3 size=17 src=client:2 dst=worker:4
event=resp_rdma_read ts_ns=6562094 id=143 start_ns=6113833 dur_ns=448261 clt=2 wrkr=10 slot=0 size=102408 src=worker:10 dst=client:2
event=req_send ts_ns=6562094 id=153 clt=2 wrkr=0 slot=2 size=17 src=client:2 dst=worker:0
event=resp_recv_ud ts_ns=6614454 id=152 clt=2 wrkr=4 slot=3 size=41 src=worker:4 dst=client:2
event=hand_send ts_ns=6623101 id=152 clt=2 wrkr=4 slot=3 size=10 src=client:2 dst=worker:4
event=resp_recv_ud ts_ns=6626900 id=153 clt=2 wrkr=0 slot=2 size=41 src=worker:0 dst=client:2
event=hand_send ts_ns=6635547 id=153 clt=2 wrkr=0 slot=2 size=10 src=client:2 dst=worker:0
event=resp_rdma_read ts_ns=6671844 id=141 start_ns=6075635 dur_ns=596209 clt=2 wrkr=9 slot=2 size=102408 src=worker:9 dst=client:2
event=req_send ts_ns=6671844 id=156 clt=2 wrkr=11 slot=0 size=17 src=client:2 dst=worker:11
event=resp_rdma_read ts_ns=6694990 id=146 start_ns=6271821 dur_ns=423169 clt=2 wrkr=7 slot=2 size=102408 src=worker:7 dst=client:2
event=req_send ts_ns=6694990 id=157 clt=2 wrkr=0 slot=3 size=17 src=client:2 dst=worker:0
event=resp_recv_ud ts_ns=6735791 id=156 clt=2 wrkr=11 slot=0 size=41 src=worker:11 dst=client:2
event=hand_send ts_ns=6744438 id=156 clt=2 wrkr=11 slot=0 size=10 src=client:2 dst=worker:11
event=resp_recv_ud ts_ns=6760123 id=157 clt=2 wrkr=0 slot=3 size=41 src=worker:0 dst=client:2
event=hand_send ts_ns=6768770 id=157 clt=2 wrkr=0 slot=3 size=10 src=client:2 dst=worker:0
event=resp_rdma_read ts_ns=7046185 id=152 start_ns=6623101 dur_ns=423084 clt=2 wrkr=4 slot=3 size=102408 src=worker:4 dst=client:2
event=req_send ts_ns=7046185 id=164 clt=2 wrkr=11 slot=1 size=17 src=client:2 dst=worker:11
event=resp_rdma_read ts_ns=7050882 id=153 start_ns=6635547 dur_ns=415335 clt=2 wrkr=0 slot=2 size=102408 src=worker:0 dst=client:2
event=req_send ts_ns=7050882 id=165 clt=2 wrkr=7 slot=3 size=17 src=client:2 dst=worker:7
event=resp_recv_ud ts_ns=7112154 id=164 clt=2 wrkr=11 slot=1 size=41 src=worker:11 dst=client:2
event=resp_recv_ud ts_ns=7119685 id=165 clt=2 wrkr=7 slot=3 size=41 src=worker:7 dst=client:2
event=hand_send ts_ns=7120801 id=164 clt=2 wrkr=11 slot=1 size=10 src=client:2 dst=worker:11
event=hand_send ts_ns=7128332 id=165 clt=2 wrkr=7 slot=3 size=10 src=client:2 dst=worker:7
event=resp_rdma_read ts_ns=7256073 id=156 start_ns=6744438 dur_ns=511635 clt=2 wrkr=11 slot=0 size=102408 src=worker:11 dst=client:2
event=req_send ts_ns=7256073 id=168 clt=2 wrkr=5 slot=2 size=17 src=client:2 dst=worker:5
event=resp_recv_ud ts_ns=7312591 id=168 clt=2 wrkr=5 slot=2 size=41 src=worker:5 dst=client:2
event=hand_send ts_ns=7321238 id=168 clt=2 wrkr=5 slot=2 size=10 src=client:2 dst=worker:5
event=resp_rdma_read ts_ns=7326416 id=157 start_ns=6768770 dur_ns=557646 clt=2 wrkr=0 slot=3 size=102408 src=worker:0 dst=client:2
event=req_send ts_ns=7326416 id=170 clt=2 wrkr=0 slot=0 size=17 src=client:2 dst=worker:0
event=resp_recv_ud ts_ns=7392357 id=170 clt=2 wrkr=0 slot=0 size=41 src=worker:0 dst=client:2
event=hand_send ts_ns=7401004 id=170 clt=2 wrkr=0 slot=0 size=10 src=client:2 dst=worker:0
event=resp_rdma_read ts_ns=7600076 id=165 start_ns=7128332 dur_ns=471744 clt=2 wrkr=7 slot=3 size=102408 src=worker:7 dst=client:2
event=req_send ts_ns=7600076 id=177 clt=2 wrkr=11 slot=2 size=17 src=client:2 dst=worker:11
event=resp_rdma_read ts_ns=7600881 id=164 start_ns=7120801 dur_ns=480080 clt=2 wrkr=11 slot=1 size=102408 src=worker:11 dst=client:2
event=req_send ts_ns=7600881 id=178 clt=2 wrkr=2 slot=1 size=17 src=client:2 dst=worker:2
event=resp_recv_ud ts_ns=7669538 id=177 clt=2 wrkr=11 slot=2 size=41 src=worker:11 dst=client:2
event=resp_recv_ud ts_ns=7670150 id=178 clt=2 wrkr=2 slot=1 size=41 src=worker:2 dst=client:2
event=hand_send ts_ns=7678185 id=177 clt=2 wrkr=11 slot=2 size=10 src=client:2 dst=worker:11
event=hand_send ts_ns=7678797 id=178 clt=2 wrkr=2 slot=1 size=10 src=client:2 dst=worker:2
event=resp_rdma_read ts_ns=7769410 id=170 start_ns=7401004 dur_ns=368406 clt=2 wrkr=0 slot=0 size=102408 src=worker:0 dst=client:2
event=req_send ts_ns=7769410 id=180 clt=2 wrkr=7 slot=0 size=17 src=client:2 dst=worker:7
event=resp_rdma_read ts_ns=7792343 id=168 start_ns=7321238 dur_ns=471105 clt=2 wrkr=5 slot=2 size=102408 src=worker:5 dst=client:2
event=req_send ts_ns=7792343 id=181 clt=2 wrkr=0 slot=1 size=17 src=client:2 dst=worker:0
event=resp_recv_ud ts_ns=7837458 id=180 clt=2 wrkr=7 slot=0 size=41 src=worker:7 dst=client:2
event=hand_send ts_ns=7846105 id=180 clt=2 wrkr=7 slot=0 size=10 src=client:2 dst=worker:7
event=resp_recv_ud ts_ns=7858831 id=181 clt=2 wrkr=0 slot=1 size=41 src=worker:0 dst=client:2
event=hand_send ts_ns=7867478 id=181 clt=2 wrkr=0 slot=1 size=10 src=client:2 dst=worker:0
event=resp_rdma_read ts_ns=8085329 id=177 start_ns=7678185 dur_ns=407144 clt=2 wrkr=11 slot=2 size=102408 src=worker:11 dst=client:2
event=req_send ts_ns=8085329 id=187 clt=2 wrkr=10 slot=1 size=17 src=client:2 dst=worker:10
event=resp_recv_ud ts_ns=8147480 id=187 clt=2 wrkr=10 slot=1 size=41 src=worker:10 dst=client:2
event=hand_send ts_ns=8156127 id=187 clt=2 wrkr=10 slot=1 size=10 src=client:2 dst=worker:10
event=resp_rdma_read ts_ns=8276461 id=178 start_ns=7678797 dur_ns=597664 clt=2 wrkr=2 slot=1 size=102408 src=worker:2 dst=client:2
event=req_send ts_ns=8276461 id=191 clt=2 wrkr=1 slot=2 size=17 src=client:2 dst=worker:1
event=resp_rdma_read ts_ns=8333687 id=180 start_ns=7846105 dur_ns=487582 clt=2 wrkr=7 slot=0 size=102408 src=worker:7 dst=client:2
event=req_send ts_ns=8333687 id=192 clt=2 wrkr=0 slot=2 size=17 src=client:2 dst=worker:0
event=resp_recv_ud ts_ns=8342882 id=191 clt=2 wrkr=1 slot=2 size=41 src=worker:1 dst=client:2
event=hand_send ts_ns=8351529 id=191 clt=2 wrkr=1 slot=2 size=10 src=client:2 dst=worker:1
event=resp_rdma_read ts_ns=8392966 id=181 start_ns=7867478 dur_ns=525488 clt=2 wrkr=0 slot=1 size=102408 src=worker:0 dst=client:2
event=req_send ts_ns=8392966 id=194 clt=2 wrkr=5 slot=3 size=17 src=client:2 dst=worker:5
event=resp_recv_ud ts_ns=8396829 id=192 clt=2 wrkr=0 slot=2 size=41 src=worker:0 dst=client:2
event=hand_send ts_ns=8405476 id=192 clt=2 wrkr=0 slot=2 size=10 src=client:2 dst=worker:0
event=resp_recv_ud ts_ns=8460845 id=194 clt=2 wrkr=5 slot=3 size=41 src=worker:5 dst=client:2
event=hand_send ts_ns=8469492 id=194 clt=2 wrkr=5 slot=3 size=10 src=client:2 dst=worker:5
event=resp_rdma_read ts_ns=8551362 id=187 start_ns=8156127 dur_ns=395235 clt=2 wrkr=10 slot=1 size=102408 src=worker:10 dst=client:2
event=req_send ts_ns=8551362 id=198 clt=2 wrkr=3 slot=3 size=17 src=client:2 dst=worker:3
event=resp_recv_ud ts_ns=8621591 id=198 clt=2 wrkr=3 slot=3 size=41 src=worker:3 dst=client:2
event=hand_send ts_ns=8630238 id=198 clt=2 wrkr=3 slot=3 size=10 src=client:2 dst=worker:3
event=resp_rdma_read ts_ns=8808534 id=191 start_ns=8351529 dur_ns=457005 clt=2 wrkr=1 slot=2 size=102408 src=worker:1 dst=client:2
event=req_send ts_ns=8808534 id=203 clt=2 wrkr=4 slot=0 size=17 src=client:2 dst=worker:4
event=resp_recv_ud ts_ns=8864899 id=203 clt=2 wrkr=4 slot=0 size=41 src=worker:4 dst=client:2
event=hand_send ts_ns=8873546 id=203 clt=2 wrkr=4 slot=0 size=10 src=client:2 dst=worker:4
event=resp_rdma_read ts_ns=8924018 id=192 start_ns=8405476 dur_ns=518542 clt=2 wrkr=0 slot=2 size=102408 src=worker:0 dst=client:2
event=req_send ts_ns=8924018 id=205 clt=2 wrkr=9 slot=3 size=17 src=client:2 dst=worker:9
event=resp_recv_ud ts_ns=8981639 id=205 clt=2 wrkr=9 slot=3 size=41 src=worker:9 dst=client:2
event=hand_send ts_ns=8990286 id=205 clt=2 wrkr=9 slot=3 size=10 src=client:2 dst=worker:9
event=resp_rdma_read ts_ns=9019759 id=194 start_ns=8469492 dur_ns=550267 clt=2 wrkr=5 slot=3 size=102408 src=worker:5 dst=client:2
event=req_send ts_ns=9019759 id=207 clt=2 wrkr=9 slot=0 size=17 src=client:2 dst=worker:9
event=resp_recv_ud ts_ns=9082093 id=207 clt=2 wrkr=9 slot=0 size=41 src=worker:9 dst=client:2
event=hand_send ts_ns=9090740 id=207 clt=2 wrkr=9 slot=0 size=10 src=client:2 dst=worker:9
event=resp_rdma_read ts_ns=9090922 id=198 start_ns=8630238 dur_ns=460684 clt=2 wrkr=3 slot=3 size=102408 src=worker:3 dst=client:2
event=req_send ts_ns=9090922 id=208 clt=2 wrkr=6 slot=1 size=17 src=client:2 dst=worker:6
event=resp_recv_ud ts_ns=9156645 id=208 clt=2 wrkr=6 slot=1 size=41 src=worker:6 dst=client:2
event=hand_send ts_ns=9165292 id=208 clt=2 wrkr=6 slot=1 size=10 src=client:2 dst=worker:6
event=resp_rdma_read ts_ns=9348424 id=203 start_ns=8873546 dur_ns=474878 clt=2 wrkr=4 slot=0 size=102408 src=worker:4 dst=client:2
event=req_send ts_ns=9348424 id=215 clt=2 wrkr=6 slot=2 size=17 src=client:2 dst=worker:6
event=resp_rdma_read ts_ns=9361960 id=205 start_ns=8990286 dur_ns=371674 clt=2 wrkr=9 slot=3 size=102408 src=worker:9 dst=client:2
event=req_send ts_ns=9361960 id=216 clt=2 wrkr=6 slot=3 size=17 src=client:2 dst=worker:6
event=resp_recv_ud ts_ns=9418620 id=215 clt=2 wrkr=6 slot=2 size=41 src=worker:6 dst=client:2
event=hand_send ts_ns=9427267 id=215 clt=2 wrkr=6 slot=2 size=10 src=client:2 dst=worker:6
event=resp_recv_ud ts_ns=9432347 id=216 clt=2 wrkr=6 slot=3 size=41 src=worker:6 dst=client:2
event=hand_send ts_ns=9440994 id=216 clt=2 wrkr=6 slot=3 size=10 src=client:2 dst=worker:6
event=resp_rdma_read ts_ns=9549852 id=207 start_ns=9090740 dur_ns=459112 clt=2 wrkr=9 slot=0 size=102408 src=worker:9 dst=client:2
event=req_send ts_ns=9549852 id=219 clt=2 wrkr=0 slot=3 size=17 src=client:2 dst=worker:0
event=resp_recv_ud ts_ns=9608299 id=219 clt=2 wrkr=0 slot=3 size=41 src=worker:0 dst=client:2
event=hand_send ts_ns=9616946 id=219 clt=2 wrkr=0 slot=3 size=10 src=client:2 dst=worker:0
event=resp_rdma_read ts_ns=9631905 id=208 start_ns=9165292 dur_ns=466613 clt=2 wrkr=6 slot=1 size=102408 src=worker:6 dst=client:2
event=req_send ts_ns=9631905 id=220 clt=2 wrkr=7 slot=1 size=17 src=client:2 dst=worker:7
event=resp_recv_ud ts_ns=9687294 id=220 clt=2 wrkr=7 slot=1 size=41 src=worker:7 dst=client:2
event=hand_send ts_ns=9695941 id=220 clt=2 wrkr=7 slot=1 size=10 src=client:2 dst=worker:7
event=resp_rdma_read ts_ns=9834958 id=216 start_ns=9440994 dur_ns=393964 clt=2 wrkr=6 slot=3 size=102408 src=worker:6 dst=client:2
event=req_send ts_ns=9834958 id=224 clt=2 wrkr=2 slot=2 size=17 src=client:2 dst=worker:2
event=resp_recv_ud ts_ns=9899497 id=224 clt=2 wrkr=2 slot=2 size=41 src=worker:2 dst=client:2
event=hand_send ts_ns=9908144 id=224 clt=2 wrkr=2 slot=2 size=10 src=client:2 dst=worker:2
event=resp_rdma_read ts_ns=9930014 id=215 start_ns=9427267 dur_ns=502747 clt=2 wrkr=6 slot=2 size=102408 src=worker:6 dst=client:2
event=req_send ts_ns=9930014 id=229 clt=2 wrkr=10 slot=2 size=17 src=client:2 dst=worker:10
event=resp_recv_ud ts_ns=9996050 id=229 clt=2 wrkr=10 slot=2 size=41 src=worker:10 dst=client:2
event=hand_send ts_ns=10004697 id=229 clt=2 wrkr=10 slot=2 size=10 src=client:2 dst=worker:10
event=resp_rdma_read ts_ns=10090408 id=219 start_ns=9616946 dur_ns=473462 clt=2 wrkr=0 slot=3 size=102408 src=worker:0 dst=client:2
event=req_send ts_ns=10090408 id=232 clt=2 wrkr=6 slot=0 size=17 src=client:2 dst=worker:6
event=resp_recv_ud ts_ns=10159819 id=232 clt=2 wrkr=6 slot=0 size=41 src=worker:6 dst=client:2
event=resp_rdma_read ts_ns=10162921 id=220 start_ns=9695941 dur_ns=466980 clt=2 wrkr=7 slot=1 size=102408 src=worker:7 dst=client:2
event=req_send ts_ns=10162921 id=233 clt=2 wrkr=0 slot=0 size=17 src=client:2 dst=worker:0
event=hand_send ts_ns=10168466 id=232 clt=2 wrkr=6 slot=0 size=10 src=client:2 dst=worker:6
event=resp_recv_ud ts_ns=10232680 id=233 clt=2 wrkr=0 slot=0 size=41 src=worker:0 dst=client:2
event=hand_send ts_ns=10241327 id=233 clt=2 wrkr=0 slot=0 size=10 src=client:2 dst=worker:0
event=resp_rdma_read ts_ns=10427696 id=224 start_ns=9908144 dur_ns=519552 clt=2 wrkr=2 slot=2 size=102408 src=worker:2 dst=client:2
event=req_send ts_ns=10427696 id=236 clt=2 wrkr=0 slot=1 size=17 src=client:2 dst=worker:0
event=resp_rdma_read ts_ns=10437966 id=229 start_ns=10004697 dur_ns=433269 clt=2 wrkr=10 slot=2 size=102408 src=worker:10 dst=client:2
event=req_send ts_ns=10437966 id=237 clt=2 wrkr=8 slot=2 size=17 src=client:2 dst=worker:8
event=resp_recv_ud ts_ns=10472880 id=236 clt=2 wrkr=0 slot=1 size=41 src=worker:0 dst=client:2
event=hand_send ts_ns=10481527 id=236 clt=2 wrkr=0 slot=1 size=10 src=client:2 dst=worker:0
event=resp_recv_ud ts_ns=10492467 id=237 clt=2 wrkr=8 slot=2 size=41 src=worker:8 dst=client:2
event=hand_send ts_ns=10501114 id=237 clt=2 wrkr=8 slot=2 size=10 src=client:2 dst=worker:8
event=resp_rdma_read ts_ns=10563255 id=232 start_ns=10168466 dur_ns=394789 clt=2 wrkr=6 slot=0 size=102408 src=worker:6 dst=client:2
event=req_send ts_ns=10563255 id=241 clt=2 wrkr=8 slot=3 size=17 src=client:2 dst=worker:8
event=resp_recv_ud ts_ns=10629205 id=241 clt=2 wrkr=8 slot=3 size=41 src=worker:8 dst=client:2
event=hand_send ts_ns=10637852 id=241 clt=2 wrkr=8 slot=3 size=10 src=client:2 dst=worker:8
event=resp_rdma_read ts_ns=10725348 id=233 start_ns=10241327 dur_ns=484021 clt=2 wrkr=0 slot=0 size=102408 src=worker:0 dst=client:2
event=req_send ts_ns=10725348 id=246 clt=2 wrkr=0 slot=2 size=17 src=client:2 dst=worker:0
event=resp_recv_ud ts_ns=10794788 id=246 clt=2 wrkr=0 slot=2 size=41 src=worker:0 dst=client:2
event=hand_send ts_ns=10803435 id=246 clt=2 wrkr=0 slot=2 size=10 src=client:2 dst=worker:0
event=resp_rdma_read ts_ns=10877432 id=236 start_ns=10481527 dur_ns=395905 clt=2 wrkr=0 slot=1 size=102408 src=worker:0 dst=client:2
event=req_send ts_ns=10877432 id=248 clt=2 wrkr=8 slot=0 size=17 src=client:2 dst=worker:8
event=resp_rdma_read ts_ns=10924870 id=237 start_ns=10501114 dur_ns=423756 clt=2 wrkr=8 slot=2 size=102408 src=worker:8 dst=client:2
event=req_send ts_ns=10924870 id=249 clt=2 wrkr=11 slot=3 size=17 src=client:2 dst=worker:11
event=resp_recv_ud ts_ns=10929841 id=248 clt=2 wrkr=8 slot=0 size=41 src=worker:8 dst=client:2
event=hand_send ts_ns=10938488 id=248 clt=2 wrkr=8 slot=0 size=10 src=client:2 dst=worker:8
event=resp_recv_ud ts_ns=10993999 id=249 clt=2 wrkr=11 slot=3 size=41 src=worker:11 dst=client:2
event=hand_send ts_ns=11002646 id=249 clt=2 wrkr=11 slot=3 size=10 src=client:2 dst=worker:11
event=resp_rdma_read ts_ns=11198258 id=241 start_ns=10637852 dur_ns=560406 clt=2 wrkr=8 slot=3 size=102408 src=worker:8 dst=client:2
event=req_send ts_ns=11198258 id=253 clt=2 wrkr=10 slot=3 size=17 src=client:2 dst=worker:10
event=resp_recv_ud ts_ns=11247981 id=253 clt=2 wrkr=10 slot=3 size=41 src=worker:10 dst=client:2
event=hand_send ts_ns=11256628 id=253 clt=2 wrkr=10 slot=3 size=10 src=client:2 dst=worker:10
event=resp_rdma_read ts_ns=11332880 id=246 start_ns=10803435 dur_ns=529445 clt=2 wrkr=0 slot=2 size=102408 src=worker:0 dst=client:2
event=req_send ts_ns=11332880 id=256 clt=2 wrkr=7 slot=2 size=17 src=client:2 dst=worker:7
event=resp_recv_ud ts_ns=11384271 id=256 clt=2 wrkr=7 slot=2 size=41 src=worker:7 dst=client:2
event=hand_send ts_ns=11392918 id=256 clt=2 wrkr=7 slot=2 size=10 src=client:2 dst=worker:7
event=resp_rdma_read ts_ns=11423448 id=248 start_ns=10938488 dur_ns=484960 clt=2 wrkr=8 slot=0 size=102408 src=worker:8 dst=client:2
event=req_send ts_ns=11423448 id=261 clt=2 wrkr=3 slot=0 size=17 src=client:2 dst=worker:3
event=resp_rdma_read ts_ns=11434825 id=249 start_ns=11002646 dur_ns=432179 clt=2 wrkr=11 slot=3 size=102408 src=worker:11 dst=client:2
event=req_send ts_ns=11434825 id=262 clt=2 wrkr=4 slot=1 size=17 src=client:2 dst=worker:4
event=resp_recv_ud ts_ns=11490141 id=261 clt=2 wrkr=3 slot=0 size=41 src=worker:3 dst=client:2
event=hand_send ts_ns=11498788 id=261 clt=2 wrkr=3 slot=0 size=10 src=client:2 dst=worker:3
event=resp_recv_ud ts_ns=11501353 id=262 clt=2 wrkr=4 slot=1 size=41 src=worker:4 dst=client:2
event=hand_send ts_ns=11510000 id=262 clt=2 wrkr=4 slot=1 size=10 src=client:2 dst=worker:4
event=resp_rdma_read ts_ns=11595108 id=253 start_ns=11256628 dur_ns=338480 clt=2 wrkr=10 slot=3 size=102408 src=worker:10 dst=client:2
event=req_send ts_ns=11595108 id=265 clt=2 wrkr=1 slot=3 size=17 src=client:2 dst=worker:1
event=resp_recv_ud ts_ns=11645873 id=265 clt=2 wrkr=1 slot=3 size=41 src=worker:1 dst=client:2
event=hand_send ts_ns=11654520 id=265 clt=2 wrkr=1 slot=3 size=10 src=client:2 dst=worker:1
event=resp_rdma_read ts_ns=11831211 id=256 start_ns=11392918 dur_ns=438293 clt=2 wrkr=7 slot=2 size=102408 src=worker:7 dst=client:2
event=req_send ts_ns=11831211 id=268 clt=2 wrkr=2 slot=3 size=17 src=client:2 dst=worker:2
event=resp_recv_ud ts_ns=11891282 id=268 clt=2 wrkr=2 slot=3 size=41 src=worker:2 dst=client:2
event=hand_send ts_ns=11899929 id=268 clt=2 wrkr=2 slot=3 size=10 src=client:2 dst=worker:2
event=resp_rdma_read ts_ns=12025700 id=262 start_ns=11510000 dur_ns=515700 clt=2 wrkr=4 slot=1 size=102408 src=worker:4 dst=client:2
event=req_send ts_ns=12025700 id=274 clt=2 wrkr=0 slot=3 size=17 src=client:2 dst=worker:0
event=resp_rdma_read ts_ns=12052368 id=261 start_ns=11498788 dur_ns=553580 clt=2 wrkr=3 slot=0 size=102408 src=worker:3 dst=client:2
event=req_send ts_ns=12052368 id=275 clt=2 wrkr=2 slot=0 size=17 src=client:2 dst=worker:2
event=resp_rdma_read ts_ns=12056278 id=265 start_ns=11654520 dur_ns=401758 clt=2 wrkr=1 slot=3 size=102408 src=worker:1 dst=client:2
event=req_send ts_ns=12056278 id=276 clt=2 wrkr=8 slot=1 size=17 src=client:2 dst=worker:8
event=resp_recv_ud ts_ns=12093616 id=274 clt=2 wrkr=0 slot=3 size=41 src=worker:0 dst=client:2
event=hand_send ts_ns=12102263 id=274 clt=2 wrkr=0 slot=3 size=10 src=client:2 dst=worker:0
event=resp_recv_ud ts_ns=12120655 id=275 clt=2 wrkr=2 slot=0 size=41 src=worker:2 dst=client:2
event=resp_recv_ud ts_ns=12126344 id=276 clt=2 wrkr=8 slot=1 size=41 src=worker:8 dst=client:2
event=hand_send ts_ns=12129302 id=275 clt=2 wrkr=2 slot=0 size=10 src=client:2 dst=worker:2
event=hand_send ts_ns=12134991 id=276 clt=2 wrkr=8 slot=1 size=10 src=client:2 dst=worker:8
event=resp_rdma_read ts_ns=12343064 id=268 start_ns=11899929 dur_ns=443135 clt=2 wrkr=2 slot=3 size=102408 src=worker:2 dst=client:2
event=req_send ts_ns=12343064 id=280 clt=2 wrkr=1 slot=0 size=17 src=client:2 dst=worker:1
event=resp_recv_ud ts_ns=12406808 id=280 clt=2 wrkr=1 slot=0 size=41 src=worker:1 dst=client:2
event=hand_send ts_ns=12415455 id=280 clt=2 wrkr=1 slot=0 size=10 src=client:2 dst=worker:1
event=resp_rdma_read ts_ns=12678795 id=275 start_ns=12129302 dur_ns=549493 clt=2 wrkr=2 slot=0 size=102408 src=worker:2 dst=client:2
event=req_send ts_ns=12678795 id=288 clt=2 wrkr=2 slot=1 size=17 src=client:2 dst=worker:2
event=resp_rdma_read ts_ns=12687592 id=276 start_ns=12134991 dur_ns=552601 clt=2 wrkr=8 slot=1 size=102408 src=worker:8 dst=client:2
event=req_send ts_ns=12687592 id=289 clt=2 wrkr=1 slot=1 size=17 src=client:2 dst=worker:1
event=resp_rdma_read ts_ns=12694816 id=274 start_ns=12102263 dur_ns=592553 clt=2 wrkr=0 slot=3 size=102408 src=worker:0 dst=client:2
event=req_send ts_ns=12694816 id=290 clt=2 wrkr=1 slot=2 size=17 src=client:2 dst=worker:1
event=resp_recv_ud ts_ns=12747749 id=288 clt=2 wrkr=2 slot=1 size=41 src=worker:2 dst=client:2
event=hand_send ts_ns=12756396 id=288 clt=2 wrkr=2 slot=1 size=10 src=client:2 dst=worker:2
event=resp_recv_ud ts_ns=12756572 id=289 clt=2 wrkr=1 slot=1 size=41 src=worker:1 dst=client:2
event=resp_recv_ud ts_ns=12764201 id=290 clt=2 wrkr=1 slot=2 size=41 src=worker:1 dst=client:2
event=hand_send ts_ns=12765219 id=289 clt=2 wrkr=1 slot=1 size=10 src=client:2 dst=worker:1
event=hand_send ts_ns=12772848 id=290 clt=2 wrkr=1 slot=2 size=10 src=client:2 dst=worker:1
event=resp_rdma_read ts_ns=12806118 id=280 start_ns=12415455 dur_ns=390663 clt=2 wrkr=1 slot=0 size=102408 src=worker:1 dst=client:2
event=req_send ts_ns=12806118 id=293 clt=2 wrkr=8 slot=2 size=17 src=client:2 dst=worker:8
event=resp_recv_ud ts_ns=12877372 id=293 clt=2 wrkr=8 slot=2 size=41 src=worker:8 dst=client:2
event=hand_send ts_ns=12886019 id=293 clt=2 wrkr=8 slot=2 size=10 src=client:2 dst=worker:8
event=resp_rdma_read ts_ns=13223952 id=288 start_ns=12756396 dur_ns=467556 clt=2 wrkr=2 slot=1 size=102408 src=worker:2 dst=client:2
event=req_send ts_ns=13223952 id=299 clt=2 wrkr=10 slot=0 size=17 src=client:2 dst=worker:10
event=resp_rdma_read ts_ns=13263776 id=289 start_ns=12765219 dur_ns=498557 clt=2 wrkr=1 slot=1 size=102408 src=worker:1 dst=client:2
event=req_send ts_ns=13263776 id=301 clt=2 wrkr=3 slot=1 size=17 src=client:2 dst=worker:3
event=resp_recv_ud ts_ns=13286311 id=299 clt=2 wrkr=10 slot=0 size=41 src=worker:10 dst=client:2
event=hand_send ts_ns=13294958 id=299 clt=2 wrkr=10 slot=0 size=10 src=client:2 dst=worker:10
event=resp_recv_ud ts_ns=13329636 id=301 clt=2 wrkr=3 slot=1 size=41 src=worker:3 dst=client:2
event=resp_rdma_read ts_ns=13330404 id=293 start_ns=12886019 dur_ns=444385 clt=2 wrkr=8 slot=2 size=102408 src=worker:8 dst=client:2
event=req_send ts_ns=13330404 id=303 clt=2 wrkr=3 slot=2 size=17 src=client:2 dst=worker:3
event=hand_send ts_ns=13338283 id=301 clt=2 wrkr=3 slot=1 size=10 src=client:2 dst=worker:3
event=resp_recv_ud ts_ns=13394084 id=303 clt=2 wrkr=3 slot=2 size=41 src=worker:3 dst=client:2
event=hand_send ts_ns=13402731 id=303 clt=2 wrkr=3 slot=2 size=10 src=client:2 dst=worker:3
event=resp_rdma_read ts_ns=13412582 id=290 start_ns=12772848 dur_ns=639734 clt=2 wrkr=1 slot=2 size=102408 src=worker:1 dst=client:2
event=req_send ts_ns=13412582 id=305 clt=2 wrkr=10 slot=1 size=17 src=client:2 dst=worker:10
event=resp_recv_ud ts_ns=13481308 id=305 clt=2 wrkr=10 slot=1 size=41 src=worker:10 dst=client:2
event=hand_send ts_ns=13489955 id=305 clt=2 wrkr=10 slot=1 size=10 src=client:2 dst=worker:10
event=resp_rdma_read ts_ns=13684338 id=299 start_ns=13294958 dur_ns=389380 clt=2 wrkr=10 slot=0 size=102408 src=worker:10 dst=client:2
event=req_send ts_ns=13684338 id=311 clt=2 wrkr=4 slot=2 size=17 src=client:2 dst=worker:4
event=resp_rdma_read ts_ns=13717964 id=301 start_ns=13338283 dur_ns=379681 clt=2 wrkr=3 slot=1 size=102408 src=worker:3 dst=client:2
event=req_send ts_ns=13717964 id=312 clt=2 wrkr=1 slot=3 size=17 src=client:2 dst=worker:1
event=resp_recv_ud ts_ns=13754160 id=311 clt=2 wrkr=4 slot=2 size=41 src=worker:4 dst=client:2
event=hand_send ts_ns=13762807 id=311 clt=2 wrkr=4 slot=2 size=10 src=client:2 dst=worker:4
event=resp_recv_ud ts_ns=13788591 id=312 clt=2 wrkr=1 slot=3 size=41 src=worker:1 dst=client:2
event=hand_send ts_ns=13797238 id=312 clt=2 wrkr=1 slot=3 size=10 src=client:2 dst=worker:1
event=resp_rdma_read ts_ns=13804940 id=303 start_ns=13402731 dur_ns=402209 clt=2 wrkr=3 slot=2 size=102408 src=worker:3 dst=client:2
event=req_send ts_ns=13804940 id=314 clt=2 wrkr=3 slot=3 size=17 src=client:2 dst=worker:3
event=resp_recv_ud ts_ns=13871670 id=314 clt=2 wrkr=3 slot=3 size=41 src=worker:3 dst=client:2
event=hand_send ts_ns=13880317 id=314 clt=2 wrkr=3 slot=3 size=10 src=client:2 dst=worker:3
event=resp_rdma_read ts_ns=13977973 id=305 start_ns=13489955 dur_ns=488018 clt=2 wrkr=10 slot=1 size=102408 src=worker:10 dst=client:2
event=req_send ts_ns=13977973 id=317 clt=2 wrkr=6 slot=1 size=17 src=client:2 dst=worker:6
event=resp_recv_ud ts_ns=14045542 id=317 clt=2 wrkr=6 slot=1 size=41 src=worker:6 dst=client:2
event=hand_send ts_ns=14054189 id=317 clt=2 wrkr=6 slot=1 size=10 src=client:2 dst=worker:6
event=resp_rdma_read ts_ns=14304453 id=311 start_ns=13762807 dur_ns=541646 clt=2 wrkr=4 slot=2 size=102408 src=worker:4 dst=client:2
event=req_send ts_ns=14304453 id=323 clt=2 wrkr=11 slot=0 size=17 src=client:2 dst=worker:11
event=resp_rdma_read ts_ns=14313043 id=312 start_ns=13797238 dur_ns=515805 clt=2 wrkr=1 slot=3 size=102408 src=worker:1 dst=client:2
event=req_send ts_ns=14313043 id=324 clt=2 wrkr=6 slot=2 size=17 src=client:2 dst=worker:6
event=resp_recv_ud ts_ns=14362631 id=323 clt=2 wrkr=11 slot=0 size=41 src=worker:11 dst=client:2
event=hand_send ts_ns=14371278 id=323 clt=2 wrkr=11 slot=0 size=10 src=client:2 dst=worker:11
event=resp_recv_ud ts_ns=14383376 id=324 clt=2 wrkr=6 slot=2 size=41 src=worker:6 dst=client:2
event=hand_send ts_ns=14392023 id=324 clt=2 wrkr=6 slot=2 size=10 src=client:2 dst=worker:6
event=resp_rdma_read ts_ns=14395955 id=314 start_ns=13880317 dur_ns=515638 clt=2 wrkr=3 slot=3 size=102408 src=worker:3 dst=client:2
event=req_send ts_ns=14395955 id=326 clt=2 wrkr=7 slot=3 size=17 src=client:2 dst=worker:7
event=resp_recv_ud ts_ns=14465554 id=326 clt=2 wrkr=7 slot=3 size=41 src=worker:7 dst=client:2
event=hand_send ts_ns=14474201 id=326 clt=2 wrkr=7 slot=3 size=10 src=client:2 dst=worker:7
event=resp_rdma_read ts_ns=14535291 id=317 start_ns=14054189 dur_ns=481102 clt=2 wrkr=6 slot=1 size=102408 src=worker:6 dst=client:2
event=req_send ts_ns=14535291 id=330 clt=2 wrkr=7 slot=0 size=17 src=client:2 dst=worker:7
event=resp_recv_ud ts_ns=14603486 id=330 clt=2 wrkr=7 slot=0 size=41 src=worker:7 dst=client:2
event=hand_send ts_ns=14612133 id=330 clt=2 wrkr=7 slot=0 size=10 src=client:2 dst=worker:7
event=resp_rdma_read ts_ns=14750397 id=324 start_ns=14392023 dur_ns=358374 clt=2 wrkr=6 slot=2 size=102408 src=worker:6 dst=client:2
event=req_send ts_ns=14750397 id=335 clt=2 wrkr=6 slot=3 size=17 src=client:2 dst=worker:6
event=resp_recv_ud ts_ns=14820201 id=335 clt=2 wrkr=6 slot=3 size=41 src=worker:6 dst=client:2
event=hand_send ts_ns=14828848 id=335 clt=2 wrkr=6 slot=3 size=10 src=client:2 dst=worker:6
event=resp_rdma_read ts_ns=14857472 id=323 start_ns=14371278 dur_ns=486194 clt=2 wrkr=11 slot=0 size=102408 src=worker:11 dst=client:2
event=req_send ts_ns=14857472 id=336 clt=2 wrkr=8 slot=3 size=17 src=client:2 dst=worker:8
event=resp_recv_ud ts_ns=14908569 id=336 clt=2 wrkr=8 slot=3 size=41 src=worker:8 dst=client:2
event=hand_send ts_ns=14917216 id=336 clt=2 wrkr=8 slot=3 size=10 src=client:2 dst=worker:8
event=resp_rdma_read ts_ns=14985824 id=326 start_ns=14474201 dur_ns=511623 clt=2 wrkr=7 slot=3 size=102408 src=worker:7 dst=client:2
event=req_send ts_ns=14985824 id=338 clt=2 wrkr=5 slot=0 size=17 src=client:2 dst=worker:5
event=resp_recv_ud ts_ns=15043566 id=338 clt=2 wrkr=5 slot=0 size=41 src=worker:5 dst=client:2
event=hand_send ts_ns=15052213 id=338 clt=2 wrkr=5 slot=0 size=10 src=client:2 dst=worker:5
event=resp_rdma_read ts_ns=15176943 id=330 start_ns=14612133 dur_ns=564810 clt=2 wrkr=7 slot=0 size=102408 src=worker:7 dst=client:2
event=req_send ts_ns=15176943 id=343 clt=2 wrkr=0 slot=0 size=17 src=client:2 dst=worker:0
event=resp_recv_ud ts_ns=15244404 id=343 clt=2 wrkr=0 slot=0 size=41 src=worker:0 dst=client:2
event=hand_send ts_ns=15253051 id=343 clt=2 wrkr=0 slot=0 size=10 src=client:2 dst=worker:0
event=resp_rdma_read ts_ns=15284326 id=336 start_ns=14917216 dur_ns=367110 clt=2 wrkr=8 slot=3 size=102408 src=worker:8 dst=client:2
event=req_send ts_ns=15284326 id=346 clt=2 wrkr=11 slot=1 size=17 src=client:2 dst=worker:11
event=resp_recv_ud ts_ns=15351787 id=346 clt=2 wrkr=11 slot=1 size=41 src=worker:11 dst=client:2
event=hand_send ts_ns=15360434 id=346 clt=2 wrkr=11 slot=1 size=10 src=client:2 dst=worker:11
event=resp_rdma_read ts_ns=15374106 id=335 start_ns=14828848 dur_ns=545258 clt=2 wrkr=6 slot=3 size=102408 src=worker:6 dst=client:2
event=req_send ts_ns=15374106 id=348 clt=2 wrkr=10 slot=2 size=17 src=client:2 dst=worker:10
event=resp_recv_ud ts_ns=15444292 id=348 clt=2 wrkr=10 slot=2 size=41 src=worker:10 dst=client:2
event=hand_send ts_ns=15452939 id=348 clt=2 wrkr=10 slot=2 size=10 src=client:2 dst=worker:10
event=resp_rdma_read ts_ns=15496261 id=338 start_ns=15052213 dur_ns=444048 clt=2 wrkr=5 slot=0 size=102408 src=worker:5 dst=client:2
event=req_send ts_ns=15496261 id=350 clt=2 wrkr=2 slot=2 size=17 src=client:2 dst=worker:2
event=resp_recv_ud ts_ns=15549020 id=350 clt=2 wrkr=2 slot=2 size=41 src=worker:2 dst=client:2
event=hand_send ts_ns=15557667 id=350 clt=2 wrkr=2 slot=2 size=10 src=client:2 dst=worker:2
event=resp_rdma_read ts_ns=15748956 id=343 start_ns=15253051 dur_ns=495905 clt=2 wrkr=0 slot=0 size=102408 src=worker:0 dst=client:2
event=req_send ts_ns=15748956 id=355 clt=2 wrkr=11 slot=2 size=17 src=client:2 dst=worker:11
event=resp_recv_ud ts_ns=15817155 id=355 clt=2 wrkr=11 slot=2 size=41 src=worker:11 dst=client:2
event=hand_send ts_ns=15825802 id=355 clt=2 wrkr=11 slot=2 size=10 src=client:2 dst=worker:11
event=resp_rdma_read ts_ns=15883885 id=346 start_ns=15360434 dur_ns=523451 clt=2 wrkr=11 slot=1 size=102408 src=worker:11 dst=client:2
event=req_send ts_ns=15883885 id=358 clt=2 wrkr=0 slot=1 size=17 src=client:2 dst=worker:0
event=resp_recv_ud ts_ns=15949282 id=358 clt=2 wrkr=0 slot=1 size=41 src=worker:0 dst=client:2
event=hand_send ts_ns=15957929 id=358 clt=2 wrkr=0 slot=1 size=10 src=client:2 dst=worker:0
event=resp_rdma_read ts_ns=16021772 id=348 start_ns=15452939 dur_ns=568833 clt=2 wrkr=10 slot=2 size=102408 src=worker:10 dst=client:2
event=req_send ts_ns=16021772 id=361 clt=2 wrkr=2 slot=3 size=17 src=client:2 dst=worker:2
event=resp_rdma_read ts_ns=16074622 id=350 start_ns=15557667 dur_ns=516955 clt=2 wrkr=2 slot=2 size=102408 src=worker:2 dst=client:2
event=req_send ts_ns=16074622 id=363 clt=2 wrkr=1 slot=0 size=17 src=client:2 dst=worker:1
event=resp_recv_ud ts_ns=16088197 id=361 clt=2 wrkr=2 slot=3 size=41 src=worker:2 dst=client:2
event=hand_send ts_ns=16096844 id=361 clt=2 wrkr=2 slot=3 size=10 src=client:2 dst=worker:2
event=resp_recv_ud ts_ns=16140521 id=363 clt=2 wrkr=1 slot=0 size=41 src=worker:1 dst=client:2
event=hand_send ts_ns=16149168 id=363 clt=2 wrkr=1 slot=0 size=10 src=client:2 dst=worker:1
event=resp_rdma_read ts_ns=16302356 id=355 start_ns=15825802 dur_ns=476554 clt=2 wrkr=11 slot=2 size=102408 src=worker:11 dst=client:2
event=req_send ts_ns=16302356 id=367 clt=2 wrkr=0 slot=2 size=17 src=client:2 dst=worker:0
event=resp_recv_ud ts_ns=16370002 id=367 clt=2 wrkr=0 slot=2 size=41 src=worker:0 dst=client:2
event=resp_rdma_read ts_ns=16371267 id=358 start_ns=15957929 dur_ns=413338 clt=2 wrkr=0 slot=1 size=102408 src=worker:0 dst=client:2
event=req_send ts_ns=16371267 id=370 clt=2 wrkr=7 slot=1 size=17 src=client:2 dst=worker:7
event=hand_send ts_ns=16378649 id=367 clt=2 wrkr=0 slot=2 size=10 src=client:2 dst=worker:0
event=resp_recv_ud ts_ns=16440339 id=370 clt=2 wrkr=7 slot=1 size=41 src=worker:7 dst=client:2
event=hand_send ts_ns=16448986 id=370 clt=2 wrkr=7 slot=1 size=10 src=client:2 dst=worker:7
event=resp_rdma_read ts_ns=16547580 id=363 start_ns=16149168 dur_ns=398412 clt=2 wrkr=1 slot=0 size=102408 src=worker:1 dst=client:2
event=req_send ts_ns=16547580 id=373 clt=2 wrkr=5 slot=1 size=17 src=client:2 dst=worker:5
event=resp_rdma_read ts_ns=16549541 id=361 start_ns=16096844 dur_ns=452697 clt=2 wrkr=2 slot=3 size=102408 src=worker:2 dst=client:2
event=req_send ts_ns=16549541 id=374 clt=2 wrkr=5 slot=2 size=17 src=client:2 dst=worker:5
event=resp_recv_ud ts_ns=16615706 id=373 clt=2 wrkr=5 slot=1 size=41 src=worker:5 dst=client:2
event=resp_recv_ud ts_ns=16619343 id=374 clt=2 wrkr=5 slot=2 size=41 src=worker:5 dst=client:2
event=hand_send ts_ns=16624353 id=373 clt=2 wrkr=5 slot=1 size=10 src=client:2 dst=worker:5
event=hand_send ts_ns=16627990 id=374 clt=2 wrkr=5 slot=2 size=10 src=client:2 dst=worker:5
event=resp_rdma_read ts_ns=16838535 id=367 start_ns=16378649 dur_ns=459886 clt=2 wrkr=0 slot=2 size=102408 src=worker:0 dst=client:2
event=req_send ts_ns=16838535 id=378 clt=2 wrkr=5 slot=3 size=17 src=client:2 dst=worker:5
event=resp_recv_ud ts_ns=16905573 id=378 clt=2 wrkr=5 slot=3 size=41 src=worker:5 dst=client:2
event=hand_send ts_ns=16914220 id=378 clt=2 wrkr=5 slot=3 size=10 src=client:2 dst=worker:5
event=resp_rdma_read ts_ns=17026525 id=373 start_ns=16624353 dur_ns=402172 clt=2 wrkr=5 slot=1 size=102408 src=worker:5 dst=client:2
event=req_send ts_ns=17026525 id=382 clt=2 wrkr=4 slot=3 size=17 src=client:2 dst=worker:4
event=resp_rdma_read ts_ns=17052235 id=370 start_ns=16448986 dur_ns=603249 clt=2 wrkr=7 slot=1 size=102408 src=worker:7 dst=client:2
event=req_send ts_ns=17052235 id=383 clt=2 wrkr=6 slot=0 size=17 src=client:2 dst=worker:6
event=resp_recv_ud ts_ns=17092307 id=382 clt=2 wrkr=4 slot=3 size=41 src=worker:4 dst=client:2
event=resp_rdma_read ts_ns=17097228 id=374 start_ns=16627990 dur_ns=469238 clt=2 wrkr=5 slot=2 size=102408 src=worker:5 dst=client:2
event=req_send ts_ns=17097228 id=387 clt=2 wrkr=3 slot=0 size=17 src=client:2 dst=worker:3
event=hand_send ts_ns=17100954 id=382 clt=2 wrkr=4 slot=3 size=10 src=client:2 dst=worker:4
event=resp_recv_ud ts_ns=17118671 id=383 clt=2 wrkr=6 slot=0 size=41 src=worker:6 dst=client:2
event=hand_send ts_ns=17127318 id=383 clt=2 wrkr=6 slot=0 size=10 src=client:2 dst=worker:6
event=resp_recv_ud ts_ns=17164283 id=387 clt=2 wrkr=3 slot=0 size=41 src=worker:3 dst=client:2
event=hand_send ts_ns=17172930 id=387 clt=2 wrkr=3 slot=0 size=10 src=client:2 dst=worker:3
event=resp_rdma_read ts_ns=17257828 id=378 start_ns=16914220 dur_ns=343608 clt=2 wrkr=5 slot=3 size=102408 src=worker:5 dst=client:2
event=req_send ts_ns=17257828 id=389 clt=2 wrkr=0 slot=3 size=17 src=client:2 dst=worker:0
event=resp_recv_ud ts_ns=17323964 id=389 clt=2 wrkr=0 slot=3 size=41 src=worker:0 dst=client:2
event=hand_send ts_ns=17332611 id=389 clt=2 wrkr=0 slot=3 size=10 src=client:2 dst=worker:0
event=resp_rdma_read ts_ns=17642837 id=382 start_ns=17100954 dur_ns=541883 clt=2 wrkr=4 slot=3 size=102408 src=worker:4 dst=client:2
event=req_send ts_ns=17642837 id=394 clt=2 wrkr=10 slot=3 size=17 src=client:2 dst=worker:10
event=resp_rdma_read ts_ns=17683305 id=383 start_ns=17127318 dur_ns=555987 clt=2 wrkr=6 slot=0 size=102408 src=worker:6 dst=client:2
event=req_send ts_ns=17683305 id=395 clt=2 wrkr=3 slot=1 size=17 src=client:2 dst=worker:3
event=resp_recv_ud ts_ns=17686629 id=394 clt=2 wrkr=10 slot=3 size=41 src=worker:10 dst=client:2
event=hand_send ts_ns=17695276 id=394 clt=2 wrkr=10 slot=3 size=10 src=client:2 dst=worker:10
event=resp_recv_ud ts_ns=17737321 id=395 clt=2 wrkr=3 slot=1 size=41 src=worker:3 dst=client:2
event=hand_send ts_ns=17745968 id=395 clt=2 wrkr=3 slot=1 size=10 src=client:2 dst=worker:3
event=resp_rdma_read ts_ns=17764420 id=387 start_ns=17172930 dur_ns=591490 clt=2 wrkr=3 slot=0 size=102408 src=worker:3 dst=client:2
event=req_send ts_ns=17764420 id=400 clt=2 wrkr=0 slot=0 size=17 src=client:2 dst=worker:0
event=resp_recv_ud ts_ns=17830779 id=400 clt=2 wrkr=0 slot=0 size=41 src=worker:0 dst=client:2
event=hand_send ts_ns=17839426 id=400 clt=2 wrkr=0 slot=0 size=10 src=client:2 dst=worker:0
event=resp_rdma_read ts_ns=17871337 id=389 start_ns=17332611 dur_ns=538726 clt=2 wrkr=0 slot=3 size=102408 src=worker:0 dst=client:2
event=req_send ts_ns=17871337 id=402 clt=2 wrkr=10 slot=0 size=17 src=client:2 dst=worker:10
event=resp_recv_ud ts_ns=17933754 id=402 clt=2 wrkr=10 slot=0 size=41 src=worker:10 dst=client:2
event=hand_send ts_ns=17942401 id=402 clt=2 wrkr=10 slot=0 size=10 src=client:2 dst=worker:10
event=resp_rdma_read ts_ns=18141792 id=394 start_ns=17695276 dur_ns=446516 clt=2 wrkr=10 slot=3 size=102408 src=worker:10 dst=client:2
event=req_send ts_ns=18141792 id=407 clt=2 wrkr=9 slot=1 size=17 src=client:2 dst=worker:9
event=resp_rdma_read ts_ns=18158259 id=395 start_ns=17745968 dur_ns=412291 clt=2 wrkr=3 slot=1 size=102408 src=worker:3 dst=client:2
event=req_send ts_ns=18158259 id=408 clt=2 wrkr=3 slot=2 size=17 src=client:2 dst=worker:3
event=resp_recv_ud ts_ns=18204432 id=407 clt=2 wrkr=9 slot=1 size=41 src=worker:9 dst=client:2
event=resp_rdma_read ts_ns=18207594 id=400 start_ns=17839426 dur_ns=368168 clt=2 wrkr=0 slot=0 size=102408 src=worker:0 dst=client:2
event=req_send ts_ns=18207594 id=410 clt=2 wrkr=1 slot=1 size=17 src=client:2 dst=worker:1
event=hand_send ts_ns=18213079 id=407 clt=2 wrkr=9 slot=1 size=10 src=client:2 dst=worker:9
event=resp_recv_ud ts_ns=18224950 id=408 clt=2 wrkr=3 slot=2 size=41 src=worker:3 dst=client:2
event=hand_send ts_ns=18233597 id=408 clt=2 wrkr=3 slot=2 size=10 src=client:2 dst=worker:3
event=resp_recv_ud ts_ns=18273514 id=410 clt=2 wrkr=1 slot=1 size=41 src=worker:1 dst=client:2
event=hand_send ts_ns=18282161 id=410 clt=2 wrkr=1 slot=1 size=10 src=client:2 dst=worker:1
event=resp_rdma_read ts_ns=18488170 id=402 start_ns=17942401 dur_ns=545769 clt=2 wrkr=10 slot=0 size=102408 src=worker:10 dst=client:2
event=req_send ts_ns=18488170 id=416 clt=2 wrkr=2 slot=0 size=17 src=client:2 dst=worker:2
event=resp_recv_ud ts_ns=18558489 id=416 clt=2 wrkr=2 slot=0 size=41 src=worker:2 dst=client:2
event=hand_send ts_ns=18567136 id=416 clt=2 wrkr=2 slot=0 size=10 src=client:2 dst=worker:2
event=resp_rdma_read ts_ns=18637430 id=407 start_ns=18213079 dur_ns=424351 clt=2 wrkr=9 slot=1 size=102408 src=worker:9 dst=client:2
event=req_send ts_ns=18637430 id=419 clt=2 wrkr=6 slot=1 size=17 src=client:2 dst=worker:6
event=resp_rdma_read ts_ns=18695974 id=408 start_ns=18233597 dur_ns=462377 clt=2 wrkr=3 slot=2 size=102408 src=worker:3 dst=client:2
event=req_send ts_ns=18695974 id=420 clt=2 wrkr=4 slot=0 size=17 src=client:2 dst=worker:4
event=resp_recv_ud ts_ns=18706357 id=419 clt=2 wrkr=6 slot=1 size=41 src=worker:6 dst=client:2
event=hand_send ts_ns=18715004 id=419 clt=2 wrkr=6 slot=1 size=10 src=client:2 dst=worker:6
event=resp_recv_ud ts_ns=18761491 id=420 clt=2 wrkr=4 slot=0 size=41 src=worker:4 dst=client:2
event=resp_rdma_read ts_ns=18761576 id=410 start_ns=18282161 dur_ns=479415 clt=2 wrkr=1 slot=1 size=102408 src=worker:1 dst=client:2
event=req_send ts_ns=18761576 id=422 clt=2 wrkr=5 slot=0 size=17 src=client:2 dst=worker:5
event=hand_send ts_ns=18770138 id=420 clt=2 wrkr=4 slot=0 size=10 src=client:2 dst=worker:4
event=resp_recv_ud ts_ns=18826554 id=422 clt=2 wrkr=5 slot=0 size=41 src=worker:5 dst=client:2
event=hand_send ts_ns=18835201 id=422 clt=2 wrkr=5 slot=0 size=10 src=client:2 dst=worker:5
event=resp_rdma_read ts_ns=19055755 id=416 start_ns=18567136 dur_ns=488619 clt=2 wrkr=2 slot=0 size=102408 src=worker:2 dst=client:2
event=req_send ts_ns=19055755 id=428 clt=2 wrkr=11 slot=3 size=17 src=client:2 dst=worker:11
event=resp_recv_ud ts_ns=19123606 id=428 clt=2 wrkr=11 slot=3 size=41 src=worker:11 dst=client:2
event=hand_send ts_ns=19132253 id=428 clt=2 wrkr=11 slot=3 size=10 src=client:2 dst=worker:11
event=resp_rdma_read ts_ns=19233932 id=419 start_ns=18715004 dur_ns=518928 clt=2 wrkr=6 slot=1 size=102408 src=worker:6 dst=client:2
event=req_send ts_ns=19233932 id=431 clt=2 wrkr=5 slot=1 size=17 src=client:2 dst=worker:5
event=resp_recv_ud ts_ns=19287218 id=431 clt=2 wrkr=5 slot=1 size=41 src=worker:5 dst=client:2
event=hand_send ts_ns=19295865 id=431 clt=2 wrkr=5 slot=1 size=10 src=client:2 dst=worker:5
event=resp_rdma_read ts_ns=19296966 id=420 start_ns=18770138 dur_ns=526828 clt=2 wrkr=4 slot=0 size=102408 src=worker:4 dst=client:2
event=req_send ts_ns=19296966 id=433 clt=2 wrkr=8 slot=0 size=17 src=client:2 dst=worker:8
event=resp_recv_ud ts_ns=19364647 id=433 clt=2 wrkr=8 slot=0 size=41 src=worker:8 dst=client:2
event=hand_send ts_ns=19373294 id=433 clt=2 wrkr=8 slot=0 size=10 src=client:2 dst=worker:8
event=resp_rdma_read ts_ns=19388144 id=422 start_ns=18835201 dur_ns=552943 clt=2 wrkr=5 slot=0 size=102408 src=worker:5 dst=client:2
event=req_send ts_ns=19388144 id=435 clt=2 wrkr=6 slot=2 size=17 src=client:2 dst=worker:6
event=resp_recv_ud ts_ns=19457032 id=435 clt=2 wrkr=6 slot=2 size=41 src=worker:6 dst=client:2
event=hand_send ts_ns=19465679 id=435 clt=2 wrkr=6 slot=2 size=10 src=client:2 dst=worker:6
event=resp_rdma_read ts_ns=19611046 id=428 start_ns=19132253 dur_ns=478793 clt=2 wrkr=11 slot=3 size=102408 src=worker:11 dst=client:2
event=req_send ts_ns=19611046 id=440 clt=2 wrkr=11 slot=0 size=17 src=client:2 dst=worker:11
event=resp_recv_ud ts_ns=19675953 id=440 clt=2 wrkr=11 slot=0 size=41 src=worker:11 dst=client:2
event=hand_send ts_ns=19684600 id=440 clt=2 wrkr=11 slot=0 size=10 src=client:2 dst=worker:11
event=resp_rdma_read ts_ns=19789762 id=433 start_ns=19373294 dur_ns=416468 clt=2 wrkr=8 slot=0 size=102408 src=worker:8 dst=client:2
event=req_send ts_ns=19789762 id=443 clt=2 wrkr=10 slot=1 size=17 src=client:2 dst=worker:10
event=resp_rdma_read ts_ns=19799257 id=431 start_ns=19295865 dur_ns=503392 clt=2 wrkr=5 slot=1 size=102408 src=worker:5 dst=client:2
event=req_send ts_ns=19799257 id=444 clt=2 wrkr=8 slot=1 size=17 src=client:2 dst=worker:8
event=resp_recv_ud ts_ns=19843195 id=443 clt=2 wrkr=10 slot=1 size=41 src=worker:10 dst=client:2
event=hand_send ts_ns=19851842 id=443 clt=2 wrkr=10 slot=1 size=10 src=client:2 dst=worker:10
event=resp_recv_ud ts_ns=19865403 id=444 clt=2 wrkr=8 slot=1 size=41 src=worker:8 dst=client:2
event=hand_send ts_ns=19874050 id=444 clt=2 wrkr=8 slot=1 size=10 src=client:2 dst=worker:8
event=resp_rdma_read ts_ns=19973110 id=435 start_ns=19465679 dur_ns=507431 clt=2 wrkr=6 slot=2 size=102408 src=worker:6 dst=client:2
event=req_send ts_ns=19973110 id=448 clt=2 wrkr=10 slot=2 size=17 src=client:2 dst=worker:10
event=resp_recv_ud ts_ns=20041017 id=448 clt=2 wrkr=10 slot=2 size=41 src=worker:10 dst=client:2
event=hand_send ts_ns=20049664 id=448 clt=2 wrkr=10 slot=2 size=10 src=client:2 dst=worker:10
event=resp_rdma_read ts_ns=20174021 id=444 start_ns=19874050 dur_ns=299971 clt=2 wrkr=8 slot=1 size=102408 src=worker:8 dst=client:2
event=req_send ts_ns=20174021 id=452 clt=2 wrkr=5 slot=2 size=17 src=client:2 dst=worker:5
event=resp_rdma_read ts_ns=20199466 id=440 start_ns=19684600 dur_ns=514866 clt=2 wrkr=11 slot=0 size=102408 src=worker:11 dst=client:2
event=req_send ts_ns=20199466 id=453 clt=2 wrkr=4 slot=1 size=17 src=client:2 dst=worker:4
event=resp_recv_ud ts_ns=20241037 id=452 clt=2 wrkr=5 slot=2 size=41 src=worker:5 dst=client:2
event=hand_send ts_ns=20249684 id=452 clt=2 wrkr=5 slot=2 size=10 src=client:2 dst=worker:5
event=resp_recv_ud ts_ns=20262028 id=453 clt=2 wrkr=4 slot=1 size=41 src=worker:4 dst=client:2
event=hand_send ts_ns=20270675 id=453 clt=2 wrkr=4 slot=1 size=10 src=client:2 dst=worker:4
event=resp_rdma_read ts_ns=20288466 id=443 start_ns=19851842 dur_ns=436624 clt=2 wrkr=10 slot=1 size=102408 src=worker:10 dst=client:2
event=req_send ts_ns=20288466 id=456 clt=2 wrkr=8 slot=2 size=17 src=client:2 dst=worker:8
event=resp_recv_ud ts_ns=20358241 id=456 clt=2 wrkr=8 slot=2 size=41 src=worker:8 dst=client:2
event=hand_send ts_ns=20366888 id=456 clt=2 wrkr=8 slot=2 size=10 src=client:2 dst=worker:8
event=resp_rdma_read ts_ns=20601997 id=448 start_ns=20049664 dur_ns=552333 clt=2 wrkr=10 slot=2 size=102408 src=worker:10 dst=client:2
event=req_send ts_ns=20601997 id=461 clt=2 wrkr=10 slot=3 size=17 src=client:2 dst=worker:10
event=resp_recv_ud ts_ns=20669656 id=461 clt=2 wrkr=10 slot=3 size=41 src=worker:10 dst=client:2
event=hand_send ts_ns=20678303 id=461 clt=2 wrkr=10 slot=3 size=10 src=client:2 dst=worker:10
event=resp_rdma_read ts_ns=20766172 id=452 start_ns=20249684 dur_ns=516488 clt=2 wrkr=5 slot=2 size=102408 src=worker:5 dst=client:2
event=req_send ts_ns=20766172 id=464 clt=2 wrkr=9 slot=2 size=17 src=client:2 dst=worker:9
event=resp_rdma_read ts_ns=20826385 id=453 start_ns=20270675 dur_ns=555710 clt=2 wrkr=4 slot=1 size=102408 src=worker:4 dst=client:2
event=req_send ts_ns=20826385 id=466 clt=2 wrkr=7 slot=2 size=17 src=client:2 dst=worker:7
event=resp_recv_ud ts_ns=20831140 id=464 clt=2 wrkr=9 slot=2 size=41 src=worker:9 dst=client:2
event=hand_send ts_ns=20839787 id=464 clt=2 wrkr=9 slot=2 size=10 src=client:2 dst=worker:9
event=resp_recv_ud ts_ns=20884749 id=466 clt=2 wrkr=7 slot=2 size=41 src=worker:7 dst=client:2
event=hand_send ts_ns=20893396 id=466 clt=2 wrkr=7 slot=2 size=10 src=client:2 dst=worker:7
event=resp_rdma_read ts_ns=20927585 id=456 start_ns=20366888 dur_ns=560697 clt=2 wrkr=8 slot=2 size=102408 src=worker:8 dst=client:2
event=req_send ts_ns=20927585 id=470 clt=2 wrkr=1 slot=2 size=17 src=client:2 dst=worker:1
event=resp_recv_ud ts_ns=20996978 id=470 clt=2 wrkr=1 slot=2 size=41 src=worker:1 dst=client:2
event=hand_send ts_ns=21005625 id=470 clt=2 wrkr=1 slot=2 size=10 src=client:2 dst=worker:1
event=resp_rdma_read ts_ns=21072715 id=461 start_ns=20678303 dur_ns=394412 clt=2 wrkr=10 slot=3 size=102408 src=worker:10 dst=client:2
event=req_send ts_ns=21072715 id=472 clt=2 wrkr=5 slot=3 size=17 src=client:2 dst=worker:5
event=resp_recv_ud ts_ns=21128900 id=472 clt=2 wrkr=5 slot=3 size=41 src=worker:5 dst=client:2
event=hand_send ts_ns=21137547 id=472 clt=2 wrkr=5 slot=3 size=10 src=client:2 dst=worker:5
event=resp_rdma_read ts_ns=21321412 id=464 start_ns=20839787 dur_ns=481625 clt=2 wrkr=9 slot=2 size=102408 src=worker:9 dst=client:2
event=req_send ts_ns=21321412 id=476 clt=2 wrkr=4 slot=2 size=17 src=client:2 dst=worker:4
event=resp_recv_ud ts_ns=21362857 id=476 clt=2 wrkr=4 slot=2 size=41 src=worker:4 dst=client:2
event=hand_send ts_ns=21371504 id=476 clt=2 wrkr=4 slot=2 size=10 src=client:2 dst=worker:4
event=resp_rdma_read ts_ns=21418238 id=466 start_ns=20893396 dur_ns=524842 clt=2 wrkr=7 slot=2 size=102408 src=worker:7 dst=client:2
event=req_send ts_ns=21418238 id=479 clt=2 wrkr=5 slot=0 size=17 src=client:2 dst=worker:5
event=resp_recv_ud ts_ns=21479672 id=479 clt=2 wrkr=5 slot=0 size=41 src=worker:5 dst=client:2
event=hand_send ts_ns=21488319 id=479 clt=2 wrkr=5 slot=0 size=10 src=client:2 dst=worker:5
event=resp_rdma_read ts_ns=21544923 id=470 start_ns=21005625 dur_ns=539298 clt=2 wrkr=1 slot=2 size=102408 src=worker:1 dst=client:2
event=req_send ts_ns=21544923 id=484 clt=2 wrkr=5 slot=1 size=17 src=client:2 dst=worker:5
event=resp_recv_ud ts_ns=21607712 id=484 clt=2 wrkr=5 slot=1 size=41 src=worker:5 dst=client:2
event=hand_send ts_ns=21616359 id=484 clt=2 wrkr=5 slot=1 size=10 src=client:2 dst=worker:5
event=resp_rdma_read ts_ns=21626655 id=472 start_ns=21137547 dur_ns=489108 clt=2 wrkr=5 slot=3 size=102408 src=worker:5 dst=client:2
event=req_send ts_ns=21626655 id=486 clt=2 wrkr=7 slot=3 size=17 src=client:2 dst=worker:7
event=resp_recv_ud ts_ns=21694301 id=486 clt=2 wrkr=7 slot=3 size=41 src=worker:7 dst=client:2
event=hand_send ts_ns=21702948 id=486 clt=2 wrkr=7 slot=3 size=10 src=client:2 dst=worker:7
event=resp_rdma_read ts_ns=21793227 id=476 start_ns=21371504 dur_ns=421723 clt=2 wrkr=4 slot=2 size=102408 src=worker:4 dst=client:2
event=req_send ts_ns=21793227 id=488 clt=2 wrkr=4 slot=3 size=17 src=client:2 dst=worker:4
event=resp_recv_ud ts_ns=21837956 id=488 clt=2 wrkr=4 slot=3 size=41 src=worker:4 dst=client:2
event=hand_send ts_ns=21846603 id=488 clt=2 wrkr=4 slot=3 size=10 src=client:2 dst=worker:4
event=resp_rdma_read ts_ns=21910346 id=479 start_ns=21488319 dur_ns=422027 clt=2 wrkr=5 slot=0 size=102408 src=worker:5 dst=client:2
event=req_send ts_ns=21910346 id=491 clt=2 wrkr=11 slot=1 size=17 src=client:2 dst=worker:11
event=resp_recv_ud ts_ns=21976624 id=491 clt=2 wrkr=11 slot=1 size=41 src=worker:11 dst=client:2
event=hand_send ts_ns=21985271 id=491 clt=2 wrkr=11 slot=1 size=10 src=client:2 dst=worker:11
event=resp_rdma_read ts_ns=22181114 id=484 start_ns=21616359 dur_ns=564755 clt=2 wrkr=5 slot=1 size=102408 src=worker:5 dst=client:2
event=req_send ts_ns=22181114 id=498 clt=2 wrkr=1 slot=3 size=17 src=client:2 dst=worker:1
event=resp_rdma_read ts_ns=22208235 id=486 start_ns=21702948 dur_ns=505287 clt=2 wrkr=7 slot=3 size=102408 src=worker:7 dst=client:2
event=req_send ts_ns=22208235 id=499 clt=2 wrkr=0 slot=1 size=17 src=client:2 dst=worker:0
event=resp_recv_ud ts_ns=22248704 id=498 clt=2 wrkr=1 slot=3 size=41 src=worker:1 dst=client:2
event=hand_send ts_ns=22257351 id=498 clt=2 wrkr=1 slot=3 size=10 src=client:2 dst=worker:1
event=resp_recv_ud ts_ns=22277801 id=499 clt=2 wrkr=0 slot=1 size=41 src=worker:0 dst=client:2
event=hand_send ts_ns=22286448 id=499 clt=2 wrkr=0 slot=1 size=10 src=client:2 dst=worker:0
event=resp_rdma_read ts_ns=22336322 id=488 start_ns=21846603 dur_ns=489719 clt=2 wrkr=4 slot=3 size=102408 src=worker:4 dst=client:2
event=req_send ts_ns=22336322 id=500 clt=2 wrkr=7 slot=0 size=17 src=client:2 dst=worker:7
event=resp_recv_ud ts_ns=22403633 id=500 clt=2 wrkr=7 slot=0 size=41 src=worker:7 dst=client:2
event=hand_send ts_ns=22412280 id=500 clt=2 wrkr=7 slot=0 size=10 src=client:2 dst=worker:7
event=resp_rdma_read ts_ns=22428922 id=491 start_ns=21985271 dur_ns=443651 clt=2 wrkr=11 slot=1 size=102408 src=worker:11 dst=client:2
event=req_send ts_ns=22428922 id=504 clt=2 wrkr=10 slot=0 size=17 src=client:2 dst=worker:10
event=resp_recv_ud ts_ns=22496629 id=504 clt=2 wrkr=10 slot=0 size=41 src=worker:10 dst=client:2
event=hand_send ts_ns=22505276 id=504 clt=2 wrkr=10 slot=0 size=10 src=client:2 dst=worker:10
event=resp_rdma_read ts_ns=22580272 id=499 start_ns=22286448 dur_ns=293824 clt=2 wrkr=0 slot=1 size=102408 src=worker:0 dst=client:2
event=req_send ts_ns=22580272 id=506 clt=2 wrkr=9 slot=3 size=17 src=client:2 dst=worker:9
event=resp_recv_ud ts_ns=22626101 id=506 clt=2 wrkr=9 slot=3 size=41 src=worker:9 dst=client:2
event=hand_send ts_ns=22634748 id=506 clt=2 wrkr=9 slot=3 size=10 src=client:2 dst=worker:9
event=resp_rdma_read ts_ns=22848335 id=500 start_ns=22412280 dur_ns=436055 clt=2 wrkr=7 slot=0 size=102408 src=worker:7 dst=client:2
event=req_send ts_ns=22848335 id=511 clt=2 wrkr=11 slot=2 size=17 src=client:2 dst=worker:11
event=resp_rdma_read ts_ns=22883926 id=498 start_ns=22257351 dur_ns=626575 clt=2 wrkr=1 slot=3 size=102408 src=worker:1 dst=client:2
event=req_send ts_ns=22883926 id=512 clt=2 wrkr=4 slot=0 size=17 src=client:2 dst=worker:4
event=resp_recv_ud ts_ns=22896915 id=511 clt=2 wrkr=11 slot=2 size=41 src=worker:11 dst=client:2
event=hand_send ts_ns=22905562 id=511 clt=2 wrkr=11 slot=2 size=10 src=client:2 dst=worker:11
event=resp_recv_ud ts_ns=22950910 id=512 clt=2 wrkr=4 slot=0 size=41 src=worker:4 dst=client:2
event=hand_send ts_ns=22959557 id=512 clt=2 wrkr=4 slot=0 size=10 src=client:2 dst=worker:4
event=resp_rdma_read ts_ns=23047925 id=504 start_ns=22505276 dur_ns=542649 clt=2 wrkr=10 slot=0 size=102408 src=worker:10 dst=client:2
event=req_send ts_ns=23047925 id=516 clt=2 wrkr=7 slot=1 size=17 src=client:2 dst=worker:7
event=resp_recv_ud ts_ns=23116559 id=516 clt=2 wrkr=7 slot=1 size=41 src=worker:7 dst=client:2
event=resp_rdma_read ts_ns=23122419 id=506 start_ns=22634748 dur_ns=487671 clt=2 wrkr=9 slot=3 size=102408 src=worker:9 dst=client:2
event=req_send ts_ns=23122419 id=518 clt=2 wrkr=2 slot=1 size=17 src=client:2 dst=worker:2
event=hand_send ts_ns=23125206 id=516 clt=2 wrkr=7 slot=1 size=10 src=client:2 dst=worker:7
event=resp_recv_ud ts_ns=23191961 id=518 clt=2 wrkr=2 slot=1 size=41 src=worker:2 dst=client:2
event=hand_send ts_ns=23200608 id=518 clt=2 wrkr=2 slot=1 size=10 src=client:2 dst=worker:2
event=resp_rdma_read ts_ns=23314063 id=511 start_ns=22905562 dur_ns=408501 clt=2 wrkr=11 slot=2 size=102408 src=worker:11 dst=client:2
event=req_send ts_ns=23314063 id=523 clt=2 wrkr=7 slot=2 size=17 src=client:2 dst=worker:7
event=resp_recv_ud ts_ns=23362214 id=523 clt=2 wrkr=7 slot=2 size=41 src=worker:7 dst=client:2
event=hand_send ts_ns=23370861 id=523 clt=2 wrkr=7 slot=2 size=10 src=client:2 dst=worker:7
event=resp_rdma_read ts_ns=23370928 id=512 start_ns=22959557 dur_ns=411371 clt=2 wrkr=4 slot=0 size=102408 src=worker:4 dst=client:2
event=req_send ts_ns=23370928 id=524 clt=2 wrkr=3 slot=3 size=17 src=client:2 dst=worker:3
event=resp_recv_ud ts_ns=23438671 id=524 clt=2 wrkr=3 slot=3 size=41 src=worker:3 dst=client:2
event=hand_send ts_ns=23447318 id=524 clt=2 wrkr=3 slot=3 size=10 src=client:2 dst=worker:3
event=resp_rdma_read ts_ns=23639910 id=518 start_ns=23200608 dur_ns=439302 clt=2 wrkr=2 slot=1 size=102408 src=worker:2 dst=client:2
event=req_send ts_ns=23639910 id=529 clt=2 wrkr=3 slot=0 size=17 src=client:2 dst=worker:3
event=resp_rdma_read ts_ns=23656266 id=516 start_ns=23125206 dur_ns=531060 clt=2 wrkr=7 slot=1 size=102408 src=worker:7 dst=client:2
event=req_send ts_ns=23656266 id=530 clt=2 wrkr=3 slot=1 size=17 src=client:2 dst=worker:3
event=resp_recv_ud ts_ns=23706439 id=529 clt=2 wrkr=3 slot=0 size=41 src=worker:3 dst=client:2
event=hand_send ts_ns=23715086 id=529 clt=2 wrkr=3 slot=0 size=10 src=client:2 dst=worker:3
event=resp_recv_ud ts_ns=23719819 id=530 clt=2 wrkr=3 slot=1 size=41 src=worker:3 dst=client:2
event=hand_send ts_ns=23728466 id=530 clt=2 wrkr=3 slot=1 size=10 src=client:2 dst=worker:3
event=resp_rdma_read ts_ns=23904757 id=524 start_ns=23447318 dur_ns=457439 clt=2 wrkr=3 slot=3 size=102408 src=worker:3 dst=client:2
event=req_send ts_ns=23904757 id=535 clt=2 wrkr=2 slot=2 size=17 src=client:2 dst=worker:2
event=resp_rdma_read ts_ns=23911715 id=523 start_ns=23370861 dur_ns=540854 clt=2 wrkr=7 slot=2 size=102408 src=worker:7 dst=client:2
event=req_send ts_ns=23911715 id=536 clt=2 wrkr=3 slot=2 size=17 src=client:2 dst=worker:3
event=resp_recv_ud ts_ns=23974480 id=535 clt=2 wrkr=2 slot=2 size=41 src=worker:2 dst=client:2
event=resp_recv_ud ts_ns=23979832 id=536 clt=2 wrkr=3 slot=2 size=41 src=worker:3 dst=client:2
event=hand_send ts_ns=23983127 id=535 clt=2 wrkr=2 slot=2 size=10 src=client:2 dst=worker:2
event=hand_send ts_ns=23988479 id=536 clt=2 wrkr=3 slot=2 size=10 src=client:2 dst=worker:3
event=resp_rdma_read ts_ns=24141840 id=529 start_ns=23715086 dur_ns=426754 clt=2 wrkr=3 slot=0 size=102408 src=worker:3 dst=client:2
event=req_send ts_ns=24141840 id=541 clt=2 wrkr=11 slot=3 size=17 src=client:2 dst=worker:11
event=resp_rdma_read ts_ns=24201191 id=530 start_ns=23728466 dur_ns=472725 clt=2 wrkr=3 slot=1 size=102408 src=worker:3 dst=client:2
event=req_send ts_ns=24201191 id=543 clt=2 wrkr=7 slot=3 size=17 src=client:2 dst=worker:7
event=resp_recv_ud ts_ns=24211448 id=541 clt=2 wrkr=11 slot=3 size=41 src=worker:11 dst=client:2
event=hand_send ts_ns=24220095 id=541 clt=2 wrkr=11 slot=3 size=10 src=client:2 dst=worker:11
event=resp_recv_ud ts_ns=24267779 id=543 clt=2 wrkr=7 slot=3 size=41 src=worker:7 dst=client:2
event=hand_send ts_ns=24276426 id=543 clt=2 wrkr=7 slot=3 size=10 src=client:2 dst=worker:7
event=resp_rdma_read ts_ns=24542669 id=535 start_ns=23983127 dur_ns=559542 clt=2 wrkr=2 slot=2 size=102408 src=worker:2 dst=client:2
event=req_send ts_ns=24542669 id=547 clt=2 wrkr=10 slot=1 size=17 src=client:2 dst=worker:10
event=resp_rdma_read ts_ns=24545390 id=536 start_ns=23988479 dur_ns=556911 clt=2 wrkr=3 slot=2 size=102408 src=worker:3 dst=client:2
event=req_send ts_ns=24545390 id=548 clt=2 wrkr=11 slot=0 size=17 src=client:2 dst=worker:11
event=resp_recv_ud ts_ns=24609668 id=547 clt=2 wrkr=10 slot=1 size=41 src=worker:10 dst=client:2
event=resp_recv_ud ts_ns=24611301 id=548 clt=2 wrkr=11 slot=0 size=41 src=worker:11 dst=client:2
event=hand_send ts_ns=24618315 id=547 clt=2 wrkr=10 slot=1 size=10 src=client:2 dst=worker:10
event=hand_send ts_ns=24619948 id=548 clt=2 wrkr=11 slot=0 size=10 src=client:2 dst=worker:11
event=resp_rdma_read ts_ns=24730578 id=541 start_ns=24220095 dur_ns=510483 clt=2 wrkr=11 slot=3 size=102408 src=worker:11 dst=client:2
event=req_send ts_ns=24730578 id=553 clt=2 wrkr=4 slot=1 size=17 src=client:2 dst=worker:4
event=resp_recv_ud ts_ns=24793910 id=553 clt=2 wrkr=4 slot=1 size=41 src=worker:4 dst=client:2
event=hand_send ts_ns=24802557 id=553 clt=2 wrkr=4 slot=1 size=10 src=client:2 dst=worker:4
event=resp_rdma_read ts_ns=24845746 id=543 start_ns=24276426 dur_ns=569320 clt=2 wrkr=7 slot=3 size=102408 src=worker:7 dst=client:2
event=req_send ts_ns=24845746 id=556 clt=2 wrkr=7 slot=0 size=17 src=client:2 dst=worker:7
event=resp_recv_ud ts_ns=24909420 id=556 clt=2 wrkr=7 slot=0 size=41 src=worker:7 dst=client:2
event=hand_send ts_ns=24918067 id=556 clt=2 wrkr=7 slot=0 size=10 src=client:2 dst=worker:7
event=resp_rdma_read ts_ns=24981718 id=547 start_ns=24618315 dur_ns=363403 clt=2 wrkr=10 slot=1 size=102408 src=worker:10 dst=client:2
event=req_send ts_ns=24981718 id=558 clt=2 wrkr=1 slot=0 size=17 src=client:2 dst=worker:1
event=resp_rdma_read ts_ns=25027349 id=548 start_ns=24619948 dur_ns=407401 clt=2 wrkr=11 slot=0 size=102408 src=worker:11 dst=client:2
event=req_send ts_ns=25027349 id=560 clt=2 wrkr=9 slot=0 size=17 src=client:2 dst=worker:9
event=resp_recv_ud ts_ns=25034880 id=558 clt=2 wrkr=1 slot=0 size=41 src=worker:1 dst=client:2
event=hand_send ts_ns=25043527 id=558 clt=2 wrkr=1 slot=0 size=10 src=client:2 dst=worker:1
event=resp_recv_ud ts_ns=25095133 id=560 clt=2 wrkr=9 slot=0 size=41 src=worker:9 dst=client:2
event=hand_send ts_ns=25103780 id=560 clt=2 wrkr=9 slot=0 size=10 src=client:2 dst=worker:9
event=resp_rdma_read ts_ns=25317778 id=553 start_ns=24802557 dur_ns=515221 clt=2 wrkr=4 slot=1 size=102408 src=worker:4 dst=client:2
event=req_send ts_ns=25317778 id=565 clt=2 wrkr=4 slot=2 size=17 src=client:2 dst=worker:4
event=resp_recv_ud ts_ns=25373632 id=565 clt=2 wrkr=4 slot=2 size=41 src=worker:4 dst=client:2
event=hand_send ts_ns=25382279 id=565 clt=2 wrkr=4 slot=2 size=10 src=client:2 dst=worker:4
event=resp_rdma_read ts_ns=25420834 id=556 start_ns=24918067 dur_ns=502767 clt=2 wrkr=7 slot=0 size=102408 src=worker:7 dst=client:2
event=req_send ts_ns=25420834 id=568 clt=2 wrkr=7 slot=1 size=17 src=client:2 dst=worker:7
event=resp_recv_ud ts_ns=25482979 id=568 clt=2 wrkr=7 slot=1 size=41 src=worker:7 dst=client:2
event=hand_send ts_ns=25491626 id=568 clt=2 wrkr=7 slot=1 size=10 src=client:2 dst=worker:7
event=resp_rdma_read ts_ns=25521678 id=558 start_ns=25043527 dur_ns=478151 clt=2 wrkr=1 slot=0 size=102408 src=worker:1 dst=client:2
event=req_send ts_ns=25521678 id=571 clt=2 wrkr=1 slot=1 size=17 src=client:2 dst=worker:1
event=resp_rdma_read ts_ns=25582098 id=560 start_ns=25103780 dur_ns=478318 clt=2 wrkr=9 slot=0 size=102408 src=worker:9 dst=client:2
event=req_send ts_ns=25582098 id=574 clt=2 wrkr=11 slot=1 size=17 src=client:2 dst=worker:11
event=resp_recv_ud ts_ns=25586944 id=571 clt=2 wrkr=1 slot=1 size=41 src=worker:1 dst=client:2
event=hand_send ts_ns=25595591 id=571 clt=2 wrkr=1 slot=1 size=10 src=client:2 dst=worker:1
event=resp_recv_ud ts_ns=25643615 id=574 clt=2 wrkr=11 slot=1 size=41 src=worker:11 dst=client:2
event=hand_send ts_ns=25652262 id=574 clt=2 wrkr=11 slot=1 size=10 src=client:2 dst=worker:11
event=resp_rdma_read ts_ns=25815788 id=565 start_ns=25382279 dur_ns=433509 clt=2 wrkr=4 slot=2 size=102408 src=worker:4 dst=client:2
event=req_send ts_ns=25815788 id=578 clt=2 wrkr=2 slot=3 size=17 src=client:2 dst=worker:2
event=resp_recv_ud ts_ns=25883386 id=578 clt=2 wrkr=2 slot=3 size=41 src=worker:2 dst=client:2
event=hand_send ts_ns=25892033 id=578 clt=2 wrkr=2 slot=3 size=10 src=client:2 dst=worker:2
event=resp_rdma_read ts_ns=25924287 id=568 start_ns=25491626 dur_ns=432661 clt=2 wrkr=7 slot=1 size=102408 src=worker:7 dst=client:2
event=req_send ts_ns=25924287 id=580 clt=2 wrkr=0 slot=2 size=17 src=client:2 dst=worker:0
event=resp_recv_ud ts_ns=25990064 id=580 clt=2 wrkr=0 slot=2 size=41 src=worker:0 dst=client:2
event=hand_send ts_ns=25998711 id=580 clt=2 wrkr=0 slot=2 size=10 src=client:2 dst=worker:0
event=resp_rdma_read ts_ns=26191823 id=571 start_ns=25595591 dur_ns=596232 clt=2 wrkr=1 slot=1 size=102408 src=worker:1 dst=client:2
event=req_send ts_ns=26191823 id=587 clt=2 wrkr=6 slot=3 size=17 src=client:2 dst=worker:6
event=resp_rdma_read ts_ns=26233585 id=574 start_ns=25652262 dur_ns=581323 clt=2 wrkr=11 slot=1 size=102408 src=worker:11 dst=client:2
event=req_send ts_ns=26233585 id=588 clt=2 wrkr=8 slot=3 size=17 src=client:2 dst=worker:8
event=resp_recv_ud ts_ns=26260940 id=587 clt=2 wrkr=6 slot=3 size=41 src=worker:6 dst=client:2
event=resp_rdma_read ts_ns=26261341 id=578 start_ns=25892033 dur_ns=369308 clt=2 wrkr=2 slot=3 size=102408 src=worker:2 dst=client:2
event=req_send ts_ns=26261341 id=589 clt=2 wrkr=7 slot=2 size=17 src=client:2 dst=worker:7
event=hand_send ts_ns=26269587 id=587 clt=2 wrkr=6 slot=3 size=10 src=client:2 dst=worker:6
event=resp_recv_ud ts_ns=26301902 id=588 clt=2 wrkr=8 slot=3 size=41 src=worker:8 dst=client:2
event=hand_send ts_ns=26310549 id=588 clt=2 wrkr=8 slot=3 size=10 src=client:2 dst=worker:8
event=resp_recv_ud ts_ns=26331631 id=589 clt=2 wrkr=7 slot=2 size=41 src=worker:7 dst=client:2
event=hand_send ts_ns=26340278 id=589 clt=2 wrkr=7 slot=2 size=10 src=client:2 dst=worker:7
event=resp_rdma_read ts_ns=26442089 id=580 start_ns=25998711 dur_ns=443378 clt=2 wrkr=0 slot=2 size=102408 src=worker:0 dst=client:2
event=req_send ts_ns=26442089 id=593 clt=2 wrkr=1 slot=2 size=17 src=client:2 dst=worker:1
event=resp_recv_ud ts_ns=26501131 id=593 clt=2 wrkr=1 slot=2 size=41 src=worker:1 dst=client:2
event=hand_send ts_ns=26509778 id=593 clt=2 wrkr=1 slot=2 size=10 src=client:2 dst=worker:1
event=resp_rdma_read ts_ns=26826194 id=587 start_ns=26269587 dur_ns=556607 clt=2 wrkr=6 slot=3 size=102408 src=worker:6 dst=client:2
event=req_send ts_ns=26826194 id=599 clt=2 wrkr=10 slot=2 size=17 src=client:2 dst=worker:10
event=resp_rdma_read ts_ns=26875435 id=588 start_ns=26310549 dur_ns=564886 clt=2 wrkr=8 slot=3 size=102408 src=worker:8 dst=client:2
event=req_send ts_ns=26875435 id=600 clt=2 wrkr=4 slot=3 size=17 src=client:2 dst=worker:4
event=resp_recv_ud ts_ns=26881890 id=599 clt=2 wrkr=10 slot=2 size=41 src=worker:10 dst=client:2
event=hand_send ts_ns=26890537 id=599 clt=2 wrkr=10 slot=2 size=10 src=client:2 dst=worker:10
event=resp_rdma_read ts_ns=26904657 id=593 start_ns=26509778 dur_ns=394879 clt=2 wrkr=1 slot=2 size=102408 src=worker:1 dst=client:2
event=req_send ts_ns=26904657 id=602 clt=2 wrkr=3 slot=3 size=17 src=client:2 dst=worker:3
event=resp_rdma_read ts_ns=26906995 id=589 start_ns=26340278 dur_ns=566717 clt=2 wrkr=7 slot=2 size=102408 src=worker:7 dst=client:2
event=req_send ts_ns=26906995 id=603 clt=2 wrkr=1 slot=3 size=17 src=client:2 dst=worker:1
event=resp_recv_ud ts_ns=26942490 id=600 clt=2 wrkr=4 slot=3 size=41 src=worker:4 dst=client:2
event=hand_send ts_ns=26951137 id=600 clt=2 wrkr=4 slot=3 size=10 src=client:2 dst=worker:4
event=resp_recv_ud ts_ns=26966492 id=602 clt=2 wrkr=3 slot=3 size=41 src=worker:3 dst=client:2
event=resp_recv_ud ts_ns=26972892 id=603 clt=2 wrkr=1 slot=3 size=41 src=worker:1 dst=client:2
event=hand_send ts_ns=26975139 id=602 clt=2 wrkr=3 slot=3 size=10 src=client:2 dst=worker:3
event=hand_send ts_ns=26981539 id=603 clt=2 wrkr=1 slot=3 size=10 src=client:2 dst=worker:1
event=resp_rdma_read ts_ns=27328909 id=599 start_ns=26890537 dur_ns=438372 clt=2 wrkr=10 slot=2 size=102408 src=worker:10 dst=client:2
event=req_send ts_ns=27328909 id=611 clt=2 wrkr=10 slot=3 size=17 src=client:2 dst=worker:10
event=resp_recv_ud ts_ns=27383473 id=611 clt=2 wrkr=10 slot=3 size=41 src=worker:10 dst=client:2
event=resp_rdma_read ts_ns=27387686 id=602 start_ns=26975139 dur_ns=412547 clt=2 wrkr=3 slot=3 size=102408 src=worker:3 dst=client:2
event=req_send ts_ns=27387686 id=612 clt=2 wrkr=5 slot=2 size=17 src=client:2 dst=worker:5
event=hand_send ts_ns=27392120 id=611 clt=2 wrkr=10 slot=3 size=10 src=client:2 dst=worker:10
event=resp_recv_ud ts_ns=27453228 id=612 clt=2 wrkr=5 slot=2 size=41 src=worker:5 dst=client:2
event=resp_rdma_read ts_ns=27455625 id=600 start_ns=26951137 dur_ns=504488 clt=2 wrkr=4 slot=3 size=102408 src=worker:4 dst=client:2
event=req_send ts_ns=27455625 id=613 clt=2 wrkr=6 slot=0 size=17 src=client:2 dst=worker:6
event=hand_send ts_ns=27461875 id=612 clt=2 wrkr=5 slot=2 size=10 src=client:2 dst=worker:5
event=resp_recv_ud ts_ns=27509878 id=613 clt=2 wrkr=6 slot=0 size=41 src=worker:6 dst=client:2
event=hand_send ts_ns=27518525 id=613 clt=2 wrkr=6 slot=0 size=10 src=client:2 dst=worker:6
event=resp_rdma_read ts_ns=27520244 id=603 start_ns=26981539 dur_ns=538705 clt=2 wrkr=1 slot=3 size=102408 src=worker:1 dst=client:2
event=req_send ts_ns=27520244 id=615 clt=2 wrkr=5 slot=3 size=17 src=client:2 dst=worker:5
event=resp_recv_ud ts_ns=27584233 id=615 clt=2 wrkr=5 slot=3 size=41 src=worker:5 dst=client:2
event=hand_send ts_ns=27592880 id=615 clt=2 wrkr=5 slot=3 size=10 src=client:2 dst=worker:5
event=resp_rdma_read ts_ns=27672898 id=611 start_ns=27392120 dur_ns=280778 clt=2 wrkr=10 slot=3 size=102408 src=worker:10 dst=client:2
event=req_send ts_ns=27672898 id=621 clt=2 wrkr=10 slot=0 size=17 src=client:2 dst=worker:10
event=resp_recv_ud ts_ns=27736755 id=621 clt=2 wrkr=10 slot=0 size=41 src=worker:10 dst=client:2
event=hand_send ts_ns=27745402 id=621 clt=2 wrkr=10 slot=0 size=10 src=client:2 dst=worker:10
event=resp_rdma_read ts_ns=27870724 id=612 start_ns=27461875 dur_ns=408849 clt=2 wrkr=5 slot=2 size=102408 src=worker:5 dst=client:2
event=req_send ts_ns=27870724 id=624 clt=2 wrkr=1 slot=0 size=17 src=client:2 dst=worker:1
event=resp_rdma_read ts_ns=27933000 id=615 start_ns=27592880 dur_ns=340120 clt=2 wrkr=5 slot=3 size=102408 src=worker:5 dst=client:2
event=req_send ts_ns=27933000 id=625 clt=2 wrkr=5 slot=0 size=17 src=client:2 dst=worker:5
event=resp_recv_ud ts_ns=27939703 id=624 clt=2 wrkr=1 slot=0 size=41 src=worker:1 dst=client:2
event=hand_send ts_ns=27948350 id=624 clt=2 wrkr=1 slot=0 size=10 src=client:2 dst=worker:1
event=resp_rdma_read ts_ns=27950440 id=613 start_ns=27518525 dur_ns=431915 clt=2 wrkr=6 slot=0 size=102408 src=worker:6 dst=client:2
event=req_send ts_ns=27950440 id=626 clt=2 wrkr=9 slot=1 size=17 src=client:2 dst=worker:9
event=resp_recv_ud ts_ns=27997899 id=625 clt=2 wrkr=5 slot=0 size=41 src=worker:5 dst=client:2
event=hand_send ts_ns=28006546 id=625 clt=2 wrkr=5 slot=0 size=10 src=client:2 dst=worker:5
event=resp_recv_ud ts_ns=28018002 id=626 clt=2 wrkr=9 slot=1 size=41 src=worker:9 dst=client:2
event=hand_send ts_ns=28026649 id=626 clt=2 wrkr=9 slot=1 size=10 src=client:2 dst=worker:9
event=resp_rdma_read ts_ns=28324439 id=621 start_ns=27745402 dur_ns=579037 clt=2 wrkr=10 slot=0 size=102408 src=worker:10 dst=client:2
event=req_send ts_ns=28324439 id=634 clt=2 wrkr=7 slot=3 size=17 src=client:2 dst=worker:7
event=resp_recv_ud ts_ns=28395005 id=634 clt=2 wrkr=7 slot=3 size=41 src=worker:7 dst=client:2
event=hand_send ts_ns=28403652 id=634 clt=2 wrkr=7 slot=3 size=10 src=client:2 dst=worker:7
event=resp_rdma_read ts_ns=28416703 id=624 start_ns=27948350 dur_ns=468353 clt=2 wrkr=1 slot=0 size=102408 src=worker:1 dst=client:2
event=req_send ts_ns=28416703 id=636 clt=2 wrkr=1 slot=1 size=17 src=client:2 dst=worker:1
event=resp_rdma_read ts_ns=28479382 id=626 start_ns=28026649 dur_ns=452733 clt=2 wrkr=9 slot=1 size=102408 src=worker:9 dst=client:2
event=req_send ts_ns=28479382 id=638 clt=2 wrkr=11 slot=2 size=17 src=client:2 dst=worker:11
event=resp_recv_ud ts_ns=28483228 id=636 clt=2 wrkr=1 slot=1 size=41 src=worker:1 dst=client:2
event=resp_rdma_read ts_ns=28489021 id=625 start_ns=28006546 dur_ns=482475 clt=2 wrkr=5 slot=0 size=102408 src=worker:5 dst=client:2
event=req_send ts_ns=28489021 id=639 clt=2 wrkr=1 slot=2 size=17 src=client:2 dst=worker:1
event=hand_send ts_ns=28491875 id=636 clt=2 wrkr=1 slot=1 size=10 src=client:2 dst=worker:1
event=resp_recv_ud ts_ns=28549716 id=638 clt=2 wrkr=11 slot=2 size=41 src=worker:11 dst=client:2
event=hand_send ts_ns=28558363 id=638 clt=2 wrkr=11 slot=2 size=10 src=client:2 dst=worker:11
event=resp_recv_ud ts_ns=28558576 id=639 clt=2 wrkr=1 slot=2 size=41 src=worker:1 dst=client:2
event=hand_send ts_ns=28567223 id=639 clt=2 wrkr=1 slot=2 size=10 src=client:2 dst=worker:1
event=resp_rdma_read ts_ns=28974124 id=634 start_ns=28403652 dur_ns=570472 clt=2 wrkr=7 slot=3 size=102408 src=worker:7 dst=client:2
event=req_send ts_ns=28974124 id=646 clt=2 wrkr=10 slot=1 size=17 src=client:2 dst=worker:10
event=resp_rdma_read ts_ns=28976868 id=638 start_ns=28558363 dur_ns=418505 clt=2 wrkr=11 slot=2 size=102408 src=worker:11 dst=client:2
event=req_send ts_ns=28976868 id=647 clt=2 wrkr=6 slot=1 size=17 src=client:2 dst=worker:6
event=resp_recv_ud ts_ns=29017565 id=646 clt=2 wrkr=10 slot=1 size=41 src=worker:10 dst=client:2
event=hand_send ts_ns=29026212 id=646 clt=2 wrkr=10 slot=1 size=10 src=client:2 dst=worker:10
event=resp_recv_ud ts_ns=29036434 id=647 clt=2 wrkr=6 slot=1 size=41 src=worker:6 dst=client:2
event=hand_send ts_ns=29045081 id=647 clt=2 wrkr=6 slot=1 size=10 src=client:2 dst=worker:6
event=resp_rdma_read ts_ns=29075086 id=639 start_ns=28567223 dur_ns=507863 clt=2 wrkr=1 slot=2 size=102408 src=worker:1 dst=client:2
event=resp_rdma_read ts_ns=29077866 id=636 start_ns=28491875 dur_ns=585991 clt=2 wrkr=1 slot=1 size=102408 src=worker:1 dst=client:2
event=resp_rdma_read ts_ns=29408967 id=647 start_ns=29045081 dur_ns=363886 clt=2 wrkr=6 slot=1 size=102408 src=worker:6 dst=client:2
event=resp_rdma_read ts_ns=29439024 id=646 start_ns=29026212 dur_ns=412812 clt=2 wrkr=10 slot=1 size=102408 src=worker:10 dst=client:2
