event=req_send ts_ns=1 id=0 clt=0 wrkr=10 slot=0 size=17 src=client:0 dst=worker:10
event=req_send ts_ns=2501 id=3 clt=0 wrkr=4 slot=0 size=17 src=client:0 dst=worker:4
event=resp_recv_ud ts_ns=40643 id=0 clt=0 wrkr=10 slot=0 size=41 src=worker:10 dst=client:0
event=hand_send ts_ns=49290 id=0 clt=0 wrkr=10 slot=0 size=10 src=client:0 dst=worker:10
event=resp_recv_ud ts_ns=64939 id=3 clt=0 wrkr=4 slot=0 size=41 src=worker:4 dst=client:0
event=hand_send ts_ns=73586 id=3 clt=0 wrkr=4 slot=0 size=10 src=client:0 dst=worker:4
event=resp_rdma_read ts_ns=769214 id=0 start_ns=49290 dur_ns=719924 clt=0 wrkr=10 slot=0 size=256008 src=worker:10 dst=client:0
event=req_send ts_ns=769214 id=7 clt=0 wrkr=4 slot=1 size=17 src=client:0 dst=worker:4
event=resp_recv_ud ts_ns=809280 id=7 clt=0 wrkr=4 slot=1 size=41 src=worker:4 dst=client:0
event=hand_send ts_ns=817927 id=7 clt=0 wrkr=4 slot=1 size=10 src=client:0 dst=worker:4
event=resp_rdma_read ts_ns=913394 id=3 start_ns=73586 dur_ns=839808 clt=0 wrkr=4 slot=0 size=256008 src=worker:4 dst=client:0
event=req_send ts_ns=913394 id=11 clt=0 wrkr=5 slot=0 size=17 src=client:0 dst=worker:5
event=resp_recv_ud ts_ns=978481 id=11 clt=0 wrkr=5 slot=0 size=41 src=worker:5 dst=client:0
event=hand_send ts_ns=987128 id=11 clt=0 wrkr=5 slot=0 size=10 src=client:0 dst=worker:5
event=resp_rdma_read ts_ns=1621388 id=11 start_ns=987128 dur_ns=634260 clt=0 wrkr=5 slot=0 size=256008 src=worker:5 dst=client:0
event=req_send ts_ns=1621388 id=13 clt=0 wrkr=2 slot=0 size=17 src=client:0 dst=worker:2
event=resp_recv_ud ts_ns=1669082 id=13 clt=0 wrkr=2 slot=0 size=41 src=worker:2 dst=client:0
event=hand_send ts_ns=1677729 id=13 clt=0 wrkr=2 slot=0 size=10 src=client:0 dst=worker:2
event=resp_rdma_read ts_ns=1681902 id=7 start_ns=817927 dur_ns=863975 clt=0 wrkr=4 slot=1 size=256008 src=worker:4 dst=client:0
event=req_send ts_ns=1681902 id=14 clt=0 wrkr=2 slot=1 size=17 src=client:0 dst=worker:2
event=resp_recv_ud ts_ns=1749892 id=14 clt=0 wrkr=2 slot=1 size=41 src=worker:2 dst=client:0
event=hand_send ts_ns=1758539 id=14 clt=0 wrkr=2 slot=1 size=10 src=client:0 dst=worker:2
event=resp_rdma_read ts_ns=2296813 id=13 start_ns=1677729 dur_ns=619084 clt=0 wrkr=2 slot=0 size=256008 src=worker:2 dst=client:0
event=req_send ts_ns=2296813 id=18 clt=0 wrkr=5 slot=1 size=17 src=client:0 dst=worker:5
event=resp_recv_ud ts_ns=2337200 id=18 clt=0 wrkr=5 slot=1 size=41 src=worker:5 dst=client:0
event=hand_send ts_ns=2345847 id=18 clt=0 wrkr=5 slot=1 size=10 src=client:0 dst=worker:5
event=resp_rdma_read ts_ns=2486158 id=14 start_ns=1758539 dur_ns=727619 clt=0 wrkr=2 slot=1 size=256008 src=worker:2 dst=client:0
event=req_send ts_ns=2486158 id=21 clt=0 wrkr=5 slot=0 size=17 src=client:0 dst=worker:5
event=resp_recv_ud ts_ns=2537393 id=21 clt=0 wrkr=5 slot=0 size=41 src=worker:5 dst=client:0
event=hand_send ts_ns=2546040 id=21 clt=0 wrkr=5 slot=0 size=10 src=client:0 dst=worker:5
event=resp_rdma_read ts_ns=3121224 id=18 start_ns=2345847 dur_ns=775377 clt=0 wrkr=5 slot=1 size=256008 src=worker:5 dst=client:0
event=req_send ts_ns=3121224 id=25 clt=0 wrkr=4 slot=0 size=17 src=client:0 dst=worker:4
event=resp_recv_ud ts_ns=3161991 id=25 clt=0 wrkr=4 slot=0 size=41 src=worker:4 dst=client:0
event=hand_send ts_ns=3170638 id=25 clt=0 wrkr=4 slot=0 size=10 src=client:0 dst=worker:4
event=resp_rdma_read ts_ns=3190154 id=21 start_ns=2546040 dur_ns=644114 clt=0 wrkr=5 slot=0 size=256008 src=worker:5 dst=client:0
event=req_send ts_ns=3190154 id=26 clt=0 wrkr=8 slot=0 size=17 src=client:0 dst=worker:8
event=resp_recv_ud ts_ns=3238709 id=26 clt=0 wrkr=8 slot=0 size=41 src=worker:8 dst=client:0
event=hand_send ts_ns=3247356 id=26 clt=0 wrkr=8 slot=0 size=10 src=client:0 dst=worker:8
event=resp_rdma_read ts_ns=3796157 id=26 start_ns=3247356 dur_ns=548801 clt=0 wrkr=8 slot=0 size=256008 src=worker:8 dst=client:0
event=req_send ts_ns=3796157 id=31 clt=0 wrkr=8 slot=1 size=17 src=client:0 dst=worker:8
event=resp_recv_ud ts_ns=3851377 id=31 clt=0 wrkr=8 slot=1 size=41 src=worker:8 dst=client:0
event=hand_send ts_ns=3860024 id=31 clt=0 wrkr=8 slot=1 size=10 src=client:0 dst=worker:8
event=resp_rdma_read ts_ns=3943007 id=25 start_ns=3170638 dur_ns=772369 clt=0 wrkr=4 slot=0 size=256008 src=worker:4 dst=client:0
event=req_send ts_ns=3943007 id=32 clt=0 wrkr=5 slot=1 size=17 src=client:0 dst=worker:5
event=resp_recv_ud ts_ns=3984825 id=32 clt=0 wrkr=5 slot=1 size=41 src=worker:5 dst=client:0
event=hand_send ts_ns=3993472 id=32 clt=0 wrkr=5 slot=1 size=10 src=client:0 dst=worker:5
event=resp_rdma_read ts_ns=4577232 id=31 start_ns=3860024 dur_ns=717208 clt=0 wrkr=8 slot=1 size=256008 src=worker:8 dst=client:0
event=req_send ts_ns=4577232 id=37 clt=0 wrkr=4 slot=1 size=17 src=client:0 dst=worker:4
event=resp_recv_ud ts_ns=4632865 id=37 clt=0 wrkr=4 slot=1 size=41 src=worker:4 dst=client:0
event=hand_send ts_ns=4641512 id=37 clt=0 wrkr=4 slot=1 size=10 src=client:0 dst=worker:4
event=resp_rdma_read ts_ns=4772477 id=32 start_ns=3993472 dur_ns=779005 clt=0 wrkr=5 slot=1 size=256008 src=worker:5 dst=client:0
event=req_send ts_ns=4772477 id=38 clt=0 wrkr=1 slot=0 size=17 src=client:0 dst=worker:1
event=resp_recv_ud ts_ns=4813189 id=38 clt=0 wrkr=1 slot=0 size=41 src=worker:1 dst=client:0
event=hand_send ts_ns=4821836 id=38 clt=0 wrkr=1 slot=0 size=10 src=client:0 dst=worker:1
event=resp_rdma_read ts_ns=5356099 id=37 start_ns=4641512 dur_ns=714587 clt=0 wrkr=4 slot=1 size=256008 src=worker:4 dst=client:0
event=req_send ts_ns=5356099 id=42 clt=0 wrkr=4 slot=0 size=17 src=client:0 dst=worker:4
event=resp_recv_ud ts_ns=5406306 id=42 clt=0 wrkr=4 slot=0 size=41 src=worker:4 dst=client:0
event=hand_send ts_ns=5414953 id=42 clt=0 wrkr=4 slot=0 size=10 src=client:0 dst=worker:4
event=resp_rdma_read ts_ns=5601271 id=38 start_ns=4821836 dur_ns=779435 clt=0 wrkr=1 slot=0 size=256008 src=worker:1 dst=client:0
event=req_send ts_ns=5601271 id=44 clt=0 wrkr=10 slot=1 size=17 src=client:0 dst=worker:10
event=resp_recv_ud ts_ns=5641842 id=44 clt=0 wrkr=10 slot=1 size=41 src=worker:10 dst=client:0
event=hand_send ts_ns=5650489 id=44 clt=0 wrkr=10 slot=1 size=10 src=client:0 dst=worker:10
event=resp_rdma_read ts_ns=6313280 id=42 start_ns=5414953 dur_ns=898327 clt=0 wrkr=4 slot=0 size=256008 src=worker:4 dst=client:0
event=req_send ts_ns=6313280 id=49 clt=0 wrkr=1 slot=1 size=17 src=client:0 dst=worker:1
event=resp_recv_ud ts_ns=6353663 id=49 clt=0 wrkr=1 slot=1 size=41 src=worker:1 dst=client:0
event=hand_send ts_ns=6362310 id=49 clt=0 wrkr=1 slot=1 size=10 src=client:0 dst=worker:1
event=resp_rdma_read ts_ns=6436179 id=44 start_ns=5650489 dur_ns=785690 clt=0 wrkr=10 slot=1 size=256008 src=worker:10 dst=client:0
event=req_send ts_ns=6436179 id=50 clt=0 wrkr=2 slot=0 size=17 src=client:0 dst=worker:2
event=resp_recv_ud ts_ns=6477636 id=50 clt=0 wrkr=2 slot=0 size=41 src=worker:2 dst=client:0
event=hand_send ts_ns=6486283 id=50 clt=0 wrkr=2 slot=0 size=10 src=client:0 dst=worker:2
event=resp_rdma_read ts_ns=7130780 id=49 start_ns=6362310 dur_ns=768470 clt=0 wrkr=1 slot=1 size=256008 src=worker:1 dst=client:0
event=req_send ts_ns=7130780 id=55 clt=0 wrkr=3 slot=0 size=17 src=client:0 dst=worker:3
event=resp_recv_ud ts_ns=7171169 id=55 clt=0 wrkr=3 slot=0 size=41 src=worker:3 dst=client:0
event=hand_send ts_ns=7179816 id=55 clt=0 wrkr=3 slot=0 size=10 src=client:0 dst=worker:3
event=resp_rdma_read ts_ns=7260768 id=50 start_ns=6486283 dur_ns=774485 clt=0 wrkr=2 slot=0 size=256008 src=worker:2 dst=client:0
event=req_send ts_ns=7260768 id=56 clt=0 wrkr=10 slot=0 size=17 src=client:0 dst=worker:10
event=resp_recv_ud ts_ns=7302059 id=56 clt=0 wrkr=10 slot=0 size=41 src=worker:10 dst=client:0
event=hand_send ts_ns=7310706 id=56 clt=0 wrkr=10 slot=0 size=10 src=client:0 dst=worker:10
event=resp_rdma_read ts_ns=7953094 id=55 start_ns=7179816 dur_ns=773278 clt=0 wrkr=3 slot=0 size=256008 src=worker:3 dst=client:0
event=req_send ts_ns=7953094 id=62 clt=0 wrkr=1 slot=0 size=17 src=client:0 dst=worker:1
event=resp_recv_ud ts_ns=8010428 id=62 clt=0 wrkr=1 slot=0 size=41 src=worker:1 dst=client:0
event=hand_send ts_ns=8019075 id=62 clt=0 wrkr=1 slot=0 size=10 src=client:0 dst=worker:1
event=resp_rdma_read ts_ns=8128655 id=56 start_ns=7310706 dur_ns=817949 clt=0 wrkr=10 slot=0 size=256008 src=worker:10 dst=client:0
event=req_send ts_ns=8128655 id=64 clt=0 wrkr=8 slot=0 size=17 src=client:0 dst=worker:8
event=resp_recv_ud ts_ns=8195524 id=64 clt=0 wrkr=8 slot=0 size=41 src=worker:8 dst=client:0
event=hand_send ts_ns=8204171 id=64 clt=0 wrkr=8 slot=0 size=10 src=client:0 dst=worker:8
event=resp_rdma_read ts_ns=8721614 id=62 start_ns=8019075 dur_ns=702539 clt=0 wrkr=1 slot=0 size=256008 src=worker:1 dst=client:0
event=req_send ts_ns=8721614 id=67 clt=0 wrkr=2 slot=1 size=17 src=client:0 dst=worker:2
event=resp_recv_ud ts_ns=8761249 id=67 clt=0 wrkr=2 slot=1 size=41 src=worker:2 dst=client:0
event=hand_send ts_ns=8769896 id=67 clt=0 wrkr=2 slot=1 size=10 src=client:0 dst=worker:2
event=resp_rdma_read ts_ns=8955413 id=64 start_ns=8204171 dur_ns=751242 clt=0 wrkr=8 slot=0 size=256008 src=worker:8 dst=client:0
event=req_send ts_ns=8955413 id=70 clt=0 wrkr=7 slot=0 size=17 src=client:0 dst=worker:7
event=resp_recv_ud ts_ns=9019168 id=70 clt=0 wrkr=7 slot=0 size=41 src=worker:7 dst=client:0
event=hand_send ts_ns=9027815 id=70 clt=0 wrkr=7 slot=0 size=10 src=client:0 dst=worker:7
event=resp_rdma_read ts_ns=9637718 id=67 start_ns=8769896 dur_ns=867822 clt=0 wrkr=2 slot=1 size=256008 src=worker:2 dst=client:0
event=req_send ts_ns=9637718 id=74 clt=0 wrkr=3 slot=1 size=17 src=client:0 dst=worker:3
event=resp_recv_ud ts_ns=9678441 id=74 clt=0 wrkr=3 slot=1 size=41 src=worker:3 dst=client:0
event=hand_send ts_ns=9687088 id=74 clt=0 wrkr=3 slot=1 size=10 src=client:0 dst=worker:3
event=resp_rdma_read ts_ns=9948953 id=70 start_ns=9027815 dur_ns=921138 clt=0 wrkr=7 slot=0 size=256008 src=worker:7 dst=client:0
event=req_send ts_ns=9948953 id=77 clt=0 wrkr=6 slot=0 size=17 src=client:0 dst=worker:6
event=resp_recv_ud ts_ns=9994202 id=77 clt=0 wrkr=6 slot=0 size=41 src=worker:6 dst=client:0
event=hand_send ts_ns=10002849 id=77 clt=0 wrkr=6 slot=0 size=10 src=client:0 dst=worker:6
event=resp_rdma_read ts_ns=10578818 id=74 start_ns=9687088 dur_ns=891730 clt=0 wrkr=3 slot=1 size=256008 src=worker:3 dst=client:0
event=req_send ts_ns=10578818 id=81 clt=0 wrkr=0 slot=0 size=17 src=client:0 dst=worker:0
event=resp_recv_ud ts_ns=10620546 id=81 clt=0 wrkr=0 slot=0 size=41 src=worker:0 dst=client:0
event=hand_send ts_ns=10629193 id=81 clt=0 wrkr=0 slot=0 size=10 src=client:0 dst=worker:0
event=resp_rdma_read ts_ns=10642061 id=77 start_ns=10002849 dur_ns=639212 clt=0 wrkr=6 slot=0 size=256008 src=worker:6 dst=client:0
event=req_send ts_ns=10642061 id=82 clt=0 wrkr=10 slot=1 size=17 src=client:0 dst=worker:10
event=resp_recv_ud ts_ns=10709934 id=82 clt=0 wrkr=10 slot=1 size=41 src=worker:10 dst=client:0
event=hand_send ts_ns=10718581 id=82 clt=0 wrkr=10 slot=1 size=10 src=client:0 dst=worker:10
event=resp_rdma_read ts_ns=11441840 id=81 start_ns=10629193 dur_ns=812647 clt=0 wrkr=0 slot=0 size=256008 src=worker:0 dst=client:0
event=req_send ts_ns=11441840 id=88 clt=0 wrkr=11 slot=0 size=17 src=client:0 dst=worker:11
event=resp_rdma_read ts_ns=11486206 id=82 start_ns=10718581 dur_ns=767625 clt=0 wrkr=10 slot=1 size=256008 src=worker:10 dst=client:0
event=req_send ts_ns=11486206 id=89 clt=0 wrkr=2 slot=0 size=17 src=client:0 dst=worker:2
event=resp_recv_ud ts_ns=11506270 id=88 clt=0 wrkr=11 slot=0 size=41 src=worker:11 dst=client:0
event=hand_send ts_ns=11514917 id=88 clt=0 wrkr=11 slot=0 size=10 src=client:0 dst=worker:11
event=resp_recv_ud ts_ns=11549858 id=89 clt=0 wrkr=2 slot=0 size=41 src=worker:2 dst=client:0
event=hand_send ts_ns=11558505 id=89 clt=0 wrkr=2 slot=0 size=10 src=client:0 dst=worker:2
event=resp_rdma_read ts_ns=12126278 id=89 start_ns=11558505 dur_ns=567773 clt=0 wrkr=2 slot=0 size=256008 src=worker:2 dst=client:0
event=req_send ts_ns=12126278 id=92 clt=0 wrkr=5 slot=0 size=17 src=client:0 dst=worker:5
event=resp_rdma_read ts_ns=12152427 id=88 start_ns=11514917 dur_ns=637510 clt=0 wrkr=11 slot=0 size=256008 src=worker:11 dst=client:0
event=req_send ts_ns=12152427 id=93 clt=0 wrkr=9 slot=0 size=17 src=client:0 dst=worker:9
event=resp_recv_ud ts_ns=12166406 id=92 clt=0 wrkr=5 slot=0 size=41 src=worker:5 dst=client:0
event=hand_send ts_ns=12175053 id=92 clt=0 wrkr=5 slot=0 size=10 src=client:0 dst=worker:5
event=resp_recv_ud ts_ns=12215237 id=93 clt=0 wrkr=9 slot=0 size=41 src=worker:9 dst=client:0
event=hand_send ts_ns=12223884 id=93 clt=0 wrkr=9 slot=0 size=10 src=client:0 dst=worker:9
event=resp_rdma_read ts_ns=12935400 id=93 start_ns=12223884 dur_ns=711516 clt=0 wrkr=9 slot=0 size=256008 src=worker:9 dst=client:0
event=req_send ts_ns=12935400 id=98 clt=0 wrkr=7 slot=1 size=17 src=client:0 dst=worker:7
event=resp_recv_ud ts_ns=12975693 id=98 clt=0 wrkr=7 slot=1 size=41 src=worker:7 dst=client:0
event=hand_send ts_ns=12984340 id=98 clt=0 wrkr=7 slot=1 size=10 src=client:0 dst=worker:7
event=resp_rdma_read ts_ns=13054330 id=92 start_ns=12175053 dur_ns=879277 clt=0 wrkr=5 slot=0 size=256008 src=worker:5 dst=client:0
event=req_send ts_ns=13054330 id=100 clt=0 wrkr=3 slot=0 size=17 src=client:0 dst=worker:3
event=resp_recv_ud ts_ns=13114934 id=100 clt=0 wrkr=3 slot=0 size=41 src=worker:3 dst=client:0
event=hand_send ts_ns=13123581 id=100 clt=0 wrkr=3 slot=0 size=10 src=client:0 dst=worker:3
event=resp_rdma_read ts_ns=13754507 id=98 start_ns=12984340 dur_ns=770167 clt=0 wrkr=7 slot=1 size=256008 src=worker:7 dst=client:0
event=req_send ts_ns=13754507 id=104 clt=0 wrkr=8 slot=1 size=17 src=client:0 dst=worker:8
event=resp_rdma_read ts_ns=13783563 id=100 start_ns=13123581 dur_ns=659982 clt=0 wrkr=3 slot=0 size=256008 src=worker:3 dst=client:0
event=req_send ts_ns=13783563 id=105 clt=0 wrkr=10 slot=0 size=17 src=client:0 dst=worker:10
event=resp_recv_ud ts_ns=13794599 id=104 clt=0 wrkr=8 slot=1 size=41 src=worker:8 dst=client:0
event=hand_send ts_ns=13803246 id=104 clt=0 wrkr=8 slot=1 size=10 src=client:0 dst=worker:8
event=resp_recv_ud ts_ns=13843591 id=105 clt=0 wrkr=10 slot=0 size=41 src=worker:10 dst=client:0
event=hand_send ts_ns=13852238 id=105 clt=0 wrkr=10 slot=0 size=10 src=client:0 dst=worker:10
event=resp_rdma_read ts_ns=14667090 id=104 start_ns=13803246 dur_ns=863844 clt=0 wrkr=8 slot=1 size=256008 src=worker:8 dst=client:0
event=req_send ts_ns=14667090 id=111 clt=0 wrkr=10 slot=1 size=17 src=client:0 dst=worker:10
event=resp_recv_ud ts_ns=14707321 id=111 clt=0 wrkr=10 slot=1 size=41 src=worker:10 dst=client:0
event=hand_send ts_ns=14715968 id=111 clt=0 wrkr=10 slot=1 size=10 src=client:0 dst=worker:10
event=resp_rdma_read ts_ns=14728770 id=105 start_ns=13852238 dur_ns=876532 clt=0 wrkr=10 slot=0 size=256008 src=worker:10 dst=client:0
event=req_send ts_ns=14728770 id=112 clt=0 wrkr=8 slot=0 size=17 src=client:0 dst=worker:8
event=resp_recv_ud ts_ns=14777156 id=112 clt=0 wrkr=8 slot=0 size=41 src=worker:8 dst=client:0
event=hand_send ts_ns=14785803 id=112 clt=0 wrkr=8 slot=0 size=10 src=client:0 dst=worker:8
event=resp_rdma_read ts_ns=15342969 id=112 start_ns=14785803 dur_ns=557166 clt=0 wrkr=8 slot=0 size=256008 src=worker:8 dst=client:0
event=req_send ts_ns=15342969 id=117 clt=0 wrkr=5 slot=1 size=17 src=client:0 dst=worker:5
event=resp_recv_ud ts_ns=15407686 id=117 clt=0 wrkr=5 slot=1 size=41 src=worker:5 dst=client:0
event=hand_send ts_ns=15416333 id=117 clt=0 wrkr=5 slot=1 size=10 src=client:0 dst=worker:5
event=resp_rdma_read ts_ns=15489568 id=111 start_ns=14715968 dur_ns=773600 clt=0 wrkr=10 slot=1 size=256008 src=worker:10 dst=client:0
event=req_send ts_ns=15489568 id=118 clt=0 wrkr=10 slot=0 size=17 src=client:0 dst=worker:10
event=resp_recv_ud ts_ns=15532437 id=118 clt=0 wrkr=10 slot=0 size=41 src=worker:10 dst=client:0
event=hand_send ts_ns=15541084 id=118 clt=0 wrkr=10 slot=0 size=10 src=client:0 dst=worker:10
event=resp_rdma_read ts_ns=15993246 id=117 start_ns=15416333 dur_ns=576913 clt=0 wrkr=5 slot=1 size=256008 src=worker:5 dst=client:0
event=req_send ts_ns=15993246 id=121 clt=0 wrkr=9 slot=1 size=17 src=client:0 dst=worker:9
event=resp_recv_ud ts_ns=16040626 id=121 clt=0 wrkr=9 slot=1 size=41 src=worker:9 dst=client:0
event=hand_send ts_ns=16049273 id=121 clt=0 wrkr=9 slot=1 size=10 src=client:0 dst=worker:9
event=resp_rdma_read ts_ns=16333079 id=118 start_ns=15541084 dur_ns=791995 clt=0 wrkr=10 slot=0 size=256008 src=worker:10 dst=client:0
event=req_send ts_ns=16333079 id=124 clt=0 wrkr=4 slot=1 size=17 src=client:0 dst=worker:4
event=resp_recv_ud ts_ns=16388210 id=124 clt=0 wrkr=4 slot=1 size=41 src=worker:4 dst=client:0
event=hand_send ts_ns=16396857 id=124 clt=0 wrkr=4 slot=1 size=10 src=client:0 dst=worker:4
event=resp_rdma_read ts_ns=16599916 id=121 start_ns=16049273 dur_ns=550643 clt=0 wrkr=9 slot=1 size=256008 src=worker:9 dst=client:0
event=req_send ts_ns=16599916 id=126 clt=0 wrkr=2 slot=1 size=17 src=client:0 dst=worker:2
event=resp_recv_ud ts_ns=16648642 id=126 clt=0 wrkr=2 slot=1 size=41 src=worker:2 dst=client:0
event=hand_send ts_ns=16657289 id=126 clt=0 wrkr=2 slot=1 size=10 src=client:0 dst=worker:2
event=resp_rdma_read ts_ns=17047806 id=124 start_ns=16396857 dur_ns=650949 clt=0 wrkr=4 slot=1 size=256008 src=worker:4 dst=client:0
event=req_send ts_ns=17047806 id=129 clt=0 wrkr=1 slot=1 size=17 src=client:0 dst=worker:1
event=resp_recv_ud ts_ns=17096287 id=129 clt=0 wrkr=1 slot=1 size=41 src=worker:1 dst=client:0
event=hand_send ts_ns=17104934 id=129 clt=0 wrkr=1 slot=1 size=10 src=client:0 dst=worker:1
event=resp_rdma_read ts_ns=17211377 id=126 start_ns=16657289 dur_ns=554088 clt=0 wrkr=2 slot=1 size=256008 src=worker:2 dst=client:0
event=req_send ts_ns=17211377 id=131 clt=0 wrkr=0 slot=1 size=17 src=client:0 dst=worker:0
event=resp_recv_ud ts_ns=17260417 id=131 clt=0 wrkr=0 slot=1 size=41 src=worker:0 dst=client:0
event=hand_send ts_ns=17269064 id=131 clt=0 wrkr=0 slot=1 size=10 src=client:0 dst=worker:0
event=resp_rdma_read ts_ns=17832431 id=131 start_ns=17269064 dur_ns=563367 clt=0 wrkr=0 slot=1 size=256008 src=worker:0 dst=client:0
event=req_send ts_ns=17832431 id=135 clt=0 wrkr=8 slot=1 size=17 src=client:0 dst=worker:8
event=resp_recv_ud ts_ns=17899473 id=135 clt=0 wrkr=8 slot=1 size=41 src=worker:8 dst=client:0
event=hand_send ts_ns=17908120 id=135 clt=0 wrkr=8 slot=1 size=10 src=client:0 dst=worker:8
event=resp_rdma_read ts_ns=18017511 id=129 start_ns=17104934 dur_ns=912577 clt=0 wrkr=1 slot=1 size=256008 src=worker:1 dst=client:0
event=req_send ts_ns=18017511 id=137 clt=0 wrkr=10 slot=1 size=17 src=client:0 dst=worker:10
event=resp_recv_ud ts_ns=18058880 id=137 clt=0 wrkr=10 slot=1 size=41 src=worker:10 dst=client:0
event=hand_send ts_ns=18067527 id=137 clt=0 wrkr=10 slot=1 size=10 src=client:0 dst=worker:10
event=resp_rdma_read ts_ns=18636425 id=135 start_ns=17908120 dur_ns=728305 clt=0 wrkr=8 slot=1 size=256008 src=worker:8 dst=client:0
event=req_send ts_ns=18636425 id=142 clt=0 wrkr=8 slot=0 size=17 src=client:0 dst=worker:8
event=resp_recv_ud ts_ns=18701085 id=142 clt=0 wrkr=8 slot=0 size=41 src=worker:8 dst=client:0
event=hand_send ts_ns=18709732 id=142 clt=0 wrkr=8 slot=0 size=10 src=client:0 dst=worker:8
event=resp_rdma_read ts_ns=18851852 id=137 start_ns=18067527 dur_ns=784325 clt=0 wrkr=10 slot=1 size=256008 src=worker:10 dst=client:0
event=req_send ts_ns=18851852 id=143 clt=0 wrkr=11 slot=1 size=17 src=client:0 dst=worker:11
event=resp_recv_ud ts_ns=18892555 id=143 clt=0 wrkr=11 slot=1 size=41 src=worker:11 dst=client:0
event=hand_send ts_ns=18901202 id=143 clt=0 wrkr=11 slot=1 size=10 src=client:0 dst=worker:11
event=resp_rdma_read ts_ns=19296200 id=142 start_ns=18709732 dur_ns=586468 clt=0 wrkr=8 slot=0 size=256008 src=worker:8 dst=client:0
event=req_send ts_ns=19296200 id=146 clt=0 wrkr=2 slot=0 size=17 src=client:0 dst=worker:2
event=resp_recv_ud ts_ns=19344012 id=146 clt=0 wrkr=2 slot=0 size=41 src=worker:2 dst=client:0
event=hand_send ts_ns=19352659 id=146 clt=0 wrkr=2 slot=0 size=10 src=client:0 dst=worker:2
event=resp_rdma_read ts_ns=19692746 id=143 start_ns=18901202 dur_ns=791544 clt=0 wrkr=11 slot=1 size=256008 src=worker:11 dst=client:0
event=req_send ts_ns=19692746 id=149 clt=0 wrkr=11 slot=0 size=17 src=client:0 dst=worker:11
event=resp_recv_ud ts_ns=19733329 id=149 clt=0 wrkr=11 slot=0 size=41 src=worker:11 dst=client:0
event=hand_send ts_ns=19741976 id=149 clt=0 wrkr=11 slot=0 size=10 src=client:0 dst=worker:11
event=resp_rdma_read ts_ns=19901575 id=146 start_ns=19352659 dur_ns=548916 clt=0 wrkr=2 slot=0 size=256008 src=worker:2 dst=client:0
event=req_send ts_ns=19901575 id=151 clt=0 wrkr=9 slot=0 size=17 src=client:0 dst=worker:9
event=resp_recv_ud ts_ns=19943862 id=151 clt=0 wrkr=9 slot=0 size=41 src=worker:9 dst=client:0
event=hand_send ts_ns=19952509 id=151 clt=0 wrkr=9 slot=0 size=10 src=client:0 dst=worker:9
event=resp_rdma_read ts_ns=20510674 id=149 start_ns=19741976 dur_ns=768698 clt=0 wrkr=11 slot=0 size=256008 src=worker:11 dst=client:0
event=req_send ts_ns=20510674 id=155 clt=0 wrkr=11 slot=1 size=17 src=client:0 dst=worker:11
event=resp_rdma_read ts_ns=20543310 id=151 start_ns=19952509 dur_ns=590801 clt=0 wrkr=9 slot=0 size=256008 src=worker:9 dst=client:0
event=req_send ts_ns=20543310 id=156 clt=0 wrkr=9 slot=1 size=17 src=client:0 dst=worker:9
event=resp_recv_ud ts_ns=20551388 id=155 clt=0 wrkr=11 slot=1 size=41 src=worker:11 dst=client:0
event=hand_send ts_ns=20560035 id=155 clt=0 wrkr=11 slot=1 size=10 src=client:0 dst=worker:11
event=resp_recv_ud ts_ns=20601496 id=156 clt=0 wrkr=9 slot=1 size=41 src=worker:9 dst=client:0
event=hand_send ts_ns=20610143 id=156 clt=0 wrkr=9 slot=1 size=10 src=client:0 dst=worker:9
event=resp_rdma_read ts_ns=21234607 id=156 start_ns=20610143 dur_ns=624464 clt=0 wrkr=9 slot=1 size=256008 src=worker:9 dst=client:0
event=req_send ts_ns=21234607 id=161 clt=0 wrkr=3 slot=1 size=17 src=client:0 dst=worker:3
event=resp_recv_ud ts_ns=21282579 id=161 clt=0 wrkr=3 slot=1 size=41 src=worker:3 dst=client:0
event=hand_send ts_ns=21291226 id=161 clt=0 wrkr=3 slot=1 size=10 src=client:0 dst=worker:3
event=resp_rdma_read ts_ns=21411900 id=155 start_ns=20560035 dur_ns=851865 clt=0 wrkr=11 slot=1 size=256008 src=worker:11 dst=client:0
event=req_send ts_ns=21411900 id=162 clt=0 wrkr=8 slot=1 size=17 src=client:0 dst=worker:8
event=resp_recv_ud ts_ns=21452628 id=162 clt=0 wrkr=8 slot=1 size=41 src=worker:8 dst=client:0
event=hand_send ts_ns=21461275 id=162 clt=0 wrkr=8 slot=1 size=10 src=client:0 dst=worker:8
event=resp_rdma_read ts_ns=21840082 id=161 start_ns=21291226 dur_ns=548856 clt=0 wrkr=3 slot=1 size=256008 src=worker:3 dst=client:0
event=req_send ts_ns=21840082 id=166 clt=0 wrkr=0 slot=0 size=17 src=client:0 dst=worker:0
event=resp_recv_ud ts_ns=21905376 id=166 clt=0 wrkr=0 slot=0 size=41 src=worker:0 dst=client:0
event=hand_send ts_ns=21914023 id=166 clt=0 wrkr=0 slot=0 size=10 src=client:0 dst=worker:0
event=resp_rdma_read ts_ns=22232062 id=162 start_ns=21461275 dur_ns=770787 clt=0 wrkr=8 slot=1 size=256008 src=worker:8 dst=client:0
event=req_send ts_ns=22232062 id=168 clt=0 wrkr=6 slot=1 size=17 src=client:0 dst=worker:6
event=resp_recv_ud ts_ns=22272492 id=168 clt=0 wrkr=6 slot=1 size=41 src=worker:6 dst=client:0
event=hand_send ts_ns=22281139 id=168 clt=0 wrkr=6 slot=1 size=10 src=client:0 dst=worker:6
event=resp_rdma_read ts_ns=22671928 id=166 start_ns=21914023 dur_ns=757905 clt=0 wrkr=0 slot=0 size=256008 src=worker:0 dst=client:0
event=req_send ts_ns=22671928 id=171 clt=0 wrkr=7 slot=0 size=17 src=client:0 dst=worker:7
event=resp_recv_ud ts_ns=22712494 id=171 clt=0 wrkr=7 slot=0 size=41 src=worker:7 dst=client:0
event=hand_send ts_ns=22721141 id=171 clt=0 wrkr=7 slot=0 size=10 src=client:0 dst=worker:7
event=resp_rdma_read ts_ns=23056069 id=168 start_ns=22281139 dur_ns=774930 clt=0 wrkr=6 slot=1 size=256008 src=worker:6 dst=client:0
event=req_send ts_ns=23056069 id=174 clt=0 wrkr=4 slot=0 size=17 src=client:0 dst=worker:4
event=resp_recv_ud ts_ns=23096151 id=174 clt=0 wrkr=4 slot=0 size=41 src=worker:4 dst=client:0
event=hand_send ts_ns=23104798 id=174 clt=0 wrkr=4 slot=0 size=10 src=client:0 dst=worker:4
event=resp_rdma_read ts_ns=23488964 id=171 start_ns=22721141 dur_ns=767823 clt=0 wrkr=7 slot=0 size=256008 src=worker:7 dst=client:0
event=req_send ts_ns=23488964 id=177 clt=0 wrkr=4 slot=1 size=17 src=client:0 dst=worker:4
event=resp_recv_ud ts_ns=23529702 id=177 clt=0 wrkr=4 slot=1 size=41 src=worker:4 dst=client:0
event=hand_send ts_ns=23538349 id=177 clt=0 wrkr=4 slot=1 size=10 src=client:0 dst=worker:4
event=resp_rdma_read ts_ns=23874197 id=174 start_ns=23104798 dur_ns=769399 clt=0 wrkr=4 slot=0 size=256008 src=worker:4 dst=client:0
event=req_send ts_ns=23874197 id=180 clt=0 wrkr=10 slot=0 size=17 src=client:0 dst=worker:10
event=resp_recv_ud ts_ns=23914572 id=180 clt=0 wrkr=10 slot=0 size=41 src=worker:10 dst=client:0
event=hand_send ts_ns=23923219 id=180 clt=0 wrkr=10 slot=0 size=10 src=client:0 dst=worker:10
event=resp_rdma_read ts_ns=24420584 id=177 start_ns=23538349 dur_ns=882235 clt=0 wrkr=4 slot=1 size=256008 src=worker:4 dst=client:0
event=req_send ts_ns=24420584 id=184 clt=0 wrkr=9 slot=0 size=17 src=client:0 dst=worker:9
event=resp_recv_ud ts_ns=24461332 id=184 clt=0 wrkr=9 slot=0 size=41 src=worker:9 dst=client:0
event=hand_send ts_ns=24469979 id=184 clt=0 wrkr=9 slot=0 size=10 src=client:0 dst=worker:9
event=resp_rdma_read ts_ns=24705536 id=180 start_ns=23923219 dur_ns=782317 clt=0 wrkr=10 slot=0 size=256008 src=worker:10 dst=client:0
event=req_send ts_ns=24705536 id=186 clt=0 wrkr=7 slot=1 size=17 src=client:0 dst=worker:7
event=resp_recv_ud ts_ns=24746019 id=186 clt=0 wrkr=7 slot=1 size=41 src=worker:7 dst=client:0
event=hand_send ts_ns=24754666 id=186 clt=0 wrkr=7 slot=1 size=10 src=client:0 dst=worker:7
event=resp_rdma_read ts_ns=25238649 id=184 start_ns=24469979 dur_ns=768670 clt=0 wrkr=9 slot=0 size=256008 src=worker:9 dst=client:0
event=req_send ts_ns=25238649 id=190 clt=0 wrkr=7 slot=0 size=17 src=client:0 dst=worker:7
event=resp_recv_ud ts_ns=25282018 id=190 clt=0 wrkr=7 slot=0 size=41 src=worker:7 dst=client:0
event=hand_send ts_ns=25290665 id=190 clt=0 wrkr=7 slot=0 size=10 src=client:0 dst=worker:7
event=resp_rdma_read ts_ns=25525814 id=186 start_ns=24754666 dur_ns=771148 clt=0 wrkr=7 slot=1 size=256008 src=worker:7 dst=client:0
event=req_send ts_ns=25525814 id=192 clt=0 wrkr=8 slot=0 size=17 src=client:0 dst=worker:8
event=resp_recv_ud ts_ns=25566217 id=192 clt=0 wrkr=8 slot=0 size=41 src=worker:8 dst=client:0
event=hand_send ts_ns=25574864 id=192 clt=0 wrkr=8 slot=0 size=10 src=client:0 dst=worker:8
event=resp_rdma_read ts_ns=26029364 id=190 start_ns=25290665 dur_ns=738699 clt=0 wrkr=7 slot=0 size=256008 src=worker:7 dst=client:0
event=req_send ts_ns=26029364 id=197 clt=0 wrkr=6 slot=0 size=17 src=client:0 dst=worker:6
event=resp_recv_ud ts_ns=26080720 id=197 clt=0 wrkr=6 slot=0 size=41 src=worker:6 dst=client:0
event=hand_send ts_ns=26089367 id=197 clt=0 wrkr=6 slot=0 size=10 src=client:0 dst=worker:6
event=resp_rdma_read ts_ns=26346347 id=192 start_ns=25574864 dur_ns=771483 clt=0 wrkr=8 slot=0 size=256008 src=worker:8 dst=client:0
event=req_send ts_ns=26346347 id=198 clt=0 wrkr=8 slot=1 size=17 src=client:0 dst=worker:8
event=resp_recv_ud ts_ns=26386925 id=198 clt=0 wrkr=8 slot=1 size=41 src=worker:8 dst=client:0
event=hand_send ts_ns=26395572 id=198 clt=0 wrkr=8 slot=1 size=10 src=client:0 dst=worker:8
event=resp_rdma_read ts_ns=26816948 id=197 start_ns=26089367 dur_ns=727581 clt=0 wrkr=6 slot=0 size=256008 src=worker:6 dst=client:0
event=req_send ts_ns=26816948 id=203 clt=0 wrkr=8 slot=0 size=17 src=client:0 dst=worker:8
event=resp_recv_ud ts_ns=26885220 id=203 clt=0 wrkr=8 slot=0 size=41 src=worker:8 dst=client:0
event=hand_send ts_ns=26893867 id=203 clt=0 wrkr=8 slot=0 size=10 src=client:0 dst=worker:8
event=resp_rdma_read ts_ns=27175073 id=198 start_ns=26395572 dur_ns=779501 clt=0 wrkr=8 slot=1 size=256008 src=worker:8 dst=client:0
event=req_send ts_ns=27175073 id=204 clt=0 wrkr=0 slot=1 size=17 src=client:0 dst=worker:0
event=resp_recv_ud ts_ns=27216039 id=204 clt=0 wrkr=0 slot=1 size=41 src=worker:0 dst=client:0
event=hand_send ts_ns=27224686 id=204 clt=0 wrkr=0 slot=1 size=10 src=client:0 dst=worker:0
event=resp_rdma_read ts_ns=27555903 id=203 start_ns=26893867 dur_ns=662036 clt=0 wrkr=8 slot=0 size=256008 src=worker:8 dst=client:0
event=req_send ts_ns=27555903 id=208 clt=0 wrkr=5 slot=0 size=17 src=client:0 dst=worker:5
event=resp_recv_ud ts_ns=27612661 id=208 clt=0 wrkr=5 slot=0 size=41 src=worker:5 dst=client:0
event=hand_send ts_ns=27621308 id=208 clt=0 wrkr=5 slot=0 size=10 src=client:0 dst=worker:5
event=resp_rdma_read ts_ns=28017857 id=204 start_ns=27224686 dur_ns=793171 clt=0 wrkr=0 slot=1 size=256008 src=worker:0 dst=client:0
event=req_send ts_ns=28017857 id=210 clt=0 wrkr=7 slot=1 size=17 src=client:0 dst=worker:7
event=resp_recv_ud ts_ns=28058297 id=210 clt=0 wrkr=7 slot=1 size=41 src=worker:7 dst=client:0
event=hand_send ts_ns=28066944 id=210 clt=0 wrkr=7 slot=1 size=10 src=client:0 dst=worker:7
event=resp_rdma_read ts_ns=28256599 id=208 start_ns=27621308 dur_ns=635291 clt=0 wrkr=5 slot=0 size=256008 src=worker:5 dst=client:0
event=req_send ts_ns=28256599 id=212 clt=0 wrkr=11 slot=0 size=17 src=client:0 dst=worker:11
event=resp_recv_ud ts_ns=28300664 id=212 clt=0 wrkr=11 slot=0 size=41 src=worker:11 dst=client:0
event=hand_send ts_ns=28309311 id=212 clt=0 wrkr=11 slot=0 size=10 src=client:0 dst=worker:11
event=resp_rdma_read ts_ns=28847009 id=210 start_ns=28066944 dur_ns=780065 clt=0 wrkr=7 slot=1 size=256008 src=worker:7 dst=client:0
event=req_send ts_ns=28847009 id=216 clt=0 wrkr=3 slot=0 size=17 src=client:0 dst=worker:3
event=resp_recv_ud ts_ns=28887517 id=216 clt=0 wrkr=3 slot=0 size=41 src=worker:3 dst=client:0
event=hand_send ts_ns=28896164 id=216 clt=0 wrkr=3 slot=0 size=10 src=client:0 dst=worker:3
event=resp_rdma_read ts_ns=28951250 id=212 start_ns=28309311 dur_ns=641939 clt=0 wrkr=11 slot=0 size=256008 src=worker:11 dst=client:0
event=req_send ts_ns=28951250 id=217 clt=0 wrkr=3 slot=1 size=17 src=client:0 dst=worker:3
event=resp_recv_ud ts_ns=28993527 id=217 clt=0 wrkr=3 slot=1 size=41 src=worker:3 dst=client:0
event=hand_send ts_ns=29002174 id=217 clt=0 wrkr=3 slot=1 size=10 src=client:0 dst=worker:3
event=resp_rdma_read ts_ns=29668910 id=216 start_ns=28896164 dur_ns=772746 clt=0 wrkr=3 slot=0 size=256008 src=worker:3 dst=client:0
event=req_send ts_ns=29668910 id=223 clt=0 wrkr=8 slot=1 size=17 src=client:0 dst=worker:8
event=resp_recv_ud ts_ns=29735603 id=223 clt=0 wrkr=8 slot=1 size=41 src=worker:8 dst=client:0
event=hand_send ts_ns=29744250 id=223 clt=0 wrkr=8 slot=1 size=10 src=client:0 dst=worker:8
event=resp_rdma_read ts_ns=29862642 id=217 start_ns=29002174 dur_ns=860468 clt=0 wrkr=3 slot=1 size=256008 src=worker:3 dst=client:0
event=req_send ts_ns=29862642 id=224 clt=0 wrkr=0 slot=0 size=17 src=client:0 dst=worker:0
event=resp_recv_ud ts_ns=29903137 id=224 clt=0 wrkr=0 slot=0 size=41 src=worker:0 dst=client:0
event=hand_send ts_ns=29911784 id=224 clt=0 wrkr=0 slot=0 size=10 src=client:0 dst=worker:0
event=resp_rdma_read ts_ns=30549030 id=223 start_ns=29744250 dur_ns=804780 clt=0 wrkr=8 slot=1 size=256008 src=worker:8 dst=client:0
event=req_send ts_ns=30549030 id=228 clt=0 wrkr=9 slot=1 size=17 src=client:0 dst=worker:9
event=resp_recv_ud ts_ns=30589879 id=228 clt=0 wrkr=9 slot=1 size=41 src=worker:9 dst=client:0
event=hand_send ts_ns=30598526 id=228 clt=0 wrkr=9 slot=1 size=10 src=client:0 dst=worker:9
event=resp_rdma_read ts_ns=30680014 id=224 start_ns=29911784 dur_ns=768230 clt=0 wrkr=0 slot=0 size=256008 src=worker:0 dst=client:0
event=req_send ts_ns=30680014 id=230 clt=0 wrkr=9 slot=0 size=17 src=client:0 dst=worker:9
event=resp_recv_ud ts_ns=30729440 id=230 clt=0 wrkr=9 slot=0 size=41 src=worker:9 dst=client:0
event=hand_send ts_ns=30738087 id=230 clt=0 wrkr=9 slot=0 size=10 src=client:0 dst=worker:9
event=resp_rdma_read ts_ns=31296099 id=230 start_ns=30738087 dur_ns=558012 clt=0 wrkr=9 slot=0 size=256008 src=worker:9 dst=client:0
event=req_send ts_ns=31296099 id=235 clt=0 wrkr=6 slot=1 size=17 src=client:0 dst=worker:6
event=resp_recv_ud ts_ns=31350260 id=235 clt=0 wrkr=6 slot=1 size=41 src=worker:6 dst=client:0
event=hand_send ts_ns=31358907 id=235 clt=0 wrkr=6 slot=1 size=10 src=client:0 dst=worker:6
event=resp_rdma_read ts_ns=31470543 id=228 start_ns=30598526 dur_ns=872017 clt=0 wrkr=9 slot=1 size=256008 src=worker:9 dst=client:0
event=req_send ts_ns=31470543 id=236 clt=0 wrkr=7 slot=0 size=17 src=client:0 dst=worker:7
event=resp_recv_ud ts_ns=31510995 id=236 clt=0 wrkr=7 slot=0 size=41 src=worker:7 dst=client:0
event=hand_send ts_ns=31519642 id=236 clt=0 wrkr=7 slot=0 size=10 src=client:0 dst=worker:7
event=resp_rdma_read ts_ns=31959356 id=235 start_ns=31358907 dur_ns=600449 clt=0 wrkr=6 slot=1 size=256008 src=worker:6 dst=client:0
event=req_send ts_ns=31959356 id=240 clt=0 wrkr=5 slot=1 size=17 src=client:0 dst=worker:5
event=resp_recv_ud ts_ns=32002180 id=240 clt=0 wrkr=5 slot=1 size=41 src=worker:5 dst=client:0
event=hand_send ts_ns=32010827 id=240 clt=0 wrkr=5 slot=1 size=10 src=client:0 dst=worker:5
event=resp_rdma_read ts_ns=32283844 id=236 start_ns=31519642 dur_ns=764202 clt=0 wrkr=7 slot=0 size=256008 src=worker:7 dst=client:0
event=req_send ts_ns=32283844 id=242 clt=0 wrkr=5 slot=0 size=17 src=client:0 dst=worker:5
event=resp_recv_ud ts_ns=32324663 id=242 clt=0 wrkr=5 slot=0 size=41 src=worker:5 dst=client:0
event=hand_send ts_ns=32333310 id=242 clt=0 wrkr=5 slot=0 size=10 src=client:0 dst=worker:5
event=resp_rdma_read ts_ns=32608498 id=240 start_ns=32010827 dur_ns=597671 clt=0 wrkr=5 slot=1 size=256008 src=worker:5 dst=client:0
event=req_send ts_ns=32608498 id=245 clt=0 wrkr=5 slot=1 size=17 src=client:0 dst=worker:5
event=resp_recv_ud ts_ns=32649120 id=245 clt=0 wrkr=5 slot=1 size=41 src=worker:5 dst=client:0
event=hand_send ts_ns=32657767 id=245 clt=0 wrkr=5 slot=1 size=10 src=client:0 dst=worker:5
event=resp_rdma_read ts_ns=33112407 id=242 start_ns=32333310 dur_ns=779097 clt=0 wrkr=5 slot=0 size=256008 src=worker:5 dst=client:0
event=req_send ts_ns=33112407 id=248 clt=0 wrkr=1 slot=0 size=17 src=client:0 dst=worker:1
event=resp_recv_ud ts_ns=33153131 id=248 clt=0 wrkr=1 slot=0 size=41 src=worker:1 dst=client:0
event=hand_send ts_ns=33161778 id=248 clt=0 wrkr=1 slot=0 size=10 src=client:0 dst=worker:1
event=resp_rdma_read ts_ns=33430690 id=245 start_ns=32657767 dur_ns=772923 clt=0 wrkr=5 slot=1 size=256008 src=worker:5 dst=client:0
event=req_send ts_ns=33430690 id=251 clt=0 wrkr=3 slot=0 size=17 src=client:0 dst=worker:3
event=resp_recv_ud ts_ns=33471088 id=251 clt=0 wrkr=3 slot=0 size=41 src=worker:3 dst=client:0
event=hand_send ts_ns=33479735 id=251 clt=0 wrkr=3 slot=0 size=10 src=client:0 dst=worker:3
event=resp_rdma_read ts_ns=33934780 id=248 start_ns=33161778 dur_ns=773002 clt=0 wrkr=1 slot=0 size=256008 src=worker:1 dst=client:0
event=req_send ts_ns=33934780 id=254 clt=0 wrkr=2 slot=1 size=17 src=client:0 dst=worker:2
event=resp_recv_ud ts_ns=33975456 id=254 clt=0 wrkr=2 slot=1 size=41 src=worker:2 dst=client:0
event=hand_send ts_ns=33984103 id=254 clt=0 wrkr=2 slot=1 size=10 src=client:0 dst=worker:2
event=resp_rdma_read ts_ns=34255270 id=251 start_ns=33479735 dur_ns=775535 clt=0 wrkr=3 slot=0 size=256008 src=worker:3 dst=client:0
event=req_send ts_ns=34255270 id=257 clt=0 wrkr=5 slot=0 size=17 src=client:0 dst=worker:5
event=resp_recv_ud ts_ns=34296223 id=257 clt=0 wrkr=5 slot=0 size=41 src=worker:5 dst=client:0
event=hand_send ts_ns=34304870 id=257 clt=0 wrkr=5 slot=0 size=10 src=client:0 dst=worker:5
event=resp_rdma_read ts_ns=34864940 id=254 start_ns=33984103 dur_ns=880837 clt=0 wrkr=2 slot=1 size=256008 src=worker:2 dst=client:0
event=req_send ts_ns=34864940 id=261 clt=0 wrkr=5 slot=1 size=17 src=client:0 dst=worker:5
event=resp_recv_ud ts_ns=34913637 id=261 clt=0 wrkr=5 slot=1 size=41 src=worker:5 dst=client:0
event=hand_send ts_ns=34922284 id=261 clt=0 wrkr=5 slot=1 size=10 src=client:0 dst=worker:5
event=resp_rdma_read ts_ns=35082958 id=257 start_ns=34304870 dur_ns=778088 clt=0 wrkr=5 slot=0 size=256008 src=worker:5 dst=client:0
event=req_send ts_ns=35082958 id=263 clt=0 wrkr=10 slot=1 size=17 src=client:0 dst=worker:10
event=resp_recv_ud ts_ns=35124355 id=263 clt=0 wrkr=10 slot=1 size=41 src=worker:10 dst=client:0
event=hand_send ts_ns=35133002 id=263 clt=0 wrkr=10 slot=1 size=10 src=client:0 dst=worker:10
event=resp_rdma_read ts_ns=35705052 id=261 start_ns=34922284 dur_ns=782768 clt=0 wrkr=5 slot=1 size=256008 src=worker:5 dst=client:0
event=req_send ts_ns=35705052 id=268 clt=0 wrkr=1 slot=1 size=17 src=client:0 dst=worker:1
event=resp_recv_ud ts_ns=35761508 id=268 clt=0 wrkr=1 slot=1 size=41 src=worker:1 dst=client:0
event=hand_send ts_ns=35770155 id=268 clt=0 wrkr=1 slot=1 size=10 src=client:0 dst=worker:1
event=resp_rdma_read ts_ns=35912505 id=263 start_ns=35133002 dur_ns=779503 clt=0 wrkr=10 slot=1 size=256008 src=worker:10 dst=client:0
event=req_send ts_ns=35912505 id=269 clt=0 wrkr=4 slot=0 size=17 src=client:0 dst=worker:4
event=resp_recv_ud ts_ns=35953136 id=269 clt=0 wrkr=4 slot=0 size=41 src=worker:4 dst=client:0
event=hand_send ts_ns=35961783 id=269 clt=0 wrkr=4 slot=0 size=10 src=client:0 dst=worker:4
event=resp_rdma_read ts_ns=36451920 id=268 start_ns=35770155 dur_ns=681765 clt=0 wrkr=1 slot=1 size=256008 src=worker:1 dst=client:0
event=req_send ts_ns=36451920 id=272 clt=0 wrkr=6 slot=0 size=17 src=client:0 dst=worker:6
event=resp_recv_ud ts_ns=36492316 id=272 clt=0 wrkr=6 slot=0 size=41 src=worker:6 dst=client:0
event=hand_send ts_ns=36500963 id=272 clt=0 wrkr=6 slot=0 size=10 src=client:0 dst=worker:6
event=resp_rdma_read ts_ns=36746674 id=269 start_ns=35961783 dur_ns=784891 clt=0 wrkr=4 slot=0 size=256008 src=worker:4 dst=client:0
event=req_send ts_ns=36746674 id=275 clt=0 wrkr=5 slot=0 size=17 src=client:0 dst=worker:5
event=resp_recv_ud ts_ns=36787891 id=275 clt=0 wrkr=5 slot=0 size=41 src=worker:5 dst=client:0
event=hand_send ts_ns=36796538 id=275 clt=0 wrkr=5 slot=0 size=10 src=client:0 dst=worker:5
event=resp_rdma_read ts_ns=37376440 id=272 start_ns=36500963 dur_ns=875477 clt=0 wrkr=6 slot=0 size=256008 src=worker:6 dst=client:0
event=req_send ts_ns=37376440 id=279 clt=0 wrkr=6 slot=1 size=17 src=client:0 dst=worker:6
event=resp_recv_ud ts_ns=37425753 id=279 clt=0 wrkr=6 slot=1 size=41 src=worker:6 dst=client:0
event=hand_send ts_ns=37434400 id=279 clt=0 wrkr=6 slot=1 size=10 src=client:0 dst=worker:6
event=resp_rdma_read ts_ns=37574860 id=275 start_ns=36796538 dur_ns=778322 clt=0 wrkr=5 slot=0 size=256008 src=worker:5 dst=client:0
event=req_send ts_ns=37574860 id=281 clt=0 wrkr=11 slot=1 size=17 src=client:0 dst=worker:11
event=resp_recv_ud ts_ns=37617211 id=281 clt=0 wrkr=11 slot=1 size=41 src=worker:11 dst=client:0
event=hand_send ts_ns=37625858 id=281 clt=0 wrkr=11 slot=1 size=10 src=client:0 dst=worker:11
event=resp_rdma_read ts_ns=38072143 id=279 start_ns=37434400 dur_ns=637743 clt=0 wrkr=6 slot=1 size=256008 src=worker:6 dst=client:0
event=req_send ts_ns=38072143 id=284 clt=0 wrkr=5 slot=1 size=17 src=client:0 dst=worker:5
event=resp_recv_ud ts_ns=38112794 id=284 clt=0 wrkr=5 slot=1 size=41 src=worker:5 dst=client:0
event=hand_send ts_ns=38121441 id=284 clt=0 wrkr=5 slot=1 size=10 src=client:0 dst=worker:5
event=resp_rdma_read ts_ns=38400011 id=281 start_ns=37625858 dur_ns=774153 clt=0 wrkr=11 slot=1 size=256008 src=worker:11 dst=client:0
event=req_send ts_ns=38400011 id=287 clt=0 wrkr=2 slot=0 size=17 src=client:0 dst=worker:2
event=resp_recv_ud ts_ns=38440838 id=287 clt=0 wrkr=2 slot=0 size=41 src=worker:2 dst=client:0
event=hand_send ts_ns=38449485 id=287 clt=0 wrkr=2 slot=0 size=10 src=client:0 dst=worker:2
event=resp_rdma_read ts_ns=38894000 id=284 start_ns=38121441 dur_ns=772559 clt=0 wrkr=5 slot=1 size=256008 src=worker:5 dst=client:0
event=req_send ts_ns=38894000 id=291 clt=0 wrkr=11 slot=0 size=17 src=client:0 dst=worker:11
event=resp_recv_ud ts_ns=38947584 id=291 clt=0 wrkr=11 slot=0 size=41 src=worker:11 dst=client:0
event=hand_send ts_ns=38956231 id=291 clt=0 wrkr=11 slot=0 size=10 src=client:0 dst=worker:11
event=resp_rdma_read ts_ns=39221620 id=287 start_ns=38449485 dur_ns=772135 clt=0 wrkr=2 slot=0 size=256008 src=worker:2 dst=client:0
event=req_send ts_ns=39221620 id=293 clt=0 wrkr=6 slot=0 size=17 src=client:0 dst=worker:6
event=resp_recv_ud ts_ns=39262616 id=293 clt=0 wrkr=6 slot=0 size=41 src=worker:6 dst=client:0
event=hand_send ts_ns=39271263 id=293 clt=0 wrkr=6 slot=0 size=10 src=client:0 dst=worker:6
event=resp_rdma_read ts_ns=39671478 id=291 start_ns=38956231 dur_ns=715247 clt=0 wrkr=11 slot=0 size=256008 src=worker:11 dst=client:0
event=req_send ts_ns=39671478 id=297 clt=0 wrkr=10 slot=0 size=17 src=client:0 dst=worker:10
event=resp_recv_ud ts_ns=39732412 id=297 clt=0 wrkr=10 slot=0 size=41 src=worker:10 dst=client:0
event=hand_send ts_ns=39741059 id=297 clt=0 wrkr=10 slot=0 size=10 src=client:0 dst=worker:10
event=resp_rdma_read ts_ns=40047971 id=293 start_ns=39271263 dur_ns=776708 clt=0 wrkr=6 slot=0 size=256008 src=worker:6 dst=client:0
event=req_send ts_ns=40047971 id=299 clt=0 wrkr=11 slot=1 size=17 src=client:0 dst=worker:11
event=resp_recv_ud ts_ns=40088858 id=299 clt=0 wrkr=11 slot=1 size=41 src=worker:11 dst=client:0
event=hand_send ts_ns=40097505 id=299 clt=0 wrkr=11 slot=1 size=10 src=client:0 dst=worker:11
event=resp_rdma_read ts_ns=40421324 id=297 start_ns=39741059 dur_ns=680265 clt=0 wrkr=10 slot=0 size=256008 src=worker:10 dst=client:0
event=req_send ts_ns=40421324 id=302 clt=0 wrkr=3 slot=1 size=17 src=client:0 dst=worker:3
event=resp_recv_ud ts_ns=40486321 id=302 clt=0 wrkr=3 slot=1 size=41 src=worker:3 dst=client:0
event=hand_send ts_ns=40494968 id=302 clt=0 wrkr=3 slot=1 size=10 src=client:0 dst=worker:3
event=resp_rdma_read ts_ns=40876354 id=299 start_ns=40097505 dur_ns=778849 clt=0 wrkr=11 slot=1 size=256008 src=worker:11 dst=client:0
event=req_send ts_ns=40876354 id=305 clt=0 wrkr=8 slot=0 size=17 src=client:0 dst=worker:8
event=resp_recv_ud ts_ns=40917269 id=305 clt=0 wrkr=8 slot=0 size=41 src=worker:8 dst=client:0
event=hand_send ts_ns=40925916 id=305 clt=0 wrkr=8 slot=0 size=10 src=client:0 dst=worker:8
event=resp_rdma_read ts_ns=41246995 id=302 start_ns=40494968 dur_ns=752027 clt=0 wrkr=3 slot=1 size=256008 src=worker:3 dst=client:0
event=req_send ts_ns=41246995 id=308 clt=0 wrkr=2 slot=1 size=17 src=client:0 dst=worker:2
event=resp_recv_ud ts_ns=41292758 id=308 clt=0 wrkr=2 slot=1 size=41 src=worker:2 dst=client:0
event=hand_send ts_ns=41301405 id=308 clt=0 wrkr=2 slot=1 size=10 src=client:0 dst=worker:2
event=resp_rdma_read ts_ns=41708519 id=305 start_ns=40925916 dur_ns=782603 clt=0 wrkr=8 slot=0 size=256008 src=worker:8 dst=client:0
event=req_send ts_ns=41708519 id=311 clt=0 wrkr=3 slot=0 size=17 src=client:0 dst=worker:3
event=resp_recv_ud ts_ns=41749264 id=311 clt=0 wrkr=3 slot=0 size=41 src=worker:3 dst=client:0
event=hand_send ts_ns=41757911 id=311 clt=0 wrkr=3 slot=0 size=10 src=client:0 dst=worker:3
event=resp_rdma_read ts_ns=41888587 id=308 start_ns=41301405 dur_ns=587182 clt=0 wrkr=2 slot=1 size=256008 src=worker:2 dst=client:0
event=req_send ts_ns=41888587 id=313 clt=0 wrkr=11 slot=0 size=17 src=client:0 dst=worker:11
event=resp_recv_ud ts_ns=41932359 id=313 clt=0 wrkr=11 slot=0 size=41 src=worker:11 dst=client:0
event=hand_send ts_ns=41941006 id=313 clt=0 wrkr=11 slot=0 size=10 src=client:0 dst=worker:11
event=resp_rdma_read ts_ns=42601732 id=311 start_ns=41757911 dur_ns=843821 clt=0 wrkr=3 slot=0 size=256008 src=worker:3 dst=client:0
event=req_send ts_ns=42601732 id=318 clt=0 wrkr=5 slot=0 size=17 src=client:0 dst=worker:5
event=resp_recv_ud ts_ns=42642174 id=318 clt=0 wrkr=5 slot=0 size=41 src=worker:5 dst=client:0
event=hand_send ts_ns=42650821 id=318 clt=0 wrkr=5 slot=0 size=10 src=client:0 dst=worker:5
event=resp_rdma_read ts_ns=42653136 id=313 start_ns=41941006 dur_ns=712130 clt=0 wrkr=11 slot=0 size=256008 src=worker:11 dst=client:0
event=req_send ts_ns=42653136 id=319 clt=0 wrkr=2 slot=0 size=17 src=client:0 dst=worker:2
event=resp_recv_ud ts_ns=42704904 id=319 clt=0 wrkr=2 slot=0 size=41 src=worker:2 dst=client:0
event=hand_send ts_ns=42713551 id=319 clt=0 wrkr=2 slot=0 size=10 src=client:0 dst=worker:2
event=resp_rdma_read ts_ns=43293244 id=319 start_ns=42713551 dur_ns=579693 clt=0 wrkr=2 slot=0 size=256008 src=worker:2 dst=client:0
event=req_send ts_ns=43293244 id=323 clt=0 wrkr=10 slot=1 size=17 src=client:0 dst=worker:10
event=resp_recv_ud ts_ns=43335780 id=323 clt=0 wrkr=10 slot=1 size=41 src=worker:10 dst=client:0
event=hand_send ts_ns=43344427 id=323 clt=0 wrkr=10 slot=1 size=10 src=client:0 dst=worker:10
event=resp_rdma_read ts_ns=43472407 id=318 start_ns=42650821 dur_ns=821586 clt=0 wrkr=5 slot=0 size=256008 src=worker:5 dst=client:0
event=req_send ts_ns=43472407 id=325 clt=0 wrkr=11 slot=1 size=17 src=client:0 dst=worker:11
event=resp_recv_ud ts_ns=43513215 id=325 clt=0 wrkr=11 slot=1 size=41 src=worker:11 dst=client:0
event=hand_send ts_ns=43521862 id=325 clt=0 wrkr=11 slot=1 size=10 src=client:0 dst=worker:11
event=resp_rdma_read ts_ns=44058192 id=323 start_ns=43344427 dur_ns=713765 clt=0 wrkr=10 slot=1 size=256008 src=worker:10 dst=client:0
event=req_send ts_ns=44058192 id=329 clt=0 wrkr=9 slot=1 size=17 src=client:0 dst=worker:9
event=resp_recv_ud ts_ns=44098659 id=329 clt=0 wrkr=9 slot=1 size=41 src=worker:9 dst=client:0
event=hand_send ts_ns=44107306 id=329 clt=0 wrkr=9 slot=1 size=10 src=client:0 dst=worker:9
event=resp_rdma_read ts_ns=44293202 id=325 start_ns=43521862 dur_ns=771340 clt=0 wrkr=11 slot=1 size=256008 src=worker:11 dst=client:0
event=req_send ts_ns=44293202 id=332 clt=0 wrkr=2 slot=1 size=17 src=client:0 dst=worker:2
event=resp_recv_ud ts_ns=44341155 id=332 clt=0 wrkr=2 slot=1 size=41 src=worker:2 dst=client:0
event=hand_send ts_ns=44349802 id=332 clt=0 wrkr=2 slot=1 size=10 src=client:0 dst=worker:2
event=resp_rdma_read ts_ns=44906340 id=332 start_ns=44349802 dur_ns=556538 clt=0 wrkr=2 slot=1 size=256008 src=worker:2 dst=client:0
event=req_send ts_ns=44906340 id=336 clt=0 wrkr=6 slot=1 size=17 src=client:0 dst=worker:6
event=resp_recv_ud ts_ns=44971244 id=336 clt=0 wrkr=6 slot=1 size=41 src=worker:6 dst=client:0
event=hand_send ts_ns=44979891 id=336 clt=0 wrkr=6 slot=1 size=10 src=client:0 dst=worker:6
event=resp_rdma_read ts_ns=44998504 id=329 start_ns=44107306 dur_ns=891198 clt=0 wrkr=9 slot=1 size=256008 src=worker:9 dst=client:0
event=req_send ts_ns=44998504 id=337 clt=0 wrkr=3 slot=1 size=17 src=client:0 dst=worker:3
event=resp_recv_ud ts_ns=45046952 id=337 clt=0 wrkr=3 slot=1 size=41 src=worker:3 dst=client:0
event=hand_send ts_ns=45055599 id=337 clt=0 wrkr=3 slot=1 size=10 src=client:0 dst=worker:3
event=resp_rdma_read ts_ns=45613766 id=337 start_ns=45055599 dur_ns=558167 clt=0 wrkr=3 slot=1 size=256008 src=worker:3 dst=client:0
event=req_send ts_ns=45613766 id=341 clt=0 wrkr=7 slot=1 size=17 src=client:0 dst=worker:7
event=resp_recv_ud ts_ns=45661683 id=341 clt=0 wrkr=7 slot=1 size=41 src=worker:7 dst=client:0
event=hand_send ts_ns=45670330 id=341 clt=0 wrkr=7 slot=1 size=10 src=client:0 dst=worker:7
event=resp_rdma_read ts_ns=45726999 id=336 start_ns=44979891 dur_ns=747108 clt=0 wrkr=6 slot=1 size=256008 src=worker:6 dst=client:0
event=req_send ts_ns=45726999 id=342 clt=0 wrkr=1 slot=0 size=17 src=client:0 dst=worker:1
event=resp_recv_ud ts_ns=45771154 id=342 clt=0 wrkr=1 slot=0 size=41 src=worker:1 dst=client:0
event=hand_send ts_ns=45779801 id=342 clt=0 wrkr=1 slot=0 size=10 src=client:0 dst=worker:1
event=resp_rdma_read ts_ns=46219572 id=341 start_ns=45670330 dur_ns=549242 clt=0 wrkr=7 slot=1 size=256008 src=worker:7 dst=client:0
event=req_send ts_ns=46219572 id=345 clt=0 wrkr=10 slot=0 size=17 src=client:0 dst=worker:10
event=resp_recv_ud ts_ns=46259607 id=345 clt=0 wrkr=10 slot=0 size=41 src=worker:10 dst=client:0
event=hand_send ts_ns=46268254 id=345 clt=0 wrkr=10 slot=0 size=10 src=client:0 dst=worker:10
event=resp_rdma_read ts_ns=46710155 id=342 start_ns=45779801 dur_ns=930354 clt=0 wrkr=1 slot=0 size=256008 src=worker:1 dst=client:0
event=req_send ts_ns=46710155 id=349 clt=0 wrkr=4 slot=1 size=17 src=client:0 dst=worker:4
event=resp_recv_ud ts_ns=46750425 id=349 clt=0 wrkr=4 slot=1 size=41 src=worker:4 dst=client:0
event=hand_send ts_ns=46759072 id=349 clt=0 wrkr=4 slot=1 size=10 src=client:0 dst=worker:4
event=resp_rdma_read ts_ns=47160244 id=345 start_ns=46268254 dur_ns=891990 clt=0 wrkr=10 slot=0 size=256008 src=worker:10 dst=client:0
event=req_send ts_ns=47160244 id=353 clt=0 wrkr=1 slot=1 size=17 src=client:0 dst=worker:1
event=resp_recv_ud ts_ns=47210902 id=353 clt=0 wrkr=1 slot=1 size=41 src=worker:1 dst=client:0
event=hand_send ts_ns=47219549 id=353 clt=0 wrkr=1 slot=1 size=10 src=client:0 dst=worker:1
event=resp_rdma_read ts_ns=47676693 id=349 start_ns=46759072 dur_ns=917621 clt=0 wrkr=4 slot=1 size=256008 src=worker:4 dst=client:0
event=req_send ts_ns=47676693 id=356 clt=0 wrkr=3 slot=0 size=17 src=client:0 dst=worker:3
event=resp_recv_ud ts_ns=47717220 id=356 clt=0 wrkr=3 slot=0 size=41 src=worker:3 dst=client:0
event=hand_send ts_ns=47725867 id=356 clt=0 wrkr=3 slot=0 size=10 src=client:0 dst=worker:3
event=resp_rdma_read ts_ns=48100982 id=353 start_ns=47219549 dur_ns=881433 clt=0 wrkr=1 slot=1 size=256008 src=worker:1 dst=client:0
event=req_send ts_ns=48100982 id=360 clt=0 wrkr=8 slot=1 size=17 src=client:0 dst=worker:8
event=resp_recv_ud ts_ns=48163760 id=360 clt=0 wrkr=8 slot=1 size=41 src=worker:8 dst=client:0
event=hand_send ts_ns=48172407 id=360 clt=0 wrkr=8 slot=1 size=10 src=client:0 dst=worker:8
event=resp_rdma_read ts_ns=48512315 id=356 start_ns=47725867 dur_ns=786448 clt=0 wrkr=3 slot=0 size=256008 src=worker:3 dst=client:0
event=req_send ts_ns=48512315 id=362 clt=0 wrkr=5 slot=1 size=17 src=client:0 dst=worker:5
event=resp_recv_ud ts_ns=48552691 id=362 clt=0 wrkr=5 slot=1 size=41 src=worker:5 dst=client:0
event=hand_send ts_ns=48561338 id=362 clt=0 wrkr=5 slot=1 size=10 src=client:0 dst=worker:5
event=resp_rdma_read ts_ns=48929903 id=360 start_ns=48172407 dur_ns=757496 clt=0 wrkr=8 slot=1 size=256008 src=worker:8 dst=client:0
event=req_send ts_ns=48929903 id=366 clt=0 wrkr=7 slot=0 size=17 src=client:0 dst=worker:7
event=resp_recv_ud ts_ns=48977484 id=366 clt=0 wrkr=7 slot=0 size=41 src=worker:7 dst=client:0
event=hand_send ts_ns=48986131 id=366 clt=0 wrkr=7 slot=0 size=10 src=client:0 dst=worker:7
event=resp_rdma_read ts_ns=49344788 id=362 start_ns=48561338 dur_ns=783450 clt=0 wrkr=5 slot=1 size=256008 src=worker:5 dst=client:0
event=req_send ts_ns=49344788 id=368 clt=0 wrkr=11 slot=0 size=17 src=client:0 dst=worker:11
event=resp_recv_ud ts_ns=49385283 id=368 clt=0 wrkr=11 slot=0 size=41 src=worker:11 dst=client:0
event=hand_send ts_ns=49393930 id=368 clt=0 wrkr=11 slot=0 size=10 src=client:0 dst=worker:11
event=resp_rdma_read ts_ns=49548499 id=366 start_ns=48986131 dur_ns=562368 clt=0 wrkr=7 slot=0 size=256008 src=worker:7 dst=client:0
event=req_send ts_ns=49548499 id=371 clt=0 wrkr=5 slot=0 size=17 src=client:0 dst=worker:5
event=resp_recv_ud ts_ns=49610778 id=371 clt=0 wrkr=5 slot=0 size=41 src=worker:5 dst=client:0
event=hand_send ts_ns=49619425 id=371 clt=0 wrkr=5 slot=0 size=10 src=client:0 dst=worker:5
event=resp_rdma_read ts_ns=50174228 id=368 start_ns=49393930 dur_ns=780298 clt=0 wrkr=11 slot=0 size=256008 src=worker:11 dst=client:0
event=req_send ts_ns=50174228 id=374 clt=0 wrkr=5 slot=1 size=17 src=client:0 dst=worker:5
event=resp_recv_ud ts_ns=50214634 id=374 clt=0 wrkr=5 slot=1 size=41 src=worker:5 dst=client:0
event=hand_send ts_ns=50223281 id=374 clt=0 wrkr=5 slot=1 size=10 src=client:0 dst=worker:5
event=resp_rdma_read ts_ns=50328482 id=371 start_ns=49619425 dur_ns=709057 clt=0 wrkr=5 slot=0 size=256008 src=worker:5 dst=client:0
event=req_send ts_ns=50328482 id=375 clt=0 wrkr=0 slot=1 size=17 src=client:0 dst=worker:0
event=resp_recv_ud ts_ns=50368935 id=375 clt=0 wrkr=0 slot=1 size=41 src=worker:0 dst=client:0
event=hand_send ts_ns=50377582 id=375 clt=0 wrkr=0 slot=1 size=10 src=client:0 dst=worker:0
event=resp_rdma_read ts_ns=50997177 id=374 start_ns=50223281 dur_ns=773896 clt=0 wrkr=5 slot=1 size=256008 src=worker:5 dst=client:0
event=req_send ts_ns=50997177 id=380 clt=0 wrkr=1 slot=0 size=17 src=client:0 dst=worker:1
event=resp_recv_ud ts_ns=51037870 id=380 clt=0 wrkr=1 slot=0 size=41 src=worker:1 dst=client:0
event=hand_send ts_ns=51046517 id=380 clt=0 wrkr=1 slot=0 size=10 src=client:0 dst=worker:1
event=resp_rdma_read ts_ns=51149170 id=375 start_ns=50377582 dur_ns=771588 clt=0 wrkr=0 slot=1 size=256008 src=worker:0 dst=client:0
event=req_send ts_ns=51149170 id=381 clt=0 wrkr=8 slot=0 size=17 src=client:0 dst=worker:8
event=resp_recv_ud ts_ns=51189528 id=381 clt=0 wrkr=8 slot=0 size=41 src=worker:8 dst=client:0
event=hand_send ts_ns=51198175 id=381 clt=0 wrkr=8 slot=0 size=10 src=client:0 dst=worker:8
event=resp_rdma_read ts_ns=51828947 id=380 start_ns=51046517 dur_ns=782430 clt=0 wrkr=1 slot=0 size=256008 src=worker:1 dst=client:0
event=req_send ts_ns=51828947 id=386 clt=0 wrkr=9 slot=0 size=17 src=client:0 dst=worker:9
event=resp_recv_ud ts_ns=51868926 id=386 clt=0 wrkr=9 slot=0 size=41 src=worker:9 dst=client:0
event=hand_send ts_ns=51877573 id=386 clt=0 wrkr=9 slot=0 size=10 src=client:0 dst=worker:9
event=resp_rdma_read ts_ns=51950617 id=381 start_ns=51198175 dur_ns=752442 clt=0 wrkr=8 slot=0 size=256008 src=worker:8 dst=client:0
event=req_send ts_ns=51950617 id=388 clt=0 wrkr=11 slot=1 size=17 src=client:0 dst=worker:11
event=resp_recv_ud ts_ns=52015705 id=388 clt=0 wrkr=11 slot=1 size=41 src=worker:11 dst=client:0
event=hand_send ts_ns=52024352 id=388 clt=0 wrkr=11 slot=1 size=10 src=client:0 dst=worker:11
event=resp_rdma_read ts_ns=52639642 id=386 start_ns=51877573 dur_ns=762069 clt=0 wrkr=9 slot=0 size=256008 src=worker:9 dst=client:0
event=req_send ts_ns=52639642 id=392 clt=0 wrkr=0 slot=0 size=17 src=client:0 dst=worker:0
event=resp_recv_ud ts_ns=52679896 id=392 clt=0 wrkr=0 slot=0 size=41 src=worker:0 dst=client:0
event=hand_send ts_ns=52688543 id=392 clt=0 wrkr=0 slot=0 size=10 src=client:0 dst=worker:0
event=resp_rdma_read ts_ns=52755873 id=388 start_ns=52024352 dur_ns=731521 clt=0 wrkr=11 slot=1 size=256008 src=worker:11 dst=client:0
event=req_send ts_ns=52755873 id=393 clt=0 wrkr=0 slot=1 size=17 src=client:0 dst=worker:0
event=resp_recv_ud ts_ns=52797351 id=393 clt=0 wrkr=0 slot=1 size=41 src=worker:0 dst=client:0
event=hand_send ts_ns=52805998 id=393 clt=0 wrkr=0 slot=1 size=10 src=client:0 dst=worker:0
event=resp_rdma_read ts_ns=53459564 id=392 start_ns=52688543 dur_ns=771021 clt=0 wrkr=0 slot=0 size=256008 src=worker:0 dst=client:0
event=req_send ts_ns=53459564 id=398 clt=0 wrkr=2 slot=0 size=17 src=client:0 dst=worker:2
event=resp_recv_ud ts_ns=53500060 id=398 clt=0 wrkr=2 slot=0 size=41 src=worker:2 dst=client:0
event=hand_send ts_ns=53508707 id=398 clt=0 wrkr=2 slot=0 size=10 src=client:0 dst=worker:2
event=resp_rdma_read ts_ns=53572883 id=393 start_ns=52805998 dur_ns=766885 clt=0 wrkr=0 slot=1 size=256008 src=worker:0 dst=client:0
event=req_send ts_ns=53572883 id=399 clt=0 wrkr=5 slot=0 size=17 src=client:0 dst=worker:5
event=resp_recv_ud ts_ns=53614523 id=399 clt=0 wrkr=5 slot=0 size=41 src=worker:5 dst=client:0
event=hand_send ts_ns=53623170 id=399 clt=0 wrkr=5 slot=0 size=10 src=client:0 dst=worker:5
event=resp_rdma_read ts_ns=54281830 id=398 start_ns=53508707 dur_ns=773123 clt=0 wrkr=2 slot=0 size=256008 src=worker:2 dst=client:0
event=req_send ts_ns=54281830 id=404 clt=0 wrkr=8 slot=1 size=17 src=client:0 dst=worker:8
event=resp_recv_ud ts_ns=54322236 id=404 clt=0 wrkr=8 slot=1 size=41 src=worker:8 dst=client:0
event=hand_send ts_ns=54330883 id=404 clt=0 wrkr=8 slot=1 size=10 src=client:0 dst=worker:8
event=resp_rdma_read ts_ns=54388549 id=399 start_ns=53623170 dur_ns=765379 clt=0 wrkr=5 slot=0 size=256008 src=worker:5 dst=client:0
event=req_send ts_ns=54388549 id=405 clt=0 wrkr=2 slot=1 size=17 src=client:0 dst=worker:2
event=resp_recv_ud ts_ns=54430770 id=405 clt=0 wrkr=2 slot=1 size=41 src=worker:2 dst=client:0
event=hand_send ts_ns=54439417 id=405 clt=0 wrkr=2 slot=1 size=10 src=client:0 dst=worker:2
event=resp_rdma_read ts_ns=55104287 id=404 start_ns=54330883 dur_ns=773404 clt=0 wrkr=8 slot=1 size=256008 src=worker:8 dst=client:0
event=req_send ts_ns=55104287 id=410 clt=0 wrkr=6 slot=0 size=17 src=client:0 dst=worker:6
event=resp_recv_ud ts_ns=55144605 id=410 clt=0 wrkr=6 slot=0 size=41 src=worker:6 dst=client:0
event=hand_send ts_ns=55153252 id=410 clt=0 wrkr=6 slot=0 size=10 src=client:0 dst=worker:6
event=resp_rdma_read ts_ns=55204231 id=405 start_ns=54439417 dur_ns=764814 clt=0 wrkr=2 slot=1 size=256008 src=worker:2 dst=client:0
event=req_send ts_ns=55204231 id=411 clt=0 wrkr=1 slot=1 size=17 src=client:0 dst=worker:1
event=resp_recv_ud ts_ns=55246890 id=411 clt=0 wrkr=1 slot=1 size=41 src=worker:1 dst=client:0
event=hand_send ts_ns=55255537 id=411 clt=0 wrkr=1 slot=1 size=10 src=client:0 dst=worker:1
event=resp_rdma_read ts_ns=55927761 id=410 start_ns=55153252 dur_ns=774509 clt=0 wrkr=6 slot=0 size=256008 src=worker:6 dst=client:0
event=req_send ts_ns=55927761 id=416 clt=0 wrkr=6 slot=1 size=17 src=client:0 dst=worker:6
event=resp_recv_ud ts_ns=55967876 id=416 clt=0 wrkr=6 slot=1 size=41 src=worker:6 dst=client:0
event=hand_send ts_ns=55976523 id=416 clt=0 wrkr=6 slot=1 size=10 src=client:0 dst=worker:6
event=resp_rdma_read ts_ns=56139791 id=411 start_ns=55255537 dur_ns=884254 clt=0 wrkr=1 slot=1 size=256008 src=worker:1 dst=client:0
event=req_send ts_ns=56139791 id=418 clt=0 wrkr=0 slot=0 size=17 src=client:0 dst=worker:0
event=resp_recv_ud ts_ns=56182286 id=418 clt=0 wrkr=0 slot=0 size=41 src=worker:0 dst=client:0
event=hand_send ts_ns=56190933 id=418 clt=0 wrkr=0 slot=0 size=10 src=client:0 dst=worker:0
event=resp_rdma_read ts_ns=56754192 id=416 start_ns=55976523 dur_ns=777669 clt=0 wrkr=6 slot=1 size=256008 src=worker:6 dst=client:0
event=req_send ts_ns=56754192 id=422 clt=0 wrkr=2 slot=0 size=17 src=client:0 dst=worker:2
event=resp_recv_ud ts_ns=56794543 id=422 clt=0 wrkr=2 slot=0 size=41 src=worker:2 dst=client:0
event=hand_send ts_ns=56803190 id=422 clt=0 wrkr=2 slot=0 size=10 src=client:0 dst=worker:2
event=resp_rdma_read ts_ns=56987349 id=418 start_ns=56190933 dur_ns=796416 clt=0 wrkr=0 slot=0 size=256008 src=worker:0 dst=client:0
event=req_send ts_ns=56987349 id=425 clt=0 wrkr=7 slot=1 size=17 src=client:0 dst=worker:7
event=resp_recv_ud ts_ns=57047206 id=425 clt=0 wrkr=7 slot=1 size=41 src=worker:7 dst=client:0
event=hand_send ts_ns=57055853 id=425 clt=0 wrkr=7 slot=1 size=10 src=client:0 dst=worker:7
event=resp_rdma_read ts_ns=57588382 id=422 start_ns=56803190 dur_ns=785192 clt=0 wrkr=2 slot=0 size=256008 src=worker:2 dst=client:0
event=req_send ts_ns=57588382 id=429 clt=0 wrkr=11 slot=0 size=17 src=client:0 dst=worker:11
event=resp_recv_ud ts_ns=57654639 id=429 clt=0 wrkr=11 slot=0 size=41 src=worker:11 dst=client:0
event=hand_send ts_ns=57663286 id=429 clt=0 wrkr=11 slot=0 size=10 src=client:0 dst=worker:11
event=resp_rdma_read ts_ns=57932431 id=425 start_ns=57055853 dur_ns=876578 clt=0 wrkr=7 slot=1 size=256008 src=worker:7 dst=client:0
event=req_send ts_ns=57932431 id=432 clt=0 wrkr=0 slot=1 size=17 src=client:0 dst=worker:0
event=resp_recv_ud ts_ns=57983681 id=432 clt=0 wrkr=0 slot=1 size=41 src=worker:0 dst=client:0
event=hand_send ts_ns=57992328 id=432 clt=0 wrkr=0 slot=1 size=10 src=client:0 dst=worker:0
event=resp_rdma_read ts_ns=58586223 id=429 start_ns=57663286 dur_ns=922937 clt=0 wrkr=11 slot=0 size=256008 src=worker:11 dst=client:0
event=req_send ts_ns=58586223 id=436 clt=0 wrkr=2 slot=1 size=17 src=client:0 dst=worker:2
event=resp_rdma_read ts_ns=58614609 id=432 start_ns=57992328 dur_ns=622281 clt=0 wrkr=0 slot=1 size=256008 src=worker:0 dst=client:0
event=req_send ts_ns=58614609 id=437 clt=0 wrkr=7 slot=0 size=17 src=client:0 dst=worker:7
event=resp_recv_ud ts_ns=58629329 id=436 clt=0 wrkr=2 slot=1 size=41 src=worker:2 dst=client:0
event=hand_send ts_ns=58637976 id=436 clt=0 wrkr=2 slot=1 size=10 src=client:0 dst=worker:2
event=resp_recv_ud ts_ns=58679701 id=437 clt=0 wrkr=7 slot=0 size=41 src=worker:7 dst=client:0
event=hand_send ts_ns=58688348 id=437 clt=0 wrkr=7 slot=0 size=10 src=client:0 dst=worker:7
event=resp_rdma_read ts_ns=59418659 id=437 start_ns=58688348 dur_ns=730311 clt=0 wrkr=7 slot=0 size=256008 src=worker:7 dst=client:0
event=req_send ts_ns=59418659 id=442 clt=0 wrkr=0 slot=0 size=17 src=client:0 dst=worker:0
event=resp_recv_ud ts_ns=59459224 id=442 clt=0 wrkr=0 slot=0 size=41 src=worker:0 dst=client:0
event=hand_send ts_ns=59467871 id=442 clt=0 wrkr=0 slot=0 size=10 src=client:0 dst=worker:0
event=resp_rdma_read ts_ns=59558209 id=436 start_ns=58637976 dur_ns=920233 clt=0 wrkr=2 slot=1 size=256008 src=worker:2 dst=client:0
event=req_send ts_ns=59558209 id=443 clt=0 wrkr=9 slot=1 size=17 src=client:0 dst=worker:9
event=resp_recv_ud ts_ns=59599316 id=443 clt=0 wrkr=9 slot=1 size=41 src=worker:9 dst=client:0
event=hand_send ts_ns=59607963 id=443 clt=0 wrkr=9 slot=1 size=10 src=client:0 dst=worker:9
event=resp_rdma_read ts_ns=60260803 id=442 start_ns=59467871 dur_ns=792932 clt=0 wrkr=0 slot=0 size=256008 src=worker:0 dst=client:0
event=req_send ts_ns=60260803 id=448 clt=0 wrkr=1 slot=0 size=17 src=client:0 dst=worker:1
event=resp_recv_ud ts_ns=60301338 id=448 clt=0 wrkr=1 slot=0 size=41 src=worker:1 dst=client:0
event=hand_send ts_ns=60309985 id=448 clt=0 wrkr=1 slot=0 size=10 src=client:0 dst=worker:1
event=resp_rdma_read ts_ns=60397297 id=443 start_ns=59607963 dur_ns=789334 clt=0 wrkr=9 slot=1 size=256008 src=worker:9 dst=client:0
event=req_send ts_ns=60397297 id=450 clt=0 wrkr=0 slot=1 size=17 src=client:0 dst=worker:0
event=resp_recv_ud ts_ns=60449191 id=450 clt=0 wrkr=0 slot=1 size=41 src=worker:0 dst=client:0
event=hand_send ts_ns=60457838 id=450 clt=0 wrkr=0 slot=1 size=10 src=client:0 dst=worker:0
event=resp_rdma_read ts_ns=61082739 id=448 start_ns=60309985 dur_ns=772754 clt=0 wrkr=1 slot=0 size=256008 src=worker:1 dst=client:0
event=req_send ts_ns=61082739 id=454 clt=0 wrkr=0 slot=0 size=17 src=client:0 dst=worker:0
event=resp_rdma_read ts_ns=61088741 id=450 start_ns=60457838 dur_ns=630903 clt=0 wrkr=0 slot=1 size=256008 src=worker:0 dst=client:0
event=req_send ts_ns=61088741 id=455 clt=0 wrkr=7 slot=1 size=17 src=client:0 dst=worker:7
event=resp_recv_ud ts_ns=61125273 id=454 clt=0 wrkr=0 slot=0 size=41 src=worker:0 dst=client:0
event=hand_send ts_ns=61133920 id=454 clt=0 wrkr=0 slot=0 size=10 src=client:0 dst=worker:0
event=resp_recv_ud ts_ns=61140911 id=455 clt=0 wrkr=7 slot=1 size=41 src=worker:7 dst=client:0
event=hand_send ts_ns=61149558 id=455 clt=0 wrkr=7 slot=1 size=10 src=client:0 dst=worker:7
event=resp_rdma_read ts_ns=61842490 id=454 start_ns=61133920 dur_ns=708570 clt=0 wrkr=0 slot=0 size=256008 src=worker:0 dst=client:0
event=req_send ts_ns=61842490 id=460 clt=0 wrkr=8 slot=0 size=17 src=client:0 dst=worker:8
event=resp_rdma_read ts_ns=61863287 id=455 start_ns=61149558 dur_ns=713729 clt=0 wrkr=7 slot=1 size=256008 src=worker:7 dst=client:0
event=req_send ts_ns=61863287 id=461 clt=0 wrkr=1 slot=1 size=17 src=client:0 dst=worker:1
event=resp_recv_ud ts_ns=61882758 id=460 clt=0 wrkr=8 slot=0 size=41 src=worker:8 dst=client:0
event=hand_send ts_ns=61891405 id=460 clt=0 wrkr=8 slot=0 size=10 src=client:0 dst=worker:8
event=resp_recv_ud ts_ns=61929467 id=461 clt=0 wrkr=1 slot=1 size=41 src=worker:1 dst=client:0
event=hand_send ts_ns=61938114 id=461 clt=0 wrkr=1 slot=1 size=10 src=client:0 dst=worker:1
event=resp_rdma_read ts_ns=62725338 id=461 start_ns=61938114 dur_ns=787224 clt=0 wrkr=1 slot=1 size=256008 src=worker:1 dst=client:0
event=req_send ts_ns=62725338 id=467 clt=0 wrkr=8 slot=1 size=17 src=client:0 dst=worker:8
event=resp_rdma_read ts_ns=62776055 id=460 start_ns=61891405 dur_ns=884650 clt=0 wrkr=8 slot=0 size=256008 src=worker:8 dst=client:0
event=req_send ts_ns=62776055 id=468 clt=0 wrkr=3 slot=1 size=17 src=client:0 dst=worker:3
event=resp_recv_ud ts_ns=62778180 id=467 clt=0 wrkr=8 slot=1 size=41 src=worker:8 dst=client:0
event=hand_send ts_ns=62786827 id=467 clt=0 wrkr=8 slot=1 size=10 src=client:0 dst=worker:8
event=resp_recv_ud ts_ns=62830199 id=468 clt=0 wrkr=3 slot=1 size=41 src=worker:3 dst=client:0
event=hand_send ts_ns=62838846 id=468 clt=0 wrkr=3 slot=1 size=10 src=client:0 dst=worker:3
event=resp_rdma_read ts_ns=63466080 id=468 start_ns=62838846 dur_ns=627234 clt=0 wrkr=3 slot=1 size=256008 src=worker:3 dst=client:0
event=req_send ts_ns=63466080 id=472 clt=0 wrkr=2 slot=0 size=17 src=client:0 dst=worker:2
event=resp_recv_ud ts_ns=63506525 id=472 clt=0 wrkr=2 slot=0 size=41 src=worker:2 dst=client:0
event=hand_send ts_ns=63515172 id=472 clt=0 wrkr=2 slot=0 size=10 src=client:0 dst=worker:2
event=resp_rdma_read ts_ns=63693198 id=467 start_ns=62786827 dur_ns=906371 clt=0 wrkr=8 slot=1 size=256008 src=worker:8 dst=client:0
event=req_send ts_ns=63693198 id=474 clt=0 wrkr=5 slot=1 size=17 src=client:0 dst=worker:5
event=resp_recv_ud ts_ns=63733308 id=474 clt=0 wrkr=5 slot=1 size=41 src=worker:5 dst=client:0
event=hand_send ts_ns=63741955 id=474 clt=0 wrkr=5 slot=1 size=10 src=client:0 dst=worker:5
event=resp_rdma_read ts_ns=64347559 id=472 start_ns=63515172 dur_ns=832387 clt=0 wrkr=2 slot=0 size=256008 src=worker:2 dst=client:0
event=req_send ts_ns=64347559 id=479 clt=0 wrkr=11 slot=1 size=17 src=client:0 dst=worker:11
event=resp_recv_ud ts_ns=64387828 id=479 clt=0 wrkr=11 slot=1 size=41 src=worker:11 dst=client:0
event=hand_send ts_ns=64396475 id=479 clt=0 wrkr=11 slot=1 size=10 src=client:0 dst=worker:11
event=resp_rdma_read ts_ns=64502090 id=474 start_ns=63741955 dur_ns=760135 clt=0 wrkr=5 slot=1 size=256008 src=worker:5 dst=client:0
event=req_send ts_ns=64502090 id=481 clt=0 wrkr=4 slot=0 size=17 src=client:0 dst=worker:4
event=resp_recv_ud ts_ns=64551316 id=481 clt=0 wrkr=4 slot=0 size=41 src=worker:4 dst=client:0
event=hand_send ts_ns=64559963 id=481 clt=0 wrkr=4 slot=0 size=10 src=client:0 dst=worker:4
event=resp_rdma_read ts_ns=65117164 id=481 start_ns=64559963 dur_ns=557201 clt=0 wrkr=4 slot=0 size=256008 src=worker:4 dst=client:0
event=req_send ts_ns=65117164 id=486 clt=0 wrkr=11 slot=0 size=17 src=client:0 dst=worker:11
event=resp_recv_ud ts_ns=65165304 id=486 clt=0 wrkr=11 slot=0 size=41 src=worker:11 dst=client:0
event=hand_send ts_ns=65173951 id=486 clt=0 wrkr=11 slot=0 size=10 src=client:0 dst=worker:11
event=resp_rdma_read ts_ns=65280393 id=479 start_ns=64396475 dur_ns=883918 clt=0 wrkr=11 slot=1 size=256008 src=worker:11 dst=client:0
event=req_send ts_ns=65280393 id=487 clt=0 wrkr=0 slot=1 size=17 src=client:0 dst=worker:0
event=resp_recv_ud ts_ns=65321313 id=487 clt=0 wrkr=0 slot=1 size=41 src=worker:0 dst=client:0
event=hand_send ts_ns=65329960 id=487 clt=0 wrkr=0 slot=1 size=10 src=client:0 dst=worker:0
event=resp_rdma_read ts_ns=65740872 id=486 start_ns=65173951 dur_ns=566921 clt=0 wrkr=11 slot=0 size=256008 src=worker:11 dst=client:0
event=req_send ts_ns=65740872 id=490 clt=0 wrkr=5 slot=0 size=17 src=client:0 dst=worker:5
event=resp_recv_ud ts_ns=65784328 id=490 clt=0 wrkr=5 slot=0 size=41 src=worker:5 dst=client:0
event=hand_send ts_ns=65792975 id=490 clt=0 wrkr=5 slot=0 size=10 src=client:0 dst=worker:5
event=resp_rdma_read ts_ns=66109852 id=487 start_ns=65329960 dur_ns=779892 clt=0 wrkr=0 slot=1 size=256008 src=worker:0 dst=client:0
event=req_send ts_ns=66109852 id=493 clt=0 wrkr=11 slot=1 size=17 src=client:0 dst=worker:11
event=resp_recv_ud ts_ns=66150576 id=493 clt=0 wrkr=11 slot=1 size=41 src=worker:11 dst=client:0
event=hand_send ts_ns=66159223 id=493 clt=0 wrkr=11 slot=1 size=10 src=client:0 dst=worker:11
event=resp_rdma_read ts_ns=66494948 id=490 start_ns=65792975 dur_ns=701973 clt=0 wrkr=5 slot=0 size=256008 src=worker:5 dst=client:0
event=req_send ts_ns=66494948 id=496 clt=0 wrkr=10 slot=1 size=17 src=client:0 dst=worker:10
event=resp_recv_ud ts_ns=66561605 id=496 clt=0 wrkr=10 slot=1 size=41 src=worker:10 dst=client:0
event=hand_send ts_ns=66570252 id=496 clt=0 wrkr=10 slot=1 size=10 src=client:0 dst=worker:10
event=resp_rdma_read ts_ns=66932047 id=493 start_ns=66159223 dur_ns=772824 clt=0 wrkr=11 slot=1 size=256008 src=worker:11 dst=client:0
event=req_send ts_ns=66932047 id=499 clt=0 wrkr=3 slot=0 size=17 src=client:0 dst=worker:3
event=resp_recv_ud ts_ns=66972415 id=499 clt=0 wrkr=3 slot=0 size=41 src=worker:3 dst=client:0
event=hand_send ts_ns=66981062 id=499 clt=0 wrkr=3 slot=0 size=10 src=client:0 dst=worker:3
event=resp_rdma_read ts_ns=67352576 id=496 start_ns=66570252 dur_ns=782324 clt=0 wrkr=10 slot=1 size=256008 src=worker:10 dst=client:0
event=req_send ts_ns=67352576 id=502 clt=0 wrkr=6 slot=0 size=17 src=client:0 dst=worker:6
event=resp_recv_ud ts_ns=67396571 id=502 clt=0 wrkr=6 slot=0 size=41 src=worker:6 dst=client:0
event=hand_send ts_ns=67405218 id=502 clt=0 wrkr=6 slot=0 size=10 src=client:0 dst=worker:6
event=resp_rdma_read ts_ns=67763667 id=499 start_ns=66981062 dur_ns=782605 clt=0 wrkr=3 slot=0 size=256008 src=worker:3 dst=client:0
event=req_send ts_ns=67763667 id=505 clt=0 wrkr=0 slot=0 size=17 src=client:0 dst=worker:0
event=resp_recv_ud ts_ns=67804006 id=505 clt=0 wrkr=0 slot=0 size=41 src=worker:0 dst=client:0
event=hand_send ts_ns=67812653 id=505 clt=0 wrkr=0 slot=0 size=10 src=client:0 dst=worker:0
event=resp_rdma_read ts_ns=68164211 id=502 start_ns=67405218 dur_ns=758993 clt=0 wrkr=6 slot=0 size=256008 src=worker:6 dst=client:0
event=req_send ts_ns=68164211 id=509 clt=0 wrkr=9 slot=0 size=17 src=client:0 dst=worker:9
event=resp_recv_ud ts_ns=68217430 id=509 clt=0 wrkr=9 slot=0 size=41 src=worker:9 dst=client:0
event=hand_send ts_ns=68226077 id=509 clt=0 wrkr=9 slot=0 size=10 src=client:0 dst=worker:9
event=resp_rdma_read ts_ns=68593981 id=505 start_ns=67812653 dur_ns=781328 clt=0 wrkr=0 slot=0 size=256008 src=worker:0 dst=client:0
event=req_send ts_ns=68593981 id=511 clt=0 wrkr=0 slot=1 size=17 src=client:0 dst=worker:0
event=resp_recv_ud ts_ns=68634286 id=511 clt=0 wrkr=0 slot=1 size=41 src=worker:0 dst=client:0
event=hand_send ts_ns=68642933 id=511 clt=0 wrkr=0 slot=1 size=10 src=client:0 dst=worker:0
event=resp_rdma_read ts_ns=68831111 id=509 start_ns=68226077 dur_ns=605034 clt=0 wrkr=9 slot=0 size=256008 src=worker:9 dst=client:0
event=req_send ts_ns=68831111 id=514 clt=0 wrkr=4 slot=1 size=17 src=client:0 dst=worker:4
event=resp_recv_ud ts_ns=68878122 id=514 clt=0 wrkr=4 slot=1 size=41 src=worker:4 dst=client:0
event=hand_send ts_ns=68886769 id=514 clt=0 wrkr=4 slot=1 size=10 src=client:0 dst=worker:4
event=resp_rdma_read ts_ns=69418862 id=511 start_ns=68642933 dur_ns=775929 clt=0 wrkr=0 slot=1 size=256008 src=worker:0 dst=client:0
event=req_send ts_ns=69418862 id=517 clt=0 wrkr=8 slot=0 size=17 src=client:0 dst=worker:8
event=resp_recv_ud ts_ns=69459152 id=517 clt=0 wrkr=8 slot=0 size=41 src=worker:8 dst=client:0
event=resp_rdma_read ts_ns=69459543 id=514 start_ns=68886769 dur_ns=572774 clt=0 wrkr=4 slot=1 size=256008 src=worker:4 dst=client:0
event=req_send ts_ns=69459543 id=518 clt=0 wrkr=4 slot=0 size=17 src=client:0 dst=worker:4
event=hand_send ts_ns=69467799 id=517 clt=0 wrkr=8 slot=0 size=10 src=client:0 dst=worker:8
event=resp_recv_ud ts_ns=69508563 id=518 clt=0 wrkr=4 slot=0 size=41 src=worker:4 dst=client:0
event=hand_send ts_ns=69517210 id=518 clt=0 wrkr=4 slot=0 size=10 src=client:0 dst=worker:4
event=resp_rdma_read ts_ns=70328026 id=517 start_ns=69467799 dur_ns=860227 clt=0 wrkr=8 slot=0 size=256008 src=worker:8 dst=client:0
event=req_send ts_ns=70328026 id=524 clt=0 wrkr=7 slot=0 size=17 src=client:0 dst=worker:7
event=resp_recv_ud ts_ns=70375161 id=524 clt=0 wrkr=7 slot=0 size=41 src=worker:7 dst=client:0
event=hand_send ts_ns=70383808 id=524 clt=0 wrkr=7 slot=0 size=10 src=client:0 dst=worker:7
event=resp_rdma_read ts_ns=70412917 id=518 start_ns=69517210 dur_ns=895707 clt=0 wrkr=4 slot=0 size=256008 src=worker:4 dst=client:0
event=req_send ts_ns=70412917 id=525 clt=0 wrkr=5 slot=1 size=17 src=client:0 dst=worker:5
event=resp_recv_ud ts_ns=70461389 id=525 clt=0 wrkr=5 slot=1 size=41 src=worker:5 dst=client:0
event=hand_send ts_ns=70470036 id=525 clt=0 wrkr=5 slot=1 size=10 src=client:0 dst=worker:5
event=resp_rdma_read ts_ns=70958779 id=524 start_ns=70383808 dur_ns=574971 clt=0 wrkr=7 slot=0 size=256008 src=worker:7 dst=client:0
event=req_send ts_ns=70958779 id=529 clt=0 wrkr=7 slot=1 size=17 src=client:0 dst=worker:7
event=resp_recv_ud ts_ns=71002166 id=529 clt=0 wrkr=7 slot=1 size=41 src=worker:7 dst=client:0
event=hand_send ts_ns=71010813 id=529 clt=0 wrkr=7 slot=1 size=10 src=client:0 dst=worker:7
event=resp_rdma_read ts_ns=71027242 id=525 start_ns=70470036 dur_ns=557206 clt=0 wrkr=5 slot=1 size=256008 src=worker:5 dst=client:0
event=req_send ts_ns=71027242 id=530 clt=0 wrkr=6 slot=1 size=17 src=client:0 dst=worker:6
event=resp_recv_ud ts_ns=71075166 id=530 clt=0 wrkr=6 slot=1 size=41 src=worker:6 dst=client:0
event=hand_send ts_ns=71083813 id=530 clt=0 wrkr=6 slot=1 size=10 src=client:0 dst=worker:6
event=resp_rdma_read ts_ns=71637249 id=530 start_ns=71083813 dur_ns=553436 clt=0 wrkr=6 slot=1 size=256008 src=worker:6 dst=client:0
event=req_send ts_ns=71637249 id=534 clt=0 wrkr=11 slot=0 size=17 src=client:0 dst=worker:11
event=resp_recv_ud ts_ns=71677825 id=534 clt=0 wrkr=11 slot=0 size=41 src=worker:11 dst=client:0
event=hand_send ts_ns=71686472 id=534 clt=0 wrkr=11 slot=0 size=10 src=client:0 dst=worker:11
event=resp_rdma_read ts_ns=71730656 id=529 start_ns=71010813 dur_ns=719843 clt=0 wrkr=7 slot=1 size=256008 src=worker:7 dst=client:0
event=req_send ts_ns=71730656 id=536 clt=0 wrkr=10 slot=0 size=17 src=client:0 dst=worker:10
event=resp_recv_ud ts_ns=71774031 id=536 clt=0 wrkr=10 slot=0 size=41 src=worker:10 dst=client:0
event=hand_send ts_ns=71782678 id=536 clt=0 wrkr=10 slot=0 size=10 src=client:0 dst=worker:10
event=resp_rdma_read ts_ns=72373997 id=536 start_ns=71782678 dur_ns=591319 clt=0 wrkr=10 slot=0 size=256008 src=worker:10 dst=client:0
event=req_send ts_ns=72373997 id=540 clt=0 wrkr=5 slot=0 size=17 src=client:0 dst=worker:5
event=resp_recv_ud ts_ns=72423193 id=540 clt=0 wrkr=5 slot=0 size=41 src=worker:5 dst=client:0
event=hand_send ts_ns=72431840 id=540 clt=0 wrkr=5 slot=0 size=10 src=client:0 dst=worker:5
event=resp_rdma_read ts_ns=72553035 id=534 start_ns=71686472 dur_ns=866563 clt=0 wrkr=11 slot=0 size=256008 src=worker:11 dst=client:0
event=req_send ts_ns=72553035 id=542 clt=0 wrkr=1 slot=0 size=17 src=client:0 dst=worker:1
event=resp_recv_ud ts_ns=72607030 id=542 clt=0 wrkr=1 slot=0 size=41 src=worker:1 dst=client:0
event=hand_send ts_ns=72615677 id=542 clt=0 wrkr=1 slot=0 size=10 src=client:0 dst=worker:1
event=resp_rdma_read ts_ns=72987207 id=540 start_ns=72431840 dur_ns=555367 clt=0 wrkr=5 slot=0 size=256008 src=worker:5 dst=client:0
event=req_send ts_ns=72987207 id=545 clt=0 wrkr=4 slot=1 size=17 src=client:0 dst=worker:4
event=resp_recv_ud ts_ns=73042051 id=545 clt=0 wrkr=4 slot=1 size=41 src=worker:4 dst=client:0
event=hand_send ts_ns=73050698 id=545 clt=0 wrkr=4 slot=1 size=10 src=client:0 dst=worker:4
event=resp_rdma_read ts_ns=73227773 id=542 start_ns=72615677 dur_ns=612096 clt=0 wrkr=1 slot=0 size=256008 src=worker:1 dst=client:0
event=req_send ts_ns=73227773 id=546 clt=0 wrkr=8 slot=1 size=17 src=client:0 dst=worker:8
event=resp_recv_ud ts_ns=73270727 id=546 clt=0 wrkr=8 slot=1 size=41 src=worker:8 dst=client:0
event=hand_send ts_ns=73279374 id=546 clt=0 wrkr=8 slot=1 size=10 src=client:0 dst=worker:8
event=resp_rdma_read ts_ns=73762285 id=545 start_ns=73050698 dur_ns=711587 clt=0 wrkr=4 slot=1 size=256008 src=worker:4 dst=client:0
event=req_send ts_ns=73762285 id=550 clt=0 wrkr=11 slot=1 size=17 src=client:0 dst=worker:11
event=resp_recv_ud ts_ns=73802425 id=550 clt=0 wrkr=11 slot=1 size=41 src=worker:11 dst=client:0
event=hand_send ts_ns=73811072 id=550 clt=0 wrkr=11 slot=1 size=10 src=client:0 dst=worker:11
event=resp_rdma_read ts_ns=74027705 id=546 start_ns=73279374 dur_ns=748331 clt=0 wrkr=8 slot=1 size=256008 src=worker:8 dst=client:0
event=req_send ts_ns=74027705 id=554 clt=0 wrkr=0 slot=0 size=17 src=client:0 dst=worker:0
event=resp_recv_ud ts_ns=74088937 id=554 clt=0 wrkr=0 slot=0 size=41 src=worker:0 dst=client:0
event=hand_send ts_ns=74097584 id=554 clt=0 wrkr=0 slot=0 size=10 src=client:0 dst=worker:0
event=resp_rdma_read ts_ns=74566405 id=550 start_ns=73811072 dur_ns=755333 clt=0 wrkr=11 slot=1 size=256008 src=worker:11 dst=client:0
event=req_send ts_ns=74566405 id=557 clt=0 wrkr=10 slot=1 size=17 src=client:0 dst=worker:10
event=resp_recv_ud ts_ns=74623579 id=557 clt=0 wrkr=10 slot=1 size=41 src=worker:10 dst=client:0
event=hand_send ts_ns=74632226 id=557 clt=0 wrkr=10 slot=1 size=10 src=client:0 dst=worker:10
event=resp_rdma_read ts_ns=74759270 id=554 start_ns=74097584 dur_ns=661686 clt=0 wrkr=0 slot=0 size=256008 src=worker:0 dst=client:0
event=req_send ts_ns=74759270 id=558 clt=0 wrkr=1 slot=1 size=17 src=client:0 dst=worker:1
event=resp_recv_ud ts_ns=74799373 id=558 clt=0 wrkr=1 slot=1 size=41 src=worker:1 dst=client:0
event=hand_send ts_ns=74808020 id=558 clt=0 wrkr=1 slot=1 size=10 src=client:0 dst=worker:1
event=resp_rdma_read ts_ns=75256777 id=557 start_ns=74632226 dur_ns=624551 clt=0 wrkr=10 slot=1 size=256008 src=worker:10 dst=client:0
event=req_send ts_ns=75256777 id=562 clt=0 wrkr=2 slot=1 size=17 src=client:0 dst=worker:2
event=resp_recv_ud ts_ns=75318597 id=562 clt=0 wrkr=2 slot=1 size=41 src=worker:2 dst=client:0
event=hand_send ts_ns=75327244 id=562 clt=0 wrkr=2 slot=1 size=10 src=client:0 dst=worker:2
event=resp_rdma_read ts_ns=75567126 id=558 start_ns=74808020 dur_ns=759106 clt=0 wrkr=1 slot=1 size=256008 src=worker:1 dst=client:0
event=req_send ts_ns=75567126 id=564 clt=0 wrkr=7 slot=0 size=17 src=client:0 dst=worker:7
event=resp_recv_ud ts_ns=75608173 id=564 clt=0 wrkr=7 slot=0 size=41 src=worker:7 dst=client:0
event=hand_send ts_ns=75616820 id=564 clt=0 wrkr=7 slot=0 size=10 src=client:0 dst=worker:7
event=resp_rdma_read ts_ns=76011823 id=562 start_ns=75327244 dur_ns=684579 clt=0 wrkr=2 slot=1 size=256008 src=worker:2 dst=client:0
event=req_send ts_ns=76011823 id=567 clt=0 wrkr=8 slot=0 size=17 src=client:0 dst=worker:8
event=resp_recv_ud ts_ns=76052276 id=567 clt=0 wrkr=8 slot=0 size=41 src=worker:8 dst=client:0
event=hand_send ts_ns=76060923 id=567 clt=0 wrkr=8 slot=0 size=10 src=client:0 dst=worker:8
event=resp_rdma_read ts_ns=76391094 id=564 start_ns=75616820 dur_ns=774274 clt=0 wrkr=7 slot=0 size=256008 src=worker:7 dst=client:0
event=req_send ts_ns=76391094 id=570 clt=0 wrkr=0 slot=1 size=17 src=client:0 dst=worker:0
event=resp_recv_ud ts_ns=76432152 id=570 clt=0 wrkr=0 slot=1 size=41 src=worker:0 dst=client:0
event=hand_send ts_ns=76440799 id=570 clt=0 wrkr=0 slot=1 size=10 src=client:0 dst=worker:0
event=resp_rdma_read ts_ns=76828983 id=567 start_ns=76060923 dur_ns=768060 clt=0 wrkr=8 slot=0 size=256008 src=worker:8 dst=client:0
event=req_send ts_ns=76828983 id=573 clt=0 wrkr=9 slot=1 size=17 src=client:0 dst=worker:9
event=resp_recv_ud ts_ns=76869559 id=573 clt=0 wrkr=9 slot=1 size=41 src=worker:9 dst=client:0
event=hand_send ts_ns=76878206 id=573 clt=0 wrkr=9 slot=1 size=10 src=client:0 dst=worker:9
event=resp_rdma_read ts_ns=77209143 id=570 start_ns=76440799 dur_ns=768344 clt=0 wrkr=0 slot=1 size=256008 src=worker:0 dst=client:0
event=req_send ts_ns=77209143 id=576 clt=0 wrkr=6 slot=0 size=17 src=client:0 dst=worker:6
event=resp_recv_ud ts_ns=77249154 id=576 clt=0 wrkr=6 slot=0 size=41 src=worker:6 dst=client:0
event=hand_send ts_ns=77257801 id=576 clt=0 wrkr=6 slot=0 size=10 src=client:0 dst=worker:6
event=resp_rdma_read ts_ns=77650972 id=573 start_ns=76878206 dur_ns=772766 clt=0 wrkr=9 slot=1 size=256008 src=worker:9 dst=client:0
event=req_send ts_ns=77650972 id=580 clt=0 wrkr=9 slot=0 size=17 src=client:0 dst=worker:9
event=resp_recv_ud ts_ns=77716569 id=580 clt=0 wrkr=9 slot=0 size=41 src=worker:9 dst=client:0
event=hand_send ts_ns=77725216 id=580 clt=0 wrkr=9 slot=0 size=10 src=client:0 dst=worker:9
event=resp_rdma_read ts_ns=78022219 id=576 start_ns=77257801 dur_ns=764418 clt=0 wrkr=6 slot=0 size=256008 src=worker:6 dst=client:0
event=req_send ts_ns=78022219 id=582 clt=0 wrkr=11 slot=0 size=17 src=client:0 dst=worker:11
event=resp_recv_ud ts_ns=78062711 id=582 clt=0 wrkr=11 slot=0 size=41 src=worker:11 dst=client:0
event=hand_send ts_ns=78071358 id=582 clt=0 wrkr=11 slot=0 size=10 src=client:0 dst=worker:11
event=resp_rdma_read ts_ns=78484465 id=580 start_ns=77725216 dur_ns=759249 clt=0 wrkr=9 slot=0 size=256008 src=worker:9 dst=client:0
event=req_send ts_ns=78484465 id=585 clt=0 wrkr=8 slot=1 size=17 src=client:0 dst=worker:8
event=resp_recv_ud ts_ns=78524838 id=585 clt=0 wrkr=8 slot=1 size=41 src=worker:8 dst=client:0
event=hand_send ts_ns=78533485 id=585 clt=0 wrkr=8 slot=1 size=10 src=client:0 dst=worker:8
event=resp_rdma_read ts_ns=78844780 id=582 start_ns=78071358 dur_ns=773422 clt=0 wrkr=11 slot=0 size=256008 src=worker:11 dst=client:0
event=req_send ts_ns=78844780 id=588 clt=0 wrkr=2 slot=0 size=17 src=client:0 dst=worker:2
event=resp_recv_ud ts_ns=78885153 id=588 clt=0 wrkr=2 slot=0 size=41 src=worker:2 dst=client:0
event=hand_send ts_ns=78893800 id=588 clt=0 wrkr=2 slot=0 size=10 src=client:0 dst=worker:2
event=resp_rdma_read ts_ns=79357982 id=585 start_ns=78533485 dur_ns=824497 clt=0 wrkr=8 slot=1 size=256008 src=worker:8 dst=client:0
event=req_send ts_ns=79357982 id=592 clt=0 wrkr=1 slot=0 size=17 src=client:0 dst=worker:1
event=resp_recv_ud ts_ns=79398550 id=592 clt=0 wrkr=1 slot=0 size=41 src=worker:1 dst=client:0
event=hand_send ts_ns=79407197 id=592 clt=0 wrkr=1 slot=0 size=10 src=client:0 dst=worker:1
event=resp_rdma_read ts_ns=79664994 id=588 start_ns=78893800 dur_ns=771194 clt=0 wrkr=2 slot=0 size=256008 src=worker:2 dst=client:0
event=req_send ts_ns=79664994 id=594 clt=0 wrkr=4 slot=0 size=17 src=client:0 dst=worker:4
event=resp_recv_ud ts_ns=79705485 id=594 clt=0 wrkr=4 slot=0 size=41 src=worker:4 dst=client:0
event=hand_send ts_ns=79714132 id=594 clt=0 wrkr=4 slot=0 size=10 src=client:0 dst=worker:4
event=resp_rdma_read ts_ns=80178563 id=592 start_ns=79407197 dur_ns=771366 clt=0 wrkr=1 slot=0 size=256008 src=worker:1 dst=client:0
event=req_send ts_ns=80178563 id=598 clt=0 wrkr=2 slot=1 size=17 src=client:0 dst=worker:2
event=resp_recv_ud ts_ns=80218931 id=598 clt=0 wrkr=2 slot=1 size=41 src=worker:2 dst=client:0
event=hand_send ts_ns=80227578 id=598 clt=0 wrkr=2 slot=1 size=10 src=client:0 dst=worker:2
event=resp_rdma_read ts_ns=80483440 id=594 start_ns=79714132 dur_ns=769308 clt=0 wrkr=4 slot=0 size=256008 src=worker:4 dst=client:0
event=req_send ts_ns=80483440 id=600 clt=0 wrkr=1 slot=1 size=17 src=client:0 dst=worker:1
event=resp_recv_ud ts_ns=80523830 id=600 clt=0 wrkr=1 slot=1 size=41 src=worker:1 dst=client:0
event=hand_send ts_ns=80532477 id=600 clt=0 wrkr=1 slot=1 size=10 src=client:0 dst=worker:1
event=resp_rdma_read ts_ns=81001805 id=598 start_ns=80227578 dur_ns=774227 clt=0 wrkr=2 slot=1 size=256008 src=worker:2 dst=client:0
event=req_send ts_ns=81001805 id=604 clt=0 wrkr=3 slot=1 size=17 src=client:0 dst=worker:3
event=resp_recv_ud ts_ns=81042170 id=604 clt=0 wrkr=3 slot=1 size=41 src=worker:3 dst=client:0
event=hand_send ts_ns=81050817 id=604 clt=0 wrkr=3 slot=1 size=10 src=client:0 dst=worker:3
event=resp_rdma_read ts_ns=81302248 id=600 start_ns=80532477 dur_ns=769771 clt=0 wrkr=1 slot=1 size=256008 src=worker:1 dst=client:0
event=req_send ts_ns=81302248 id=607 clt=0 wrkr=0 slot=0 size=17 src=client:0 dst=worker:0
event=resp_recv_ud ts_ns=81364826 id=607 clt=0 wrkr=0 slot=0 size=41 src=worker:0 dst=client:0
event=hand_send ts_ns=81373473 id=607 clt=0 wrkr=0 slot=0 size=10 src=client:0 dst=worker:0
event=resp_rdma_read ts_ns=81828760 id=604 start_ns=81050817 dur_ns=777943 clt=0 wrkr=3 slot=1 size=256008 src=worker:3 dst=client:0
event=req_send ts_ns=81828760 id=610 clt=0 wrkr=8 slot=0 size=17 src=client:0 dst=worker:8
event=resp_recv_ud ts_ns=81871828 id=610 clt=0 wrkr=8 slot=0 size=41 src=worker:8 dst=client:0
event=hand_send ts_ns=81880475 id=610 clt=0 wrkr=8 slot=0 size=10 src=client:0 dst=worker:8
event=resp_rdma_read ts_ns=82075666 id=607 start_ns=81373473 dur_ns=702193 clt=0 wrkr=0 slot=0 size=256008 src=worker:0 dst=client:0
event=req_send ts_ns=82075666 id=612 clt=0 wrkr=8 slot=1 size=17 src=client:0 dst=worker:8
event=resp_recv_ud ts_ns=82115727 id=612 clt=0 wrkr=8 slot=1 size=41 src=worker:8 dst=client:0
event=hand_send ts_ns=82124374 id=612 clt=0 wrkr=8 slot=1 size=10 src=client:0 dst=worker:8
event=resp_rdma_read ts_ns=82598855 id=610 start_ns=81880475 dur_ns=718380 clt=0 wrkr=8 slot=0 size=256008 src=worker:8 dst=client:0
event=req_send ts_ns=82598855 id=616 clt=0 wrkr=7 slot=1 size=17 src=client:0 dst=worker:7
event=resp_recv_ud ts_ns=82641981 id=616 clt=0 wrkr=7 slot=1 size=41 src=worker:7 dst=client:0
event=hand_send ts_ns=82650628 id=616 clt=0 wrkr=7 slot=1 size=10 src=client:0 dst=worker:7
event=resp_rdma_read ts_ns=82886820 id=612 start_ns=82124374 dur_ns=762446 clt=0 wrkr=8 slot=1 size=256008 src=worker:8 dst=client:0
event=req_send ts_ns=82886820 id=618 clt=0 wrkr=8 slot=0 size=17 src=client:0 dst=worker:8
event=resp_recv_ud ts_ns=82927120 id=618 clt=0 wrkr=8 slot=0 size=41 src=worker:8 dst=client:0
event=hand_send ts_ns=82935767 id=618 clt=0 wrkr=8 slot=0 size=10 src=client:0 dst=worker:8
event=resp_rdma_read ts_ns=83493480 id=616 start_ns=82650628 dur_ns=842852 clt=0 wrkr=7 slot=1 size=256008 src=worker:7 dst=client:0
event=req_send ts_ns=83493480 id=623 clt=0 wrkr=2 slot=0 size=17 src=client:0 dst=worker:2
event=resp_recv_ud ts_ns=83544067 id=623 clt=0 wrkr=2 slot=0 size=41 src=worker:2 dst=client:0
event=hand_send ts_ns=83552714 id=623 clt=0 wrkr=2 slot=0 size=10 src=client:0 dst=worker:2
event=resp_rdma_read ts_ns=83705327 id=618 start_ns=82935767 dur_ns=769560 clt=0 wrkr=8 slot=0 size=256008 src=worker:8 dst=client:0
event=req_send ts_ns=83705327 id=624 clt=0 wrkr=8 slot=1 size=17 src=client:0 dst=worker:8
event=resp_recv_ud ts_ns=83745590 id=624 clt=0 wrkr=8 slot=1 size=41 src=worker:8 dst=client:0
event=hand_send ts_ns=83754237 id=624 clt=0 wrkr=8 slot=1 size=10 src=client:0 dst=worker:8
event=resp_rdma_read ts_ns=84116329 id=623 start_ns=83552714 dur_ns=563615 clt=0 wrkr=2 slot=0 size=256008 src=worker:2 dst=client:0
event=req_send ts_ns=84116329 id=628 clt=0 wrkr=3 slot=0 size=17 src=client:0 dst=worker:3
event=resp_recv_ud ts_ns=84163349 id=628 clt=0 wrkr=3 slot=0 size=41 src=worker:3 dst=client:0
event=hand_send ts_ns=84171996 id=628 clt=0 wrkr=3 slot=0 size=10 src=client:0 dst=worker:3
event=resp_rdma_read ts_ns=84595961 id=624 start_ns=83754237 dur_ns=841724 clt=0 wrkr=8 slot=1 size=256008 src=worker:8 dst=client:0
event=req_send ts_ns=84595961 id=631 clt=0 wrkr=3 slot=1 size=17 src=client:0 dst=worker:3
event=resp_recv_ud ts_ns=84647208 id=631 clt=0 wrkr=3 slot=1 size=41 src=worker:3 dst=client:0
event=hand_send ts_ns=84655855 id=631 clt=0 wrkr=3 slot=1 size=10 src=client:0 dst=worker:3
event=resp_rdma_read ts_ns=84725971 id=628 start_ns=84171996 dur_ns=553975 clt=0 wrkr=3 slot=0 size=256008 src=worker:3 dst=client:0
event=req_send ts_ns=84725971 id=633 clt=0 wrkr=4 slot=1 size=17 src=client:0 dst=worker:4
event=resp_recv_ud ts_ns=84778751 id=633 clt=0 wrkr=4 slot=1 size=41 src=worker:4 dst=client:0
event=hand_send ts_ns=84787398 id=633 clt=0 wrkr=4 slot=1 size=10 src=client:0 dst=worker:4
event=resp_rdma_read ts_ns=85144283 id=631 start_ns=84655855 dur_ns=488428 clt=0 wrkr=3 slot=1 size=256008 src=worker:3 dst=client:0
event=req_send ts_ns=85144283 id=635 clt=0 wrkr=10 slot=0 size=17 src=client:0 dst=worker:10
event=resp_recv_ud ts_ns=85185694 id=635 clt=0 wrkr=10 slot=0 size=41 src=worker:10 dst=client:0
event=hand_send ts_ns=85194341 id=635 clt=0 wrkr=10 slot=0 size=10 src=client:0 dst=worker:10
event=resp_rdma_read ts_ns=85395051 id=633 start_ns=84787398 dur_ns=607653 clt=0 wrkr=4 slot=1 size=256008 src=worker:4 dst=client:0
event=req_send ts_ns=85395051 id=637 clt=0 wrkr=11 slot=1 size=17 src=client:0 dst=worker:11
event=resp_recv_ud ts_ns=85434978 id=637 clt=0 wrkr=11 slot=1 size=41 src=worker:11 dst=client:0
event=hand_send ts_ns=85443625 id=637 clt=0 wrkr=11 slot=1 size=10 src=client:0 dst=worker:11
event=resp_rdma_read ts_ns=86069484 id=635 start_ns=85194341 dur_ns=875143 clt=0 wrkr=10 slot=0 size=256008 src=worker:10 dst=client:0
event=resp_rdma_read ts_ns=86347805 id=637 start_ns=85443625 dur_ns=904180 clt=0 wrkr=11 slot=1 size=256008 src=worker:11 dst=client:0
