event=req_send ts_ns=1 id=0 clt=0 wrkr=10 slot=0 size=17 src=client:0 dst=worker:10
event=req_send ts_ns=2501 id=3 clt=0 wrkr=4 slot=0 size=17 src=client:0 dst=worker:4
event=req_send ts_ns=5001 id=6 clt=0 wrkr=4 slot=1 size=17 src=client:0 dst=worker:4
event=req_send ts_ns=7501 id=9 clt=0 wrkr=5 slot=0 size=17 src=client:0 dst=worker:5
event=req_send ts_ns=10001 id=12 clt=0 wrkr=2 slot=0 size=17 src=client:0 dst=worker:2
event=req_send ts_ns=12501 id=15 clt=0 wrkr=2 slot=1 size=17 src=client:0 dst=worker:2
event=req_send ts_ns=15001 id=18 clt=0 wrkr=5 slot=1 size=17 src=client:0 dst=worker:5
event=req_send ts_ns=17501 id=21 clt=0 wrkr=5 slot=2 size=17 src=client:0 dst=worker:5
event=resp_recv_ud ts_ns=42336 id=0 clt=0 wrkr=10 slot=0 size=41 src=worker:10 dst=client:0
event=hand_send ts_ns=50983 id=0 clt=0 wrkr=10 slot=0 size=10 src=client:0 dst=worker:10
event=resp_recv_ud ts_ns=65633 id=6 clt=0 wrkr=4 slot=1 size=41 src=worker:4 dst=client:0
event=resp_recv_ud ts_ns=66277 id=3 clt=0 wrkr=4 slot=0 size=41 src=worker:4 dst=client:0
event=resp_recv_ud ts_ns=68600 id=9 clt=0 wrkr=5 slot=0 size=41 src=worker:5 dst=client:0
event=resp_recv_ud ts_ns=71450 id=12 clt=0 wrkr=2 slot=0 size=41 src=worker:2 dst=client:0
event=resp_recv_ud ts_ns=74057 id=15 clt=0 wrkr=2 slot=1 size=41 src=worker:2 dst=client:0
event=hand_send ts_ns=74280 id=6 clt=0 wrkr=4 slot=1 size=10 src=client:0 dst=worker:4
event=hand_send ts_ns=74924 id=3 clt=0 wrkr=4 slot=0 size=10 src=client:0 dst=worker:4
event=resp_recv_ud ts_ns=76260 id=18 clt=0 wrkr=5 slot=1 size=41 src=worker:5 dst=client:0
event=hand_send ts_ns=77247 id=9 clt=0 wrkr=5 slot=0 size=10 src=client:0 dst=worker:5
event=resp_recv_ud ts_ns=78789 id=21 clt=0 wrkr=5 slot=2 size=41 src=worker:5 dst=client:0
event=hand_send ts_ns=80097 id=12 clt=0 wrkr=2 slot=0 size=10 src=client:0 dst=worker:2
event=hand_send ts_ns=82704 id=15 clt=0 wrkr=2 slot=1 size=10 src=client:0 dst=worker:2
event=hand_send ts_ns=84907 id=18 clt=0 wrkr=5 slot=1 size=10 src=client:0 dst=worker:5
event=hand_send ts_ns=87436 id=21 clt=0 wrkr=5 slot=2 size=10 src=client:0 dst=worker:5
event=resp_rdma_read ts_ns=1641219 id=0 start_ns=50983 dur_ns=1590236 clt=0 wrkr=10 slot=0 size=512008 src=worker:10 dst=client:0
event=req_send ts_ns=1641219 id=25 clt=0 wrkr=4 slot=2 size=17 src=client:0 dst=worker:4
event=resp_recv_ud ts_ns=1695179 id=25 clt=0 wrkr=4 slot=2 size=41 src=worker:4 dst=client:0
event=hand_send ts_ns=1703826 id=25 clt=0 wrkr=4 slot=2 size=10 src=client:0 dst=worker:4
event=resp_rdma_read ts_ns=2401393 id=6 start_ns=74280 dur_ns=2327113 clt=0 wrkr=4 slot=1 size=512008 src=worker:4 dst=client:0
event=req_send ts_ns=2401393 id=41 clt=0 wrkr=8 slot=0 size=17 src=client:0 dst=worker:8
event=resp_recv_ud ts_ns=2445217 id=41 clt=0 wrkr=8 slot=0 size=41 src=worker:8 dst=client:0
event=hand_send ts_ns=2453864 id=41 clt=0 wrkr=8 slot=0 size=10 src=client:0 dst=worker:8
event=resp_rdma_read ts_ns=2526719 id=3 start_ns=74924 dur_ns=2451795 clt=0 wrkr=4 slot=0 size=512008 src=worker:4 dst=client:0
event=req_send ts_ns=2526719 id=42 clt=0 wrkr=8 slot=1 size=17 src=client:0 dst=worker:8
event=resp_recv_ud ts_ns=2567398 id=42 clt=0 wrkr=8 slot=1 size=41 src=worker:8 dst=client:0
event=hand_send ts_ns=2576045 id=42 clt=0 wrkr=8 slot=1 size=10 src=client:0 dst=worker:8
event=resp_rdma_read ts_ns=2655572 id=9 start_ns=77247 dur_ns=2578325 clt=0 wrkr=5 slot=0 size=512008 src=worker:5 dst=client:0
event=req_send ts_ns=2655572 id=43 clt=0 wrkr=5 slot=3 size=17 src=client:0 dst=worker:5
event=resp_recv_ud ts_ns=2694949 id=43 clt=0 wrkr=5 slot=3 size=41 src=worker:5 dst=client:0
event=hand_send ts_ns=2703596 id=43 clt=0 wrkr=5 slot=3 size=10 src=client:0 dst=worker:5
event=resp_rdma_read ts_ns=2779728 id=12 start_ns=80097 dur_ns=2699631 clt=0 wrkr=2 slot=0 size=512008 src=worker:2 dst=client:0
event=req_send ts_ns=2779728 id=44 clt=0 wrkr=4 slot=3 size=17 src=client:0 dst=worker:4
event=resp_recv_ud ts_ns=2818306 id=44 clt=0 wrkr=4 slot=3 size=41 src=worker:4 dst=client:0
event=hand_send ts_ns=2826953 id=44 clt=0 wrkr=4 slot=3 size=10 src=client:0 dst=worker:4
event=resp_rdma_read ts_ns=2887167 id=15 start_ns=82704 dur_ns=2804463 clt=0 wrkr=2 slot=1 size=512008 src=worker:2 dst=client:0
event=req_send ts_ns=2887167 id=45 clt=0 wrkr=1 slot=0 size=17 src=client:0 dst=worker:1
event=resp_recv_ud ts_ns=2924868 id=45 clt=0 wrkr=1 slot=0 size=41 src=worker:1 dst=client:0
event=hand_send ts_ns=2933515 id=45 clt=0 wrkr=1 slot=0 size=10 src=client:0 dst=worker:1
event=resp_rdma_read ts_ns=2960685 id=21 start_ns=87436 dur_ns=2873249 clt=0 wrkr=5 slot=2 size=512008 src=worker:5 dst=client:0
event=req_send ts_ns=2960685 id=46 clt=0 wrkr=4 slot=4 size=17 src=client:0 dst=worker:4
event=resp_rdma_read ts_ns=2969410 id=18 start_ns=84907 dur_ns=2884503 clt=0 wrkr=5 slot=1 size=512008 src=worker:5 dst=client:0
event=req_send ts_ns=2969410 id=47 clt=0 wrkr=10 slot=1 size=17 src=client:0 dst=worker:10
event=resp_recv_ud ts_ns=3010306 id=46 clt=0 wrkr=4 slot=4 size=41 src=worker:4 dst=client:0
event=hand_send ts_ns=3018953 id=46 clt=0 wrkr=4 slot=4 size=10 src=client:0 dst=worker:4
event=resp_recv_ud ts_ns=3027714 id=47 clt=0 wrkr=10 slot=1 size=41 src=worker:10 dst=client:0
event=hand_send ts_ns=3036361 id=47 clt=0 wrkr=10 slot=1 size=10 src=client:0 dst=worker:10
event=resp_rdma_read ts_ns=3675858 id=25 start_ns=1703826 dur_ns=1972032 clt=0 wrkr=4 slot=2 size=512008 src=worker:4 dst=client:0
event=req_send ts_ns=3675858 id=55 clt=0 wrkr=1 slot=1 size=17 src=client:0 dst=worker:1
event=resp_recv_ud ts_ns=3733881 id=55 clt=0 wrkr=1 slot=1 size=41 src=worker:1 dst=client:0
event=hand_send ts_ns=3742528 id=55 clt=0 wrkr=1 slot=1 size=10 src=client:0 dst=worker:1
event=resp_rdma_read ts_ns=3980576 id=41 start_ns=2453864 dur_ns=1526712 clt=0 wrkr=8 slot=0 size=512008 src=worker:8 dst=client:0
event=req_send ts_ns=3980576 id=61 clt=0 wrkr=2 slot=2 size=17 src=client:0 dst=worker:2
event=resp_recv_ud ts_ns=4043550 id=61 clt=0 wrkr=2 slot=2 size=41 src=worker:2 dst=client:0
event=hand_send ts_ns=4052197 id=61 clt=0 wrkr=2 slot=2 size=10 src=client:0 dst=worker:2
event=resp_rdma_read ts_ns=4134631 id=42 start_ns=2576045 dur_ns=1558586 clt=0 wrkr=8 slot=1 size=512008 src=worker:8 dst=client:0
event=req_send ts_ns=4134631 id=64 clt=0 wrkr=3 slot=0 size=17 src=client:0 dst=worker:3
event=resp_recv_ud ts_ns=4198997 id=64 clt=0 wrkr=3 slot=0 size=41 src=worker:3 dst=client:0
event=hand_send ts_ns=4207644 id=64 clt=0 wrkr=3 slot=0 size=10 src=client:0 dst=worker:3
event=resp_rdma_read ts_ns=4238243 id=43 start_ns=2703596 dur_ns=1534647 clt=0 wrkr=5 slot=3 size=512008 src=worker:5 dst=client:0
event=req_send ts_ns=4238243 id=67 clt=0 wrkr=10 slot=2 size=17 src=client:0 dst=worker:10
event=resp_recv_ud ts_ns=4303976 id=67 clt=0 wrkr=10 slot=2 size=41 src=worker:10 dst=client:0
event=hand_send ts_ns=4312623 id=67 clt=0 wrkr=10 slot=2 size=10 src=client:0 dst=worker:10
event=resp_rdma_read ts_ns=4320039 id=44 start_ns=2826953 dur_ns=1493086 clt=0 wrkr=4 slot=3 size=512008 src=worker:4 dst=client:0
event=req_send ts_ns=4320039 id=69 clt=0 wrkr=1 slot=2 size=17 src=client:0 dst=worker:1
event=resp_rdma_read ts_ns=4372739 id=45 start_ns=2933515 dur_ns=1439224 clt=0 wrkr=1 slot=0 size=512008 src=worker:1 dst=client:0
event=req_send ts_ns=4372739 id=70 clt=0 wrkr=8 slot=2 size=17 src=client:0 dst=worker:8
event=resp_recv_ud ts_ns=4384604 id=69 clt=0 wrkr=1 slot=2 size=41 src=worker:1 dst=client:0
event=hand_send ts_ns=4393251 id=69 clt=0 wrkr=1 slot=2 size=10 src=client:0 dst=worker:1
event=resp_rdma_read ts_ns=4399965 id=47 start_ns=3036361 dur_ns=1363604 clt=0 wrkr=10 slot=1 size=512008 src=worker:10 dst=client:0
event=req_send ts_ns=4399965 id=71 clt=0 wrkr=2 slot=3 size=17 src=client:0 dst=worker:2
event=resp_recv_ud ts_ns=4438035 id=70 clt=0 wrkr=8 slot=2 size=41 src=worker:8 dst=client:0
event=hand_send ts_ns=4446682 id=70 clt=0 wrkr=8 slot=2 size=10 src=client:0 dst=worker:8
event=resp_recv_ud ts_ns=4463141 id=71 clt=0 wrkr=2 slot=3 size=41 src=worker:2 dst=client:0
event=hand_send ts_ns=4471788 id=71 clt=0 wrkr=2 slot=3 size=10 src=client:0 dst=worker:2
event=resp_rdma_read ts_ns=4676880 id=46 start_ns=3018953 dur_ns=1657927 clt=0 wrkr=4 slot=4 size=512008 src=worker:4 dst=client:0
event=req_send ts_ns=4676880 id=73 clt=0 wrkr=7 slot=0 size=17 src=client:0 dst=worker:7
event=resp_recv_ud ts_ns=4725960 id=73 clt=0 wrkr=7 slot=0 size=41 src=worker:7 dst=client:0
event=hand_send ts_ns=4734607 id=73 clt=0 wrkr=7 slot=0 size=10 src=client:0 dst=worker:7
event=resp_rdma_read ts_ns=5224500 id=55 start_ns=3742528 dur_ns=1481972 clt=0 wrkr=1 slot=1 size=512008 src=worker:1 dst=client:0
event=req_send ts_ns=5224500 id=78 clt=0 wrkr=3 slot=1 size=17 src=client:0 dst=worker:3
event=resp_recv_ud ts_ns=5262065 id=78 clt=0 wrkr=3 slot=1 size=41 src=worker:3 dst=client:0
event=hand_send ts_ns=5270712 id=78 clt=0 wrkr=3 slot=1 size=10 src=client:0 dst=worker:3
event=resp_rdma_read ts_ns=5784059 id=61 start_ns=4052197 dur_ns=1731862 clt=0 wrkr=2 slot=2 size=512008 src=worker:2 dst=client:0
event=req_send ts_ns=5784059 id=85 clt=0 wrkr=6 slot=0 size=17 src=client:0 dst=worker:6
event=resp_recv_ud ts_ns=5820451 id=85 clt=0 wrkr=6 slot=0 size=41 src=worker:6 dst=client:0
event=hand_send ts_ns=5829098 id=85 clt=0 wrkr=6 slot=0 size=10 src=client:0 dst=worker:6
event=resp_rdma_read ts_ns=5991493 id=71 start_ns=4471788 dur_ns=1519705 clt=0 wrkr=2 slot=3 size=512008 src=worker:2 dst=client:0
event=req_send ts_ns=5991493 id=87 clt=0 wrkr=0 slot=0 size=17 src=client:0 dst=worker:0
event=resp_recv_ud ts_ns=6030259 id=87 clt=0 wrkr=0 slot=0 size=41 src=worker:0 dst=client:0
event=hand_send ts_ns=6038906 id=87 clt=0 wrkr=0 slot=0 size=10 src=client:0 dst=worker:0
event=resp_rdma_read ts_ns=6078646 id=73 start_ns=4734607 dur_ns=1344039 clt=0 wrkr=7 slot=0 size=512008 src=worker:7 dst=client:0
event=req_send ts_ns=6078646 id=90 clt=0 wrkr=10 slot=3 size=17 src=client:0 dst=worker:10
event=resp_recv_ud ts_ns=6127570 id=90 clt=0 wrkr=10 slot=3 size=41 src=worker:10 dst=client:0
event=hand_send ts_ns=6136217 id=90 clt=0 wrkr=10 slot=3 size=10 src=client:0 dst=worker:10
event=resp_rdma_read ts_ns=6190488 id=64 start_ns=4207644 dur_ns=1982844 clt=0 wrkr=3 slot=0 size=512008 src=worker:3 dst=client:0
event=req_send ts_ns=6190488 id=92 clt=0 wrkr=11 slot=0 size=17 src=client:0 dst=worker:11
event=resp_recv_ud ts_ns=6236382 id=92 clt=0 wrkr=11 slot=0 size=41 src=worker:11 dst=client:0
event=hand_send ts_ns=6245029 id=92 clt=0 wrkr=11 slot=0 size=10 src=client:0 dst=worker:11
event=resp_rdma_read ts_ns=6279543 id=67 start_ns=4312623 dur_ns=1966920 clt=0 wrkr=10 slot=2 size=512008 src=worker:10 dst=client:0
event=req_send ts_ns=6279543 id=93 clt=0 wrkr=2 slot=4 size=17 src=client:0 dst=worker:2
event=resp_rdma_read ts_ns=6314105 id=69 start_ns=4393251 dur_ns=1920854 clt=0 wrkr=1 slot=2 size=512008 src=worker:1 dst=client:0
event=req_send ts_ns=6314105 id=94 clt=0 wrkr=5 slot=4 size=17 src=client:0 dst=worker:5
event=resp_recv_ud ts_ns=6340011 id=93 clt=0 wrkr=2 slot=4 size=41 src=worker:2 dst=client:0
event=hand_send ts_ns=6348658 id=93 clt=0 wrkr=2 slot=4 size=10 src=client:0 dst=worker:2
event=resp_recv_ud ts_ns=6359771 id=94 clt=0 wrkr=5 slot=4 size=41 src=worker:5 dst=client:0
event=hand_send ts_ns=6368418 id=94 clt=0 wrkr=5 slot=4 size=10 src=client:0 dst=worker:5
event=resp_rdma_read ts_ns=6462401 id=70 start_ns=4446682 dur_ns=2015719 clt=0 wrkr=8 slot=2 size=512008 src=worker:8 dst=client:0
event=req_send ts_ns=6462401 id=99 clt=0 wrkr=9 slot=0 size=17 src=client:0 dst=worker:9
event=resp_recv_ud ts_ns=6519524 id=99 clt=0 wrkr=9 slot=0 size=41 src=worker:9 dst=client:0
event=hand_send ts_ns=6528171 id=99 clt=0 wrkr=9 slot=0 size=10 src=client:0 dst=worker:9
event=resp_rdma_read ts_ns=6722742 id=78 start_ns=5270712 dur_ns=1452030 clt=0 wrkr=3 slot=1 size=512008 src=worker:3 dst=client:0
event=req_send ts_ns=6722742 id=102 clt=0 wrkr=7 slot=1 size=17 src=client:0 dst=worker:7
event=resp_recv_ud ts_ns=6785008 id=102 clt=0 wrkr=7 slot=1 size=41 src=worker:7 dst=client:0
event=hand_send ts_ns=6793655 id=102 clt=0 wrkr=7 slot=1 size=10 src=client:0 dst=worker:7
event=resp_rdma_read ts_ns=7296079 id=85 start_ns=5829098 dur_ns=1466981 clt=0 wrkr=6 slot=0 size=512008 src=worker:6 dst=client:0
event=req_send ts_ns=7296079 id=109 clt=0 wrkr=3 slot=2 size=17 src=client:0 dst=worker:3
event=resp_recv_ud ts_ns=7333410 id=109 clt=0 wrkr=3 slot=2 size=41 src=worker:3 dst=client:0
event=hand_send ts_ns=7342057 id=109 clt=0 wrkr=3 slot=2 size=10 src=client:0 dst=worker:3
event=resp_rdma_read ts_ns=7493813 id=92 start_ns=6245029 dur_ns=1248784 clt=0 wrkr=11 slot=0 size=512008 src=worker:11 dst=client:0
event=req_send ts_ns=7493813 id=112 clt=0 wrkr=8 slot=3 size=17 src=client:0 dst=worker:8
event=resp_recv_ud ts_ns=7552242 id=112 clt=0 wrkr=8 slot=3 size=41 src=worker:8 dst=client:0
event=hand_send ts_ns=7560889 id=112 clt=0 wrkr=8 slot=3 size=10 src=client:0 dst=worker:8
event=resp_rdma_read ts_ns=7629522 id=87 start_ns=6038906 dur_ns=1590616 clt=0 wrkr=0 slot=0 size=512008 src=worker:0 dst=client:0
event=req_send ts_ns=7629522 id=113 clt=0 wrkr=10 slot=4 size=17 src=client:0 dst=worker:10
event=resp_recv_ud ts_ns=7667268 id=113 clt=0 wrkr=10 slot=4 size=41 src=worker:10 dst=client:0
event=hand_send ts_ns=7675915 id=113 clt=0 wrkr=10 slot=4 size=10 src=client:0 dst=worker:10
event=resp_rdma_read ts_ns=7806180 id=90 start_ns=6136217 dur_ns=1669963 clt=0 wrkr=10 slot=3 size=512008 src=worker:10 dst=client:0
event=req_send ts_ns=7806180 id=116 clt=0 wrkr=10 slot=5 size=17 src=client:0 dst=worker:10
event=resp_recv_ud ts_ns=7856019 id=116 clt=0 wrkr=10 slot=5 size=41 src=worker:10 dst=client:0
event=hand_send ts_ns=7864666 id=116 clt=0 wrkr=10 slot=5 size=10 src=client:0 dst=worker:10
event=resp_rdma_read ts_ns=8070963 id=99 start_ns=6528171 dur_ns=1542792 clt=0 wrkr=9 slot=0 size=512008 src=worker:9 dst=client:0
event=req_send ts_ns=8070963 id=119 clt=0 wrkr=8 slot=4 size=17 src=client:0 dst=worker:8
event=resp_recv_ud ts_ns=8119259 id=119 clt=0 wrkr=8 slot=4 size=41 src=worker:8 dst=client:0
event=hand_send ts_ns=8127906 id=119 clt=0 wrkr=8 slot=4 size=10 src=client:0 dst=worker:8
event=resp_rdma_read ts_ns=8152464 id=93 start_ns=6348658 dur_ns=1803806 clt=0 wrkr=2 slot=4 size=512008 src=worker:2 dst=client:0
event=req_send ts_ns=8152464 id=122 clt=0 wrkr=5 slot=5 size=17 src=client:0 dst=worker:5
event=resp_recv_ud ts_ns=8210033 id=122 clt=0 wrkr=5 slot=5 size=41 src=worker:5 dst=client:0
event=hand_send ts_ns=8218680 id=122 clt=0 wrkr=5 slot=5 size=10 src=client:0 dst=worker:5
event=resp_rdma_read ts_ns=8242040 id=94 start_ns=6368418 dur_ns=1873622 clt=0 wrkr=5 slot=4 size=512008 src=worker:5 dst=client:0
event=req_send ts_ns=8242040 id=123 clt=0 wrkr=10 slot=6 size=17 src=client:0 dst=worker:10
event=resp_recv_ud ts_ns=8289713 id=123 clt=0 wrkr=10 slot=6 size=41 src=worker:10 dst=client:0
event=hand_send ts_ns=8298360 id=123 clt=0 wrkr=10 slot=6 size=10 src=client:0 dst=worker:10
event=resp_rdma_read ts_ns=8484101 id=102 start_ns=6793655 dur_ns=1690446 clt=0 wrkr=7 slot=1 size=512008 src=worker:7 dst=client:0
event=req_send ts_ns=8484101 id=125 clt=0 wrkr=9 slot=1 size=17 src=client:0 dst=worker:9
event=resp_recv_ud ts_ns=8522692 id=125 clt=0 wrkr=9 slot=1 size=41 src=worker:9 dst=client:0
event=hand_send ts_ns=8531339 id=125 clt=0 wrkr=9 slot=1 size=10 src=client:0 dst=worker:9
event=resp_rdma_read ts_ns=8835861 id=112 start_ns=7560889 dur_ns=1274972 clt=0 wrkr=8 slot=3 size=512008 src=worker:8 dst=client:0
event=req_send ts_ns=8835861 id=134 clt=0 wrkr=4 slot=5 size=17 src=client:0 dst=worker:4
event=resp_recv_ud ts_ns=8895864 id=134 clt=0 wrkr=4 slot=5 size=41 src=worker:4 dst=client:0
event=hand_send ts_ns=8904511 id=134 clt=0 wrkr=4 slot=5 size=10 src=client:0 dst=worker:4
event=resp_rdma_read ts_ns=8965091 id=109 start_ns=7342057 dur_ns=1623034 clt=0 wrkr=3 slot=2 size=512008 src=worker:3 dst=client:0
event=req_send ts_ns=8965091 id=135 clt=0 wrkr=2 slot=5 size=17 src=client:0 dst=worker:2
event=resp_recv_ud ts_ns=9009447 id=135 clt=0 wrkr=2 slot=5 size=41 src=worker:2 dst=client:0
event=hand_send ts_ns=9018094 id=135 clt=0 wrkr=2 slot=5 size=10 src=client:0 dst=worker:2
event=resp_rdma_read ts_ns=9137889 id=113 start_ns=7675915 dur_ns=1461974 clt=0 wrkr=10 slot=4 size=512008 src=worker:10 dst=client:0
event=req_send ts_ns=9137889 id=137 clt=0 wrkr=1 slot=3 size=17 src=client:0 dst=worker:1
event=resp_rdma_read ts_ns=9164535 id=116 start_ns=7864666 dur_ns=1299869 clt=0 wrkr=10 slot=5 size=512008 src=worker:10 dst=client:0
event=req_send ts_ns=9164535 id=138 clt=0 wrkr=0 slot=1 size=17 src=client:0 dst=worker:0
event=resp_recv_ud ts_ns=9201696 id=137 clt=0 wrkr=1 slot=3 size=41 src=worker:1 dst=client:0
event=hand_send ts_ns=9210343 id=137 clt=0 wrkr=1 slot=3 size=10 src=client:0 dst=worker:1
event=resp_recv_ud ts_ns=9220274 id=138 clt=0 wrkr=0 slot=1 size=41 src=worker:0 dst=client:0
event=hand_send ts_ns=9228921 id=138 clt=0 wrkr=0 slot=1 size=10 src=client:0 dst=worker:0
event=resp_rdma_read ts_ns=9866828 id=119 start_ns=8127906 dur_ns=1738922 clt=0 wrkr=8 slot=4 size=512008 src=worker:8 dst=client:0
event=req_send ts_ns=9866828 id=146 clt=0 wrkr=8 slot=5 size=17 src=client:0 dst=worker:8
event=resp_recv_ud ts_ns=9921044 id=146 clt=0 wrkr=8 slot=5 size=41 src=worker:8 dst=client:0
event=hand_send ts_ns=9929691 id=146 clt=0 wrkr=8 slot=5 size=10 src=client:0 dst=worker:8
event=resp_rdma_read ts_ns=10051283 id=122 start_ns=8218680 dur_ns=1832603 clt=0 wrkr=5 slot=5 size=512008 src=worker:5 dst=client:0
event=req_send ts_ns=10051283 id=147 clt=0 wrkr=10 slot=7 size=17 src=client:0 dst=worker:10
event=resp_recv_ud ts_ns=10088448 id=147 clt=0 wrkr=10 slot=7 size=41 src=worker:10 dst=client:0
event=hand_send ts_ns=10097095 id=147 clt=0 wrkr=10 slot=7 size=10 src=client:0 dst=worker:10
event=resp_rdma_read ts_ns=10156591 id=123 start_ns=8298360 dur_ns=1858231 clt=0 wrkr=10 slot=6 size=512008 src=worker:10 dst=client:0
event=req_send ts_ns=10156591 id=149 clt=0 wrkr=8 slot=6 size=17 src=client:0 dst=worker:8
event=resp_rdma_read ts_ns=10157810 id=134 start_ns=8904511 dur_ns=1253299 clt=0 wrkr=4 slot=5 size=512008 src=worker:4 dst=client:0
event=req_send ts_ns=10157810 id=150 clt=0 wrkr=11 slot=1 size=17 src=client:0 dst=worker:11
event=resp_recv_ud ts_ns=10210066 id=149 clt=0 wrkr=8 slot=6 size=41 src=worker:8 dst=client:0
event=hand_send ts_ns=10218713 id=149 clt=0 wrkr=8 slot=6 size=10 src=client:0 dst=worker:8
event=resp_recv_ud ts_ns=10219027 id=150 clt=0 wrkr=11 slot=1 size=41 src=worker:11 dst=client:0
event=hand_send ts_ns=10227674 id=150 clt=0 wrkr=11 slot=1 size=10 src=client:0 dst=worker:11
event=resp_rdma_read ts_ns=10361348 id=125 start_ns=8531339 dur_ns=1830009 clt=0 wrkr=9 slot=1 size=512008 src=worker:9 dst=client:0
event=req_send ts_ns=10361348 id=154 clt=0 wrkr=2 slot=6 size=17 src=client:0 dst=worker:2
event=resp_recv_ud ts_ns=10423661 id=154 clt=0 wrkr=2 slot=6 size=41 src=worker:2 dst=client:0
event=hand_send ts_ns=10432308 id=154 clt=0 wrkr=2 slot=6 size=10 src=client:0 dst=worker:2
event=resp_rdma_read ts_ns=10505044 id=135 start_ns=9018094 dur_ns=1486950 clt=0 wrkr=2 slot=5 size=512008 src=worker:2 dst=client:0
event=req_send ts_ns=10505044 id=157 clt=0 wrkr=11 slot=2 size=17 src=client:0 dst=worker:11
event=resp_recv_ud ts_ns=10556191 id=157 clt=0 wrkr=11 slot=2 size=41 src=worker:11 dst=client:0
event=hand_send ts_ns=10564838 id=157 clt=0 wrkr=11 slot=2 size=10 src=client:0 dst=worker:11
event=resp_rdma_read ts_ns=10727904 id=138 start_ns=9228921 dur_ns=1498983 clt=0 wrkr=0 slot=1 size=512008 src=worker:0 dst=client:0
event=req_send ts_ns=10727904 id=160 clt=0 wrkr=9 slot=2 size=17 src=client:0 dst=worker:9
event=resp_recv_ud ts_ns=10791311 id=160 clt=0 wrkr=9 slot=2 size=41 src=worker:9 dst=client:0
event=hand_send ts_ns=10799958 id=160 clt=0 wrkr=9 slot=2 size=10 src=client:0 dst=worker:9
event=resp_rdma_read ts_ns=10925468 id=137 start_ns=9210343 dur_ns=1715125 clt=0 wrkr=1 slot=3 size=512008 src=worker:1 dst=client:0
event=req_send ts_ns=10925468 id=163 clt=0 wrkr=11 slot=3 size=17 src=client:0 dst=worker:11
event=resp_recv_ud ts_ns=10986879 id=163 clt=0 wrkr=11 slot=3 size=41 src=worker:11 dst=client:0
event=hand_send ts_ns=10995526 id=163 clt=0 wrkr=11 slot=3 size=10 src=client:0 dst=worker:11
event=resp_rdma_read ts_ns=11328629 id=146 start_ns=9929691 dur_ns=1398938 clt=0 wrkr=8 slot=5 size=512008 src=worker:8 dst=client:0
event=req_send ts_ns=11328629 id=166 clt=0 wrkr=9 slot=3 size=17 src=client:0 dst=worker:9
event=resp_recv_ud ts_ns=11389883 id=166 clt=0 wrkr=9 slot=3 size=41 src=worker:9 dst=client:0
event=hand_send ts_ns=11398530 id=166 clt=0 wrkr=9 slot=3 size=10 src=client:0 dst=worker:9
event=resp_rdma_read ts_ns=11826229 id=147 start_ns=10097095 dur_ns=1729134 clt=0 wrkr=10 slot=7 size=512008 src=worker:10 dst=client:0
event=req_send ts_ns=11826229 id=172 clt=0 wrkr=3 slot=3 size=17 src=client:0 dst=worker:3
event=resp_recv_ud ts_ns=11866442 id=172 clt=0 wrkr=3 slot=3 size=41 src=worker:3 dst=client:0
event=hand_send ts_ns=11875089 id=172 clt=0 wrkr=3 slot=3 size=10 src=client:0 dst=worker:3
event=resp_rdma_read ts_ns=11994058 id=150 start_ns=10227674 dur_ns=1766384 clt=0 wrkr=11 slot=1 size=512008 src=worker:11 dst=client:0
event=req_send ts_ns=11994058 id=174 clt=0 wrkr=8 slot=7 size=17 src=client:0 dst=worker:8
event=resp_rdma_read ts_ns=12018019 id=149 start_ns=10218713 dur_ns=1799306 clt=0 wrkr=8 slot=6 size=512008 src=worker:8 dst=client:0
event=req_send ts_ns=12018019 id=176 clt=0 wrkr=0 slot=2 size=17 src=client:0 dst=worker:0
event=resp_recv_ud ts_ns=12032550 id=174 clt=0 wrkr=8 slot=7 size=41 src=worker:8 dst=client:0
event=hand_send ts_ns=12041197 id=174 clt=0 wrkr=8 slot=7 size=10 src=client:0 dst=worker:8
event=resp_recv_ud ts_ns=12077315 id=176 clt=0 wrkr=0 slot=2 size=41 src=worker:0 dst=client:0
event=hand_send ts_ns=12085962 id=176 clt=0 wrkr=0 slot=2 size=10 src=client:0 dst=worker:0
event=resp_rdma_read ts_ns=12202765 id=154 start_ns=10432308 dur_ns=1770457 clt=0 wrkr=2 slot=6 size=512008 src=worker:2 dst=client:0
event=req_send ts_ns=12202765 id=178 clt=0 wrkr=6 slot=1 size=17 src=client:0 dst=worker:6
event=resp_recv_ud ts_ns=12239409 id=178 clt=0 wrkr=6 slot=1 size=41 src=worker:6 dst=client:0
event=hand_send ts_ns=12248056 id=178 clt=0 wrkr=6 slot=1 size=10 src=client:0 dst=worker:6
event=resp_rdma_read ts_ns=12330595 id=163 start_ns=10995526 dur_ns=1335069 clt=0 wrkr=11 slot=3 size=512008 src=worker:11 dst=client:0
event=req_send ts_ns=12330595 id=181 clt=0 wrkr=7 slot=2 size=17 src=client:0 dst=worker:7
event=resp_rdma_read ts_ns=12386833 id=160 start_ns=10799958 dur_ns=1586875 clt=0 wrkr=9 slot=2 size=512008 src=worker:9 dst=client:0
event=req_send ts_ns=12386833 id=182 clt=0 wrkr=4 slot=6 size=17 src=client:0 dst=worker:4
event=resp_recv_ud ts_ns=12391834 id=181 clt=0 wrkr=7 slot=2 size=41 src=worker:7 dst=client:0
event=hand_send ts_ns=12400481 id=181 clt=0 wrkr=7 slot=2 size=10 src=client:0 dst=worker:7
event=resp_recv_ud ts_ns=12447916 id=182 clt=0 wrkr=4 slot=6 size=41 src=worker:4 dst=client:0
event=hand_send ts_ns=12456563 id=182 clt=0 wrkr=4 slot=6 size=10 src=client:0 dst=worker:4
event=resp_rdma_read ts_ns=12485678 id=157 start_ns=10564838 dur_ns=1920840 clt=0 wrkr=11 slot=2 size=512008 src=worker:11 dst=client:0
event=req_send ts_ns=12485678 id=184 clt=0 wrkr=4 slot=7 size=17 src=client:0 dst=worker:4
event=resp_recv_ud ts_ns=12545756 id=184 clt=0 wrkr=4 slot=7 size=41 src=worker:4 dst=client:0
event=hand_send ts_ns=12554403 id=184 clt=0 wrkr=4 slot=7 size=10 src=client:0 dst=worker:4
event=resp_rdma_read ts_ns=13024278 id=166 start_ns=11398530 dur_ns=1625748 clt=0 wrkr=9 slot=3 size=512008 src=worker:9 dst=client:0
event=req_send ts_ns=13024278 id=192 clt=0 wrkr=10 slot=0 size=17 src=client:0 dst=worker:10
event=resp_recv_ud ts_ns=13087473 id=192 clt=0 wrkr=10 slot=0 size=41 src=worker:10 dst=client:0
event=hand_send ts_ns=13096120 id=192 clt=0 wrkr=10 slot=0 size=10 src=client:0 dst=worker:10
event=resp_rdma_read ts_ns=13550085 id=172 start_ns=11875089 dur_ns=1674996 clt=0 wrkr=3 slot=3 size=512008 src=worker:3 dst=client:0
event=req_send ts_ns=13550085 id=198 clt=0 wrkr=9 slot=4 size=17 src=client:0 dst=worker:9
event=resp_recv_ud ts_ns=13587699 id=198 clt=0 wrkr=9 slot=4 size=41 src=worker:9 dst=client:0
event=hand_send ts_ns=13596346 id=198 clt=0 wrkr=9 slot=4 size=10 src=client:0 dst=worker:9
event=resp_rdma_read ts_ns=13726503 id=174 start_ns=12041197 dur_ns=1685306 clt=0 wrkr=8 slot=7 size=512008 src=worker:8 dst=client:0
event=req_send ts_ns=13726503 id=199 clt=0 wrkr=7 slot=3 size=17 src=client:0 dst=worker:7
event=resp_recv_ud ts_ns=13764234 id=199 clt=0 wrkr=7 slot=3 size=41 src=worker:7 dst=client:0
event=hand_send ts_ns=13772881 id=199 clt=0 wrkr=7 slot=3 size=10 src=client:0 dst=worker:7
event=resp_rdma_read ts_ns=13796914 id=176 start_ns=12085962 dur_ns=1710952 clt=0 wrkr=0 slot=2 size=512008 src=worker:0 dst=client:0
event=req_send ts_ns=13796914 id=201 clt=0 wrkr=7 slot=4 size=17 src=client:0 dst=worker:7
event=resp_recv_ud ts_ns=13854973 id=201 clt=0 wrkr=7 slot=4 size=41 src=worker:7 dst=client:0
event=hand_send ts_ns=13863620 id=201 clt=0 wrkr=7 slot=4 size=10 src=client:0 dst=worker:7
event=resp_rdma_read ts_ns=13959355 id=178 start_ns=12248056 dur_ns=1711299 clt=0 wrkr=6 slot=1 size=512008 src=worker:6 dst=client:0
event=req_send ts_ns=13959355 id=202 clt=0 wrkr=8 slot=0 size=17 src=client:0 dst=worker:8
event=resp_recv_ud ts_ns=13996083 id=202 clt=0 wrkr=8 slot=0 size=41 src=worker:8 dst=client:0
event=hand_send ts_ns=14004730 id=202 clt=0 wrkr=8 slot=0 size=10 src=client:0 dst=worker:8
event=resp_rdma_read ts_ns=14139879 id=184 start_ns=12554403 dur_ns=1585476 clt=0 wrkr=4 slot=7 size=512008 src=worker:4 dst=client:0
event=req_send ts_ns=14139879 id=206 clt=0 wrkr=6 slot=2 size=17 src=client:0 dst=worker:6
event=resp_recv_ud ts_ns=14198858 id=206 clt=0 wrkr=6 slot=2 size=41 src=worker:6 dst=client:0
event=hand_send ts_ns=14207505 id=206 clt=0 wrkr=6 slot=2 size=10 src=client:0 dst=worker:6
event=resp_rdma_read ts_ns=14289278 id=181 start_ns=12400481 dur_ns=1888797 clt=0 wrkr=7 slot=2 size=512008 src=worker:7 dst=client:0
event=req_send ts_ns=14289278 id=208 clt=0 wrkr=8 slot=1 size=17 src=client:0 dst=worker:8
event=resp_recv_ud ts_ns=14336742 id=208 clt=0 wrkr=8 slot=1 size=41 src=worker:8 dst=client:0
event=resp_rdma_read ts_ns=14338584 id=182 start_ns=12456563 dur_ns=1882021 clt=0 wrkr=4 slot=6 size=512008 src=worker:4 dst=client:0
event=req_send ts_ns=14338584 id=210 clt=0 wrkr=8 slot=2 size=17 src=client:0 dst=worker:8
event=hand_send ts_ns=14345389 id=208 clt=0 wrkr=8 slot=1 size=10 src=client:0 dst=worker:8
event=resp_recv_ud ts_ns=14399786 id=210 clt=0 wrkr=8 slot=2 size=41 src=worker:8 dst=client:0
event=hand_send ts_ns=14408433 id=210 clt=0 wrkr=8 slot=2 size=10 src=client:0 dst=worker:8
event=resp_rdma_read ts_ns=14729965 id=192 start_ns=13096120 dur_ns=1633845 clt=0 wrkr=10 slot=0 size=512008 src=worker:10 dst=client:0
event=req_send ts_ns=14729965 id=217 clt=0 wrkr=0 slot=3 size=17 src=client:0 dst=worker:0
event=resp_recv_ud ts_ns=14793400 id=217 clt=0 wrkr=0 slot=3 size=41 src=worker:0 dst=client:0
event=hand_send ts_ns=14802047 id=217 clt=0 wrkr=0 slot=3 size=10 src=client:0 dst=worker:0
event=resp_rdma_read ts_ns=15100370 id=198 start_ns=13596346 dur_ns=1504024 clt=0 wrkr=9 slot=4 size=512008 src=worker:9 dst=client:0
event=req_send ts_ns=15100370 id=222 clt=0 wrkr=5 slot=6 size=17 src=client:0 dst=worker:5
event=resp_rdma_read ts_ns=15157607 id=201 start_ns=13863620 dur_ns=1293987 clt=0 wrkr=7 slot=4 size=512008 src=worker:7 dst=client:0
event=req_send ts_ns=15157607 id=223 clt=0 wrkr=7 slot=5 size=17 src=client:0 dst=worker:7
event=resp_recv_ud ts_ns=15165709 id=222 clt=0 wrkr=5 slot=6 size=41 src=worker:5 dst=client:0
event=hand_send ts_ns=15174356 id=222 clt=0 wrkr=5 slot=6 size=10 src=client:0 dst=worker:5
event=resp_recv_ud ts_ns=15218978 id=223 clt=0 wrkr=7 slot=5 size=41 src=worker:7 dst=client:0
event=hand_send ts_ns=15227625 id=223 clt=0 wrkr=7 slot=5 size=10 src=client:0 dst=worker:7
event=resp_rdma_read ts_ns=15447979 id=199 start_ns=13772881 dur_ns=1675098 clt=0 wrkr=7 slot=3 size=512008 src=worker:7 dst=client:0
event=req_send ts_ns=15447979 id=224 clt=0 wrkr=11 slot=4 size=17 src=client:0 dst=worker:11
event=resp_rdma_read ts_ns=15462521 id=202 start_ns=14004730 dur_ns=1457791 clt=0 wrkr=8 slot=0 size=512008 src=worker:8 dst=client:0
event=req_send ts_ns=15462521 id=225 clt=0 wrkr=3 slot=4 size=17 src=client:0 dst=worker:3
event=resp_rdma_read ts_ns=15463733 id=206 start_ns=14207505 dur_ns=1256228 clt=0 wrkr=6 slot=2 size=512008 src=worker:6 dst=client:0
event=req_send ts_ns=15463733 id=226 clt=0 wrkr=3 slot=5 size=17 src=client:0 dst=worker:3
event=resp_recv_ud ts_ns=15489454 id=224 clt=0 wrkr=11 slot=4 size=41 src=worker:11 dst=client:0
event=hand_send ts_ns=15498101 id=224 clt=0 wrkr=11 slot=4 size=10 src=client:0 dst=worker:11
event=resp_recv_ud ts_ns=15524432 id=225 clt=0 wrkr=3 slot=4 size=41 src=worker:3 dst=client:0
event=resp_recv_ud ts_ns=15525531 id=226 clt=0 wrkr=3 slot=5 size=41 src=worker:3 dst=client:0
event=hand_send ts_ns=15533079 id=225 clt=0 wrkr=3 slot=4 size=10 src=client:0 dst=worker:3
event=hand_send ts_ns=15534178 id=226 clt=0 wrkr=3 slot=5 size=10 src=client:0 dst=worker:3
event=resp_rdma_read ts_ns=16135480 id=210 start_ns=14408433 dur_ns=1727047 clt=0 wrkr=8 slot=2 size=512008 src=worker:8 dst=client:0
event=req_send ts_ns=16135480 id=233 clt=0 wrkr=8 slot=3 size=17 src=client:0 dst=worker:8
event=resp_rdma_read ts_ns=16162179 id=208 start_ns=14345389 dur_ns=1816790 clt=0 wrkr=8 slot=1 size=512008 src=worker:8 dst=client:0
event=req_send ts_ns=16162179 id=234 clt=0 wrkr=0 slot=4 size=17 src=client:0 dst=worker:0
event=resp_recv_ud ts_ns=16198158 id=233 clt=0 wrkr=8 slot=3 size=41 src=worker:8 dst=client:0
event=hand_send ts_ns=16206805 id=233 clt=0 wrkr=8 slot=3 size=10 src=client:0 dst=worker:8
event=resp_recv_ud ts_ns=16218197 id=234 clt=0 wrkr=0 slot=4 size=41 src=worker:0 dst=client:0
event=hand_send ts_ns=16226844 id=234 clt=0 wrkr=0 slot=4 size=10 src=client:0 dst=worker:0
event=resp_rdma_read ts_ns=16552604 id=223 start_ns=15227625 dur_ns=1324979 clt=0 wrkr=7 slot=5 size=512008 src=worker:7 dst=client:0
event=req_send ts_ns=16552604 id=240 clt=0 wrkr=9 slot=5 size=17 src=client:0 dst=worker:9
event=resp_recv_ud ts_ns=16611314 id=240 clt=0 wrkr=9 slot=5 size=41 src=worker:9 dst=client:0
event=hand_send ts_ns=16619961 id=240 clt=0 wrkr=9 slot=5 size=10 src=client:0 dst=worker:9
event=resp_rdma_read ts_ns=16723103 id=217 start_ns=14802047 dur_ns=1921056 clt=0 wrkr=0 slot=3 size=512008 src=worker:0 dst=client:0
event=req_send ts_ns=16723103 id=244 clt=0 wrkr=9 slot=6 size=17 src=client:0 dst=worker:9
event=resp_recv_ud ts_ns=16785421 id=244 clt=0 wrkr=9 slot=6 size=41 src=worker:9 dst=client:0
event=hand_send ts_ns=16794068 id=244 clt=0 wrkr=9 slot=6 size=10 src=client:0 dst=worker:9
event=resp_rdma_read ts_ns=16878141 id=222 start_ns=15174356 dur_ns=1703785 clt=0 wrkr=5 slot=6 size=512008 src=worker:5 dst=client:0
event=req_send ts_ns=16878141 id=246 clt=0 wrkr=6 slot=3 size=17 src=client:0 dst=worker:6
event=resp_recv_ud ts_ns=16931708 id=246 clt=0 wrkr=6 slot=3 size=41 src=worker:6 dst=client:0
event=hand_send ts_ns=16940355 id=246 clt=0 wrkr=6 slot=3 size=10 src=client:0 dst=worker:6
event=resp_rdma_read ts_ns=17120220 id=225 start_ns=15533079 dur_ns=1587141 clt=0 wrkr=3 slot=4 size=512008 src=worker:3 dst=client:0
event=req_send ts_ns=17120220 id=248 clt=0 wrkr=7 slot=6 size=17 src=client:0 dst=worker:7
event=resp_rdma_read ts_ns=17130895 id=224 start_ns=15498101 dur_ns=1632794 clt=0 wrkr=11 slot=4 size=512008 src=worker:11 dst=client:0
event=req_send ts_ns=17130895 id=250 clt=0 wrkr=5 slot=7 size=17 src=client:0 dst=worker:5
event=resp_recv_ud ts_ns=17163465 id=248 clt=0 wrkr=7 slot=6 size=41 src=worker:7 dst=client:0
event=hand_send ts_ns=17172112 id=248 clt=0 wrkr=7 slot=6 size=10 src=client:0 dst=worker:7
event=resp_recv_ud ts_ns=17194887 id=250 clt=0 wrkr=5 slot=7 size=41 src=worker:5 dst=client:0
event=hand_send ts_ns=17203534 id=250 clt=0 wrkr=5 slot=7 size=10 src=client:0 dst=worker:5
event=resp_rdma_read ts_ns=17298876 id=226 start_ns=15534178 dur_ns=1764698 clt=0 wrkr=3 slot=5 size=512008 src=worker:3 dst=client:0
event=req_send ts_ns=17298876 id=253 clt=0 wrkr=5 slot=0 size=17 src=client:0 dst=worker:5
event=resp_recv_ud ts_ns=17359668 id=253 clt=0 wrkr=5 slot=0 size=41 src=worker:5 dst=client:0
event=hand_send ts_ns=17368315 id=253 clt=0 wrkr=5 slot=0 size=10 src=client:0 dst=worker:5
event=resp_rdma_read ts_ns=17850327 id=234 start_ns=16226844 dur_ns=1623483 clt=0 wrkr=0 slot=4 size=512008 src=worker:0 dst=client:0
event=req_send ts_ns=17850327 id=257 clt=0 wrkr=5 slot=1 size=17 src=client:0 dst=worker:5
event=resp_recv_ud ts_ns=17906255 id=257 clt=0 wrkr=5 slot=1 size=41 src=worker:5 dst=client:0
event=hand_send ts_ns=17914902 id=257 clt=0 wrkr=5 slot=1 size=10 src=client:0 dst=worker:5
event=resp_rdma_read ts_ns=17917448 id=233 start_ns=16206805 dur_ns=1710643 clt=0 wrkr=8 slot=3 size=512008 src=worker:8 dst=client:0
event=req_send ts_ns=17917448 id=258 clt=0 wrkr=1 slot=4 size=17 src=client:0 dst=worker:1
event=resp_recv_ud ts_ns=17976326 id=258 clt=0 wrkr=1 slot=4 size=41 src=worker:1 dst=client:0
event=hand_send ts_ns=17984973 id=258 clt=0 wrkr=1 slot=4 size=10 src=client:0 dst=worker:1
event=resp_rdma_read ts_ns=18315940 id=244 start_ns=16794068 dur_ns=1521872 clt=0 wrkr=9 slot=6 size=512008 src=worker:9 dst=client:0
event=req_send ts_ns=18315940 id=263 clt=0 wrkr=3 slot=6 size=17 src=client:0 dst=worker:3
event=resp_recv_ud ts_ns=18355409 id=263 clt=0 wrkr=3 slot=6 size=41 src=worker:3 dst=client:0
event=hand_send ts_ns=18364056 id=263 clt=0 wrkr=3 slot=6 size=10 src=client:0 dst=worker:3
event=resp_rdma_read ts_ns=18460033 id=246 start_ns=16940355 dur_ns=1519678 clt=0 wrkr=6 slot=3 size=512008 src=worker:6 dst=client:0
event=req_send ts_ns=18460033 id=266 clt=0 wrkr=2 slot=7 size=17 src=client:0 dst=worker:2
event=resp_rdma_read ts_ns=18467721 id=240 start_ns=16619961 dur_ns=1847760 clt=0 wrkr=9 slot=5 size=512008 src=worker:9 dst=client:0
event=req_send ts_ns=18467721 id=267 clt=0 wrkr=5 slot=2 size=17 src=client:0 dst=worker:5
event=resp_recv_ud ts_ns=18510331 id=266 clt=0 wrkr=2 slot=7 size=41 src=worker:2 dst=client:0
event=hand_send ts_ns=18518978 id=266 clt=0 wrkr=2 slot=7 size=10 src=client:0 dst=worker:2
event=resp_recv_ud ts_ns=18528593 id=267 clt=0 wrkr=5 slot=2 size=41 src=worker:5 dst=client:0
event=hand_send ts_ns=18537240 id=267 clt=0 wrkr=5 slot=2 size=10 src=client:0 dst=worker:5
event=resp_rdma_read ts_ns=18632775 id=250 start_ns=17203534 dur_ns=1429241 clt=0 wrkr=5 slot=7 size=512008 src=worker:5 dst=client:0
event=req_send ts_ns=18632775 id=271 clt=0 wrkr=5 slot=3 size=17 src=client:0 dst=worker:5
event=resp_recv_ud ts_ns=18695241 id=271 clt=0 wrkr=5 slot=3 size=41 src=worker:5 dst=client:0
event=hand_send ts_ns=18703888 id=271 clt=0 wrkr=5 slot=3 size=10 src=client:0 dst=worker:5
event=resp_rdma_read ts_ns=18802863 id=253 start_ns=17368315 dur_ns=1434548 clt=0 wrkr=5 slot=0 size=512008 src=worker:5 dst=client:0
event=req_send ts_ns=18802863 id=274 clt=0 wrkr=10 slot=1 size=17 src=client:0 dst=worker:10
event=resp_rdma_read ts_ns=18812028 id=248 start_ns=17172112 dur_ns=1639916 clt=0 wrkr=7 slot=6 size=512008 src=worker:7 dst=client:0
event=req_send ts_ns=18812028 id=275 clt=0 wrkr=1 slot=5 size=17 src=client:0 dst=worker:1
event=resp_recv_ud ts_ns=18867977 id=274 clt=0 wrkr=10 slot=1 size=41 src=worker:10 dst=client:0
event=hand_send ts_ns=18876624 id=274 clt=0 wrkr=10 slot=1 size=10 src=client:0 dst=worker:10
event=resp_recv_ud ts_ns=18877239 id=275 clt=0 wrkr=1 slot=5 size=41 src=worker:1 dst=client:0
event=hand_send ts_ns=18885886 id=275 clt=0 wrkr=1 slot=5 size=10 src=client:0 dst=worker:1
event=resp_rdma_read ts_ns=19323355 id=257 start_ns=17914902 dur_ns=1408453 clt=0 wrkr=5 slot=1 size=512008 src=worker:5 dst=client:0
event=req_send ts_ns=19323355 id=280 clt=0 wrkr=4 slot=0 size=17 src=client:0 dst=worker:4
event=resp_recv_ud ts_ns=19363195 id=280 clt=0 wrkr=4 slot=0 size=41 src=worker:4 dst=client:0
event=hand_send ts_ns=19371842 id=280 clt=0 wrkr=4 slot=0 size=10 src=client:0 dst=worker:4
event=resp_rdma_read ts_ns=19579766 id=258 start_ns=17984973 dur_ns=1594793 clt=0 wrkr=1 slot=4 size=512008 src=worker:1 dst=client:0
event=req_send ts_ns=19579766 id=285 clt=0 wrkr=6 slot=4 size=17 src=client:0 dst=worker:6
event=resp_recv_ud ts_ns=19638699 id=285 clt=0 wrkr=6 slot=4 size=41 src=worker:6 dst=client:0
event=hand_send ts_ns=19647346 id=285 clt=0 wrkr=6 slot=4 size=10 src=client:0 dst=worker:6
event=resp_rdma_read ts_ns=19871550 id=267 start_ns=18537240 dur_ns=1334310 clt=0 wrkr=5 slot=2 size=512008 src=worker:5 dst=client:0
event=req_send ts_ns=19871550 id=290 clt=0 wrkr=5 slot=4 size=17 src=client:0 dst=worker:5
event=resp_recv_ud ts_ns=19931280 id=290 clt=0 wrkr=5 slot=4 size=41 src=worker:5 dst=client:0
event=hand_send ts_ns=19939927 id=290 clt=0 wrkr=5 slot=4 size=10 src=client:0 dst=worker:5
event=resp_rdma_read ts_ns=20121787 id=263 start_ns=18364056 dur_ns=1757731 clt=0 wrkr=3 slot=6 size=512008 src=worker:3 dst=client:0
event=req_send ts_ns=20121787 id=292 clt=0 wrkr=6 slot=5 size=17 src=client:0 dst=worker:6
event=resp_recv_ud ts_ns=20165778 id=292 clt=0 wrkr=6 slot=5 size=41 src=worker:6 dst=client:0
event=hand_send ts_ns=20174425 id=292 clt=0 wrkr=6 slot=5 size=10 src=client:0 dst=worker:6
event=resp_rdma_read ts_ns=20252408 id=266 start_ns=18518978 dur_ns=1733430 clt=0 wrkr=2 slot=7 size=512008 src=worker:2 dst=client:0
event=req_send ts_ns=20252408 id=294 clt=0 wrkr=11 slot=5 size=17 src=client:0 dst=worker:11
event=resp_recv_ud ts_ns=20314370 id=294 clt=0 wrkr=11 slot=5 size=41 src=worker:11 dst=client:0
event=hand_send ts_ns=20323017 id=294 clt=0 wrkr=11 slot=5 size=10 src=client:0 dst=worker:11
event=resp_rdma_read ts_ns=20501443 id=274 start_ns=18876624 dur_ns=1624819 clt=0 wrkr=10 slot=1 size=512008 src=worker:10 dst=client:0
event=req_send ts_ns=20501443 id=296 clt=0 wrkr=5 slot=5 size=17 src=client:0 dst=worker:5
event=resp_recv_ud ts_ns=20542159 id=296 clt=0 wrkr=5 slot=5 size=41 src=worker:5 dst=client:0
event=hand_send ts_ns=20550806 id=296 clt=0 wrkr=5 slot=5 size=10 src=client:0 dst=worker:5
event=resp_rdma_read ts_ns=20567533 id=271 start_ns=18703888 dur_ns=1863645 clt=0 wrkr=5 slot=3 size=512008 src=worker:5 dst=client:0
event=req_send ts_ns=20567533 id=298 clt=0 wrkr=2 slot=0 size=17 src=client:0 dst=worker:2
event=resp_recv_ud ts_ns=20626523 id=298 clt=0 wrkr=2 slot=0 size=41 src=worker:2 dst=client:0
event=hand_send ts_ns=20635170 id=298 clt=0 wrkr=2 slot=0 size=10 src=client:0 dst=worker:2
event=resp_rdma_read ts_ns=20712921 id=275 start_ns=18885886 dur_ns=1827035 clt=0 wrkr=1 slot=5 size=512008 src=worker:1 dst=client:0
event=req_send ts_ns=20712921 id=301 clt=0 wrkr=11 slot=6 size=17 src=client:0 dst=worker:11
event=resp_recv_ud ts_ns=20761688 id=301 clt=0 wrkr=11 slot=6 size=41 src=worker:11 dst=client:0
event=hand_send ts_ns=20770335 id=301 clt=0 wrkr=11 slot=6 size=10 src=client:0 dst=worker:11
event=resp_rdma_read ts_ns=20940386 id=280 start_ns=19371842 dur_ns=1568544 clt=0 wrkr=4 slot=0 size=512008 src=worker:4 dst=client:0
event=req_send ts_ns=20940386 id=304 clt=0 wrkr=6 slot=6 size=17 src=client:0 dst=worker:6
event=resp_recv_ud ts_ns=20989295 id=304 clt=0 wrkr=6 slot=6 size=41 src=worker:6 dst=client:0
event=hand_send ts_ns=20997942 id=304 clt=0 wrkr=6 slot=6 size=10 src=client:0 dst=worker:6
event=resp_rdma_read ts_ns=21197016 id=285 start_ns=19647346 dur_ns=1549670 clt=0 wrkr=6 slot=4 size=512008 src=worker:6 dst=client:0
event=req_send ts_ns=21197016 id=308 clt=0 wrkr=10 slot=2 size=17 src=client:0 dst=worker:10
event=resp_recv_ud ts_ns=21252114 id=308 clt=0 wrkr=10 slot=2 size=41 src=worker:10 dst=client:0
event=hand_send ts_ns=21260761 id=308 clt=0 wrkr=10 slot=2 size=10 src=client:0 dst=worker:10
event=resp_rdma_read ts_ns=21501624 id=290 start_ns=19939927 dur_ns=1561697 clt=0 wrkr=5 slot=4 size=512008 src=worker:5 dst=client:0
event=req_send ts_ns=21501624 id=310 clt=0 wrkr=11 slot=7 size=17 src=client:0 dst=worker:11
event=resp_recv_ud ts_ns=21539337 id=310 clt=0 wrkr=11 slot=7 size=41 src=worker:11 dst=client:0
event=hand_send ts_ns=21547984 id=310 clt=0 wrkr=11 slot=7 size=10 src=client:0 dst=worker:11
event=resp_rdma_read ts_ns=21551559 id=292 start_ns=20174425 dur_ns=1377134 clt=0 wrkr=6 slot=5 size=512008 src=worker:6 dst=client:0
event=req_send ts_ns=21551559 id=311 clt=0 wrkr=3 slot=7 size=17 src=client:0 dst=worker:3
event=resp_recv_ud ts_ns=21612672 id=311 clt=0 wrkr=3 slot=7 size=41 src=worker:3 dst=client:0
event=hand_send ts_ns=21621319 id=311 clt=0 wrkr=3 slot=7 size=10 src=client:0 dst=worker:3
event=resp_rdma_read ts_ns=21694154 id=294 start_ns=20323017 dur_ns=1371137 clt=0 wrkr=11 slot=5 size=512008 src=worker:11 dst=client:0
event=req_send ts_ns=21694154 id=317 clt=0 wrkr=8 slot=4 size=17 src=client:0 dst=worker:8
event=resp_recv_ud ts_ns=21756447 id=317 clt=0 wrkr=8 slot=4 size=41 src=worker:8 dst=client:0
event=hand_send ts_ns=21765094 id=317 clt=0 wrkr=8 slot=4 size=10 src=client:0 dst=worker:8
event=resp_rdma_read ts_ns=22126353 id=296 start_ns=20550806 dur_ns=1575547 clt=0 wrkr=5 slot=5 size=512008 src=worker:5 dst=client:0
event=req_send ts_ns=22126353 id=322 clt=0 wrkr=2 slot=1 size=17 src=client:0 dst=worker:2
event=resp_recv_ud ts_ns=22189492 id=322 clt=0 wrkr=2 slot=1 size=41 src=worker:2 dst=client:0
event=hand_send ts_ns=22198139 id=322 clt=0 wrkr=2 slot=1 size=10 src=client:0 dst=worker:2
event=resp_rdma_read ts_ns=22300377 id=298 start_ns=20635170 dur_ns=1665207 clt=0 wrkr=2 slot=0 size=512008 src=worker:2 dst=client:0
event=req_send ts_ns=22300377 id=324 clt=0 wrkr=3 slot=0 size=17 src=client:0 dst=worker:3
event=resp_recv_ud ts_ns=22351306 id=324 clt=0 wrkr=3 slot=0 size=41 src=worker:3 dst=client:0
event=hand_send ts_ns=22359953 id=324 clt=0 wrkr=3 slot=0 size=10 src=client:0 dst=worker:3
event=resp_rdma_read ts_ns=22596922 id=301 start_ns=20770335 dur_ns=1826587 clt=0 wrkr=11 slot=6 size=512008 src=worker:11 dst=client:0
event=req_send ts_ns=22596922 id=327 clt=0 wrkr=11 slot=0 size=17 src=client:0 dst=worker:11
event=resp_recv_ud ts_ns=22644224 id=327 clt=0 wrkr=11 slot=0 size=41 src=worker:11 dst=client:0
event=hand_send ts_ns=22652871 id=327 clt=0 wrkr=11 slot=0 size=10 src=client:0 dst=worker:11
event=resp_rdma_read ts_ns=22827384 id=304 start_ns=20997942 dur_ns=1829442 clt=0 wrkr=6 slot=6 size=512008 src=worker:6 dst=client:0
event=req_send ts_ns=22827384 id=330 clt=0 wrkr=5 slot=6 size=17 src=client:0 dst=worker:5
event=resp_recv_ud ts_ns=22884811 id=330 clt=0 wrkr=5 slot=6 size=41 src=worker:5 dst=client:0
event=hand_send ts_ns=22893458 id=330 clt=0 wrkr=5 slot=6 size=10 src=client:0 dst=worker:5
event=resp_rdma_read ts_ns=22992837 id=308 start_ns=21260761 dur_ns=1732076 clt=0 wrkr=10 slot=2 size=512008 src=worker:10 dst=client:0
event=req_send ts_ns=22992837 id=333 clt=0 wrkr=2 slot=2 size=17 src=client:0 dst=worker:2
event=resp_recv_ud ts_ns=23044759 id=333 clt=0 wrkr=2 slot=2 size=41 src=worker:2 dst=client:0
event=hand_send ts_ns=23053406 id=333 clt=0 wrkr=2 slot=2 size=10 src=client:0 dst=worker:2
event=resp_rdma_read ts_ns=23143352 id=310 start_ns=21547984 dur_ns=1595368 clt=0 wrkr=11 slot=7 size=512008 src=worker:11 dst=client:0
event=req_send ts_ns=23143352 id=334 clt=0 wrkr=10 slot=3 size=17 src=client:0 dst=worker:10
event=resp_recv_ud ts_ns=23179845 id=334 clt=0 wrkr=10 slot=3 size=41 src=worker:10 dst=client:0
event=hand_send ts_ns=23188492 id=334 clt=0 wrkr=10 slot=3 size=10 src=client:0 dst=worker:10
event=resp_rdma_read ts_ns=23368273 id=311 start_ns=21621319 dur_ns=1746954 clt=0 wrkr=3 slot=7 size=512008 src=worker:3 dst=client:0
event=req_send ts_ns=23368273 id=336 clt=0 wrkr=11 slot=1 size=17 src=client:0 dst=worker:11
event=resp_recv_ud ts_ns=23426262 id=336 clt=0 wrkr=11 slot=1 size=41 src=worker:11 dst=client:0
event=hand_send ts_ns=23434909 id=336 clt=0 wrkr=11 slot=1 size=10 src=client:0 dst=worker:11
event=resp_rdma_read ts_ns=23529989 id=317 start_ns=21765094 dur_ns=1764895 clt=0 wrkr=8 slot=4 size=512008 src=worker:8 dst=client:0
event=req_send ts_ns=23529989 id=339 clt=0 wrkr=9 slot=7 size=17 src=client:0 dst=worker:9
event=resp_recv_ud ts_ns=23586514 id=339 clt=0 wrkr=9 slot=7 size=41 src=worker:9 dst=client:0
event=hand_send ts_ns=23595161 id=339 clt=0 wrkr=9 slot=7 size=10 src=client:0 dst=worker:9
event=resp_rdma_read ts_ns=23666194 id=324 start_ns=22359953 dur_ns=1306241 clt=0 wrkr=3 slot=0 size=512008 src=worker:3 dst=client:0
event=req_send ts_ns=23666194 id=342 clt=0 wrkr=2 slot=3 size=17 src=client:0 dst=worker:2
event=resp_recv_ud ts_ns=23724705 id=342 clt=0 wrkr=2 slot=3 size=41 src=worker:2 dst=client:0
event=hand_send ts_ns=23733352 id=342 clt=0 wrkr=2 slot=3 size=10 src=client:0 dst=worker:2
event=resp_rdma_read ts_ns=23861914 id=322 start_ns=22198139 dur_ns=1663775 clt=0 wrkr=2 slot=1 size=512008 src=worker:2 dst=client:0
event=req_send ts_ns=23861914 id=346 clt=0 wrkr=6 slot=7 size=17 src=client:0 dst=worker:6
event=resp_rdma_read ts_ns=23866046 id=327 start_ns=22652871 dur_ns=1213175 clt=0 wrkr=11 slot=0 size=512008 src=worker:11 dst=client:0
event=req_send ts_ns=23866046 id=347 clt=0 wrkr=3 slot=1 size=17 src=client:0 dst=worker:3
event=resp_recv_ud ts_ns=23920837 id=346 clt=0 wrkr=6 slot=7 size=41 src=worker:6 dst=client:0
event=hand_send ts_ns=23929484 id=346 clt=0 wrkr=6 slot=7 size=10 src=client:0 dst=worker:6
event=resp_recv_ud ts_ns=23930533 id=347 clt=0 wrkr=3 slot=1 size=41 src=worker:3 dst=client:0
event=hand_send ts_ns=23939180 id=347 clt=0 wrkr=3 slot=1 size=10 src=client:0 dst=worker:3
event=resp_rdma_read ts_ns=24381160 id=333 start_ns=23053406 dur_ns=1327754 clt=0 wrkr=2 slot=2 size=512008 src=worker:2 dst=client:0
event=req_send ts_ns=24381160 id=354 clt=0 wrkr=7 slot=7 size=17 src=client:0 dst=worker:7
event=resp_recv_ud ts_ns=24437087 id=354 clt=0 wrkr=7 slot=7 size=41 src=worker:7 dst=client:0
event=resp_rdma_read ts_ns=24441180 id=330 start_ns=22893458 dur_ns=1547722 clt=0 wrkr=5 slot=6 size=512008 src=worker:5 dst=client:0
event=req_send ts_ns=24441180 id=355 clt=0 wrkr=1 slot=6 size=17 src=client:0 dst=worker:1
event=hand_send ts_ns=24445734 id=354 clt=0 wrkr=7 slot=7 size=10 src=client:0 dst=worker:7
event=resp_recv_ud ts_ns=24499660 id=355 clt=0 wrkr=1 slot=6 size=41 src=worker:1 dst=client:0
event=hand_send ts_ns=24508307 id=355 clt=0 wrkr=1 slot=6 size=10 src=client:0 dst=worker:1
event=resp_rdma_read ts_ns=24675381 id=334 start_ns=23188492 dur_ns=1486889 clt=0 wrkr=10 slot=3 size=512008 src=worker:10 dst=client:0
event=req_send ts_ns=24675381 id=357 clt=0 wrkr=10 slot=4 size=17 src=client:0 dst=worker:10
event=resp_recv_ud ts_ns=24712540 id=357 clt=0 wrkr=10 slot=4 size=41 src=worker:10 dst=client:0
event=hand_send ts_ns=24721187 id=357 clt=0 wrkr=10 slot=4 size=10 src=client:0 dst=worker:10
event=resp_rdma_read ts_ns=25126919 id=336 start_ns=23434909 dur_ns=1692010 clt=0 wrkr=11 slot=1 size=512008 src=worker:11 dst=client:0
event=req_send ts_ns=25126919 id=361 clt=0 wrkr=4 slot=1 size=17 src=client:0 dst=worker:4
event=resp_rdma_read ts_ns=25177629 id=339 start_ns=23595161 dur_ns=1582468 clt=0 wrkr=9 slot=7 size=512008 src=worker:9 dst=client:0
event=req_send ts_ns=25177629 id=362 clt=0 wrkr=1 slot=7 size=17 src=client:0 dst=worker:1
event=resp_recv_ud ts_ns=25187758 id=361 clt=0 wrkr=4 slot=1 size=41 src=worker:4 dst=client:0
event=hand_send ts_ns=25196405 id=361 clt=0 wrkr=4 slot=1 size=10 src=client:0 dst=worker:4
event=resp_recv_ud ts_ns=25234913 id=362 clt=0 wrkr=1 slot=7 size=41 src=worker:1 dst=client:0
event=hand_send ts_ns=25243560 id=362 clt=0 wrkr=1 slot=7 size=10 src=client:0 dst=worker:1
event=resp_rdma_read ts_ns=25533166 id=342 start_ns=23733352 dur_ns=1799814 clt=0 wrkr=2 slot=3 size=512008 src=worker:2 dst=client:0
event=req_send ts_ns=25533166 id=368 clt=0 wrkr=3 slot=2 size=17 src=client:0 dst=worker:3
event=resp_recv_ud ts_ns=25577043 id=368 clt=0 wrkr=3 slot=2 size=41 src=worker:3 dst=client:0
event=hand_send ts_ns=25585690 id=368 clt=0 wrkr=3 slot=2 size=10 src=client:0 dst=worker:3
event=resp_rdma_read ts_ns=25634186 id=347 start_ns=23939180 dur_ns=1695006 clt=0 wrkr=3 slot=1 size=512008 src=worker:3 dst=client:0
event=req_send ts_ns=25634186 id=370 clt=0 wrkr=8 slot=5 size=17 src=client:0 dst=worker:8
event=resp_recv_ud ts_ns=25695312 id=370 clt=0 wrkr=8 slot=5 size=41 src=worker:8 dst=client:0
event=hand_send ts_ns=25703959 id=370 clt=0 wrkr=8 slot=5 size=10 src=client:0 dst=worker:8
event=resp_rdma_read ts_ns=25733916 id=346 start_ns=23929484 dur_ns=1804432 clt=0 wrkr=6 slot=7 size=512008 src=worker:6 dst=client:0
event=req_send ts_ns=25733916 id=371 clt=0 wrkr=5 slot=7 size=17 src=client:0 dst=worker:5
event=resp_rdma_read ts_ns=25777635 id=354 start_ns=24445734 dur_ns=1331901 clt=0 wrkr=7 slot=7 size=512008 src=worker:7 dst=client:0
event=req_send ts_ns=25777635 id=373 clt=0 wrkr=7 slot=0 size=17 src=client:0 dst=worker:7
event=resp_recv_ud ts_ns=25793307 id=371 clt=0 wrkr=5 slot=7 size=41 src=worker:5 dst=client:0
event=hand_send ts_ns=25801954 id=371 clt=0 wrkr=5 slot=7 size=10 src=client:0 dst=worker:5
event=resp_recv_ud ts_ns=25839561 id=373 clt=0 wrkr=7 slot=0 size=41 src=worker:7 dst=client:0
event=hand_send ts_ns=25848208 id=373 clt=0 wrkr=7 slot=0 size=10 src=client:0 dst=worker:7
event=resp_rdma_read ts_ns=26053422 id=355 start_ns=24508307 dur_ns=1545115 clt=0 wrkr=1 slot=6 size=512008 src=worker:1 dst=client:0
event=req_send ts_ns=26053422 id=377 clt=0 wrkr=11 slot=2 size=17 src=client:0 dst=worker:11
event=resp_recv_ud ts_ns=26094742 id=377 clt=0 wrkr=11 slot=2 size=41 src=worker:11 dst=client:0
event=hand_send ts_ns=26103389 id=377 clt=0 wrkr=11 slot=2 size=10 src=client:0 dst=worker:11
event=resp_rdma_read ts_ns=26198874 id=357 start_ns=24721187 dur_ns=1477687 clt=0 wrkr=10 slot=4 size=512008 src=worker:10 dst=client:0
event=req_send ts_ns=26198874 id=380 clt=0 wrkr=5 slot=0 size=17 src=client:0 dst=worker:5
event=resp_recv_ud ts_ns=26263019 id=380 clt=0 wrkr=5 slot=0 size=41 src=worker:5 dst=client:0
event=hand_send ts_ns=26271666 id=380 clt=0 wrkr=5 slot=0 size=10 src=client:0 dst=worker:5
event=resp_rdma_read ts_ns=26879770 id=361 start_ns=25196405 dur_ns=1683365 clt=0 wrkr=4 slot=1 size=512008 src=worker:4 dst=client:0
event=req_send ts_ns=26879770 id=387 clt=0 wrkr=5 slot=1 size=17 src=client:0 dst=worker:5
event=resp_rdma_read ts_ns=26902447 id=362 start_ns=25243560 dur_ns=1658887 clt=0 wrkr=1 slot=7 size=512008 src=worker:1 dst=client:0
event=req_send ts_ns=26902447 id=388 clt=0 wrkr=0 slot=5 size=17 src=client:0 dst=worker:0
event=resp_recv_ud ts_ns=26939923 id=387 clt=0 wrkr=5 slot=1 size=41 src=worker:5 dst=client:0
event=hand_send ts_ns=26948570 id=387 clt=0 wrkr=5 slot=1 size=10 src=client:0 dst=worker:5
event=resp_recv_ud ts_ns=26955126 id=388 clt=0 wrkr=0 slot=5 size=41 src=worker:0 dst=client:0
event=hand_send ts_ns=26963773 id=388 clt=0 wrkr=0 slot=5 size=10 src=client:0 dst=worker:0
event=resp_rdma_read ts_ns=27048136 id=368 start_ns=25585690 dur_ns=1462446 clt=0 wrkr=3 slot=2 size=512008 src=worker:3 dst=client:0
event=req_send ts_ns=27048136 id=390 clt=0 wrkr=1 slot=0 size=17 src=client:0 dst=worker:1
event=resp_recv_ud ts_ns=27103940 id=390 clt=0 wrkr=1 slot=0 size=41 src=worker:1 dst=client:0
event=hand_send ts_ns=27112587 id=390 clt=0 wrkr=1 slot=0 size=10 src=client:0 dst=worker:1
event=resp_rdma_read ts_ns=27177205 id=370 start_ns=25703959 dur_ns=1473246 clt=0 wrkr=8 slot=5 size=512008 src=worker:8 dst=client:0
event=req_send ts_ns=27177205 id=392 clt=0 wrkr=8 slot=6 size=17 src=client:0 dst=worker:8
event=resp_recv_ud ts_ns=27234103 id=392 clt=0 wrkr=8 slot=6 size=41 src=worker:8 dst=client:0
event=hand_send ts_ns=27242750 id=392 clt=0 wrkr=8 slot=6 size=10 src=client:0 dst=worker:8
event=resp_rdma_read ts_ns=27304835 id=373 start_ns=25848208 dur_ns=1456627 clt=0 wrkr=7 slot=0 size=512008 src=worker:7 dst=client:0
event=req_send ts_ns=27304835 id=394 clt=0 wrkr=9 slot=0 size=17 src=client:0 dst=worker:9
event=resp_recv_ud ts_ns=27350104 id=394 clt=0 wrkr=9 slot=0 size=41 src=worker:9 dst=client:0
event=hand_send ts_ns=27358751 id=394 clt=0 wrkr=9 slot=0 size=10 src=client:0 dst=worker:9
event=resp_rdma_read ts_ns=27510523 id=371 start_ns=25801954 dur_ns=1708569 clt=0 wrkr=5 slot=7 size=512008 src=worker:5 dst=client:0
event=req_send ts_ns=27510523 id=397 clt=0 wrkr=11 slot=3 size=17 src=client:0 dst=worker:11
event=resp_recv_ud ts_ns=27566618 id=397 clt=0 wrkr=11 slot=3 size=41 src=worker:11 dst=client:0
event=hand_send ts_ns=27575265 id=397 clt=0 wrkr=11 slot=3 size=10 src=client:0 dst=worker:11
event=resp_rdma_read ts_ns=27697838 id=380 start_ns=26271666 dur_ns=1426172 clt=0 wrkr=5 slot=0 size=512008 src=worker:5 dst=client:0
event=req_send ts_ns=27697838 id=401 clt=0 wrkr=0 slot=6 size=17 src=client:0 dst=worker:0
event=resp_recv_ud ts_ns=27743921 id=401 clt=0 wrkr=0 slot=6 size=41 src=worker:0 dst=client:0
event=hand_send ts_ns=27752568 id=401 clt=0 wrkr=0 slot=6 size=10 src=client:0 dst=worker:0
event=resp_rdma_read ts_ns=27896291 id=377 start_ns=26103389 dur_ns=1792902 clt=0 wrkr=11 slot=2 size=512008 src=worker:11 dst=client:0
event=req_send ts_ns=27896291 id=405 clt=0 wrkr=0 slot=7 size=17 src=client:0 dst=worker:0
event=resp_recv_ud ts_ns=27953127 id=405 clt=0 wrkr=0 slot=7 size=41 src=worker:0 dst=client:0
event=hand_send ts_ns=27961774 id=405 clt=0 wrkr=0 slot=7 size=10 src=client:0 dst=worker:0
event=resp_rdma_read ts_ns=28348667 id=388 start_ns=26963773 dur_ns=1384894 clt=0 wrkr=0 slot=5 size=512008 src=worker:0 dst=client:0
event=req_send ts_ns=28348667 id=411 clt=0 wrkr=2 slot=4 size=17 src=client:0 dst=worker:2
event=resp_recv_ud ts_ns=28410455 id=411 clt=0 wrkr=2 slot=4 size=41 src=worker:2 dst=client:0
event=hand_send ts_ns=28419102 id=411 clt=0 wrkr=2 slot=4 size=10 src=client:0 dst=worker:2
event=resp_rdma_read ts_ns=28501285 id=387 start_ns=26948570 dur_ns=1552715 clt=0 wrkr=5 slot=1 size=512008 src=worker:5 dst=client:0
event=req_send ts_ns=28501285 id=413 clt=0 wrkr=5 slot=2 size=17 src=client:0 dst=worker:5
event=resp_recv_ud ts_ns=28540207 id=413 clt=0 wrkr=5 slot=2 size=41 src=worker:5 dst=client:0
event=hand_send ts_ns=28548854 id=413 clt=0 wrkr=5 slot=2 size=10 src=client:0 dst=worker:5
event=resp_rdma_read ts_ns=28615430 id=390 start_ns=27112587 dur_ns=1502843 clt=0 wrkr=1 slot=0 size=512008 src=worker:1 dst=client:0
event=req_send ts_ns=28615430 id=414 clt=0 wrkr=8 slot=7 size=17 src=client:0 dst=worker:8
event=resp_recv_ud ts_ns=28653122 id=414 clt=0 wrkr=8 slot=7 size=41 src=worker:8 dst=client:0
event=resp_rdma_read ts_ns=28655127 id=394 start_ns=27358751 dur_ns=1296376 clt=0 wrkr=9 slot=0 size=512008 src=worker:9 dst=client:0
event=req_send ts_ns=28655127 id=415 clt=0 wrkr=2 slot=5 size=17 src=client:0 dst=worker:2
event=hand_send ts_ns=28661769 id=414 clt=0 wrkr=8 slot=7 size=10 src=client:0 dst=worker:8
event=resp_recv_ud ts_ns=28702991 id=415 clt=0 wrkr=2 slot=5 size=41 src=worker:2 dst=client:0
event=hand_send ts_ns=28711638 id=415 clt=0 wrkr=2 slot=5 size=10 src=client:0 dst=worker:2
event=resp_rdma_read ts_ns=28933341 id=392 start_ns=27242750 dur_ns=1690591 clt=0 wrkr=8 slot=6 size=512008 src=worker:8 dst=client:0
event=req_send ts_ns=28933341 id=418 clt=0 wrkr=6 slot=0 size=17 src=client:0 dst=worker:6
event=resp_recv_ud ts_ns=28982348 id=418 clt=0 wrkr=6 slot=0 size=41 src=worker:6 dst=client:0
event=hand_send ts_ns=28990995 id=418 clt=0 wrkr=6 slot=0 size=10 src=client:0 dst=worker:6
event=resp_rdma_read ts_ns=29228651 id=397 start_ns=27575265 dur_ns=1653386 clt=0 wrkr=11 slot=3 size=512008 src=worker:11 dst=client:0
event=req_send ts_ns=29228651 id=419 clt=0 wrkr=1 slot=1 size=17 src=client:0 dst=worker:1
event=resp_rdma_read ts_ns=29256945 id=401 start_ns=27752568 dur_ns=1504377 clt=0 wrkr=0 slot=6 size=512008 src=worker:0 dst=client:0
event=req_send ts_ns=29256945 id=421 clt=0 wrkr=6 slot=1 size=17 src=client:0 dst=worker:6
event=resp_recv_ud ts_ns=29266635 id=419 clt=0 wrkr=1 slot=1 size=41 src=worker:1 dst=client:0
event=hand_send ts_ns=29275282 id=419 clt=0 wrkr=1 slot=1 size=10 src=client:0 dst=worker:1
event=resp_recv_ud ts_ns=29317848 id=421 clt=0 wrkr=6 slot=1 size=41 src=worker:6 dst=client:0
event=hand_send ts_ns=29326495 id=421 clt=0 wrkr=6 slot=1 size=10 src=client:0 dst=worker:6
event=resp_rdma_read ts_ns=29789977 id=405 start_ns=27961774 dur_ns=1828203 clt=0 wrkr=0 slot=7 size=512008 src=worker:0 dst=client:0
event=req_send ts_ns=29789977 id=430 clt=0 wrkr=0 slot=0 size=17 src=client:0 dst=worker:0
event=resp_recv_ud ts_ns=29852516 id=430 clt=0 wrkr=0 slot=0 size=41 src=worker:0 dst=client:0
event=hand_send ts_ns=29861163 id=430 clt=0 wrkr=0 slot=0 size=10 src=client:0 dst=worker:0
event=resp_rdma_read ts_ns=29887635 id=415 start_ns=28711638 dur_ns=1175997 clt=0 wrkr=2 slot=5 size=512008 src=worker:2 dst=client:0
event=req_send ts_ns=29887635 id=432 clt=0 wrkr=2 slot=6 size=17 src=client:0 dst=worker:2
event=resp_recv_ud ts_ns=29939340 id=432 clt=0 wrkr=2 slot=6 size=41 src=worker:2 dst=client:0
event=resp_rdma_read ts_ns=29940901 id=411 start_ns=28419102 dur_ns=1521799 clt=0 wrkr=2 slot=4 size=512008 src=worker:2 dst=client:0
event=req_send ts_ns=29940901 id=434 clt=0 wrkr=7 slot=1 size=17 src=client:0 dst=worker:7
event=hand_send ts_ns=29947987 id=432 clt=0 wrkr=2 slot=6 size=10 src=client:0 dst=worker:2
event=resp_recv_ud ts_ns=30004118 id=434 clt=0 wrkr=7 slot=1 size=41 src=worker:7 dst=client:0
event=resp_rdma_read ts_ns=30008691 id=413 start_ns=28548854 dur_ns=1459837 clt=0 wrkr=5 slot=2 size=512008 src=worker:5 dst=client:0
event=req_send ts_ns=30008691 id=436 clt=0 wrkr=11 slot=4 size=17 src=client:0 dst=worker:11
event=hand_send ts_ns=30012765 id=434 clt=0 wrkr=7 slot=1 size=10 src=client:0 dst=worker:7
event=resp_recv_ud ts_ns=30072528 id=436 clt=0 wrkr=11 slot=4 size=41 src=worker:11 dst=client:0
event=hand_send ts_ns=30081175 id=436 clt=0 wrkr=11 slot=4 size=10 src=client:0 dst=worker:11
event=resp_rdma_read ts_ns=30243866 id=418 start_ns=28990995 dur_ns=1252871 clt=0 wrkr=6 slot=0 size=512008 src=worker:6 dst=client:0
event=req_send ts_ns=30243866 id=439 clt=0 wrkr=0 slot=1 size=17 src=client:0 dst=worker:0
event=resp_recv_ud ts_ns=30294833 id=439 clt=0 wrkr=0 slot=1 size=41 src=worker:0 dst=client:0
event=hand_send ts_ns=30303480 id=439 clt=0 wrkr=0 slot=1 size=10 src=client:0 dst=worker:0
event=resp_rdma_read ts_ns=30411731 id=414 start_ns=28661769 dur_ns=1749962 clt=0 wrkr=8 slot=7 size=512008 src=worker:8 dst=client:0
event=req_send ts_ns=30411731 id=441 clt=0 wrkr=2 slot=7 size=17 src=client:0 dst=worker:2
event=resp_recv_ud ts_ns=30473304 id=441 clt=0 wrkr=2 slot=7 size=41 src=worker:2 dst=client:0
event=hand_send ts_ns=30481951 id=441 clt=0 wrkr=2 slot=7 size=10 src=client:0 dst=worker:2
event=resp_rdma_read ts_ns=30932622 id=419 start_ns=29275282 dur_ns=1657340 clt=0 wrkr=1 slot=1 size=512008 src=worker:1 dst=client:0
event=req_send ts_ns=30932622 id=445 clt=0 wrkr=7 slot=2 size=17 src=client:0 dst=worker:7
event=resp_rdma_read ts_ns=30958165 id=421 start_ns=29326495 dur_ns=1631670 clt=0 wrkr=6 slot=1 size=512008 src=worker:6 dst=client:0
event=req_send ts_ns=30958165 id=447 clt=0 wrkr=0 slot=2 size=17 src=client:0 dst=worker:0
event=resp_recv_ud ts_ns=30972399 id=445 clt=0 wrkr=7 slot=2 size=41 src=worker:7 dst=client:0
event=hand_send ts_ns=30981046 id=445 clt=0 wrkr=7 slot=2 size=10 src=client:0 dst=worker:7
event=resp_recv_ud ts_ns=31016147 id=447 clt=0 wrkr=0 slot=2 size=41 src=worker:0 dst=client:0
event=hand_send ts_ns=31024794 id=447 clt=0 wrkr=0 slot=2 size=10 src=client:0 dst=worker:0
event=resp_rdma_read ts_ns=31475858 id=430 start_ns=29861163 dur_ns=1614695 clt=0 wrkr=0 slot=0 size=512008 src=worker:0 dst=client:0
event=req_send ts_ns=31475858 id=453 clt=0 wrkr=9 slot=1 size=17 src=client:0 dst=worker:9
event=resp_recv_ud ts_ns=31523266 id=453 clt=0 wrkr=9 slot=1 size=41 src=worker:9 dst=client:0
event=hand_send ts_ns=31531913 id=453 clt=0 wrkr=9 slot=1 size=10 src=client:0 dst=worker:9
event=resp_rdma_read ts_ns=31639757 id=439 start_ns=30303480 dur_ns=1336277 clt=0 wrkr=0 slot=1 size=512008 src=worker:0 dst=client:0
event=req_send ts_ns=31639757 id=456 clt=0 wrkr=1 slot=2 size=17 src=client:0 dst=worker:1
event=resp_recv_ud ts_ns=31684997 id=456 clt=0 wrkr=1 slot=2 size=41 src=worker:1 dst=client:0
event=hand_send ts_ns=31693644 id=456 clt=0 wrkr=1 slot=2 size=10 src=client:0 dst=worker:1
event=resp_rdma_read ts_ns=31708076 id=432 start_ns=29947987 dur_ns=1760089 clt=0 wrkr=2 slot=6 size=512008 src=worker:2 dst=client:0
event=req_send ts_ns=31708076 id=458 clt=0 wrkr=0 slot=3 size=17 src=client:0 dst=worker:0
event=resp_recv_ud ts_ns=31763673 id=458 clt=0 wrkr=0 slot=3 size=41 src=worker:0 dst=client:0
event=hand_send ts_ns=31772320 id=458 clt=0 wrkr=0 slot=3 size=10 src=client:0 dst=worker:0
event=resp_rdma_read ts_ns=31822824 id=434 start_ns=30012765 dur_ns=1810059 clt=0 wrkr=7 slot=1 size=512008 src=worker:7 dst=client:0
event=req_send ts_ns=31822824 id=460 clt=0 wrkr=0 slot=4 size=17 src=client:0 dst=worker:0
event=resp_recv_ud ts_ns=31884512 id=460 clt=0 wrkr=0 slot=4 size=41 src=worker:0 dst=client:0
event=hand_send ts_ns=31893159 id=460 clt=0 wrkr=0 slot=4 size=10 src=client:0 dst=worker:0
event=resp_rdma_read ts_ns=32007191 id=441 start_ns=30481951 dur_ns=1525240 clt=0 wrkr=2 slot=7 size=512008 src=worker:2 dst=client:0
event=req_send ts_ns=32007191 id=463 clt=0 wrkr=7 slot=3 size=17 src=client:0 dst=worker:7
event=resp_recv_ud ts_ns=32048876 id=463 clt=0 wrkr=7 slot=3 size=41 src=worker:7 dst=client:0
event=hand_send ts_ns=32057523 id=463 clt=0 wrkr=7 slot=3 size=10 src=client:0 dst=worker:7
event=resp_rdma_read ts_ns=32093118 id=436 start_ns=30081175 dur_ns=2011943 clt=0 wrkr=11 slot=4 size=512008 src=worker:11 dst=client:0
event=req_send ts_ns=32093118 id=464 clt=0 wrkr=8 slot=0 size=17 src=client:0 dst=worker:8
event=resp_recv_ud ts_ns=32151658 id=464 clt=0 wrkr=8 slot=0 size=41 src=worker:8 dst=client:0
event=hand_send ts_ns=32160305 id=464 clt=0 wrkr=8 slot=0 size=10 src=client:0 dst=worker:8
event=resp_rdma_read ts_ns=32387969 id=447 start_ns=31024794 dur_ns=1363175 clt=0 wrkr=0 slot=2 size=512008 src=worker:0 dst=client:0
event=req_send ts_ns=32387969 id=469 clt=0 wrkr=1 slot=3 size=17 src=client:0 dst=worker:1
event=resp_recv_ud ts_ns=32441292 id=469 clt=0 wrkr=1 slot=3 size=41 src=worker:1 dst=client:0
event=hand_send ts_ns=32449939 id=469 clt=0 wrkr=1 slot=3 size=10 src=client:0 dst=worker:1
event=resp_rdma_read ts_ns=32667762 id=445 start_ns=30981046 dur_ns=1686716 clt=0 wrkr=7 slot=2 size=512008 src=worker:7 dst=client:0
event=req_send ts_ns=32667762 id=472 clt=0 wrkr=8 slot=1 size=17 src=client:0 dst=worker:8
event=resp_recv_ud ts_ns=32728227 id=472 clt=0 wrkr=8 slot=1 size=41 src=worker:8 dst=client:0
event=hand_send ts_ns=32736874 id=472 clt=0 wrkr=8 slot=1 size=10 src=client:0 dst=worker:8
event=resp_rdma_read ts_ns=33165950 id=453 start_ns=31531913 dur_ns=1634037 clt=0 wrkr=9 slot=1 size=512008 src=worker:9 dst=client:0
event=req_send ts_ns=33165950 id=478 clt=0 wrkr=3 slot=3 size=17 src=client:0 dst=worker:3
event=resp_recv_ud ts_ns=33212330 id=478 clt=0 wrkr=3 slot=3 size=41 src=worker:3 dst=client:0
event=hand_send ts_ns=33220977 id=478 clt=0 wrkr=3 slot=3 size=10 src=client:0 dst=worker:3
event=resp_rdma_read ts_ns=33284723 id=458 start_ns=31772320 dur_ns=1512403 clt=0 wrkr=0 slot=3 size=512008 src=worker:0 dst=client:0
event=req_send ts_ns=33284723 id=480 clt=0 wrkr=2 slot=0 size=17 src=client:0 dst=worker:2
event=resp_rdma_read ts_ns=33297732 id=456 start_ns=31693644 dur_ns=1604088 clt=0 wrkr=1 slot=2 size=512008 src=worker:1 dst=client:0
event=req_send ts_ns=33297732 id=481 clt=0 wrkr=5 slot=3 size=17 src=client:0 dst=worker:5
event=resp_recv_ud ts_ns=33338948 id=480 clt=0 wrkr=2 slot=0 size=41 src=worker:2 dst=client:0
event=hand_send ts_ns=33347595 id=480 clt=0 wrkr=2 slot=0 size=10 src=client:0 dst=worker:2
event=resp_recv_ud ts_ns=33356736 id=481 clt=0 wrkr=5 slot=3 size=41 src=worker:5 dst=client:0
event=hand_send ts_ns=33365383 id=481 clt=0 wrkr=5 slot=3 size=10 src=client:0 dst=worker:5
event=resp_rdma_read ts_ns=33615710 id=460 start_ns=31893159 dur_ns=1722551 clt=0 wrkr=0 slot=4 size=512008 src=worker:0 dst=client:0
event=req_send ts_ns=33615710 id=485 clt=0 wrkr=11 slot=5 size=17 src=client:0 dst=worker:11
event=resp_recv_ud ts_ns=33676511 id=485 clt=0 wrkr=11 slot=5 size=41 src=worker:11 dst=client:0
event=resp_rdma_read ts_ns=33684462 id=463 start_ns=32057523 dur_ns=1626939 clt=0 wrkr=7 slot=3 size=512008 src=worker:7 dst=client:0
event=req_send ts_ns=33684462 id=486 clt=0 wrkr=4 slot=2 size=17 src=client:0 dst=worker:4
event=hand_send ts_ns=33685158 id=485 clt=0 wrkr=11 slot=5 size=10 src=client:0 dst=worker:11
event=resp_recv_ud ts_ns=33743743 id=486 clt=0 wrkr=4 slot=2 size=41 src=worker:4 dst=client:0
event=hand_send ts_ns=33752390 id=486 clt=0 wrkr=4 slot=2 size=10 src=client:0 dst=worker:4
event=resp_rdma_read ts_ns=33899317 id=464 start_ns=32160305 dur_ns=1739012 clt=0 wrkr=8 slot=0 size=512008 src=worker:8 dst=client:0
event=req_send ts_ns=33899317 id=489 clt=0 wrkr=11 slot=6 size=17 src=client:0 dst=worker:11
event=resp_rdma_read ts_ns=33914009 id=469 start_ns=32449939 dur_ns=1464070 clt=0 wrkr=1 slot=3 size=512008 src=worker:1 dst=client:0
event=req_send ts_ns=33914009 id=490 clt=0 wrkr=0 slot=5 size=17 src=client:0 dst=worker:0
event=resp_recv_ud ts_ns=33940927 id=489 clt=0 wrkr=11 slot=6 size=41 src=worker:11 dst=client:0
event=hand_send ts_ns=33949574 id=489 clt=0 wrkr=11 slot=6 size=10 src=client:0 dst=worker:11
event=resp_recv_ud ts_ns=33975006 id=490 clt=0 wrkr=0 slot=5 size=41 src=worker:0 dst=client:0
event=hand_send ts_ns=33983653 id=490 clt=0 wrkr=0 slot=5 size=10 src=client:0 dst=worker:0
event=resp_rdma_read ts_ns=34463884 id=472 start_ns=32736874 dur_ns=1727010 clt=0 wrkr=8 slot=1 size=512008 src=worker:8 dst=client:0
event=req_send ts_ns=34463884 id=498 clt=0 wrkr=5 slot=4 size=17 src=client:0 dst=worker:5
event=resp_recv_ud ts_ns=34522494 id=498 clt=0 wrkr=5 slot=4 size=41 src=worker:5 dst=client:0
event=hand_send ts_ns=34531141 id=498 clt=0 wrkr=5 slot=4 size=10 src=client:0 dst=worker:5
event=resp_rdma_read ts_ns=34777775 id=481 start_ns=33365383 dur_ns=1412392 clt=0 wrkr=5 slot=3 size=512008 src=worker:5 dst=client:0
event=req_send ts_ns=34777775 id=501 clt=0 wrkr=11 slot=7 size=17 src=client:0 dst=worker:11
event=resp_recv_ud ts_ns=34816433 id=501 clt=0 wrkr=11 slot=7 size=41 src=worker:11 dst=client:0
event=hand_send ts_ns=34825080 id=501 clt=0 wrkr=11 slot=7 size=10 src=client:0 dst=worker:11
event=resp_rdma_read ts_ns=34852248 id=485 start_ns=33685158 dur_ns=1167090 clt=0 wrkr=11 slot=5 size=512008 src=worker:11 dst=client:0
event=req_send ts_ns=34852248 id=502 clt=0 wrkr=10 slot=5 size=17 src=client:0 dst=worker:10
event=resp_recv_ud ts_ns=34907895 id=502 clt=0 wrkr=10 slot=5 size=41 src=worker:10 dst=client:0
event=hand_send ts_ns=34916542 id=502 clt=0 wrkr=10 slot=5 size=10 src=client:0 dst=worker:10
event=resp_rdma_read ts_ns=34961496 id=478 start_ns=33220977 dur_ns=1740519 clt=0 wrkr=3 slot=3 size=512008 src=worker:3 dst=client:0
event=req_send ts_ns=34961496 id=504 clt=0 wrkr=3 slot=4 size=17 src=client:0 dst=worker:3
event=resp_rdma_read ts_ns=35014097 id=480 start_ns=33347595 dur_ns=1666502 clt=0 wrkr=2 slot=0 size=512008 src=worker:2 dst=client:0
event=req_send ts_ns=35014097 id=506 clt=0 wrkr=6 slot=2 size=17 src=client:0 dst=worker:6
event=resp_recv_ud ts_ns=35018948 id=504 clt=0 wrkr=3 slot=4 size=41 src=worker:3 dst=client:0
event=hand_send ts_ns=35027595 id=504 clt=0 wrkr=3 slot=4 size=10 src=client:0 dst=worker:3
event=resp_recv_ud ts_ns=35073006 id=506 clt=0 wrkr=6 slot=2 size=41 src=worker:6 dst=client:0
event=hand_send ts_ns=35081653 id=506 clt=0 wrkr=6 slot=2 size=10 src=client:0 dst=worker:6
event=resp_rdma_read ts_ns=35485453 id=486 start_ns=33752390 dur_ns=1733063 clt=0 wrkr=4 slot=2 size=512008 src=worker:4 dst=client:0
event=req_send ts_ns=35485453 id=511 clt=0 wrkr=0 slot=6 size=17 src=client:0 dst=worker:0
event=resp_recv_ud ts_ns=35524982 id=511 clt=0 wrkr=0 slot=6 size=41 src=worker:0 dst=client:0
event=hand_send ts_ns=35533629 id=511 clt=0 wrkr=0 slot=6 size=10 src=client:0 dst=worker:0
event=resp_rdma_read ts_ns=35616441 id=490 start_ns=33983653 dur_ns=1632788 clt=0 wrkr=0 slot=5 size=512008 src=worker:0 dst=client:0
event=req_send ts_ns=35616441 id=514 clt=0 wrkr=9 slot=2 size=17 src=client:0 dst=worker:9
event=resp_recv_ud ts_ns=35677389 id=514 clt=0 wrkr=9 slot=2 size=41 src=worker:9 dst=client:0
event=resp_rdma_read ts_ns=35685239 id=489 start_ns=33949574 dur_ns=1735665 clt=0 wrkr=11 slot=6 size=512008 src=worker:11 dst=client:0
event=req_send ts_ns=35685239 id=515 clt=0 wrkr=0 slot=7 size=17 src=client:0 dst=worker:0
event=hand_send ts_ns=35686036 id=514 clt=0 wrkr=9 slot=2 size=10 src=client:0 dst=worker:9
event=resp_recv_ud ts_ns=35744556 id=515 clt=0 wrkr=0 slot=7 size=41 src=worker:0 dst=client:0
event=hand_send ts_ns=35753203 id=515 clt=0 wrkr=0 slot=7 size=10 src=client:0 dst=worker:0
event=resp_rdma_read ts_ns=36243458 id=498 start_ns=34531141 dur_ns=1712317 clt=0 wrkr=5 slot=4 size=512008 src=worker:5 dst=client:0
event=req_send ts_ns=36243458 id=523 clt=0 wrkr=4 slot=3 size=17 src=client:0 dst=worker:4
event=resp_recv_ud ts_ns=36283797 id=523 clt=0 wrkr=4 slot=3 size=41 src=worker:4 dst=client:0
event=hand_send ts_ns=36292444 id=523 clt=0 wrkr=4 slot=3 size=10 src=client:0 dst=worker:4
event=resp_rdma_read ts_ns=36329694 id=501 start_ns=34825080 dur_ns=1504614 clt=0 wrkr=11 slot=7 size=512008 src=worker:11 dst=client:0
event=req_send ts_ns=36329694 id=526 clt=0 wrkr=8 slot=2 size=17 src=client:0 dst=worker:8
event=resp_recv_ud ts_ns=36394617 id=526 clt=0 wrkr=8 slot=2 size=41 src=worker:8 dst=client:0
event=hand_send ts_ns=36403264 id=526 clt=0 wrkr=8 slot=2 size=10 src=client:0 dst=worker:8
event=resp_rdma_read ts_ns=36527244 id=502 start_ns=34916542 dur_ns=1610702 clt=0 wrkr=10 slot=5 size=512008 src=worker:10 dst=client:0
event=req_send ts_ns=36527244 id=528 clt=0 wrkr=4 slot=4 size=17 src=client:0 dst=worker:4
event=resp_recv_ud ts_ns=36568357 id=528 clt=0 wrkr=4 slot=4 size=41 src=worker:4 dst=client:0
event=hand_send ts_ns=36577004 id=528 clt=0 wrkr=4 slot=4 size=10 src=client:0 dst=worker:4
event=resp_rdma_read ts_ns=36718097 id=504 start_ns=35027595 dur_ns=1690502 clt=0 wrkr=3 slot=4 size=512008 src=worker:3 dst=client:0
event=req_send ts_ns=36718097 id=530 clt=0 wrkr=7 slot=4 size=17 src=client:0 dst=worker:7
event=resp_recv_ud ts_ns=36760440 id=530 clt=0 wrkr=7 slot=4 size=41 src=worker:7 dst=client:0
event=hand_send ts_ns=36769087 id=530 clt=0 wrkr=7 slot=4 size=10 src=client:0 dst=worker:7
event=resp_rdma_read ts_ns=36777233 id=506 start_ns=35081653 dur_ns=1695580 clt=0 wrkr=6 slot=2 size=512008 src=worker:6 dst=client:0
event=req_send ts_ns=36777233 id=532 clt=0 wrkr=5 slot=5 size=17 src=client:0 dst=worker:5
event=resp_recv_ud ts_ns=36841942 id=532 clt=0 wrkr=5 slot=5 size=41 src=worker:5 dst=client:0
event=hand_send ts_ns=36850589 id=532 clt=0 wrkr=5 slot=5 size=10 src=client:0 dst=worker:5
event=resp_rdma_read ts_ns=37022278 id=511 start_ns=35533629 dur_ns=1488649 clt=0 wrkr=0 slot=6 size=512008 src=worker:0 dst=client:0
event=req_send ts_ns=37022278 id=535 clt=0 wrkr=7 slot=5 size=17 src=client:0 dst=worker:7
event=resp_rdma_read ts_ns=37024620 id=514 start_ns=35686036 dur_ns=1338584 clt=0 wrkr=9 slot=2 size=512008 src=worker:9 dst=client:0
event=req_send ts_ns=37024620 id=536 clt=0 wrkr=6 slot=3 size=17 src=client:0 dst=worker:6
event=resp_recv_ud ts_ns=37069318 id=535 clt=0 wrkr=7 slot=5 size=41 src=worker:7 dst=client:0
event=hand_send ts_ns=37077965 id=535 clt=0 wrkr=7 slot=5 size=10 src=client:0 dst=worker:7
event=resp_recv_ud ts_ns=37085610 id=536 clt=0 wrkr=6 slot=3 size=41 src=worker:6 dst=client:0
event=hand_send ts_ns=37094257 id=536 clt=0 wrkr=6 slot=3 size=10 src=client:0 dst=worker:6
event=resp_rdma_read ts_ns=37415366 id=515 start_ns=35753203 dur_ns=1662163 clt=0 wrkr=0 slot=7 size=512008 src=worker:0 dst=client:0
event=req_send ts_ns=37415366 id=541 clt=0 wrkr=11 slot=0 size=17 src=client:0 dst=worker:11
event=resp_recv_ud ts_ns=37469366 id=541 clt=0 wrkr=11 slot=0 size=41 src=worker:11 dst=client:0
event=hand_send ts_ns=37478013 id=541 clt=0 wrkr=11 slot=0 size=10 src=client:0 dst=worker:11
event=resp_rdma_read ts_ns=38087426 id=526 start_ns=36403264 dur_ns=1684162 clt=0 wrkr=8 slot=2 size=512008 src=worker:8 dst=client:0
event=req_send ts_ns=38087426 id=548 clt=0 wrkr=10 slot=6 size=17 src=client:0 dst=worker:10
event=resp_rdma_read ts_ns=38102412 id=523 start_ns=36292444 dur_ns=1809968 clt=0 wrkr=4 slot=3 size=512008 src=worker:4 dst=client:0
event=req_send ts_ns=38102412 id=549 clt=0 wrkr=5 slot=6 size=17 src=client:0 dst=worker:5
event=resp_recv_ud ts_ns=38142905 id=548 clt=0 wrkr=10 slot=6 size=41 src=worker:10 dst=client:0
event=hand_send ts_ns=38151552 id=548 clt=0 wrkr=10 slot=6 size=10 src=client:0 dst=worker:10
event=resp_recv_ud ts_ns=38160081 id=549 clt=0 wrkr=5 slot=6 size=41 src=worker:5 dst=client:0
event=hand_send ts_ns=38168728 id=549 clt=0 wrkr=5 slot=6 size=10 src=client:0 dst=worker:5
event=resp_rdma_read ts_ns=38419709 id=528 start_ns=36577004 dur_ns=1842705 clt=0 wrkr=4 slot=4 size=512008 src=worker:4 dst=client:0
event=req_send ts_ns=38419709 id=554 clt=0 wrkr=1 slot=4 size=17 src=client:0 dst=worker:1
event=resp_recv_ud ts_ns=38474997 id=554 clt=0 wrkr=1 slot=4 size=41 src=worker:1 dst=client:0
event=hand_send ts_ns=38483644 id=554 clt=0 wrkr=1 slot=4 size=10 src=client:0 dst=worker:1
event=resp_rdma_read ts_ns=38530858 id=536 start_ns=37094257 dur_ns=1436601 clt=0 wrkr=6 slot=3 size=512008 src=worker:6 dst=client:0
event=req_send ts_ns=38530858 id=556 clt=0 wrkr=4 slot=5 size=17 src=client:0 dst=worker:4
event=resp_rdma_read ts_ns=38536596 id=530 start_ns=36769087 dur_ns=1767509 clt=0 wrkr=7 slot=4 size=512008 src=worker:7 dst=client:0
event=req_send ts_ns=38536596 id=557 clt=0 wrkr=8 slot=3 size=17 src=client:0 dst=worker:8
event=resp_recv_ud ts_ns=38581641 id=556 clt=0 wrkr=4 slot=5 size=41 src=worker:4 dst=client:0
event=hand_send ts_ns=38590288 id=556 clt=0 wrkr=4 slot=5 size=10 src=client:0 dst=worker:4
event=resp_rdma_read ts_ns=38596168 id=532 start_ns=36850589 dur_ns=1745579 clt=0 wrkr=5 slot=5 size=512008 src=worker:5 dst=client:0
event=req_send ts_ns=38596168 id=558 clt=0 wrkr=11 slot=1 size=17 src=client:0 dst=worker:11
event=resp_recv_ud ts_ns=38597486 id=557 clt=0 wrkr=8 slot=3 size=41 src=worker:8 dst=client:0
event=hand_send ts_ns=38606133 id=557 clt=0 wrkr=8 slot=3 size=10 src=client:0 dst=worker:8
event=resp_recv_ud ts_ns=38655444 id=558 clt=0 wrkr=11 slot=1 size=41 src=worker:11 dst=client:0
event=hand_send ts_ns=38664091 id=558 clt=0 wrkr=11 slot=1 size=10 src=client:0 dst=worker:11
event=resp_rdma_read ts_ns=38758793 id=535 start_ns=37077965 dur_ns=1680828 clt=0 wrkr=7 slot=5 size=512008 src=worker:7 dst=client:0
event=req_send ts_ns=38758793 id=560 clt=0 wrkr=0 slot=0 size=17 src=client:0 dst=worker:0
event=resp_recv_ud ts_ns=38799002 id=560 clt=0 wrkr=0 slot=0 size=41 src=worker:0 dst=client:0
event=hand_send ts_ns=38807649 id=560 clt=0 wrkr=0 slot=0 size=10 src=client:0 dst=worker:0
event=resp_rdma_read ts_ns=39205074 id=541 start_ns=37478013 dur_ns=1727061 clt=0 wrkr=11 slot=0 size=512008 src=worker:11 dst=client:0
event=req_send ts_ns=39205074 id=567 clt=0 wrkr=10 slot=7 size=17 src=client:0 dst=worker:10
event=resp_recv_ud ts_ns=39257524 id=567 clt=0 wrkr=10 slot=7 size=41 src=worker:10 dst=client:0
event=hand_send ts_ns=39266171 id=567 clt=0 wrkr=10 slot=7 size=10 src=client:0 dst=worker:10
event=resp_rdma_read ts_ns=39538775 id=549 start_ns=38168728 dur_ns=1370047 clt=0 wrkr=5 slot=6 size=512008 src=worker:5 dst=client:0
event=req_send ts_ns=39538775 id=572 clt=0 wrkr=1 slot=5 size=17 src=client:0 dst=worker:1
event=resp_recv_ud ts_ns=39597362 id=572 clt=0 wrkr=1 slot=5 size=41 src=worker:1 dst=client:0
event=hand_send ts_ns=39606009 id=572 clt=0 wrkr=1 slot=5 size=10 src=client:0 dst=worker:1
event=resp_rdma_read ts_ns=39758905 id=548 start_ns=38151552 dur_ns=1607353 clt=0 wrkr=10 slot=6 size=512008 src=worker:10 dst=client:0
event=req_send ts_ns=39758905 id=575 clt=0 wrkr=2 slot=1 size=17 src=client:0 dst=worker:2
event=resp_recv_ud ts_ns=39821018 id=575 clt=0 wrkr=2 slot=1 size=41 src=worker:2 dst=client:0
event=hand_send ts_ns=39829665 id=575 clt=0 wrkr=2 slot=1 size=10 src=client:0 dst=worker:2
event=resp_rdma_read ts_ns=40274374 id=554 start_ns=38483644 dur_ns=1790730 clt=0 wrkr=1 slot=4 size=512008 src=worker:1 dst=client:0
event=req_send ts_ns=40274374 id=579 clt=0 wrkr=7 slot=6 size=17 src=client:0 dst=worker:7
event=resp_rdma_read ts_ns=40302023 id=556 start_ns=38590288 dur_ns=1711735 clt=0 wrkr=4 slot=5 size=512008 src=worker:4 dst=client:0
event=req_send ts_ns=40302023 id=580 clt=0 wrkr=8 slot=4 size=17 src=client:0 dst=worker:8
event=resp_recv_ud ts_ns=40334221 id=579 clt=0 wrkr=7 slot=6 size=41 src=worker:7 dst=client:0
event=hand_send ts_ns=40342868 id=579 clt=0 wrkr=7 slot=6 size=10 src=client:0 dst=worker:7
event=resp_recv_ud ts_ns=40351106 id=580 clt=0 wrkr=8 slot=4 size=41 src=worker:8 dst=client:0
event=hand_send ts_ns=40359753 id=580 clt=0 wrkr=8 slot=4 size=10 src=client:0 dst=worker:8
event=resp_rdma_read ts_ns=40370202 id=558 start_ns=38664091 dur_ns=1706111 clt=0 wrkr=11 slot=1 size=512008 src=worker:11 dst=client:0
event=req_send ts_ns=40370202 id=582 clt=0 wrkr=0 slot=1 size=17 src=client:0 dst=worker:0
event=resp_recv_ud ts_ns=40423891 id=582 clt=0 wrkr=0 slot=1 size=41 src=worker:0 dst=client:0
event=hand_send ts_ns=40432538 id=582 clt=0 wrkr=0 slot=1 size=10 src=client:0 dst=worker:0
event=resp_rdma_read ts_ns=40471433 id=557 start_ns=38606133 dur_ns=1865300 clt=0 wrkr=8 slot=3 size=512008 src=worker:8 dst=client:0
event=req_send ts_ns=40471433 id=585 clt=0 wrkr=9 slot=3 size=17 src=client:0 dst=worker:9
event=resp_recv_ud ts_ns=40518250 id=585 clt=0 wrkr=9 slot=3 size=41 src=worker:9 dst=client:0
event=hand_send ts_ns=40526897 id=585 clt=0 wrkr=9 slot=3 size=10 src=client:0 dst=worker:9
event=resp_rdma_read ts_ns=40613883 id=560 start_ns=38807649 dur_ns=1806234 clt=0 wrkr=0 slot=0 size=512008 src=worker:0 dst=client:0
event=req_send ts_ns=40613883 id=586 clt=0 wrkr=6 slot=4 size=17 src=client:0 dst=worker:6
event=resp_rdma_read ts_ns=40628869 id=567 start_ns=39266171 dur_ns=1362698 clt=0 wrkr=10 slot=7 size=512008 src=worker:10 dst=client:0
event=req_send ts_ns=40628869 id=587 clt=0 wrkr=9 slot=4 size=17 src=client:0 dst=worker:9
event=resp_recv_ud ts_ns=40652332 id=586 clt=0 wrkr=6 slot=4 size=41 src=worker:6 dst=client:0
event=hand_send ts_ns=40660979 id=586 clt=0 wrkr=6 slot=4 size=10 src=client:0 dst=worker:6
event=resp_recv_ud ts_ns=40691314 id=587 clt=0 wrkr=9 slot=4 size=41 src=worker:9 dst=client:0
event=hand_send ts_ns=40699961 id=587 clt=0 wrkr=9 slot=4 size=10 src=client:0 dst=worker:9
event=resp_rdma_read ts_ns=41187401 id=575 start_ns=39829665 dur_ns=1357736 clt=0 wrkr=2 slot=1 size=512008 src=worker:2 dst=client:0
event=req_send ts_ns=41187401 id=596 clt=0 wrkr=11 slot=2 size=17 src=client:0 dst=worker:11
event=resp_rdma_read ts_ns=41216560 id=572 start_ns=39606009 dur_ns=1610551 clt=0 wrkr=1 slot=5 size=512008 src=worker:1 dst=client:0
event=req_send ts_ns=41216560 id=597 clt=0 wrkr=8 slot=5 size=17 src=client:0 dst=worker:8
event=resp_recv_ud ts_ns=41249447 id=596 clt=0 wrkr=11 slot=2 size=41 src=worker:11 dst=client:0
event=hand_send ts_ns=41258094 id=596 clt=0 wrkr=11 slot=2 size=10 src=client:0 dst=worker:11
event=resp_recv_ud ts_ns=41267875 id=597 clt=0 wrkr=8 slot=5 size=41 src=worker:8 dst=client:0
event=hand_send ts_ns=41276522 id=597 clt=0 wrkr=8 slot=5 size=10 src=client:0 dst=worker:8
event=resp_rdma_read ts_ns=41821815 id=585 start_ns=40526897 dur_ns=1294918 clt=0 wrkr=9 slot=3 size=512008 src=worker:9 dst=client:0
event=req_send ts_ns=41821815 id=602 clt=0 wrkr=2 slot=2 size=17 src=client:0 dst=worker:2
event=resp_recv_ud ts_ns=41860959 id=602 clt=0 wrkr=2 slot=2 size=41 src=worker:2 dst=client:0
event=hand_send ts_ns=41869606 id=602 clt=0 wrkr=2 slot=2 size=10 src=client:0 dst=worker:2
event=resp_rdma_read ts_ns=41906940 id=579 start_ns=40342868 dur_ns=1564072 clt=0 wrkr=7 slot=6 size=512008 src=worker:7 dst=client:0
event=req_send ts_ns=41906940 id=603 clt=0 wrkr=1 slot=6 size=17 src=client:0 dst=worker:1
event=resp_recv_ud ts_ns=41950773 id=603 clt=0 wrkr=1 slot=6 size=41 src=worker:1 dst=client:0
event=hand_send ts_ns=41959420 id=603 clt=0 wrkr=1 slot=6 size=10 src=client:0 dst=worker:1
event=resp_rdma_read ts_ns=42039410 id=580 start_ns=40359753 dur_ns=1679657 clt=0 wrkr=8 slot=4 size=512008 src=worker:8 dst=client:0
event=req_send ts_ns=42039410 id=606 clt=0 wrkr=4 slot=6 size=17 src=client:0 dst=worker:4
event=resp_rdma_read ts_ns=42058944 id=582 start_ns=40432538 dur_ns=1626406 clt=0 wrkr=0 slot=1 size=512008 src=worker:0 dst=client:0
event=req_send ts_ns=42058944 id=607 clt=0 wrkr=2 slot=3 size=17 src=client:0 dst=worker:2
event=resp_recv_ud ts_ns=42097856 id=606 clt=0 wrkr=4 slot=6 size=41 src=worker:4 dst=client:0
event=hand_send ts_ns=42106503 id=606 clt=0 wrkr=4 slot=6 size=10 src=client:0 dst=worker:4
event=resp_recv_ud ts_ns=42114383 id=607 clt=0 wrkr=2 slot=3 size=41 src=worker:2 dst=client:0
event=hand_send ts_ns=42123030 id=607 clt=0 wrkr=2 slot=3 size=10 src=client:0 dst=worker:2
event=resp_rdma_read ts_ns=42123805 id=587 start_ns=40699961 dur_ns=1423844 clt=0 wrkr=9 slot=4 size=512008 src=worker:9 dst=client:0
event=req_send ts_ns=42123805 id=610 clt=0 wrkr=1 slot=7 size=17 src=client:0 dst=worker:1
event=resp_recv_ud ts_ns=42183035 id=610 clt=0 wrkr=1 slot=7 size=41 src=worker:1 dst=client:0
event=hand_send ts_ns=42191682 id=610 clt=0 wrkr=1 slot=7 size=10 src=client:0 dst=worker:1
event=resp_rdma_read ts_ns=42403642 id=586 start_ns=40660979 dur_ns=1742663 clt=0 wrkr=6 slot=4 size=512008 src=worker:6 dst=client:0
event=req_send ts_ns=42403642 id=613 clt=0 wrkr=3 slot=5 size=17 src=client:0 dst=worker:3
event=resp_recv_ud ts_ns=42442979 id=613 clt=0 wrkr=3 slot=5 size=41 src=worker:3 dst=client:0
event=hand_send ts_ns=42451626 id=613 clt=0 wrkr=3 slot=5 size=10 src=client:0 dst=worker:3
event=resp_rdma_read ts_ns=42789000 id=597 start_ns=41276522 dur_ns=1512478 clt=0 wrkr=8 slot=5 size=512008 src=worker:8 dst=client:0
event=req_send ts_ns=42789000 id=618 clt=0 wrkr=0 slot=2 size=17 src=client:0 dst=worker:0
event=resp_recv_ud ts_ns=42832544 id=618 clt=0 wrkr=0 slot=2 size=41 src=worker:0 dst=client:0
event=hand_send ts_ns=42841191 id=618 clt=0 wrkr=0 slot=2 size=10 src=client:0 dst=worker:0
event=resp_rdma_read ts_ns=43001929 id=596 start_ns=41258094 dur_ns=1743835 clt=0 wrkr=11 slot=2 size=512008 src=worker:11 dst=client:0
event=req_send ts_ns=43001929 id=622 clt=0 wrkr=8 slot=6 size=17 src=client:0 dst=worker:8
event=resp_recv_ud ts_ns=43060346 id=622 clt=0 wrkr=8 slot=6 size=41 src=worker:8 dst=client:0
event=hand_send ts_ns=43068993 id=622 clt=0 wrkr=8 slot=6 size=10 src=client:0 dst=worker:8
event=resp_rdma_read ts_ns=43373754 id=602 start_ns=41869606 dur_ns=1504148 clt=0 wrkr=2 slot=2 size=512008 src=worker:2 dst=client:0
event=req_send ts_ns=43373754 id=626 clt=0 wrkr=8 slot=7 size=17 src=client:0 dst=worker:8
event=resp_recv_ud ts_ns=43435635 id=626 clt=0 wrkr=8 slot=7 size=41 src=worker:8 dst=client:0
event=hand_send ts_ns=43444282 id=626 clt=0 wrkr=8 slot=7 size=10 src=client:0 dst=worker:8
event=resp_rdma_read ts_ns=43458842 id=610 start_ns=42191682 dur_ns=1267160 clt=0 wrkr=1 slot=7 size=512008 src=worker:1 dst=client:0
event=req_send ts_ns=43458842 id=628 clt=0 wrkr=7 slot=7 size=17 src=client:0 dst=worker:7
event=resp_recv_ud ts_ns=43515256 id=628 clt=0 wrkr=7 slot=7 size=41 src=worker:7 dst=client:0
event=hand_send ts_ns=43523903 id=628 clt=0 wrkr=7 slot=7 size=10 src=client:0 dst=worker:7
event=resp_rdma_read ts_ns=43611503 id=607 start_ns=42123030 dur_ns=1488473 clt=0 wrkr=2 slot=3 size=512008 src=worker:2 dst=client:0
event=req_send ts_ns=43611503 id=630 clt=0 wrkr=8 slot=0 size=17 src=client:0 dst=worker:8
event=resp_recv_ud ts_ns=43674402 id=630 clt=0 wrkr=8 slot=0 size=41 src=worker:8 dst=client:0
event=hand_send ts_ns=43683049 id=630 clt=0 wrkr=8 slot=0 size=10 src=client:0 dst=worker:8
event=resp_rdma_read ts_ns=43704646 id=603 start_ns=41959420 dur_ns=1745226 clt=0 wrkr=1 slot=6 size=512008 src=worker:1 dst=client:0
event=req_send ts_ns=43704646 id=632 clt=0 wrkr=2 slot=4 size=17 src=client:0 dst=worker:2
event=resp_recv_ud ts_ns=43769666 id=632 clt=0 wrkr=2 slot=4 size=41 src=worker:2 dst=client:0
event=hand_send ts_ns=43778313 id=632 clt=0 wrkr=2 slot=4 size=10 src=client:0 dst=worker:2
event=resp_rdma_read ts_ns=43821808 id=606 start_ns=42106503 dur_ns=1715305 clt=0 wrkr=4 slot=6 size=512008 src=worker:4 dst=client:0
event=req_send ts_ns=43821808 id=635 clt=0 wrkr=8 slot=1 size=17 src=client:0 dst=worker:8
event=resp_recv_ud ts_ns=43887301 id=635 clt=0 wrkr=8 slot=1 size=41 src=worker:8 dst=client:0
event=hand_send ts_ns=43895948 id=635 clt=0 wrkr=8 slot=1 size=10 src=client:0 dst=worker:8
event=resp_rdma_read ts_ns=44215095 id=613 start_ns=42451626 dur_ns=1763469 clt=0 wrkr=3 slot=5 size=512008 src=worker:3 dst=client:0
event=req_send ts_ns=44215095 id=640 clt=0 wrkr=3 slot=6 size=17 src=client:0 dst=worker:3
event=resp_recv_ud ts_ns=44279765 id=640 clt=0 wrkr=3 slot=6 size=41 src=worker:3 dst=client:0
event=hand_send ts_ns=44288412 id=640 clt=0 wrkr=3 slot=6 size=10 src=client:0 dst=worker:3
event=resp_rdma_read ts_ns=44550927 id=622 start_ns=43068993 dur_ns=1481934 clt=0 wrkr=8 slot=6 size=512008 src=worker:8 dst=client:0
event=req_send ts_ns=44550927 id=642 clt=0 wrkr=3 slot=7 size=17 src=client:0 dst=worker:3
event=resp_rdma_read ts_ns=44551178 id=618 start_ns=42841191 dur_ns=1709987 clt=0 wrkr=0 slot=2 size=512008 src=worker:0 dst=client:0
event=req_send ts_ns=44551178 id=643 clt=0 wrkr=4 slot=7 size=17 src=client:0 dst=worker:4
event=resp_recv_ud ts_ns=44589973 id=642 clt=0 wrkr=3 slot=7 size=41 src=worker:3 dst=client:0
event=hand_send ts_ns=44598620 id=642 clt=0 wrkr=3 slot=7 size=10 src=client:0 dst=worker:3
event=resp_recv_ud ts_ns=44607876 id=643 clt=0 wrkr=4 slot=7 size=41 src=worker:4 dst=client:0
event=hand_send ts_ns=44616523 id=643 clt=0 wrkr=4 slot=7 size=10 src=client:0 dst=worker:4
event=resp_rdma_read ts_ns=45092984 id=628 start_ns=43523903 dur_ns=1569081 clt=0 wrkr=7 slot=7 size=512008 src=worker:7 dst=client:0
event=req_send ts_ns=45092984 id=646 clt=0 wrkr=10 slot=0 size=17 src=client:0 dst=worker:10
event=resp_recv_ud ts_ns=45130326 id=646 clt=0 wrkr=10 slot=0 size=41 src=worker:10 dst=client:0
event=hand_send ts_ns=45138973 id=646 clt=0 wrkr=10 slot=0 size=10 src=client:0 dst=worker:10
event=resp_rdma_read ts_ns=45332966 id=626 start_ns=43444282 dur_ns=1888684 clt=0 wrkr=8 slot=7 size=512008 src=worker:8 dst=client:0
event=req_send ts_ns=45332966 id=647 clt=0 wrkr=11 slot=3 size=17 src=client:0 dst=worker:11
event=resp_recv_ud ts_ns=45370346 id=647 clt=0 wrkr=11 slot=3 size=41 src=worker:11 dst=client:0
event=hand_send ts_ns=45378993 id=647 clt=0 wrkr=11 slot=3 size=10 src=client:0 dst=worker:11
event=resp_rdma_read ts_ns=45411038 id=635 start_ns=43895948 dur_ns=1515090 clt=0 wrkr=8 slot=1 size=512008 src=worker:8 dst=client:0
event=resp_rdma_read ts_ns=45624818 id=632 start_ns=43778313 dur_ns=1846505 clt=0 wrkr=2 slot=4 size=512008 src=worker:2 dst=client:0
event=resp_rdma_read ts_ns=45666050 id=630 start_ns=43683049 dur_ns=1983001 clt=0 wrkr=8 slot=0 size=512008 src=worker:8 dst=client:0
event=resp_rdma_read ts_ns=45699202 id=640 start_ns=44288412 dur_ns=1410790 clt=0 wrkr=3 slot=6 size=512008 src=worker:3 dst=client:0
event=resp_rdma_read ts_ns=46046681 id=643 start_ns=44616523 dur_ns=1430158 clt=0 wrkr=4 slot=7 size=512008 src=worker:4 dst=client:0
event=resp_rdma_read ts_ns=46195069 id=642 start_ns=44598620 dur_ns=1596449 clt=0 wrkr=3 slot=7 size=512008 src=worker:3 dst=client:0
event=resp_rdma_read ts_ns=46586408 id=646 start_ns=45138973 dur_ns=1447435 clt=0 wrkr=10 slot=0 size=512008 src=worker:10 dst=client:0
event=resp_rdma_read ts_ns=46845919 id=647 start_ns=45378993 dur_ns=1466926 clt=0 wrkr=11 slot=3 size=512008 src=worker:11 dst=client:0
