event=req_send ts_ns=1 id=2 clt=2 wrkr=9 slot=0 size=17 src=client:2 dst=worker:9
event=req_send ts_ns=2501 id=5 clt=2 wrkr=1 slot=0 size=17 src=client:2 dst=worker:1
event=req_send ts_ns=5001 id=8 clt=2 wrkr=1 slot=1 size=17 src=client:2 dst=worker:1
event=req_send ts_ns=7501 id=11 clt=2 wrkr=10 slot=0 size=17 src=client:2 dst=worker:10
event=resp_recv_ud ts_ns=49432 id=5 clt=2 wrkr=1 slot=0 size=41 src=worker:1 dst=client:2
event=resp_recv_ud ts_ns=50183 id=8 clt=2 wrkr=1 slot=1 size=41 src=worker:1 dst=client:2
event=resp_recv_ud ts_ns=50312 id=2 clt=2 wrkr=9 slot=0 size=41 src=worker:9 dst=client:2
event=resp_recv_ud ts_ns=53906 id=11 clt=2 wrkr=10 slot=0 size=41 src=worker:10 dst=client:2
event=hand_send ts_ns=58079 id=5 clt=2 wrkr=1 slot=0 size=10 src=client:2 dst=worker:1
event=hand_send ts_ns=58830 id=8 clt=2 wrkr=1 slot=1 size=10 src=client:2 dst=worker:1
event=hand_send ts_ns=58959 id=2 clt=2 wrkr=9 slot=0 size=10 src=client:2 dst=worker:9
event=hand_send ts_ns=62553 id=11 clt=2 wrkr=10 slot=0 size=10 src=client:2 dst=worker:10
event=resp_rdma_read ts_ns=2133954 id=2 start_ns=58959 dur_ns=2074995 clt=2 wrkr=9 slot=0 size=665608 src=worker:9 dst=client:2
event=req_send ts_ns=2133954 id=14 clt=2 wrkr=4 slot=0 size=17 src=client:2 dst=worker:4
event=resp_rdma_read ts_ns=2183328 id=5 start_ns=58079 dur_ns=2125249 clt=2 wrkr=1 slot=0 size=665608 src=worker:1 dst=client:2
event=req_send ts_ns=2183328 id=15 clt=2 wrkr=2 slot=0 size=17 src=client:2 dst=worker:2
event=resp_recv_ud ts_ns=2188213 id=14 clt=2 wrkr=4 slot=0 size=41 src=worker:4 dst=client:2
event=hand_send ts_ns=2196860 id=14 clt=2 wrkr=4 slot=0 size=10 src=client:2 dst=worker:4
event=resp_recv_ud ts_ns=2240174 id=15 clt=2 wrkr=2 slot=0 size=41 src=worker:2 dst=client:2
event=hand_send ts_ns=2248821 id=15 clt=2 wrkr=2 slot=0 size=10 src=client:2 dst=worker:2
event=resp_rdma_read ts_ns=2333336 id=8 start_ns=58830 dur_ns=2274506 clt=2 wrkr=1 slot=1 size=665608 src=worker:1 dst=client:2
event=req_send ts_ns=2333336 id=18 clt=2 wrkr=11 slot=0 size=17 src=client:2 dst=worker:11
event=resp_recv_ud ts_ns=2382835 id=18 clt=2 wrkr=11 slot=0 size=41 src=worker:11 dst=client:2
event=hand_send ts_ns=2391482 id=18 clt=2 wrkr=11 slot=0 size=10 src=client:2 dst=worker:11
event=resp_rdma_read ts_ns=2509138 id=11 start_ns=62553 dur_ns=2446585 clt=2 wrkr=10 slot=0 size=665608 src=worker:10 dst=client:2
event=req_send ts_ns=2509138 id=19 clt=2 wrkr=6 slot=0 size=17 src=client:2 dst=worker:6
event=resp_recv_ud ts_ns=2549054 id=19 clt=2 wrkr=6 slot=0 size=41 src=worker:6 dst=client:2
event=hand_send ts_ns=2557701 id=19 clt=2 wrkr=6 slot=0 size=10 src=client:2 dst=worker:6
event=resp_rdma_read ts_ns=3948376 id=18 start_ns=2391482 dur_ns=1556894 clt=2 wrkr=11 slot=0 size=665608 src=worker:11 dst=client:2
event=req_send ts_ns=3948376 id=24 clt=2 wrkr=5 slot=0 size=17 src=client:2 dst=worker:5
event=resp_recv_ud ts_ns=3989329 id=24 clt=2 wrkr=5 slot=0 size=41 src=worker:5 dst=client:2
event=hand_send ts_ns=3997976 id=24 clt=2 wrkr=5 slot=0 size=10 src=client:2 dst=worker:5
event=resp_rdma_read ts_ns=4335846 id=15 start_ns=2248821 dur_ns=2087025 clt=2 wrkr=2 slot=0 size=665608 src=worker:2 dst=client:2
event=req_send ts_ns=4335846 id=27 clt=2 wrkr=10 slot=1 size=17 src=client:2 dst=worker:10
event=resp_recv_ud ts_ns=4379732 id=27 clt=2 wrkr=10 slot=1 size=41 src=worker:10 dst=client:2
event=hand_send ts_ns=4388379 id=27 clt=2 wrkr=10 slot=1 size=10 src=client:2 dst=worker:10
event=resp_rdma_read ts_ns=4479117 id=14 start_ns=2196860 dur_ns=2282257 clt=2 wrkr=4 slot=0 size=665608 src=worker:4 dst=client:2
event=req_send ts_ns=4479117 id=29 clt=2 wrkr=3 slot=0 size=17 src=client:2 dst=worker:3
event=resp_recv_ud ts_ns=4518399 id=29 clt=2 wrkr=3 slot=0 size=41 src=worker:3 dst=client:2
event=hand_send ts_ns=4527046 id=29 clt=2 wrkr=3 slot=0 size=10 src=client:2 dst=worker:3
event=resp_rdma_read ts_ns=4562189 id=19 start_ns=2557701 dur_ns=2004488 clt=2 wrkr=6 slot=0 size=665608 src=worker:6 dst=client:2
event=req_send ts_ns=4562189 id=31 clt=2 wrkr=1 slot=2 size=17 src=client:2 dst=worker:1
event=resp_recv_ud ts_ns=4624333 id=31 clt=2 wrkr=1 slot=2 size=41 src=worker:1 dst=client:2
event=hand_send ts_ns=4632980 id=31 clt=2 wrkr=1 slot=2 size=10 src=client:2 dst=worker:1
event=resp_rdma_read ts_ns=5960505 id=24 start_ns=3997976 dur_ns=1962529 clt=2 wrkr=5 slot=0 size=665608 src=worker:5 dst=client:2
event=req_send ts_ns=5960505 id=37 clt=2 wrkr=4 slot=1 size=17 src=client:2 dst=worker:4
event=resp_recv_ud ts_ns=6002468 id=37 clt=2 wrkr=4 slot=1 size=41 src=worker:4 dst=client:2
event=hand_send ts_ns=6011115 id=37 clt=2 wrkr=4 slot=1 size=10 src=client:2 dst=worker:4
event=resp_rdma_read ts_ns=6382854 id=27 start_ns=4388379 dur_ns=1994475 clt=2 wrkr=10 slot=1 size=665608 src=worker:10 dst=client:2
event=req_send ts_ns=6382854 id=40 clt=2 wrkr=8 slot=0 size=17 src=client:2 dst=worker:8
event=resp_recv_ud ts_ns=6429303 id=40 clt=2 wrkr=8 slot=0 size=41 src=worker:8 dst=client:2
event=hand_send ts_ns=6437950 id=40 clt=2 wrkr=8 slot=0 size=10 src=client:2 dst=worker:8
event=resp_rdma_read ts_ns=6710564 id=29 start_ns=4527046 dur_ns=2183518 clt=2 wrkr=3 slot=0 size=665608 src=worker:3 dst=client:2
event=req_send ts_ns=6710564 id=42 clt=2 wrkr=0 slot=0 size=17 src=client:2 dst=worker:0
event=resp_recv_ud ts_ns=6753352 id=42 clt=2 wrkr=0 slot=0 size=41 src=worker:0 dst=client:2
event=hand_send ts_ns=6761999 id=42 clt=2 wrkr=0 slot=0 size=10 src=client:2 dst=worker:0
event=resp_rdma_read ts_ns=7039632 id=31 start_ns=4632980 dur_ns=2406652 clt=2 wrkr=1 slot=2 size=665608 src=worker:1 dst=client:2
event=req_send ts_ns=7039632 id=45 clt=2 wrkr=6 slot=1 size=17 src=client:2 dst=worker:6
event=resp_recv_ud ts_ns=7082691 id=45 clt=2 wrkr=6 slot=1 size=41 src=worker:6 dst=client:2
event=hand_send ts_ns=7091338 id=45 clt=2 wrkr=6 slot=1 size=10 src=client:2 dst=worker:6
event=resp_rdma_read ts_ns=7933644 id=37 start_ns=6011115 dur_ns=1922529 clt=2 wrkr=4 slot=1 size=665608 src=worker:4 dst=client:2
event=req_send ts_ns=7933644 id=49 clt=2 wrkr=8 slot=1 size=17 src=client:2 dst=worker:8
event=resp_rdma_read ts_ns=7972120 id=40 start_ns=6437950 dur_ns=1534170 clt=2 wrkr=8 slot=0 size=665608 src=worker:8 dst=client:2
event=req_send ts_ns=7972120 id=50 clt=2 wrkr=11 slot=1 size=17 src=client:2 dst=worker:11
event=resp_recv_ud ts_ns=7998431 id=49 clt=2 wrkr=8 slot=1 size=41 src=worker:8 dst=client:2
event=hand_send ts_ns=8007078 id=49 clt=2 wrkr=8 slot=1 size=10 src=client:2 dst=worker:8
event=resp_recv_ud ts_ns=8018611 id=50 clt=2 wrkr=11 slot=1 size=41 src=worker:11 dst=client:2
event=hand_send ts_ns=8027258 id=50 clt=2 wrkr=11 slot=1 size=10 src=client:2 dst=worker:11
event=resp_rdma_read ts_ns=8481844 id=42 start_ns=6761999 dur_ns=1719845 clt=2 wrkr=0 slot=0 size=665608 src=worker:0 dst=client:2
event=req_send ts_ns=8481844 id=52 clt=2 wrkr=4 slot=2 size=17 src=client:2 dst=worker:4
event=resp_recv_ud ts_ns=8521659 id=52 clt=2 wrkr=4 slot=2 size=41 src=worker:4 dst=client:2
event=hand_send ts_ns=8530306 id=52 clt=2 wrkr=4 slot=2 size=10 src=client:2 dst=worker:4
event=resp_rdma_read ts_ns=8824778 id=45 start_ns=7091338 dur_ns=1733440 clt=2 wrkr=6 slot=1 size=665608 src=worker:6 dst=client:2
event=req_send ts_ns=8824778 id=56 clt=2 wrkr=10 slot=2 size=17 src=client:2 dst=worker:10
event=resp_recv_ud ts_ns=8864239 id=56 clt=2 wrkr=10 slot=2 size=41 src=worker:10 dst=client:2
event=hand_send ts_ns=8872886 id=56 clt=2 wrkr=10 slot=2 size=10 src=client:2 dst=worker:10
event=resp_rdma_read ts_ns=9862382 id=50 start_ns=8027258 dur_ns=1835124 clt=2 wrkr=11 slot=1 size=665608 src=worker:11 dst=client:2
event=req_send ts_ns=9862382 id=60 clt=2 wrkr=6 slot=2 size=17 src=client:2 dst=worker:6
event=resp_recv_ud ts_ns=9903352 id=60 clt=2 wrkr=6 slot=2 size=41 src=worker:6 dst=client:2
event=hand_send ts_ns=9911999 id=60 clt=2 wrkr=6 slot=2 size=10 src=client:2 dst=worker:6
event=resp_rdma_read ts_ns=10112267 id=49 start_ns=8007078 dur_ns=2105189 clt=2 wrkr=8 slot=1 size=665608 src=worker:8 dst=client:2
event=req_send ts_ns=10112267 id=61 clt=2 wrkr=3 slot=1 size=17 src=client:2 dst=worker:3
event=resp_recv_ud ts_ns=10152404 id=61 clt=2 wrkr=3 slot=1 size=41 src=worker:3 dst=client:2
event=hand_send ts_ns=10161051 id=61 clt=2 wrkr=3 slot=1 size=10 src=client:2 dst=worker:3
event=resp_rdma_read ts_ns=10724000 id=52 start_ns=8530306 dur_ns=2193694 clt=2 wrkr=4 slot=2 size=665608 src=worker:4 dst=client:2
event=req_send ts_ns=10724000 id=67 clt=2 wrkr=0 slot=1 size=17 src=client:2 dst=worker:0
event=resp_recv_ud ts_ns=10772491 id=67 clt=2 wrkr=0 slot=1 size=41 src=worker:0 dst=client:2
event=hand_send ts_ns=10781138 id=67 clt=2 wrkr=0 slot=1 size=10 src=client:2 dst=worker:0
event=resp_rdma_read ts_ns=11135459 id=56 start_ns=8872886 dur_ns=2262573 clt=2 wrkr=10 slot=2 size=665608 src=worker:10 dst=client:2
event=req_send ts_ns=11135459 id=70 clt=2 wrkr=11 slot=2 size=17 src=client:2 dst=worker:11
event=resp_recv_ud ts_ns=11192585 id=70 clt=2 wrkr=11 slot=2 size=41 src=worker:11 dst=client:2
event=hand_send ts_ns=11201232 id=70 clt=2 wrkr=11 slot=2 size=10 src=client:2 dst=worker:11
event=resp_rdma_read ts_ns=11878956 id=60 start_ns=9911999 dur_ns=1966957 clt=2 wrkr=6 slot=2 size=665608 src=worker:6 dst=client:2
event=req_send ts_ns=11878956 id=73 clt=2 wrkr=8 slot=2 size=17 src=client:2 dst=worker:8
event=resp_recv_ud ts_ns=11934294 id=73 clt=2 wrkr=8 slot=2 size=41 src=worker:8 dst=client:2
event=hand_send ts_ns=11942941 id=73 clt=2 wrkr=8 slot=2 size=10 src=client:2 dst=worker:8
event=resp_rdma_read ts_ns=12216245 id=61 start_ns=10161051 dur_ns=2055194 clt=2 wrkr=3 slot=1 size=665608 src=worker:3 dst=client:2
event=req_send ts_ns=12216245 id=74 clt=2 wrkr=7 slot=0 size=17 src=client:2 dst=worker:7
event=resp_recv_ud ts_ns=12258339 id=74 clt=2 wrkr=7 slot=0 size=41 src=worker:7 dst=client:2
event=hand_send ts_ns=12266986 id=74 clt=2 wrkr=7 slot=0 size=10 src=client:2 dst=worker:7
event=resp_rdma_read ts_ns=12332186 id=67 start_ns=10781138 dur_ns=1551048 clt=2 wrkr=0 slot=1 size=665608 src=worker:0 dst=client:2
event=req_send ts_ns=12332186 id=76 clt=2 wrkr=6 slot=3 size=17 src=client:2 dst=worker:6
event=resp_recv_ud ts_ns=12376820 id=76 clt=2 wrkr=6 slot=3 size=41 src=worker:6 dst=client:2
event=hand_send ts_ns=12385467 id=76 clt=2 wrkr=6 slot=3 size=10 src=client:2 dst=worker:6
event=resp_rdma_read ts_ns=13051023 id=70 start_ns=11201232 dur_ns=1849791 clt=2 wrkr=11 slot=2 size=665608 src=worker:11 dst=client:2
event=req_send ts_ns=13051023 id=81 clt=2 wrkr=6 slot=0 size=17 src=client:2 dst=worker:6
event=resp_recv_ud ts_ns=13098682 id=81 clt=2 wrkr=6 slot=0 size=41 src=worker:6 dst=client:2
event=hand_send ts_ns=13107329 id=81 clt=2 wrkr=6 slot=0 size=10 src=client:2 dst=worker:6
event=resp_rdma_read ts_ns=13771132 id=73 start_ns=11942941 dur_ns=1828191 clt=2 wrkr=8 slot=2 size=665608 src=worker:8 dst=client:2
event=req_send ts_ns=13771132 id=84 clt=2 wrkr=2 slot=1 size=17 src=client:2 dst=worker:2
event=resp_recv_ud ts_ns=13811153 id=84 clt=2 wrkr=2 slot=1 size=41 src=worker:2 dst=client:2
event=hand_send ts_ns=13819800 id=84 clt=2 wrkr=2 slot=1 size=10 src=client:2 dst=worker:2
event=resp_rdma_read ts_ns=13952272 id=76 start_ns=12385467 dur_ns=1566805 clt=2 wrkr=6 slot=3 size=665608 src=worker:6 dst=client:2
event=req_send ts_ns=13952272 id=86 clt=2 wrkr=1 slot=3 size=17 src=client:2 dst=worker:1
event=resp_recv_ud ts_ns=13994464 id=86 clt=2 wrkr=1 slot=3 size=41 src=worker:1 dst=client:2
event=hand_send ts_ns=14003111 id=86 clt=2 wrkr=1 slot=3 size=10 src=client:2 dst=worker:1
event=resp_rdma_read ts_ns=14312994 id=74 start_ns=12266986 dur_ns=2046008 clt=2 wrkr=7 slot=0 size=665608 src=worker:7 dst=client:2
event=req_send ts_ns=14312994 id=89 clt=2 wrkr=4 slot=3 size=17 src=client:2 dst=worker:4
event=resp_recv_ud ts_ns=14358762 id=89 clt=2 wrkr=4 slot=3 size=41 src=worker:4 dst=client:2
event=hand_send ts_ns=14367409 id=89 clt=2 wrkr=4 slot=3 size=10 src=client:2 dst=worker:4
event=resp_rdma_read ts_ns=14602273 id=81 start_ns=13107329 dur_ns=1494944 clt=2 wrkr=6 slot=0 size=665608 src=worker:6 dst=client:2
event=req_send ts_ns=14602273 id=91 clt=2 wrkr=8 slot=3 size=17 src=client:2 dst=worker:8
event=resp_recv_ud ts_ns=14642071 id=91 clt=2 wrkr=8 slot=3 size=41 src=worker:8 dst=client:2
event=hand_send ts_ns=14650718 id=91 clt=2 wrkr=8 slot=3 size=10 src=client:2 dst=worker:8
event=resp_rdma_read ts_ns=15579158 id=86 start_ns=14003111 dur_ns=1576047 clt=2 wrkr=1 slot=3 size=665608 src=worker:1 dst=client:2
event=req_send ts_ns=15579158 id=96 clt=2 wrkr=5 slot=1 size=17 src=client:2 dst=worker:5
event=resp_recv_ud ts_ns=15618616 id=96 clt=2 wrkr=5 slot=1 size=41 src=worker:5 dst=client:2
event=hand_send ts_ns=15627263 id=96 clt=2 wrkr=5 slot=1 size=10 src=client:2 dst=worker:5
event=resp_rdma_read ts_ns=15757863 id=84 start_ns=13819800 dur_ns=1938063 clt=2 wrkr=2 slot=1 size=665608 src=worker:2 dst=client:2
event=req_send ts_ns=15757863 id=97 clt=2 wrkr=8 slot=0 size=17 src=client:2 dst=worker:8
event=resp_recv_ud ts_ns=15797143 id=97 clt=2 wrkr=8 slot=0 size=41 src=worker:8 dst=client:2
event=hand_send ts_ns=15805790 id=97 clt=2 wrkr=8 slot=0 size=10 src=client:2 dst=worker:8
event=resp_rdma_read ts_ns=15947067 id=89 start_ns=14367409 dur_ns=1579658 clt=2 wrkr=4 slot=3 size=665608 src=worker:4 dst=client:2
event=req_send ts_ns=15947067 id=98 clt=2 wrkr=4 slot=0 size=17 src=client:2 dst=worker:4
event=resp_recv_ud ts_ns=15986254 id=98 clt=2 wrkr=4 slot=0 size=41 src=worker:4 dst=client:2
event=hand_send ts_ns=15994901 id=98 clt=2 wrkr=4 slot=0 size=10 src=client:2 dst=worker:4
event=resp_rdma_read ts_ns=16917766 id=91 start_ns=14650718 dur_ns=2267048 clt=2 wrkr=8 slot=3 size=665608 src=worker:8 dst=client:2
event=req_send ts_ns=16917766 id=104 clt=2 wrkr=2 slot=2 size=17 src=client:2 dst=worker:2
event=resp_recv_ud ts_ns=16957215 id=104 clt=2 wrkr=2 slot=2 size=41 src=worker:2 dst=client:2
event=hand_send ts_ns=16965862 id=104 clt=2 wrkr=2 slot=2 size=10 src=client:2 dst=worker:2
event=resp_rdma_read ts_ns=17563370 id=96 start_ns=15627263 dur_ns=1936107 clt=2 wrkr=5 slot=1 size=665608 src=worker:5 dst=client:2
event=req_send ts_ns=17563370 id=108 clt=2 wrkr=3 slot=2 size=17 src=client:2 dst=worker:3
event=resp_recv_ud ts_ns=17602845 id=108 clt=2 wrkr=3 slot=2 size=41 src=worker:3 dst=client:2
event=hand_send ts_ns=17611492 id=108 clt=2 wrkr=3 slot=2 size=10 src=client:2 dst=worker:3
event=resp_rdma_read ts_ns=17737771 id=97 start_ns=15805790 dur_ns=1931981 clt=2 wrkr=8 slot=0 size=665608 src=worker:8 dst=client:2
event=req_send ts_ns=17737771 id=110 clt=2 wrkr=10 slot=3 size=17 src=client:2 dst=worker:10
event=resp_recv_ud ts_ns=17790209 id=110 clt=2 wrkr=10 slot=3 size=41 src=worker:10 dst=client:2
event=hand_send ts_ns=17798856 id=110 clt=2 wrkr=10 slot=3 size=10 src=client:2 dst=worker:10
event=resp_rdma_read ts_ns=17920784 id=98 start_ns=15994901 dur_ns=1925883 clt=2 wrkr=4 slot=0 size=665608 src=worker:4 dst=client:2
event=req_send ts_ns=17920784 id=112 clt=2 wrkr=2 slot=3 size=17 src=client:2 dst=worker:2
event=resp_recv_ud ts_ns=17959573 id=112 clt=2 wrkr=2 slot=3 size=41 src=worker:2 dst=client:2
event=hand_send ts_ns=17968220 id=112 clt=2 wrkr=2 slot=3 size=10 src=client:2 dst=worker:2
event=resp_rdma_read ts_ns=18900060 id=104 start_ns=16965862 dur_ns=1934198 clt=2 wrkr=2 slot=2 size=665608 src=worker:2 dst=client:2
event=req_send ts_ns=18900060 id=117 clt=2 wrkr=1 slot=0 size=17 src=client:2 dst=worker:1
event=resp_recv_ud ts_ns=18940173 id=117 clt=2 wrkr=1 slot=0 size=41 src=worker:1 dst=client:2
event=hand_send ts_ns=18948820 id=117 clt=2 wrkr=1 slot=0 size=10 src=client:2 dst=worker:1
event=resp_rdma_read ts_ns=19554431 id=108 start_ns=17611492 dur_ns=1942939 clt=2 wrkr=3 slot=2 size=665608 src=worker:3 dst=client:2
event=req_send ts_ns=19554431 id=120 clt=2 wrkr=9 slot=1 size=17 src=client:2 dst=worker:9
event=resp_recv_ud ts_ns=19595826 id=120 clt=2 wrkr=9 slot=1 size=41 src=worker:9 dst=client:2
event=hand_send ts_ns=19604473 id=120 clt=2 wrkr=9 slot=1 size=10 src=client:2 dst=worker:9
event=resp_rdma_read ts_ns=19936649 id=110 start_ns=17798856 dur_ns=2137793 clt=2 wrkr=10 slot=3 size=665608 src=worker:10 dst=client:2
event=req_send ts_ns=19936649 id=124 clt=2 wrkr=8 slot=1 size=17 src=client:2 dst=worker:8
event=resp_recv_ud ts_ns=19975807 id=124 clt=2 wrkr=8 slot=1 size=41 src=worker:8 dst=client:2
event=hand_send ts_ns=19984454 id=124 clt=2 wrkr=8 slot=1 size=10 src=client:2 dst=worker:8
event=resp_rdma_read ts_ns=20172023 id=112 start_ns=17968220 dur_ns=2203803 clt=2 wrkr=2 slot=3 size=665608 src=worker:2 dst=client:2
event=req_send ts_ns=20172023 id=125 clt=2 wrkr=4 slot=1 size=17 src=client:2 dst=worker:4
event=resp_recv_ud ts_ns=20211606 id=125 clt=2 wrkr=4 slot=1 size=41 src=worker:4 dst=client:2
event=hand_send ts_ns=20220253 id=125 clt=2 wrkr=4 slot=1 size=10 src=client:2 dst=worker:4
event=resp_rdma_read ts_ns=20901129 id=117 start_ns=18948820 dur_ns=1952309 clt=2 wrkr=1 slot=0 size=665608 src=worker:1 dst=client:2
event=req_send ts_ns=20901129 id=129 clt=2 wrkr=4 slot=2 size=17 src=client:2 dst=worker:4
event=resp_recv_ud ts_ns=20940939 id=129 clt=2 wrkr=4 slot=2 size=41 src=worker:4 dst=client:2
event=hand_send ts_ns=20949586 id=129 clt=2 wrkr=4 slot=2 size=10 src=client:2 dst=worker:4
event=resp_rdma_read ts_ns=21662532 id=120 start_ns=19604473 dur_ns=2058059 clt=2 wrkr=9 slot=1 size=665608 src=worker:9 dst=client:2
event=req_send ts_ns=21662532 id=133 clt=2 wrkr=11 slot=3 size=17 src=client:2 dst=worker:11
event=resp_recv_ud ts_ns=21701485 id=133 clt=2 wrkr=11 slot=3 size=41 src=worker:11 dst=client:2
event=hand_send ts_ns=21710132 id=133 clt=2 wrkr=11 slot=3 size=10 src=client:2 dst=worker:11
event=resp_rdma_read ts_ns=21936071 id=124 start_ns=19984454 dur_ns=1951617 clt=2 wrkr=8 slot=1 size=665608 src=worker:8 dst=client:2
event=req_send ts_ns=21936071 id=136 clt=2 wrkr=2 slot=0 size=17 src=client:2 dst=worker:2
event=resp_recv_ud ts_ns=21975027 id=136 clt=2 wrkr=2 slot=0 size=41 src=worker:2 dst=client:2
event=hand_send ts_ns=21983674 id=136 clt=2 wrkr=2 slot=0 size=10 src=client:2 dst=worker:2
event=resp_rdma_read ts_ns=22191900 id=125 start_ns=20220253 dur_ns=1971647 clt=2 wrkr=4 slot=1 size=665608 src=worker:4 dst=client:2
event=req_send ts_ns=22191900 id=138 clt=2 wrkr=1 slot=1 size=17 src=client:2 dst=worker:1
event=resp_recv_ud ts_ns=22232666 id=138 clt=2 wrkr=1 slot=1 size=41 src=worker:1 dst=client:2
event=hand_send ts_ns=22241313 id=138 clt=2 wrkr=1 slot=1 size=10 src=client:2 dst=worker:1
event=resp_rdma_read ts_ns=22903143 id=129 start_ns=20949586 dur_ns=1953557 clt=2 wrkr=4 slot=2 size=665608 src=worker:4 dst=client:2
event=req_send ts_ns=22903143 id=141 clt=2 wrkr=7 slot=1 size=17 src=client:2 dst=worker:7
event=resp_recv_ud ts_ns=22942624 id=141 clt=2 wrkr=7 slot=1 size=41 src=worker:7 dst=client:2
event=hand_send ts_ns=22951271 id=141 clt=2 wrkr=7 slot=1 size=10 src=client:2 dst=worker:7
event=resp_rdma_read ts_ns=23630399 id=133 start_ns=21710132 dur_ns=1920267 clt=2 wrkr=11 slot=3 size=665608 src=worker:11 dst=client:2
event=req_send ts_ns=23630399 id=146 clt=2 wrkr=9 slot=2 size=17 src=client:2 dst=worker:9
event=resp_recv_ud ts_ns=23669159 id=146 clt=2 wrkr=9 slot=2 size=41 src=worker:9 dst=client:2
event=hand_send ts_ns=23677806 id=146 clt=2 wrkr=9 slot=2 size=10 src=client:2 dst=worker:9
event=resp_rdma_read ts_ns=23924899 id=136 start_ns=21983674 dur_ns=1941225 clt=2 wrkr=2 slot=0 size=665608 src=worker:2 dst=client:2
event=req_send ts_ns=23924899 id=147 clt=2 wrkr=10 slot=0 size=17 src=client:2 dst=worker:10
event=resp_recv_ud ts_ns=23964337 id=147 clt=2 wrkr=10 slot=0 size=41 src=worker:10 dst=client:2
event=hand_send ts_ns=23972984 id=147 clt=2 wrkr=10 slot=0 size=10 src=client:2 dst=worker:10
event=resp_rdma_read ts_ns=24165467 id=138 start_ns=22241313 dur_ns=1924154 clt=2 wrkr=1 slot=1 size=665608 src=worker:1 dst=client:2
event=req_send ts_ns=24165467 id=150 clt=2 wrkr=7 slot=2 size=17 src=client:2 dst=worker:7
event=resp_recv_ud ts_ns=24212205 id=150 clt=2 wrkr=7 slot=2 size=41 src=worker:7 dst=client:2
event=hand_send ts_ns=24220852 id=150 clt=2 wrkr=7 slot=2 size=10 src=client:2 dst=worker:7
event=resp_rdma_read ts_ns=24892657 id=141 start_ns=22951271 dur_ns=1941386 clt=2 wrkr=7 slot=1 size=665608 src=worker:7 dst=client:2
event=req_send ts_ns=24892657 id=153 clt=2 wrkr=4 slot=3 size=17 src=client:2 dst=worker:4
event=resp_recv_ud ts_ns=24932500 id=153 clt=2 wrkr=4 slot=3 size=41 src=worker:4 dst=client:2
event=hand_send ts_ns=24941147 id=153 clt=2 wrkr=4 slot=3 size=10 src=client:2 dst=worker:4
event=resp_rdma_read ts_ns=25617760 id=146 start_ns=23677806 dur_ns=1939954 clt=2 wrkr=9 slot=2 size=665608 src=worker:9 dst=client:2
event=req_send ts_ns=25617760 id=158 clt=2 wrkr=0 slot=2 size=17 src=client:2 dst=worker:0
event=resp_recv_ud ts_ns=25662448 id=158 clt=2 wrkr=0 slot=2 size=41 src=worker:0 dst=client:2
event=hand_send ts_ns=25671095 id=158 clt=2 wrkr=0 slot=2 size=10 src=client:2 dst=worker:0
event=resp_rdma_read ts_ns=25846279 id=150 start_ns=24220852 dur_ns=1625427 clt=2 wrkr=7 slot=2 size=665608 src=worker:7 dst=client:2
event=req_send ts_ns=25846279 id=159 clt=2 wrkr=11 slot=0 size=17 src=client:2 dst=worker:11
event=resp_recv_ud ts_ns=25887662 id=159 clt=2 wrkr=11 slot=0 size=41 src=worker:11 dst=client:2
event=hand_send ts_ns=25896309 id=159 clt=2 wrkr=11 slot=0 size=10 src=client:2 dst=worker:11
event=resp_rdma_read ts_ns=25918862 id=147 start_ns=23972984 dur_ns=1945878 clt=2 wrkr=10 slot=0 size=665608 src=worker:10 dst=client:2
event=req_send ts_ns=25918862 id=161 clt=2 wrkr=0 slot=3 size=17 src=client:2 dst=worker:0
event=resp_recv_ud ts_ns=25978452 id=161 clt=2 wrkr=0 slot=3 size=41 src=worker:0 dst=client:2
event=hand_send ts_ns=25987099 id=161 clt=2 wrkr=0 slot=3 size=10 src=client:2 dst=worker:0
event=resp_rdma_read ts_ns=26891101 id=153 start_ns=24941147 dur_ns=1949954 clt=2 wrkr=4 slot=3 size=665608 src=worker:4 dst=client:2
event=req_send ts_ns=26891101 id=165 clt=2 wrkr=11 slot=1 size=17 src=client:2 dst=worker:11
event=resp_recv_ud ts_ns=26931083 id=165 clt=2 wrkr=11 slot=1 size=41 src=worker:11 dst=client:2
event=hand_send ts_ns=26939730 id=165 clt=2 wrkr=11 slot=1 size=10 src=client:2 dst=worker:11
event=resp_rdma_read ts_ns=27217950 id=158 start_ns=25671095 dur_ns=1546855 clt=2 wrkr=0 slot=2 size=665608 src=worker:0 dst=client:2
event=req_send ts_ns=27217950 id=168 clt=2 wrkr=7 slot=3 size=17 src=client:2 dst=worker:7
event=resp_recv_ud ts_ns=27281874 id=168 clt=2 wrkr=7 slot=3 size=41 src=worker:7 dst=client:2
event=hand_send ts_ns=27290521 id=168 clt=2 wrkr=7 slot=3 size=10 src=client:2 dst=worker:7
event=resp_rdma_read ts_ns=27902762 id=161 start_ns=25987099 dur_ns=1915663 clt=2 wrkr=0 slot=3 size=665608 src=worker:0 dst=client:2
event=req_send ts_ns=27902762 id=172 clt=2 wrkr=5 slot=2 size=17 src=client:2 dst=worker:5
event=resp_recv_ud ts_ns=27942444 id=172 clt=2 wrkr=5 slot=2 size=41 src=worker:5 dst=client:2
event=hand_send ts_ns=27951091 id=172 clt=2 wrkr=5 slot=2 size=10 src=client:2 dst=worker:5
event=resp_rdma_read ts_ns=28019452 id=159 start_ns=25896309 dur_ns=2123143 clt=2 wrkr=11 slot=0 size=665608 src=worker:11 dst=client:2
event=req_send ts_ns=28019452 id=173 clt=2 wrkr=0 slot=0 size=17 src=client:2 dst=worker:0
event=resp_recv_ud ts_ns=28060046 id=173 clt=2 wrkr=0 slot=0 size=41 src=worker:0 dst=client:2
event=hand_send ts_ns=28068693 id=173 clt=2 wrkr=0 slot=0 size=10 src=client:2 dst=worker:0
event=resp_rdma_read ts_ns=28911338 id=165 start_ns=26939730 dur_ns=1971608 clt=2 wrkr=11 slot=1 size=665608 src=worker:11 dst=client:2
event=req_send ts_ns=28911338 id=177 clt=2 wrkr=11 slot=2 size=17 src=client:2 dst=worker:11
event=resp_recv_ud ts_ns=28950981 id=177 clt=2 wrkr=11 slot=2 size=41 src=worker:11 dst=client:2
event=hand_send ts_ns=28959628 id=177 clt=2 wrkr=11 slot=2 size=10 src=client:2 dst=worker:11
event=resp_rdma_read ts_ns=29103860 id=168 start_ns=27290521 dur_ns=1813339 clt=2 wrkr=7 slot=3 size=665608 src=worker:7 dst=client:2
event=req_send ts_ns=29103860 id=178 clt=2 wrkr=2 slot=1 size=17 src=client:2 dst=worker:2
event=resp_recv_ud ts_ns=29143036 id=178 clt=2 wrkr=2 slot=1 size=41 src=worker:2 dst=client:2
event=hand_send ts_ns=29151683 id=178 clt=2 wrkr=2 slot=1 size=10 src=client:2 dst=worker:2
event=resp_rdma_read ts_ns=29934278 id=172 start_ns=27951091 dur_ns=1983187 clt=2 wrkr=5 slot=2 size=665608 src=worker:5 dst=client:2
event=req_send ts_ns=29934278 id=184 clt=2 wrkr=7 slot=0 size=17 src=client:2 dst=worker:7
event=resp_recv_ud ts_ns=29973527 id=184 clt=2 wrkr=7 slot=0 size=41 src=worker:7 dst=client:2
event=hand_send ts_ns=29982174 id=184 clt=2 wrkr=7 slot=0 size=10 src=client:2 dst=worker:7
event=resp_rdma_read ts_ns=30038257 id=173 start_ns=28068693 dur_ns=1969564 clt=2 wrkr=0 slot=0 size=665608 src=worker:0 dst=client:2
event=req_send ts_ns=30038257 id=185 clt=2 wrkr=0 slot=1 size=17 src=client:2 dst=worker:0
event=resp_recv_ud ts_ns=30079090 id=185 clt=2 wrkr=0 slot=1 size=41 src=worker:0 dst=client:2
event=hand_send ts_ns=30087737 id=185 clt=2 wrkr=0 slot=1 size=10 src=client:2 dst=worker:0
event=resp_rdma_read ts_ns=30896897 id=177 start_ns=28959628 dur_ns=1937269 clt=2 wrkr=11 slot=2 size=665608 src=worker:11 dst=client:2
event=req_send ts_ns=30896897 id=190 clt=2 wrkr=10 slot=1 size=17 src=client:2 dst=worker:10
event=resp_recv_ud ts_ns=30936094 id=190 clt=2 wrkr=10 slot=1 size=41 src=worker:10 dst=client:2
event=hand_send ts_ns=30944741 id=190 clt=2 wrkr=10 slot=1 size=10 src=client:2 dst=worker:10
event=resp_rdma_read ts_ns=31275123 id=178 start_ns=29151683 dur_ns=2123440 clt=2 wrkr=2 slot=1 size=665608 src=worker:2 dst=client:2
event=req_send ts_ns=31275123 id=192 clt=2 wrkr=1 slot=2 size=17 src=client:2 dst=worker:1
event=resp_recv_ud ts_ns=31314301 id=192 clt=2 wrkr=1 slot=2 size=41 src=worker:1 dst=client:2
event=hand_send ts_ns=31322948 id=192 clt=2 wrkr=1 slot=2 size=10 src=client:2 dst=worker:1
event=resp_rdma_read ts_ns=31929847 id=184 start_ns=29982174 dur_ns=1947673 clt=2 wrkr=7 slot=0 size=665608 src=worker:7 dst=client:2
event=req_send ts_ns=31929847 id=196 clt=2 wrkr=0 slot=2 size=17 src=client:2 dst=worker:0
event=resp_recv_ud ts_ns=31968816 id=196 clt=2 wrkr=0 slot=2 size=41 src=worker:0 dst=client:2
event=hand_send ts_ns=31977463 id=196 clt=2 wrkr=0 slot=2 size=10 src=client:2 dst=worker:0
event=resp_rdma_read ts_ns=31992844 id=185 start_ns=30087737 dur_ns=1905107 clt=2 wrkr=0 slot=1 size=665608 src=worker:0 dst=client:2
event=req_send ts_ns=31992844 id=197 clt=2 wrkr=5 slot=3 size=17 src=client:2 dst=worker:5
event=resp_recv_ud ts_ns=32039380 id=197 clt=2 wrkr=5 slot=3 size=41 src=worker:5 dst=client:2
event=hand_send ts_ns=32048027 id=197 clt=2 wrkr=5 slot=3 size=10 src=client:2 dst=worker:5
event=resp_rdma_read ts_ns=32869684 id=190 start_ns=30944741 dur_ns=1924943 clt=2 wrkr=10 slot=1 size=665608 src=worker:10 dst=client:2
event=req_send ts_ns=32869684 id=202 clt=2 wrkr=3 slot=3 size=17 src=client:2 dst=worker:3
event=resp_recv_ud ts_ns=32909320 id=202 clt=2 wrkr=3 slot=3 size=41 src=worker:3 dst=client:2
event=hand_send ts_ns=32917967 id=202 clt=2 wrkr=3 slot=3 size=10 src=client:2 dst=worker:3
event=resp_rdma_read ts_ns=33247527 id=192 start_ns=31322948 dur_ns=1924579 clt=2 wrkr=1 slot=2 size=665608 src=worker:1 dst=client:2
event=req_send ts_ns=33247527 id=205 clt=2 wrkr=4 slot=0 size=17 src=client:2 dst=worker:4
event=resp_recv_ud ts_ns=33307899 id=205 clt=2 wrkr=4 slot=0 size=41 src=worker:4 dst=client:2
event=hand_send ts_ns=33316546 id=205 clt=2 wrkr=4 slot=0 size=10 src=client:2 dst=worker:4
event=resp_rdma_read ts_ns=33533898 id=197 start_ns=32048027 dur_ns=1485871 clt=2 wrkr=5 slot=3 size=665608 src=worker:5 dst=client:2
event=req_send ts_ns=33533898 id=206 clt=2 wrkr=9 slot=3 size=17 src=client:2 dst=worker:9
event=resp_recv_ud ts_ns=33572994 id=206 clt=2 wrkr=9 slot=3 size=41 src=worker:9 dst=client:2
event=hand_send ts_ns=33581641 id=206 clt=2 wrkr=9 slot=3 size=10 src=client:2 dst=worker:9
event=resp_rdma_read ts_ns=33906561 id=196 start_ns=31977463 dur_ns=1929098 clt=2 wrkr=0 slot=2 size=665608 src=worker:0 dst=client:2
event=req_send ts_ns=33906561 id=209 clt=2 wrkr=9 slot=0 size=17 src=client:2 dst=worker:9
event=resp_recv_ud ts_ns=33945752 id=209 clt=2 wrkr=9 slot=0 size=41 src=worker:9 dst=client:2
event=hand_send ts_ns=33954399 id=209 clt=2 wrkr=9 slot=0 size=10 src=client:2 dst=worker:9
event=resp_rdma_read ts_ns=34845981 id=202 start_ns=32917967 dur_ns=1928014 clt=2 wrkr=3 slot=3 size=665608 src=worker:3 dst=client:2
event=req_send ts_ns=34845981 id=214 clt=2 wrkr=6 slot=1 size=17 src=client:2 dst=worker:6
event=resp_recv_ud ts_ns=34885851 id=214 clt=2 wrkr=6 slot=1 size=41 src=worker:6 dst=client:2
event=hand_send ts_ns=34894498 id=214 clt=2 wrkr=6 slot=1 size=10 src=client:2 dst=worker:6
event=resp_rdma_read ts_ns=35004911 id=205 start_ns=33316546 dur_ns=1688365 clt=2 wrkr=4 slot=0 size=665608 src=worker:4 dst=client:2
event=req_send ts_ns=35004911 id=216 clt=2 wrkr=6 slot=2 size=17 src=client:2 dst=worker:6
event=resp_recv_ud ts_ns=35061516 id=216 clt=2 wrkr=6 slot=2 size=41 src=worker:6 dst=client:2
event=hand_send ts_ns=35070163 id=216 clt=2 wrkr=6 slot=2 size=10 src=client:2 dst=worker:6
event=resp_rdma_read ts_ns=35508002 id=206 start_ns=33581641 dur_ns=1926361 clt=2 wrkr=9 slot=3 size=665608 src=worker:9 dst=client:2
event=req_send ts_ns=35508002 id=219 clt=2 wrkr=6 slot=3 size=17 src=client:2 dst=worker:6
event=resp_recv_ud ts_ns=35552282 id=219 clt=2 wrkr=6 slot=3 size=41 src=worker:6 dst=client:2
event=hand_send ts_ns=35560929 id=219 clt=2 wrkr=6 slot=3 size=10 src=client:2 dst=worker:6
event=resp_rdma_read ts_ns=35901189 id=209 start_ns=33954399 dur_ns=1946790 clt=2 wrkr=9 slot=0 size=665608 src=worker:9 dst=client:2
event=req_send ts_ns=35901189 id=221 clt=2 wrkr=0 slot=3 size=17 src=client:2 dst=worker:0
event=resp_recv_ud ts_ns=35940723 id=221 clt=2 wrkr=0 slot=3 size=41 src=worker:0 dst=client:2
event=hand_send ts_ns=35949370 id=221 clt=2 wrkr=0 slot=3 size=10 src=client:2 dst=worker:0
event=resp_rdma_read ts_ns=36797929 id=214 start_ns=34894498 dur_ns=1903431 clt=2 wrkr=6 slot=1 size=665608 src=worker:6 dst=client:2
event=req_send ts_ns=36797929 id=226 clt=2 wrkr=7 slot=1 size=17 src=client:2 dst=worker:7
event=resp_recv_ud ts_ns=36842507 id=226 clt=2 wrkr=7 slot=1 size=41 src=worker:7 dst=client:2
event=hand_send ts_ns=36851154 id=226 clt=2 wrkr=7 slot=1 size=10 src=client:2 dst=worker:7
event=resp_rdma_read ts_ns=36885757 id=216 start_ns=35070163 dur_ns=1815594 clt=2 wrkr=6 slot=2 size=665608 src=worker:6 dst=client:2
event=req_send ts_ns=36885757 id=227 clt=2 wrkr=2 slot=2 size=17 src=client:2 dst=worker:2
event=resp_recv_ud ts_ns=36932484 id=227 clt=2 wrkr=2 slot=2 size=41 src=worker:2 dst=client:2
event=hand_send ts_ns=36941131 id=227 clt=2 wrkr=2 slot=2 size=10 src=client:2 dst=worker:2
event=resp_rdma_read ts_ns=37180538 id=219 start_ns=35560929 dur_ns=1619609 clt=2 wrkr=6 slot=3 size=665608 src=worker:6 dst=client:2
event=req_send ts_ns=37180538 id=229 clt=2 wrkr=10 slot=2 size=17 src=client:2 dst=worker:10
event=resp_recv_ud ts_ns=37219683 id=229 clt=2 wrkr=10 slot=2 size=41 src=worker:10 dst=client:2
event=hand_send ts_ns=37228330 id=229 clt=2 wrkr=10 slot=2 size=10 src=client:2 dst=worker:10
event=resp_rdma_read ts_ns=37894479 id=221 start_ns=35949370 dur_ns=1945109 clt=2 wrkr=0 slot=3 size=665608 src=worker:0 dst=client:2
event=req_send ts_ns=37894479 id=233 clt=2 wrkr=6 slot=0 size=17 src=client:2 dst=worker:6
event=resp_recv_ud ts_ns=37933943 id=233 clt=2 wrkr=6 slot=0 size=41 src=worker:6 dst=client:2
event=hand_send ts_ns=37942590 id=233 clt=2 wrkr=6 slot=0 size=10 src=client:2 dst=worker:6
event=resp_rdma_read ts_ns=38391296 id=226 start_ns=36851154 dur_ns=1540142 clt=2 wrkr=7 slot=1 size=665608 src=worker:7 dst=client:2
event=req_send ts_ns=38391296 id=235 clt=2 wrkr=0 slot=0 size=17 src=client:2 dst=worker:0
event=resp_recv_ud ts_ns=38431141 id=235 clt=2 wrkr=0 slot=0 size=41 src=worker:0 dst=client:2
event=resp_rdma_read ts_ns=38432516 id=227 start_ns=36941131 dur_ns=1491385 clt=2 wrkr=2 slot=2 size=665608 src=worker:2 dst=client:2
event=req_send ts_ns=38432516 id=236 clt=2 wrkr=0 slot=1 size=17 src=client:2 dst=worker:0
event=hand_send ts_ns=38439788 id=235 clt=2 wrkr=0 slot=0 size=10 src=client:2 dst=worker:0
event=resp_recv_ud ts_ns=38485047 id=236 clt=2 wrkr=0 slot=1 size=41 src=worker:0 dst=client:2
event=hand_send ts_ns=38493694 id=236 clt=2 wrkr=0 slot=1 size=10 src=client:2 dst=worker:0
event=resp_rdma_read ts_ns=39177496 id=229 start_ns=37228330 dur_ns=1949166 clt=2 wrkr=10 slot=2 size=665608 src=worker:10 dst=client:2
event=req_send ts_ns=39177496 id=242 clt=2 wrkr=8 slot=2 size=17 src=client:2 dst=worker:8
event=resp_recv_ud ts_ns=39240707 id=242 clt=2 wrkr=8 slot=2 size=41 src=worker:8 dst=client:2
event=hand_send ts_ns=39249354 id=242 clt=2 wrkr=8 slot=2 size=10 src=client:2 dst=worker:8
event=resp_rdma_read ts_ns=39884475 id=233 start_ns=37942590 dur_ns=1941885 clt=2 wrkr=6 slot=0 size=665608 src=worker:6 dst=client:2
event=req_send ts_ns=39884475 id=245 clt=2 wrkr=8 slot=3 size=17 src=client:2 dst=worker:8
event=resp_recv_ud ts_ns=39924259 id=245 clt=2 wrkr=8 slot=3 size=41 src=worker:8 dst=client:2
event=hand_send ts_ns=39932906 id=245 clt=2 wrkr=8 slot=3 size=10 src=client:2 dst=worker:8
event=resp_rdma_read ts_ns=40530880 id=235 start_ns=38439788 dur_ns=2091092 clt=2 wrkr=0 slot=0 size=665608 src=worker:0 dst=client:2
event=req_send ts_ns=40530880 id=249 clt=2 wrkr=0 slot=2 size=17 src=client:2 dst=worker:0
event=resp_recv_ud ts_ns=40569993 id=249 clt=2 wrkr=0 slot=2 size=41 src=worker:0 dst=client:2
event=hand_send ts_ns=40578640 id=249 clt=2 wrkr=0 slot=2 size=10 src=client:2 dst=worker:0
event=resp_rdma_read ts_ns=40632298 id=236 start_ns=38493694 dur_ns=2138604 clt=2 wrkr=0 slot=1 size=665608 src=worker:0 dst=client:2
event=req_send ts_ns=40632298 id=250 clt=2 wrkr=8 slot=0 size=17 src=client:2 dst=worker:8
event=resp_recv_ud ts_ns=40672957 id=250 clt=2 wrkr=8 slot=0 size=41 src=worker:8 dst=client:2
event=hand_send ts_ns=40681604 id=250 clt=2 wrkr=8 slot=0 size=10 src=client:2 dst=worker:8
event=resp_rdma_read ts_ns=41014892 id=242 start_ns=39249354 dur_ns=1765538 clt=2 wrkr=8 slot=2 size=665608 src=worker:8 dst=client:2
event=req_send ts_ns=41014892 id=252 clt=2 wrkr=11 slot=3 size=17 src=client:2 dst=worker:11
event=resp_recv_ud ts_ns=41054253 id=252 clt=2 wrkr=11 slot=3 size=41 src=worker:11 dst=client:2
event=hand_send ts_ns=41062900 id=252 clt=2 wrkr=11 slot=3 size=10 src=client:2 dst=worker:11
event=resp_rdma_read ts_ns=41888882 id=245 start_ns=39932906 dur_ns=1955976 clt=2 wrkr=8 slot=3 size=665608 src=worker:8 dst=client:2
event=req_send ts_ns=41888882 id=257 clt=2 wrkr=10 slot=3 size=17 src=client:2 dst=worker:10
event=resp_recv_ud ts_ns=41928438 id=257 clt=2 wrkr=10 slot=3 size=41 src=worker:10 dst=client:2
event=hand_send ts_ns=41937085 id=257 clt=2 wrkr=10 slot=3 size=10 src=client:2 dst=worker:10
event=resp_rdma_read ts_ns=42505403 id=249 start_ns=40578640 dur_ns=1926763 clt=2 wrkr=0 slot=2 size=665608 src=worker:0 dst=client:2
event=req_send ts_ns=42505403 id=262 clt=2 wrkr=7 slot=2 size=17 src=client:2 dst=worker:7
event=resp_recv_ud ts_ns=42544404 id=262 clt=2 wrkr=7 slot=2 size=41 src=worker:7 dst=client:2
event=hand_send ts_ns=42553051 id=262 clt=2 wrkr=7 slot=2 size=10 src=client:2 dst=worker:7
event=resp_rdma_read ts_ns=42572923 id=250 start_ns=40681604 dur_ns=1891319 clt=2 wrkr=8 slot=0 size=665608 src=worker:8 dst=client:2
event=req_send ts_ns=42572923 id=263 clt=2 wrkr=3 slot=0 size=17 src=client:2 dst=worker:3
event=resp_recv_ud ts_ns=42620121 id=263 clt=2 wrkr=3 slot=0 size=41 src=worker:3 dst=client:2
event=hand_send ts_ns=42628768 id=263 clt=2 wrkr=3 slot=0 size=10 src=client:2 dst=worker:3
event=resp_rdma_read ts_ns=43249964 id=252 start_ns=41062900 dur_ns=2187064 clt=2 wrkr=11 slot=3 size=665608 src=worker:11 dst=client:2
event=req_send ts_ns=43249964 id=265 clt=2 wrkr=4 slot=1 size=17 src=client:2 dst=worker:4
event=resp_recv_ud ts_ns=43290142 id=265 clt=2 wrkr=4 slot=1 size=41 src=worker:4 dst=client:2
event=hand_send ts_ns=43298789 id=265 clt=2 wrkr=4 slot=1 size=10 src=client:2 dst=worker:4
event=resp_rdma_read ts_ns=43889992 id=257 start_ns=41937085 dur_ns=1952907 clt=2 wrkr=10 slot=3 size=665608 src=worker:10 dst=client:2
event=req_send ts_ns=43889992 id=270 clt=2 wrkr=1 slot=3 size=17 src=client:2 dst=worker:1
event=resp_recv_ud ts_ns=43929365 id=270 clt=2 wrkr=1 slot=3 size=41 src=worker:1 dst=client:2
event=hand_send ts_ns=43938012 id=270 clt=2 wrkr=1 slot=3 size=10 src=client:2 dst=worker:1
event=resp_rdma_read ts_ns=44122761 id=263 start_ns=42628768 dur_ns=1493993 clt=2 wrkr=3 slot=0 size=665608 src=worker:3 dst=client:2
event=req_send ts_ns=44122761 id=273 clt=2 wrkr=2 slot=3 size=17 src=client:2 dst=worker:2
event=resp_recv_ud ts_ns=44169058 id=273 clt=2 wrkr=2 slot=3 size=41 src=worker:2 dst=client:2
event=hand_send ts_ns=44177705 id=273 clt=2 wrkr=2 slot=3 size=10 src=client:2 dst=worker:2
event=resp_rdma_read ts_ns=44499107 id=262 start_ns=42553051 dur_ns=1946056 clt=2 wrkr=7 slot=2 size=665608 src=worker:7 dst=client:2
event=req_send ts_ns=44499107 id=275 clt=2 wrkr=0 slot=3 size=17 src=client:2 dst=worker:0
event=resp_recv_ud ts_ns=44560097 id=275 clt=2 wrkr=0 slot=3 size=41 src=worker:0 dst=client:2
event=hand_send ts_ns=44568744 id=275 clt=2 wrkr=0 slot=3 size=10 src=client:2 dst=worker:0
event=resp_rdma_read ts_ns=45247614 id=265 start_ns=43298789 dur_ns=1948825 clt=2 wrkr=4 slot=1 size=665608 src=worker:4 dst=client:2
event=req_send ts_ns=45247614 id=278 clt=2 wrkr=2 slot=0 size=17 src=client:2 dst=worker:2
event=resp_recv_ud ts_ns=45287816 id=278 clt=2 wrkr=2 slot=0 size=41 src=worker:2 dst=client:2
event=hand_send ts_ns=45296463 id=278 clt=2 wrkr=2 slot=0 size=10 src=client:2 dst=worker:2
event=resp_rdma_read ts_ns=45742997 id=273 start_ns=44177705 dur_ns=1565292 clt=2 wrkr=2 slot=3 size=665608 src=worker:2 dst=client:2
event=req_send ts_ns=45742997 id=281 clt=2 wrkr=8 slot=1 size=17 src=client:2 dst=worker:8
event=resp_recv_ud ts_ns=45782073 id=281 clt=2 wrkr=8 slot=1 size=41 src=worker:8 dst=client:2
event=hand_send ts_ns=45790720 id=281 clt=2 wrkr=8 slot=1 size=10 src=client:2 dst=worker:8
event=resp_rdma_read ts_ns=45894025 id=270 start_ns=43938012 dur_ns=1956013 clt=2 wrkr=1 slot=3 size=665608 src=worker:1 dst=client:2
event=req_send ts_ns=45894025 id=283 clt=2 wrkr=1 slot=0 size=17 src=client:2 dst=worker:1
event=resp_recv_ud ts_ns=45939673 id=283 clt=2 wrkr=1 slot=0 size=41 src=worker:1 dst=client:2
event=hand_send ts_ns=45948320 id=283 clt=2 wrkr=1 slot=0 size=10 src=client:2 dst=worker:1
event=resp_rdma_read ts_ns=46263515 id=275 start_ns=44568744 dur_ns=1694771 clt=2 wrkr=0 slot=3 size=665608 src=worker:0 dst=client:2
event=req_send ts_ns=46263515 id=286 clt=2 wrkr=2 slot=1 size=17 src=client:2 dst=worker:2
event=resp_recv_ud ts_ns=46316077 id=286 clt=2 wrkr=2 slot=1 size=41 src=worker:2 dst=client:2
event=hand_send ts_ns=46324724 id=286 clt=2 wrkr=2 slot=1 size=10 src=client:2 dst=worker:2
event=resp_rdma_read ts_ns=47248934 id=278 start_ns=45296463 dur_ns=1952471 clt=2 wrkr=2 slot=0 size=665608 src=worker:2 dst=client:2
event=req_send ts_ns=47248934 id=290 clt=2 wrkr=1 slot=1 size=17 src=client:2 dst=worker:1
event=resp_recv_ud ts_ns=47288929 id=290 clt=2 wrkr=1 slot=1 size=41 src=worker:1 dst=client:2
event=hand_send ts_ns=47297576 id=290 clt=2 wrkr=1 slot=1 size=10 src=client:2 dst=worker:1
event=resp_rdma_read ts_ns=47553930 id=283 start_ns=45948320 dur_ns=1605610 clt=2 wrkr=1 slot=0 size=665608 src=worker:1 dst=client:2
event=req_send ts_ns=47553930 id=292 clt=2 wrkr=1 slot=2 size=17 src=client:2 dst=worker:1
event=resp_recv_ud ts_ns=47593183 id=292 clt=2 wrkr=1 slot=2 size=41 src=worker:1 dst=client:2
event=hand_send ts_ns=47601830 id=292 clt=2 wrkr=1 slot=2 size=10 src=client:2 dst=worker:1
event=resp_rdma_read ts_ns=47718123 id=281 start_ns=45790720 dur_ns=1927403 clt=2 wrkr=8 slot=1 size=665608 src=worker:8 dst=client:2
event=req_send ts_ns=47718123 id=295 clt=2 wrkr=8 slot=2 size=17 src=client:2 dst=worker:8
event=resp_recv_ud ts_ns=47768490 id=295 clt=2 wrkr=8 slot=2 size=41 src=worker:8 dst=client:2
event=hand_send ts_ns=47777137 id=295 clt=2 wrkr=8 slot=2 size=10 src=client:2 dst=worker:8
event=resp_rdma_read ts_ns=47926354 id=286 start_ns=46324724 dur_ns=1601630 clt=2 wrkr=2 slot=1 size=665608 src=worker:2 dst=client:2
event=req_send ts_ns=47926354 id=296 clt=2 wrkr=10 slot=0 size=17 src=client:2 dst=worker:10
event=resp_recv_ud ts_ns=47965120 id=296 clt=2 wrkr=10 slot=0 size=41 src=worker:10 dst=client:2
event=hand_send ts_ns=47973767 id=296 clt=2 wrkr=10 slot=0 size=10 src=client:2 dst=worker:10
event=resp_rdma_read ts_ns=49246138 id=290 start_ns=47297576 dur_ns=1948562 clt=2 wrkr=1 slot=1 size=665608 src=worker:1 dst=client:2
event=req_send ts_ns=49246138 id=302 clt=2 wrkr=3 slot=1 size=17 src=client:2 dst=worker:3
event=resp_recv_ud ts_ns=49286069 id=302 clt=2 wrkr=3 slot=1 size=41 src=worker:3 dst=client:2
event=hand_send ts_ns=49294716 id=302 clt=2 wrkr=3 slot=1 size=10 src=client:2 dst=worker:3
event=resp_rdma_read ts_ns=49604333 id=295 start_ns=47777137 dur_ns=1827196 clt=2 wrkr=8 slot=2 size=665608 src=worker:8 dst=client:2
event=req_send ts_ns=49604333 id=305 clt=2 wrkr=3 slot=2 size=17 src=client:2 dst=worker:3
event=resp_recv_ud ts_ns=49643167 id=305 clt=2 wrkr=3 slot=2 size=41 src=worker:3 dst=client:2
event=hand_send ts_ns=49651814 id=305 clt=2 wrkr=3 slot=2 size=10 src=client:2 dst=worker:3
event=resp_rdma_read ts_ns=49749350 id=292 start_ns=47601830 dur_ns=2147520 clt=2 wrkr=1 slot=2 size=665608 src=worker:1 dst=client:2
event=req_send ts_ns=49749350 id=306 clt=2 wrkr=10 slot=1 size=17 src=client:2 dst=worker:10
event=resp_recv_ud ts_ns=49790631 id=306 clt=2 wrkr=10 slot=1 size=41 src=worker:10 dst=client:2
event=hand_send ts_ns=49799278 id=306 clt=2 wrkr=10 slot=1 size=10 src=client:2 dst=worker:10
event=resp_rdma_read ts_ns=49926525 id=296 start_ns=47973767 dur_ns=1952758 clt=2 wrkr=10 slot=0 size=665608 src=worker:10 dst=client:2
event=req_send ts_ns=49926525 id=308 clt=2 wrkr=4 slot=2 size=17 src=client:2 dst=worker:4
event=resp_recv_ud ts_ns=49965357 id=308 clt=2 wrkr=4 slot=2 size=41 src=worker:4 dst=client:2
event=hand_send ts_ns=49974004 id=308 clt=2 wrkr=4 slot=2 size=10 src=client:2 dst=worker:4
event=resp_rdma_read ts_ns=51235057 id=302 start_ns=49294716 dur_ns=1940341 clt=2 wrkr=3 slot=1 size=665608 src=worker:3 dst=client:2
event=req_send ts_ns=51235057 id=315 clt=2 wrkr=1 slot=3 size=17 src=client:2 dst=worker:1
event=resp_recv_ud ts_ns=51274626 id=315 clt=2 wrkr=1 slot=3 size=41 src=worker:1 dst=client:2
event=hand_send ts_ns=51283273 id=315 clt=2 wrkr=1 slot=3 size=10 src=client:2 dst=worker:1
event=resp_rdma_read ts_ns=51580738 id=305 start_ns=49651814 dur_ns=1928924 clt=2 wrkr=3 slot=2 size=665608 src=worker:3 dst=client:2
event=req_send ts_ns=51580738 id=316 clt=2 wrkr=3 slot=3 size=17 src=client:2 dst=worker:3
event=resp_recv_ud ts_ns=51620611 id=316 clt=2 wrkr=3 slot=3 size=41 src=worker:3 dst=client:2
event=hand_send ts_ns=51629258 id=316 clt=2 wrkr=3 slot=3 size=10 src=client:2 dst=worker:3
event=resp_rdma_read ts_ns=51798612 id=306 start_ns=49799278 dur_ns=1999334 clt=2 wrkr=10 slot=1 size=665608 src=worker:10 dst=client:2
event=req_send ts_ns=51798612 id=319 clt=2 wrkr=6 slot=1 size=17 src=client:2 dst=worker:6
event=resp_recv_ud ts_ns=51837726 id=319 clt=2 wrkr=6 slot=1 size=41 src=worker:6 dst=client:2
event=hand_send ts_ns=51846373 id=319 clt=2 wrkr=6 slot=1 size=10 src=client:2 dst=worker:6
event=resp_rdma_read ts_ns=51919988 id=308 start_ns=49974004 dur_ns=1945984 clt=2 wrkr=4 slot=2 size=665608 src=worker:4 dst=client:2
event=req_send ts_ns=51919988 id=320 clt=2 wrkr=11 slot=0 size=17 src=client:2 dst=worker:11
event=resp_recv_ud ts_ns=51959583 id=320 clt=2 wrkr=11 slot=0 size=41 src=worker:11 dst=client:2
event=hand_send ts_ns=51968230 id=320 clt=2 wrkr=11 slot=0 size=10 src=client:2 dst=worker:11
event=resp_rdma_read ts_ns=53230365 id=315 start_ns=51283273 dur_ns=1947092 clt=2 wrkr=1 slot=3 size=665608 src=worker:1 dst=client:2
event=req_send ts_ns=53230365 id=327 clt=2 wrkr=6 slot=2 size=17 src=client:2 dst=worker:6
event=resp_recv_ud ts_ns=53270110 id=327 clt=2 wrkr=6 slot=2 size=41 src=worker:6 dst=client:2
event=hand_send ts_ns=53278757 id=327 clt=2 wrkr=6 slot=2 size=10 src=client:2 dst=worker:6
event=resp_rdma_read ts_ns=53790670 id=319 start_ns=51846373 dur_ns=1944297 clt=2 wrkr=6 slot=1 size=665608 src=worker:6 dst=client:2
event=req_send ts_ns=53790670 id=330 clt=2 wrkr=7 slot=3 size=17 src=client:2 dst=worker:7
event=resp_rdma_read ts_ns=53790861 id=316 start_ns=51629258 dur_ns=2161603 clt=2 wrkr=3 slot=3 size=665608 src=worker:3 dst=client:2
event=req_send ts_ns=53790861 id=331 clt=2 wrkr=7 slot=0 size=17 src=client:2 dst=worker:7
event=resp_recv_ud ts_ns=53838432 id=331 clt=2 wrkr=7 slot=0 size=41 src=worker:7 dst=client:2
event=hand_send ts_ns=53847079 id=331 clt=2 wrkr=7 slot=0 size=10 src=client:2 dst=worker:7
event=resp_recv_ud ts_ns=53854195 id=330 clt=2 wrkr=7 slot=3 size=41 src=worker:7 dst=client:2
event=hand_send ts_ns=53862842 id=330 clt=2 wrkr=7 slot=3 size=10 src=client:2 dst=worker:7
event=resp_rdma_read ts_ns=53933690 id=320 start_ns=51968230 dur_ns=1965460 clt=2 wrkr=11 slot=0 size=665608 src=worker:11 dst=client:2
event=req_send ts_ns=53933690 id=333 clt=2 wrkr=6 slot=3 size=17 src=client:2 dst=worker:6
event=resp_recv_ud ts_ns=53994736 id=333 clt=2 wrkr=6 slot=3 size=41 src=worker:6 dst=client:2
event=hand_send ts_ns=54003383 id=333 clt=2 wrkr=6 slot=3 size=10 src=client:2 dst=worker:6
event=resp_rdma_read ts_ns=55215169 id=327 start_ns=53278757 dur_ns=1936412 clt=2 wrkr=6 slot=2 size=665608 src=worker:6 dst=client:2
event=req_send ts_ns=55215169 id=339 clt=2 wrkr=8 slot=3 size=17 src=client:2 dst=worker:8
event=resp_recv_ud ts_ns=55255547 id=339 clt=2 wrkr=8 slot=3 size=41 src=worker:8 dst=client:2
event=hand_send ts_ns=55264194 id=339 clt=2 wrkr=8 slot=3 size=10 src=client:2 dst=worker:8
event=resp_rdma_read ts_ns=55895997 id=331 start_ns=53847079 dur_ns=2048918 clt=2 wrkr=7 slot=0 size=665608 src=worker:7 dst=client:2
event=req_send ts_ns=55895997 id=343 clt=2 wrkr=5 slot=0 size=17 src=client:2 dst=worker:5
event=resp_recv_ud ts_ns=55935187 id=343 clt=2 wrkr=5 slot=0 size=41 src=worker:5 dst=client:2
event=hand_send ts_ns=55943834 id=343 clt=2 wrkr=5 slot=0 size=10 src=client:2 dst=worker:5
event=resp_rdma_read ts_ns=55995093 id=330 start_ns=53862842 dur_ns=2132251 clt=2 wrkr=7 slot=3 size=665608 src=worker:7 dst=client:2
event=req_send ts_ns=55995093 id=345 clt=2 wrkr=0 slot=0 size=17 src=client:2 dst=worker:0
event=resp_rdma_read ts_ns=56049684 id=333 start_ns=54003383 dur_ns=2046301 clt=2 wrkr=6 slot=3 size=665608 src=worker:6 dst=client:2
event=req_send ts_ns=56049684 id=346 clt=2 wrkr=11 slot=1 size=17 src=client:2 dst=worker:11
event=resp_recv_ud ts_ns=56049709 id=345 clt=2 wrkr=0 slot=0 size=41 src=worker:0 dst=client:2
event=hand_send ts_ns=56058356 id=345 clt=2 wrkr=0 slot=0 size=10 src=client:2 dst=worker:0
event=resp_recv_ud ts_ns=56101101 id=346 clt=2 wrkr=11 slot=1 size=41 src=worker:11 dst=client:2
event=hand_send ts_ns=56109748 id=346 clt=2 wrkr=11 slot=1 size=10 src=client:2 dst=worker:11
event=resp_rdma_read ts_ns=57227261 id=339 start_ns=55264194 dur_ns=1963067 clt=2 wrkr=8 slot=3 size=665608 src=worker:8 dst=client:2
event=req_send ts_ns=57227261 id=352 clt=2 wrkr=10 slot=2 size=17 src=client:2 dst=worker:10
event=resp_recv_ud ts_ns=57267208 id=352 clt=2 wrkr=10 slot=2 size=41 src=worker:10 dst=client:2
event=hand_send ts_ns=57275855 id=352 clt=2 wrkr=10 slot=2 size=10 src=client:2 dst=worker:10
event=resp_rdma_read ts_ns=57765299 id=346 start_ns=56109748 dur_ns=1655551 clt=2 wrkr=11 slot=1 size=665608 src=worker:11 dst=client:2
event=req_send ts_ns=57765299 id=355 clt=2 wrkr=2 slot=2 size=17 src=client:2 dst=worker:2
event=resp_recv_ud ts_ns=57804934 id=355 clt=2 wrkr=2 slot=2 size=41 src=worker:2 dst=client:2
event=hand_send ts_ns=57813581 id=355 clt=2 wrkr=2 slot=2 size=10 src=client:2 dst=worker:2
event=resp_rdma_read ts_ns=57895362 id=343 start_ns=55943834 dur_ns=1951528 clt=2 wrkr=5 slot=0 size=665608 src=worker:5 dst=client:2
event=req_send ts_ns=57895362 id=356 clt=2 wrkr=11 slot=2 size=17 src=client:2 dst=worker:11
event=resp_recv_ud ts_ns=57934583 id=356 clt=2 wrkr=11 slot=2 size=41 src=worker:11 dst=client:2
event=hand_send ts_ns=57943230 id=356 clt=2 wrkr=11 slot=2 size=10 src=client:2 dst=worker:11
event=resp_rdma_read ts_ns=58290612 id=345 start_ns=56058356 dur_ns=2232256 clt=2 wrkr=0 slot=0 size=665608 src=worker:0 dst=client:2
event=req_send ts_ns=58290612 id=358 clt=2 wrkr=0 slot=1 size=17 src=client:2 dst=worker:0
event=resp_recv_ud ts_ns=58343189 id=358 clt=2 wrkr=0 slot=1 size=41 src=worker:0 dst=client:2
event=hand_send ts_ns=58351836 id=358 clt=2 wrkr=0 slot=1 size=10 src=client:2 dst=worker:0
event=resp_rdma_read ts_ns=59232077 id=352 start_ns=57275855 dur_ns=1956222 clt=2 wrkr=10 slot=2 size=665608 src=worker:10 dst=client:2
event=req_send ts_ns=59232077 id=364 clt=2 wrkr=2 slot=3 size=17 src=client:2 dst=worker:2
event=resp_recv_ud ts_ns=59278290 id=364 clt=2 wrkr=2 slot=3 size=41 src=worker:2 dst=client:2
event=hand_send ts_ns=59286937 id=364 clt=2 wrkr=2 slot=3 size=10 src=client:2 dst=worker:2
event=resp_rdma_read ts_ns=59734291 id=355 start_ns=57813581 dur_ns=1920710 clt=2 wrkr=2 slot=2 size=665608 src=worker:2 dst=client:2
event=req_send ts_ns=59734291 id=367 clt=2 wrkr=1 slot=0 size=17 src=client:2 dst=worker:1
event=resp_recv_ud ts_ns=59775013 id=367 clt=2 wrkr=1 slot=0 size=41 src=worker:1 dst=client:2
event=hand_send ts_ns=59783660 id=367 clt=2 wrkr=1 slot=0 size=10 src=client:2 dst=worker:1
event=resp_rdma_read ts_ns=59889676 id=356 start_ns=57943230 dur_ns=1946446 clt=2 wrkr=11 slot=2 size=665608 src=worker:11 dst=client:2
event=req_send ts_ns=59889676 id=368 clt=2 wrkr=0 slot=2 size=17 src=client:2 dst=worker:0
event=resp_recv_ud ts_ns=59928899 id=368 clt=2 wrkr=0 slot=2 size=41 src=worker:0 dst=client:2
event=hand_send ts_ns=59937546 id=368 clt=2 wrkr=0 slot=2 size=10 src=client:2 dst=worker:0
event=resp_rdma_read ts_ns=59970630 id=358 start_ns=58351836 dur_ns=1618794 clt=2 wrkr=0 slot=1 size=665608 src=worker:0 dst=client:2
event=req_send ts_ns=59970630 id=369 clt=2 wrkr=7 slot=1 size=17 src=client:2 dst=worker:7
event=resp_recv_ud ts_ns=60015819 id=369 clt=2 wrkr=7 slot=1 size=41 src=worker:7 dst=client:2
event=hand_send ts_ns=60024466 id=369 clt=2 wrkr=7 slot=1 size=10 src=client:2 dst=worker:7
event=resp_rdma_read ts_ns=60817040 id=364 start_ns=59286937 dur_ns=1530103 clt=2 wrkr=2 slot=3 size=665608 src=worker:2 dst=client:2
event=req_send ts_ns=60817040 id=374 clt=2 wrkr=5 slot=1 size=17 src=client:2 dst=worker:5
event=resp_recv_ud ts_ns=60870665 id=374 clt=2 wrkr=5 slot=1 size=41 src=worker:5 dst=client:2
event=hand_send ts_ns=60879312 id=374 clt=2 wrkr=5 slot=1 size=10 src=client:2 dst=worker:5
event=resp_rdma_read ts_ns=61560240 id=369 start_ns=60024466 dur_ns=1535774 clt=2 wrkr=7 slot=1 size=665608 src=worker:7 dst=client:2
event=req_send ts_ns=61560240 id=378 clt=2 wrkr=5 slot=2 size=17 src=client:2 dst=worker:5
event=resp_recv_ud ts_ns=61614189 id=378 clt=2 wrkr=5 slot=2 size=41 src=worker:5 dst=client:2
event=hand_send ts_ns=61622836 id=378 clt=2 wrkr=5 slot=2 size=10 src=client:2 dst=worker:5
event=resp_rdma_read ts_ns=61674531 id=367 start_ns=59783660 dur_ns=1890871 clt=2 wrkr=1 slot=0 size=665608 src=worker:1 dst=client:2
event=req_send ts_ns=61674531 id=380 clt=2 wrkr=5 slot=3 size=17 src=client:2 dst=worker:5
event=resp_recv_ud ts_ns=61733443 id=380 clt=2 wrkr=5 slot=3 size=41 src=worker:5 dst=client:2
event=hand_send ts_ns=61742090 id=380 clt=2 wrkr=5 slot=3 size=10 src=client:2 dst=worker:5
event=resp_rdma_read ts_ns=61880297 id=368 start_ns=59937546 dur_ns=1942751 clt=2 wrkr=0 slot=2 size=665608 src=worker:0 dst=client:2
event=req_send ts_ns=61880297 id=381 clt=2 wrkr=4 slot=3 size=17 src=client:2 dst=worker:4
event=resp_recv_ud ts_ns=61919577 id=381 clt=2 wrkr=4 slot=3 size=41 src=worker:4 dst=client:2
event=hand_send ts_ns=61928224 id=381 clt=2 wrkr=4 slot=3 size=10 src=client:2 dst=worker:4
event=resp_rdma_read ts_ns=63068407 id=374 start_ns=60879312 dur_ns=2189095 clt=2 wrkr=5 slot=1 size=665608 src=worker:5 dst=client:2
event=req_send ts_ns=63068407 id=387 clt=2 wrkr=6 slot=0 size=17 src=client:2 dst=worker:6
event=resp_recv_ud ts_ns=63108023 id=387 clt=2 wrkr=6 slot=0 size=41 src=worker:6 dst=client:2
event=hand_send ts_ns=63116670 id=387 clt=2 wrkr=6 slot=0 size=10 src=client:2 dst=worker:6
event=resp_rdma_read ts_ns=63616940 id=380 start_ns=61742090 dur_ns=1874850 clt=2 wrkr=5 slot=3 size=665608 src=worker:5 dst=client:2
event=req_send ts_ns=63616940 id=391 clt=2 wrkr=3 slot=0 size=17 src=client:2 dst=worker:3
event=resp_recv_ud ts_ns=63663535 id=391 clt=2 wrkr=3 slot=0 size=41 src=worker:3 dst=client:2
event=hand_send ts_ns=63672182 id=391 clt=2 wrkr=3 slot=0 size=10 src=client:2 dst=worker:3
event=resp_rdma_read ts_ns=63841347 id=378 start_ns=61622836 dur_ns=2218511 clt=2 wrkr=5 slot=2 size=665608 src=worker:5 dst=client:2
event=req_send ts_ns=63841347 id=392 clt=2 wrkr=0 slot=3 size=17 src=client:2 dst=worker:0
event=resp_recv_ud ts_ns=63880530 id=392 clt=2 wrkr=0 slot=3 size=41 src=worker:0 dst=client:2
event=resp_rdma_read ts_ns=63884798 id=381 start_ns=61928224 dur_ns=1956574 clt=2 wrkr=4 slot=3 size=665608 src=worker:4 dst=client:2
event=req_send ts_ns=63884798 id=393 clt=2 wrkr=10 slot=3 size=17 src=client:2 dst=worker:10
event=hand_send ts_ns=63889177 id=392 clt=2 wrkr=0 slot=3 size=10 src=client:2 dst=worker:0
event=resp_recv_ud ts_ns=63930563 id=393 clt=2 wrkr=10 slot=3 size=41 src=worker:10 dst=client:2
event=hand_send ts_ns=63939210 id=393 clt=2 wrkr=10 slot=3 size=10 src=client:2 dst=worker:10
event=resp_rdma_read ts_ns=65061626 id=387 start_ns=63116670 dur_ns=1944956 clt=2 wrkr=6 slot=0 size=665608 src=worker:6 dst=client:2
event=req_send ts_ns=65061626 id=400 clt=2 wrkr=3 slot=1 size=17 src=client:2 dst=worker:3
event=resp_recv_ud ts_ns=65100954 id=400 clt=2 wrkr=3 slot=1 size=41 src=worker:3 dst=client:2
event=hand_send ts_ns=65109601 id=400 clt=2 wrkr=3 slot=1 size=10 src=client:2 dst=worker:3
event=resp_rdma_read ts_ns=65176312 id=391 start_ns=63672182 dur_ns=1504130 clt=2 wrkr=3 slot=0 size=665608 src=worker:3 dst=client:2
event=req_send ts_ns=65176312 id=401 clt=2 wrkr=0 slot=0 size=17 src=client:2 dst=worker:0
event=resp_recv_ud ts_ns=65216758 id=401 clt=2 wrkr=0 slot=0 size=41 src=worker:0 dst=client:2
event=hand_send ts_ns=65225405 id=401 clt=2 wrkr=0 slot=0 size=10 src=client:2 dst=worker:0
event=resp_rdma_read ts_ns=65504239 id=393 start_ns=63939210 dur_ns=1565029 clt=2 wrkr=10 slot=3 size=665608 src=worker:10 dst=client:2
event=req_send ts_ns=65504239 id=403 clt=2 wrkr=10 slot=0 size=17 src=client:2 dst=worker:10
event=resp_recv_ud ts_ns=65544017 id=403 clt=2 wrkr=10 slot=0 size=41 src=worker:10 dst=client:2
event=hand_send ts_ns=65552664 id=403 clt=2 wrkr=10 slot=0 size=10 src=client:2 dst=worker:10
event=resp_rdma_read ts_ns=66045504 id=392 start_ns=63889177 dur_ns=2156327 clt=2 wrkr=0 slot=3 size=665608 src=worker:0 dst=client:2
event=req_send ts_ns=66045504 id=405 clt=2 wrkr=9 slot=1 size=17 src=client:2 dst=worker:9
event=resp_recv_ud ts_ns=66085631 id=405 clt=2 wrkr=9 slot=1 size=41 src=worker:9 dst=client:2
event=hand_send ts_ns=66094278 id=405 clt=2 wrkr=9 slot=1 size=10 src=client:2 dst=worker:9
event=resp_rdma_read ts_ns=67062783 id=400 start_ns=65109601 dur_ns=1953182 clt=2 wrkr=3 slot=1 size=665608 src=worker:3 dst=client:2
event=req_send ts_ns=67062783 id=412 clt=2 wrkr=3 slot=2 size=17 src=client:2 dst=worker:3
event=resp_recv_ud ts_ns=67102157 id=412 clt=2 wrkr=3 slot=2 size=41 src=worker:3 dst=client:2
event=hand_send ts_ns=67110804 id=412 clt=2 wrkr=3 slot=2 size=10 src=client:2 dst=worker:3
event=resp_rdma_read ts_ns=67188099 id=401 start_ns=65225405 dur_ns=1962694 clt=2 wrkr=0 slot=0 size=665608 src=worker:0 dst=client:2
event=req_send ts_ns=67188099 id=413 clt=2 wrkr=1 slot=1 size=17 src=client:2 dst=worker:1
event=resp_recv_ud ts_ns=67227673 id=413 clt=2 wrkr=1 slot=1 size=41 src=worker:1 dst=client:2
event=hand_send ts_ns=67236320 id=413 clt=2 wrkr=1 slot=1 size=10 src=client:2 dst=worker:1
event=resp_rdma_read ts_ns=67731514 id=403 start_ns=65552664 dur_ns=2178850 clt=2 wrkr=10 slot=0 size=665608 src=worker:10 dst=client:2
event=req_send ts_ns=67731514 id=416 clt=2 wrkr=2 slot=0 size=17 src=client:2 dst=worker:2
event=resp_recv_ud ts_ns=67771017 id=416 clt=2 wrkr=2 slot=0 size=41 src=worker:2 dst=client:2
event=hand_send ts_ns=67779664 id=416 clt=2 wrkr=2 slot=0 size=10 src=client:2 dst=worker:2
event=resp_rdma_read ts_ns=68038618 id=405 start_ns=66094278 dur_ns=1944340 clt=2 wrkr=9 slot=1 size=665608 src=worker:9 dst=client:2
event=req_send ts_ns=68038618 id=419 clt=2 wrkr=6 slot=1 size=17 src=client:2 dst=worker:6
event=resp_recv_ud ts_ns=68077776 id=419 clt=2 wrkr=6 slot=1 size=41 src=worker:6 dst=client:2
event=hand_send ts_ns=68086423 id=419 clt=2 wrkr=6 slot=1 size=10 src=client:2 dst=worker:6
event=resp_rdma_read ts_ns=69055379 id=412 start_ns=67110804 dur_ns=1944575 clt=2 wrkr=3 slot=2 size=665608 src=worker:3 dst=client:2
event=req_send ts_ns=69055379 id=425 clt=2 wrkr=4 slot=0 size=17 src=client:2 dst=worker:4
event=resp_recv_ud ts_ns=69111390 id=425 clt=2 wrkr=4 slot=0 size=41 src=worker:4 dst=client:2
event=hand_send ts_ns=69120037 id=425 clt=2 wrkr=4 slot=0 size=10 src=client:2 dst=worker:4
event=resp_rdma_read ts_ns=69187915 id=413 start_ns=67236320 dur_ns=1951595 clt=2 wrkr=1 slot=1 size=665608 src=worker:1 dst=client:2
event=req_send ts_ns=69187915 id=426 clt=2 wrkr=5 slot=0 size=17 src=client:2 dst=worker:5
event=resp_recv_ud ts_ns=69227892 id=426 clt=2 wrkr=5 slot=0 size=41 src=worker:5 dst=client:2
event=hand_send ts_ns=69236539 id=426 clt=2 wrkr=5 slot=0 size=10 src=client:2 dst=worker:5
event=resp_rdma_read ts_ns=69939658 id=416 start_ns=67779664 dur_ns=2159994 clt=2 wrkr=2 slot=0 size=665608 src=worker:2 dst=client:2
event=req_send ts_ns=69939658 id=430 clt=2 wrkr=11 slot=3 size=17 src=client:2 dst=worker:11
event=resp_recv_ud ts_ns=69979353 id=430 clt=2 wrkr=11 slot=3 size=41 src=worker:11 dst=client:2
event=hand_send ts_ns=69988000 id=430 clt=2 wrkr=11 slot=3 size=10 src=client:2 dst=worker:11
event=resp_rdma_read ts_ns=70043724 id=419 start_ns=68086423 dur_ns=1957301 clt=2 wrkr=6 slot=1 size=665608 src=worker:6 dst=client:2
event=req_send ts_ns=70043724 id=431 clt=2 wrkr=5 slot=1 size=17 src=client:2 dst=worker:5
event=resp_recv_ud ts_ns=70084594 id=431 clt=2 wrkr=5 slot=1 size=41 src=worker:5 dst=client:2
event=hand_send ts_ns=70093241 id=431 clt=2 wrkr=5 slot=1 size=10 src=client:2 dst=worker:5
event=resp_rdma_read ts_ns=70876344 id=425 start_ns=69120037 dur_ns=1756307 clt=2 wrkr=4 slot=0 size=665608 src=worker:4 dst=client:2
event=req_send ts_ns=70876344 id=435 clt=2 wrkr=8 slot=0 size=17 src=client:2 dst=worker:8
event=resp_recv_ud ts_ns=70915420 id=435 clt=2 wrkr=8 slot=0 size=41 src=worker:8 dst=client:2
event=hand_send ts_ns=70924067 id=435 clt=2 wrkr=8 slot=0 size=10 src=client:2 dst=worker:8
event=resp_rdma_read ts_ns=71181647 id=426 start_ns=69236539 dur_ns=1945108 clt=2 wrkr=5 slot=0 size=665608 src=worker:5 dst=client:2
event=req_send ts_ns=71181647 id=439 clt=2 wrkr=6 slot=2 size=17 src=client:2 dst=worker:6
event=resp_recv_ud ts_ns=71225930 id=439 clt=2 wrkr=6 slot=2 size=41 src=worker:6 dst=client:2
event=hand_send ts_ns=71234577 id=439 clt=2 wrkr=6 slot=2 size=10 src=client:2 dst=worker:6
event=resp_rdma_read ts_ns=71937264 id=430 start_ns=69988000 dur_ns=1949264 clt=2 wrkr=11 slot=3 size=665608 src=worker:11 dst=client:2
event=req_send ts_ns=71937264 id=442 clt=2 wrkr=11 slot=0 size=17 src=client:2 dst=worker:11
event=resp_recv_ud ts_ns=71977394 id=442 clt=2 wrkr=11 slot=0 size=41 src=worker:11 dst=client:2
event=hand_send ts_ns=71986041 id=442 clt=2 wrkr=11 slot=0 size=10 src=client:2 dst=worker:11
event=resp_rdma_read ts_ns=71993015 id=431 start_ns=70093241 dur_ns=1899774 clt=2 wrkr=5 slot=1 size=665608 src=worker:5 dst=client:2
event=req_send ts_ns=71993015 id=443 clt=2 wrkr=10 slot=1 size=17 src=client:2 dst=worker:10
event=resp_recv_ud ts_ns=72043842 id=443 clt=2 wrkr=10 slot=1 size=41 src=worker:10 dst=client:2
event=hand_send ts_ns=72052489 id=443 clt=2 wrkr=10 slot=1 size=10 src=client:2 dst=worker:10
event=resp_rdma_read ts_ns=72975443 id=439 start_ns=71234577 dur_ns=1740866 clt=2 wrkr=6 slot=2 size=665608 src=worker:6 dst=client:2
event=req_send ts_ns=72975443 id=448 clt=2 wrkr=8 slot=1 size=17 src=client:2 dst=worker:8
event=resp_recv_ud ts_ns=73014620 id=448 clt=2 wrkr=8 slot=1 size=41 src=worker:8 dst=client:2
event=hand_send ts_ns=73023267 id=448 clt=2 wrkr=8 slot=1 size=10 src=client:2 dst=worker:8
event=resp_rdma_read ts_ns=73084715 id=435 start_ns=70924067 dur_ns=2160648 clt=2 wrkr=8 slot=0 size=665608 src=worker:8 dst=client:2
event=req_send ts_ns=73084715 id=450 clt=2 wrkr=10 slot=2 size=17 src=client:2 dst=worker:10
event=resp_recv_ud ts_ns=73147805 id=450 clt=2 wrkr=10 slot=2 size=41 src=worker:10 dst=client:2
event=hand_send ts_ns=73156452 id=450 clt=2 wrkr=10 slot=2 size=10 src=client:2 dst=worker:10
event=resp_rdma_read ts_ns=73587220 id=443 start_ns=72052489 dur_ns=1534731 clt=2 wrkr=10 slot=1 size=665608 src=worker:10 dst=client:2
event=req_send ts_ns=73587220 id=453 clt=2 wrkr=5 slot=2 size=17 src=client:2 dst=worker:5
event=resp_recv_ud ts_ns=73630807 id=453 clt=2 wrkr=5 slot=2 size=41 src=worker:5 dst=client:2
event=hand_send ts_ns=73639454 id=453 clt=2 wrkr=5 slot=2 size=10 src=client:2 dst=worker:5
event=resp_rdma_read ts_ns=74197505 id=442 start_ns=71986041 dur_ns=2211464 clt=2 wrkr=11 slot=0 size=665608 src=worker:11 dst=client:2
event=req_send ts_ns=74197505 id=456 clt=2 wrkr=4 slot=1 size=17 src=client:2 dst=worker:4
event=resp_recv_ud ts_ns=74250855 id=456 clt=2 wrkr=4 slot=1 size=41 src=worker:4 dst=client:2
event=hand_send ts_ns=74259502 id=456 clt=2 wrkr=4 slot=1 size=10 src=client:2 dst=worker:4
event=resp_rdma_read ts_ns=74945235 id=448 start_ns=73023267 dur_ns=1921968 clt=2 wrkr=8 slot=1 size=665608 src=worker:8 dst=client:2
event=req_send ts_ns=74945235 id=462 clt=2 wrkr=8 slot=2 size=17 src=client:2 dst=worker:8
event=resp_recv_ud ts_ns=74985767 id=462 clt=2 wrkr=8 slot=2 size=41 src=worker:8 dst=client:2
event=hand_send ts_ns=74994414 id=462 clt=2 wrkr=8 slot=2 size=10 src=client:2 dst=worker:8
event=resp_rdma_read ts_ns=75223595 id=450 start_ns=73156452 dur_ns=2067143 clt=2 wrkr=10 slot=2 size=665608 src=worker:10 dst=client:2
event=req_send ts_ns=75223595 id=463 clt=2 wrkr=10 slot=3 size=17 src=client:2 dst=worker:10
event=resp_recv_ud ts_ns=75263266 id=463 clt=2 wrkr=10 slot=3 size=41 src=worker:10 dst=client:2
event=hand_send ts_ns=75271913 id=463 clt=2 wrkr=10 slot=3 size=10 src=client:2 dst=worker:10
event=resp_rdma_read ts_ns=75440357 id=453 start_ns=73639454 dur_ns=1800903 clt=2 wrkr=5 slot=2 size=665608 src=worker:5 dst=client:2
event=req_send ts_ns=75440357 id=464 clt=2 wrkr=9 slot=2 size=17 src=client:2 dst=worker:9
event=resp_recv_ud ts_ns=75479910 id=464 clt=2 wrkr=9 slot=2 size=41 src=worker:9 dst=client:2
event=hand_send ts_ns=75488557 id=464 clt=2 wrkr=9 slot=2 size=10 src=client:2 dst=worker:9
event=resp_rdma_read ts_ns=76522189 id=456 start_ns=74259502 dur_ns=2262687 clt=2 wrkr=4 slot=1 size=665608 src=worker:4 dst=client:2
event=req_send ts_ns=76522189 id=471 clt=2 wrkr=7 slot=2 size=17 src=client:2 dst=worker:7
event=resp_recv_ud ts_ns=76565602 id=471 clt=2 wrkr=7 slot=2 size=41 src=worker:7 dst=client:2
event=hand_send ts_ns=76574249 id=471 clt=2 wrkr=7 slot=2 size=10 src=client:2 dst=worker:7
event=resp_rdma_read ts_ns=76923083 id=462 start_ns=74994414 dur_ns=1928669 clt=2 wrkr=8 slot=2 size=665608 src=worker:8 dst=client:2
event=req_send ts_ns=76923083 id=474 clt=2 wrkr=1 slot=2 size=17 src=client:2 dst=worker:1
event=resp_recv_ud ts_ns=76970443 id=474 clt=2 wrkr=1 slot=2 size=41 src=worker:1 dst=client:2
event=hand_send ts_ns=76979090 id=474 clt=2 wrkr=1 slot=2 size=10 src=client:2 dst=worker:1
event=resp_rdma_read ts_ns=77215609 id=463 start_ns=75271913 dur_ns=1943696 clt=2 wrkr=10 slot=3 size=665608 src=worker:10 dst=client:2
event=req_send ts_ns=77215609 id=476 clt=2 wrkr=5 slot=3 size=17 src=client:2 dst=worker:5
event=resp_recv_ud ts_ns=77266395 id=476 clt=2 wrkr=5 slot=3 size=41 src=worker:5 dst=client:2
event=hand_send ts_ns=77275042 id=476 clt=2 wrkr=5 slot=3 size=10 src=client:2 dst=worker:5
event=resp_rdma_read ts_ns=77551014 id=464 start_ns=75488557 dur_ns=2062457 clt=2 wrkr=9 slot=2 size=665608 src=worker:9 dst=client:2
event=req_send ts_ns=77551014 id=477 clt=2 wrkr=4 slot=2 size=17 src=client:2 dst=worker:4
event=resp_recv_ud ts_ns=77590936 id=477 clt=2 wrkr=4 slot=2 size=41 src=worker:4 dst=client:2
event=hand_send ts_ns=77599583 id=477 clt=2 wrkr=4 slot=2 size=10 src=client:2 dst=worker:4
event=resp_rdma_read ts_ns=78144657 id=471 start_ns=76574249 dur_ns=1570408 clt=2 wrkr=7 slot=2 size=665608 src=worker:7 dst=client:2
event=req_send ts_ns=78144657 id=481 clt=2 wrkr=5 slot=0 size=17 src=client:2 dst=worker:5
event=resp_recv_ud ts_ns=78183551 id=481 clt=2 wrkr=5 slot=0 size=41 src=worker:5 dst=client:2
event=hand_send ts_ns=78192198 id=481 clt=2 wrkr=5 slot=0 size=10 src=client:2 dst=worker:5
event=resp_rdma_read ts_ns=78490477 id=474 start_ns=76979090 dur_ns=1511387 clt=2 wrkr=1 slot=2 size=665608 src=worker:1 dst=client:2
event=req_send ts_ns=78490477 id=484 clt=2 wrkr=5 slot=1 size=17 src=client:2 dst=worker:5
event=resp_recv_ud ts_ns=78535905 id=484 clt=2 wrkr=5 slot=1 size=41 src=worker:5 dst=client:2
event=hand_send ts_ns=78544552 id=484 clt=2 wrkr=5 slot=1 size=10 src=client:2 dst=worker:5
event=resp_rdma_read ts_ns=78828459 id=476 start_ns=77275042 dur_ns=1553417 clt=2 wrkr=5 slot=3 size=665608 src=worker:5 dst=client:2
event=req_send ts_ns=78828459 id=486 clt=2 wrkr=7 slot=3 size=17 src=client:2 dst=worker:7
event=resp_recv_ud ts_ns=78868200 id=486 clt=2 wrkr=7 slot=3 size=41 src=worker:7 dst=client:2
event=hand_send ts_ns=78876847 id=486 clt=2 wrkr=7 slot=3 size=10 src=client:2 dst=worker:7
event=resp_rdma_read ts_ns=79545634 id=477 start_ns=77599583 dur_ns=1946051 clt=2 wrkr=4 slot=2 size=665608 src=worker:4 dst=client:2
event=req_send ts_ns=79545634 id=489 clt=2 wrkr=4 slot=3 size=17 src=client:2 dst=worker:4
event=resp_recv_ud ts_ns=79585200 id=489 clt=2 wrkr=4 slot=3 size=41 src=worker:4 dst=client:2
event=hand_send ts_ns=79593847 id=489 clt=2 wrkr=4 slot=3 size=10 src=client:2 dst=worker:4
event=resp_rdma_read ts_ns=80139293 id=484 start_ns=78544552 dur_ns=1594741 clt=2 wrkr=5 slot=1 size=665608 src=worker:5 dst=client:2
event=req_send ts_ns=80139293 id=494 clt=2 wrkr=11 slot=1 size=17 src=client:2 dst=worker:11
event=resp_recv_ud ts_ns=80191970 id=494 clt=2 wrkr=11 slot=1 size=41 src=worker:11 dst=client:2
event=hand_send ts_ns=80200617 id=494 clt=2 wrkr=11 slot=1 size=10 src=client:2 dst=worker:11
event=resp_rdma_read ts_ns=80354518 id=481 start_ns=78192198 dur_ns=2162320 clt=2 wrkr=5 slot=0 size=665608 src=worker:5 dst=client:2
event=req_send ts_ns=80354518 id=495 clt=2 wrkr=1 slot=3 size=17 src=client:2 dst=worker:1
event=resp_recv_ud ts_ns=80393620 id=495 clt=2 wrkr=1 slot=3 size=41 src=worker:1 dst=client:2
event=hand_send ts_ns=80402267 id=495 clt=2 wrkr=1 slot=3 size=10 src=client:2 dst=worker:1
event=resp_rdma_read ts_ns=81069724 id=486 start_ns=78876847 dur_ns=2192877 clt=2 wrkr=7 slot=3 size=665608 src=worker:7 dst=client:2
event=req_send ts_ns=81069724 id=499 clt=2 wrkr=0 slot=1 size=17 src=client:2 dst=worker:0
event=resp_recv_ud ts_ns=81108900 id=499 clt=2 wrkr=0 slot=1 size=41 src=worker:0 dst=client:2
event=hand_send ts_ns=81117547 id=499 clt=2 wrkr=0 slot=1 size=10 src=client:2 dst=worker:0
event=resp_rdma_read ts_ns=81553190 id=489 start_ns=79593847 dur_ns=1959343 clt=2 wrkr=4 slot=3 size=665608 src=worker:4 dst=client:2
event=req_send ts_ns=81553190 id=501 clt=2 wrkr=7 slot=0 size=17 src=client:2 dst=worker:7
event=resp_recv_ud ts_ns=81592751 id=501 clt=2 wrkr=7 slot=0 size=41 src=worker:7 dst=client:2
event=hand_send ts_ns=81601398 id=501 clt=2 wrkr=7 slot=0 size=10 src=client:2 dst=worker:7
event=resp_rdma_read ts_ns=81818919 id=494 start_ns=80200617 dur_ns=1618302 clt=2 wrkr=11 slot=1 size=665608 src=worker:11 dst=client:2
event=req_send ts_ns=81818919 id=504 clt=2 wrkr=10 slot=0 size=17 src=client:2 dst=worker:10
event=resp_recv_ud ts_ns=81868021 id=504 clt=2 wrkr=10 slot=0 size=41 src=worker:10 dst=client:2
event=hand_send ts_ns=81876668 id=504 clt=2 wrkr=10 slot=0 size=10 src=client:2 dst=worker:10
event=resp_rdma_read ts_ns=82344241 id=495 start_ns=80402267 dur_ns=1941974 clt=2 wrkr=1 slot=3 size=665608 src=worker:1 dst=client:2
event=req_send ts_ns=82344241 id=507 clt=2 wrkr=9 slot=3 size=17 src=client:2 dst=worker:9
event=resp_recv_ud ts_ns=82383695 id=507 clt=2 wrkr=9 slot=3 size=41 src=worker:9 dst=client:2
event=hand_send ts_ns=82392342 id=507 clt=2 wrkr=9 slot=3 size=10 src=client:2 dst=worker:9
event=resp_rdma_read ts_ns=83043666 id=499 start_ns=81117547 dur_ns=1926119 clt=2 wrkr=0 slot=1 size=665608 src=worker:0 dst=client:2
event=req_send ts_ns=83043666 id=511 clt=2 wrkr=11 slot=2 size=17 src=client:2 dst=worker:11
event=resp_recv_ud ts_ns=83083700 id=511 clt=2 wrkr=11 slot=2 size=41 src=worker:11 dst=client:2
event=hand_send ts_ns=83092347 id=511 clt=2 wrkr=11 slot=2 size=10 src=client:2 dst=worker:11
event=resp_rdma_read ts_ns=83568850 id=501 start_ns=81601398 dur_ns=1967452 clt=2 wrkr=7 slot=0 size=665608 src=worker:7 dst=client:2
event=req_send ts_ns=83568850 id=514 clt=2 wrkr=4 slot=0 size=17 src=client:2 dst=worker:4
event=resp_recv_ud ts_ns=83623678 id=514 clt=2 wrkr=4 slot=0 size=41 src=worker:4 dst=client:2
event=hand_send ts_ns=83632325 id=514 clt=2 wrkr=4 slot=0 size=10 src=client:2 dst=worker:4
event=resp_rdma_read ts_ns=83665003 id=504 start_ns=81876668 dur_ns=1788335 clt=2 wrkr=10 slot=0 size=665608 src=worker:10 dst=client:2
event=req_send ts_ns=83665003 id=515 clt=2 wrkr=7 slot=1 size=17 src=client:2 dst=worker:7
event=resp_recv_ud ts_ns=83711145 id=515 clt=2 wrkr=7 slot=1 size=41 src=worker:7 dst=client:2
event=hand_send ts_ns=83719792 id=515 clt=2 wrkr=7 slot=1 size=10 src=client:2 dst=worker:7
event=resp_rdma_read ts_ns=84561535 id=507 start_ns=82392342 dur_ns=2169193 clt=2 wrkr=9 slot=3 size=665608 src=worker:9 dst=client:2
event=req_send ts_ns=84561535 id=520 clt=2 wrkr=2 slot=1 size=17 src=client:2 dst=worker:2
event=resp_recv_ud ts_ns=84601447 id=520 clt=2 wrkr=2 slot=1 size=41 src=worker:2 dst=client:2
event=hand_send ts_ns=84610094 id=520 clt=2 wrkr=2 slot=1 size=10 src=client:2 dst=worker:2
event=resp_rdma_read ts_ns=85031008 id=511 start_ns=83092347 dur_ns=1938661 clt=2 wrkr=11 slot=2 size=665608 src=worker:11 dst=client:2
event=req_send ts_ns=85031008 id=523 clt=2 wrkr=7 slot=2 size=17 src=client:2 dst=worker:7
event=resp_recv_ud ts_ns=85070677 id=523 clt=2 wrkr=7 slot=2 size=41 src=worker:7 dst=client:2
event=hand_send ts_ns=85079324 id=523 clt=2 wrkr=7 slot=2 size=10 src=client:2 dst=worker:7
event=resp_rdma_read ts_ns=85343260 id=514 start_ns=83632325 dur_ns=1710935 clt=2 wrkr=4 slot=0 size=665608 src=worker:4 dst=client:2
event=req_send ts_ns=85343260 id=524 clt=2 wrkr=3 slot=3 size=17 src=client:2 dst=worker:3
event=resp_recv_ud ts_ns=85382687 id=524 clt=2 wrkr=3 slot=3 size=41 src=worker:3 dst=client:2
event=hand_send ts_ns=85391334 id=524 clt=2 wrkr=3 slot=3 size=10 src=client:2 dst=worker:3
event=resp_rdma_read ts_ns=85825796 id=515 start_ns=83719792 dur_ns=2106004 clt=2 wrkr=7 slot=1 size=665608 src=worker:7 dst=client:2
event=req_send ts_ns=85825796 id=528 clt=2 wrkr=3 slot=0 size=17 src=client:2 dst=worker:3
event=resp_recv_ud ts_ns=85864961 id=528 clt=2 wrkr=3 slot=0 size=41 src=worker:3 dst=client:2
event=hand_send ts_ns=85873608 id=528 clt=2 wrkr=3 slot=0 size=10 src=client:2 dst=worker:3
event=resp_rdma_read ts_ns=86564411 id=520 start_ns=84610094 dur_ns=1954317 clt=2 wrkr=2 slot=1 size=665608 src=worker:2 dst=client:2
event=req_send ts_ns=86564411 id=532 clt=2 wrkr=3 slot=1 size=17 src=client:2 dst=worker:3
event=resp_recv_ud ts_ns=86604334 id=532 clt=2 wrkr=3 slot=1 size=41 src=worker:3 dst=client:2
event=hand_send ts_ns=86612981 id=532 clt=2 wrkr=3 slot=1 size=10 src=client:2 dst=worker:3
event=resp_rdma_read ts_ns=87000188 id=523 start_ns=85079324 dur_ns=1920864 clt=2 wrkr=7 slot=2 size=665608 src=worker:7 dst=client:2
event=req_send ts_ns=87000188 id=535 clt=2 wrkr=2 slot=2 size=17 src=client:2 dst=worker:2
event=resp_recv_ud ts_ns=87040731 id=535 clt=2 wrkr=2 slot=2 size=41 src=worker:2 dst=client:2
event=hand_send ts_ns=87049378 id=535 clt=2 wrkr=2 slot=2 size=10 src=client:2 dst=worker:2
event=resp_rdma_read ts_ns=87339248 id=524 start_ns=85391334 dur_ns=1947914 clt=2 wrkr=3 slot=3 size=665608 src=worker:3 dst=client:2
event=req_send ts_ns=87339248 id=538 clt=2 wrkr=3 slot=2 size=17 src=client:2 dst=worker:3
event=resp_recv_ud ts_ns=87397275 id=538 clt=2 wrkr=3 slot=2 size=41 src=worker:3 dst=client:2
event=hand_send ts_ns=87405922 id=538 clt=2 wrkr=3 slot=2 size=10 src=client:2 dst=worker:3
event=resp_rdma_read ts_ns=87808366 id=528 start_ns=85873608 dur_ns=1934758 clt=2 wrkr=3 slot=0 size=665608 src=worker:3 dst=client:2
event=req_send ts_ns=87808366 id=541 clt=2 wrkr=11 slot=3 size=17 src=client:2 dst=worker:11
event=resp_recv_ud ts_ns=87848014 id=541 clt=2 wrkr=11 slot=3 size=41 src=worker:11 dst=client:2
event=hand_send ts_ns=87856661 id=541 clt=2 wrkr=11 slot=3 size=10 src=client:2 dst=worker:11
event=resp_rdma_read ts_ns=88566668 id=532 start_ns=86612981 dur_ns=1953687 clt=2 wrkr=3 slot=1 size=665608 src=worker:3 dst=client:2
event=req_send ts_ns=88566668 id=545 clt=2 wrkr=7 slot=3 size=17 src=client:2 dst=worker:7
event=resp_recv_ud ts_ns=88607294 id=545 clt=2 wrkr=7 slot=3 size=41 src=worker:7 dst=client:2
event=hand_send ts_ns=88615941 id=545 clt=2 wrkr=7 slot=3 size=10 src=client:2 dst=worker:7
event=resp_rdma_read ts_ns=88934671 id=535 start_ns=87049378 dur_ns=1885293 clt=2 wrkr=2 slot=2 size=665608 src=worker:2 dst=client:2
event=req_send ts_ns=88934671 id=547 clt=2 wrkr=10 slot=1 size=17 src=client:2 dst=worker:10
event=resp_recv_ud ts_ns=88973769 id=547 clt=2 wrkr=10 slot=1 size=41 src=worker:10 dst=client:2
event=hand_send ts_ns=88982416 id=547 clt=2 wrkr=10 slot=1 size=10 src=client:2 dst=worker:10
event=resp_rdma_read ts_ns=89180135 id=538 start_ns=87405922 dur_ns=1774213 clt=2 wrkr=3 slot=2 size=665608 src=worker:3 dst=client:2
event=req_send ts_ns=89180135 id=548 clt=2 wrkr=11 slot=0 size=17 src=client:2 dst=worker:11
event=resp_recv_ud ts_ns=89219279 id=548 clt=2 wrkr=11 slot=0 size=41 src=worker:11 dst=client:2
event=hand_send ts_ns=89227926 id=548 clt=2 wrkr=11 slot=0 size=10 src=client:2 dst=worker:11
event=resp_rdma_read ts_ns=89835915 id=541 start_ns=87856661 dur_ns=1979254 clt=2 wrkr=11 slot=3 size=665608 src=worker:11 dst=client:2
event=req_send ts_ns=89835915 id=553 clt=2 wrkr=4 slot=1 size=17 src=client:2 dst=worker:4
event=resp_recv_ud ts_ns=89874727 id=553 clt=2 wrkr=4 slot=1 size=41 src=worker:4 dst=client:2
event=hand_send ts_ns=89883374 id=553 clt=2 wrkr=4 slot=1 size=10 src=client:2 dst=worker:4
event=resp_rdma_read ts_ns=90504616 id=545 start_ns=88615941 dur_ns=1888675 clt=2 wrkr=7 slot=3 size=665608 src=worker:7 dst=client:2
event=req_send ts_ns=90504616 id=557 clt=2 wrkr=7 slot=0 size=17 src=client:2 dst=worker:7
event=resp_recv_ud ts_ns=90555586 id=557 clt=2 wrkr=7 slot=0 size=41 src=worker:7 dst=client:2
event=hand_send ts_ns=90564233 id=557 clt=2 wrkr=7 slot=0 size=10 src=client:2 dst=worker:7
event=resp_rdma_read ts_ns=90914407 id=547 start_ns=88982416 dur_ns=1931991 clt=2 wrkr=10 slot=1 size=665608 src=worker:10 dst=client:2
event=req_send ts_ns=90914407 id=559 clt=2 wrkr=1 slot=0 size=17 src=client:2 dst=worker:1
event=resp_recv_ud ts_ns=90953827 id=559 clt=2 wrkr=1 slot=0 size=41 src=worker:1 dst=client:2
event=hand_send ts_ns=90962474 id=559 clt=2 wrkr=1 slot=0 size=10 src=client:2 dst=worker:1
event=resp_rdma_read ts_ns=91147368 id=548 start_ns=89227926 dur_ns=1919442 clt=2 wrkr=11 slot=0 size=665608 src=worker:11 dst=client:2
event=req_send ts_ns=91147368 id=560 clt=2 wrkr=9 slot=0 size=17 src=client:2 dst=worker:9
event=resp_recv_ud ts_ns=91186703 id=560 clt=2 wrkr=9 slot=0 size=41 src=worker:9 dst=client:2
event=hand_send ts_ns=91195350 id=560 clt=2 wrkr=9 slot=0 size=10 src=client:2 dst=worker:9
event=resp_rdma_read ts_ns=91830715 id=553 start_ns=89883374 dur_ns=1947341 clt=2 wrkr=4 slot=1 size=665608 src=worker:4 dst=client:2
event=req_send ts_ns=91830715 id=566 clt=2 wrkr=4 slot=2 size=17 src=client:2 dst=worker:4
event=resp_recv_ud ts_ns=91879989 id=566 clt=2 wrkr=4 slot=2 size=41 src=worker:4 dst=client:2
event=hand_send ts_ns=91888636 id=566 clt=2 wrkr=4 slot=2 size=10 src=client:2 dst=worker:4
event=resp_rdma_read ts_ns=92118893 id=557 start_ns=90564233 dur_ns=1554660 clt=2 wrkr=7 slot=0 size=665608 src=worker:7 dst=client:2
event=req_send ts_ns=92118893 id=567 clt=2 wrkr=7 slot=1 size=17 src=client:2 dst=worker:7
event=resp_recv_ud ts_ns=92160959 id=567 clt=2 wrkr=7 slot=1 size=41 src=worker:7 dst=client:2
event=hand_send ts_ns=92169606 id=567 clt=2 wrkr=7 slot=1 size=10 src=client:2 dst=worker:7
event=resp_rdma_read ts_ns=92911370 id=559 start_ns=90962474 dur_ns=1948896 clt=2 wrkr=1 slot=0 size=665608 src=worker:1 dst=client:2
event=req_send ts_ns=92911370 id=572 clt=2 wrkr=1 slot=1 size=17 src=client:2 dst=worker:1
event=resp_recv_ud ts_ns=92951572 id=572 clt=2 wrkr=1 slot=1 size=41 src=worker:1 dst=client:2
event=hand_send ts_ns=92960219 id=572 clt=2 wrkr=1 slot=1 size=10 src=client:2 dst=worker:1
event=resp_rdma_read ts_ns=93417154 id=560 start_ns=91195350 dur_ns=2221804 clt=2 wrkr=9 slot=0 size=665608 src=worker:9 dst=client:2
event=req_send ts_ns=93417154 id=575 clt=2 wrkr=11 slot=1 size=17 src=client:2 dst=worker:11
event=resp_recv_ud ts_ns=93456797 id=575 clt=2 wrkr=11 slot=1 size=41 src=worker:11 dst=client:2
event=hand_send ts_ns=93465444 id=575 clt=2 wrkr=11 slot=1 size=10 src=client:2 dst=worker:11
event=resp_rdma_read ts_ns=93500679 id=566 start_ns=91888636 dur_ns=1612043 clt=2 wrkr=4 slot=2 size=665608 src=worker:4 dst=client:2
event=req_send ts_ns=93500679 id=577 clt=2 wrkr=2 slot=3 size=17 src=client:2 dst=worker:2
event=resp_recv_ud ts_ns=93553273 id=577 clt=2 wrkr=2 slot=3 size=41 src=worker:2 dst=client:2
event=hand_send ts_ns=93561920 id=577 clt=2 wrkr=2 slot=3 size=10 src=client:2 dst=worker:2
event=resp_rdma_read ts_ns=94263980 id=567 start_ns=92169606 dur_ns=2094374 clt=2 wrkr=7 slot=1 size=665608 src=worker:7 dst=client:2
event=req_send ts_ns=94263980 id=580 clt=2 wrkr=0 slot=2 size=17 src=client:2 dst=worker:0
event=resp_recv_ud ts_ns=94303393 id=580 clt=2 wrkr=0 slot=2 size=41 src=worker:0 dst=client:2
event=hand_send ts_ns=94312040 id=580 clt=2 wrkr=0 slot=2 size=10 src=client:2 dst=worker:0
event=resp_rdma_read ts_ns=94892277 id=572 start_ns=92960219 dur_ns=1932058 clt=2 wrkr=1 slot=1 size=665608 src=worker:1 dst=client:2
event=req_send ts_ns=94892277 id=584 clt=2 wrkr=6 slot=3 size=17 src=client:2 dst=worker:6
event=resp_recv_ud ts_ns=94941004 id=584 clt=2 wrkr=6 slot=3 size=41 src=worker:6 dst=client:2
event=hand_send ts_ns=94949651 id=584 clt=2 wrkr=6 slot=3 size=10 src=client:2 dst=worker:6
event=resp_rdma_read ts_ns=95361183 id=577 start_ns=93561920 dur_ns=1799263 clt=2 wrkr=2 slot=3 size=665608 src=worker:2 dst=client:2
event=req_send ts_ns=95361183 id=587 clt=2 wrkr=8 slot=3 size=17 src=client:2 dst=worker:8
event=resp_recv_ud ts_ns=95406529 id=587 clt=2 wrkr=8 slot=3 size=41 src=worker:8 dst=client:2
event=hand_send ts_ns=95415176 id=587 clt=2 wrkr=8 slot=3 size=10 src=client:2 dst=worker:8
event=resp_rdma_read ts_ns=95702017 id=575 start_ns=93465444 dur_ns=2236573 clt=2 wrkr=11 slot=1 size=665608 src=worker:11 dst=client:2
event=req_send ts_ns=95702017 id=589 clt=2 wrkr=7 slot=2 size=17 src=client:2 dst=worker:7
event=resp_recv_ud ts_ns=95741496 id=589 clt=2 wrkr=7 slot=2 size=41 src=worker:7 dst=client:2
event=hand_send ts_ns=95750143 id=589 clt=2 wrkr=7 slot=2 size=10 src=client:2 dst=worker:7
event=resp_rdma_read ts_ns=96284332 id=580 start_ns=94312040 dur_ns=1972292 clt=2 wrkr=0 slot=2 size=665608 src=worker:0 dst=client:2
event=req_send ts_ns=96284332 id=592 clt=2 wrkr=1 slot=2 size=17 src=client:2 dst=worker:1
event=resp_recv_ud ts_ns=96323881 id=592 clt=2 wrkr=1 slot=2 size=41 src=worker:1 dst=client:2
event=hand_send ts_ns=96332528 id=592 clt=2 wrkr=1 slot=2 size=10 src=client:2 dst=worker:1
event=resp_rdma_read ts_ns=96451426 id=584 start_ns=94949651 dur_ns=1501775 clt=2 wrkr=6 slot=3 size=665608 src=worker:6 dst=client:2
event=req_send ts_ns=96451426 id=593 clt=2 wrkr=10 slot=2 size=17 src=client:2 dst=worker:10
event=resp_recv_ud ts_ns=96490558 id=593 clt=2 wrkr=10 slot=2 size=41 src=worker:10 dst=client:2
event=hand_send ts_ns=96499205 id=593 clt=2 wrkr=10 slot=2 size=10 src=client:2 dst=worker:10
event=resp_rdma_read ts_ns=96981804 id=587 start_ns=95415176 dur_ns=1566628 clt=2 wrkr=8 slot=3 size=665608 src=worker:8 dst=client:2
event=req_send ts_ns=96981804 id=596 clt=2 wrkr=4 slot=3 size=17 src=client:2 dst=worker:4
event=resp_recv_ud ts_ns=97021007 id=596 clt=2 wrkr=4 slot=3 size=41 src=worker:4 dst=client:2
event=hand_send ts_ns=97029654 id=596 clt=2 wrkr=4 slot=3 size=10 src=client:2 dst=worker:4
event=resp_rdma_read ts_ns=97697970 id=589 start_ns=95750143 dur_ns=1947827 clt=2 wrkr=7 slot=2 size=665608 src=worker:7 dst=client:2
event=req_send ts_ns=97697970 id=601 clt=2 wrkr=3 slot=3 size=17 src=client:2 dst=worker:3
event=resp_recv_ud ts_ns=97737278 id=601 clt=2 wrkr=3 slot=3 size=41 src=worker:3 dst=client:2
event=hand_send ts_ns=97745925 id=601 clt=2 wrkr=3 slot=3 size=10 src=client:2 dst=worker:3
event=resp_rdma_read ts_ns=98264334 id=592 start_ns=96332528 dur_ns=1931806 clt=2 wrkr=1 slot=2 size=665608 src=worker:1 dst=client:2
event=req_send ts_ns=98264334 id=604 clt=2 wrkr=1 slot=3 size=17 src=client:2 dst=worker:1
event=resp_recv_ud ts_ns=98303793 id=604 clt=2 wrkr=1 slot=3 size=41 src=worker:1 dst=client:2
event=hand_send ts_ns=98312440 id=604 clt=2 wrkr=1 slot=3 size=10 src=client:2 dst=worker:1
event=resp_rdma_read ts_ns=98427858 id=593 start_ns=96499205 dur_ns=1928653 clt=2 wrkr=10 slot=2 size=665608 src=worker:10 dst=client:2
event=req_send ts_ns=98427858 id=605 clt=2 wrkr=10 slot=3 size=17 src=client:2 dst=worker:10
event=resp_recv_ud ts_ns=98467037 id=605 clt=2 wrkr=10 slot=3 size=41 src=worker:10 dst=client:2
event=hand_send ts_ns=98475684 id=605 clt=2 wrkr=10 slot=3 size=10 src=client:2 dst=worker:10
event=resp_rdma_read ts_ns=99180344 id=596 start_ns=97029654 dur_ns=2150690 clt=2 wrkr=4 slot=3 size=665608 src=worker:4 dst=client:2
event=req_send ts_ns=99180344 id=610 clt=2 wrkr=5 slot=2 size=17 src=client:2 dst=worker:5
event=resp_recv_ud ts_ns=99219724 id=610 clt=2 wrkr=5 slot=2 size=41 src=worker:5 dst=client:2
event=hand_send ts_ns=99228371 id=610 clt=2 wrkr=5 slot=2 size=10 src=client:2 dst=worker:5
event=resp_rdma_read ts_ns=99689470 id=601 start_ns=97745925 dur_ns=1943545 clt=2 wrkr=3 slot=3 size=665608 src=worker:3 dst=client:2
event=req_send ts_ns=99689470 id=613 clt=2 wrkr=6 slot=0 size=17 src=client:2 dst=worker:6
event=resp_recv_ud ts_ns=99728842 id=613 clt=2 wrkr=6 slot=0 size=41 src=worker:6 dst=client:2
event=hand_send ts_ns=99737489 id=613 clt=2 wrkr=6 slot=0 size=10 src=client:2 dst=worker:6
event=resp_rdma_read ts_ns=100243306 id=604 start_ns=98312440 dur_ns=1930866 clt=2 wrkr=1 slot=3 size=665608 src=worker:1 dst=client:2
event=req_send ts_ns=100243306 id=617 clt=2 wrkr=5 slot=3 size=17 src=client:2 dst=worker:5
event=resp_recv_ud ts_ns=100282274 id=617 clt=2 wrkr=5 slot=3 size=41 src=worker:5 dst=client:2
event=hand_send ts_ns=100290921 id=617 clt=2 wrkr=5 slot=3 size=10 src=client:2 dst=worker:5
event=resp_rdma_read ts_ns=100709490 id=605 start_ns=98475684 dur_ns=2233806 clt=2 wrkr=10 slot=3 size=665608 src=worker:10 dst=client:2
event=req_send ts_ns=100709490 id=619 clt=2 wrkr=10 slot=0 size=17 src=client:2 dst=worker:10
event=resp_recv_ud ts_ns=100748856 id=619 clt=2 wrkr=10 slot=0 size=41 src=worker:10 dst=client:2
event=hand_send ts_ns=100757503 id=619 clt=2 wrkr=10 slot=0 size=10 src=client:2 dst=worker:10
event=resp_rdma_read ts_ns=101179529 id=610 start_ns=99228371 dur_ns=1951158 clt=2 wrkr=5 slot=2 size=665608 src=worker:5 dst=client:2
event=req_send ts_ns=101179529 id=623 clt=2 wrkr=1 slot=0 size=17 src=client:2 dst=worker:1
event=resp_recv_ud ts_ns=101218881 id=623 clt=2 wrkr=1 slot=0 size=41 src=worker:1 dst=client:2
event=hand_send ts_ns=101227528 id=623 clt=2 wrkr=1 slot=0 size=10 src=client:2 dst=worker:1
event=resp_rdma_read ts_ns=101679344 id=613 start_ns=99737489 dur_ns=1941855 clt=2 wrkr=6 slot=0 size=665608 src=worker:6 dst=client:2
event=req_send ts_ns=101679344 id=627 clt=2 wrkr=5 slot=0 size=17 src=client:2 dst=worker:5
event=resp_recv_ud ts_ns=101725766 id=627 clt=2 wrkr=5 slot=0 size=41 src=worker:5 dst=client:2
event=hand_send ts_ns=101734413 id=627 clt=2 wrkr=5 slot=0 size=10 src=client:2 dst=worker:5
event=resp_rdma_read ts_ns=102227833 id=617 start_ns=100290921 dur_ns=1936912 clt=2 wrkr=5 slot=3 size=665608 src=worker:5 dst=client:2
event=req_send ts_ns=102227833 id=629 clt=2 wrkr=9 slot=1 size=17 src=client:2 dst=worker:9
event=resp_recv_ud ts_ns=102277191 id=629 clt=2 wrkr=9 slot=1 size=41 src=worker:9 dst=client:2
event=hand_send ts_ns=102285838 id=629 clt=2 wrkr=9 slot=1 size=10 src=client:2 dst=worker:9
event=resp_rdma_read ts_ns=102691519 id=619 start_ns=100757503 dur_ns=1934016 clt=2 wrkr=10 slot=0 size=665608 src=worker:10 dst=client:2
event=req_send ts_ns=102691519 id=632 clt=2 wrkr=7 slot=3 size=17 src=client:2 dst=worker:7
event=resp_recv_ud ts_ns=102732963 id=632 clt=2 wrkr=7 slot=3 size=41 src=worker:7 dst=client:2
event=hand_send ts_ns=102741610 id=632 clt=2 wrkr=7 slot=3 size=10 src=client:2 dst=worker:7
event=resp_rdma_read ts_ns=103166137 id=623 start_ns=101227528 dur_ns=1938609 clt=2 wrkr=1 slot=0 size=665608 src=worker:1 dst=client:2
event=req_send ts_ns=103166137 id=636 clt=2 wrkr=1 slot=1 size=17 src=client:2 dst=worker:1
event=resp_recv_ud ts_ns=103210065 id=636 clt=2 wrkr=1 slot=1 size=41 src=worker:1 dst=client:2
event=hand_send ts_ns=103218712 id=636 clt=2 wrkr=1 slot=1 size=10 src=client:2 dst=worker:1
event=resp_rdma_read ts_ns=103303858 id=627 start_ns=101734413 dur_ns=1569445 clt=2 wrkr=5 slot=0 size=665608 src=worker:5 dst=client:2
event=req_send ts_ns=103303858 id=637 clt=2 wrkr=11 slot=2 size=17 src=client:2 dst=worker:11
event=resp_recv_ud ts_ns=103343617 id=637 clt=2 wrkr=11 slot=2 size=41 src=worker:11 dst=client:2
event=hand_send ts_ns=103352264 id=637 clt=2 wrkr=11 slot=2 size=10 src=client:2 dst=worker:11
event=resp_rdma_read ts_ns=103866481 id=629 start_ns=102285838 dur_ns=1580643 clt=2 wrkr=9 slot=1 size=665608 src=worker:9 dst=client:2
event=req_send ts_ns=103866481 id=640 clt=2 wrkr=1 slot=2 size=17 src=client:2 dst=worker:1
event=resp_recv_ud ts_ns=103918104 id=640 clt=2 wrkr=1 slot=2 size=41 src=worker:1 dst=client:2
event=hand_send ts_ns=103926751 id=640 clt=2 wrkr=1 slot=2 size=10 src=client:2 dst=worker:1
event=resp_rdma_read ts_ns=104622376 id=632 start_ns=102741610 dur_ns=1880766 clt=2 wrkr=7 slot=3 size=665608 src=worker:7 dst=client:2
event=req_send ts_ns=104622376 id=643 clt=2 wrkr=10 slot=1 size=17 src=client:2 dst=worker:10
event=resp_recv_ud ts_ns=104661636 id=643 clt=2 wrkr=10 slot=1 size=41 src=worker:10 dst=client:2
event=hand_send ts_ns=104670283 id=643 clt=2 wrkr=10 slot=1 size=10 src=client:2 dst=worker:10
event=resp_rdma_read ts_ns=104878536 id=636 start_ns=103218712 dur_ns=1659824 clt=2 wrkr=1 slot=1 size=665608 src=worker:1 dst=client:2
event=req_send ts_ns=104878536 id=646 clt=2 wrkr=6 slot=1 size=17 src=client:2 dst=worker:6
event=resp_recv_ud ts_ns=104936282 id=646 clt=2 wrkr=6 slot=1 size=41 src=worker:6 dst=client:2
event=hand_send ts_ns=104944929 id=646 clt=2 wrkr=6 slot=1 size=10 src=client:2 dst=worker:6
event=resp_rdma_read ts_ns=105313779 id=637 start_ns=103352264 dur_ns=1961515 clt=2 wrkr=11 slot=2 size=665608 src=worker:11 dst=client:2
event=resp_rdma_read ts_ns=105752848 id=640 start_ns=103926751 dur_ns=1826097 clt=2 wrkr=1 slot=2 size=665608 src=worker:1 dst=client:2
event=resp_rdma_read ts_ns=106579069 id=646 start_ns=104944929 dur_ns=1634140 clt=2 wrkr=6 slot=1 size=665608 src=worker:6 dst=client:2
event=resp_rdma_read ts_ns=106837491 id=643 start_ns=104670283 dur_ns=2167208 clt=2 wrkr=10 slot=1 size=665608 src=worker:10 dst=client:2
