event=req_send ts_ns=1 id=1 clt=1 wrkr=0 slot=0 size=17 src=client:1 dst=worker:0
event=req_send ts_ns=2501 id=4 clt=1 wrkr=1 slot=0 size=17 src=client:1 dst=worker:1
event=req_send ts_ns=5001 id=7 clt=1 wrkr=4 slot=0 size=17 src=client:1 dst=worker:4
event=req_send ts_ns=7501 id=10 clt=1 wrkr=2 slot=0 size=17 src=client:1 dst=worker:2
event=req_send ts_ns=10001 id=13 clt=1 wrkr=1 slot=1 size=17 src=client:1 dst=worker:1
event=req_send ts_ns=12501 id=16 clt=1 wrkr=6 slot=0 size=17 src=client:1 dst=worker:6
event=req_send ts_ns=15001 id=19 clt=1 wrkr=6 slot=1 size=17 src=client:1 dst=worker:6
event=req_send ts_ns=17501 id=22 clt=1 wrkr=8 slot=0 size=17 src=client:1 dst=worker:8
event=req_send ts_ns=20001 id=25 clt=1 wrkr=7 slot=0 size=17 src=client:1 dst=worker:7
event=req_send ts_ns=22501 id=28 clt=1 wrkr=9 slot=0 size=17 src=client:1 dst=worker:9
event=resp_recv_ud ts_ns=24158 id=1 clt=1 wrkr=0 slot=0 size=41 src=worker:0 dst=client:1
event=req_send ts_ns=25001 id=31 clt=1 wrkr=11 slot=0 size=17 src=client:1 dst=worker:11
event=req_send ts_ns=27501 id=34 clt=1 wrkr=3 slot=0 size=17 src=client:1 dst=worker:3
event=req_send ts_ns=30001 id=37 clt=1 wrkr=8 slot=1 size=17 src=client:1 dst=worker:8
event=req_send ts_ns=32501 id=40 clt=1 wrkr=4 slot=1 size=17 src=client:1 dst=worker:4
event=hand_send ts_ns=32805 id=1 clt=1 wrkr=0 slot=0 size=10 src=client:1 dst=worker:0
event=req_send ts_ns=35001 id=43 clt=1 wrkr=8 slot=2 size=17 src=client:1 dst=worker:8
event=req_send ts_ns=37501 id=46 clt=1 wrkr=10 slot=0 size=17 src=client:1 dst=worker:10
event=resp_recv_ud ts_ns=54552 id=4 clt=1 wrkr=1 slot=0 size=41 src=worker:1 dst=client:1
event=resp_recv_ud ts_ns=54877 id=7 clt=1 wrkr=4 slot=0 size=41 src=worker:4 dst=client:1
event=resp_recv_ud ts_ns=57832 id=10 clt=1 wrkr=2 slot=0 size=41 src=worker:2 dst=client:1
event=resp_recv_ud ts_ns=60931 id=13 clt=1 wrkr=1 slot=1 size=41 src=worker:1 dst=client:1
event=hand_send ts_ns=63199 id=4 clt=1 wrkr=1 slot=0 size=10 src=client:1 dst=worker:1
event=resp_recv_ud ts_ns=63259 id=16 clt=1 wrkr=6 slot=0 size=41 src=worker:6 dst=client:1
event=hand_send ts_ns=63524 id=7 clt=1 wrkr=4 slot=0 size=10 src=client:1 dst=worker:4
event=resp_recv_ud ts_ns=63669 id=19 clt=1 wrkr=6 slot=1 size=41 src=worker:6 dst=client:1
event=resp_recv_ud ts_ns=64784 id=22 clt=1 wrkr=8 slot=0 size=41 src=worker:8 dst=client:1
event=resp_recv_ud ts_ns=65925 id=25 clt=1 wrkr=7 slot=0 size=41 src=worker:7 dst=client:1
event=hand_send ts_ns=66479 id=10 clt=1 wrkr=2 slot=0 size=10 src=client:1 dst=worker:2
event=resp_recv_ud ts_ns=67255 id=28 clt=1 wrkr=9 slot=0 size=41 src=worker:9 dst=client:1
event=resp_recv_ud ts_ns=69069 id=31 clt=1 wrkr=11 slot=0 size=41 src=worker:11 dst=client:1
event=resp_recv_ud ts_ns=69302 id=34 clt=1 wrkr=3 slot=0 size=41 src=worker:3 dst=client:1
event=hand_send ts_ns=69578 id=13 clt=1 wrkr=1 slot=1 size=10 src=client:1 dst=worker:1
event=resp_recv_ud ts_ns=70430 id=37 clt=1 wrkr=8 slot=1 size=41 src=worker:8 dst=client:1
event=hand_send ts_ns=71906 id=16 clt=1 wrkr=6 slot=0 size=10 src=client:1 dst=worker:6
event=resp_recv_ud ts_ns=72137 id=40 clt=1 wrkr=4 slot=1 size=41 src=worker:4 dst=client:1
event=hand_send ts_ns=72316 id=19 clt=1 wrkr=6 slot=1 size=10 src=client:1 dst=worker:6
event=hand_send ts_ns=73431 id=22 clt=1 wrkr=8 slot=0 size=10 src=client:1 dst=worker:8
event=hand_send ts_ns=74572 id=25 clt=1 wrkr=7 slot=0 size=10 src=client:1 dst=worker:7
event=resp_recv_ud ts_ns=75074 id=43 clt=1 wrkr=8 slot=2 size=41 src=worker:8 dst=client:1
event=hand_send ts_ns=75902 id=28 clt=1 wrkr=9 slot=0 size=10 src=client:1 dst=worker:9
event=resp_recv_ud ts_ns=76805 id=46 clt=1 wrkr=10 slot=0 size=41 src=worker:10 dst=client:1
event=hand_send ts_ns=77716 id=31 clt=1 wrkr=11 slot=0 size=10 src=client:1 dst=worker:11
event=hand_send ts_ns=77949 id=34 clt=1 wrkr=3 slot=0 size=10 src=client:1 dst=worker:3
event=hand_send ts_ns=79077 id=37 clt=1 wrkr=8 slot=1 size=10 src=client:1 dst=worker:8
event=hand_send ts_ns=80784 id=40 clt=1 wrkr=4 slot=1 size=10 src=client:1 dst=worker:4
event=hand_send ts_ns=83721 id=43 clt=1 wrkr=8 slot=2 size=10 src=client:1 dst=worker:8
event=hand_send ts_ns=85452 id=46 clt=1 wrkr=10 slot=0 size=10 src=client:1 dst=worker:10
event=resp_rdma_read ts_ns=1322047 id=1 start_ns=32805 dur_ns=1289242 clt=1 wrkr=0 slot=0 size=409608 src=worker:0 dst=client:1
event=req_send ts_ns=1322047 id=48 clt=1 wrkr=9 slot=1 size=17 src=client:1 dst=worker:9
event=resp_recv_ud ts_ns=1365837 id=48 clt=1 wrkr=9 slot=1 size=41 src=worker:9 dst=client:1
event=hand_send ts_ns=1374484 id=48 clt=1 wrkr=9 slot=1 size=10 src=client:1 dst=worker:9
event=resp_rdma_read ts_ns=1392735 id=4 start_ns=63199 dur_ns=1329536 clt=1 wrkr=1 slot=0 size=409608 src=worker:1 dst=client:1
event=req_send ts_ns=1392735 id=53 clt=1 wrkr=11 slot=1 size=17 src=client:1 dst=worker:11
event=resp_rdma_read ts_ns=1399572 id=7 start_ns=63524 dur_ns=1336048 clt=1 wrkr=4 slot=0 size=409608 src=worker:4 dst=client:1
event=req_send ts_ns=1399572 id=54 clt=1 wrkr=1 slot=2 size=17 src=client:1 dst=worker:1
event=resp_rdma_read ts_ns=1449354 id=10 start_ns=66479 dur_ns=1382875 clt=1 wrkr=2 slot=0 size=409608 src=worker:2 dst=client:1
event=req_send ts_ns=1449354 id=56 clt=1 wrkr=10 slot=1 size=17 src=client:1 dst=worker:10
event=resp_rdma_read ts_ns=1462465 id=13 start_ns=69578 dur_ns=1392887 clt=1 wrkr=1 slot=1 size=409608 src=worker:1 dst=client:1
event=req_send ts_ns=1462465 id=57 clt=1 wrkr=1 slot=3 size=17 src=client:1 dst=worker:1
event=resp_recv_ud ts_ns=1462969 id=53 clt=1 wrkr=11 slot=1 size=41 src=worker:11 dst=client:1
event=resp_recv_ud ts_ns=1469994 id=54 clt=1 wrkr=1 slot=2 size=41 src=worker:1 dst=client:1
event=hand_send ts_ns=1471616 id=53 clt=1 wrkr=11 slot=1 size=10 src=client:1 dst=worker:11
event=hand_send ts_ns=1478641 id=54 clt=1 wrkr=1 slot=2 size=10 src=client:1 dst=worker:1
event=resp_rdma_read ts_ns=1513216 id=16 start_ns=71906 dur_ns=1441310 clt=1 wrkr=6 slot=0 size=409608 src=worker:6 dst=client:1
event=req_send ts_ns=1513216 id=61 clt=1 wrkr=8 slot=3 size=17 src=client:1 dst=worker:8
event=resp_recv_ud ts_ns=1519889 id=56 clt=1 wrkr=10 slot=1 size=41 src=worker:10 dst=client:1
event=resp_rdma_read ts_ns=1519970 id=19 start_ns=72316 dur_ns=1447654 clt=1 wrkr=6 slot=1 size=409608 src=worker:6 dst=client:1
event=req_send ts_ns=1519970 id=62 clt=1 wrkr=9 slot=2 size=17 src=client:1 dst=worker:9
event=hand_send ts_ns=1528536 id=56 clt=1 wrkr=10 slot=1 size=10 src=client:1 dst=worker:10
event=resp_recv_ud ts_ns=1533457 id=57 clt=1 wrkr=1 slot=3 size=41 src=worker:1 dst=client:1
event=hand_send ts_ns=1542104 id=57 clt=1 wrkr=1 slot=3 size=10 src=client:1 dst=worker:1
event=resp_rdma_read ts_ns=1550107 id=22 start_ns=73431 dur_ns=1476676 clt=1 wrkr=8 slot=0 size=409608 src=worker:8 dst=client:1
event=req_send ts_ns=1550107 id=63 clt=1 wrkr=5 slot=0 size=17 src=client:1 dst=worker:5
event=resp_rdma_read ts_ns=1570499 id=25 start_ns=74572 dur_ns=1495927 clt=1 wrkr=7 slot=0 size=409608 src=worker:7 dst=client:1
event=req_send ts_ns=1570499 id=65 clt=1 wrkr=7 slot=1 size=17 src=client:1 dst=worker:7
event=resp_recv_ud ts_ns=1584279 id=61 clt=1 wrkr=8 slot=3 size=41 src=worker:8 dst=client:1
event=resp_recv_ud ts_ns=1590581 id=62 clt=1 wrkr=9 slot=2 size=41 src=worker:9 dst=client:1
event=hand_send ts_ns=1592926 id=61 clt=1 wrkr=8 slot=3 size=10 src=client:1 dst=worker:8
event=hand_send ts_ns=1599228 id=62 clt=1 wrkr=9 slot=2 size=10 src=client:1 dst=worker:9
event=resp_recv_ud ts_ns=1621581 id=63 clt=1 wrkr=5 slot=0 size=41 src=worker:5 dst=client:1
event=resp_rdma_read ts_ns=1629762 id=28 start_ns=75902 dur_ns=1553860 clt=1 wrkr=9 slot=0 size=409608 src=worker:9 dst=client:1
event=req_send ts_ns=1629762 id=69 clt=1 wrkr=6 slot=2 size=17 src=client:1 dst=worker:6
event=hand_send ts_ns=1630228 id=63 clt=1 wrkr=5 slot=0 size=10 src=client:1 dst=worker:5
event=resp_recv_ud ts_ns=1640907 id=65 clt=1 wrkr=7 slot=1 size=41 src=worker:7 dst=client:1
event=hand_send ts_ns=1649554 id=65 clt=1 wrkr=7 slot=1 size=10 src=client:1 dst=worker:7
event=resp_rdma_read ts_ns=1694759 id=31 start_ns=77716 dur_ns=1617043 clt=1 wrkr=11 slot=0 size=409608 src=worker:11 dst=client:1
event=req_send ts_ns=1694759 id=72 clt=1 wrkr=9 slot=3 size=17 src=client:1 dst=worker:9
event=resp_recv_ud ts_ns=1701075 id=69 clt=1 wrkr=6 slot=2 size=41 src=worker:6 dst=client:1
event=hand_send ts_ns=1709722 id=69 clt=1 wrkr=6 slot=2 size=10 src=client:1 dst=worker:6
event=resp_rdma_read ts_ns=1733587 id=34 start_ns=77949 dur_ns=1655638 clt=1 wrkr=3 slot=0 size=409608 src=worker:3 dst=client:1
event=req_send ts_ns=1733587 id=74 clt=1 wrkr=0 slot=1 size=17 src=client:1 dst=worker:0
event=resp_recv_ud ts_ns=1765916 id=72 clt=1 wrkr=9 slot=3 size=41 src=worker:9 dst=client:1
event=hand_send ts_ns=1774563 id=72 clt=1 wrkr=9 slot=3 size=10 src=client:1 dst=worker:9
event=resp_rdma_read ts_ns=1796542 id=37 start_ns=79077 dur_ns=1717465 clt=1 wrkr=8 slot=1 size=409608 src=worker:8 dst=client:1
event=req_send ts_ns=1796542 id=75 clt=1 wrkr=0 slot=2 size=17 src=client:1 dst=worker:0
event=resp_recv_ud ts_ns=1804747 id=74 clt=1 wrkr=0 slot=1 size=41 src=worker:0 dst=client:1
event=hand_send ts_ns=1813394 id=74 clt=1 wrkr=0 slot=1 size=10 src=client:1 dst=worker:0
event=resp_recv_ud ts_ns=1868235 id=75 clt=1 wrkr=0 slot=2 size=41 src=worker:0 dst=client:1
event=hand_send ts_ns=1876882 id=75 clt=1 wrkr=0 slot=2 size=10 src=client:1 dst=worker:0
event=resp_rdma_read ts_ns=1893959 id=40 start_ns=80784 dur_ns=1813175 clt=1 wrkr=4 slot=1 size=409608 src=worker:4 dst=client:1
event=req_send ts_ns=1893959 id=79 clt=1 wrkr=1 slot=4 size=17 src=client:1 dst=worker:1
event=resp_recv_ud ts_ns=1965548 id=79 clt=1 wrkr=1 slot=4 size=41 src=worker:1 dst=client:1
event=hand_send ts_ns=1974195 id=79 clt=1 wrkr=1 slot=4 size=10 src=client:1 dst=worker:1
event=resp_rdma_read ts_ns=2031574 id=43 start_ns=83721 dur_ns=1947853 clt=1 wrkr=8 slot=2 size=409608 src=worker:8 dst=client:1
event=req_send ts_ns=2031574 id=82 clt=1 wrkr=10 slot=2 size=17 src=client:1 dst=worker:10
event=resp_recv_ud ts_ns=2101821 id=82 clt=1 wrkr=10 slot=2 size=41 src=worker:10 dst=client:1
event=hand_send ts_ns=2110468 id=82 clt=1 wrkr=10 slot=2 size=10 src=client:1 dst=worker:10
event=resp_rdma_read ts_ns=2182549 id=46 start_ns=85452 dur_ns=2097097 clt=1 wrkr=10 slot=0 size=409608 src=worker:10 dst=client:1
event=req_send ts_ns=2182549 id=85 clt=1 wrkr=1 slot=5 size=17 src=client:1 dst=worker:1
event=resp_recv_ud ts_ns=2248598 id=85 clt=1 wrkr=1 slot=5 size=41 src=worker:1 dst=client:1
event=hand_send ts_ns=2257245 id=85 clt=1 wrkr=1 slot=5 size=10 src=client:1 dst=worker:1
event=resp_rdma_read ts_ns=3467157 id=79 start_ns=1974195 dur_ns=1492962 clt=1 wrkr=1 slot=4 size=409608 src=worker:1 dst=client:1
event=req_send ts_ns=3467157 id=99 clt=1 wrkr=8 slot=4 size=17 src=client:1 dst=worker:8
event=resp_rdma_read ts_ns=3504688 id=48 start_ns=1374484 dur_ns=2130204 clt=1 wrkr=9 slot=1 size=409608 src=worker:9 dst=client:1
event=req_send ts_ns=3504688 id=100 clt=1 wrkr=3 slot=1 size=17 src=client:1 dst=worker:3
event=resp_recv_ud ts_ns=3525448 id=99 clt=1 wrkr=8 slot=4 size=41 src=worker:8 dst=client:1
event=hand_send ts_ns=3534095 id=99 clt=1 wrkr=8 slot=4 size=10 src=client:1 dst=worker:8
event=resp_recv_ud ts_ns=3563667 id=100 clt=1 wrkr=3 slot=1 size=41 src=worker:3 dst=client:1
event=hand_send ts_ns=3572314 id=100 clt=1 wrkr=3 slot=1 size=10 src=client:1 dst=worker:3
event=resp_rdma_read ts_ns=3814576 id=57 start_ns=1542104 dur_ns=2272472 clt=1 wrkr=1 slot=3 size=409608 src=worker:1 dst=client:1
event=req_send ts_ns=3814576 id=110 clt=1 wrkr=0 slot=3 size=17 src=client:1 dst=worker:0
event=resp_rdma_read ts_ns=3827365 id=65 start_ns=1649554 dur_ns=2177811 clt=1 wrkr=7 slot=1 size=409608 src=worker:7 dst=client:1
event=req_send ts_ns=3827365 id=111 clt=1 wrkr=2 slot=1 size=17 src=client:1 dst=worker:2
event=resp_rdma_read ts_ns=3830324 id=56 start_ns=1528536 dur_ns=2301788 clt=1 wrkr=10 slot=1 size=409608 src=worker:10 dst=client:1
event=req_send ts_ns=3830324 id=112 clt=1 wrkr=9 slot=4 size=17 src=client:1 dst=worker:9
event=resp_rdma_read ts_ns=3835360 id=53 start_ns=1471616 dur_ns=2363744 clt=1 wrkr=11 slot=1 size=409608 src=worker:11 dst=client:1
event=req_send ts_ns=3835360 id=113 clt=1 wrkr=7 slot=2 size=17 src=client:1 dst=worker:7
event=resp_rdma_read ts_ns=3860823 id=54 start_ns=1478641 dur_ns=2382182 clt=1 wrkr=1 slot=2 size=409608 src=worker:1 dst=client:1
event=req_send ts_ns=3860823 id=116 clt=1 wrkr=6 slot=3 size=17 src=client:1 dst=worker:6
event=resp_rdma_read ts_ns=3868112 id=85 start_ns=2257245 dur_ns=1610867 clt=1 wrkr=1 slot=5 size=409608 src=worker:1 dst=client:1
event=req_send ts_ns=3868112 id=118 clt=1 wrkr=11 slot=2 size=17 src=client:1 dst=worker:11
event=resp_recv_ud ts_ns=3871663 id=110 clt=1 wrkr=0 slot=3 size=41 src=worker:0 dst=client:1
event=hand_send ts_ns=3880310 id=110 clt=1 wrkr=0 slot=3 size=10 src=client:1 dst=worker:0
event=resp_recv_ud ts_ns=3884902 id=111 clt=1 wrkr=2 slot=1 size=41 src=worker:2 dst=client:1
event=resp_recv_ud ts_ns=3887847 id=112 clt=1 wrkr=9 slot=4 size=41 src=worker:9 dst=client:1
event=resp_recv_ud ts_ns=3892887 id=113 clt=1 wrkr=7 slot=2 size=41 src=worker:7 dst=client:1
event=hand_send ts_ns=3893549 id=111 clt=1 wrkr=2 slot=1 size=10 src=client:1 dst=worker:2
event=hand_send ts_ns=3896494 id=112 clt=1 wrkr=9 slot=4 size=10 src=client:1 dst=worker:9
event=hand_send ts_ns=3901534 id=113 clt=1 wrkr=7 slot=2 size=10 src=client:1 dst=worker:7
event=resp_rdma_read ts_ns=3902176 id=82 start_ns=2110468 dur_ns=1791708 clt=1 wrkr=10 slot=2 size=409608 src=worker:10 dst=client:1
event=req_send ts_ns=3902176 id=121 clt=1 wrkr=11 slot=3 size=17 src=client:1 dst=worker:11
event=resp_rdma_read ts_ns=3914291 id=61 start_ns=1592926 dur_ns=2321365 clt=1 wrkr=8 slot=3 size=409608 src=worker:8 dst=client:1
event=req_send ts_ns=3914291 id=122 clt=1 wrkr=0 slot=4 size=17 src=client:1 dst=worker:0
event=resp_recv_ud ts_ns=3919069 id=116 clt=1 wrkr=6 slot=3 size=41 src=worker:6 dst=client:1
event=resp_recv_ud ts_ns=3926707 id=118 clt=1 wrkr=11 slot=2 size=41 src=worker:11 dst=client:1
event=hand_send ts_ns=3927716 id=116 clt=1 wrkr=6 slot=3 size=10 src=client:1 dst=worker:6
event=hand_send ts_ns=3935354 id=118 clt=1 wrkr=11 slot=2 size=10 src=client:1 dst=worker:11
event=resp_recv_ud ts_ns=3962569 id=121 clt=1 wrkr=11 slot=3 size=41 src=worker:11 dst=client:1
event=hand_send ts_ns=3971216 id=121 clt=1 wrkr=11 slot=3 size=10 src=client:1 dst=worker:11
event=resp_recv_ud ts_ns=3975242 id=122 clt=1 wrkr=0 slot=4 size=41 src=worker:0 dst=client:1
event=resp_rdma_read ts_ns=3983201 id=62 start_ns=1599228 dur_ns=2383973 clt=1 wrkr=9 slot=2 size=409608 src=worker:9 dst=client:1
event=req_send ts_ns=3983201 id=126 clt=1 wrkr=1 slot=6 size=17 src=client:1 dst=worker:1
event=hand_send ts_ns=3983889 id=122 clt=1 wrkr=0 slot=4 size=10 src=client:1 dst=worker:0
event=resp_rdma_read ts_ns=4020031 id=63 start_ns=1630228 dur_ns=2389803 clt=1 wrkr=5 slot=0 size=409608 src=worker:5 dst=client:1
event=req_send ts_ns=4020031 id=130 clt=1 wrkr=3 slot=2 size=17 src=client:1 dst=worker:3
event=resp_rdma_read ts_ns=4031880 id=69 start_ns=1709722 dur_ns=2322158 clt=1 wrkr=6 slot=2 size=409608 src=worker:6 dst=client:1
event=req_send ts_ns=4031880 id=133 clt=1 wrkr=0 slot=5 size=17 src=client:1 dst=worker:0
event=resp_recv_ud ts_ns=4048093 id=126 clt=1 wrkr=1 slot=6 size=41 src=worker:1 dst=client:1
event=hand_send ts_ns=4056740 id=126 clt=1 wrkr=1 slot=6 size=10 src=client:1 dst=worker:1
event=resp_rdma_read ts_ns=4065178 id=72 start_ns=1774563 dur_ns=2290615 clt=1 wrkr=9 slot=3 size=409608 src=worker:9 dst=client:1
event=req_send ts_ns=4065178 id=137 clt=1 wrkr=11 slot=4 size=17 src=client:1 dst=worker:11
event=resp_recv_ud ts_ns=4086758 id=130 clt=1 wrkr=3 slot=2 size=41 src=worker:3 dst=client:1
event=hand_send ts_ns=4095405 id=130 clt=1 wrkr=3 slot=2 size=10 src=client:1 dst=worker:3
event=resp_recv_ud ts_ns=4098313 id=133 clt=1 wrkr=0 slot=5 size=41 src=worker:0 dst=client:1
event=hand_send ts_ns=4106960 id=133 clt=1 wrkr=0 slot=5 size=10 src=client:1 dst=worker:0
event=resp_rdma_read ts_ns=4129318 id=75 start_ns=1876882 dur_ns=2252436 clt=1 wrkr=0 slot=2 size=409608 src=worker:0 dst=client:1
event=req_send ts_ns=4129318 id=139 clt=1 wrkr=2 slot=2 size=17 src=client:1 dst=worker:2
event=resp_recv_ud ts_ns=4133981 id=137 clt=1 wrkr=11 slot=4 size=41 src=worker:11 dst=client:1
event=hand_send ts_ns=4142628 id=137 clt=1 wrkr=11 slot=4 size=10 src=client:1 dst=worker:11
event=resp_rdma_read ts_ns=4176739 id=74 start_ns=1813394 dur_ns=2363345 clt=1 wrkr=0 slot=1 size=409608 src=worker:0 dst=client:1
event=req_send ts_ns=4176739 id=140 clt=1 wrkr=11 slot=5 size=17 src=client:1 dst=worker:11
event=resp_recv_ud ts_ns=4198899 id=139 clt=1 wrkr=2 slot=2 size=41 src=worker:2 dst=client:1
event=hand_send ts_ns=4207546 id=139 clt=1 wrkr=2 slot=2 size=10 src=client:1 dst=worker:2
event=resp_recv_ud ts_ns=4248214 id=140 clt=1 wrkr=11 slot=5 size=41 src=worker:11 dst=client:1
event=hand_send ts_ns=4256861 id=140 clt=1 wrkr=11 slot=5 size=10 src=client:1 dst=worker:11
event=resp_rdma_read ts_ns=4609699 id=100 start_ns=3572314 dur_ns=1037385 clt=1 wrkr=3 slot=1 size=409608 src=worker:3 dst=client:1
event=req_send ts_ns=4609699 id=147 clt=1 wrkr=2 slot=3 size=17 src=client:1 dst=worker:2
event=resp_recv_ud ts_ns=4654434 id=147 clt=1 wrkr=2 slot=3 size=41 src=worker:2 dst=client:1
event=hand_send ts_ns=4663081 id=147 clt=1 wrkr=2 slot=3 size=10 src=client:1 dst=worker:2
event=resp_rdma_read ts_ns=4829450 id=99 start_ns=3534095 dur_ns=1295355 clt=1 wrkr=8 slot=4 size=409608 src=worker:8 dst=client:1
event=req_send ts_ns=4829450 id=148 clt=1 wrkr=2 slot=4 size=17 src=client:1 dst=worker:2
event=resp_recv_ud ts_ns=4867409 id=148 clt=1 wrkr=2 slot=4 size=41 src=worker:2 dst=client:1
event=hand_send ts_ns=4876056 id=148 clt=1 wrkr=2 slot=4 size=10 src=client:1 dst=worker:2
event=resp_rdma_read ts_ns=5351794 id=110 start_ns=3880310 dur_ns=1471484 clt=1 wrkr=0 slot=3 size=409608 src=worker:0 dst=client:1
event=req_send ts_ns=5351794 id=158 clt=1 wrkr=9 slot=5 size=17 src=client:1 dst=worker:9
event=resp_rdma_read ts_ns=5393636 id=111 start_ns=3893549 dur_ns=1500087 clt=1 wrkr=2 slot=1 size=409608 src=worker:2 dst=client:1
event=req_send ts_ns=5393636 id=159 clt=1 wrkr=4 slot=2 size=17 src=client:1 dst=worker:4
event=resp_recv_ud ts_ns=5407414 id=158 clt=1 wrkr=9 slot=5 size=41 src=worker:9 dst=client:1
event=hand_send ts_ns=5416061 id=158 clt=1 wrkr=9 slot=5 size=10 src=client:1 dst=worker:9
event=resp_rdma_read ts_ns=5420117 id=112 start_ns=3896494 dur_ns=1523623 clt=1 wrkr=9 slot=4 size=409608 src=worker:9 dst=client:1
event=req_send ts_ns=5420117 id=161 clt=1 wrkr=11 slot=6 size=17 src=client:1 dst=worker:11
event=resp_recv_ud ts_ns=5450866 id=159 clt=1 wrkr=4 slot=2 size=41 src=worker:4 dst=client:1
event=resp_rdma_read ts_ns=5451261 id=113 start_ns=3901534 dur_ns=1549727 clt=1 wrkr=7 slot=2 size=409608 src=worker:7 dst=client:1
event=req_send ts_ns=5451261 id=163 clt=1 wrkr=8 slot=5 size=17 src=client:1 dst=worker:8
event=hand_send ts_ns=5459513 id=159 clt=1 wrkr=4 slot=2 size=10 src=client:1 dst=worker:4
event=resp_recv_ud ts_ns=5477825 id=161 clt=1 wrkr=11 slot=6 size=41 src=worker:11 dst=client:1
event=hand_send ts_ns=5486472 id=161 clt=1 wrkr=11 slot=6 size=10 src=client:1 dst=worker:11
event=resp_recv_ud ts_ns=5509222 id=163 clt=1 wrkr=8 slot=5 size=41 src=worker:8 dst=client:1
event=hand_send ts_ns=5517869 id=163 clt=1 wrkr=8 slot=5 size=10 src=client:1 dst=worker:8
event=resp_rdma_read ts_ns=5529800 id=116 start_ns=3927716 dur_ns=1602084 clt=1 wrkr=6 slot=3 size=409608 src=worker:6 dst=client:1
event=req_send ts_ns=5529800 id=166 clt=1 wrkr=6 slot=4 size=17 src=client:1 dst=worker:6
event=resp_rdma_read ts_ns=5557427 id=118 start_ns=3935354 dur_ns=1622073 clt=1 wrkr=11 slot=2 size=409608 src=worker:11 dst=client:1
event=req_send ts_ns=5557427 id=167 clt=1 wrkr=9 slot=6 size=17 src=client:1 dst=worker:9
event=resp_recv_ud ts_ns=5589499 id=166 clt=1 wrkr=6 slot=4 size=41 src=worker:6 dst=client:1
event=hand_send ts_ns=5598146 id=166 clt=1 wrkr=6 slot=4 size=10 src=client:1 dst=worker:6
event=resp_rdma_read ts_ns=5615605 id=130 start_ns=4095405 dur_ns=1520200 clt=1 wrkr=3 slot=2 size=409608 src=worker:3 dst=client:1
event=req_send ts_ns=5615605 id=169 clt=1 wrkr=3 slot=3 size=17 src=client:1 dst=worker:3
event=resp_recv_ud ts_ns=5618355 id=167 clt=1 wrkr=9 slot=6 size=41 src=worker:9 dst=client:1
event=hand_send ts_ns=5627002 id=167 clt=1 wrkr=9 slot=6 size=10 src=client:1 dst=worker:9
event=resp_rdma_read ts_ns=5631647 id=121 start_ns=3971216 dur_ns=1660431 clt=1 wrkr=11 slot=3 size=409608 src=worker:11 dst=client:1
event=req_send ts_ns=5631647 id=171 clt=1 wrkr=5 slot=1 size=17 src=client:1 dst=worker:5
event=resp_recv_ud ts_ns=5677205 id=169 clt=1 wrkr=3 slot=3 size=41 src=worker:3 dst=client:1
event=hand_send ts_ns=5685852 id=169 clt=1 wrkr=3 slot=3 size=10 src=client:1 dst=worker:3
event=resp_recv_ud ts_ns=5693526 id=171 clt=1 wrkr=5 slot=1 size=41 src=worker:5 dst=client:1
event=hand_send ts_ns=5702173 id=171 clt=1 wrkr=5 slot=1 size=10 src=client:1 dst=worker:5
event=resp_rdma_read ts_ns=5703105 id=147 start_ns=4663081 dur_ns=1040024 clt=1 wrkr=2 slot=3 size=409608 src=worker:2 dst=client:1
event=req_send ts_ns=5703105 id=172 clt=1 wrkr=4 slot=3 size=17 src=client:1 dst=worker:4
event=resp_rdma_read ts_ns=5715227 id=122 start_ns=3983889 dur_ns=1731338 clt=1 wrkr=0 slot=4 size=409608 src=worker:0 dst=client:1
event=req_send ts_ns=5715227 id=173 clt=1 wrkr=6 slot=5 size=17 src=client:1 dst=worker:6
event=resp_recv_ud ts_ns=5765630 id=172 clt=1 wrkr=4 slot=3 size=41 src=worker:4 dst=client:1
event=hand_send ts_ns=5774277 id=172 clt=1 wrkr=4 slot=3 size=10 src=client:1 dst=worker:4
event=resp_recv_ud ts_ns=5778439 id=173 clt=1 wrkr=6 slot=5 size=41 src=worker:6 dst=client:1
event=hand_send ts_ns=5787086 id=173 clt=1 wrkr=6 slot=5 size=10 src=client:1 dst=worker:6
event=resp_rdma_read ts_ns=5892873 id=126 start_ns=4056740 dur_ns=1836133 clt=1 wrkr=1 slot=6 size=409608 src=worker:1 dst=client:1
event=req_send ts_ns=5892873 id=178 clt=1 wrkr=9 slot=7 size=17 src=client:1 dst=worker:9
event=resp_recv_ud ts_ns=5958415 id=178 clt=1 wrkr=9 slot=7 size=41 src=worker:9 dst=client:1
event=hand_send ts_ns=5967062 id=178 clt=1 wrkr=9 slot=7 size=10 src=client:1 dst=worker:9
event=resp_rdma_read ts_ns=6075631 id=148 start_ns=4876056 dur_ns=1199575 clt=1 wrkr=2 slot=4 size=409608 src=worker:2 dst=client:1
event=req_send ts_ns=6075631 id=183 clt=1 wrkr=8 slot=6 size=17 src=client:1 dst=worker:8
event=resp_recv_ud ts_ns=6142597 id=183 clt=1 wrkr=8 slot=6 size=41 src=worker:8 dst=client:1
event=hand_send ts_ns=6151244 id=183 clt=1 wrkr=8 slot=6 size=10 src=client:1 dst=worker:8
event=resp_rdma_read ts_ns=6162292 id=140 start_ns=4256861 dur_ns=1905431 clt=1 wrkr=11 slot=5 size=409608 src=worker:11 dst=client:1
event=req_send ts_ns=6162292 id=187 clt=1 wrkr=10 slot=3 size=17 src=client:1 dst=worker:10
event=resp_recv_ud ts_ns=6231103 id=187 clt=1 wrkr=10 slot=3 size=41 src=worker:10 dst=client:1
event=hand_send ts_ns=6239750 id=187 clt=1 wrkr=10 slot=3 size=10 src=client:1 dst=worker:10
event=resp_rdma_read ts_ns=6375066 id=133 start_ns=4106960 dur_ns=2268106 clt=1 wrkr=0 slot=5 size=409608 src=worker:0 dst=client:1
event=req_send ts_ns=6375066 id=195 clt=1 wrkr=3 slot=4 size=17 src=client:1 dst=worker:3
event=resp_recv_ud ts_ns=6445445 id=195 clt=1 wrkr=3 slot=4 size=41 src=worker:3 dst=client:1
event=hand_send ts_ns=6454092 id=195 clt=1 wrkr=3 slot=4 size=10 src=client:1 dst=worker:3
event=resp_rdma_read ts_ns=6478147 id=139 start_ns=4207546 dur_ns=2270601 clt=1 wrkr=2 slot=2 size=409608 src=worker:2 dst=client:1
event=req_send ts_ns=6478147 id=198 clt=1 wrkr=4 slot=4 size=17 src=client:1 dst=worker:4
event=resp_rdma_read ts_ns=6516914 id=137 start_ns=4142628 dur_ns=2374286 clt=1 wrkr=11 slot=4 size=409608 src=worker:11 dst=client:1
event=req_send ts_ns=6516914 id=200 clt=1 wrkr=4 slot=5 size=17 src=client:1 dst=worker:4
event=resp_recv_ud ts_ns=6549821 id=198 clt=1 wrkr=4 slot=4 size=41 src=worker:4 dst=client:1
event=hand_send ts_ns=6558468 id=198 clt=1 wrkr=4 slot=4 size=10 src=client:1 dst=worker:4
event=resp_recv_ud ts_ns=6586979 id=200 clt=1 wrkr=4 slot=5 size=41 src=worker:4 dst=client:1
event=hand_send ts_ns=6595626 id=200 clt=1 wrkr=4 slot=5 size=10 src=client:1 dst=worker:4
event=resp_rdma_read ts_ns=6666810 id=158 start_ns=5416061 dur_ns=1250749 clt=1 wrkr=9 slot=5 size=409608 src=worker:9 dst=client:1
event=req_send ts_ns=6666810 id=203 clt=1 wrkr=6 slot=6 size=17 src=client:1 dst=worker:6
event=resp_recv_ud ts_ns=6736729 id=203 clt=1 wrkr=6 slot=6 size=41 src=worker:6 dst=client:1
event=hand_send ts_ns=6745376 id=203 clt=1 wrkr=6 slot=6 size=10 src=client:1 dst=worker:6
event=resp_rdma_read ts_ns=6807081 id=161 start_ns=5486472 dur_ns=1320609 clt=1 wrkr=11 slot=6 size=409608 src=worker:11 dst=client:1
event=req_send ts_ns=6807081 id=208 clt=1 wrkr=11 slot=7 size=17 src=client:1 dst=worker:11
event=resp_recv_ud ts_ns=6878119 id=208 clt=1 wrkr=11 slot=7 size=41 src=worker:11 dst=client:1
event=hand_send ts_ns=6886766 id=208 clt=1 wrkr=11 slot=7 size=10 src=client:1 dst=worker:11
event=resp_rdma_read ts_ns=6889478 id=159 start_ns=5459513 dur_ns=1429965 clt=1 wrkr=4 slot=2 size=409608 src=worker:4 dst=client:1
event=req_send ts_ns=6889478 id=210 clt=1 wrkr=10 slot=4 size=17 src=client:1 dst=worker:10
event=resp_recv_ud ts_ns=6960552 id=210 clt=1 wrkr=10 slot=4 size=41 src=worker:10 dst=client:1
event=hand_send ts_ns=6969199 id=210 clt=1 wrkr=10 slot=4 size=10 src=client:1 dst=worker:10
event=resp_rdma_read ts_ns=6984522 id=163 start_ns=5517869 dur_ns=1466653 clt=1 wrkr=8 slot=5 size=409608 src=worker:8 dst=client:1
event=req_send ts_ns=6984522 id=211 clt=1 wrkr=2 slot=5 size=17 src=client:1 dst=worker:2
event=resp_recv_ud ts_ns=7046933 id=211 clt=1 wrkr=2 slot=5 size=41 src=worker:2 dst=client:1
event=hand_send ts_ns=7055580 id=211 clt=1 wrkr=2 slot=5 size=10 src=client:1 dst=worker:2
event=resp_rdma_read ts_ns=7135340 id=166 start_ns=5598146 dur_ns=1537194 clt=1 wrkr=6 slot=4 size=409608 src=worker:6 dst=client:1
event=req_send ts_ns=7135340 id=214 clt=1 wrkr=9 slot=8 size=17 src=client:1 dst=worker:9
event=resp_recv_ud ts_ns=7198150 id=214 clt=1 wrkr=9 slot=8 size=41 src=worker:9 dst=client:1
event=resp_rdma_read ts_ns=7198440 id=167 start_ns=5627002 dur_ns=1571438 clt=1 wrkr=9 slot=6 size=409608 src=worker:9 dst=client:1
event=req_send ts_ns=7198440 id=215 clt=1 wrkr=0 slot=6 size=17 src=client:1 dst=worker:0
event=hand_send ts_ns=7206797 id=214 clt=1 wrkr=9 slot=8 size=10 src=client:1 dst=worker:9
event=resp_rdma_read ts_ns=7207318 id=169 start_ns=5685852 dur_ns=1521466 clt=1 wrkr=3 slot=3 size=409608 src=worker:3 dst=client:1
event=req_send ts_ns=7207318 id=216 clt=1 wrkr=5 slot=2 size=17 src=client:1 dst=worker:5
event=resp_recv_ud ts_ns=7250093 id=215 clt=1 wrkr=0 slot=6 size=41 src=worker:0 dst=client:1
event=hand_send ts_ns=7258740 id=215 clt=1 wrkr=0 slot=6 size=10 src=client:1 dst=worker:0
event=resp_recv_ud ts_ns=7269837 id=216 clt=1 wrkr=5 slot=2 size=41 src=worker:5 dst=client:1
event=hand_send ts_ns=7278484 id=216 clt=1 wrkr=5 slot=2 size=10 src=client:1 dst=worker:5
event=resp_rdma_read ts_ns=7287164 id=171 start_ns=5702173 dur_ns=1584991 clt=1 wrkr=5 slot=1 size=409608 src=worker:5 dst=client:1
event=req_send ts_ns=7287164 id=219 clt=1 wrkr=11 slot=8 size=17 src=client:1 dst=worker:11
event=resp_recv_ud ts_ns=7345553 id=219 clt=1 wrkr=11 slot=8 size=41 src=worker:11 dst=client:1
event=hand_send ts_ns=7354200 id=219 clt=1 wrkr=11 slot=8 size=10 src=client:1 dst=worker:11
event=resp_rdma_read ts_ns=7435899 id=172 start_ns=5774277 dur_ns=1661622 clt=1 wrkr=4 slot=3 size=409608 src=worker:4 dst=client:1
event=req_send ts_ns=7435899 id=220 clt=1 wrkr=6 slot=7 size=17 src=client:1 dst=worker:6
event=resp_rdma_read ts_ns=7471428 id=173 start_ns=5787086 dur_ns=1684342 clt=1 wrkr=6 slot=5 size=409608 src=worker:6 dst=client:1
event=req_send ts_ns=7471428 id=221 clt=1 wrkr=1 slot=7 size=17 src=client:1 dst=worker:1
event=resp_recv_ud ts_ns=7471855 id=220 clt=1 wrkr=6 slot=7 size=41 src=worker:6 dst=client:1
event=hand_send ts_ns=7480502 id=220 clt=1 wrkr=6 slot=7 size=10 src=client:1 dst=worker:6
event=resp_recv_ud ts_ns=7521219 id=221 clt=1 wrkr=1 slot=7 size=41 src=worker:1 dst=client:1
event=hand_send ts_ns=7529866 id=221 clt=1 wrkr=1 slot=7 size=10 src=client:1 dst=worker:1
event=resp_rdma_read ts_ns=7754960 id=178 start_ns=5967062 dur_ns=1787898 clt=1 wrkr=9 slot=7 size=409608 src=worker:9 dst=client:1
event=req_send ts_ns=7754960 id=226 clt=1 wrkr=11 slot=9 size=17 src=client:1 dst=worker:11
event=resp_recv_ud ts_ns=7798415 id=226 clt=1 wrkr=11 slot=9 size=41 src=worker:11 dst=client:1
event=hand_send ts_ns=7807062 id=226 clt=1 wrkr=11 slot=9 size=10 src=client:1 dst=worker:11
event=resp_rdma_read ts_ns=8079652 id=183 start_ns=6151244 dur_ns=1928408 clt=1 wrkr=8 slot=6 size=409608 src=worker:8 dst=client:1
event=req_send ts_ns=8079652 id=232 clt=1 wrkr=4 slot=6 size=17 src=client:1 dst=worker:4
event=resp_recv_ud ts_ns=8138165 id=232 clt=1 wrkr=4 slot=6 size=41 src=worker:4 dst=client:1
event=hand_send ts_ns=8146812 id=232 clt=1 wrkr=4 slot=6 size=10 src=client:1 dst=worker:4
event=resp_rdma_read ts_ns=8181311 id=187 start_ns=6239750 dur_ns=1941561 clt=1 wrkr=10 slot=3 size=409608 src=worker:10 dst=client:1
event=req_send ts_ns=8181311 id=234 clt=1 wrkr=3 slot=5 size=17 src=client:1 dst=worker:3
event=resp_recv_ud ts_ns=8238601 id=234 clt=1 wrkr=3 slot=5 size=41 src=worker:3 dst=client:1
event=hand_send ts_ns=8247248 id=234 clt=1 wrkr=3 slot=5 size=10 src=client:1 dst=worker:3
event=resp_rdma_read ts_ns=8316932 id=219 start_ns=7354200 dur_ns=962732 clt=1 wrkr=11 slot=8 size=409608 src=worker:11 dst=client:1
event=req_send ts_ns=8316932 id=237 clt=1 wrkr=9 slot=9 size=17 src=client:1 dst=worker:9
event=resp_rdma_read ts_ns=8341652 id=200 start_ns=6595626 dur_ns=1746026 clt=1 wrkr=4 slot=5 size=409608 src=worker:4 dst=client:1
event=req_send ts_ns=8341652 id=238 clt=1 wrkr=6 slot=8 size=17 src=client:1 dst=worker:6
event=resp_recv_ud ts_ns=8365818 id=237 clt=1 wrkr=9 slot=9 size=41 src=worker:9 dst=client:1
event=hand_send ts_ns=8374465 id=237 clt=1 wrkr=9 slot=9 size=10 src=client:1 dst=worker:9
event=resp_recv_ud ts_ns=8396260 id=238 clt=1 wrkr=6 slot=8 size=41 src=worker:6 dst=client:1
event=hand_send ts_ns=8404907 id=238 clt=1 wrkr=6 slot=8 size=10 src=client:1 dst=worker:6
event=resp_rdma_read ts_ns=8562608 id=216 start_ns=7278484 dur_ns=1284124 clt=1 wrkr=5 slot=2 size=409608 src=worker:5 dst=client:1
event=req_send ts_ns=8562608 id=244 clt=1 wrkr=5 slot=3 size=17 src=client:1 dst=worker:5
event=resp_rdma_read ts_ns=8576206 id=211 start_ns=7055580 dur_ns=1520626 clt=1 wrkr=2 slot=5 size=409608 src=worker:2 dst=client:1
event=req_send ts_ns=8576206 id=245 clt=1 wrkr=6 slot=9 size=17 src=client:1 dst=worker:6
event=resp_recv_ud ts_ns=8623649 id=244 clt=1 wrkr=5 slot=3 size=41 src=worker:5 dst=client:1
event=resp_rdma_read ts_ns=8625847 id=215 start_ns=7258740 dur_ns=1367107 clt=1 wrkr=0 slot=6 size=409608 src=worker:0 dst=client:1
event=req_send ts_ns=8625847 id=247 clt=1 wrkr=9 slot=10 size=17 src=client:1 dst=worker:9
event=hand_send ts_ns=8632296 id=244 clt=1 wrkr=5 slot=3 size=10 src=client:1 dst=worker:5
event=resp_recv_ud ts_ns=8635435 id=245 clt=1 wrkr=6 slot=9 size=41 src=worker:6 dst=client:1
event=hand_send ts_ns=8644082 id=245 clt=1 wrkr=6 slot=9 size=10 src=client:1 dst=worker:6
event=resp_rdma_read ts_ns=8679438 id=198 start_ns=6558468 dur_ns=2120970 clt=1 wrkr=4 slot=4 size=409608 src=worker:4 dst=client:1
event=req_send ts_ns=8679438 id=253 clt=1 wrkr=8 slot=7 size=17 src=client:1 dst=worker:8
event=resp_recv_ud ts_ns=8687179 id=247 clt=1 wrkr=9 slot=10 size=41 src=worker:9 dst=client:1
event=hand_send ts_ns=8695826 id=247 clt=1 wrkr=9 slot=10 size=10 src=client:1 dst=worker:9
event=resp_rdma_read ts_ns=8719925 id=214 start_ns=7206797 dur_ns=1513128 clt=1 wrkr=9 slot=8 size=409608 src=worker:9 dst=client:1
event=req_send ts_ns=8719925 id=255 clt=1 wrkr=5 slot=4 size=17 src=client:1 dst=worker:5
event=resp_rdma_read ts_ns=8735446 id=208 start_ns=6886766 dur_ns=1848680 clt=1 wrkr=11 slot=7 size=409608 src=worker:11 dst=client:1
event=req_send ts_ns=8735446 id=256 clt=1 wrkr=4 slot=7 size=17 src=client:1 dst=worker:4
event=resp_recv_ud ts_ns=8742021 id=253 clt=1 wrkr=8 slot=7 size=41 src=worker:8 dst=client:1
event=hand_send ts_ns=8750668 id=253 clt=1 wrkr=8 slot=7 size=10 src=client:1 dst=worker:8
event=resp_rdma_read ts_ns=8755691 id=195 start_ns=6454092 dur_ns=2301599 clt=1 wrkr=3 slot=4 size=409608 src=worker:3 dst=client:1
event=req_send ts_ns=8755691 id=259 clt=1 wrkr=2 slot=6 size=17 src=client:1 dst=worker:2
event=resp_recv_ud ts_ns=8783553 id=255 clt=1 wrkr=5 slot=4 size=41 src=worker:5 dst=client:1
event=hand_send ts_ns=8792200 id=255 clt=1 wrkr=5 slot=4 size=10 src=client:1 dst=worker:5
event=resp_recv_ud ts_ns=8799962 id=256 clt=1 wrkr=4 slot=7 size=41 src=worker:4 dst=client:1
event=hand_send ts_ns=8808609 id=256 clt=1 wrkr=4 slot=7 size=10 src=client:1 dst=worker:4
event=resp_recv_ud ts_ns=8821049 id=259 clt=1 wrkr=2 slot=6 size=41 src=worker:2 dst=client:1
event=hand_send ts_ns=8829696 id=259 clt=1 wrkr=2 slot=6 size=10 src=client:1 dst=worker:2
event=resp_rdma_read ts_ns=8873617 id=221 start_ns=7529866 dur_ns=1343751 clt=1 wrkr=1 slot=7 size=409608 src=worker:1 dst=client:1
event=req_send ts_ns=8873617 id=265 clt=1 wrkr=4 slot=8 size=17 src=client:1 dst=worker:4
event=resp_rdma_read ts_ns=8919369 id=220 start_ns=7480502 dur_ns=1438867 clt=1 wrkr=6 slot=7 size=409608 src=worker:6 dst=client:1
event=req_send ts_ns=8919369 id=266 clt=1 wrkr=5 slot=5 size=17 src=client:1 dst=worker:5
event=resp_rdma_read ts_ns=8934276 id=210 start_ns=6969199 dur_ns=1965077 clt=1 wrkr=10 slot=4 size=409608 src=worker:10 dst=client:1
event=req_send ts_ns=8934276 id=267 clt=1 wrkr=9 slot=11 size=17 src=client:1 dst=worker:9
event=resp_recv_ud ts_ns=8943196 id=265 clt=1 wrkr=4 slot=8 size=41 src=worker:4 dst=client:1
event=hand_send ts_ns=8951843 id=265 clt=1 wrkr=4 slot=8 size=10 src=client:1 dst=worker:4
event=resp_rdma_read ts_ns=8973314 id=226 start_ns=7807062 dur_ns=1166252 clt=1 wrkr=11 slot=9 size=409608 src=worker:11 dst=client:1
event=req_send ts_ns=8973314 id=268 clt=1 wrkr=9 slot=12 size=17 src=client:1 dst=worker:9
event=resp_recv_ud ts_ns=8989514 id=266 clt=1 wrkr=5 slot=5 size=41 src=worker:5 dst=client:1
event=hand_send ts_ns=8998161 id=266 clt=1 wrkr=5 slot=5 size=10 src=client:1 dst=worker:5
event=resp_recv_ud ts_ns=9004095 id=267 clt=1 wrkr=9 slot=11 size=41 src=worker:9 dst=client:1
event=hand_send ts_ns=9012742 id=267 clt=1 wrkr=9 slot=11 size=10 src=client:1 dst=worker:9
event=resp_recv_ud ts_ns=9043927 id=268 clt=1 wrkr=9 slot=12 size=41 src=worker:9 dst=client:1
event=hand_send ts_ns=9052574 id=268 clt=1 wrkr=9 slot=12 size=10 src=client:1 dst=worker:9
event=resp_rdma_read ts_ns=9071253 id=203 start_ns=6745376 dur_ns=2325877 clt=1 wrkr=6 slot=6 size=409608 src=worker:6 dst=client:1
event=req_send ts_ns=9071253 id=274 clt=1 wrkr=7 slot=3 size=17 src=client:1 dst=worker:7
event=resp_recv_ud ts_ns=9142380 id=274 clt=1 wrkr=7 slot=3 size=41 src=worker:7 dst=client:1
event=hand_send ts_ns=9151027 id=274 clt=1 wrkr=7 slot=3 size=10 src=client:1 dst=worker:7
event=resp_rdma_read ts_ns=9180980 id=232 start_ns=8146812 dur_ns=1034168 clt=1 wrkr=4 slot=6 size=409608 src=worker:4 dst=client:1
event=req_send ts_ns=9180980 id=277 clt=1 wrkr=3 slot=6 size=17 src=client:1 dst=worker:3
event=resp_recv_ud ts_ns=9252229 id=277 clt=1 wrkr=3 slot=6 size=41 src=worker:3 dst=client:1
event=hand_send ts_ns=9260876 id=277 clt=1 wrkr=3 slot=6 size=10 src=client:1 dst=worker:3
event=resp_rdma_read ts_ns=9535726 id=234 start_ns=8247248 dur_ns=1288478 clt=1 wrkr=3 slot=5 size=409608 src=worker:3 dst=client:1
event=req_send ts_ns=9535726 id=281 clt=1 wrkr=11 slot=10 size=17 src=client:1 dst=worker:11
event=resp_recv_ud ts_ns=9583575 id=281 clt=1 wrkr=11 slot=10 size=41 src=worker:11 dst=client:1
event=hand_send ts_ns=9592222 id=281 clt=1 wrkr=11 slot=10 size=10 src=client:1 dst=worker:11
event=resp_rdma_read ts_ns=9823205 id=237 start_ns=8374465 dur_ns=1448740 clt=1 wrkr=9 slot=9 size=409608 src=worker:9 dst=client:1
event=req_send ts_ns=9823205 id=286 clt=1 wrkr=10 slot=5 size=17 src=client:1 dst=worker:10
event=resp_rdma_read ts_ns=9857474 id=238 start_ns=8404907 dur_ns=1452567 clt=1 wrkr=6 slot=8 size=409608 src=worker:6 dst=client:1
event=req_send ts_ns=9857474 id=287 clt=1 wrkr=9 slot=13 size=17 src=client:1 dst=worker:9
event=resp_recv_ud ts_ns=9865407 id=286 clt=1 wrkr=10 slot=5 size=41 src=worker:10 dst=client:1
event=hand_send ts_ns=9874054 id=286 clt=1 wrkr=10 slot=5 size=10 src=client:1 dst=worker:10
event=resp_recv_ud ts_ns=9914421 id=287 clt=1 wrkr=9 slot=13 size=41 src=worker:9 dst=client:1
event=hand_send ts_ns=9923068 id=287 clt=1 wrkr=9 slot=13 size=10 src=client:1 dst=worker:9
event=resp_rdma_read ts_ns=10211267 id=244 start_ns=8632296 dur_ns=1578971 clt=1 wrkr=5 slot=3 size=409608 src=worker:5 dst=client:1
event=req_send ts_ns=10211267 id=293 clt=1 wrkr=10 slot=6 size=17 src=client:1 dst=worker:10
event=resp_rdma_read ts_ns=10231764 id=245 start_ns=8644082 dur_ns=1587682 clt=1 wrkr=6 slot=9 size=409608 src=worker:6 dst=client:1
event=req_send ts_ns=10231764 id=294 clt=1 wrkr=2 slot=7 size=17 src=client:1 dst=worker:2
event=resp_recv_ud ts_ns=10268717 id=293 clt=1 wrkr=10 slot=6 size=41 src=worker:10 dst=client:1
event=hand_send ts_ns=10277364 id=293 clt=1 wrkr=10 slot=6 size=10 src=client:1 dst=worker:10
event=resp_recv_ud ts_ns=10286227 id=294 clt=1 wrkr=2 slot=7 size=41 src=worker:2 dst=client:1
event=hand_send ts_ns=10294874 id=294 clt=1 wrkr=2 slot=7 size=10 src=client:1 dst=worker:2
event=resp_rdma_read ts_ns=10338868 id=247 start_ns=8695826 dur_ns=1643042 clt=1 wrkr=9 slot=10 size=409608 src=worker:9 dst=client:1
event=req_send ts_ns=10338868 id=295 clt=1 wrkr=1 slot=8 size=17 src=client:1 dst=worker:1
event=resp_recv_ud ts_ns=10393376 id=295 clt=1 wrkr=1 slot=8 size=41 src=worker:1 dst=client:1
event=hand_send ts_ns=10402023 id=295 clt=1 wrkr=1 slot=8 size=10 src=client:1 dst=worker:1
event=resp_rdma_read ts_ns=10524777 id=253 start_ns=8750668 dur_ns=1774109 clt=1 wrkr=8 slot=7 size=409608 src=worker:8 dst=client:1
event=req_send ts_ns=10524777 id=301 clt=1 wrkr=0 slot=7 size=17 src=client:1 dst=worker:0
event=resp_recv_ud ts_ns=10583508 id=301 clt=1 wrkr=0 slot=7 size=41 src=worker:0 dst=client:1
event=hand_send ts_ns=10592155 id=301 clt=1 wrkr=0 slot=7 size=10 src=client:1 dst=worker:0
event=resp_rdma_read ts_ns=10672865 id=256 start_ns=8808609 dur_ns=1864256 clt=1 wrkr=4 slot=7 size=409608 src=worker:4 dst=client:1
event=req_send ts_ns=10672865 id=304 clt=1 wrkr=5 slot=6 size=17 src=client:1 dst=worker:5
event=resp_rdma_read ts_ns=10688308 id=255 start_ns=8792200 dur_ns=1896108 clt=1 wrkr=5 slot=4 size=409608 src=worker:5 dst=client:1
event=req_send ts_ns=10688308 id=306 clt=1 wrkr=11 slot=11 size=17 src=client:1 dst=worker:11
event=resp_recv_ud ts_ns=10731613 id=304 clt=1 wrkr=5 slot=6 size=41 src=worker:5 dst=client:1
event=hand_send ts_ns=10740260 id=304 clt=1 wrkr=5 slot=6 size=10 src=client:1 dst=worker:5
event=resp_recv_ud ts_ns=10749711 id=306 clt=1 wrkr=11 slot=11 size=41 src=worker:11 dst=client:1
event=hand_send ts_ns=10758358 id=306 clt=1 wrkr=11 slot=11 size=10 src=client:1 dst=worker:11
event=resp_rdma_read ts_ns=10823913 id=259 start_ns=8829696 dur_ns=1994217 clt=1 wrkr=2 slot=6 size=409608 src=worker:2 dst=client:1
event=req_send ts_ns=10823913 id=311 clt=1 wrkr=5 slot=7 size=17 src=client:1 dst=worker:5
event=resp_recv_ud ts_ns=10886259 id=311 clt=1 wrkr=5 slot=7 size=41 src=worker:5 dst=client:1
event=resp_rdma_read ts_ns=10891191 id=281 start_ns=9592222 dur_ns=1298969 clt=1 wrkr=11 slot=10 size=409608 src=worker:11 dst=client:1
event=req_send ts_ns=10891191 id=315 clt=1 wrkr=7 slot=4 size=17 src=client:1 dst=worker:7
event=hand_send ts_ns=10894906 id=311 clt=1 wrkr=5 slot=7 size=10 src=client:1 dst=worker:5
event=resp_recv_ud ts_ns=10956218 id=315 clt=1 wrkr=7 slot=4 size=41 src=worker:7 dst=client:1
event=hand_send ts_ns=10964865 id=315 clt=1 wrkr=7 slot=4 size=10 src=client:1 dst=worker:7
event=resp_rdma_read ts_ns=11005825 id=277 start_ns=9260876 dur_ns=1744949 clt=1 wrkr=3 slot=6 size=409608 src=worker:3 dst=client:1
event=req_send ts_ns=11005825 id=321 clt=1 wrkr=10 slot=7 size=17 src=client:1 dst=worker:10
event=resp_recv_ud ts_ns=11072081 id=321 clt=1 wrkr=10 slot=7 size=41 src=worker:10 dst=client:1
event=hand_send ts_ns=11080728 id=321 clt=1 wrkr=10 slot=7 size=10 src=client:1 dst=worker:10
event=resp_rdma_read ts_ns=11119312 id=265 start_ns=8951843 dur_ns=2167469 clt=1 wrkr=4 slot=8 size=409608 src=worker:4 dst=client:1
event=req_send ts_ns=11119312 id=324 clt=1 wrkr=1 slot=9 size=17 src=client:1 dst=worker:1
event=resp_recv_ud ts_ns=11185256 id=324 clt=1 wrkr=1 slot=9 size=41 src=worker:1 dst=client:1
event=hand_send ts_ns=11193903 id=324 clt=1 wrkr=1 slot=9 size=10 src=client:1 dst=worker:1
event=resp_rdma_read ts_ns=11208920 id=266 start_ns=8998161 dur_ns=2210759 clt=1 wrkr=5 slot=5 size=409608 src=worker:5 dst=client:1
event=req_send ts_ns=11208920 id=326 clt=1 wrkr=1 slot=10 size=17 src=client:1 dst=worker:1
event=resp_rdma_read ts_ns=11225012 id=286 start_ns=9874054 dur_ns=1350958 clt=1 wrkr=10 slot=5 size=409608 src=worker:10 dst=client:1
event=req_send ts_ns=11225012 id=327 clt=1 wrkr=9 slot=14 size=17 src=client:1 dst=worker:9
event=resp_recv_ud ts_ns=11277832 id=326 clt=1 wrkr=1 slot=10 size=41 src=worker:1 dst=client:1
event=hand_send ts_ns=11286479 id=326 clt=1 wrkr=1 slot=10 size=10 src=client:1 dst=worker:1
event=resp_recv_ud ts_ns=11293030 id=327 clt=1 wrkr=9 slot=14 size=41 src=worker:9 dst=client:1
event=hand_send ts_ns=11301677 id=327 clt=1 wrkr=9 slot=14 size=10 src=client:1 dst=worker:9
event=resp_rdma_read ts_ns=11315907 id=287 start_ns=9923068 dur_ns=1392839 clt=1 wrkr=9 slot=13 size=409608 src=worker:9 dst=client:1
event=req_send ts_ns=11315907 id=329 clt=1 wrkr=0 slot=8 size=17 src=client:1 dst=worker:0
event=resp_rdma_read ts_ns=11317848 id=267 start_ns=9012742 dur_ns=2305106 clt=1 wrkr=9 slot=11 size=409608 src=worker:9 dst=client:1
event=req_send ts_ns=11317848 id=330 clt=1 wrkr=5 slot=8 size=17 src=client:1 dst=worker:5
event=resp_recv_ud ts_ns=11384218 id=329 clt=1 wrkr=0 slot=8 size=41 src=worker:0 dst=client:1
event=resp_recv_ud ts_ns=11387213 id=330 clt=1 wrkr=5 slot=8 size=41 src=worker:5 dst=client:1
event=hand_send ts_ns=11392865 id=329 clt=1 wrkr=0 slot=8 size=10 src=client:1 dst=worker:0
event=hand_send ts_ns=11395860 id=330 clt=1 wrkr=5 slot=8 size=10 src=client:1 dst=worker:5
event=resp_rdma_read ts_ns=11427394 id=268 start_ns=9052574 dur_ns=2374820 clt=1 wrkr=9 slot=12 size=409608 src=worker:9 dst=client:1
event=req_send ts_ns=11427394 id=333 clt=1 wrkr=8 slot=8 size=17 src=client:1 dst=worker:8
event=resp_rdma_read ts_ns=11467868 id=294 start_ns=10294874 dur_ns=1172994 clt=1 wrkr=2 slot=7 size=409608 src=worker:2 dst=client:1
event=req_send ts_ns=11467868 id=336 clt=1 wrkr=8 slot=9 size=17 src=client:1 dst=worker:8
event=resp_recv_ud ts_ns=11498546 id=333 clt=1 wrkr=8 slot=8 size=41 src=worker:8 dst=client:1
event=hand_send ts_ns=11507193 id=333 clt=1 wrkr=8 slot=8 size=10 src=client:1 dst=worker:8
event=resp_recv_ud ts_ns=11539550 id=336 clt=1 wrkr=8 slot=9 size=41 src=worker:8 dst=client:1
event=hand_send ts_ns=11548197 id=336 clt=1 wrkr=8 slot=9 size=10 src=client:1 dst=worker:8
event=resp_rdma_read ts_ns=11593816 id=274 start_ns=9151027 dur_ns=2442789 clt=1 wrkr=7 slot=3 size=409608 src=worker:7 dst=client:1
event=req_send ts_ns=11593816 id=340 clt=1 wrkr=9 slot=15 size=17 src=client:1 dst=worker:9
event=resp_rdma_read ts_ns=11635924 id=293 start_ns=10277364 dur_ns=1358560 clt=1 wrkr=10 slot=6 size=409608 src=worker:10 dst=client:1
event=req_send ts_ns=11635924 id=342 clt=1 wrkr=8 slot=10 size=17 src=client:1 dst=worker:8
event=resp_recv_ud ts_ns=11664298 id=340 clt=1 wrkr=9 slot=15 size=41 src=worker:9 dst=client:1
event=hand_send ts_ns=11672945 id=340 clt=1 wrkr=9 slot=15 size=10 src=client:1 dst=worker:9
event=resp_recv_ud ts_ns=11707536 id=342 clt=1 wrkr=8 slot=10 size=41 src=worker:8 dst=client:1
event=hand_send ts_ns=11716183 id=342 clt=1 wrkr=8 slot=10 size=10 src=client:1 dst=worker:8
event=resp_rdma_read ts_ns=11805183 id=295 start_ns=10402023 dur_ns=1403160 clt=1 wrkr=1 slot=8 size=409608 src=worker:1 dst=client:1
event=req_send ts_ns=11805183 id=345 clt=1 wrkr=1 slot=11 size=17 src=client:1 dst=worker:1
event=resp_recv_ud ts_ns=11873284 id=345 clt=1 wrkr=1 slot=11 size=41 src=worker:1 dst=client:1
event=hand_send ts_ns=11881931 id=345 clt=1 wrkr=1 slot=11 size=10 src=client:1 dst=worker:1
event=resp_rdma_read ts_ns=11979745 id=301 start_ns=10592155 dur_ns=1387590 clt=1 wrkr=0 slot=7 size=409608 src=worker:0 dst=client:1
event=req_send ts_ns=11979745 id=349 clt=1 wrkr=4 slot=9 size=17 src=client:1 dst=worker:4
event=resp_recv_ud ts_ns=12035355 id=349 clt=1 wrkr=4 slot=9 size=41 src=worker:4 dst=client:1
event=hand_send ts_ns=12044002 id=349 clt=1 wrkr=4 slot=9 size=10 src=client:1 dst=worker:4
event=resp_rdma_read ts_ns=12252653 id=304 start_ns=10740260 dur_ns=1512393 clt=1 wrkr=5 slot=6 size=409608 src=worker:5 dst=client:1
event=req_send ts_ns=12252653 id=352 clt=1 wrkr=8 slot=11 size=17 src=client:1 dst=worker:8
event=resp_recv_ud ts_ns=12300612 id=352 clt=1 wrkr=8 slot=11 size=41 src=worker:8 dst=client:1
event=hand_send ts_ns=12309259 id=352 clt=1 wrkr=8 slot=11 size=10 src=client:1 dst=worker:8
event=resp_rdma_read ts_ns=12309907 id=306 start_ns=10758358 dur_ns=1551549 clt=1 wrkr=11 slot=11 size=409608 src=worker:11 dst=client:1
event=req_send ts_ns=12309907 id=355 clt=1 wrkr=1 slot=12 size=17 src=client:1 dst=worker:1
event=resp_recv_ud ts_ns=12368724 id=355 clt=1 wrkr=1 slot=12 size=41 src=worker:1 dst=client:1
event=hand_send ts_ns=12377371 id=355 clt=1 wrkr=1 slot=12 size=10 src=client:1 dst=worker:1
event=resp_rdma_read ts_ns=12596696 id=311 start_ns=10894906 dur_ns=1701790 clt=1 wrkr=5 slot=7 size=409608 src=worker:5 dst=client:1
event=req_send ts_ns=12596696 id=359 clt=1 wrkr=6 slot=10 size=17 src=client:1 dst=worker:6
event=resp_recv_ud ts_ns=12645291 id=359 clt=1 wrkr=6 slot=10 size=41 src=worker:6 dst=client:1
event=hand_send ts_ns=12653938 id=359 clt=1 wrkr=6 slot=10 size=10 src=client:1 dst=worker:6
event=resp_rdma_read ts_ns=12766264 id=315 start_ns=10964865 dur_ns=1801399 clt=1 wrkr=7 slot=4 size=409608 src=worker:7 dst=client:1
event=req_send ts_ns=12766264 id=363 clt=1 wrkr=5 slot=9 size=17 src=client:1 dst=worker:5
event=resp_recv_ud ts_ns=12812925 id=363 clt=1 wrkr=5 slot=9 size=41 src=worker:5 dst=client:1
event=hand_send ts_ns=12821572 id=363 clt=1 wrkr=5 slot=9 size=10 src=client:1 dst=worker:5
event=resp_rdma_read ts_ns=12969824 id=326 start_ns=11286479 dur_ns=1683345 clt=1 wrkr=1 slot=10 size=409608 src=worker:1 dst=client:1
event=req_send ts_ns=12969824 id=369 clt=1 wrkr=7 slot=5 size=17 src=client:1 dst=worker:7
event=resp_rdma_read ts_ns=13003798 id=327 start_ns=11301677 dur_ns=1702121 clt=1 wrkr=9 slot=14 size=409608 src=worker:9 dst=client:1
event=req_send ts_ns=13003798 id=370 clt=1 wrkr=1 slot=13 size=17 src=client:1 dst=worker:1
event=resp_rdma_read ts_ns=13005680 id=324 start_ns=11193903 dur_ns=1811777 clt=1 wrkr=1 slot=9 size=409608 src=worker:1 dst=client:1
event=req_send ts_ns=13005680 id=371 clt=1 wrkr=8 slot=12 size=17 src=client:1 dst=worker:8
event=resp_recv_ud ts_ns=13032504 id=369 clt=1 wrkr=7 slot=5 size=41 src=worker:7 dst=client:1
event=hand_send ts_ns=13041151 id=369 clt=1 wrkr=7 slot=5 size=10 src=client:1 dst=worker:7
event=resp_rdma_read ts_ns=13053230 id=321 start_ns=11080728 dur_ns=1972502 clt=1 wrkr=10 slot=7 size=409608 src=worker:10 dst=client:1
event=req_send ts_ns=13053230 id=373 clt=1 wrkr=3 slot=7 size=17 src=client:1 dst=worker:3
event=resp_recv_ud ts_ns=13054110 id=370 clt=1 wrkr=1 slot=13 size=41 src=worker:1 dst=client:1
event=hand_send ts_ns=13062757 id=370 clt=1 wrkr=1 slot=13 size=10 src=client:1 dst=worker:1
event=resp_recv_ud ts_ns=13068497 id=371 clt=1 wrkr=8 slot=12 size=41 src=worker:8 dst=client:1
event=hand_send ts_ns=13077144 id=371 clt=1 wrkr=8 slot=12 size=10 src=client:1 dst=worker:8
event=resp_rdma_read ts_ns=13084477 id=345 start_ns=11881931 dur_ns=1202546 clt=1 wrkr=1 slot=11 size=409608 src=worker:1 dst=client:1
event=req_send ts_ns=13084477 id=374 clt=1 wrkr=11 slot=12 size=17 src=client:1 dst=worker:11
event=resp_recv_ud ts_ns=13116860 id=373 clt=1 wrkr=3 slot=7 size=41 src=worker:3 dst=client:1
event=hand_send ts_ns=13125507 id=373 clt=1 wrkr=3 slot=7 size=10 src=client:1 dst=worker:3
event=resp_recv_ud ts_ns=13148677 id=374 clt=1 wrkr=11 slot=12 size=41 src=worker:11 dst=client:1
event=hand_send ts_ns=13157324 id=374 clt=1 wrkr=11 slot=12 size=10 src=client:1 dst=worker:11
event=resp_rdma_read ts_ns=13427759 id=333 start_ns=11507193 dur_ns=1920566 clt=1 wrkr=8 slot=8 size=409608 src=worker:8 dst=client:1
event=req_send ts_ns=13427759 id=380 clt=1 wrkr=9 slot=0 size=17 src=client:1 dst=worker:9
event=resp_recv_ud ts_ns=13493672 id=380 clt=1 wrkr=9 slot=0 size=41 src=worker:9 dst=client:1
event=resp_rdma_read ts_ns=13495969 id=349 start_ns=12044002 dur_ns=1451967 clt=1 wrkr=4 slot=9 size=409608 src=worker:4 dst=client:1
event=req_send ts_ns=13495969 id=385 clt=1 wrkr=11 slot=13 size=17 src=client:1 dst=worker:11
event=hand_send ts_ns=13502319 id=380 clt=1 wrkr=9 slot=0 size=10 src=client:1 dst=worker:9
event=resp_recv_ud ts_ns=13562231 id=385 clt=1 wrkr=11 slot=13 size=41 src=worker:11 dst=client:1
event=resp_rdma_read ts_ns=13567840 id=329 start_ns=11392865 dur_ns=2174975 clt=1 wrkr=0 slot=8 size=409608 src=worker:0 dst=client:1
event=req_send ts_ns=13567840 id=387 clt=1 wrkr=4 slot=10 size=17 src=client:1 dst=worker:4
event=hand_send ts_ns=13570878 id=385 clt=1 wrkr=11 slot=13 size=10 src=client:1 dst=worker:11
event=resp_rdma_read ts_ns=13597359 id=352 start_ns=12309259 dur_ns=1288100 clt=1 wrkr=8 slot=11 size=409608 src=worker:8 dst=client:1
event=req_send ts_ns=13597359 id=389 clt=1 wrkr=7 slot=6 size=17 src=client:1 dst=worker:7
event=resp_rdma_read ts_ns=13602967 id=330 start_ns=11395860 dur_ns=2207107 clt=1 wrkr=5 slot=8 size=409608 src=worker:5 dst=client:1
event=req_send ts_ns=13602967 id=390 clt=1 wrkr=0 slot=9 size=17 src=client:1 dst=worker:0
event=resp_recv_ud ts_ns=13635266 id=387 clt=1 wrkr=4 slot=10 size=41 src=worker:4 dst=client:1
event=hand_send ts_ns=13643913 id=387 clt=1 wrkr=4 slot=10 size=10 src=client:1 dst=worker:4
event=resp_recv_ud ts_ns=13665605 id=389 clt=1 wrkr=7 slot=6 size=41 src=worker:7 dst=client:1
event=resp_recv_ud ts_ns=13670890 id=390 clt=1 wrkr=0 slot=9 size=41 src=worker:0 dst=client:1
event=hand_send ts_ns=13674252 id=389 clt=1 wrkr=7 slot=6 size=10 src=client:1 dst=worker:7
event=hand_send ts_ns=13679537 id=390 clt=1 wrkr=0 slot=9 size=10 src=client:1 dst=worker:0
event=resp_rdma_read ts_ns=13740981 id=355 start_ns=12377371 dur_ns=1363610 clt=1 wrkr=1 slot=12 size=409608 src=worker:1 dst=client:1
event=req_send ts_ns=13740981 id=397 clt=1 wrkr=5 slot=10 size=17 src=client:1 dst=worker:5
event=resp_recv_ud ts_ns=13809367 id=397 clt=1 wrkr=5 slot=10 size=41 src=worker:5 dst=client:1
event=hand_send ts_ns=13818014 id=397 clt=1 wrkr=5 slot=10 size=10 src=client:1 dst=worker:5
event=resp_rdma_read ts_ns=13956419 id=342 start_ns=11716183 dur_ns=2240236 clt=1 wrkr=8 slot=10 size=409608 src=worker:8 dst=client:1
event=req_send ts_ns=13956419 id=403 clt=1 wrkr=9 slot=1 size=17 src=client:1 dst=worker:9
event=resp_rdma_read ts_ns=13968670 id=336 start_ns=11548197 dur_ns=2420473 clt=1 wrkr=8 slot=9 size=409608 src=worker:8 dst=client:1
event=req_send ts_ns=13968670 id=404 clt=1 wrkr=2 slot=8 size=17 src=client:1 dst=worker:2
event=resp_recv_ud ts_ns=14023804 id=403 clt=1 wrkr=9 slot=1 size=41 src=worker:9 dst=client:1
event=hand_send ts_ns=14032451 id=403 clt=1 wrkr=9 slot=1 size=10 src=client:1 dst=worker:9
event=resp_recv_ud ts_ns=14039750 id=404 clt=1 wrkr=2 slot=8 size=41 src=worker:2 dst=client:1
event=hand_send ts_ns=14048397 id=404 clt=1 wrkr=2 slot=8 size=10 src=client:1 dst=worker:2
event=resp_rdma_read ts_ns=14053238 id=359 start_ns=12653938 dur_ns=1399300 clt=1 wrkr=6 slot=10 size=409608 src=worker:6 dst=client:1
event=req_send ts_ns=14053238 id=408 clt=1 wrkr=1 slot=14 size=17 src=client:1 dst=worker:1
event=resp_rdma_read ts_ns=14086390 id=363 start_ns=12821572 dur_ns=1264818 clt=1 wrkr=5 slot=9 size=409608 src=worker:5 dst=client:1
event=req_send ts_ns=14086390 id=409 clt=1 wrkr=9 slot=2 size=17 src=client:1 dst=worker:9
event=resp_recv_ud ts_ns=14125035 id=408 clt=1 wrkr=1 slot=14 size=41 src=worker:1 dst=client:1
event=hand_send ts_ns=14133682 id=408 clt=1 wrkr=1 slot=14 size=10 src=client:1 dst=worker:1
event=resp_recv_ud ts_ns=14158145 id=409 clt=1 wrkr=9 slot=2 size=41 src=worker:9 dst=client:1
event=resp_rdma_read ts_ns=14158866 id=340 start_ns=11672945 dur_ns=2485921 clt=1 wrkr=9 slot=15 size=409608 src=worker:9 dst=client:1
event=req_send ts_ns=14158866 id=410 clt=1 wrkr=4 slot=11 size=17 src=client:1 dst=worker:4
event=hand_send ts_ns=14166792 id=409 clt=1 wrkr=9 slot=2 size=10 src=client:1 dst=worker:9
event=resp_recv_ud ts_ns=14215365 id=410 clt=1 wrkr=4 slot=11 size=41 src=worker:4 dst=client:1
event=hand_send ts_ns=14224012 id=410 clt=1 wrkr=4 slot=11 size=10 src=client:1 dst=worker:4
event=resp_rdma_read ts_ns=14462797 id=374 start_ns=13157324 dur_ns=1305473 clt=1 wrkr=11 slot=12 size=409608 src=worker:11 dst=client:1
event=req_send ts_ns=14462797 id=419 clt=1 wrkr=1 slot=15 size=17 src=client:1 dst=worker:1
event=resp_rdma_read ts_ns=14468343 id=371 start_ns=13077144 dur_ns=1391199 clt=1 wrkr=8 slot=12 size=409608 src=worker:8 dst=client:1
event=req_send ts_ns=14468343 id=420 clt=1 wrkr=4 slot=12 size=17 src=client:1 dst=worker:4
event=resp_recv_ud ts_ns=14525890 id=419 clt=1 wrkr=1 slot=15 size=41 src=worker:1 dst=client:1
event=resp_recv_ud ts_ns=14530955 id=420 clt=1 wrkr=4 slot=12 size=41 src=worker:4 dst=client:1
event=hand_send ts_ns=14534537 id=419 clt=1 wrkr=1 slot=15 size=10 src=client:1 dst=worker:1
event=hand_send ts_ns=14539602 id=420 clt=1 wrkr=4 slot=12 size=10 src=client:1 dst=worker:4
event=resp_rdma_read ts_ns=14652537 id=369 start_ns=13041151 dur_ns=1611386 clt=1 wrkr=7 slot=5 size=409608 src=worker:7 dst=client:1
event=req_send ts_ns=14652537 id=422 clt=1 wrkr=10 slot=8 size=17 src=client:1 dst=worker:10
event=resp_rdma_read ts_ns=14690306 id=370 start_ns=13062757 dur_ns=1627549 clt=1 wrkr=1 slot=13 size=409608 src=worker:1 dst=client:1
event=req_send ts_ns=14690306 id=423 clt=1 wrkr=4 slot=13 size=17 src=client:1 dst=worker:4
event=resp_recv_ud ts_ns=14705366 id=422 clt=1 wrkr=10 slot=8 size=41 src=worker:10 dst=client:1
event=hand_send ts_ns=14714013 id=422 clt=1 wrkr=10 slot=8 size=10 src=client:1 dst=worker:10
event=resp_recv_ud ts_ns=14749683 id=423 clt=1 wrkr=4 slot=13 size=41 src=worker:4 dst=client:1
event=hand_send ts_ns=14758330 id=423 clt=1 wrkr=4 slot=13 size=10 src=client:1 dst=worker:4
event=resp_rdma_read ts_ns=14764466 id=373 start_ns=13125507 dur_ns=1638959 clt=1 wrkr=3 slot=7 size=409608 src=worker:3 dst=client:1
event=req_send ts_ns=14764466 id=424 clt=1 wrkr=2 slot=9 size=17 src=client:1 dst=worker:2
event=resp_recv_ud ts_ns=14820755 id=424 clt=1 wrkr=2 slot=9 size=41 src=worker:2 dst=client:1
event=hand_send ts_ns=14829402 id=424 clt=1 wrkr=2 slot=9 size=10 src=client:1 dst=worker:2
event=resp_rdma_read ts_ns=15330865 id=380 start_ns=13502319 dur_ns=1828546 clt=1 wrkr=9 slot=0 size=409608 src=worker:9 dst=client:1
event=req_send ts_ns=15330865 id=429 clt=1 wrkr=3 slot=8 size=17 src=client:1 dst=worker:3
event=resp_recv_ud ts_ns=15366583 id=429 clt=1 wrkr=3 slot=8 size=41 src=worker:3 dst=client:1
event=hand_send ts_ns=15375230 id=429 clt=1 wrkr=3 slot=8 size=10 src=client:1 dst=worker:3
event=resp_rdma_read ts_ns=15494140 id=385 start_ns=13570878 dur_ns=1923262 clt=1 wrkr=11 slot=13 size=409608 src=worker:11 dst=client:1
event=req_send ts_ns=15494140 id=434 clt=1 wrkr=5 slot=11 size=17 src=client:1 dst=worker:5
event=resp_recv_ud ts_ns=15538720 id=434 clt=1 wrkr=5 slot=11 size=41 src=worker:5 dst=client:1
event=hand_send ts_ns=15547367 id=434 clt=1 wrkr=5 slot=11 size=10 src=client:1 dst=worker:5
event=resp_rdma_read ts_ns=15553244 id=389 start_ns=13674252 dur_ns=1878992 clt=1 wrkr=7 slot=6 size=409608 src=worker:7 dst=client:1
event=req_send ts_ns=15553244 id=435 clt=1 wrkr=0 slot=10 size=17 src=client:1 dst=worker:0
event=resp_rdma_read ts_ns=15584814 id=387 start_ns=13643913 dur_ns=1940901 clt=1 wrkr=4 slot=10 size=409608 src=worker:4 dst=client:1
event=req_send ts_ns=15584814 id=436 clt=1 wrkr=10 slot=9 size=17 src=client:1 dst=worker:10
event=resp_recv_ud ts_ns=15611022 id=435 clt=1 wrkr=0 slot=10 size=41 src=worker:0 dst=client:1
event=hand_send ts_ns=15619669 id=435 clt=1 wrkr=0 slot=10 size=10 src=client:1 dst=worker:0
event=resp_recv_ud ts_ns=15639488 id=436 clt=1 wrkr=10 slot=9 size=41 src=worker:10 dst=client:1
event=hand_send ts_ns=15648135 id=436 clt=1 wrkr=10 slot=9 size=10 src=client:1 dst=worker:10
event=resp_rdma_read ts_ns=15691606 id=390 start_ns=13679537 dur_ns=2012069 clt=1 wrkr=0 slot=9 size=409608 src=worker:0 dst=client:1
event=req_send ts_ns=15691606 id=439 clt=1 wrkr=10 slot=10 size=17 src=client:1 dst=worker:10
event=resp_recv_ud ts_ns=15746140 id=439 clt=1 wrkr=10 slot=10 size=41 src=worker:10 dst=client:1
event=hand_send ts_ns=15754787 id=439 clt=1 wrkr=10 slot=10 size=10 src=client:1 dst=worker:10
event=resp_rdma_read ts_ns=15767530 id=404 start_ns=14048397 dur_ns=1719133 clt=1 wrkr=2 slot=8 size=409608 src=worker:2 dst=client:1
event=req_send ts_ns=15767530 id=442 clt=1 wrkr=5 slot=12 size=17 src=client:1 dst=worker:5
event=resp_recv_ud ts_ns=15824857 id=442 clt=1 wrkr=5 slot=12 size=41 src=worker:5 dst=client:1
event=hand_send ts_ns=15833504 id=442 clt=1 wrkr=5 slot=12 size=10 src=client:1 dst=worker:5
event=resp_rdma_read ts_ns=15932871 id=419 start_ns=14534537 dur_ns=1398334 clt=1 wrkr=1 slot=15 size=409608 src=worker:1 dst=client:1
event=req_send ts_ns=15932871 id=452 clt=1 wrkr=7 slot=7 size=17 src=client:1 dst=worker:7
event=resp_rdma_read ts_ns=15968175 id=420 start_ns=14539602 dur_ns=1428573 clt=1 wrkr=4 slot=12 size=409608 src=worker:4 dst=client:1
event=req_send ts_ns=15968175 id=453 clt=1 wrkr=2 slot=10 size=17 src=client:1 dst=worker:2
event=resp_recv_ud ts_ns=15995114 id=452 clt=1 wrkr=7 slot=7 size=41 src=worker:7 dst=client:1
event=hand_send ts_ns=16003761 id=452 clt=1 wrkr=7 slot=7 size=10 src=client:1 dst=worker:7
event=resp_rdma_read ts_ns=16013669 id=423 start_ns=14758330 dur_ns=1255339 clt=1 wrkr=4 slot=13 size=409608 src=worker:4 dst=client:1
event=req_send ts_ns=16013669 id=456 clt=1 wrkr=10 slot=11 size=17 src=client:1 dst=worker:10
event=resp_rdma_read ts_ns=16025261 id=424 start_ns=14829402 dur_ns=1195859 clt=1 wrkr=2 slot=9 size=409608 src=worker:2 dst=client:1
event=req_send ts_ns=16025261 id=457 clt=1 wrkr=4 slot=14 size=17 src=client:1 dst=worker:4
event=resp_recv_ud ts_ns=16030998 id=453 clt=1 wrkr=2 slot=10 size=41 src=worker:2 dst=client:1
event=resp_rdma_read ts_ns=16034041 id=397 start_ns=13818014 dur_ns=2216027 clt=1 wrkr=5 slot=10 size=409608 src=worker:5 dst=client:1
event=req_send ts_ns=16034041 id=459 clt=1 wrkr=2 slot=11 size=17 src=client:1 dst=worker:2
event=hand_send ts_ns=16039645 id=453 clt=1 wrkr=2 slot=10 size=10 src=client:1 dst=worker:2
event=resp_recv_ud ts_ns=16078055 id=456 clt=1 wrkr=10 slot=11 size=41 src=worker:10 dst=client:1
event=hand_send ts_ns=16086702 id=456 clt=1 wrkr=10 slot=11 size=10 src=client:1 dst=worker:10
event=resp_recv_ud ts_ns=16091049 id=457 clt=1 wrkr=4 slot=14 size=41 src=worker:4 dst=client:1
event=hand_send ts_ns=16099696 id=457 clt=1 wrkr=4 slot=14 size=10 src=client:1 dst=worker:4
event=resp_recv_ud ts_ns=16099864 id=459 clt=1 wrkr=2 slot=11 size=41 src=worker:2 dst=client:1
event=hand_send ts_ns=16108511 id=459 clt=1 wrkr=2 slot=11 size=10 src=client:1 dst=worker:2
event=resp_rdma_read ts_ns=16115266 id=422 start_ns=14714013 dur_ns=1401253 clt=1 wrkr=10 slot=8 size=409608 src=worker:10 dst=client:1
event=req_send ts_ns=16115266 id=465 clt=1 wrkr=5 slot=13 size=17 src=client:1 dst=worker:5
event=resp_recv_ud ts_ns=16181248 id=465 clt=1 wrkr=5 slot=13 size=41 src=worker:5 dst=client:1
event=hand_send ts_ns=16189895 id=465 clt=1 wrkr=5 slot=13 size=10 src=client:1 dst=worker:5
event=resp_rdma_read ts_ns=16252671 id=410 start_ns=14224012 dur_ns=2028659 clt=1 wrkr=4 slot=11 size=409608 src=worker:4 dst=client:1
event=req_send ts_ns=16252671 id=469 clt=1 wrkr=3 slot=9 size=17 src=client:1 dst=worker:3
event=resp_rdma_read ts_ns=16311809 id=403 start_ns=14032451 dur_ns=2279358 clt=1 wrkr=9 slot=1 size=409608 src=worker:9 dst=client:1
event=req_send ts_ns=16311809 id=471 clt=1 wrkr=1 slot=0 size=17 src=client:1 dst=worker:1
event=resp_recv_ud ts_ns=16323757 id=469 clt=1 wrkr=3 slot=9 size=41 src=worker:3 dst=client:1
event=hand_send ts_ns=16332404 id=469 clt=1 wrkr=3 slot=9 size=10 src=client:1 dst=worker:3
event=resp_recv_ud ts_ns=16381431 id=471 clt=1 wrkr=1 slot=0 size=41 src=worker:1 dst=client:1
event=hand_send ts_ns=16390078 id=471 clt=1 wrkr=1 slot=0 size=10 src=client:1 dst=worker:1
event=resp_rdma_read ts_ns=16397880 id=409 start_ns=14166792 dur_ns=2231088 clt=1 wrkr=9 slot=2 size=409608 src=worker:9 dst=client:1
event=req_send ts_ns=16397880 id=473 clt=1 wrkr=3 slot=10 size=17 src=client:1 dst=worker:3
event=resp_recv_ud ts_ns=16468994 id=473 clt=1 wrkr=3 slot=10 size=41 src=worker:3 dst=client:1
event=hand_send ts_ns=16477641 id=473 clt=1 wrkr=3 slot=10 size=10 src=client:1 dst=worker:3
event=resp_rdma_read ts_ns=16516380 id=408 start_ns=14133682 dur_ns=2382698 clt=1 wrkr=1 slot=14 size=409608 src=worker:1 dst=client:1
event=req_send ts_ns=16516380 id=476 clt=1 wrkr=0 slot=11 size=17 src=client:1 dst=worker:0
event=resp_recv_ud ts_ns=16581092 id=476 clt=1 wrkr=0 slot=11 size=41 src=worker:0 dst=client:1
event=hand_send ts_ns=16589739 id=476 clt=1 wrkr=0 slot=11 size=10 src=client:1 dst=worker:0
event=resp_rdma_read ts_ns=16706976 id=429 start_ns=15375230 dur_ns=1331746 clt=1 wrkr=3 slot=8 size=409608 src=worker:3 dst=client:1
event=req_send ts_ns=16706976 id=478 clt=1 wrkr=10 slot=12 size=17 src=client:1 dst=worker:10
event=resp_rdma_read ts_ns=16713343 id=434 start_ns=15547367 dur_ns=1165976 clt=1 wrkr=5 slot=11 size=409608 src=worker:5 dst=client:1
event=req_send ts_ns=16713343 id=479 clt=1 wrkr=10 slot=13 size=17 src=client:1 dst=worker:10
event=resp_recv_ud ts_ns=16758286 id=478 clt=1 wrkr=10 slot=12 size=41 src=worker:10 dst=client:1
event=hand_send ts_ns=16766933 id=478 clt=1 wrkr=10 slot=12 size=10 src=client:1 dst=worker:10
event=resp_recv_ud ts_ns=16779039 id=479 clt=1 wrkr=10 slot=13 size=41 src=worker:10 dst=client:1
event=hand_send ts_ns=16787686 id=479 clt=1 wrkr=10 slot=13 size=10 src=client:1 dst=worker:10
event=resp_rdma_read ts_ns=16979842 id=435 start_ns=15619669 dur_ns=1360173 clt=1 wrkr=0 slot=10 size=409608 src=worker:0 dst=client:1
event=req_send ts_ns=16979842 id=484 clt=1 wrkr=6 slot=11 size=17 src=client:1 dst=worker:6
event=resp_recv_ud ts_ns=17015651 id=484 clt=1 wrkr=6 slot=11 size=41 src=worker:6 dst=client:1
event=hand_send ts_ns=17024298 id=484 clt=1 wrkr=6 slot=11 size=10 src=client:1 dst=worker:6
event=resp_rdma_read ts_ns=17074320 id=436 start_ns=15648135 dur_ns=1426185 clt=1 wrkr=10 slot=9 size=409608 src=worker:10 dst=client:1
event=req_send ts_ns=17074320 id=485 clt=1 wrkr=11 slot=14 size=17 src=client:1 dst=worker:11
event=resp_recv_ud ts_ns=17112983 id=485 clt=1 wrkr=11 slot=14 size=41 src=worker:11 dst=client:1
event=hand_send ts_ns=17121630 id=485 clt=1 wrkr=11 slot=14 size=10 src=client:1 dst=worker:11
event=resp_rdma_read ts_ns=17126456 id=439 start_ns=15754787 dur_ns=1371669 clt=1 wrkr=10 slot=10 size=409608 src=worker:10 dst=client:1
event=req_send ts_ns=17126456 id=486 clt=1 wrkr=5 slot=14 size=17 src=client:1 dst=worker:5
event=resp_recv_ud ts_ns=17178321 id=486 clt=1 wrkr=5 slot=14 size=41 src=worker:5 dst=client:1
event=hand_send ts_ns=17186968 id=486 clt=1 wrkr=5 slot=14 size=10 src=client:1 dst=worker:5
event=resp_rdma_read ts_ns=17350907 id=442 start_ns=15833504 dur_ns=1517403 clt=1 wrkr=5 slot=12 size=409608 src=worker:5 dst=client:1
event=req_send ts_ns=17350907 id=491 clt=1 wrkr=10 slot=14 size=17 src=client:1 dst=worker:10
event=resp_recv_ud ts_ns=17410288 id=491 clt=1 wrkr=10 slot=14 size=41 src=worker:10 dst=client:1
event=hand_send ts_ns=17418935 id=491 clt=1 wrkr=10 slot=14 size=10 src=client:1 dst=worker:10
event=resp_rdma_read ts_ns=17787964 id=452 start_ns=16003761 dur_ns=1784203 clt=1 wrkr=7 slot=7 size=409608 src=worker:7 dst=client:1
event=req_send ts_ns=17787964 id=500 clt=1 wrkr=2 slot=12 size=17 src=client:1 dst=worker:2
event=resp_recv_ud ts_ns=17828019 id=500 clt=1 wrkr=2 slot=12 size=41 src=worker:2 dst=client:1
event=hand_send ts_ns=17836666 id=500 clt=1 wrkr=2 slot=12 size=10 src=client:1 dst=worker:2
event=resp_rdma_read ts_ns=17855987 id=453 start_ns=16039645 dur_ns=1816342 clt=1 wrkr=2 slot=10 size=409608 src=worker:2 dst=client:1
event=req_send ts_ns=17855987 id=502 clt=1 wrkr=4 slot=15 size=17 src=client:1 dst=worker:4
event=resp_recv_ud ts_ns=17917075 id=502 clt=1 wrkr=4 slot=15 size=41 src=worker:4 dst=client:1
event=hand_send ts_ns=17925722 id=502 clt=1 wrkr=4 slot=15 size=10 src=client:1 dst=worker:4
event=resp_rdma_read ts_ns=17967208 id=456 start_ns=16086702 dur_ns=1880506 clt=1 wrkr=10 slot=11 size=409608 src=worker:10 dst=client:1
event=req_send ts_ns=17967208 id=505 clt=1 wrkr=1 slot=1 size=17 src=client:1 dst=worker:1
event=resp_rdma_read ts_ns=17972736 id=476 start_ns=16589739 dur_ns=1382997 clt=1 wrkr=0 slot=11 size=409608 src=worker:0 dst=client:1
event=req_send ts_ns=17972736 id=506 clt=1 wrkr=3 slot=11 size=17 src=client:1 dst=worker:3
event=resp_recv_ud ts_ns=18030645 id=505 clt=1 wrkr=1 slot=1 size=41 src=worker:1 dst=client:1
event=resp_recv_ud ts_ns=18036341 id=506 clt=1 wrkr=3 slot=11 size=41 src=worker:3 dst=client:1
event=hand_send ts_ns=18039292 id=505 clt=1 wrkr=1 slot=1 size=10 src=client:1 dst=worker:1
event=hand_send ts_ns=18044988 id=506 clt=1 wrkr=3 slot=11 size=10 src=client:1 dst=worker:3
event=resp_rdma_read ts_ns=18080868 id=471 start_ns=16390078 dur_ns=1690790 clt=1 wrkr=1 slot=0 size=409608 src=worker:1 dst=client:1
event=req_send ts_ns=18080868 id=509 clt=1 wrkr=10 slot=15 size=17 src=client:1 dst=worker:10
event=resp_rdma_read ts_ns=18093610 id=457 start_ns=16099696 dur_ns=1993914 clt=1 wrkr=4 slot=14 size=409608 src=worker:4 dst=client:1
event=req_send ts_ns=18093610 id=510 clt=1 wrkr=11 slot=15 size=17 src=client:1 dst=worker:11
event=resp_rdma_read ts_ns=18113568 id=459 start_ns=16108511 dur_ns=2005057 clt=1 wrkr=2 slot=11 size=409608 src=worker:2 dst=client:1
event=req_send ts_ns=18113568 id=511 clt=1 wrkr=6 slot=12 size=17 src=client:1 dst=worker:6
event=resp_recv_ud ts_ns=18145379 id=509 clt=1 wrkr=10 slot=15 size=41 src=worker:10 dst=client:1
event=hand_send ts_ns=18154026 id=509 clt=1 wrkr=10 slot=15 size=10 src=client:1 dst=worker:10
event=resp_recv_ud ts_ns=18158299 id=510 clt=1 wrkr=11 slot=15 size=41 src=worker:11 dst=client:1
event=hand_send ts_ns=18166946 id=510 clt=1 wrkr=11 slot=15 size=10 src=client:1 dst=worker:11
event=resp_rdma_read ts_ns=18175718 id=473 start_ns=16477641 dur_ns=1698077 clt=1 wrkr=3 slot=10 size=409608 src=worker:3 dst=client:1
event=req_send ts_ns=18175718 id=515 clt=1 wrkr=8 slot=13 size=17 src=client:1 dst=worker:8
event=resp_recv_ud ts_ns=18178723 id=511 clt=1 wrkr=6 slot=12 size=41 src=worker:6 dst=client:1
event=hand_send ts_ns=18187370 id=511 clt=1 wrkr=6 slot=12 size=10 src=client:1 dst=worker:6
event=resp_rdma_read ts_ns=18211921 id=478 start_ns=16766933 dur_ns=1444988 clt=1 wrkr=10 slot=12 size=409608 src=worker:10 dst=client:1
event=req_send ts_ns=18211921 id=517 clt=1 wrkr=2 slot=13 size=17 src=client:1 dst=worker:2
event=resp_rdma_read ts_ns=18214037 id=484 start_ns=17024298 dur_ns=1189739 clt=1 wrkr=6 slot=11 size=409608 src=worker:6 dst=client:1
event=req_send ts_ns=18214037 id=518 clt=1 wrkr=9 slot=3 size=17 src=client:1 dst=worker:9
event=resp_recv_ud ts_ns=18241158 id=515 clt=1 wrkr=8 slot=13 size=41 src=worker:8 dst=client:1
event=hand_send ts_ns=18249805 id=515 clt=1 wrkr=8 slot=13 size=10 src=client:1 dst=worker:8
event=resp_recv_ud ts_ns=18277803 id=517 clt=1 wrkr=2 slot=13 size=41 src=worker:2 dst=client:1
event=resp_recv_ud ts_ns=18279439 id=518 clt=1 wrkr=9 slot=3 size=41 src=worker:9 dst=client:1
event=resp_rdma_read ts_ns=18280351 id=479 start_ns=16787686 dur_ns=1492665 clt=1 wrkr=10 slot=13 size=409608 src=worker:10 dst=client:1
event=req_send ts_ns=18280351 id=523 clt=1 wrkr=10 slot=0 size=17 src=client:1 dst=worker:10
event=hand_send ts_ns=18286450 id=517 clt=1 wrkr=2 slot=13 size=10 src=client:1 dst=worker:2
event=hand_send ts_ns=18288086 id=518 clt=1 wrkr=9 slot=3 size=10 src=client:1 dst=worker:9
event=resp_rdma_read ts_ns=18346245 id=469 start_ns=16332404 dur_ns=2013841 clt=1 wrkr=3 slot=9 size=409608 src=worker:3 dst=client:1
event=req_send ts_ns=18346245 id=528 clt=1 wrkr=1 slot=2 size=17 src=client:1 dst=worker:1
event=resp_recv_ud ts_ns=18348877 id=523 clt=1 wrkr=10 slot=0 size=41 src=worker:10 dst=client:1
event=hand_send ts_ns=18357524 id=523 clt=1 wrkr=10 slot=0 size=10 src=client:1 dst=worker:10
event=resp_recv_ud ts_ns=18416648 id=528 clt=1 wrkr=1 slot=2 size=41 src=worker:1 dst=client:1
event=hand_send ts_ns=18425295 id=528 clt=1 wrkr=1 slot=2 size=10 src=client:1 dst=worker:1
event=resp_rdma_read ts_ns=18439842 id=465 start_ns=16189895 dur_ns=2249947 clt=1 wrkr=5 slot=13 size=409608 src=worker:5 dst=client:1
event=req_send ts_ns=18439842 id=530 clt=1 wrkr=2 slot=14 size=17 src=client:1 dst=worker:2
event=resp_recv_ud ts_ns=18506431 id=530 clt=1 wrkr=2 slot=14 size=41 src=worker:2 dst=client:1
event=hand_send ts_ns=18515078 id=530 clt=1 wrkr=2 slot=14 size=10 src=client:1 dst=worker:2
event=resp_rdma_read ts_ns=18531952 id=485 start_ns=17121630 dur_ns=1410322 clt=1 wrkr=11 slot=14 size=409608 src=worker:11 dst=client:1
event=req_send ts_ns=18531952 id=533 clt=1 wrkr=9 slot=4 size=17 src=client:1 dst=worker:9
event=resp_recv_ud ts_ns=18603007 id=533 clt=1 wrkr=9 slot=4 size=41 src=worker:9 dst=client:1
event=resp_rdma_read ts_ns=18604474 id=486 start_ns=17186968 dur_ns=1417506 clt=1 wrkr=5 slot=14 size=409608 src=worker:5 dst=client:1
event=req_send ts_ns=18604474 id=535 clt=1 wrkr=6 slot=13 size=17 src=client:1 dst=worker:6
event=hand_send ts_ns=18611654 id=533 clt=1 wrkr=9 slot=4 size=10 src=client:1 dst=worker:9
event=resp_rdma_read ts_ns=18660317 id=491 start_ns=17418935 dur_ns=1241382 clt=1 wrkr=10 slot=14 size=409608 src=worker:10 dst=client:1
event=req_send ts_ns=18660317 id=538 clt=1 wrkr=5 slot=15 size=17 src=client:1 dst=worker:5
event=resp_recv_ud ts_ns=18668919 id=535 clt=1 wrkr=6 slot=13 size=41 src=worker:6 dst=client:1
event=hand_send ts_ns=18677566 id=535 clt=1 wrkr=6 slot=13 size=10 src=client:1 dst=worker:6
event=resp_recv_ud ts_ns=18730990 id=538 clt=1 wrkr=5 slot=15 size=41 src=worker:5 dst=client:1
event=hand_send ts_ns=18739637 id=538 clt=1 wrkr=5 slot=15 size=10 src=client:1 dst=worker:5
event=resp_rdma_read ts_ns=19232655 id=500 start_ns=17836666 dur_ns=1395989 clt=1 wrkr=2 slot=12 size=409608 src=worker:2 dst=client:1
event=req_send ts_ns=19232655 id=548 clt=1 wrkr=5 slot=0 size=17 src=client:1 dst=worker:5
event=resp_recv_ud ts_ns=19289236 id=548 clt=1 wrkr=5 slot=0 size=41 src=worker:5 dst=client:1
event=hand_send ts_ns=19297883 id=548 clt=1 wrkr=5 slot=0 size=10 src=client:1 dst=worker:5
event=resp_rdma_read ts_ns=19475508 id=502 start_ns=17925722 dur_ns=1549786 clt=1 wrkr=4 slot=15 size=409608 src=worker:4 dst=client:1
event=req_send ts_ns=19475508 id=550 clt=1 wrkr=10 slot=1 size=17 src=client:1 dst=worker:10
event=resp_recv_ud ts_ns=19517471 id=550 clt=1 wrkr=10 slot=1 size=41 src=worker:10 dst=client:1
event=hand_send ts_ns=19526118 id=550 clt=1 wrkr=10 slot=1 size=10 src=client:1 dst=worker:10
event=resp_rdma_read ts_ns=19658449 id=505 start_ns=18039292 dur_ns=1619157 clt=1 wrkr=1 slot=1 size=409608 src=worker:1 dst=client:1
event=req_send ts_ns=19658449 id=553 clt=1 wrkr=10 slot=2 size=17 src=client:1 dst=worker:10
event=resp_rdma_read ts_ns=19696374 id=506 start_ns=18044988 dur_ns=1651386 clt=1 wrkr=3 slot=11 size=409608 src=worker:3 dst=client:1
event=req_send ts_ns=19696374 id=554 clt=1 wrkr=8 slot=14 size=17 src=client:1 dst=worker:8
event=resp_recv_ud ts_ns=19707642 id=553 clt=1 wrkr=10 slot=2 size=41 src=worker:10 dst=client:1
event=hand_send ts_ns=19716289 id=553 clt=1 wrkr=10 slot=2 size=10 src=client:1 dst=worker:10
event=resp_recv_ud ts_ns=19753208 id=554 clt=1 wrkr=8 slot=14 size=41 src=worker:8 dst=client:1
event=hand_send ts_ns=19761855 id=554 clt=1 wrkr=8 slot=14 size=10 src=client:1 dst=worker:8
event=resp_rdma_read ts_ns=19909364 id=509 start_ns=18154026 dur_ns=1755338 clt=1 wrkr=10 slot=15 size=409608 src=worker:10 dst=client:1
event=req_send ts_ns=19909364 id=557 clt=1 wrkr=6 slot=14 size=17 src=client:1 dst=worker:6
event=resp_rdma_read ts_ns=19933417 id=510 start_ns=18166946 dur_ns=1766471 clt=1 wrkr=11 slot=15 size=409608 src=worker:11 dst=client:1
event=req_send ts_ns=19933417 id=558 clt=1 wrkr=5 slot=1 size=17 src=client:1 dst=worker:5
event=resp_rdma_read ts_ns=19957884 id=511 start_ns=18187370 dur_ns=1770514 clt=1 wrkr=6 slot=12 size=409608 src=worker:6 dst=client:1
event=req_send ts_ns=19957884 id=559 clt=1 wrkr=6 slot=15 size=17 src=client:1 dst=worker:6
event=resp_recv_ud ts_ns=19965717 id=557 clt=1 wrkr=6 slot=14 size=41 src=worker:6 dst=client:1
event=hand_send ts_ns=19974364 id=557 clt=1 wrkr=6 slot=14 size=10 src=client:1 dst=worker:6
event=resp_recv_ud ts_ns=19989309 id=558 clt=1 wrkr=5 slot=1 size=41 src=worker:5 dst=client:1
event=hand_send ts_ns=19997956 id=558 clt=1 wrkr=5 slot=1 size=10 src=client:1 dst=worker:5
event=resp_recv_ud ts_ns=20013516 id=559 clt=1 wrkr=6 slot=15 size=41 src=worker:6 dst=client:1
event=hand_send ts_ns=20022163 id=559 clt=1 wrkr=6 slot=15 size=10 src=client:1 dst=worker:6
event=resp_rdma_read ts_ns=20064552 id=515 start_ns=18249805 dur_ns=1814747 clt=1 wrkr=8 slot=13 size=409608 src=worker:8 dst=client:1
event=req_send ts_ns=20064552 id=562 clt=1 wrkr=2 slot=15 size=17 src=client:1 dst=worker:2
event=resp_recv_ud ts_ns=20121781 id=562 clt=1 wrkr=2 slot=15 size=41 src=worker:2 dst=client:1
event=hand_send ts_ns=20130428 id=562 clt=1 wrkr=2 slot=15 size=10 src=client:1 dst=worker:2
event=resp_rdma_read ts_ns=20316661 id=517 start_ns=18286450 dur_ns=2030211 clt=1 wrkr=2 slot=13 size=409608 src=worker:2 dst=client:1
event=req_send ts_ns=20316661 id=567 clt=1 wrkr=8 slot=15 size=17 src=client:1 dst=worker:8
event=resp_recv_ud ts_ns=20363510 id=567 clt=1 wrkr=8 slot=15 size=41 src=worker:8 dst=client:1
event=hand_send ts_ns=20372157 id=567 clt=1 wrkr=8 slot=15 size=10 src=client:1 dst=worker:8
event=resp_rdma_read ts_ns=20387378 id=518 start_ns=18288086 dur_ns=2099292 clt=1 wrkr=9 slot=3 size=409608 src=worker:9 dst=client:1
event=req_send ts_ns=20387378 id=568 clt=1 wrkr=10 slot=3 size=17 src=client:1 dst=worker:10
event=resp_recv_ud ts_ns=20443522 id=568 clt=1 wrkr=10 slot=3 size=41 src=worker:10 dst=client:1
event=resp_rdma_read ts_ns=20446092 id=548 start_ns=19297883 dur_ns=1148209 clt=1 wrkr=5 slot=0 size=409608 src=worker:5 dst=client:1
event=req_send ts_ns=20446092 id=572 clt=1 wrkr=10 slot=4 size=17 src=client:1 dst=worker:10
event=hand_send ts_ns=20452169 id=568 clt=1 wrkr=10 slot=3 size=10 src=client:1 dst=worker:10
event=resp_recv_ud ts_ns=20508117 id=572 clt=1 wrkr=10 slot=4 size=41 src=worker:10 dst=client:1
event=hand_send ts_ns=20516764 id=572 clt=1 wrkr=10 slot=4 size=10 src=client:1 dst=worker:10
event=resp_rdma_read ts_ns=20686884 id=530 start_ns=18515078 dur_ns=2171806 clt=1 wrkr=2 slot=14 size=409608 src=worker:2 dst=client:1
event=req_send ts_ns=20686884 id=584 clt=1 wrkr=5 slot=2 size=17 src=client:1 dst=worker:5
event=resp_rdma_read ts_ns=20700861 id=538 start_ns=18739637 dur_ns=1961224 clt=1 wrkr=5 slot=15 size=409608 src=worker:5 dst=client:1
event=req_send ts_ns=20700861 id=586 clt=1 wrkr=3 slot=12 size=17 src=client:1 dst=worker:3
event=resp_rdma_read ts_ns=20742216 id=523 start_ns=18357524 dur_ns=2384692 clt=1 wrkr=10 slot=0 size=409608 src=worker:10 dst=client:1
event=req_send ts_ns=20742216 id=587 clt=1 wrkr=7 slot=8 size=17 src=client:1 dst=worker:7
event=resp_recv_ud ts_ns=20753460 id=584 clt=1 wrkr=5 slot=2 size=41 src=worker:5 dst=client:1
event=hand_send ts_ns=20762107 id=584 clt=1 wrkr=5 slot=2 size=10 src=client:1 dst=worker:5
event=resp_recv_ud ts_ns=20767959 id=586 clt=1 wrkr=3 slot=12 size=41 src=worker:3 dst=client:1
event=resp_rdma_read ts_ns=20770106 id=528 start_ns=18425295 dur_ns=2344811 clt=1 wrkr=1 slot=2 size=409608 src=worker:1 dst=client:1
event=req_send ts_ns=20770106 id=589 clt=1 wrkr=8 slot=0 size=17 src=client:1 dst=worker:8
event=hand_send ts_ns=20776606 id=586 clt=1 wrkr=3 slot=12 size=10 src=client:1 dst=worker:3
event=resp_rdma_read ts_ns=20789590 id=554 start_ns=19761855 dur_ns=1027735 clt=1 wrkr=8 slot=14 size=409608 src=worker:8 dst=client:1
event=req_send ts_ns=20789590 id=592 clt=1 wrkr=2 slot=0 size=17 src=client:1 dst=worker:2
event=resp_recv_ud ts_ns=20810283 id=587 clt=1 wrkr=7 slot=8 size=41 src=worker:7 dst=client:1
event=hand_send ts_ns=20818930 id=587 clt=1 wrkr=7 slot=8 size=10 src=client:1 dst=worker:7
event=resp_recv_ud ts_ns=20838824 id=589 clt=1 wrkr=8 slot=0 size=41 src=worker:8 dst=client:1
event=hand_send ts_ns=20847471 id=589 clt=1 wrkr=8 slot=0 size=10 src=client:1 dst=worker:8
event=resp_recv_ud ts_ns=20858118 id=592 clt=1 wrkr=2 slot=0 size=41 src=worker:2 dst=client:1
event=hand_send ts_ns=20866765 id=592 clt=1 wrkr=2 slot=0 size=10 src=client:1 dst=worker:2
event=resp_rdma_read ts_ns=20899889 id=550 start_ns=19526118 dur_ns=1373771 clt=1 wrkr=10 slot=1 size=409608 src=worker:10 dst=client:1
event=req_send ts_ns=20899889 id=593 clt=1 wrkr=3 slot=13 size=17 src=client:1 dst=worker:3
event=resp_recv_ud ts_ns=20966713 id=593 clt=1 wrkr=3 slot=13 size=41 src=worker:3 dst=client:1
event=hand_send ts_ns=20975360 id=593 clt=1 wrkr=3 slot=13 size=10 src=client:1 dst=worker:3
event=resp_rdma_read ts_ns=20985625 id=533 start_ns=18611654 dur_ns=2373971 clt=1 wrkr=9 slot=4 size=409608 src=worker:9 dst=client:1
event=req_send ts_ns=20985625 id=596 clt=1 wrkr=0 slot=12 size=17 src=client:1 dst=worker:0
event=resp_rdma_read ts_ns=21003812 id=553 start_ns=19716289 dur_ns=1287523 clt=1 wrkr=10 slot=2 size=409608 src=worker:10 dst=client:1
event=req_send ts_ns=21003812 id=598 clt=1 wrkr=0 slot=13 size=17 src=client:1 dst=worker:0
event=resp_rdma_read ts_ns=21037538 id=535 start_ns=18677566 dur_ns=2359972 clt=1 wrkr=6 slot=13 size=409608 src=worker:6 dst=client:1
event=req_send ts_ns=21037538 id=599 clt=1 wrkr=1 slot=3 size=17 src=client:1 dst=worker:1
event=resp_recv_ud ts_ns=21055933 id=596 clt=1 wrkr=0 slot=12 size=41 src=worker:0 dst=client:1
event=hand_send ts_ns=21064580 id=596 clt=1 wrkr=0 slot=12 size=10 src=client:1 dst=worker:0
event=resp_recv_ud ts_ns=21074596 id=598 clt=1 wrkr=0 slot=13 size=41 src=worker:0 dst=client:1
event=hand_send ts_ns=21083243 id=598 clt=1 wrkr=0 slot=13 size=10 src=client:1 dst=worker:0
event=resp_recv_ud ts_ns=21108404 id=599 clt=1 wrkr=1 slot=3 size=41 src=worker:1 dst=client:1
event=hand_send ts_ns=21117051 id=599 clt=1 wrkr=1 slot=3 size=10 src=client:1 dst=worker:1
event=resp_rdma_read ts_ns=21358521 id=557 start_ns=19974364 dur_ns=1384157 clt=1 wrkr=6 slot=14 size=409608 src=worker:6 dst=client:1
event=req_send ts_ns=21358521 id=605 clt=1 wrkr=11 slot=0 size=17 src=client:1 dst=worker:11
event=resp_rdma_read ts_ns=21395691 id=558 start_ns=19997956 dur_ns=1397735 clt=1 wrkr=5 slot=1 size=409608 src=worker:5 dst=client:1
event=req_send ts_ns=21395691 id=606 clt=1 wrkr=11 slot=1 size=17 src=client:1 dst=worker:11
event=resp_recv_ud ts_ns=21400358 id=605 clt=1 wrkr=11 slot=0 size=41 src=worker:11 dst=client:1
event=hand_send ts_ns=21409005 id=605 clt=1 wrkr=11 slot=0 size=10 src=client:1 dst=worker:11
event=resp_rdma_read ts_ns=21430901 id=559 start_ns=20022163 dur_ns=1408738 clt=1 wrkr=6 slot=15 size=409608 src=worker:6 dst=client:1
event=req_send ts_ns=21430901 id=609 clt=1 wrkr=1 slot=4 size=17 src=client:1 dst=worker:1
event=resp_recv_ud ts_ns=21457068 id=606 clt=1 wrkr=11 slot=1 size=41 src=worker:11 dst=client:1
event=hand_send ts_ns=21465715 id=606 clt=1 wrkr=11 slot=1 size=10 src=client:1 dst=worker:11
event=resp_recv_ud ts_ns=21496866 id=609 clt=1 wrkr=1 slot=4 size=41 src=worker:1 dst=client:1
event=hand_send ts_ns=21505513 id=609 clt=1 wrkr=1 slot=4 size=10 src=client:1 dst=worker:1
event=resp_rdma_read ts_ns=21593514 id=562 start_ns=20130428 dur_ns=1463086 clt=1 wrkr=2 slot=15 size=409608 src=worker:2 dst=client:1
event=req_send ts_ns=21593514 id=613 clt=1 wrkr=10 slot=5 size=17 src=client:1 dst=worker:10
event=resp_recv_ud ts_ns=21651454 id=613 clt=1 wrkr=10 slot=5 size=41 src=worker:10 dst=client:1
event=hand_send ts_ns=21660101 id=613 clt=1 wrkr=10 slot=5 size=10 src=client:1 dst=worker:10
event=resp_rdma_read ts_ns=21807244 id=567 start_ns=20372157 dur_ns=1435087 clt=1 wrkr=8 slot=15 size=409608 src=worker:8 dst=client:1
event=req_send ts_ns=21807244 id=615 clt=1 wrkr=9 slot=5 size=17 src=client:1 dst=worker:9
event=resp_recv_ud ts_ns=21844103 id=615 clt=1 wrkr=9 slot=5 size=41 src=worker:9 dst=client:1
event=hand_send ts_ns=21852750 id=615 clt=1 wrkr=9 slot=5 size=10 src=client:1 dst=worker:9
event=resp_rdma_read ts_ns=21981997 id=568 start_ns=20452169 dur_ns=1529828 clt=1 wrkr=10 slot=3 size=409608 src=worker:10 dst=client:1
event=req_send ts_ns=21981997 id=616 clt=1 wrkr=0 slot=14 size=17 src=client:1 dst=worker:0
event=resp_recv_ud ts_ns=22020994 id=616 clt=1 wrkr=0 slot=14 size=41 src=worker:0 dst=client:1
event=hand_send ts_ns=22029641 id=616 clt=1 wrkr=0 slot=14 size=10 src=client:1 dst=worker:0
event=resp_rdma_read ts_ns=22171853 id=572 start_ns=20516764 dur_ns=1655089 clt=1 wrkr=10 slot=4 size=409608 src=worker:10 dst=client:1
event=req_send ts_ns=22171853 id=622 clt=1 wrkr=5 slot=3 size=17 src=client:1 dst=worker:5
event=resp_recv_ud ts_ns=22228380 id=622 clt=1 wrkr=5 slot=3 size=41 src=worker:5 dst=client:1
event=hand_send ts_ns=22237027 id=622 clt=1 wrkr=5 slot=3 size=10 src=client:1 dst=worker:5
event=resp_rdma_read ts_ns=22671246 id=586 start_ns=20776606 dur_ns=1894640 clt=1 wrkr=3 slot=12 size=409608 src=worker:3 dst=client:1
event=req_send ts_ns=22671246 id=635 clt=1 wrkr=0 slot=15 size=17 src=client:1 dst=worker:0
event=resp_rdma_read ts_ns=22713528 id=584 start_ns=20762107 dur_ns=1951421 clt=1 wrkr=5 slot=2 size=409608 src=worker:5 dst=client:1
event=req_send ts_ns=22713528 id=637 clt=1 wrkr=0 slot=0 size=17 src=client:1 dst=worker:0
event=resp_recv_ud ts_ns=22731223 id=635 clt=1 wrkr=0 slot=15 size=41 src=worker:0 dst=client:1
event=hand_send ts_ns=22739870 id=635 clt=1 wrkr=0 slot=15 size=10 src=client:1 dst=worker:0
event=resp_recv_ud ts_ns=22774743 id=637 clt=1 wrkr=0 slot=0 size=41 src=worker:0 dst=client:1
event=hand_send ts_ns=22783390 id=637 clt=1 wrkr=0 slot=0 size=10 src=client:1 dst=worker:0
event=resp_rdma_read ts_ns=22906647 id=587 start_ns=20818930 dur_ns=2087717 clt=1 wrkr=7 slot=8 size=409608 src=worker:7 dst=client:1
event=req_send ts_ns=22906647 id=640 clt=1 wrkr=7 slot=9 size=17 src=client:1 dst=worker:7
event=resp_rdma_read ts_ns=22926352 id=613 start_ns=21660101 dur_ns=1266251 clt=1 wrkr=10 slot=5 size=409608 src=worker:10 dst=client:1
event=req_send ts_ns=22926352 id=641 clt=1 wrkr=8 slot=1 size=17 src=client:1 dst=worker:8
event=resp_recv_ud ts_ns=22967424 id=640 clt=1 wrkr=7 slot=9 size=41 src=worker:7 dst=client:1
event=resp_rdma_read ts_ns=22971713 id=605 start_ns=21409005 dur_ns=1562708 clt=1 wrkr=11 slot=0 size=409608 src=worker:11 dst=client:1
event=req_send ts_ns=22971713 id=642 clt=1 wrkr=0 slot=1 size=17 src=client:1 dst=worker:0
event=resp_rdma_read ts_ns=22972856 id=589 start_ns=20847471 dur_ns=2125385 clt=1 wrkr=8 slot=0 size=409608 src=worker:8 dst=client:1
event=req_send ts_ns=22972856 id=643 clt=1 wrkr=5 slot=4 size=17 src=client:1 dst=worker:5
event=hand_send ts_ns=22976071 id=640 clt=1 wrkr=7 slot=9 size=10 src=client:1 dst=worker:7
event=resp_recv_ud ts_ns=22985696 id=641 clt=1 wrkr=8 slot=1 size=41 src=worker:8 dst=client:1
event=resp_rdma_read ts_ns=22986289 id=606 start_ns=21465715 dur_ns=1520574 clt=1 wrkr=11 slot=1 size=409608 src=worker:11 dst=client:1
event=req_send ts_ns=22986289 id=644 clt=1 wrkr=8 slot=2 size=17 src=client:1 dst=worker:8
event=resp_rdma_read ts_ns=22993460 id=609 start_ns=21505513 dur_ns=1487947 clt=1 wrkr=1 slot=4 size=409608 src=worker:1 dst=client:1
event=req_send ts_ns=22993460 id=645 clt=1 wrkr=10 slot=6 size=17 src=client:1 dst=worker:10
event=hand_send ts_ns=22994343 id=641 clt=1 wrkr=8 slot=1 size=10 src=client:1 dst=worker:8
event=resp_recv_ud ts_ns=23037425 id=642 clt=1 wrkr=0 slot=1 size=41 src=worker:0 dst=client:1
event=resp_recv_ud ts_ns=23037865 id=643 clt=1 wrkr=5 slot=4 size=41 src=worker:5 dst=client:1
event=hand_send ts_ns=23046072 id=642 clt=1 wrkr=0 slot=1 size=10 src=client:1 dst=worker:0
event=hand_send ts_ns=23046512 id=643 clt=1 wrkr=5 slot=4 size=10 src=client:1 dst=worker:5
event=resp_recv_ud ts_ns=23052079 id=644 clt=1 wrkr=8 slot=2 size=41 src=worker:8 dst=client:1
event=resp_recv_ud ts_ns=23060109 id=645 clt=1 wrkr=10 slot=6 size=41 src=worker:10 dst=client:1
event=hand_send ts_ns=23060726 id=644 clt=1 wrkr=8 slot=2 size=10 src=client:1 dst=worker:8
event=hand_send ts_ns=23068756 id=645 clt=1 wrkr=10 slot=6 size=10 src=client:1 dst=worker:10
event=resp_rdma_read ts_ns=23074317 id=615 start_ns=21852750 dur_ns=1221567 clt=1 wrkr=9 slot=5 size=409608 src=worker:9 dst=client:1
event=req_send ts_ns=23074317 id=647 clt=1 wrkr=6 slot=0 size=17 src=client:1 dst=worker:6
event=resp_rdma_read ts_ns=23103837 id=596 start_ns=21064580 dur_ns=2039257 clt=1 wrkr=0 slot=12 size=409608 src=worker:0 dst=client:1
event=resp_rdma_read ts_ns=23128261 id=592 start_ns=20866765 dur_ns=2261496 clt=1 wrkr=2 slot=0 size=409608 src=worker:2 dst=client:1
event=resp_recv_ud ts_ns=23142213 id=647 clt=1 wrkr=6 slot=0 size=41 src=worker:6 dst=client:1
event=hand_send ts_ns=23150860 id=647 clt=1 wrkr=6 slot=0 size=10 src=client:1 dst=worker:6
event=resp_rdma_read ts_ns=23180451 id=593 start_ns=20975360 dur_ns=2205091 clt=1 wrkr=3 slot=13 size=409608 src=worker:3 dst=client:1
event=resp_rdma_read ts_ns=23384061 id=616 start_ns=22029641 dur_ns=1354420 clt=1 wrkr=0 slot=14 size=409608 src=worker:0 dst=client:1
event=resp_rdma_read ts_ns=23394636 id=599 start_ns=21117051 dur_ns=2277585 clt=1 wrkr=1 slot=3 size=409608 src=worker:1 dst=client:1
event=resp_rdma_read ts_ns=23484976 id=598 start_ns=21083243 dur_ns=2401733 clt=1 wrkr=0 slot=13 size=409608 src=worker:0 dst=client:1
event=resp_rdma_read ts_ns=23531284 id=622 start_ns=22237027 dur_ns=1294257 clt=1 wrkr=5 slot=3 size=409608 src=worker:5 dst=client:1
event=resp_rdma_read ts_ns=23867419 id=637 start_ns=22783390 dur_ns=1084029 clt=1 wrkr=0 slot=0 size=409608 src=worker:0 dst=client:1
event=resp_rdma_read ts_ns=24072826 id=635 start_ns=22739870 dur_ns=1332956 clt=1 wrkr=0 slot=15 size=409608 src=worker:0 dst=client:1
event=resp_rdma_read ts_ns=24607552 id=644 start_ns=23060726 dur_ns=1546826 clt=1 wrkr=8 slot=2 size=409608 src=worker:8 dst=client:1
event=resp_rdma_read ts_ns=24611251 id=641 start_ns=22994343 dur_ns=1616908 clt=1 wrkr=8 slot=1 size=409608 src=worker:8 dst=client:1
event=resp_rdma_read ts_ns=24742272 id=647 start_ns=23150860 dur_ns=1591412 clt=1 wrkr=6 slot=0 size=409608 src=worker:6 dst=client:1
event=resp_rdma_read ts_ns=24750579 id=640 start_ns=22976071 dur_ns=1774508 clt=1 wrkr=7 slot=9 size=409608 src=worker:7 dst=client:1
event=resp_rdma_read ts_ns=24826033 id=642 start_ns=23046072 dur_ns=1779961 clt=1 wrkr=0 slot=1 size=409608 src=worker:0 dst=client:1
event=resp_rdma_read ts_ns=24853152 id=643 start_ns=23046512 dur_ns=1806640 clt=1 wrkr=5 slot=4 size=409608 src=worker:5 dst=client:1
event=resp_rdma_read ts_ns=24863363 id=645 start_ns=23068756 dur_ns=1794607 clt=1 wrkr=10 slot=6 size=409608 src=worker:10 dst=client:1
