event=req_send ts_ns=1 id=2 clt=2 wrkr=9 slot=0 size=17 src=client:2 dst=worker:9
event=req_send ts_ns=2501 id=5 clt=2 wrkr=1 slot=0 size=17 src=client:2 dst=worker:1
event=req_send ts_ns=5001 id=8 clt=2 wrkr=1 slot=1 size=17 src=client:2 dst=worker:1
event=req_send ts_ns=7501 id=11 clt=2 wrkr=10 slot=0 size=17 src=client:2 dst=worker:10
event=req_send ts_ns=10001 id=14 clt=2 wrkr=4 slot=0 size=17 src=client:2 dst=worker:4
event=req_send ts_ns=12501 id=17 clt=2 wrkr=2 slot=0 size=17 src=client:2 dst=worker:2
event=req_send ts_ns=15001 id=20 clt=2 wrkr=11 slot=0 size=17 src=client:2 dst=worker:11
event=req_send ts_ns=17501 id=23 clt=2 wrkr=6 slot=0 size=17 src=client:2 dst=worker:6
event=req_send ts_ns=20001 id=26 clt=2 wrkr=5 slot=0 size=17 src=client:2 dst=worker:5
event=req_send ts_ns=22501 id=29 clt=2 wrkr=10 slot=1 size=17 src=client:2 dst=worker:10
event=req_send ts_ns=25001 id=32 clt=2 wrkr=3 slot=0 size=17 src=client:2 dst=worker:3
event=req_send ts_ns=27501 id=35 clt=2 wrkr=1 slot=2 size=17 src=client:2 dst=worker:1
event=req_send ts_ns=30001 id=38 clt=2 wrkr=4 slot=1 size=17 src=client:2 dst=worker:4
event=req_send ts_ns=32501 id=41 clt=2 wrkr=8 slot=0 size=17 src=client:2 dst=worker:8
event=req_send ts_ns=35001 id=44 clt=2 wrkr=0 slot=0 size=17 src=client:2 dst=worker:0
event=req_send ts_ns=37501 id=47 clt=2 wrkr=6 slot=1 size=17 src=client:2 dst=worker:6
event=resp_recv_ud ts_ns=53984 id=5 clt=2 wrkr=1 slot=0 size=41 src=worker:1 dst=client:2
event=resp_recv_ud ts_ns=54159 id=8 clt=2 wrkr=1 slot=1 size=41 src=worker:1 dst=client:2
event=resp_recv_ud ts_ns=54772 id=2 clt=2 wrkr=9 slot=0 size=41 src=worker:9 dst=client:2
event=resp_recv_ud ts_ns=57385 id=11 clt=2 wrkr=10 slot=0 size=41 src=worker:10 dst=client:2
event=resp_recv_ud ts_ns=60415 id=14 clt=2 wrkr=4 slot=0 size=41 src=worker:4 dst=client:2
event=hand_send ts_ns=62631 id=5 clt=2 wrkr=1 slot=0 size=10 src=client:2 dst=worker:1
event=resp_recv_ud ts_ns=62697 id=17 clt=2 wrkr=2 slot=0 size=41 src=worker:2 dst=client:2
event=hand_send ts_ns=62806 id=8 clt=2 wrkr=1 slot=1 size=10 src=client:2 dst=worker:1
event=hand_send ts_ns=63419 id=2 clt=2 wrkr=9 slot=0 size=10 src=client:2 dst=worker:9
event=resp_recv_ud ts_ns=63448 id=20 clt=2 wrkr=11 slot=0 size=41 src=worker:11 dst=client:2
event=resp_recv_ud ts_ns=64684 id=23 clt=2 wrkr=6 slot=0 size=41 src=worker:6 dst=client:2
event=hand_send ts_ns=66032 id=11 clt=2 wrkr=10 slot=0 size=10 src=client:2 dst=worker:10
event=resp_recv_ud ts_ns=66078 id=26 clt=2 wrkr=5 slot=0 size=41 src=worker:5 dst=client:2
event=resp_recv_ud ts_ns=67398 id=29 clt=2 wrkr=10 slot=1 size=41 src=worker:10 dst=client:2
event=hand_send ts_ns=69062 id=14 clt=2 wrkr=4 slot=0 size=10 src=client:2 dst=worker:4
event=resp_recv_ud ts_ns=69283 id=32 clt=2 wrkr=3 slot=0 size=41 src=worker:3 dst=client:2
event=resp_recv_ud ts_ns=69906 id=35 clt=2 wrkr=1 slot=2 size=41 src=worker:1 dst=client:2
event=resp_recv_ud ts_ns=71197 id=38 clt=2 wrkr=4 slot=1 size=41 src=worker:4 dst=client:2
event=hand_send ts_ns=71344 id=17 clt=2 wrkr=2 slot=0 size=10 src=client:2 dst=worker:2
event=hand_send ts_ns=72095 id=20 clt=2 wrkr=11 slot=0 size=10 src=client:2 dst=worker:11
event=resp_recv_ud ts_ns=72918 id=41 clt=2 wrkr=8 slot=0 size=41 src=worker:8 dst=client:2
event=hand_send ts_ns=73331 id=23 clt=2 wrkr=6 slot=0 size=10 src=client:2 dst=worker:6
event=hand_send ts_ns=74725 id=26 clt=2 wrkr=5 slot=0 size=10 src=client:2 dst=worker:5
event=resp_recv_ud ts_ns=75732 id=44 clt=2 wrkr=0 slot=0 size=41 src=worker:0 dst=client:2
event=hand_send ts_ns=76045 id=29 clt=2 wrkr=10 slot=1 size=10 src=client:2 dst=worker:10
event=resp_recv_ud ts_ns=77675 id=47 clt=2 wrkr=6 slot=1 size=41 src=worker:6 dst=client:2
event=hand_send ts_ns=77930 id=32 clt=2 wrkr=3 slot=0 size=10 src=client:2 dst=worker:3
event=hand_send ts_ns=78553 id=35 clt=2 wrkr=1 slot=2 size=10 src=client:2 dst=worker:1
event=hand_send ts_ns=79844 id=38 clt=2 wrkr=4 slot=1 size=10 src=client:2 dst=worker:4
event=hand_send ts_ns=81565 id=41 clt=2 wrkr=8 slot=0 size=10 src=client:2 dst=worker:8
event=hand_send ts_ns=84379 id=44 clt=2 wrkr=0 slot=0 size=10 src=client:2 dst=worker:0
event=hand_send ts_ns=86322 id=47 clt=2 wrkr=6 slot=1 size=10 src=client:2 dst=worker:6
event=resp_rdma_read ts_ns=1358387 id=8 start_ns=62806 dur_ns=1295581 clt=2 wrkr=1 slot=1 size=409608 src=worker:1 dst=client:2
event=req_send ts_ns=1358387 id=50 clt=2 wrkr=8 slot=1 size=17 src=client:2 dst=worker:8
event=resp_rdma_read ts_ns=1364385 id=5 start_ns=62631 dur_ns=1301754 clt=2 wrkr=1 slot=0 size=409608 src=worker:1 dst=client:2
event=req_send ts_ns=1364385 id=51 clt=2 wrkr=11 slot=1 size=17 src=client:2 dst=worker:11
event=resp_rdma_read ts_ns=1388563 id=2 start_ns=63419 dur_ns=1325144 clt=2 wrkr=9 slot=0 size=409608 src=worker:9 dst=client:2
event=req_send ts_ns=1388563 id=52 clt=2 wrkr=4 slot=2 size=17 src=client:2 dst=worker:4
event=resp_recv_ud ts_ns=1427556 id=50 clt=2 wrkr=8 slot=1 size=41 src=worker:8 dst=client:2
event=resp_rdma_read ts_ns=1433066 id=11 start_ns=66032 dur_ns=1367034 clt=2 wrkr=10 slot=0 size=409608 src=worker:10 dst=client:2
event=req_send ts_ns=1433066 id=55 clt=2 wrkr=10 slot=2 size=17 src=client:2 dst=worker:10
event=resp_recv_ud ts_ns=1433879 id=51 clt=2 wrkr=11 slot=1 size=41 src=worker:11 dst=client:2
event=hand_send ts_ns=1436203 id=50 clt=2 wrkr=8 slot=1 size=10 src=client:2 dst=worker:8
event=hand_send ts_ns=1442526 id=51 clt=2 wrkr=11 slot=1 size=10 src=client:2 dst=worker:11
event=resp_recv_ud ts_ns=1458458 id=52 clt=2 wrkr=4 slot=2 size=41 src=worker:4 dst=client:2
event=resp_rdma_read ts_ns=1466051 id=14 start_ns=69062 dur_ns=1396989 clt=2 wrkr=4 slot=0 size=409608 src=worker:4 dst=client:2
event=req_send ts_ns=1466051 id=58 clt=2 wrkr=6 slot=2 size=17 src=client:2 dst=worker:6
event=hand_send ts_ns=1467105 id=52 clt=2 wrkr=4 slot=2 size=10 src=client:2 dst=worker:4
event=resp_rdma_read ts_ns=1498682 id=17 start_ns=71344 dur_ns=1427338 clt=2 wrkr=2 slot=0 size=409608 src=worker:2 dst=client:2
event=req_send ts_ns=1498682 id=59 clt=2 wrkr=3 slot=1 size=17 src=client:2 dst=worker:3
event=resp_recv_ud ts_ns=1503914 id=55 clt=2 wrkr=10 slot=2 size=41 src=worker:10 dst=client:2
event=resp_rdma_read ts_ns=1505851 id=20 start_ns=72095 dur_ns=1433756 clt=2 wrkr=11 slot=0 size=409608 src=worker:11 dst=client:2
event=req_send ts_ns=1505851 id=60 clt=2 wrkr=0 slot=1 size=17 src=client:2 dst=worker:0
event=hand_send ts_ns=1512561 id=55 clt=2 wrkr=10 slot=2 size=10 src=client:2 dst=worker:10
event=resp_recv_ud ts_ns=1537255 id=58 clt=2 wrkr=6 slot=2 size=41 src=worker:6 dst=client:2
event=hand_send ts_ns=1545902 id=58 clt=2 wrkr=6 slot=2 size=10 src=client:2 dst=worker:6
event=resp_rdma_read ts_ns=1558462 id=23 start_ns=73331 dur_ns=1485131 clt=2 wrkr=6 slot=0 size=409608 src=worker:6 dst=client:2
event=req_send ts_ns=1558462 id=64 clt=2 wrkr=11 slot=2 size=17 src=client:2 dst=worker:11
event=resp_recv_ud ts_ns=1569528 id=59 clt=2 wrkr=3 slot=1 size=41 src=worker:3 dst=client:2
event=resp_recv_ud ts_ns=1577403 id=60 clt=2 wrkr=0 slot=1 size=41 src=worker:0 dst=client:2
event=hand_send ts_ns=1578175 id=59 clt=2 wrkr=3 slot=1 size=10 src=client:2 dst=worker:3
event=resp_rdma_read ts_ns=1585154 id=26 start_ns=74725 dur_ns=1510429 clt=2 wrkr=5 slot=0 size=409608 src=worker:5 dst=client:2
event=req_send ts_ns=1585154 id=66 clt=2 wrkr=8 slot=2 size=17 src=client:2 dst=worker:8
event=hand_send ts_ns=1586050 id=60 clt=2 wrkr=0 slot=1 size=10 src=client:2 dst=worker:0
event=resp_recv_ud ts_ns=1629292 id=64 clt=2 wrkr=11 slot=2 size=41 src=worker:11 dst=client:2
event=hand_send ts_ns=1637939 id=64 clt=2 wrkr=11 slot=2 size=10 src=client:2 dst=worker:11
event=resp_rdma_read ts_ns=1649037 id=29 start_ns=76045 dur_ns=1572992 clt=2 wrkr=10 slot=1 size=409608 src=worker:10 dst=client:2
event=req_send ts_ns=1649037 id=70 clt=2 wrkr=7 slot=0 size=17 src=client:2 dst=worker:7
event=resp_recv_ud ts_ns=1656530 id=66 clt=2 wrkr=8 slot=2 size=41 src=worker:8 dst=client:2
event=hand_send ts_ns=1665177 id=66 clt=2 wrkr=8 slot=2 size=10 src=client:2 dst=worker:8
event=resp_rdma_read ts_ns=1715635 id=32 start_ns=77930 dur_ns=1637705 clt=2 wrkr=3 slot=0 size=409608 src=worker:3 dst=client:2
event=req_send ts_ns=1715635 id=73 clt=2 wrkr=6 slot=3 size=17 src=client:2 dst=worker:6
event=resp_recv_ud ts_ns=1720331 id=70 clt=2 wrkr=7 slot=0 size=41 src=worker:7 dst=client:2
event=hand_send ts_ns=1728978 id=70 clt=2 wrkr=7 slot=0 size=10 src=client:2 dst=worker:7
event=resp_recv_ud ts_ns=1785308 id=73 clt=2 wrkr=6 slot=3 size=41 src=worker:6 dst=client:2
event=hand_send ts_ns=1793955 id=73 clt=2 wrkr=6 slot=3 size=10 src=client:2 dst=worker:6
event=resp_rdma_read ts_ns=1797969 id=35 start_ns=78553 dur_ns=1719416 clt=2 wrkr=1 slot=2 size=409608 src=worker:1 dst=client:2
event=req_send ts_ns=1797969 id=76 clt=2 wrkr=6 slot=4 size=17 src=client:2 dst=worker:6
event=resp_rdma_read ts_ns=1830757 id=38 start_ns=79844 dur_ns=1750913 clt=2 wrkr=4 slot=1 size=409608 src=worker:4 dst=client:2
event=req_send ts_ns=1830757 id=77 clt=2 wrkr=2 slot=1 size=17 src=client:2 dst=worker:2
event=resp_recv_ud ts_ns=1869652 id=76 clt=2 wrkr=6 slot=4 size=41 src=worker:6 dst=client:2
event=hand_send ts_ns=1878299 id=76 clt=2 wrkr=6 slot=4 size=10 src=client:2 dst=worker:6
event=resp_recv_ud ts_ns=1893916 id=77 clt=2 wrkr=2 slot=1 size=41 src=worker:2 dst=client:2
event=hand_send ts_ns=1902563 id=77 clt=2 wrkr=2 slot=1 size=10 src=client:2 dst=worker:2
event=resp_rdma_read ts_ns=1932478 id=41 start_ns=81565 dur_ns=1850913 clt=2 wrkr=8 slot=0 size=409608 src=worker:8 dst=client:2
event=req_send ts_ns=1932478 id=80 clt=2 wrkr=1 slot=3 size=17 src=client:2 dst=worker:1
event=resp_recv_ud ts_ns=2003097 id=80 clt=2 wrkr=1 slot=3 size=41 src=worker:1 dst=client:2
event=hand_send ts_ns=2011744 id=80 clt=2 wrkr=1 slot=3 size=10 src=client:2 dst=worker:1
event=resp_rdma_read ts_ns=2080512 id=44 start_ns=84379 dur_ns=1996133 clt=2 wrkr=0 slot=0 size=409608 src=worker:0 dst=client:2
event=req_send ts_ns=2080512 id=83 clt=2 wrkr=4 slot=3 size=17 src=client:2 dst=worker:4
event=resp_recv_ud ts_ns=2150168 id=83 clt=2 wrkr=4 slot=3 size=41 src=worker:4 dst=client:2
event=hand_send ts_ns=2158815 id=83 clt=2 wrkr=4 slot=3 size=10 src=client:2 dst=worker:4
event=resp_rdma_read ts_ns=2245440 id=47 start_ns=86322 dur_ns=2159118 clt=2 wrkr=6 slot=1 size=409608 src=worker:6 dst=client:2
event=req_send ts_ns=2245440 id=86 clt=2 wrkr=8 slot=3 size=17 src=client:2 dst=worker:8
event=resp_recv_ud ts_ns=2303291 id=86 clt=2 wrkr=8 slot=3 size=41 src=worker:8 dst=client:2
event=hand_send ts_ns=2311938 id=86 clt=2 wrkr=8 slot=3 size=10 src=client:2 dst=worker:8
event=resp_rdma_read ts_ns=3275796 id=86 start_ns=2311938 dur_ns=963858 clt=2 wrkr=8 slot=3 size=409608 src=worker:8 dst=client:2
event=req_send ts_ns=3275796 id=96 clt=2 wrkr=5 slot=1 size=17 src=client:2 dst=worker:5
event=resp_recv_ud ts_ns=3313335 id=96 clt=2 wrkr=5 slot=1 size=41 src=worker:5 dst=client:2
event=hand_send ts_ns=3321982 id=96 clt=2 wrkr=5 slot=1 size=10 src=client:2 dst=worker:5
event=resp_rdma_read ts_ns=3683293 id=59 start_ns=1578175 dur_ns=2105118 clt=2 wrkr=3 slot=1 size=409608 src=worker:3 dst=client:2
event=req_send ts_ns=3683293 id=103 clt=2 wrkr=8 slot=4 size=17 src=client:2 dst=worker:8
event=resp_rdma_read ts_ns=3706059 id=52 start_ns=1467105 dur_ns=2238954 clt=2 wrkr=4 slot=2 size=409608 src=worker:4 dst=client:2
event=req_send ts_ns=3706059 id=104 clt=2 wrkr=4 slot=4 size=17 src=client:2 dst=worker:4
event=resp_recv_ud ts_ns=3740483 id=103 clt=2 wrkr=8 slot=4 size=41 src=worker:8 dst=client:2
event=hand_send ts_ns=3749130 id=103 clt=2 wrkr=8 slot=4 size=10 src=client:2 dst=worker:8
event=resp_recv_ud ts_ns=3753541 id=104 clt=2 wrkr=4 slot=4 size=41 src=worker:4 dst=client:2
event=resp_rdma_read ts_ns=3755448 id=50 start_ns=1436203 dur_ns=2319245 clt=2 wrkr=8 slot=1 size=409608 src=worker:8 dst=client:2
event=req_send ts_ns=3755448 id=105 clt=2 wrkr=2 slot=2 size=17 src=client:2 dst=worker:2
event=hand_send ts_ns=3762188 id=104 clt=2 wrkr=4 slot=4 size=10 src=client:2 dst=worker:4
event=resp_rdma_read ts_ns=3778113 id=58 start_ns=1545902 dur_ns=2232211 clt=2 wrkr=6 slot=2 size=409608 src=worker:6 dst=client:2
event=req_send ts_ns=3778113 id=107 clt=2 wrkr=3 slot=2 size=17 src=client:2 dst=worker:3
event=resp_rdma_read ts_ns=3799566 id=51 start_ns=1442526 dur_ns=2357040 clt=2 wrkr=11 slot=1 size=409608 src=worker:11 dst=client:2
event=req_send ts_ns=3799566 id=109 clt=2 wrkr=10 slot=3 size=17 src=client:2 dst=worker:10
event=resp_recv_ud ts_ns=3812002 id=105 clt=2 wrkr=2 slot=2 size=41 src=worker:2 dst=client:2
event=hand_send ts_ns=3820649 id=105 clt=2 wrkr=2 slot=2 size=10 src=client:2 dst=worker:2
event=resp_recv_ud ts_ns=3835143 id=107 clt=2 wrkr=3 slot=2 size=41 src=worker:3 dst=client:2
event=resp_rdma_read ts_ns=3841222 id=73 start_ns=1793955 dur_ns=2047267 clt=2 wrkr=6 slot=3 size=409608 src=worker:6 dst=client:2
event=req_send ts_ns=3841222 id=115 clt=2 wrkr=2 slot=3 size=17 src=client:2 dst=worker:2
event=hand_send ts_ns=3843790 id=107 clt=2 wrkr=3 slot=2 size=10 src=client:2 dst=worker:3
event=resp_recv_ud ts_ns=3856734 id=109 clt=2 wrkr=10 slot=3 size=41 src=worker:10 dst=client:2
event=resp_rdma_read ts_ns=3860965 id=60 start_ns=1586050 dur_ns=2274915 clt=2 wrkr=0 slot=1 size=409608 src=worker:0 dst=client:2
event=req_send ts_ns=3860965 id=117 clt=2 wrkr=1 slot=4 size=17 src=client:2 dst=worker:1
event=hand_send ts_ns=3865381 id=109 clt=2 wrkr=10 slot=3 size=10 src=client:2 dst=worker:10
event=resp_rdma_read ts_ns=3889992 id=55 start_ns=1512561 dur_ns=2377431 clt=2 wrkr=10 slot=2 size=409608 src=worker:10 dst=client:2
event=req_send ts_ns=3889992 id=119 clt=2 wrkr=9 slot=1 size=17 src=client:2 dst=worker:9
event=resp_recv_ud ts_ns=3898905 id=115 clt=2 wrkr=2 slot=3 size=41 src=worker:2 dst=client:2
event=hand_send ts_ns=3907552 id=115 clt=2 wrkr=2 slot=3 size=10 src=client:2 dst=worker:2
event=resp_recv_ud ts_ns=3919386 id=117 clt=2 wrkr=1 slot=4 size=41 src=worker:1 dst=client:2
event=resp_rdma_read ts_ns=3919797 id=83 start_ns=2158815 dur_ns=1760982 clt=2 wrkr=4 slot=3 size=409608 src=worker:4 dst=client:2
event=req_send ts_ns=3919797 id=123 clt=2 wrkr=8 slot=5 size=17 src=client:2 dst=worker:8
event=hand_send ts_ns=3928033 id=117 clt=2 wrkr=1 slot=4 size=10 src=client:2 dst=worker:1
event=resp_recv_ud ts_ns=3949507 id=119 clt=2 wrkr=9 slot=1 size=41 src=worker:9 dst=client:2
event=resp_rdma_read ts_ns=3956222 id=80 start_ns=2011744 dur_ns=1944478 clt=2 wrkr=1 slot=3 size=409608 src=worker:1 dst=client:2
event=req_send ts_ns=3956222 id=125 clt=2 wrkr=4 slot=5 size=17 src=client:2 dst=worker:4
event=hand_send ts_ns=3958154 id=119 clt=2 wrkr=9 slot=1 size=10 src=client:2 dst=worker:9
event=resp_recv_ud ts_ns=3980744 id=123 clt=2 wrkr=8 slot=5 size=41 src=worker:8 dst=client:2
event=hand_send ts_ns=3989391 id=123 clt=2 wrkr=8 slot=5 size=10 src=client:2 dst=worker:8
event=resp_recv_ud ts_ns=4019432 id=125 clt=2 wrkr=4 slot=5 size=41 src=worker:4 dst=client:2
event=resp_rdma_read ts_ns=4026621 id=64 start_ns=1637939 dur_ns=2388682 clt=2 wrkr=11 slot=2 size=409608 src=worker:11 dst=client:2
event=req_send ts_ns=4026621 id=131 clt=2 wrkr=4 slot=6 size=17 src=client:2 dst=worker:4
event=hand_send ts_ns=4028079 id=125 clt=2 wrkr=4 slot=5 size=10 src=client:2 dst=worker:4
event=resp_rdma_read ts_ns=4062329 id=66 start_ns=1665177 dur_ns=2397152 clt=2 wrkr=8 slot=2 size=409608 src=worker:8 dst=client:2
event=req_send ts_ns=4062329 id=136 clt=2 wrkr=11 slot=3 size=17 src=client:2 dst=worker:11
event=resp_recv_ud ts_ns=4093818 id=131 clt=2 wrkr=4 slot=6 size=41 src=worker:4 dst=client:2
event=resp_rdma_read ts_ns=4096252 id=70 start_ns=1728978 dur_ns=2367274 clt=2 wrkr=7 slot=0 size=409608 src=worker:7 dst=client:2
event=req_send ts_ns=4096252 id=138 clt=2 wrkr=2 slot=4 size=17 src=client:2 dst=worker:2
event=hand_send ts_ns=4102465 id=131 clt=2 wrkr=4 slot=6 size=10 src=client:2 dst=worker:4
event=resp_recv_ud ts_ns=4131569 id=136 clt=2 wrkr=11 slot=3 size=41 src=worker:11 dst=client:2
event=hand_send ts_ns=4140216 id=136 clt=2 wrkr=11 slot=3 size=10 src=client:2 dst=worker:11
event=resp_recv_ud ts_ns=4166017 id=138 clt=2 wrkr=2 slot=4 size=41 src=worker:2 dst=client:2
event=hand_send ts_ns=4174664 id=138 clt=2 wrkr=2 slot=4 size=10 src=client:2 dst=worker:2
event=resp_rdma_read ts_ns=4234965 id=76 start_ns=1878299 dur_ns=2356666 clt=2 wrkr=6 slot=4 size=409608 src=worker:6 dst=client:2
event=req_send ts_ns=4234965 id=141 clt=2 wrkr=1 slot=5 size=17 src=client:2 dst=worker:1
event=resp_recv_ud ts_ns=4304845 id=141 clt=2 wrkr=1 slot=5 size=41 src=worker:1 dst=client:2
event=hand_send ts_ns=4313492 id=141 clt=2 wrkr=1 slot=5 size=10 src=client:2 dst=worker:1
event=resp_rdma_read ts_ns=4334137 id=77 start_ns=1902563 dur_ns=2431574 clt=2 wrkr=2 slot=1 size=409608 src=worker:2 dst=client:2
event=req_send ts_ns=4334137 id=143 clt=2 wrkr=7 slot=1 size=17 src=client:2 dst=worker:7
event=resp_recv_ud ts_ns=4391527 id=143 clt=2 wrkr=7 slot=1 size=41 src=worker:7 dst=client:2
event=hand_send ts_ns=4400174 id=143 clt=2 wrkr=7 slot=1 size=10 src=client:2 dst=worker:7
event=resp_rdma_read ts_ns=4529238 id=96 start_ns=3321982 dur_ns=1207256 clt=2 wrkr=5 slot=1 size=409608 src=worker:5 dst=client:2
event=req_send ts_ns=4529238 id=146 clt=2 wrkr=9 slot=2 size=17 src=client:2 dst=worker:9
event=resp_recv_ud ts_ns=4578140 id=146 clt=2 wrkr=9 slot=2 size=41 src=worker:9 dst=client:2
event=hand_send ts_ns=4586787 id=146 clt=2 wrkr=9 slot=2 size=10 src=client:2 dst=worker:9
event=resp_rdma_read ts_ns=5028662 id=103 start_ns=3749130 dur_ns=1279532 clt=2 wrkr=8 slot=4 size=409608 src=worker:8 dst=client:2
event=req_send ts_ns=5028662 id=149 clt=2 wrkr=10 slot=4 size=17 src=client:2 dst=worker:10
event=resp_recv_ud ts_ns=5067100 id=149 clt=2 wrkr=10 slot=4 size=41 src=worker:10 dst=client:2
event=hand_send ts_ns=5075747 id=149 clt=2 wrkr=10 slot=4 size=10 src=client:2 dst=worker:10
event=resp_rdma_read ts_ns=5080646 id=104 start_ns=3762188 dur_ns=1318458 clt=2 wrkr=4 slot=4 size=409608 src=worker:4 dst=client:2
event=req_send ts_ns=5080646 id=151 clt=2 wrkr=7 slot=2 size=17 src=client:2 dst=worker:7
event=resp_recv_ud ts_ns=5137369 id=151 clt=2 wrkr=7 slot=2 size=41 src=worker:7 dst=client:2
event=hand_send ts_ns=5146016 id=151 clt=2 wrkr=7 slot=2 size=10 src=client:2 dst=worker:7
event=resp_rdma_read ts_ns=5218767 id=105 start_ns=3820649 dur_ns=1398118 clt=2 wrkr=2 slot=2 size=409608 src=worker:2 dst=client:2
event=req_send ts_ns=5218767 id=153 clt=2 wrkr=4 slot=7 size=17 src=client:2 dst=worker:4
event=resp_recv_ud ts_ns=5255129 id=153 clt=2 wrkr=4 slot=7 size=41 src=worker:4 dst=client:2
event=hand_send ts_ns=5263776 id=153 clt=2 wrkr=4 slot=7 size=10 src=client:2 dst=worker:4
event=resp_rdma_read ts_ns=5274572 id=107 start_ns=3843790 dur_ns=1430782 clt=2 wrkr=3 slot=2 size=409608 src=worker:3 dst=client:2
event=req_send ts_ns=5274572 id=155 clt=2 wrkr=0 slot=2 size=17 src=client:2 dst=worker:0
event=resp_recv_ud ts_ns=5325116 id=155 clt=2 wrkr=0 slot=2 size=41 src=worker:0 dst=client:2
event=resp_rdma_read ts_ns=5333738 id=109 start_ns=3865381 dur_ns=1468357 clt=2 wrkr=10 slot=3 size=409608 src=worker:10 dst=client:2
event=req_send ts_ns=5333738 id=157 clt=2 wrkr=11 slot=4 size=17 src=client:2 dst=worker:11
event=hand_send ts_ns=5333763 id=155 clt=2 wrkr=0 slot=2 size=10 src=client:2 dst=worker:0
event=resp_recv_ud ts_ns=5387994 id=157 clt=2 wrkr=11 slot=4 size=41 src=worker:11 dst=client:2
event=hand_send ts_ns=5396641 id=157 clt=2 wrkr=11 slot=4 size=10 src=client:2 dst=worker:11
event=resp_rdma_read ts_ns=5410683 id=138 start_ns=4174664 dur_ns=1236019 clt=2 wrkr=2 slot=4 size=409608 src=worker:2 dst=client:2
event=req_send ts_ns=5410683 id=160 clt=2 wrkr=0 slot=3 size=17 src=client:2 dst=worker:0
event=resp_rdma_read ts_ns=5449518 id=115 start_ns=3907552 dur_ns=1541966 clt=2 wrkr=2 slot=3 size=409608 src=worker:2 dst=client:2
event=req_send ts_ns=5449518 id=162 clt=2 wrkr=11 slot=5 size=17 src=client:2 dst=worker:11
event=resp_recv_ud ts_ns=5467167 id=160 clt=2 wrkr=0 slot=3 size=41 src=worker:0 dst=client:2
event=hand_send ts_ns=5475814 id=160 clt=2 wrkr=0 slot=3 size=10 src=client:2 dst=worker:0
event=resp_recv_ud ts_ns=5507745 id=162 clt=2 wrkr=11 slot=5 size=41 src=worker:11 dst=client:2
event=hand_send ts_ns=5516392 id=162 clt=2 wrkr=11 slot=5 size=10 src=client:2 dst=worker:11
event=resp_rdma_read ts_ns=5518964 id=117 start_ns=3928033 dur_ns=1590931 clt=2 wrkr=1 slot=4 size=409608 src=worker:1 dst=client:2
event=req_send ts_ns=5518964 id=165 clt=2 wrkr=7 slot=3 size=17 src=client:2 dst=worker:7
event=resp_recv_ud ts_ns=5578314 id=165 clt=2 wrkr=7 slot=3 size=41 src=worker:7 dst=client:2
event=hand_send ts_ns=5586961 id=165 clt=2 wrkr=7 slot=3 size=10 src=client:2 dst=worker:7
event=resp_rdma_read ts_ns=5609732 id=119 start_ns=3958154 dur_ns=1651578 clt=2 wrkr=9 slot=1 size=409608 src=worker:9 dst=client:2
event=req_send ts_ns=5609732 id=168 clt=2 wrkr=5 slot=2 size=17 src=client:2 dst=worker:5
event=resp_recv_ud ts_ns=5669791 id=168 clt=2 wrkr=5 slot=2 size=41 src=worker:5 dst=client:2
event=hand_send ts_ns=5678438 id=168 clt=2 wrkr=5 slot=2 size=10 src=client:2 dst=worker:5
event=resp_rdma_read ts_ns=5776694 id=123 start_ns=3989391 dur_ns=1787303 clt=2 wrkr=8 slot=5 size=409608 src=worker:8 dst=client:2
event=req_send ts_ns=5776694 id=175 clt=2 wrkr=0 slot=4 size=17 src=client:2 dst=worker:0
event=resp_rdma_read ts_ns=5797404 id=143 start_ns=4400174 dur_ns=1397230 clt=2 wrkr=7 slot=1 size=409608 src=worker:7 dst=client:2
event=req_send ts_ns=5797404 id=176 clt=2 wrkr=11 slot=6 size=17 src=client:2 dst=worker:11
event=resp_recv_ud ts_ns=5839302 id=175 clt=2 wrkr=0 slot=4 size=41 src=worker:0 dst=client:2
event=hand_send ts_ns=5847949 id=175 clt=2 wrkr=0 slot=4 size=10 src=client:2 dst=worker:0
event=resp_recv_ud ts_ns=5860365 id=176 clt=2 wrkr=11 slot=6 size=41 src=worker:11 dst=client:2
event=hand_send ts_ns=5869012 id=176 clt=2 wrkr=11 slot=6 size=10 src=client:2 dst=worker:11
event=resp_rdma_read ts_ns=5981087 id=125 start_ns=4028079 dur_ns=1953008 clt=2 wrkr=4 slot=5 size=409608 src=worker:4 dst=client:2
event=req_send ts_ns=5981087 id=180 clt=2 wrkr=2 slot=5 size=17 src=client:2 dst=worker:2
event=resp_recv_ud ts_ns=6046924 id=180 clt=2 wrkr=2 slot=5 size=41 src=worker:2 dst=client:2
event=hand_send ts_ns=6055571 id=180 clt=2 wrkr=2 slot=5 size=10 src=client:2 dst=worker:2
event=resp_rdma_read ts_ns=6103633 id=146 start_ns=4586787 dur_ns=1516846 clt=2 wrkr=9 slot=2 size=409608 src=worker:9 dst=client:2
event=req_send ts_ns=6103633 id=185 clt=2 wrkr=7 slot=4 size=17 src=client:2 dst=worker:7
event=resp_recv_ud ts_ns=6165967 id=185 clt=2 wrkr=7 slot=4 size=41 src=worker:7 dst=client:2
event=hand_send ts_ns=6174614 id=185 clt=2 wrkr=7 slot=4 size=10 src=client:2 dst=worker:7
event=resp_rdma_read ts_ns=6273413 id=131 start_ns=4102465 dur_ns=2170948 clt=2 wrkr=4 slot=6 size=409608 src=worker:4 dst=client:2
event=req_send ts_ns=6273413 id=190 clt=2 wrkr=0 slot=5 size=17 src=client:2 dst=worker:0
event=resp_recv_ud ts_ns=6338188 id=190 clt=2 wrkr=0 slot=5 size=41 src=worker:0 dst=client:2
event=resp_rdma_read ts_ns=6345445 id=141 start_ns=4313492 dur_ns=2031953 clt=2 wrkr=1 slot=5 size=409608 src=worker:1 dst=client:2
event=req_send ts_ns=6345445 id=193 clt=2 wrkr=10 slot=5 size=17 src=client:2 dst=worker:10
event=hand_send ts_ns=6346835 id=190 clt=2 wrkr=0 slot=5 size=10 src=client:2 dst=worker:0
event=resp_rdma_read ts_ns=6361456 id=149 start_ns=5075747 dur_ns=1285709 clt=2 wrkr=10 slot=4 size=409608 src=worker:10 dst=client:2
event=req_send ts_ns=6361456 id=194 clt=2 wrkr=1 slot=6 size=17 src=client:2 dst=worker:1
event=resp_recv_ud ts_ns=6415570 id=193 clt=2 wrkr=10 slot=5 size=41 src=worker:10 dst=client:2
event=hand_send ts_ns=6424217 id=193 clt=2 wrkr=10 slot=5 size=10 src=client:2 dst=worker:10
event=resp_recv_ud ts_ns=6432530 id=194 clt=2 wrkr=1 slot=6 size=41 src=worker:1 dst=client:2
event=hand_send ts_ns=6441177 id=194 clt=2 wrkr=1 slot=6 size=10 src=client:2 dst=worker:1
event=resp_rdma_read ts_ns=6459567 id=151 start_ns=5146016 dur_ns=1313551 clt=2 wrkr=7 slot=2 size=409608 src=worker:7 dst=client:2
event=req_send ts_ns=6459567 id=197 clt=2 wrkr=0 slot=6 size=17 src=client:2 dst=worker:0
event=resp_rdma_read ts_ns=6500871 id=136 start_ns=4140216 dur_ns=2360655 clt=2 wrkr=11 slot=3 size=409608 src=worker:11 dst=client:2
event=req_send ts_ns=6500871 id=199 clt=2 wrkr=5 slot=3 size=17 src=client:2 dst=worker:5
event=resp_recv_ud ts_ns=6529449 id=197 clt=2 wrkr=0 slot=6 size=41 src=worker:0 dst=client:2
event=hand_send ts_ns=6538096 id=197 clt=2 wrkr=0 slot=6 size=10 src=client:2 dst=worker:0
event=resp_recv_ud ts_ns=6572143 id=199 clt=2 wrkr=5 slot=3 size=41 src=worker:5 dst=client:2
event=hand_send ts_ns=6580790 id=199 clt=2 wrkr=5 slot=3 size=10 src=client:2 dst=worker:5
event=resp_rdma_read ts_ns=6601637 id=153 start_ns=5263776 dur_ns=1337861 clt=2 wrkr=4 slot=7 size=409608 src=worker:4 dst=client:2
event=req_send ts_ns=6601637 id=201 clt=2 wrkr=3 slot=3 size=17 src=client:2 dst=worker:3
event=resp_recv_ud ts_ns=6671312 id=201 clt=2 wrkr=3 slot=3 size=41 src=worker:3 dst=client:2
event=resp_rdma_read ts_ns=6676278 id=155 start_ns=5333763 dur_ns=1342515 clt=2 wrkr=0 slot=2 size=409608 src=worker:0 dst=client:2
event=req_send ts_ns=6676278 id=204 clt=2 wrkr=4 slot=8 size=17 src=client:2 dst=worker:4
event=hand_send ts_ns=6679959 id=201 clt=2 wrkr=3 slot=3 size=10 src=client:2 dst=worker:3
event=resp_recv_ud ts_ns=6746666 id=204 clt=2 wrkr=4 slot=8 size=41 src=worker:4 dst=client:2
event=resp_rdma_read ts_ns=6752168 id=160 start_ns=5475814 dur_ns=1276354 clt=2 wrkr=0 slot=3 size=409608 src=worker:0 dst=client:2
event=req_send ts_ns=6752168 id=206 clt=2 wrkr=9 slot=3 size=17 src=client:2 dst=worker:9
event=hand_send ts_ns=6755313 id=204 clt=2 wrkr=4 slot=8 size=10 src=client:2 dst=worker:4
event=resp_rdma_read ts_ns=6797051 id=157 start_ns=5396641 dur_ns=1400410 clt=2 wrkr=11 slot=4 size=409608 src=worker:11 dst=client:2
event=req_send ts_ns=6797051 id=207 clt=2 wrkr=9 slot=4 size=17 src=client:2 dst=worker:9
event=resp_recv_ud ts_ns=6823201 id=206 clt=2 wrkr=9 slot=3 size=41 src=worker:9 dst=client:2
event=hand_send ts_ns=6831848 id=206 clt=2 wrkr=9 slot=3 size=10 src=client:2 dst=worker:9
event=resp_rdma_read ts_ns=6849504 id=162 start_ns=5516392 dur_ns=1333112 clt=2 wrkr=11 slot=5 size=409608 src=worker:11 dst=client:2
event=req_send ts_ns=6849504 id=209 clt=2 wrkr=6 slot=5 size=17 src=client:2 dst=worker:6
event=resp_recv_ud ts_ns=6868419 id=207 clt=2 wrkr=9 slot=4 size=41 src=worker:9 dst=client:2
event=hand_send ts_ns=6877066 id=207 clt=2 wrkr=9 slot=4 size=10 src=client:2 dst=worker:9
event=resp_recv_ud ts_ns=6920636 id=209 clt=2 wrkr=6 slot=5 size=41 src=worker:6 dst=client:2
event=hand_send ts_ns=6929283 id=209 clt=2 wrkr=6 slot=5 size=10 src=client:2 dst=worker:6
event=resp_rdma_read ts_ns=7093403 id=165 start_ns=5586961 dur_ns=1506442 clt=2 wrkr=7 slot=3 size=409608 src=worker:7 dst=client:2
event=req_send ts_ns=7093403 id=213 clt=2 wrkr=6 slot=6 size=17 src=client:2 dst=worker:6
event=resp_recv_ud ts_ns=7148547 id=213 clt=2 wrkr=6 slot=6 size=41 src=worker:6 dst=client:2
event=hand_send ts_ns=7157194 id=213 clt=2 wrkr=6 slot=6 size=10 src=client:2 dst=worker:6
event=resp_rdma_read ts_ns=7249853 id=168 start_ns=5678438 dur_ns=1571415 clt=2 wrkr=5 slot=2 size=409608 src=worker:5 dst=client:2
event=req_send ts_ns=7249853 id=217 clt=2 wrkr=6 slot=7 size=17 src=client:2 dst=worker:6
event=resp_recv_ud ts_ns=7310716 id=217 clt=2 wrkr=6 slot=7 size=41 src=worker:6 dst=client:2
event=hand_send ts_ns=7319363 id=217 clt=2 wrkr=6 slot=7 size=10 src=client:2 dst=worker:6
event=resp_rdma_read ts_ns=7540127 id=175 start_ns=5847949 dur_ns=1692178 clt=2 wrkr=0 slot=4 size=409608 src=worker:0 dst=client:2
event=req_send ts_ns=7540127 id=223 clt=2 wrkr=0 slot=7 size=17 src=client:2 dst=worker:0
event=resp_recv_ud ts_ns=7599824 id=223 clt=2 wrkr=0 slot=7 size=41 src=worker:0 dst=client:2
event=hand_send ts_ns=7608471 id=223 clt=2 wrkr=0 slot=7 size=10 src=client:2 dst=worker:0
event=resp_rdma_read ts_ns=7642298 id=176 start_ns=5869012 dur_ns=1773286 clt=2 wrkr=11 slot=6 size=409608 src=worker:11 dst=client:2
event=req_send ts_ns=7642298 id=225 clt=2 wrkr=7 slot=5 size=17 src=client:2 dst=worker:7
event=resp_recv_ud ts_ns=7693695 id=225 clt=2 wrkr=7 slot=5 size=41 src=worker:7 dst=client:2
event=hand_send ts_ns=7702342 id=225 clt=2 wrkr=7 slot=5 size=10 src=client:2 dst=worker:7
event=resp_rdma_read ts_ns=7932540 id=180 start_ns=6055571 dur_ns=1876969 clt=2 wrkr=2 slot=5 size=409608 src=worker:2 dst=client:2
event=req_send ts_ns=7932540 id=228 clt=2 wrkr=2 slot=6 size=17 src=client:2 dst=worker:2
event=resp_recv_ud ts_ns=7993431 id=228 clt=2 wrkr=2 slot=6 size=41 src=worker:2 dst=client:2
event=hand_send ts_ns=8002078 id=228 clt=2 wrkr=2 slot=6 size=10 src=client:2 dst=worker:2
event=resp_rdma_read ts_ns=8042101 id=209 start_ns=6929283 dur_ns=1112818 clt=2 wrkr=6 slot=5 size=409608 src=worker:6 dst=client:2
event=req_send ts_ns=8042101 id=231 clt=2 wrkr=10 slot=6 size=17 src=client:2 dst=worker:10
event=resp_recv_ud ts_ns=8099998 id=231 clt=2 wrkr=10 slot=6 size=41 src=worker:10 dst=client:2
event=hand_send ts_ns=8108645 id=231 clt=2 wrkr=10 slot=6 size=10 src=client:2 dst=worker:10
event=resp_rdma_read ts_ns=8254801 id=185 start_ns=6174614 dur_ns=2080187 clt=2 wrkr=7 slot=4 size=409608 src=worker:7 dst=client:2
event=req_send ts_ns=8254801 id=236 clt=2 wrkr=6 slot=8 size=17 src=client:2 dst=worker:6
event=resp_recv_ud ts_ns=8312384 id=236 clt=2 wrkr=6 slot=8 size=41 src=worker:6 dst=client:2
event=hand_send ts_ns=8321031 id=236 clt=2 wrkr=6 slot=8 size=10 src=client:2 dst=worker:6
event=resp_rdma_read ts_ns=8389299 id=194 start_ns=6441177 dur_ns=1948122 clt=2 wrkr=1 slot=6 size=409608 src=worker:1 dst=client:2
event=req_send ts_ns=8389299 id=240 clt=2 wrkr=0 slot=8 size=17 src=client:2 dst=worker:0
event=resp_rdma_read ts_ns=8415905 id=217 start_ns=7319363 dur_ns=1096542 clt=2 wrkr=6 slot=7 size=409608 src=worker:6 dst=client:2
event=req_send ts_ns=8415905 id=241 clt=2 wrkr=0 slot=9 size=17 src=client:2 dst=worker:0
event=resp_recv_ud ts_ns=8447131 id=240 clt=2 wrkr=0 slot=8 size=41 src=worker:0 dst=client:2
event=hand_send ts_ns=8455778 id=240 clt=2 wrkr=0 slot=8 size=10 src=client:2 dst=worker:0
event=resp_recv_ud ts_ns=8470597 id=241 clt=2 wrkr=0 slot=9 size=41 src=worker:0 dst=client:2
event=hand_send ts_ns=8479244 id=241 clt=2 wrkr=0 slot=9 size=10 src=client:2 dst=worker:0
event=resp_rdma_read ts_ns=8594687 id=207 start_ns=6877066 dur_ns=1717621 clt=2 wrkr=9 slot=4 size=409608 src=worker:9 dst=client:2
event=req_send ts_ns=8594687 id=246 clt=2 wrkr=8 slot=6 size=17 src=client:2 dst=worker:8
event=resp_rdma_read ts_ns=8631819 id=190 start_ns=6346835 dur_ns=2284984 clt=2 wrkr=0 slot=5 size=409608 src=worker:0 dst=client:2
event=req_send ts_ns=8631819 id=248 clt=2 wrkr=8 slot=7 size=17 src=client:2 dst=worker:8
event=resp_rdma_read ts_ns=8655501 id=197 start_ns=6538096 dur_ns=2117405 clt=2 wrkr=0 slot=6 size=409608 src=worker:0 dst=client:2
event=req_send ts_ns=8655501 id=250 clt=2 wrkr=0 slot=10 size=17 src=client:2 dst=worker:0
event=resp_recv_ud ts_ns=8655638 id=246 clt=2 wrkr=8 slot=6 size=41 src=worker:8 dst=client:2
event=resp_rdma_read ts_ns=8661795 id=213 start_ns=7157194 dur_ns=1504601 clt=2 wrkr=6 slot=6 size=409608 src=worker:6 dst=client:2
event=req_send ts_ns=8661795 id=251 clt=2 wrkr=8 slot=8 size=17 src=client:2 dst=worker:8
event=hand_send ts_ns=8664285 id=246 clt=2 wrkr=8 slot=6 size=10 src=client:2 dst=worker:8
event=resp_rdma_read ts_ns=8675539 id=199 start_ns=6580790 dur_ns=2094749 clt=2 wrkr=5 slot=3 size=409608 src=worker:5 dst=client:2
event=req_send ts_ns=8675539 id=252 clt=2 wrkr=11 slot=7 size=17 src=client:2 dst=worker:11
event=resp_recv_ud ts_ns=8693273 id=248 clt=2 wrkr=8 slot=7 size=41 src=worker:8 dst=client:2
event=hand_send ts_ns=8701920 id=248 clt=2 wrkr=8 slot=7 size=10 src=client:2 dst=worker:8
event=resp_recv_ud ts_ns=8717170 id=250 clt=2 wrkr=0 slot=10 size=41 src=worker:0 dst=client:2
event=resp_recv_ud ts_ns=8724139 id=251 clt=2 wrkr=8 slot=8 size=41 src=worker:8 dst=client:2
event=hand_send ts_ns=8725817 id=250 clt=2 wrkr=0 slot=10 size=10 src=client:2 dst=worker:0
event=hand_send ts_ns=8732786 id=251 clt=2 wrkr=8 slot=8 size=10 src=client:2 dst=worker:8
event=resp_recv_ud ts_ns=8738165 id=252 clt=2 wrkr=11 slot=7 size=41 src=worker:11 dst=client:2
event=resp_rdma_read ts_ns=8746392 id=193 start_ns=6424217 dur_ns=2322175 clt=2 wrkr=10 slot=5 size=409608 src=worker:10 dst=client:2
event=req_send ts_ns=8746392 id=257 clt=2 wrkr=10 slot=7 size=17 src=client:2 dst=worker:10
event=hand_send ts_ns=8746812 id=252 clt=2 wrkr=11 slot=7 size=10 src=client:2 dst=worker:11
event=resp_recv_ud ts_ns=8811643 id=257 clt=2 wrkr=10 slot=7 size=41 src=worker:10 dst=client:2
event=resp_rdma_read ts_ns=8818652 id=225 start_ns=7702342 dur_ns=1116310 clt=2 wrkr=7 slot=5 size=409608 src=worker:7 dst=client:2
event=req_send ts_ns=8818652 id=261 clt=2 wrkr=7 slot=6 size=17 src=client:2 dst=worker:7
event=hand_send ts_ns=8820290 id=257 clt=2 wrkr=10 slot=7 size=10 src=client:2 dst=worker:10
event=resp_rdma_read ts_ns=8822731 id=204 start_ns=6755313 dur_ns=2067418 clt=2 wrkr=4 slot=8 size=409608 src=worker:4 dst=client:2
event=req_send ts_ns=8822731 id=262 clt=2 wrkr=3 slot=4 size=17 src=client:2 dst=worker:3
event=resp_rdma_read ts_ns=8837550 id=201 start_ns=6679959 dur_ns=2157591 clt=2 wrkr=3 slot=3 size=409608 src=worker:3 dst=client:2
event=req_send ts_ns=8837550 id=264 clt=2 wrkr=4 slot=9 size=17 src=client:2 dst=worker:4
event=resp_recv_ud ts_ns=8885964 id=261 clt=2 wrkr=7 slot=6 size=41 src=worker:7 dst=client:2
event=resp_recv_ud ts_ns=8890522 id=262 clt=2 wrkr=3 slot=4 size=41 src=worker:3 dst=client:2
event=hand_send ts_ns=8894611 id=261 clt=2 wrkr=7 slot=6 size=10 src=client:2 dst=worker:7
event=hand_send ts_ns=8899169 id=262 clt=2 wrkr=3 slot=4 size=10 src=client:2 dst=worker:3
event=resp_recv_ud ts_ns=8905653 id=264 clt=2 wrkr=4 slot=9 size=41 src=worker:4 dst=client:2
event=hand_send ts_ns=8914300 id=264 clt=2 wrkr=4 slot=9 size=10 src=client:2 dst=worker:4
event=resp_rdma_read ts_ns=9001665 id=223 start_ns=7608471 dur_ns=1393194 clt=2 wrkr=0 slot=7 size=409608 src=worker:0 dst=client:2
event=req_send ts_ns=9001665 id=270 clt=2 wrkr=1 slot=7 size=17 src=client:2 dst=worker:1
event=resp_rdma_read ts_ns=9006111 id=206 start_ns=6831848 dur_ns=2174263 clt=2 wrkr=9 slot=3 size=409608 src=worker:9 dst=client:2
event=req_send ts_ns=9006111 id=271 clt=2 wrkr=2 slot=7 size=17 src=client:2 dst=worker:2
event=resp_recv_ud ts_ns=9071781 id=270 clt=2 wrkr=1 slot=7 size=41 src=worker:1 dst=client:2
event=resp_recv_ud ts_ns=9077128 id=271 clt=2 wrkr=2 slot=7 size=41 src=worker:2 dst=client:2
event=hand_send ts_ns=9080428 id=270 clt=2 wrkr=1 slot=7 size=10 src=client:2 dst=worker:1
event=hand_send ts_ns=9085775 id=271 clt=2 wrkr=2 slot=7 size=10 src=client:2 dst=worker:2
event=resp_rdma_read ts_ns=9322548 id=228 start_ns=8002078 dur_ns=1320470 clt=2 wrkr=2 slot=6 size=409608 src=worker:2 dst=client:2
event=req_send ts_ns=9322548 id=278 clt=2 wrkr=0 slot=11 size=17 src=client:2 dst=worker:0
event=resp_recv_ud ts_ns=9364965 id=278 clt=2 wrkr=0 slot=11 size=41 src=worker:0 dst=client:2
event=hand_send ts_ns=9373612 id=278 clt=2 wrkr=0 slot=11 size=10 src=client:2 dst=worker:0
event=resp_rdma_read ts_ns=9393608 id=231 start_ns=8108645 dur_ns=1284963 clt=2 wrkr=10 slot=6 size=409608 src=worker:10 dst=client:2
event=req_send ts_ns=9393608 id=279 clt=2 wrkr=2 slot=8 size=17 src=client:2 dst=worker:2
event=resp_recv_ud ts_ns=9449947 id=279 clt=2 wrkr=2 slot=8 size=41 src=worker:2 dst=client:2
event=hand_send ts_ns=9458594 id=279 clt=2 wrkr=2 slot=8 size=10 src=client:2 dst=worker:2
event=resp_rdma_read ts_ns=9644111 id=241 start_ns=8479244 dur_ns=1164867 clt=2 wrkr=0 slot=9 size=409608 src=worker:0 dst=client:2
event=req_send ts_ns=9644111 id=284 clt=2 wrkr=8 slot=9 size=17 src=client:2 dst=worker:8
event=resp_recv_ud ts_ns=9702331 id=284 clt=2 wrkr=8 slot=9 size=41 src=worker:8 dst=client:2
event=hand_send ts_ns=9710978 id=284 clt=2 wrkr=8 slot=9 size=10 src=client:2 dst=worker:8
event=resp_rdma_read ts_ns=9732986 id=236 start_ns=8321031 dur_ns=1411955 clt=2 wrkr=6 slot=8 size=409608 src=worker:6 dst=client:2
event=req_send ts_ns=9732986 id=285 clt=2 wrkr=1 slot=8 size=17 src=client:2 dst=worker:1
event=resp_recv_ud ts_ns=9776629 id=285 clt=2 wrkr=1 slot=8 size=41 src=worker:1 dst=client:2
event=hand_send ts_ns=9785276 id=285 clt=2 wrkr=1 slot=8 size=10 src=client:2 dst=worker:1
event=resp_rdma_read ts_ns=9929744 id=240 start_ns=8455778 dur_ns=1473966 clt=2 wrkr=0 slot=8 size=409608 src=worker:0 dst=client:2
event=req_send ts_ns=9929744 id=289 clt=2 wrkr=2 slot=9 size=17 src=client:2 dst=worker:2
event=resp_recv_ud ts_ns=9984727 id=289 clt=2 wrkr=2 slot=9 size=41 src=worker:2 dst=client:2
event=hand_send ts_ns=9993374 id=289 clt=2 wrkr=2 slot=9 size=10 src=client:2 dst=worker:2
event=resp_rdma_read ts_ns=10139381 id=246 start_ns=8664285 dur_ns=1475096 clt=2 wrkr=8 slot=6 size=409608 src=worker:8 dst=client:2
event=req_send ts_ns=10139381 id=292 clt=2 wrkr=1 slot=9 size=17 src=client:2 dst=worker:1
event=resp_recv_ud ts_ns=10186987 id=292 clt=2 wrkr=1 slot=9 size=41 src=worker:1 dst=client:2
event=hand_send ts_ns=10195634 id=292 clt=2 wrkr=1 slot=9 size=10 src=client:2 dst=worker:1
event=resp_rdma_read ts_ns=10358552 id=248 start_ns=8701920 dur_ns=1656632 clt=2 wrkr=8 slot=7 size=409608 src=worker:8 dst=client:2
event=req_send ts_ns=10358552 id=297 clt=2 wrkr=1 slot=10 size=17 src=client:2 dst=worker:1
event=resp_recv_ud ts_ns=10417881 id=297 clt=2 wrkr=1 slot=10 size=41 src=worker:1 dst=client:2
event=hand_send ts_ns=10426528 id=297 clt=2 wrkr=1 slot=10 size=10 src=client:2 dst=worker:1
event=resp_rdma_read ts_ns=10443121 id=250 start_ns=8725817 dur_ns=1717304 clt=2 wrkr=0 slot=10 size=409608 src=worker:0 dst=client:2
event=req_send ts_ns=10443121 id=298 clt=2 wrkr=8 slot=10 size=17 src=client:2 dst=worker:8
event=resp_rdma_read ts_ns=10462147 id=251 start_ns=8732786 dur_ns=1729361 clt=2 wrkr=8 slot=8 size=409608 src=worker:8 dst=client:2
event=req_send ts_ns=10462147 id=299 clt=2 wrkr=10 slot=8 size=17 src=client:2 dst=worker:10
event=resp_recv_ud ts_ns=10499585 id=298 clt=2 wrkr=8 slot=10 size=41 src=worker:8 dst=client:2
event=hand_send ts_ns=10508232 id=298 clt=2 wrkr=8 slot=10 size=10 src=client:2 dst=worker:8
event=resp_rdma_read ts_ns=10514380 id=257 start_ns=8820290 dur_ns=1694090 clt=2 wrkr=10 slot=7 size=409608 src=worker:10 dst=client:2
event=req_send ts_ns=10514380 id=300 clt=2 wrkr=3 slot=5 size=17 src=client:2 dst=worker:3
event=resp_recv_ud ts_ns=10517097 id=299 clt=2 wrkr=10 slot=8 size=41 src=worker:10 dst=client:2
event=hand_send ts_ns=10525744 id=299 clt=2 wrkr=10 slot=8 size=10 src=client:2 dst=worker:10
event=resp_rdma_read ts_ns=10544423 id=252 start_ns=8746812 dur_ns=1797611 clt=2 wrkr=11 slot=7 size=409608 src=worker:11 dst=client:2
event=req_send ts_ns=10544423 id=302 clt=2 wrkr=3 slot=6 size=17 src=client:2 dst=worker:3
event=resp_recv_ud ts_ns=10573695 id=300 clt=2 wrkr=3 slot=5 size=41 src=worker:3 dst=client:2
event=hand_send ts_ns=10582342 id=300 clt=2 wrkr=3 slot=5 size=10 src=client:2 dst=worker:3
event=resp_recv_ud ts_ns=10600007 id=302 clt=2 wrkr=3 slot=6 size=41 src=worker:3 dst=client:2
event=hand_send ts_ns=10608654 id=302 clt=2 wrkr=3 slot=6 size=10 src=client:2 dst=worker:3
event=resp_rdma_read ts_ns=10760882 id=284 start_ns=9710978 dur_ns=1049904 clt=2 wrkr=8 slot=9 size=409608 src=worker:8 dst=client:2
event=req_send ts_ns=10760882 id=308 clt=2 wrkr=10 slot=9 size=17 src=client:2 dst=worker:10
event=resp_rdma_read ts_ns=10770975 id=285 start_ns=9785276 dur_ns=985699 clt=2 wrkr=1 slot=8 size=409608 src=worker:1 dst=client:2
event=req_send ts_ns=10770975 id=309 clt=2 wrkr=4 slot=10 size=17 src=client:2 dst=worker:4
event=resp_recv_ud ts_ns=10822054 id=308 clt=2 wrkr=10 slot=9 size=41 src=worker:10 dst=client:2
event=resp_rdma_read ts_ns=10826392 id=278 start_ns=9373612 dur_ns=1452780 clt=2 wrkr=0 slot=11 size=409608 src=worker:0 dst=client:2
event=req_send ts_ns=10826392 id=312 clt=2 wrkr=1 slot=11 size=17 src=client:2 dst=worker:1
event=hand_send ts_ns=10830701 id=308 clt=2 wrkr=10 slot=9 size=10 src=client:2 dst=worker:10
event=resp_recv_ud ts_ns=10832491 id=309 clt=2 wrkr=4 slot=10 size=41 src=worker:4 dst=client:2
event=hand_send ts_ns=10841138 id=309 clt=2 wrkr=4 slot=10 size=10 src=client:2 dst=worker:4
event=resp_recv_ud ts_ns=10889493 id=312 clt=2 wrkr=1 slot=11 size=41 src=worker:1 dst=client:2
event=hand_send ts_ns=10898140 id=312 clt=2 wrkr=1 slot=11 size=10 src=client:2 dst=worker:1
event=resp_rdma_read ts_ns=10937027 id=262 start_ns=8899169 dur_ns=2037858 clt=2 wrkr=3 slot=4 size=409608 src=worker:3 dst=client:2
event=req_send ts_ns=10937027 id=316 clt=2 wrkr=3 slot=7 size=17 src=client:2 dst=worker:3
event=resp_rdma_read ts_ns=10946636 id=289 start_ns=9993374 dur_ns=953262 clt=2 wrkr=2 slot=9 size=409608 src=worker:2 dst=client:2
event=req_send ts_ns=10946636 id=318 clt=2 wrkr=6 slot=9 size=17 src=client:2 dst=worker:6
event=resp_rdma_read ts_ns=10946792 id=279 start_ns=9458594 dur_ns=1488198 clt=2 wrkr=2 slot=8 size=409608 src=worker:2 dst=client:2
event=req_send ts_ns=10946792 id=319 clt=2 wrkr=11 slot=8 size=17 src=client:2 dst=worker:11
event=resp_rdma_read ts_ns=10952393 id=261 start_ns=8894611 dur_ns=2057782 clt=2 wrkr=7 slot=6 size=409608 src=worker:7 dst=client:2
event=req_send ts_ns=10952393 id=320 clt=2 wrkr=6 slot=10 size=17 src=client:2 dst=worker:6
event=resp_recv_ud ts_ns=11003225 id=316 clt=2 wrkr=3 slot=7 size=41 src=worker:3 dst=client:2
event=hand_send ts_ns=11011872 id=316 clt=2 wrkr=3 slot=7 size=10 src=client:2 dst=worker:3
event=resp_recv_ud ts_ns=11012147 id=319 clt=2 wrkr=11 slot=8 size=41 src=worker:11 dst=client:2
event=resp_recv_ud ts_ns=11012458 id=318 clt=2 wrkr=6 slot=9 size=41 src=worker:6 dst=client:2
event=resp_recv_ud ts_ns=11018177 id=320 clt=2 wrkr=6 slot=10 size=41 src=worker:6 dst=client:2
event=hand_send ts_ns=11020794 id=319 clt=2 wrkr=11 slot=8 size=10 src=client:2 dst=worker:11
event=hand_send ts_ns=11021105 id=318 clt=2 wrkr=6 slot=9 size=10 src=client:2 dst=worker:6
event=hand_send ts_ns=11026824 id=320 clt=2 wrkr=6 slot=10 size=10 src=client:2 dst=worker:6
event=resp_rdma_read ts_ns=11035365 id=264 start_ns=8914300 dur_ns=2121065 clt=2 wrkr=4 slot=9 size=409608 src=worker:4 dst=client:2
event=req_send ts_ns=11035365 id=322 clt=2 wrkr=7 slot=7 size=17 src=client:2 dst=worker:7
event=resp_recv_ud ts_ns=11100712 id=322 clt=2 wrkr=7 slot=7 size=41 src=worker:7 dst=client:2
event=hand_send ts_ns=11109359 id=322 clt=2 wrkr=7 slot=7 size=10 src=client:2 dst=worker:7
event=resp_rdma_read ts_ns=11461700 id=271 start_ns=9085775 dur_ns=2375925 clt=2 wrkr=2 slot=7 size=409608 src=worker:2 dst=client:2
event=req_send ts_ns=11461700 id=335 clt=2 wrkr=7 slot=8 size=17 src=client:2 dst=worker:7
event=resp_rdma_read ts_ns=11508667 id=270 start_ns=9080428 dur_ns=2428239 clt=2 wrkr=1 slot=7 size=409608 src=worker:1 dst=client:2
event=req_send ts_ns=11508667 id=337 clt=2 wrkr=6 slot=11 size=17 src=client:2 dst=worker:6
event=resp_recv_ud ts_ns=11532663 id=335 clt=2 wrkr=7 slot=8 size=41 src=worker:7 dst=client:2
event=hand_send ts_ns=11541310 id=335 clt=2 wrkr=7 slot=8 size=10 src=client:2 dst=worker:7
event=resp_rdma_read ts_ns=11577596 id=292 start_ns=10195634 dur_ns=1381962 clt=2 wrkr=1 slot=9 size=409608 src=worker:1 dst=client:2
event=req_send ts_ns=11577596 id=339 clt=2 wrkr=8 slot=11 size=17 src=client:2 dst=worker:8
event=resp_recv_ud ts_ns=11580030 id=337 clt=2 wrkr=6 slot=11 size=41 src=worker:6 dst=client:2
event=hand_send ts_ns=11588677 id=337 clt=2 wrkr=6 slot=11 size=10 src=client:2 dst=worker:6
event=resp_recv_ud ts_ns=11648858 id=339 clt=2 wrkr=8 slot=11 size=41 src=worker:8 dst=client:2
event=hand_send ts_ns=11657505 id=339 clt=2 wrkr=8 slot=11 size=10 src=client:2 dst=worker:8
event=resp_rdma_read ts_ns=11758263 id=297 start_ns=10426528 dur_ns=1331735 clt=2 wrkr=1 slot=10 size=409608 src=worker:1 dst=client:2
event=req_send ts_ns=11758263 id=344 clt=2 wrkr=5 slot=4 size=17 src=client:2 dst=worker:5
event=resp_rdma_read ts_ns=11808691 id=300 start_ns=10582342 dur_ns=1226349 clt=2 wrkr=3 slot=5 size=409608 src=worker:3 dst=client:2
event=req_send ts_ns=11808691 id=346 clt=2 wrkr=0 slot=12 size=17 src=client:2 dst=worker:0
event=resp_recv_ud ts_ns=11820363 id=344 clt=2 wrkr=5 slot=4 size=41 src=worker:5 dst=client:2
event=hand_send ts_ns=11829010 id=344 clt=2 wrkr=5 slot=4 size=10 src=client:2 dst=worker:5
event=resp_rdma_read ts_ns=11877285 id=298 start_ns=10508232 dur_ns=1369053 clt=2 wrkr=8 slot=10 size=409608 src=worker:8 dst=client:2
event=req_send ts_ns=11877285 id=347 clt=2 wrkr=11 slot=9 size=17 src=client:2 dst=worker:11
event=resp_recv_ud ts_ns=11878785 id=346 clt=2 wrkr=0 slot=12 size=41 src=worker:0 dst=client:2
event=hand_send ts_ns=11887432 id=346 clt=2 wrkr=0 slot=12 size=10 src=client:2 dst=worker:0
event=resp_rdma_read ts_ns=11913579 id=302 start_ns=10608654 dur_ns=1304925 clt=2 wrkr=3 slot=6 size=409608 src=worker:3 dst=client:2
event=req_send ts_ns=11913579 id=348 clt=2 wrkr=10 slot=10 size=17 src=client:2 dst=worker:10
event=resp_recv_ud ts_ns=11942933 id=347 clt=2 wrkr=11 slot=9 size=41 src=worker:11 dst=client:2
event=hand_send ts_ns=11951580 id=347 clt=2 wrkr=11 slot=9 size=10 src=client:2 dst=worker:11
event=resp_recv_ud ts_ns=11980839 id=348 clt=2 wrkr=10 slot=10 size=41 src=worker:10 dst=client:2
event=resp_rdma_read ts_ns=11985906 id=299 start_ns=10525744 dur_ns=1460162 clt=2 wrkr=10 slot=8 size=409608 src=worker:10 dst=client:2
event=req_send ts_ns=11985906 id=350 clt=2 wrkr=2 slot=10 size=17 src=client:2 dst=worker:2
event=hand_send ts_ns=11989486 id=348 clt=2 wrkr=10 slot=10 size=10 src=client:2 dst=worker:10
event=resp_recv_ud ts_ns=12052117 id=350 clt=2 wrkr=2 slot=10 size=41 src=worker:2 dst=client:2
event=hand_send ts_ns=12060764 id=350 clt=2 wrkr=2 slot=10 size=10 src=client:2 dst=worker:2
event=resp_rdma_read ts_ns=12274008 id=308 start_ns=10830701 dur_ns=1443307 clt=2 wrkr=10 slot=9 size=409608 src=worker:10 dst=client:2
event=req_send ts_ns=12274008 id=354 clt=2 wrkr=11 slot=10 size=17 src=client:2 dst=worker:11
event=resp_recv_ud ts_ns=12332082 id=354 clt=2 wrkr=11 slot=10 size=41 src=worker:11 dst=client:2
event=hand_send ts_ns=12340729 id=354 clt=2 wrkr=11 slot=10 size=10 src=client:2 dst=worker:11
event=resp_rdma_read ts_ns=12470161 id=309 start_ns=10841138 dur_ns=1629023 clt=2 wrkr=4 slot=10 size=409608 src=worker:4 dst=client:2
event=req_send ts_ns=12470161 id=357 clt=2 wrkr=0 slot=13 size=17 src=client:2 dst=worker:0
event=resp_recv_ud ts_ns=12522989 id=357 clt=2 wrkr=0 slot=13 size=41 src=worker:0 dst=client:2
event=hand_send ts_ns=12531636 id=357 clt=2 wrkr=0 slot=13 size=10 src=client:2 dst=worker:0
event=resp_rdma_read ts_ns=12603953 id=312 start_ns=10898140 dur_ns=1705813 clt=2 wrkr=1 slot=11 size=409608 src=worker:1 dst=client:2
event=req_send ts_ns=12603953 id=360 clt=2 wrkr=2 slot=11 size=17 src=client:2 dst=worker:2
event=resp_recv_ud ts_ns=12662684 id=360 clt=2 wrkr=2 slot=11 size=41 src=worker:2 dst=client:2
event=hand_send ts_ns=12671331 id=360 clt=2 wrkr=2 slot=11 size=10 src=client:2 dst=worker:2
event=resp_rdma_read ts_ns=12830193 id=318 start_ns=11021105 dur_ns=1809088 clt=2 wrkr=6 slot=9 size=409608 src=worker:6 dst=client:2
event=req_send ts_ns=12830193 id=364 clt=2 wrkr=1 slot=12 size=17 src=client:2 dst=worker:1
event=resp_rdma_read ts_ns=12845520 id=316 start_ns=11011872 dur_ns=1833648 clt=2 wrkr=3 slot=7 size=409608 src=worker:3 dst=client:2
event=req_send ts_ns=12845520 id=365 clt=2 wrkr=0 slot=14 size=17 src=client:2 dst=worker:0
event=resp_recv_ud ts_ns=12891030 id=364 clt=2 wrkr=1 slot=12 size=41 src=worker:1 dst=client:2
event=resp_rdma_read ts_ns=12892598 id=319 start_ns=11020794 dur_ns=1871804 clt=2 wrkr=11 slot=8 size=409608 src=worker:11 dst=client:2
event=req_send ts_ns=12892598 id=367 clt=2 wrkr=7 slot=9 size=17 src=client:2 dst=worker:7
event=hand_send ts_ns=12899677 id=364 clt=2 wrkr=1 slot=12 size=10 src=client:2 dst=worker:1
event=resp_rdma_read ts_ns=12901993 id=320 start_ns=11026824 dur_ns=1875169 clt=2 wrkr=6 slot=10 size=409608 src=worker:6 dst=client:2
event=req_send ts_ns=12901993 id=368 clt=2 wrkr=5 slot=5 size=17 src=client:2 dst=worker:5
event=resp_recv_ud ts_ns=12904880 id=365 clt=2 wrkr=0 slot=14 size=41 src=worker:0 dst=client:2
event=hand_send ts_ns=12913527 id=365 clt=2 wrkr=0 slot=14 size=10 src=client:2 dst=worker:0
event=resp_recv_ud ts_ns=12953251 id=367 clt=2 wrkr=7 slot=9 size=41 src=worker:7 dst=client:2
event=hand_send ts_ns=12961898 id=367 clt=2 wrkr=7 slot=9 size=10 src=client:2 dst=worker:7
event=resp_recv_ud ts_ns=12962720 id=368 clt=2 wrkr=5 slot=5 size=41 src=worker:5 dst=client:2
event=hand_send ts_ns=12971367 id=368 clt=2 wrkr=5 slot=5 size=10 src=client:2 dst=worker:5
event=resp_rdma_read ts_ns=13045593 id=322 start_ns=11109359 dur_ns=1936234 clt=2 wrkr=7 slot=7 size=409608 src=worker:7 dst=client:2
event=req_send ts_ns=13045593 id=372 clt=2 wrkr=5 slot=6 size=17 src=client:2 dst=worker:5
event=resp_recv_ud ts_ns=13109262 id=372 clt=2 wrkr=5 slot=6 size=41 src=worker:5 dst=client:2
event=hand_send ts_ns=13117909 id=372 clt=2 wrkr=5 slot=6 size=10 src=client:2 dst=worker:5
event=resp_rdma_read ts_ns=13236577 id=350 start_ns=12060764 dur_ns=1175813 clt=2 wrkr=2 slot=10 size=409608 src=worker:2 dst=client:2
event=req_send ts_ns=13236577 id=377 clt=2 wrkr=5 slot=7 size=17 src=client:2 dst=worker:5
event=resp_recv_ud ts_ns=13302679 id=377 clt=2 wrkr=5 slot=7 size=41 src=worker:5 dst=client:2
event=hand_send ts_ns=13311326 id=377 clt=2 wrkr=5 slot=7 size=10 src=client:2 dst=worker:5
event=resp_rdma_read ts_ns=13378528 id=347 start_ns=11951580 dur_ns=1426948 clt=2 wrkr=11 slot=9 size=409608 src=worker:11 dst=client:2
event=req_send ts_ns=13378528 id=379 clt=2 wrkr=4 slot=11 size=17 src=client:2 dst=worker:4
event=resp_recv_ud ts_ns=13429252 id=379 clt=2 wrkr=4 slot=11 size=41 src=worker:4 dst=client:2
event=hand_send ts_ns=13437899 id=379 clt=2 wrkr=4 slot=11 size=10 src=client:2 dst=worker:4
event=resp_rdma_read ts_ns=13460775 id=335 start_ns=11541310 dur_ns=1919465 clt=2 wrkr=7 slot=8 size=409608 src=worker:7 dst=client:2
event=req_send ts_ns=13460775 id=383 clt=2 wrkr=6 slot=12 size=17 src=client:2 dst=worker:6
event=resp_recv_ud ts_ns=13526872 id=383 clt=2 wrkr=6 slot=12 size=41 src=worker:6 dst=client:2
event=hand_send ts_ns=13535519 id=383 clt=2 wrkr=6 slot=12 size=10 src=client:2 dst=worker:6
event=resp_rdma_read ts_ns=13589146 id=348 start_ns=11989486 dur_ns=1599660 clt=2 wrkr=10 slot=10 size=409608 src=worker:10 dst=client:2
event=req_send ts_ns=13589146 id=388 clt=2 wrkr=3 slot=8 size=17 src=client:2 dst=worker:3
event=resp_rdma_read ts_ns=13647150 id=346 start_ns=11887432 dur_ns=1759718 clt=2 wrkr=0 slot=12 size=409608 src=worker:0 dst=client:2
event=req_send ts_ns=13647150 id=392 clt=2 wrkr=0 slot=15 size=17 src=client:2 dst=worker:0
event=resp_recv_ud ts_ns=13657159 id=388 clt=2 wrkr=3 slot=8 size=41 src=worker:3 dst=client:2
event=hand_send ts_ns=13665806 id=388 clt=2 wrkr=3 slot=8 size=10 src=client:2 dst=worker:3
event=resp_recv_ud ts_ns=13715658 id=392 clt=2 wrkr=0 slot=15 size=41 src=worker:0 dst=client:2
event=resp_rdma_read ts_ns=13717868 id=344 start_ns=11829010 dur_ns=1888858 clt=2 wrkr=5 slot=4 size=409608 src=worker:5 dst=client:2
event=req_send ts_ns=13717868 id=393 clt=2 wrkr=10 slot=11 size=17 src=client:2 dst=worker:10
event=hand_send ts_ns=13724305 id=392 clt=2 wrkr=0 slot=15 size=10 src=client:2 dst=worker:0
event=resp_rdma_read ts_ns=13727591 id=354 start_ns=12340729 dur_ns=1386862 clt=2 wrkr=11 slot=10 size=409608 src=worker:11 dst=client:2
event=req_send ts_ns=13727591 id=395 clt=2 wrkr=3 slot=9 size=17 src=client:2 dst=worker:3
event=resp_rdma_read ts_ns=13740470 id=339 start_ns=11657505 dur_ns=2082965 clt=2 wrkr=8 slot=11 size=409608 src=worker:8 dst=client:2
event=req_send ts_ns=13740470 id=396 clt=2 wrkr=0 slot=0 size=17 src=client:2 dst=worker:0
event=resp_recv_ud ts_ns=13787700 id=393 clt=2 wrkr=10 slot=11 size=41 src=worker:10 dst=client:2
event=hand_send ts_ns=13796347 id=393 clt=2 wrkr=10 slot=11 size=10 src=client:2 dst=worker:10
event=resp_recv_ud ts_ns=13796839 id=395 clt=2 wrkr=3 slot=9 size=41 src=worker:3 dst=client:2
event=hand_send ts_ns=13805486 id=395 clt=2 wrkr=3 slot=9 size=10 src=client:2 dst=worker:3
event=resp_rdma_read ts_ns=13808156 id=360 start_ns=12671331 dur_ns=1136825 clt=2 wrkr=2 slot=11 size=409608 src=worker:2 dst=client:2
event=req_send ts_ns=13808156 id=400 clt=2 wrkr=10 slot=12 size=17 src=client:2 dst=worker:10
event=resp_recv_ud ts_ns=13809161 id=396 clt=2 wrkr=0 slot=0 size=41 src=worker:0 dst=client:2
event=hand_send ts_ns=13817808 id=396 clt=2 wrkr=0 slot=0 size=10 src=client:2 dst=worker:0
event=resp_recv_ud ts_ns=13877613 id=400 clt=2 wrkr=10 slot=12 size=41 src=worker:10 dst=client:2
event=hand_send ts_ns=13886260 id=400 clt=2 wrkr=10 slot=12 size=10 src=client:2 dst=worker:10
event=resp_rdma_read ts_ns=13890925 id=357 start_ns=12531636 dur_ns=1359289 clt=2 wrkr=0 slot=13 size=409608 src=worker:0 dst=client:2
event=req_send ts_ns=13890925 id=402 clt=2 wrkr=9 slot=5 size=17 src=client:2 dst=worker:9
event=resp_recv_ud ts_ns=13960454 id=402 clt=2 wrkr=9 slot=5 size=41 src=worker:9 dst=client:2
event=hand_send ts_ns=13969101 id=402 clt=2 wrkr=9 slot=5 size=10 src=client:2 dst=worker:9
event=resp_rdma_read ts_ns=14015770 id=337 start_ns=11588677 dur_ns=2427093 clt=2 wrkr=6 slot=11 size=409608 src=worker:6 dst=client:2
event=req_send ts_ns=14015770 id=406 clt=2 wrkr=3 slot=10 size=17 src=client:2 dst=worker:3
event=resp_recv_ud ts_ns=14087330 id=406 clt=2 wrkr=3 slot=10 size=41 src=worker:3 dst=client:2
event=hand_send ts_ns=14095977 id=406 clt=2 wrkr=3 slot=10 size=10 src=client:2 dst=worker:3
event=resp_rdma_read ts_ns=14204019 id=367 start_ns=12961898 dur_ns=1242121 clt=2 wrkr=7 slot=9 size=409608 src=worker:7 dst=client:2
event=req_send ts_ns=14204019 id=411 clt=2 wrkr=1 slot=13 size=17 src=client:2 dst=worker:1
event=resp_recv_ud ts_ns=14274401 id=411 clt=2 wrkr=1 slot=13 size=41 src=worker:1 dst=client:2
event=hand_send ts_ns=14283048 id=411 clt=2 wrkr=1 slot=13 size=10 src=client:2 dst=worker:1
event=resp_rdma_read ts_ns=14364918 id=372 start_ns=13117909 dur_ns=1247009 clt=2 wrkr=5 slot=6 size=409608 src=worker:5 dst=client:2
event=req_send ts_ns=14364918 id=414 clt=2 wrkr=2 slot=12 size=17 src=client:2 dst=worker:2
event=resp_recv_ud ts_ns=14416423 id=414 clt=2 wrkr=2 slot=12 size=41 src=worker:2 dst=client:2
event=resp_rdma_read ts_ns=14423064 id=364 start_ns=12899677 dur_ns=1523387 clt=2 wrkr=1 slot=12 size=409608 src=worker:1 dst=client:2
event=req_send ts_ns=14423064 id=415 clt=2 wrkr=6 slot=13 size=17 src=client:2 dst=worker:6
event=hand_send ts_ns=14425070 id=414 clt=2 wrkr=2 slot=12 size=10 src=client:2 dst=worker:2
event=resp_rdma_read ts_ns=14450975 id=365 start_ns=12913527 dur_ns=1537448 clt=2 wrkr=0 slot=14 size=409608 src=worker:0 dst=client:2
event=req_send ts_ns=14450975 id=417 clt=2 wrkr=4 slot=12 size=17 src=client:2 dst=worker:4
event=resp_rdma_read ts_ns=14456474 id=368 start_ns=12971367 dur_ns=1485107 clt=2 wrkr=5 slot=5 size=409608 src=worker:5 dst=client:2
event=req_send ts_ns=14456474 id=418 clt=2 wrkr=5 slot=8 size=17 src=client:2 dst=worker:5
event=resp_recv_ud ts_ns=14481956 id=415 clt=2 wrkr=6 slot=13 size=41 src=worker:6 dst=client:2
event=hand_send ts_ns=14490603 id=415 clt=2 wrkr=6 slot=13 size=10 src=client:2 dst=worker:6
event=resp_recv_ud ts_ns=14506007 id=417 clt=2 wrkr=4 slot=12 size=41 src=worker:4 dst=client:2
event=hand_send ts_ns=14514654 id=417 clt=2 wrkr=4 slot=12 size=10 src=client:2 dst=worker:4
event=resp_recv_ud ts_ns=14520118 id=418 clt=2 wrkr=5 slot=8 size=41 src=worker:5 dst=client:2
event=hand_send ts_ns=14528765 id=418 clt=2 wrkr=5 slot=8 size=10 src=client:2 dst=worker:5
event=resp_rdma_read ts_ns=14591366 id=377 start_ns=13311326 dur_ns=1280040 clt=2 wrkr=5 slot=7 size=409608 src=worker:5 dst=client:2
event=req_send ts_ns=14591366 id=421 clt=2 wrkr=11 slot=11 size=17 src=client:2 dst=worker:11
event=resp_recv_ud ts_ns=14634265 id=421 clt=2 wrkr=11 slot=11 size=41 src=worker:11 dst=client:2
event=hand_send ts_ns=14642912 id=421 clt=2 wrkr=11 slot=11 size=10 src=client:2 dst=worker:11
event=resp_rdma_read ts_ns=15141320 id=379 start_ns=13437899 dur_ns=1703421 clt=2 wrkr=4 slot=11 size=409608 src=worker:4 dst=client:2
event=req_send ts_ns=15141320 id=428 clt=2 wrkr=5 slot=9 size=17 src=client:2 dst=worker:5
event=resp_recv_ud ts_ns=15194529 id=428 clt=2 wrkr=5 slot=9 size=41 src=worker:5 dst=client:2
event=hand_send ts_ns=15203176 id=428 clt=2 wrkr=5 slot=9 size=10 src=client:2 dst=worker:5
event=resp_rdma_read ts_ns=15398686 id=383 start_ns=13535519 dur_ns=1863167 clt=2 wrkr=6 slot=12 size=409608 src=worker:6 dst=client:2
event=req_send ts_ns=15398686 id=433 clt=2 wrkr=8 slot=12 size=17 src=client:2 dst=worker:8
event=resp_recv_ud ts_ns=15455186 id=433 clt=2 wrkr=8 slot=12 size=41 src=worker:8 dst=client:2
event=hand_send ts_ns=15463833 id=433 clt=2 wrkr=8 slot=12 size=10 src=client:2 dst=worker:8
event=resp_rdma_read ts_ns=15604588 id=388 start_ns=13665806 dur_ns=1938782 clt=2 wrkr=3 slot=8 size=409608 src=worker:3 dst=client:2
event=req_send ts_ns=15604588 id=437 clt=2 wrkr=6 slot=14 size=17 src=client:2 dst=worker:6
event=resp_recv_ud ts_ns=15657552 id=437 clt=2 wrkr=6 slot=14 size=41 src=worker:6 dst=client:2
event=hand_send ts_ns=15666199 id=437 clt=2 wrkr=6 slot=14 size=10 src=client:2 dst=worker:6
event=resp_rdma_read ts_ns=15735204 id=393 start_ns=13796347 dur_ns=1938857 clt=2 wrkr=10 slot=11 size=409608 src=worker:10 dst=client:2
event=req_send ts_ns=15735204 id=440 clt=2 wrkr=11 slot=12 size=17 src=client:2 dst=worker:11
event=resp_rdma_read ts_ns=15751373 id=418 start_ns=14528765 dur_ns=1222608 clt=2 wrkr=5 slot=8 size=409608 src=worker:5 dst=client:2
event=req_send ts_ns=15751373 id=441 clt=2 wrkr=10 slot=13 size=17 src=client:2 dst=worker:10
event=resp_recv_ud ts_ns=15794555 id=440 clt=2 wrkr=11 slot=12 size=41 src=worker:11 dst=client:2
event=hand_send ts_ns=15803202 id=440 clt=2 wrkr=11 slot=12 size=10 src=client:2 dst=worker:11
event=resp_recv_ud ts_ns=15809774 id=441 clt=2 wrkr=10 slot=13 size=41 src=worker:10 dst=client:2
event=hand_send ts_ns=15818421 id=441 clt=2 wrkr=10 slot=13 size=10 src=client:2 dst=worker:10
event=resp_rdma_read ts_ns=15819448 id=392 start_ns=13724305 dur_ns=2095143 clt=2 wrkr=0 slot=15 size=409608 src=worker:0 dst=client:2
event=req_send ts_ns=15819448 id=443 clt=2 wrkr=8 slot=13 size=17 src=client:2 dst=worker:8
event=resp_rdma_read ts_ns=15853479 id=406 start_ns=14095977 dur_ns=1757502 clt=2 wrkr=3 slot=10 size=409608 src=worker:3 dst=client:2
event=req_send ts_ns=15853479 id=446 clt=2 wrkr=10 slot=14 size=17 src=client:2 dst=worker:10
event=resp_recv_ud ts_ns=15879324 id=443 clt=2 wrkr=8 slot=13 size=41 src=worker:8 dst=client:2
event=hand_send ts_ns=15887971 id=443 clt=2 wrkr=8 slot=13 size=10 src=client:2 dst=worker:8
event=resp_rdma_read ts_ns=15902941 id=395 start_ns=13805486 dur_ns=2097455 clt=2 wrkr=3 slot=9 size=409608 src=worker:3 dst=client:2
event=req_send ts_ns=15902941 id=448 clt=2 wrkr=5 slot=10 size=17 src=client:2 dst=worker:5
event=resp_recv_ud ts_ns=15914193 id=446 clt=2 wrkr=10 slot=14 size=41 src=worker:10 dst=client:2
event=resp_rdma_read ts_ns=15917966 id=415 start_ns=14490603 dur_ns=1427363 clt=2 wrkr=6 slot=13 size=409608 src=worker:6 dst=client:2
event=req_send ts_ns=15917966 id=450 clt=2 wrkr=4 slot=13 size=17 src=client:2 dst=worker:4
event=resp_rdma_read ts_ns=15919106 id=417 start_ns=14514654 dur_ns=1404452 clt=2 wrkr=4 slot=12 size=409608 src=worker:4 dst=client:2
event=req_send ts_ns=15919106 id=451 clt=2 wrkr=8 slot=14 size=17 src=client:2 dst=worker:8
event=hand_send ts_ns=15922840 id=446 clt=2 wrkr=10 slot=14 size=10 src=client:2 dst=worker:10
event=resp_recv_ud ts_ns=15964523 id=448 clt=2 wrkr=5 slot=10 size=41 src=worker:5 dst=client:2
event=hand_send ts_ns=15973170 id=448 clt=2 wrkr=5 slot=10 size=10 src=client:2 dst=worker:5
event=resp_recv_ud ts_ns=15980266 id=450 clt=2 wrkr=4 slot=13 size=41 src=worker:4 dst=client:2
event=resp_recv_ud ts_ns=15981058 id=451 clt=2 wrkr=8 slot=14 size=41 src=worker:8 dst=client:2
event=hand_send ts_ns=15988913 id=450 clt=2 wrkr=4 slot=13 size=10 src=client:2 dst=worker:4
event=hand_send ts_ns=15989705 id=451 clt=2 wrkr=8 slot=14 size=10 src=client:2 dst=worker:8
event=resp_rdma_read ts_ns=15995032 id=421 start_ns=14642912 dur_ns=1352120 clt=2 wrkr=11 slot=11 size=409608 src=worker:11 dst=client:2
event=req_send ts_ns=15995032 id=454 clt=2 wrkr=10 slot=15 size=17 src=client:2 dst=worker:10
event=resp_rdma_read ts_ns=16000709 id=414 start_ns=14425070 dur_ns=1575639 clt=2 wrkr=2 slot=12 size=409608 src=worker:2 dst=client:2
event=req_send ts_ns=16000709 id=455 clt=2 wrkr=9 slot=6 size=17 src=client:2 dst=worker:9
event=resp_recv_ud ts_ns=16059504 id=454 clt=2 wrkr=10 slot=15 size=41 src=worker:10 dst=client:2
event=resp_rdma_read ts_ns=16061976 id=396 start_ns=13817808 dur_ns=2244168 clt=2 wrkr=0 slot=0 size=409608 src=worker:0 dst=client:2
event=req_send ts_ns=16061976 id=462 clt=2 wrkr=7 slot=10 size=17 src=client:2 dst=worker:7
event=resp_recv_ud ts_ns=16065713 id=455 clt=2 wrkr=9 slot=6 size=41 src=worker:9 dst=client:2
event=hand_send ts_ns=16068151 id=454 clt=2 wrkr=10 slot=15 size=10 src=client:2 dst=worker:10
event=hand_send ts_ns=16074360 id=455 clt=2 wrkr=9 slot=6 size=10 src=client:2 dst=worker:9
event=resp_rdma_read ts_ns=16095408 id=400 start_ns=13886260 dur_ns=2209148 clt=2 wrkr=10 slot=12 size=409608 src=worker:10 dst=client:2
event=req_send ts_ns=16095408 id=464 clt=2 wrkr=1 slot=14 size=17 src=client:2 dst=worker:1
event=resp_recv_ud ts_ns=16128755 id=462 clt=2 wrkr=7 slot=10 size=41 src=worker:7 dst=client:2
event=hand_send ts_ns=16137402 id=462 clt=2 wrkr=7 slot=10 size=10 src=client:2 dst=worker:7
event=resp_recv_ud ts_ns=16163196 id=464 clt=2 wrkr=1 slot=14 size=41 src=worker:1 dst=client:2
event=hand_send ts_ns=16171843 id=464 clt=2 wrkr=1 slot=14 size=10 src=client:2 dst=worker:1
event=resp_rdma_read ts_ns=16177679 id=411 start_ns=14283048 dur_ns=1894631 clt=2 wrkr=1 slot=13 size=409608 src=worker:1 dst=client:2
event=req_send ts_ns=16177679 id=467 clt=2 wrkr=5 slot=11 size=17 src=client:2 dst=worker:5
event=resp_rdma_read ts_ns=16203148 id=402 start_ns=13969101 dur_ns=2234047 clt=2 wrkr=9 slot=5 size=409608 src=worker:9 dst=client:2
event=req_send ts_ns=16203148 id=468 clt=2 wrkr=4 slot=14 size=17 src=client:2 dst=worker:4
event=resp_recv_ud ts_ns=16247004 id=467 clt=2 wrkr=5 slot=11 size=41 src=worker:5 dst=client:2
event=hand_send ts_ns=16255651 id=467 clt=2 wrkr=5 slot=11 size=10 src=client:2 dst=worker:5
event=resp_recv_ud ts_ns=16273389 id=468 clt=2 wrkr=4 slot=14 size=41 src=worker:4 dst=client:2
event=hand_send ts_ns=16282036 id=468 clt=2 wrkr=4 slot=14 size=10 src=client:2 dst=worker:4
event=resp_rdma_read ts_ns=16349266 id=428 start_ns=15203176 dur_ns=1146090 clt=2 wrkr=5 slot=9 size=409608 src=worker:5 dst=client:2
event=req_send ts_ns=16349266 id=472 clt=2 wrkr=5 slot=12 size=17 src=client:2 dst=worker:5
event=resp_recv_ud ts_ns=16418853 id=472 clt=2 wrkr=5 slot=12 size=41 src=worker:5 dst=client:2
event=hand_send ts_ns=16427500 id=472 clt=2 wrkr=5 slot=12 size=10 src=client:2 dst=worker:5
event=resp_rdma_read ts_ns=16819771 id=433 start_ns=15463833 dur_ns=1355938 clt=2 wrkr=8 slot=12 size=409608 src=worker:8 dst=client:2
event=req_send ts_ns=16819771 id=482 clt=2 wrkr=5 slot=13 size=17 src=client:2 dst=worker:5
event=resp_rdma_read ts_ns=16841704 id=437 start_ns=15666199 dur_ns=1175505 clt=2 wrkr=6 slot=14 size=409608 src=worker:6 dst=client:2
event=req_send ts_ns=16841704 id=483 clt=2 wrkr=7 slot=11 size=17 src=client:2 dst=worker:7
event=resp_recv_ud ts_ns=16878884 id=482 clt=2 wrkr=5 slot=13 size=41 src=worker:5 dst=client:2
event=hand_send ts_ns=16887531 id=482 clt=2 wrkr=5 slot=13 size=10 src=client:2 dst=worker:5
event=resp_recv_ud ts_ns=16897425 id=483 clt=2 wrkr=7 slot=11 size=41 src=worker:7 dst=client:2
event=hand_send ts_ns=16906072 id=483 clt=2 wrkr=7 slot=11 size=10 src=client:2 dst=worker:7
event=resp_rdma_read ts_ns=17207319 id=441 start_ns=15818421 dur_ns=1388898 clt=2 wrkr=10 slot=13 size=409608 src=worker:10 dst=client:2
event=req_send ts_ns=17207319 id=488 clt=2 wrkr=4 slot=15 size=17 src=client:2 dst=worker:4
event=resp_recv_ud ts_ns=17264848 id=488 clt=2 wrkr=4 slot=15 size=41 src=worker:4 dst=client:2
event=hand_send ts_ns=17273495 id=488 clt=2 wrkr=4 slot=15 size=10 src=client:2 dst=worker:4
event=resp_rdma_read ts_ns=17283234 id=440 start_ns=15803202 dur_ns=1480032 clt=2 wrkr=11 slot=12 size=409608 src=worker:11 dst=client:2
event=req_send ts_ns=17283234 id=489 clt=2 wrkr=11 slot=13 size=17 src=client:2 dst=worker:11
event=resp_rdma_read ts_ns=17284552 id=443 start_ns=15887971 dur_ns=1396581 clt=2 wrkr=8 slot=13 size=409608 src=worker:8 dst=client:2
event=req_send ts_ns=17284552 id=490 clt=2 wrkr=1 slot=15 size=17 src=client:2 dst=worker:1
event=resp_recv_ud ts_ns=17331570 id=489 clt=2 wrkr=11 slot=13 size=41 src=worker:11 dst=client:2
event=hand_send ts_ns=17340217 id=489 clt=2 wrkr=11 slot=13 size=10 src=client:2 dst=worker:11
event=resp_recv_ud ts_ns=17343971 id=490 clt=2 wrkr=1 slot=15 size=41 src=worker:1 dst=client:2
event=hand_send ts_ns=17352618 id=490 clt=2 wrkr=1 slot=15 size=10 src=client:2 dst=worker:1
event=resp_rdma_read ts_ns=17441956 id=446 start_ns=15922840 dur_ns=1519116 clt=2 wrkr=10 slot=14 size=409608 src=worker:10 dst=client:2
event=req_send ts_ns=17441956 id=492 clt=2 wrkr=0 slot=1 size=17 src=client:2 dst=worker:0
event=resp_recv_ud ts_ns=17494625 id=492 clt=2 wrkr=0 slot=1 size=41 src=worker:0 dst=client:2
event=hand_send ts_ns=17503272 id=492 clt=2 wrkr=0 slot=1 size=10 src=client:2 dst=worker:0
event=resp_rdma_read ts_ns=17626582 id=448 start_ns=15973170 dur_ns=1653412 clt=2 wrkr=5 slot=10 size=409608 src=worker:5 dst=client:2
event=req_send ts_ns=17626582 id=496 clt=2 wrkr=7 slot=12 size=17 src=client:2 dst=worker:7
event=resp_rdma_read ts_ns=17642253 id=450 start_ns=15988913 dur_ns=1653340 clt=2 wrkr=4 slot=13 size=409608 src=worker:4 dst=client:2
event=req_send ts_ns=17642253 id=497 clt=2 wrkr=10 slot=0 size=17 src=client:2 dst=worker:10
event=resp_rdma_read ts_ns=17652764 id=451 start_ns=15989705 dur_ns=1663059 clt=2 wrkr=8 slot=14 size=409608 src=worker:8 dst=client:2
event=req_send ts_ns=17652764 id=499 clt=2 wrkr=9 slot=7 size=17 src=client:2 dst=worker:9
event=resp_recv_ud ts_ns=17672752 id=496 clt=2 wrkr=7 slot=12 size=41 src=worker:7 dst=client:2
event=hand_send ts_ns=17681399 id=496 clt=2 wrkr=7 slot=12 size=10 src=client:2 dst=worker:7
event=resp_recv_ud ts_ns=17694444 id=497 clt=2 wrkr=10 slot=0 size=41 src=worker:10 dst=client:2
event=hand_send ts_ns=17703091 id=497 clt=2 wrkr=10 slot=0 size=10 src=client:2 dst=worker:10
event=resp_recv_ud ts_ns=17712328 id=499 clt=2 wrkr=9 slot=7 size=41 src=worker:9 dst=client:2
event=hand_send ts_ns=17720975 id=499 clt=2 wrkr=9 slot=7 size=10 src=client:2 dst=worker:9
event=resp_rdma_read ts_ns=17927664 id=454 start_ns=16068151 dur_ns=1859513 clt=2 wrkr=10 slot=15 size=409608 src=worker:10 dst=client:2
event=req_send ts_ns=17927664 id=503 clt=2 wrkr=11 slot=14 size=17 src=client:2 dst=worker:11
event=resp_rdma_read ts_ns=17946328 id=455 start_ns=16074360 dur_ns=1871968 clt=2 wrkr=9 slot=6 size=409608 src=worker:9 dst=client:2
event=req_send ts_ns=17946328 id=504 clt=2 wrkr=4 slot=0 size=17 src=client:2 dst=worker:4
event=resp_recv_ud ts_ns=17989201 id=503 clt=2 wrkr=11 slot=14 size=41 src=worker:11 dst=client:2
event=hand_send ts_ns=17997848 id=503 clt=2 wrkr=11 slot=14 size=10 src=client:2 dst=worker:11
event=resp_recv_ud ts_ns=18008524 id=504 clt=2 wrkr=4 slot=0 size=41 src=worker:4 dst=client:2
event=hand_send ts_ns=18017171 id=504 clt=2 wrkr=4 slot=0 size=10 src=client:2 dst=worker:4
event=resp_rdma_read ts_ns=18065203 id=483 start_ns=16906072 dur_ns=1159131 clt=2 wrkr=7 slot=11 size=409608 src=worker:7 dst=client:2
event=req_send ts_ns=18065203 id=507 clt=2 wrkr=7 slot=13 size=17 src=client:2 dst=worker:7
event=resp_recv_ud ts_ns=18126521 id=507 clt=2 wrkr=7 slot=13 size=41 src=worker:7 dst=client:2
event=hand_send ts_ns=18135168 id=507 clt=2 wrkr=7 slot=13 size=10 src=client:2 dst=worker:7
event=resp_rdma_read ts_ns=18246326 id=482 start_ns=16887531 dur_ns=1358795 clt=2 wrkr=5 slot=13 size=409608 src=worker:5 dst=client:2
event=req_send ts_ns=18246326 id=519 clt=2 wrkr=2 slot=13 size=17 src=client:2 dst=worker:2
event=resp_rdma_read ts_ns=18250980 id=462 start_ns=16137402 dur_ns=2113578 clt=2 wrkr=7 slot=10 size=409608 src=worker:7 dst=client:2
event=req_send ts_ns=18250980 id=520 clt=2 wrkr=7 slot=14 size=17 src=client:2 dst=worker:7
event=resp_rdma_read ts_ns=18257963 id=472 start_ns=16427500 dur_ns=1830463 clt=2 wrkr=5 slot=12 size=409608 src=worker:5 dst=client:2
event=req_send ts_ns=18257963 id=522 clt=2 wrkr=3 slot=11 size=17 src=client:2 dst=worker:3
event=resp_recv_ud ts_ns=18314059 id=519 clt=2 wrkr=2 slot=13 size=41 src=worker:2 dst=client:2
event=resp_rdma_read ts_ns=18314939 id=464 start_ns=16171843 dur_ns=2143096 clt=2 wrkr=1 slot=14 size=409608 src=worker:1 dst=client:2
event=req_send ts_ns=18314939 id=525 clt=2 wrkr=3 slot=12 size=17 src=client:2 dst=worker:3
event=resp_recv_ud ts_ns=18317947 id=520 clt=2 wrkr=7 slot=14 size=41 src=worker:7 dst=client:2
event=hand_send ts_ns=18322706 id=519 clt=2 wrkr=2 slot=13 size=10 src=client:2 dst=worker:2
event=resp_recv_ud ts_ns=18324645 id=522 clt=2 wrkr=3 slot=11 size=41 src=worker:3 dst=client:2
event=hand_send ts_ns=18326594 id=520 clt=2 wrkr=7 slot=14 size=10 src=client:2 dst=worker:7
event=hand_send ts_ns=18333292 id=522 clt=2 wrkr=3 slot=11 size=10 src=client:2 dst=worker:3
event=resp_recv_ud ts_ns=18384073 id=525 clt=2 wrkr=3 slot=12 size=41 src=worker:3 dst=client:2
event=hand_send ts_ns=18392720 id=525 clt=2 wrkr=3 slot=12 size=10 src=client:2 dst=worker:3
event=resp_rdma_read ts_ns=18531653 id=467 start_ns=16255651 dur_ns=2276002 clt=2 wrkr=5 slot=11 size=409608 src=worker:5 dst=client:2
event=req_send ts_ns=18531653 id=532 clt=2 wrkr=3 slot=13 size=17 src=client:2 dst=worker:3
event=resp_rdma_read ts_ns=18537838 id=490 start_ns=17352618 dur_ns=1185220 clt=2 wrkr=1 slot=15 size=409608 src=worker:1 dst=client:2
event=req_send ts_ns=18537838 id=534 clt=2 wrkr=2 slot=14 size=17 src=client:2 dst=worker:2
event=resp_recv_ud ts_ns=18601531 id=532 clt=2 wrkr=3 slot=13 size=41 src=worker:3 dst=client:2
event=resp_recv_ud ts_ns=18609207 id=534 clt=2 wrkr=2 slot=14 size=41 src=worker:2 dst=client:2
event=hand_send ts_ns=18610178 id=532 clt=2 wrkr=3 slot=13 size=10 src=client:2 dst=worker:3
event=hand_send ts_ns=18617854 id=534 clt=2 wrkr=2 slot=14 size=10 src=client:2 dst=worker:2
event=resp_rdma_read ts_ns=18634003 id=468 start_ns=16282036 dur_ns=2351967 clt=2 wrkr=4 slot=14 size=409608 src=worker:4 dst=client:2
event=req_send ts_ns=18634003 id=536 clt=2 wrkr=3 slot=14 size=17 src=client:2 dst=worker:3
event=resp_rdma_read ts_ns=18646620 id=489 start_ns=17340217 dur_ns=1306403 clt=2 wrkr=11 slot=13 size=409608 src=worker:11 dst=client:2
event=req_send ts_ns=18646620 id=537 clt=2 wrkr=11 slot=15 size=17 src=client:2 dst=worker:11
event=resp_rdma_read ts_ns=18703548 id=488 start_ns=17273495 dur_ns=1430053 clt=2 wrkr=4 slot=15 size=409608 src=worker:4 dst=client:2
event=req_send ts_ns=18703548 id=539 clt=2 wrkr=7 slot=15 size=17 src=client:2 dst=worker:7
event=resp_recv_ud ts_ns=18703804 id=536 clt=2 wrkr=3 slot=14 size=41 src=worker:3 dst=client:2
event=hand_send ts_ns=18712451 id=536 clt=2 wrkr=3 slot=14 size=10 src=client:2 dst=worker:3
event=resp_recv_ud ts_ns=18718145 id=537 clt=2 wrkr=11 slot=15 size=41 src=worker:11 dst=client:2
event=hand_send ts_ns=18726792 id=537 clt=2 wrkr=11 slot=15 size=10 src=client:2 dst=worker:11
event=resp_recv_ud ts_ns=18774970 id=539 clt=2 wrkr=7 slot=15 size=41 src=worker:7 dst=client:2
event=hand_send ts_ns=18783617 id=539 clt=2 wrkr=7 slot=15 size=10 src=client:2 dst=worker:7
event=resp_rdma_read ts_ns=18884253 id=492 start_ns=17503272 dur_ns=1380981 clt=2 wrkr=0 slot=1 size=409608 src=worker:0 dst=client:2
event=req_send ts_ns=18884253 id=542 clt=2 wrkr=10 slot=1 size=17 src=client:2 dst=worker:10
event=resp_rdma_read ts_ns=18902070 id=499 start_ns=17720975 dur_ns=1181095 clt=2 wrkr=9 slot=7 size=409608 src=worker:9 dst=client:2
event=req_send ts_ns=18902070 id=543 clt=2 wrkr=11 slot=0 size=17 src=client:2 dst=worker:11
event=resp_recv_ud ts_ns=18949052 id=542 clt=2 wrkr=10 slot=1 size=41 src=worker:10 dst=client:2
event=hand_send ts_ns=18957699 id=542 clt=2 wrkr=10 slot=1 size=10 src=client:2 dst=worker:10
event=resp_recv_ud ts_ns=18968489 id=543 clt=2 wrkr=11 slot=0 size=41 src=worker:11 dst=client:2
event=hand_send ts_ns=18977136 id=543 clt=2 wrkr=11 slot=0 size=10 src=client:2 dst=worker:11
event=resp_rdma_read ts_ns=19151769 id=497 start_ns=17703091 dur_ns=1448678 clt=2 wrkr=10 slot=0 size=409608 src=worker:10 dst=client:2
event=req_send ts_ns=19151769 id=545 clt=2 wrkr=4 slot=1 size=17 src=client:2 dst=worker:4
event=resp_rdma_read ts_ns=19157716 id=496 start_ns=17681399 dur_ns=1476317 clt=2 wrkr=7 slot=12 size=409608 src=worker:7 dst=client:2
event=req_send ts_ns=19157716 id=546 clt=2 wrkr=7 slot=0 size=17 src=client:2 dst=worker:7
event=resp_recv_ud ts_ns=19193627 id=545 clt=2 wrkr=4 slot=1 size=41 src=worker:4 dst=client:2
event=hand_send ts_ns=19202274 id=545 clt=2 wrkr=4 slot=1 size=10 src=client:2 dst=worker:4
event=resp_recv_ud ts_ns=19211702 id=546 clt=2 wrkr=7 slot=0 size=41 src=worker:7 dst=client:2
event=hand_send ts_ns=19220349 id=546 clt=2 wrkr=7 slot=0 size=10 src=client:2 dst=worker:7
event=resp_rdma_read ts_ns=19543545 id=503 start_ns=17997848 dur_ns=1545697 clt=2 wrkr=11 slot=14 size=409608 src=worker:11 dst=client:2
event=req_send ts_ns=19543545 id=551 clt=2 wrkr=1 slot=0 size=17 src=client:2 dst=worker:1
event=resp_recv_ud ts_ns=19587801 id=551 clt=2 wrkr=1 slot=0 size=41 src=worker:1 dst=client:2
event=hand_send ts_ns=19596448 id=551 clt=2 wrkr=1 slot=0 size=10 src=client:2 dst=worker:1
event=resp_rdma_read ts_ns=19644791 id=504 start_ns=18017171 dur_ns=1627620 clt=2 wrkr=4 slot=0 size=409608 src=worker:4 dst=client:2
event=req_send ts_ns=19644791 id=552 clt=2 wrkr=9 slot=8 size=17 src=client:2 dst=worker:9
event=resp_recv_ud ts_ns=19690530 id=552 clt=2 wrkr=9 slot=8 size=41 src=worker:9 dst=client:2
event=hand_send ts_ns=19699177 id=552 clt=2 wrkr=9 slot=8 size=10 src=client:2 dst=worker:9
event=resp_rdma_read ts_ns=19838761 id=507 start_ns=18135168 dur_ns=1703593 clt=2 wrkr=7 slot=13 size=409608 src=worker:7 dst=client:2
event=req_send ts_ns=19838761 id=556 clt=2 wrkr=4 slot=2 size=17 src=client:2 dst=worker:4
event=resp_recv_ud ts_ns=19889361 id=556 clt=2 wrkr=4 slot=2 size=41 src=worker:4 dst=client:2
event=hand_send ts_ns=19898008 id=556 clt=2 wrkr=4 slot=2 size=10 src=client:2 dst=worker:4
event=resp_rdma_read ts_ns=20208476 id=543 start_ns=18977136 dur_ns=1231340 clt=2 wrkr=11 slot=0 size=409608 src=worker:11 dst=client:2
event=req_send ts_ns=20208476 id=566 clt=2 wrkr=7 slot=1 size=17 src=client:2 dst=worker:7
event=resp_recv_ud ts_ns=20266573 id=566 clt=2 wrkr=7 slot=1 size=41 src=worker:7 dst=client:2
event=hand_send ts_ns=20275220 id=566 clt=2 wrkr=7 slot=1 size=10 src=client:2 dst=worker:7
event=resp_rdma_read ts_ns=20396318 id=546 start_ns=19220349 dur_ns=1175969 clt=2 wrkr=7 slot=0 size=409608 src=worker:7 dst=client:2
event=req_send ts_ns=20396318 id=569 clt=2 wrkr=1 slot=1 size=17 src=client:2 dst=worker:1
event=resp_rdma_read ts_ns=20427407 id=522 start_ns=18333292 dur_ns=2094115 clt=2 wrkr=3 slot=11 size=409608 src=worker:3 dst=client:2
event=req_send ts_ns=20427407 id=571 clt=2 wrkr=11 slot=1 size=17 src=client:2 dst=worker:11
event=resp_recv_ud ts_ns=20457880 id=569 clt=2 wrkr=1 slot=1 size=41 src=worker:1 dst=client:2
event=hand_send ts_ns=20466527 id=569 clt=2 wrkr=1 slot=1 size=10 src=client:2 dst=worker:1
event=resp_rdma_read ts_ns=20480572 id=520 start_ns=18326594 dur_ns=2153978 clt=2 wrkr=7 slot=14 size=409608 src=worker:7 dst=client:2
event=req_send ts_ns=20480572 id=574 clt=2 wrkr=2 slot=15 size=17 src=client:2 dst=worker:2
event=resp_recv_ud ts_ns=20489414 id=571 clt=2 wrkr=11 slot=1 size=41 src=worker:11 dst=client:2
event=resp_rdma_read ts_ns=20492736 id=542 start_ns=18957699 dur_ns=1535037 clt=2 wrkr=10 slot=1 size=409608 src=worker:10 dst=client:2
event=req_send ts_ns=20492736 id=575 clt=2 wrkr=0 slot=2 size=17 src=client:2 dst=worker:0
event=hand_send ts_ns=20498061 id=571 clt=2 wrkr=11 slot=1 size=10 src=client:2 dst=worker:11
event=resp_rdma_read ts_ns=20526690 id=545 start_ns=19202274 dur_ns=1324416 clt=2 wrkr=4 slot=1 size=409608 src=worker:4 dst=client:2
event=req_send ts_ns=20526690 id=577 clt=2 wrkr=6 slot=15 size=17 src=client:2 dst=worker:6
event=resp_rdma_read ts_ns=20541977 id=519 start_ns=18322706 dur_ns=2219271 clt=2 wrkr=2 slot=13 size=409608 src=worker:2 dst=client:2
event=req_send ts_ns=20541977 id=578 clt=2 wrkr=8 slot=15 size=17 src=client:2 dst=worker:8
event=resp_recv_ud ts_ns=20542101 id=574 clt=2 wrkr=2 slot=15 size=41 src=worker:2 dst=client:2
event=hand_send ts_ns=20550748 id=574 clt=2 wrkr=2 slot=15 size=10 src=client:2 dst=worker:2
event=resp_recv_ud ts_ns=20555511 id=575 clt=2 wrkr=0 slot=2 size=41 src=worker:0 dst=client:2
event=hand_send ts_ns=20564158 id=575 clt=2 wrkr=0 slot=2 size=10 src=client:2 dst=worker:0
event=resp_recv_ud ts_ns=20590165 id=577 clt=2 wrkr=6 slot=15 size=41 src=worker:6 dst=client:2
event=hand_send ts_ns=20598812 id=577 clt=2 wrkr=6 slot=15 size=10 src=client:2 dst=worker:6
event=resp_recv_ud ts_ns=20605672 id=578 clt=2 wrkr=8 slot=15 size=41 src=worker:8 dst=client:2
event=resp_rdma_read ts_ns=20610658 id=525 start_ns=18392720 dur_ns=2217938 clt=2 wrkr=3 slot=12 size=409608 src=worker:3 dst=client:2
event=req_send ts_ns=20610658 id=581 clt=2 wrkr=7 slot=2 size=17 src=client:2 dst=worker:7
event=hand_send ts_ns=20614319 id=578 clt=2 wrkr=8 slot=15 size=10 src=client:2 dst=worker:8
event=resp_rdma_read ts_ns=20629019 id=551 start_ns=19596448 dur_ns=1032571 clt=2 wrkr=1 slot=0 size=409608 src=worker:1 dst=client:2
event=req_send ts_ns=20629019 id=583 clt=2 wrkr=1 slot=2 size=17 src=client:2 dst=worker:1
event=resp_recv_ud ts_ns=20676783 id=581 clt=2 wrkr=7 slot=2 size=41 src=worker:7 dst=client:2
event=hand_send ts_ns=20685430 id=581 clt=2 wrkr=7 slot=2 size=10 src=client:2 dst=worker:7
event=resp_recv_ud ts_ns=20693357 id=583 clt=2 wrkr=1 slot=2 size=41 src=worker:1 dst=client:2
event=hand_send ts_ns=20702004 id=583 clt=2 wrkr=1 slot=2 size=10 src=client:2 dst=worker:1
event=resp_rdma_read ts_ns=20906963 id=539 start_ns=18783617 dur_ns=2123346 clt=2 wrkr=7 slot=15 size=409608 src=worker:7 dst=client:2
event=req_send ts_ns=20906963 id=594 clt=2 wrkr=10 slot=2 size=17 src=client:2 dst=worker:10
event=resp_rdma_read ts_ns=20917544 id=532 start_ns=18610178 dur_ns=2307366 clt=2 wrkr=3 slot=13 size=409608 src=worker:3 dst=client:2
event=req_send ts_ns=20917544 id=595 clt=2 wrkr=4 slot=3 size=17 src=client:2 dst=worker:4
event=resp_recv_ud ts_ns=20977743 id=594 clt=2 wrkr=10 slot=2 size=41 src=worker:10 dst=client:2
event=hand_send ts_ns=20986390 id=594 clt=2 wrkr=10 slot=2 size=10 src=client:2 dst=worker:10
event=resp_rdma_read ts_ns=20987353 id=552 start_ns=19699177 dur_ns=1288176 clt=2 wrkr=9 slot=8 size=409608 src=worker:9 dst=client:2
event=req_send ts_ns=20987353 id=597 clt=2 wrkr=3 slot=15 size=17 src=client:2 dst=worker:3
event=resp_recv_ud ts_ns=20988217 id=595 clt=2 wrkr=4 slot=3 size=41 src=worker:4 dst=client:2
event=hand_send ts_ns=20996864 id=595 clt=2 wrkr=4 slot=3 size=10 src=client:2 dst=worker:4
event=resp_recv_ud ts_ns=21057807 id=597 clt=2 wrkr=3 slot=15 size=41 src=worker:3 dst=client:2
event=hand_send ts_ns=21066454 id=597 clt=2 wrkr=3 slot=15 size=10 src=client:2 dst=worker:3
event=resp_rdma_read ts_ns=21079942 id=536 start_ns=18712451 dur_ns=2367491 clt=2 wrkr=3 slot=14 size=409608 src=worker:3 dst=client:2
event=req_send ts_ns=21079942 id=600 clt=2 wrkr=1 slot=3 size=17 src=client:2 dst=worker:1
event=resp_rdma_read ts_ns=21110520 id=534 start_ns=18617854 dur_ns=2492666 clt=2 wrkr=2 slot=14 size=409608 src=worker:2 dst=client:2
event=req_send ts_ns=21110520 id=601 clt=2 wrkr=10 slot=3 size=17 src=client:2 dst=worker:10
event=resp_rdma_read ts_ns=21144092 id=556 start_ns=19898008 dur_ns=1246084 clt=2 wrkr=4 slot=2 size=409608 src=worker:4 dst=client:2
event=req_send ts_ns=21144092 id=602 clt=2 wrkr=5 slot=14 size=17 src=client:2 dst=worker:5
event=resp_recv_ud ts_ns=21151634 id=600 clt=2 wrkr=1 slot=3 size=41 src=worker:1 dst=client:2
event=hand_send ts_ns=21160281 id=600 clt=2 wrkr=1 slot=3 size=10 src=client:2 dst=worker:1
event=resp_rdma_read ts_ns=21162346 id=537 start_ns=18726792 dur_ns=2435554 clt=2 wrkr=11 slot=15 size=409608 src=worker:11 dst=client:2
event=req_send ts_ns=21162346 id=603 clt=2 wrkr=6 slot=0 size=17 src=client:2 dst=worker:6
event=resp_recv_ud ts_ns=21181589 id=601 clt=2 wrkr=10 slot=3 size=41 src=worker:10 dst=client:2
event=hand_send ts_ns=21190236 id=601 clt=2 wrkr=10 slot=3 size=10 src=client:2 dst=worker:10
event=resp_recv_ud ts_ns=21208918 id=602 clt=2 wrkr=5 slot=14 size=41 src=worker:5 dst=client:2
event=hand_send ts_ns=21217565 id=602 clt=2 wrkr=5 slot=14 size=10 src=client:2 dst=worker:5
event=resp_recv_ud ts_ns=21233332 id=603 clt=2 wrkr=6 slot=0 size=41 src=worker:6 dst=client:2
event=hand_send ts_ns=21241979 id=603 clt=2 wrkr=6 slot=0 size=10 src=client:2 dst=worker:6
event=resp_rdma_read ts_ns=21502236 id=566 start_ns=20275220 dur_ns=1227016 clt=2 wrkr=7 slot=1 size=409608 src=worker:7 dst=client:2
event=req_send ts_ns=21502236 id=611 clt=2 wrkr=5 slot=15 size=17 src=client:2 dst=worker:5
event=resp_recv_ud ts_ns=21564758 id=611 clt=2 wrkr=5 slot=15 size=41 src=worker:5 dst=client:2
event=hand_send ts_ns=21573405 id=611 clt=2 wrkr=5 slot=15 size=10 src=client:2 dst=worker:5
event=resp_rdma_read ts_ns=21991700 id=574 start_ns=20550748 dur_ns=1440952 clt=2 wrkr=2 slot=15 size=409608 src=worker:2 dst=client:2
event=req_send ts_ns=21991700 id=617 clt=2 wrkr=10 slot=4 size=17 src=client:2 dst=worker:10
event=resp_recv_ud ts_ns=22040116 id=617 clt=2 wrkr=10 slot=4 size=41 src=worker:10 dst=client:2
event=hand_send ts_ns=22048763 id=617 clt=2 wrkr=10 slot=4 size=10 src=client:2 dst=worker:10
event=resp_rdma_read ts_ns=22059140 id=569 start_ns=20466527 dur_ns=1592613 clt=2 wrkr=1 slot=1 size=409608 src=worker:1 dst=client:2
event=req_send ts_ns=22059140 id=618 clt=2 wrkr=1 slot=4 size=17 src=client:2 dst=worker:1
event=resp_rdma_read ts_ns=22093443 id=571 start_ns=20498061 dur_ns=1595382 clt=2 wrkr=11 slot=1 size=409608 src=worker:11 dst=client:2
event=req_send ts_ns=22093443 id=620 clt=2 wrkr=5 slot=0 size=17 src=client:2 dst=worker:5
event=resp_recv_ud ts_ns=22117321 id=618 clt=2 wrkr=1 slot=4 size=41 src=worker:1 dst=client:2
event=hand_send ts_ns=22125968 id=618 clt=2 wrkr=1 slot=4 size=10 src=client:2 dst=worker:1
event=resp_recv_ud ts_ns=22136132 id=620 clt=2 wrkr=5 slot=0 size=41 src=worker:5 dst=client:2
event=hand_send ts_ns=22144779 id=620 clt=2 wrkr=5 slot=0 size=10 src=client:2 dst=worker:5
event=resp_rdma_read ts_ns=22164487 id=578 start_ns=20614319 dur_ns=1550168 clt=2 wrkr=8 slot=15 size=409608 src=worker:8 dst=client:2
event=req_send ts_ns=22164487 id=621 clt=2 wrkr=9 slot=9 size=17 src=client:2 dst=worker:9
event=resp_recv_ud ts_ns=22212000 id=621 clt=2 wrkr=9 slot=9 size=41 src=worker:9 dst=client:2
event=hand_send ts_ns=22220647 id=621 clt=2 wrkr=9 slot=9 size=10 src=client:2 dst=worker:9
event=resp_rdma_read ts_ns=22260810 id=577 start_ns=20598812 dur_ns=1661998 clt=2 wrkr=6 slot=15 size=409608 src=worker:6 dst=client:2
event=req_send ts_ns=22260810 id=624 clt=2 wrkr=7 slot=3 size=17 src=client:2 dst=worker:7
event=resp_rdma_read ts_ns=22305767 id=575 start_ns=20564158 dur_ns=1741609 clt=2 wrkr=0 slot=2 size=409608 src=worker:0 dst=client:2
event=req_send ts_ns=22305767 id=625 clt=2 wrkr=1 slot=5 size=17 src=client:2 dst=worker:1
event=resp_recv_ud ts_ns=22316536 id=624 clt=2 wrkr=7 slot=3 size=41 src=worker:7 dst=client:2
event=hand_send ts_ns=22325183 id=624 clt=2 wrkr=7 slot=3 size=10 src=client:2 dst=worker:7
event=resp_recv_ud ts_ns=22361781 id=625 clt=2 wrkr=1 slot=5 size=41 src=worker:1 dst=client:2
event=hand_send ts_ns=22370428 id=625 clt=2 wrkr=1 slot=5 size=10 src=client:2 dst=worker:1
event=resp_rdma_read ts_ns=22501073 id=581 start_ns=20685430 dur_ns=1815643 clt=2 wrkr=7 slot=2 size=409608 src=worker:7 dst=client:2
event=req_send ts_ns=22501073 id=629 clt=2 wrkr=11 slot=2 size=17 src=client:2 dst=worker:11
event=resp_recv_ud ts_ns=22559809 id=629 clt=2 wrkr=11 slot=2 size=41 src=worker:11 dst=client:2
event=hand_send ts_ns=22568456 id=629 clt=2 wrkr=11 slot=2 size=10 src=client:2 dst=worker:11
event=resp_rdma_read ts_ns=22679140 id=583 start_ns=20702004 dur_ns=1977136 clt=2 wrkr=1 slot=2 size=409608 src=worker:1 dst=client:2
event=req_send ts_ns=22679140 id=636 clt=2 wrkr=1 slot=6 size=17 src=client:2 dst=worker:1
event=resp_recv_ud ts_ns=22741062 id=636 clt=2 wrkr=1 slot=6 size=41 src=worker:1 dst=client:2
event=hand_send ts_ns=22749709 id=636 clt=2 wrkr=1 slot=6 size=10 src=client:2 dst=worker:1
event=resp_rdma_read ts_ns=22887155 id=594 start_ns=20986390 dur_ns=1900765 clt=2 wrkr=10 slot=2 size=409608 src=worker:10 dst=client:2
event=req_send ts_ns=22887155 id=639 clt=2 wrkr=10 slot=5 size=17 src=client:2 dst=worker:10
event=resp_recv_ud ts_ns=22935074 id=639 clt=2 wrkr=10 slot=5 size=41 src=worker:10 dst=client:2
event=hand_send ts_ns=22943721 id=639 clt=2 wrkr=10 slot=5 size=10 src=client:2 dst=worker:10
event=resp_rdma_read ts_ns=22999004 id=611 start_ns=21573405 dur_ns=1425599 clt=2 wrkr=5 slot=15 size=409608 src=worker:5 dst=client:2
event=req_send ts_ns=22999004 id=646 clt=2 wrkr=6 slot=1 size=17 src=client:2 dst=worker:6
event=resp_recv_ud ts_ns=23065736 id=646 clt=2 wrkr=6 slot=1 size=41 src=worker:6 dst=client:2
event=hand_send ts_ns=23074383 id=646 clt=2 wrkr=6 slot=1 size=10 src=client:2 dst=worker:6
event=resp_rdma_read ts_ns=23265694 id=617 start_ns=22048763 dur_ns=1216931 clt=2 wrkr=10 slot=4 size=409608 src=worker:10 dst=client:2
event=resp_rdma_read ts_ns=23313715 id=603 start_ns=21241979 dur_ns=2071736 clt=2 wrkr=6 slot=0 size=409608 src=worker:6 dst=client:2
event=resp_rdma_read ts_ns=23340562 id=595 start_ns=20996864 dur_ns=2343698 clt=2 wrkr=4 slot=3 size=409608 src=worker:4 dst=client:2
event=resp_rdma_read ts_ns=23378043 id=597 start_ns=21066454 dur_ns=2311589 clt=2 wrkr=3 slot=15 size=409608 src=worker:3 dst=client:2
event=resp_rdma_read ts_ns=23415837 id=602 start_ns=21217565 dur_ns=2198272 clt=2 wrkr=5 slot=14 size=409608 src=worker:5 dst=client:2
event=resp_rdma_read ts_ns=23422814 id=618 start_ns=22125968 dur_ns=1296846 clt=2 wrkr=1 slot=4 size=409608 src=worker:1 dst=client:2
event=resp_rdma_read ts_ns=23493900 id=620 start_ns=22144779 dur_ns=1349121 clt=2 wrkr=5 slot=0 size=409608 src=worker:5 dst=client:2
event=resp_rdma_read ts_ns=23528848 id=621 start_ns=22220647 dur_ns=1308201 clt=2 wrkr=9 slot=9 size=409608 src=worker:9 dst=client:2
event=resp_rdma_read ts_ns=23539829 id=601 start_ns=21190236 dur_ns=2349593 clt=2 wrkr=10 slot=3 size=409608 src=worker:10 dst=client:2
event=resp_rdma_read ts_ns=23592763 id=600 start_ns=21160281 dur_ns=2432482 clt=2 wrkr=1 slot=3 size=409608 src=worker:1 dst=client:2
event=resp_rdma_read ts_ns=23676409 id=625 start_ns=22370428 dur_ns=1305981 clt=2 wrkr=1 slot=5 size=409608 src=worker:1 dst=client:2
event=resp_rdma_read ts_ns=23738870 id=624 start_ns=22325183 dur_ns=1413687 clt=2 wrkr=7 slot=3 size=409608 src=worker:7 dst=client:2
event=resp_rdma_read ts_ns=23962748 id=629 start_ns=22568456 dur_ns=1394292 clt=2 wrkr=11 slot=2 size=409608 src=worker:11 dst=client:2
event=resp_rdma_read ts_ns=24234835 id=636 start_ns=22749709 dur_ns=1485126 clt=2 wrkr=1 slot=6 size=409608 src=worker:1 dst=client:2
event=resp_rdma_read ts_ns=24588381 id=639 start_ns=22943721 dur_ns=1644660 clt=2 wrkr=10 slot=5 size=409608 src=worker:10 dst=client:2
event=resp_rdma_read ts_ns=24994840 id=646 start_ns=23074383 dur_ns=1920457 clt=2 wrkr=6 slot=1 size=409608 src=worker:6 dst=client:2
