event=req_send ts_ns=1 id=0 clt=0 wrkr=10 slot=0 size=17 src=client:0 dst=worker:10
event=req_send ts_ns=2501 id=3 clt=0 wrkr=4 slot=0 size=17 src=client:0 dst=worker:4
event=req_send ts_ns=5001 id=6 clt=0 wrkr=4 slot=1 size=17 src=client:0 dst=worker:4
event=req_send ts_ns=7501 id=9 clt=0 wrkr=5 slot=0 size=17 src=client:0 dst=worker:5
event=req_send ts_ns=10001 id=12 clt=0 wrkr=2 slot=0 size=17 src=client:0 dst=worker:2
event=req_send ts_ns=12501 id=15 clt=0 wrkr=2 slot=1 size=17 src=client:0 dst=worker:2
event=req_send ts_ns=15001 id=18 clt=0 wrkr=5 slot=1 size=17 src=client:0 dst=worker:5
event=req_send ts_ns=17501 id=21 clt=0 wrkr=5 slot=2 size=17 src=client:0 dst=worker:5
event=req_send ts_ns=20001 id=24 clt=0 wrkr=4 slot=2 size=17 src=client:0 dst=worker:4
event=req_send ts_ns=22501 id=27 clt=0 wrkr=8 slot=0 size=17 src=client:0 dst=worker:8
event=req_send ts_ns=25001 id=30 clt=0 wrkr=8 slot=1 size=17 src=client:0 dst=worker:8
event=req_send ts_ns=27501 id=33 clt=0 wrkr=5 slot=3 size=17 src=client:0 dst=worker:5
event=resp_recv_ud ts_ns=42336 id=0 clt=0 wrkr=10 slot=0 size=41 src=worker:10 dst=client:0
event=hand_send ts_ns=50983 id=0 clt=0 wrkr=10 slot=0 size=10 src=client:0 dst=worker:10
event=resp_recv_ud ts_ns=65615 id=6 clt=0 wrkr=4 slot=1 size=41 src=worker:4 dst=client:0
event=resp_recv_ud ts_ns=66235 id=3 clt=0 wrkr=4 slot=0 size=41 src=worker:4 dst=client:0
event=resp_recv_ud ts_ns=68467 id=9 clt=0 wrkr=5 slot=0 size=41 src=worker:5 dst=client:0
event=resp_recv_ud ts_ns=71283 id=12 clt=0 wrkr=2 slot=0 size=41 src=worker:2 dst=client:0
event=resp_recv_ud ts_ns=73913 id=15 clt=0 wrkr=2 slot=1 size=41 src=worker:2 dst=client:0
event=hand_send ts_ns=74262 id=6 clt=0 wrkr=4 slot=1 size=10 src=client:0 dst=worker:4
event=hand_send ts_ns=74882 id=3 clt=0 wrkr=4 slot=0 size=10 src=client:0 dst=worker:4
event=resp_recv_ud ts_ns=76088 id=18 clt=0 wrkr=5 slot=1 size=41 src=worker:5 dst=client:0
event=hand_send ts_ns=77114 id=9 clt=0 wrkr=5 slot=0 size=10 src=client:0 dst=worker:5
event=resp_recv_ud ts_ns=78621 id=21 clt=0 wrkr=5 slot=2 size=41 src=worker:5 dst=client:0
event=hand_send ts_ns=79930 id=12 clt=0 wrkr=2 slot=0 size=10 src=client:0 dst=worker:2
event=resp_recv_ud ts_ns=80681 id=24 clt=0 wrkr=4 slot=2 size=41 src=worker:4 dst=client:0
event=hand_send ts_ns=82560 id=15 clt=0 wrkr=2 slot=1 size=10 src=client:0 dst=worker:2
event=resp_recv_ud ts_ns=83269 id=27 clt=0 wrkr=8 slot=0 size=41 src=worker:8 dst=client:0
event=hand_send ts_ns=84735 id=18 clt=0 wrkr=5 slot=1 size=10 src=client:0 dst=worker:5
event=resp_recv_ud ts_ns=85568 id=30 clt=0 wrkr=8 slot=1 size=41 src=worker:8 dst=client:0
event=resp_recv_ud ts_ns=86268 id=33 clt=0 wrkr=5 slot=3 size=41 src=worker:5 dst=client:0
event=hand_send ts_ns=87268 id=21 clt=0 wrkr=5 slot=2 size=10 src=client:0 dst=worker:5
event=hand_send ts_ns=89328 id=24 clt=0 wrkr=4 slot=2 size=10 src=client:0 dst=worker:4
event=hand_send ts_ns=91916 id=27 clt=0 wrkr=8 slot=0 size=10 src=client:0 dst=worker:8
event=hand_send ts_ns=94215 id=30 clt=0 wrkr=8 slot=1 size=10 src=client:0 dst=worker:8
event=hand_send ts_ns=94915 id=33 clt=0 wrkr=5 slot=3 size=10 src=client:0 dst=worker:5
event=resp_rdma_read ts_ns=3148657 id=0 start_ns=50983 dur_ns=3097674 clt=0 wrkr=10 slot=0 size=1048584 src=worker:10 dst=client:0
event=req_send ts_ns=3148657 id=37 clt=0 wrkr=4 slot=3 size=17 src=client:0 dst=worker:4
event=resp_recv_ud ts_ns=3206743 id=37 clt=0 wrkr=4 slot=3 size=41 src=worker:4 dst=client:0
event=hand_send ts_ns=3215390 id=37 clt=0 wrkr=4 slot=3 size=10 src=client:0 dst=worker:4
event=resp_rdma_read ts_ns=3954394 id=6 start_ns=74262 dur_ns=3880132 clt=0 wrkr=4 slot=1 size=1048584 src=worker:4 dst=client:0
event=req_send ts_ns=3954394 id=55 clt=0 wrkr=1 slot=0 size=17 src=client:0 dst=worker:1
event=resp_recv_ud ts_ns=4009404 id=55 clt=0 wrkr=1 slot=0 size=41 src=worker:1 dst=client:0
event=hand_send ts_ns=4018051 id=55 clt=0 wrkr=1 slot=0 size=10 src=client:0 dst=worker:1
event=resp_rdma_read ts_ns=4023128 id=3 start_ns=74882 dur_ns=3948246 clt=0 wrkr=4 slot=0 size=1048584 src=worker:4 dst=client:0
event=req_send ts_ns=4023128 id=56 clt=0 wrkr=4 slot=4 size=17 src=client:0 dst=worker:4
event=resp_recv_ud ts_ns=4083746 id=56 clt=0 wrkr=4 slot=4 size=41 src=worker:4 dst=client:0
event=hand_send ts_ns=4092393 id=56 clt=0 wrkr=4 slot=4 size=10 src=client:0 dst=worker:4
event=resp_rdma_read ts_ns=4359206 id=9 start_ns=77114 dur_ns=4282092 clt=0 wrkr=5 slot=0 size=1048584 src=worker:5 dst=client:0
event=req_send ts_ns=4359206 id=59 clt=0 wrkr=10 slot=1 size=17 src=client:0 dst=worker:10
event=resp_recv_ud ts_ns=4398720 id=59 clt=0 wrkr=10 slot=1 size=41 src=worker:10 dst=client:0
event=hand_send ts_ns=4407367 id=59 clt=0 wrkr=10 slot=1 size=10 src=client:0 dst=worker:10
event=resp_rdma_read ts_ns=5134000 id=12 start_ns=79930 dur_ns=5054070 clt=0 wrkr=2 slot=0 size=1048584 src=worker:2 dst=client:0
event=req_send ts_ns=5134000 id=64 clt=0 wrkr=1 slot=1 size=17 src=client:0 dst=worker:1
event=resp_recv_ud ts_ns=5169133 id=64 clt=0 wrkr=1 slot=1 size=41 src=worker:1 dst=client:0
event=hand_send ts_ns=5177780 id=64 clt=0 wrkr=1 slot=1 size=10 src=client:0 dst=worker:1
event=resp_rdma_read ts_ns=5336897 id=15 start_ns=82560 dur_ns=5254337 clt=0 wrkr=2 slot=1 size=1048584 src=worker:2 dst=client:0
event=req_send ts_ns=5336897 id=65 clt=0 wrkr=2 slot=2 size=17 src=client:0 dst=worker:2
event=resp_recv_ud ts_ns=5371543 id=65 clt=0 wrkr=2 slot=2 size=41 src=worker:2 dst=client:0
event=hand_send ts_ns=5380190 id=65 clt=0 wrkr=2 slot=2 size=10 src=client:0 dst=worker:2
event=resp_rdma_read ts_ns=5532621 id=18 start_ns=84735 dur_ns=5447886 clt=0 wrkr=5 slot=1 size=1048584 src=worker:5 dst=client:0
event=req_send ts_ns=5532621 id=66 clt=0 wrkr=3 slot=0 size=17 src=client:0 dst=worker:3
event=resp_recv_ud ts_ns=5566937 id=66 clt=0 wrkr=3 slot=0 size=41 src=worker:3 dst=client:0
event=hand_send ts_ns=5575584 id=66 clt=0 wrkr=3 slot=0 size=10 src=client:0 dst=worker:3
event=resp_rdma_read ts_ns=5637205 id=21 start_ns=87268 dur_ns=5549937 clt=0 wrkr=5 slot=2 size=1048584 src=worker:5 dst=client:0
event=req_send ts_ns=5637205 id=67 clt=0 wrkr=10 slot=2 size=17 src=client:0 dst=worker:10
event=resp_recv_ud ts_ns=5671536 id=67 clt=0 wrkr=10 slot=2 size=41 src=worker:10 dst=client:0
event=hand_send ts_ns=5680183 id=67 clt=0 wrkr=10 slot=2 size=10 src=client:0 dst=worker:10
event=resp_rdma_read ts_ns=5841227 id=24 start_ns=89328 dur_ns=5751899 clt=0 wrkr=4 slot=2 size=1048584 src=worker:4 dst=client:0
event=req_send ts_ns=5841227 id=68 clt=0 wrkr=1 slot=2 size=17 src=client:0 dst=worker:1
event=resp_recv_ud ts_ns=5875258 id=68 clt=0 wrkr=1 slot=2 size=41 src=worker:1 dst=client:0
event=hand_send ts_ns=5883905 id=68 clt=0 wrkr=1 slot=2 size=10 src=client:0 dst=worker:1
event=resp_rdma_read ts_ns=5946147 id=27 start_ns=91916 dur_ns=5854231 clt=0 wrkr=8 slot=0 size=1048584 src=worker:8 dst=client:0
event=req_send ts_ns=5946147 id=69 clt=0 wrkr=8 slot=2 size=17 src=client:0 dst=worker:8
event=resp_recv_ud ts_ns=5980344 id=69 clt=0 wrkr=8 slot=2 size=41 src=worker:8 dst=client:0
event=hand_send ts_ns=5988991 id=69 clt=0 wrkr=8 slot=2 size=10 src=client:0 dst=worker:8
event=resp_rdma_read ts_ns=6016027 id=30 start_ns=94215 dur_ns=5921812 clt=0 wrkr=8 slot=1 size=1048584 src=worker:8 dst=client:0
event=req_send ts_ns=6016027 id=70 clt=0 wrkr=2 slot=3 size=17 src=client:0 dst=worker:2
event=resp_rdma_read ts_ns=6044405 id=33 start_ns=94915 dur_ns=5949490 clt=0 wrkr=5 slot=3 size=1048584 src=worker:5 dst=client:0
event=req_send ts_ns=6044405 id=71 clt=0 wrkr=7 slot=0 size=17 src=client:0 dst=worker:7
event=resp_recv_ud ts_ns=6070491 id=70 clt=0 wrkr=2 slot=3 size=41 src=worker:2 dst=client:0
event=hand_send ts_ns=6079138 id=70 clt=0 wrkr=2 slot=3 size=10 src=client:0 dst=worker:2
event=resp_recv_ud ts_ns=6085435 id=71 clt=0 wrkr=7 slot=0 size=41 src=worker:7 dst=client:0
event=hand_send ts_ns=6094082 id=71 clt=0 wrkr=7 slot=0 size=10 src=client:0 dst=worker:7
event=resp_rdma_read ts_ns=7123707 id=55 start_ns=4018051 dur_ns=3105656 clt=0 wrkr=1 slot=0 size=1048584 src=worker:1 dst=client:0
event=req_send ts_ns=7123707 id=85 clt=0 wrkr=3 slot=1 size=17 src=client:0 dst=worker:3
event=resp_rdma_read ts_ns=7158463 id=37 start_ns=3215390 dur_ns=3943073 clt=0 wrkr=4 slot=3 size=1048584 src=worker:4 dst=client:0
event=req_send ts_ns=7158463 id=87 clt=0 wrkr=6 slot=0 size=17 src=client:0 dst=worker:6
event=resp_recv_ud ts_ns=7183453 id=85 clt=0 wrkr=3 slot=1 size=41 src=worker:3 dst=client:0
event=hand_send ts_ns=7192100 id=85 clt=0 wrkr=3 slot=1 size=10 src=client:0 dst=worker:3
event=resp_recv_ud ts_ns=7218241 id=87 clt=0 wrkr=6 slot=0 size=41 src=worker:6 dst=client:0
event=hand_send ts_ns=7226888 id=87 clt=0 wrkr=6 slot=0 size=10 src=client:0 dst=worker:6
event=resp_rdma_read ts_ns=7449642 id=59 start_ns=4407367 dur_ns=3042275 clt=0 wrkr=10 slot=1 size=1048584 src=worker:10 dst=client:0
event=req_send ts_ns=7449642 id=92 clt=0 wrkr=0 slot=0 size=17 src=client:0 dst=worker:0
event=resp_recv_ud ts_ns=7514152 id=92 clt=0 wrkr=0 slot=0 size=41 src=worker:0 dst=client:0
event=hand_send ts_ns=7522799 id=92 clt=0 wrkr=0 slot=0 size=10 src=client:0 dst=worker:0
event=resp_rdma_read ts_ns=7859694 id=56 start_ns=4092393 dur_ns=3767301 clt=0 wrkr=4 slot=4 size=1048584 src=worker:4 dst=client:0
event=req_send ts_ns=7859694 id=99 clt=0 wrkr=10 slot=3 size=17 src=client:0 dst=worker:10
event=resp_recv_ud ts_ns=7911401 id=99 clt=0 wrkr=10 slot=3 size=41 src=worker:10 dst=client:0
event=hand_send ts_ns=7920048 id=99 clt=0 wrkr=10 slot=3 size=10 src=client:0 dst=worker:10
event=resp_rdma_read ts_ns=7936735 id=64 start_ns=5177780 dur_ns=2758955 clt=0 wrkr=1 slot=1 size=1048584 src=worker:1 dst=client:0
event=req_send ts_ns=7936735 id=100 clt=0 wrkr=11 slot=0 size=17 src=client:0 dst=worker:11
event=resp_recv_ud ts_ns=7992600 id=100 clt=0 wrkr=11 slot=0 size=41 src=worker:11 dst=client:0
event=hand_send ts_ns=8001247 id=100 clt=0 wrkr=11 slot=0 size=10 src=client:0 dst=worker:11
event=resp_rdma_read ts_ns=8130246 id=65 start_ns=5380190 dur_ns=2750056 clt=0 wrkr=2 slot=2 size=1048584 src=worker:2 dst=client:0
event=req_send ts_ns=8130246 id=101 clt=0 wrkr=2 slot=4 size=17 src=client:0 dst=worker:2
event=resp_recv_ud ts_ns=8170469 id=101 clt=0 wrkr=2 slot=4 size=41 src=worker:2 dst=client:0
event=hand_send ts_ns=8179116 id=101 clt=0 wrkr=2 slot=4 size=10 src=client:0 dst=worker:2
event=resp_rdma_read ts_ns=8319034 id=66 start_ns=5575584 dur_ns=2743450 clt=0 wrkr=3 slot=0 size=1048584 src=worker:3 dst=client:0
event=req_send ts_ns=8319034 id=102 clt=0 wrkr=5 slot=4 size=17 src=client:0 dst=worker:5
event=resp_recv_ud ts_ns=8358894 id=102 clt=0 wrkr=5 slot=4 size=41 src=worker:5 dst=client:0
event=hand_send ts_ns=8367541 id=102 clt=0 wrkr=5 slot=4 size=10 src=client:0 dst=worker:5
event=resp_rdma_read ts_ns=8422083 id=67 start_ns=5680183 dur_ns=2741900 clt=0 wrkr=10 slot=2 size=1048584 src=worker:10 dst=client:0
event=req_send ts_ns=8422083 id=103 clt=0 wrkr=9 slot=0 size=17 src=client:0 dst=worker:9
event=resp_recv_ud ts_ns=8462047 id=103 clt=0 wrkr=9 slot=0 size=41 src=worker:9 dst=client:0
event=hand_send ts_ns=8470694 id=103 clt=0 wrkr=9 slot=0 size=10 src=client:0 dst=worker:9
event=resp_rdma_read ts_ns=8615925 id=68 start_ns=5883905 dur_ns=2732020 clt=0 wrkr=1 slot=2 size=1048584 src=worker:1 dst=client:0
event=req_send ts_ns=8615925 id=104 clt=0 wrkr=7 slot=1 size=17 src=client:0 dst=worker:7
event=resp_recv_ud ts_ns=8653935 id=104 clt=0 wrkr=7 slot=1 size=41 src=worker:7 dst=client:0
event=hand_send ts_ns=8662582 id=104 clt=0 wrkr=7 slot=1 size=10 src=client:0 dst=worker:7
event=resp_rdma_read ts_ns=8738966 id=69 start_ns=5988991 dur_ns=2749975 clt=0 wrkr=8 slot=2 size=1048584 src=worker:8 dst=client:0
event=req_send ts_ns=8738966 id=105 clt=0 wrkr=3 slot=2 size=17 src=client:0 dst=worker:3
event=resp_recv_ud ts_ns=8774782 id=105 clt=0 wrkr=3 slot=2 size=41 src=worker:3 dst=client:0
event=hand_send ts_ns=8783429 id=105 clt=0 wrkr=3 slot=2 size=10 src=client:0 dst=worker:3
event=resp_rdma_read ts_ns=8836232 id=71 start_ns=6094082 dur_ns=2742150 clt=0 wrkr=7 slot=0 size=1048584 src=worker:7 dst=client:0
event=req_send ts_ns=8836232 id=106 clt=0 wrkr=8 slot=3 size=17 src=client:0 dst=worker:8
event=resp_recv_ud ts_ns=8872920 id=106 clt=0 wrkr=8 slot=3 size=41 src=worker:8 dst=client:0
event=hand_send ts_ns=8881567 id=106 clt=0 wrkr=8 slot=3 size=10 src=client:0 dst=worker:8
event=resp_rdma_read ts_ns=9104998 id=70 start_ns=6079138 dur_ns=3025860 clt=0 wrkr=2 slot=3 size=1048584 src=worker:2 dst=client:0
event=req_send ts_ns=9104998 id=109 clt=0 wrkr=10 slot=4 size=17 src=client:0 dst=worker:10
event=resp_recv_ud ts_ns=9153264 id=109 clt=0 wrkr=10 slot=4 size=41 src=worker:10 dst=client:0
event=hand_send ts_ns=9161911 id=109 clt=0 wrkr=10 slot=4 size=10 src=client:0 dst=worker:10
event=resp_rdma_read ts_ns=10775178 id=85 start_ns=7192100 dur_ns=3583078 clt=0 wrkr=3 slot=1 size=1048584 src=worker:3 dst=client:0
event=req_send ts_ns=10775178 id=124 clt=0 wrkr=10 slot=5 size=17 src=client:0 dst=worker:10
event=resp_rdma_read ts_ns=10811878 id=100 start_ns=8001247 dur_ns=2810631 clt=0 wrkr=11 slot=0 size=1048584 src=worker:11 dst=client:0
event=req_send ts_ns=10811878 id=125 clt=0 wrkr=8 slot=4 size=17 src=client:0 dst=worker:8
event=resp_recv_ud ts_ns=10832799 id=124 clt=0 wrkr=10 slot=5 size=41 src=worker:10 dst=client:0
event=hand_send ts_ns=10841446 id=124 clt=0 wrkr=10 slot=5 size=10 src=client:0 dst=worker:10
event=resp_rdma_read ts_ns=10845172 id=92 start_ns=7522799 dur_ns=3322373 clt=0 wrkr=0 slot=0 size=1048584 src=worker:0 dst=client:0
event=req_send ts_ns=10845172 id=126 clt=0 wrkr=5 slot=5 size=17 src=client:0 dst=worker:5
event=resp_recv_ud ts_ns=10871767 id=125 clt=0 wrkr=8 slot=4 size=41 src=worker:8 dst=client:0
event=hand_send ts_ns=10880414 id=125 clt=0 wrkr=8 slot=4 size=10 src=client:0 dst=worker:8
event=resp_recv_ud ts_ns=10905184 id=126 clt=0 wrkr=5 slot=5 size=41 src=worker:5 dst=client:0
event=hand_send ts_ns=10913831 id=126 clt=0 wrkr=5 slot=5 size=10 src=client:0 dst=worker:5
event=resp_rdma_read ts_ns=10915125 id=87 start_ns=7226888 dur_ns=3688237 clt=0 wrkr=6 slot=0 size=1048584 src=worker:6 dst=client:0
event=req_send ts_ns=10915125 id=127 clt=0 wrkr=10 slot=6 size=17 src=client:0 dst=worker:10
event=resp_recv_ud ts_ns=10975102 id=127 clt=0 wrkr=10 slot=6 size=41 src=worker:10 dst=client:0
event=hand_send ts_ns=10983749 id=127 clt=0 wrkr=10 slot=6 size=10 src=client:0 dst=worker:10
event=resp_rdma_read ts_ns=11364939 id=101 start_ns=8179116 dur_ns=3185823 clt=0 wrkr=2 slot=4 size=1048584 src=worker:2 dst=client:0
event=req_send ts_ns=11364939 id=132 clt=0 wrkr=9 slot=1 size=17 src=client:0 dst=worker:9
event=resp_rdma_read ts_ns=11365781 id=103 start_ns=8470694 dur_ns=2895087 clt=0 wrkr=9 slot=0 size=1048584 src=worker:9 dst=client:0
event=req_send ts_ns=11365781 id=133 clt=0 wrkr=4 slot=5 size=17 src=client:0 dst=worker:4
event=resp_recv_ud ts_ns=11412170 id=132 clt=0 wrkr=9 slot=1 size=41 src=worker:9 dst=client:0
event=hand_send ts_ns=11420817 id=132 clt=0 wrkr=9 slot=1 size=10 src=client:0 dst=worker:9
event=resp_recv_ud ts_ns=11426933 id=133 clt=0 wrkr=4 slot=5 size=41 src=worker:4 dst=client:0
event=hand_send ts_ns=11435580 id=133 clt=0 wrkr=4 slot=5 size=10 src=client:0 dst=worker:4
event=resp_rdma_read ts_ns=11469666 id=102 start_ns=8367541 dur_ns=3102125 clt=0 wrkr=5 slot=4 size=1048584 src=worker:5 dst=client:0
event=req_send ts_ns=11469666 id=134 clt=0 wrkr=2 slot=5 size=17 src=client:0 dst=worker:2
event=resp_recv_ud ts_ns=11516095 id=134 clt=0 wrkr=2 slot=5 size=41 src=worker:2 dst=client:0
event=hand_send ts_ns=11524742 id=134 clt=0 wrkr=2 slot=5 size=10 src=client:0 dst=worker:2
event=resp_rdma_read ts_ns=11564485 id=104 start_ns=8662582 dur_ns=2901903 clt=0 wrkr=7 slot=1 size=1048584 src=worker:7 dst=client:0
event=req_send ts_ns=11564485 id=135 clt=0 wrkr=1 slot=3 size=17 src=client:0 dst=worker:1
event=resp_rdma_read ts_ns=11578348 id=105 start_ns=8783429 dur_ns=2794919 clt=0 wrkr=3 slot=2 size=1048584 src=worker:3 dst=client:0
event=req_send ts_ns=11578348 id=136 clt=0 wrkr=0 slot=1 size=17 src=client:0 dst=worker:0
event=resp_rdma_read ts_ns=11617779 id=99 start_ns=7920048 dur_ns=3697731 clt=0 wrkr=10 slot=3 size=1048584 src=worker:10 dst=client:0
event=req_send ts_ns=11617779 id=139 clt=0 wrkr=8 slot=5 size=17 src=client:0 dst=worker:8
event=resp_recv_ud ts_ns=11622271 id=135 clt=0 wrkr=1 slot=3 size=41 src=worker:1 dst=client:0
event=hand_send ts_ns=11630918 id=135 clt=0 wrkr=1 slot=3 size=10 src=client:0 dst=worker:1
event=resp_recv_ud ts_ns=11636810 id=136 clt=0 wrkr=0 slot=1 size=41 src=worker:0 dst=client:0
event=hand_send ts_ns=11645457 id=136 clt=0 wrkr=0 slot=1 size=10 src=client:0 dst=worker:0
event=resp_recv_ud ts_ns=11675787 id=139 clt=0 wrkr=8 slot=5 size=41 src=worker:8 dst=client:0
event=hand_send ts_ns=11684434 id=139 clt=0 wrkr=8 slot=5 size=10 src=client:0 dst=worker:8
event=resp_rdma_read ts_ns=11886118 id=109 start_ns=9161911 dur_ns=2724207 clt=0 wrkr=10 slot=4 size=1048584 src=worker:10 dst=client:0
event=req_send ts_ns=11886118 id=142 clt=0 wrkr=10 slot=7 size=17 src=client:0 dst=worker:10
event=resp_recv_ud ts_ns=11945975 id=142 clt=0 wrkr=10 slot=7 size=41 src=worker:10 dst=client:0
event=resp_rdma_read ts_ns=11947983 id=106 start_ns=8881567 dur_ns=3066416 clt=0 wrkr=8 slot=3 size=1048584 src=worker:8 dst=client:0
event=req_send ts_ns=11947983 id=143 clt=0 wrkr=8 slot=6 size=17 src=client:0 dst=worker:8
event=hand_send ts_ns=11954622 id=142 clt=0 wrkr=10 slot=7 size=10 src=client:0 dst=worker:10
event=resp_recv_ud ts_ns=12005273 id=143 clt=0 wrkr=8 slot=6 size=41 src=worker:8 dst=client:0
event=hand_send ts_ns=12013920 id=143 clt=0 wrkr=8 slot=6 size=10 src=client:0 dst=worker:8
event=resp_rdma_read ts_ns=13530045 id=125 start_ns=10880414 dur_ns=2649631 clt=0 wrkr=8 slot=4 size=1048584 src=worker:8 dst=client:0
event=req_send ts_ns=13530045 id=155 clt=0 wrkr=11 slot=1 size=17 src=client:0 dst=worker:11
event=resp_recv_ud ts_ns=13585216 id=155 clt=0 wrkr=11 slot=1 size=41 src=worker:11 dst=client:0
event=hand_send ts_ns=13593863 id=155 clt=0 wrkr=11 slot=1 size=10 src=client:0 dst=worker:11
event=resp_rdma_read ts_ns=13898611 id=134 start_ns=11524742 dur_ns=2373869 clt=0 wrkr=2 slot=5 size=1048584 src=worker:2 dst=client:0
event=req_send ts_ns=13898611 id=158 clt=0 wrkr=2 slot=6 size=17 src=client:0 dst=worker:2
event=resp_recv_ud ts_ns=13933376 id=158 clt=0 wrkr=2 slot=6 size=41 src=worker:2 dst=client:0
event=hand_send ts_ns=13942023 id=158 clt=0 wrkr=2 slot=6 size=10 src=client:0 dst=worker:2
event=resp_rdma_read ts_ns=14082023 id=124 start_ns=10841446 dur_ns=3240577 clt=0 wrkr=10 slot=5 size=1048584 src=worker:10 dst=client:0
event=req_send ts_ns=14082023 id=164 clt=0 wrkr=11 slot=2 size=17 src=client:0 dst=worker:11
event=resp_recv_ud ts_ns=14140650 id=164 clt=0 wrkr=11 slot=2 size=41 src=worker:11 dst=client:0
event=hand_send ts_ns=14149297 id=164 clt=0 wrkr=11 slot=2 size=10 src=client:0 dst=worker:11
event=resp_rdma_read ts_ns=14152433 id=126 start_ns=10913831 dur_ns=3238602 clt=0 wrkr=5 slot=5 size=1048584 src=worker:5 dst=client:0
event=req_send ts_ns=14152433 id=165 clt=0 wrkr=9 slot=2 size=17 src=client:0 dst=worker:9
event=resp_recv_ud ts_ns=14205883 id=165 clt=0 wrkr=9 slot=2 size=41 src=worker:9 dst=client:0
event=resp_rdma_read ts_ns=14209589 id=133 start_ns=11435580 dur_ns=2774009 clt=0 wrkr=4 slot=5 size=1048584 src=worker:4 dst=client:0
event=req_send ts_ns=14209589 id=166 clt=0 wrkr=11 slot=3 size=17 src=client:0 dst=worker:11
event=hand_send ts_ns=14214530 id=165 clt=0 wrkr=9 slot=2 size=10 src=client:0 dst=worker:9
event=resp_recv_ud ts_ns=14266324 id=166 clt=0 wrkr=11 slot=3 size=41 src=worker:11 dst=client:0
event=hand_send ts_ns=14274971 id=166 clt=0 wrkr=11 slot=3 size=10 src=client:0 dst=worker:11
event=resp_rdma_read ts_ns=14529304 id=127 start_ns=10983749 dur_ns=3545555 clt=0 wrkr=10 slot=6 size=1048584 src=worker:10 dst=client:0
event=req_send ts_ns=14529304 id=169 clt=0 wrkr=9 slot=3 size=17 src=client:0 dst=worker:9
event=resp_rdma_read ts_ns=14538835 id=136 start_ns=11645457 dur_ns=2893378 clt=0 wrkr=0 slot=1 size=1048584 src=worker:0 dst=client:0
event=req_send ts_ns=14538835 id=170 clt=0 wrkr=3 slot=3 size=17 src=client:0 dst=worker:3
event=resp_recv_ud ts_ns=14579362 id=169 clt=0 wrkr=9 slot=3 size=41 src=worker:9 dst=client:0
event=hand_send ts_ns=14588009 id=169 clt=0 wrkr=9 slot=3 size=10 src=client:0 dst=worker:9
event=resp_recv_ud ts_ns=14599656 id=170 clt=0 wrkr=3 slot=3 size=41 src=worker:3 dst=client:0
event=hand_send ts_ns=14608303 id=170 clt=0 wrkr=3 slot=3 size=10 src=client:0 dst=worker:3
event=resp_rdma_read ts_ns=14623895 id=132 start_ns=11420817 dur_ns=3203078 clt=0 wrkr=9 slot=1 size=1048584 src=worker:9 dst=client:0
event=req_send ts_ns=14623895 id=171 clt=0 wrkr=8 slot=7 size=17 src=client:0 dst=worker:8
event=resp_recv_ud ts_ns=14675680 id=171 clt=0 wrkr=8 slot=7 size=41 src=worker:8 dst=client:0
event=hand_send ts_ns=14684327 id=171 clt=0 wrkr=8 slot=7 size=10 src=client:0 dst=worker:8
event=resp_rdma_read ts_ns=14873968 id=139 start_ns=11684434 dur_ns=3189534 clt=0 wrkr=8 slot=5 size=1048584 src=worker:8 dst=client:0
event=req_send ts_ns=14873968 id=176 clt=0 wrkr=0 slot=2 size=17 src=client:0 dst=worker:0
event=resp_rdma_read ts_ns=14900309 id=135 start_ns=11630918 dur_ns=3269391 clt=0 wrkr=1 slot=3 size=1048584 src=worker:1 dst=client:0
event=req_send ts_ns=14900309 id=178 clt=0 wrkr=6 slot=1 size=17 src=client:0 dst=worker:6
event=resp_recv_ud ts_ns=14913129 id=176 clt=0 wrkr=0 slot=2 size=41 src=worker:0 dst=client:0
event=hand_send ts_ns=14921776 id=176 clt=0 wrkr=0 slot=2 size=10 src=client:0 dst=worker:0
event=resp_recv_ud ts_ns=14960612 id=178 clt=0 wrkr=6 slot=1 size=41 src=worker:6 dst=client:0
event=hand_send ts_ns=14969259 id=178 clt=0 wrkr=6 slot=1 size=10 src=client:0 dst=worker:6
event=resp_rdma_read ts_ns=15391703 id=142 start_ns=11954622 dur_ns=3437081 clt=0 wrkr=10 slot=7 size=1048584 src=worker:10 dst=client:0
event=req_send ts_ns=15391703 id=181 clt=0 wrkr=7 slot=2 size=17 src=client:0 dst=worker:7
event=resp_recv_ud ts_ns=15452960 id=181 clt=0 wrkr=7 slot=2 size=41 src=worker:7 dst=client:0
event=hand_send ts_ns=15461607 id=181 clt=0 wrkr=7 slot=2 size=10 src=client:0 dst=worker:7
event=resp_rdma_read ts_ns=15580178 id=143 start_ns=12013920 dur_ns=3566258 clt=0 wrkr=8 slot=6 size=1048584 src=worker:8 dst=client:0
event=req_send ts_ns=15580178 id=185 clt=0 wrkr=4 slot=6 size=17 src=client:0 dst=worker:4
event=resp_recv_ud ts_ns=15624871 id=185 clt=0 wrkr=4 slot=6 size=41 src=worker:4 dst=client:0
event=hand_send ts_ns=15633518 id=185 clt=0 wrkr=4 slot=6 size=10 src=client:0 dst=worker:4
event=resp_rdma_read ts_ns=16198297 id=155 start_ns=13593863 dur_ns=2604434 clt=0 wrkr=11 slot=1 size=1048584 src=worker:11 dst=client:0
event=req_send ts_ns=16198297 id=189 clt=0 wrkr=4 slot=7 size=17 src=client:0 dst=worker:4
event=resp_recv_ud ts_ns=16256062 id=189 clt=0 wrkr=4 slot=7 size=41 src=worker:4 dst=client:0
event=hand_send ts_ns=16264709 id=189 clt=0 wrkr=4 slot=7 size=10 src=client:0 dst=worker:4
event=resp_rdma_read ts_ns=16605422 id=165 start_ns=14214530 dur_ns=2390892 clt=0 wrkr=9 slot=2 size=1048584 src=worker:9 dst=client:0
event=req_send ts_ns=16605422 id=192 clt=0 wrkr=10 slot=8 size=17 src=client:0 dst=worker:10
event=resp_recv_ud ts_ns=16640589 id=192 clt=0 wrkr=10 slot=8 size=41 src=worker:10 dst=client:0
event=hand_send ts_ns=16649236 id=192 clt=0 wrkr=10 slot=8 size=10 src=client:0 dst=worker:10
event=resp_rdma_read ts_ns=17166627 id=158 start_ns=13942023 dur_ns=3224604 clt=0 wrkr=2 slot=6 size=1048584 src=worker:2 dst=client:0
event=req_send ts_ns=17166627 id=199 clt=0 wrkr=9 slot=4 size=17 src=client:0 dst=worker:9
event=resp_recv_ud ts_ns=17218640 id=199 clt=0 wrkr=9 slot=4 size=41 src=worker:9 dst=client:0
event=hand_send ts_ns=17227287 id=199 clt=0 wrkr=9 slot=4 size=10 src=client:0 dst=worker:9
event=resp_rdma_read ts_ns=17451460 id=164 start_ns=14149297 dur_ns=3302163 clt=0 wrkr=11 slot=2 size=1048584 src=worker:11 dst=client:0
event=req_send ts_ns=17451460 id=203 clt=0 wrkr=7 slot=3 size=17 src=client:0 dst=worker:7
event=resp_recv_ud ts_ns=17487822 id=203 clt=0 wrkr=7 slot=3 size=41 src=worker:7 dst=client:0
event=hand_send ts_ns=17496469 id=203 clt=0 wrkr=7 slot=3 size=10 src=client:0 dst=worker:7
event=resp_rdma_read ts_ns=17712700 id=166 start_ns=14274971 dur_ns=3437729 clt=0 wrkr=11 slot=3 size=1048584 src=worker:11 dst=client:0
event=req_send ts_ns=17712700 id=206 clt=0 wrkr=7 slot=4 size=17 src=client:0 dst=worker:7
event=resp_recv_ud ts_ns=17764239 id=206 clt=0 wrkr=7 slot=4 size=41 src=worker:7 dst=client:0
event=hand_send ts_ns=17772886 id=206 clt=0 wrkr=7 slot=4 size=10 src=client:0 dst=worker:7
event=resp_rdma_read ts_ns=17899956 id=170 start_ns=14608303 dur_ns=3291653 clt=0 wrkr=3 slot=3 size=1048584 src=worker:3 dst=client:0
event=req_send ts_ns=17899956 id=208 clt=0 wrkr=8 slot=8 size=17 src=client:0 dst=worker:8
event=resp_recv_ud ts_ns=17935139 id=208 clt=0 wrkr=8 slot=8 size=41 src=worker:8 dst=client:0
event=hand_send ts_ns=17943786 id=208 clt=0 wrkr=8 slot=8 size=10 src=client:0 dst=worker:8
event=resp_rdma_read ts_ns=17984814 id=185 start_ns=15633518 dur_ns=2351296 clt=0 wrkr=4 slot=6 size=1048584 src=worker:4 dst=client:0
event=req_send ts_ns=17984814 id=211 clt=0 wrkr=6 slot=2 size=17 src=client:0 dst=worker:6
event=resp_rdma_read ts_ns=17988147 id=169 start_ns=14588009 dur_ns=3400138 clt=0 wrkr=9 slot=3 size=1048584 src=worker:9 dst=client:0
event=req_send ts_ns=17988147 id=212 clt=0 wrkr=8 slot=9 size=17 src=client:0 dst=worker:8
event=resp_rdma_read ts_ns=18025332 id=171 start_ns=14684327 dur_ns=3341005 clt=0 wrkr=8 slot=7 size=1048584 src=worker:8 dst=client:0
event=req_send ts_ns=18025332 id=214 clt=0 wrkr=8 slot=10 size=17 src=client:0 dst=worker:8
event=resp_recv_ud ts_ns=18041488 id=211 clt=0 wrkr=6 slot=2 size=41 src=worker:6 dst=client:0
event=resp_recv_ud ts_ns=18045333 id=212 clt=0 wrkr=8 slot=9 size=41 src=worker:8 dst=client:0
event=hand_send ts_ns=18050135 id=211 clt=0 wrkr=6 slot=2 size=10 src=client:0 dst=worker:6
event=hand_send ts_ns=18053980 id=212 clt=0 wrkr=8 slot=9 size=10 src=client:0 dst=worker:8
event=resp_recv_ud ts_ns=18082660 id=214 clt=0 wrkr=8 slot=10 size=41 src=worker:8 dst=client:0
event=hand_send ts_ns=18091307 id=214 clt=0 wrkr=8 slot=10 size=10 src=client:0 dst=worker:8
event=resp_rdma_read ts_ns=18280943 id=176 start_ns=14921776 dur_ns=3359167 clt=0 wrkr=0 slot=2 size=1048584 src=worker:0 dst=client:0
event=req_send ts_ns=18280943 id=217 clt=0 wrkr=0 slot=3 size=17 src=client:0 dst=worker:0
event=resp_recv_ud ts_ns=18337870 id=217 clt=0 wrkr=0 slot=3 size=41 src=worker:0 dst=client:0
event=hand_send ts_ns=18346517 id=217 clt=0 wrkr=0 slot=3 size=10 src=client:0 dst=worker:0
event=resp_rdma_read ts_ns=18379856 id=178 start_ns=14969259 dur_ns=3410597 clt=0 wrkr=6 slot=1 size=1048584 src=worker:6 dst=client:0
event=req_send ts_ns=18379856 id=218 clt=0 wrkr=5 slot=6 size=17 src=client:0 dst=worker:5
event=resp_recv_ud ts_ns=18426939 id=218 clt=0 wrkr=5 slot=6 size=41 src=worker:5 dst=client:0
event=hand_send ts_ns=18435586 id=218 clt=0 wrkr=5 slot=6 size=10 src=client:0 dst=worker:5
event=resp_rdma_read ts_ns=18731101 id=181 start_ns=15461607 dur_ns=3269494 clt=0 wrkr=7 slot=2 size=1048584 src=worker:7 dst=client:0
event=req_send ts_ns=18731101 id=224 clt=0 wrkr=7 slot=5 size=17 src=client:0 dst=worker:7
event=resp_recv_ud ts_ns=18778142 id=224 clt=0 wrkr=7 slot=5 size=41 src=worker:7 dst=client:0
event=hand_send ts_ns=18786789 id=224 clt=0 wrkr=7 slot=5 size=10 src=client:0 dst=worker:7
event=resp_rdma_read ts_ns=19152518 id=189 start_ns=16264709 dur_ns=2887809 clt=0 wrkr=4 slot=7 size=1048584 src=worker:4 dst=client:0
event=req_send ts_ns=19152518 id=225 clt=0 wrkr=11 slot=4 size=17 src=client:0 dst=worker:11
event=resp_recv_ud ts_ns=19188852 id=225 clt=0 wrkr=11 slot=4 size=41 src=worker:11 dst=client:0
event=hand_send ts_ns=19197499 id=225 clt=0 wrkr=11 slot=4 size=10 src=client:0 dst=worker:11
event=resp_rdma_read ts_ns=19406644 id=192 start_ns=16649236 dur_ns=2757408 clt=0 wrkr=10 slot=8 size=1048584 src=worker:10 dst=client:0
event=req_send ts_ns=19406644 id=228 clt=0 wrkr=3 slot=4 size=17 src=client:0 dst=worker:3
event=resp_recv_ud ts_ns=19462030 id=228 clt=0 wrkr=3 slot=4 size=41 src=worker:3 dst=client:0
event=hand_send ts_ns=19470677 id=228 clt=0 wrkr=3 slot=4 size=10 src=client:0 dst=worker:3
event=resp_rdma_read ts_ns=20407995 id=203 start_ns=17496469 dur_ns=2911526 clt=0 wrkr=7 slot=3 size=1048584 src=worker:7 dst=client:0
event=req_send ts_ns=20407995 id=238 clt=0 wrkr=3 slot=5 size=17 src=client:0 dst=worker:3
event=resp_recv_ud ts_ns=20463937 id=238 clt=0 wrkr=3 slot=5 size=41 src=worker:3 dst=client:0
event=hand_send ts_ns=20472584 id=238 clt=0 wrkr=3 slot=5 size=10 src=client:0 dst=worker:3
event=resp_rdma_read ts_ns=20530578 id=199 start_ns=17227287 dur_ns=3303291 clt=0 wrkr=9 slot=4 size=1048584 src=worker:9 dst=client:0
event=req_send ts_ns=20530578 id=241 clt=0 wrkr=8 slot=11 size=17 src=client:0 dst=worker:8
event=resp_recv_ud ts_ns=20588362 id=241 clt=0 wrkr=8 slot=11 size=41 src=worker:8 dst=client:0
event=hand_send ts_ns=20597009 id=241 clt=0 wrkr=8 slot=11 size=10 src=client:0 dst=worker:8
event=resp_rdma_read ts_ns=20986186 id=217 start_ns=18346517 dur_ns=2639669 clt=0 wrkr=0 slot=3 size=1048584 src=worker:0 dst=client:0
event=req_send ts_ns=20986186 id=243 clt=0 wrkr=0 slot=4 size=17 src=client:0 dst=worker:0
event=resp_rdma_read ts_ns=21006957 id=206 start_ns=17772886 dur_ns=3234071 clt=0 wrkr=7 slot=4 size=1048584 src=worker:7 dst=client:0
event=req_send ts_ns=21006957 id=244 clt=0 wrkr=9 slot=5 size=17 src=client:0 dst=worker:9
event=resp_recv_ud ts_ns=21022316 id=243 clt=0 wrkr=0 slot=4 size=41 src=worker:0 dst=client:0
event=hand_send ts_ns=21030963 id=243 clt=0 wrkr=0 slot=4 size=10 src=client:0 dst=worker:0
event=resp_rdma_read ts_ns=21035800 id=208 start_ns=17943786 dur_ns=3092014 clt=0 wrkr=8 slot=8 size=1048584 src=worker:8 dst=client:0
event=req_send ts_ns=21035800 id=246 clt=0 wrkr=9 slot=6 size=17 src=client:0 dst=worker:9
event=resp_recv_ud ts_ns=21066431 id=244 clt=0 wrkr=9 slot=5 size=41 src=worker:9 dst=client:0
event=hand_send ts_ns=21075078 id=244 clt=0 wrkr=9 slot=5 size=10 src=client:0 dst=worker:9
event=resp_recv_ud ts_ns=21093600 id=246 clt=0 wrkr=9 slot=6 size=41 src=worker:9 dst=client:0
event=hand_send ts_ns=21102247 id=246 clt=0 wrkr=9 slot=6 size=10 src=client:0 dst=worker:9
event=resp_rdma_read ts_ns=21316159 id=224 start_ns=18786789 dur_ns=2529370 clt=0 wrkr=7 slot=5 size=1048584 src=worker:7 dst=client:0
event=req_send ts_ns=21316159 id=250 clt=0 wrkr=6 slot=3 size=17 src=client:0 dst=worker:6
event=resp_rdma_read ts_ns=21328152 id=218 start_ns=18435586 dur_ns=2892566 clt=0 wrkr=5 slot=6 size=1048584 src=worker:5 dst=client:0
event=req_send ts_ns=21328152 id=251 clt=0 wrkr=7 slot=6 size=17 src=client:0 dst=worker:7
event=resp_rdma_read ts_ns=21363038 id=212 start_ns=18053980 dur_ns=3309058 clt=0 wrkr=8 slot=9 size=1048584 src=worker:8 dst=client:0
event=req_send ts_ns=21363038 id=252 clt=0 wrkr=5 slot=7 size=17 src=client:0 dst=worker:5
event=resp_recv_ud ts_ns=21373564 id=250 clt=0 wrkr=6 slot=3 size=41 src=worker:6 dst=client:0
event=resp_rdma_read ts_ns=21380295 id=211 start_ns=18050135 dur_ns=3330160 clt=0 wrkr=6 slot=2 size=1048584 src=worker:6 dst=client:0
event=req_send ts_ns=21380295 id=253 clt=0 wrkr=5 slot=8 size=17 src=client:0 dst=worker:5
event=hand_send ts_ns=21382211 id=250 clt=0 wrkr=6 slot=3 size=10 src=client:0 dst=worker:6
event=resp_recv_ud ts_ns=21385131 id=251 clt=0 wrkr=7 slot=6 size=41 src=worker:7 dst=client:0
event=hand_send ts_ns=21393778 id=251 clt=0 wrkr=7 slot=6 size=10 src=client:0 dst=worker:7
event=resp_recv_ud ts_ns=21420602 id=252 clt=0 wrkr=5 slot=7 size=41 src=worker:5 dst=client:0
event=hand_send ts_ns=21429249 id=252 clt=0 wrkr=5 slot=7 size=10 src=client:0 dst=worker:5
event=resp_recv_ud ts_ns=21436741 id=253 clt=0 wrkr=5 slot=8 size=41 src=worker:5 dst=client:0
event=hand_send ts_ns=21445388 id=253 clt=0 wrkr=5 slot=8 size=10 src=client:0 dst=worker:5
event=resp_rdma_read ts_ns=21588438 id=214 start_ns=18091307 dur_ns=3497131 clt=0 wrkr=8 slot=10 size=1048584 src=worker:8 dst=client:0
event=req_send ts_ns=21588438 id=255 clt=0 wrkr=5 slot=9 size=17 src=client:0 dst=worker:5
event=resp_recv_ud ts_ns=21625562 id=255 clt=0 wrkr=5 slot=9 size=41 src=worker:5 dst=client:0
event=hand_send ts_ns=21634209 id=255 clt=0 wrkr=5 slot=9 size=10 src=client:0 dst=worker:5
event=resp_rdma_read ts_ns=22019418 id=225 start_ns=19197499 dur_ns=2821919 clt=0 wrkr=11 slot=4 size=1048584 src=worker:11 dst=client:0
event=req_send ts_ns=22019418 id=260 clt=0 wrkr=1 slot=4 size=17 src=client:0 dst=worker:1
event=resp_recv_ud ts_ns=22062862 id=260 clt=0 wrkr=1 slot=4 size=41 src=worker:1 dst=client:0
event=hand_send ts_ns=22071509 id=260 clt=0 wrkr=1 slot=4 size=10 src=client:0 dst=worker:1
event=resp_rdma_read ts_ns=22113235 id=228 start_ns=19470677 dur_ns=2642558 clt=0 wrkr=3 slot=4 size=1048584 src=worker:3 dst=client:0
event=req_send ts_ns=22113235 id=262 clt=0 wrkr=3 slot=6 size=17 src=client:0 dst=worker:3
event=resp_recv_ud ts_ns=22159263 id=262 clt=0 wrkr=3 slot=6 size=41 src=worker:3 dst=client:0
event=hand_send ts_ns=22167910 id=262 clt=0 wrkr=3 slot=6 size=10 src=client:0 dst=worker:3
event=resp_rdma_read ts_ns=23188228 id=241 start_ns=20597009 dur_ns=2591219 clt=0 wrkr=8 slot=11 size=1048584 src=worker:8 dst=client:0
event=req_send ts_ns=23188228 id=271 clt=0 wrkr=2 slot=7 size=17 src=client:0 dst=worker:2
event=resp_recv_ud ts_ns=23222470 id=271 clt=0 wrkr=2 slot=7 size=41 src=worker:2 dst=client:0
event=hand_send ts_ns=23231117 id=271 clt=0 wrkr=2 slot=7 size=10 src=client:0 dst=worker:2
event=resp_rdma_read ts_ns=23712180 id=238 start_ns=20472584 dur_ns=3239596 clt=0 wrkr=3 slot=5 size=1048584 src=worker:3 dst=client:0
event=req_send ts_ns=23712180 id=275 clt=0 wrkr=5 slot=10 size=17 src=client:0 dst=worker:5
event=resp_recv_ud ts_ns=23763817 id=275 clt=0 wrkr=5 slot=10 size=41 src=worker:5 dst=client:0
event=hand_send ts_ns=23772464 id=275 clt=0 wrkr=5 slot=10 size=10 src=client:0 dst=worker:5
event=resp_rdma_read ts_ns=23896387 id=243 start_ns=21030963 dur_ns=2865424 clt=0 wrkr=0 slot=4 size=1048584 src=worker:0 dst=client:0
event=req_send ts_ns=23896387 id=279 clt=0 wrkr=5 slot=11 size=17 src=client:0 dst=worker:5
event=resp_rdma_read ts_ns=23923660 id=246 start_ns=21102247 dur_ns=2821413 clt=0 wrkr=9 slot=6 size=1048584 src=worker:9 dst=client:0
event=req_send ts_ns=23923660 id=280 clt=0 wrkr=10 slot=9 size=17 src=client:0 dst=worker:10
event=resp_recv_ud ts_ns=23951568 id=279 clt=0 wrkr=5 slot=11 size=41 src=worker:5 dst=client:0
event=hand_send ts_ns=23960215 id=279 clt=0 wrkr=5 slot=11 size=10 src=client:0 dst=worker:5
event=resp_recv_ud ts_ns=23967427 id=280 clt=0 wrkr=10 slot=9 size=41 src=worker:10 dst=client:0
event=hand_send ts_ns=23976074 id=280 clt=0 wrkr=10 slot=9 size=10 src=client:0 dst=worker:10
event=resp_rdma_read ts_ns=24070417 id=244 start_ns=21075078 dur_ns=2995339 clt=0 wrkr=9 slot=5 size=1048584 src=worker:9 dst=client:0
event=req_send ts_ns=24070417 id=282 clt=0 wrkr=1 slot=5 size=17 src=client:0 dst=worker:1
event=resp_recv_ud ts_ns=24112561 id=282 clt=0 wrkr=1 slot=5 size=41 src=worker:1 dst=client:0
event=hand_send ts_ns=24121208 id=282 clt=0 wrkr=1 slot=5 size=10 src=client:0 dst=worker:1
event=resp_rdma_read ts_ns=24574171 id=250 start_ns=21382211 dur_ns=3191960 clt=0 wrkr=6 slot=3 size=1048584 src=worker:6 dst=client:0
event=req_send ts_ns=24574171 id=285 clt=0 wrkr=4 slot=8 size=17 src=client:0 dst=worker:4
event=resp_recv_ud ts_ns=24610556 id=285 clt=0 wrkr=4 slot=8 size=41 src=worker:4 dst=client:0
event=hand_send ts_ns=24619203 id=285 clt=0 wrkr=4 slot=8 size=10 src=client:0 dst=worker:4
event=resp_rdma_read ts_ns=24659961 id=255 start_ns=21634209 dur_ns=3025752 clt=0 wrkr=5 slot=9 size=1048584 src=worker:5 dst=client:0
event=req_send ts_ns=24659961 id=287 clt=0 wrkr=6 slot=4 size=17 src=client:0 dst=worker:6
event=resp_rdma_read ts_ns=24705880 id=262 start_ns=22167910 dur_ns=2537970 clt=0 wrkr=3 slot=6 size=1048584 src=worker:3 dst=client:0
event=req_send ts_ns=24705880 id=289 clt=0 wrkr=5 slot=0 size=17 src=client:0 dst=worker:5
event=resp_recv_ud ts_ns=24712359 id=287 clt=0 wrkr=6 slot=4 size=41 src=worker:6 dst=client:0
event=hand_send ts_ns=24721006 id=287 clt=0 wrkr=6 slot=4 size=10 src=client:0 dst=worker:6
event=resp_rdma_read ts_ns=24752470 id=252 start_ns=21429249 dur_ns=3323221 clt=0 wrkr=5 slot=7 size=1048584 src=worker:5 dst=client:0
event=req_send ts_ns=24752470 id=290 clt=0 wrkr=6 slot=5 size=17 src=client:0 dst=worker:6
event=resp_recv_ud ts_ns=24763099 id=289 clt=0 wrkr=5 slot=0 size=41 src=worker:5 dst=client:0
event=hand_send ts_ns=24771746 id=289 clt=0 wrkr=5 slot=0 size=10 src=client:0 dst=worker:5
event=resp_rdma_read ts_ns=24801175 id=251 start_ns=21393778 dur_ns=3407397 clt=0 wrkr=7 slot=6 size=1048584 src=worker:7 dst=client:0
event=req_send ts_ns=24801175 id=292 clt=0 wrkr=11 slot=5 size=17 src=client:0 dst=worker:11
event=resp_recv_ud ts_ns=24809075 id=290 clt=0 wrkr=6 slot=5 size=41 src=worker:6 dst=client:0
event=hand_send ts_ns=24817722 id=290 clt=0 wrkr=6 slot=5 size=10 src=client:0 dst=worker:6
event=resp_recv_ud ts_ns=24855736 id=292 clt=0 wrkr=11 slot=5 size=41 src=worker:11 dst=client:0
event=hand_send ts_ns=24864383 id=292 clt=0 wrkr=11 slot=5 size=10 src=client:0 dst=worker:11
event=resp_rdma_read ts_ns=24946646 id=253 start_ns=21445388 dur_ns=3501258 clt=0 wrkr=5 slot=8 size=1048584 src=worker:5 dst=client:0
event=req_send ts_ns=24946646 id=294 clt=0 wrkr=5 slot=1 size=17 src=client:0 dst=worker:5
event=resp_recv_ud ts_ns=24992167 id=294 clt=0 wrkr=5 slot=1 size=41 src=worker:5 dst=client:0
event=hand_send ts_ns=25000814 id=294 clt=0 wrkr=5 slot=1 size=10 src=client:0 dst=worker:5
event=resp_rdma_read ts_ns=25201298 id=260 start_ns=22071509 dur_ns=3129789 clt=0 wrkr=1 slot=4 size=1048584 src=worker:1 dst=client:0
event=req_send ts_ns=25201298 id=297 clt=0 wrkr=2 slot=8 size=17 src=client:0 dst=worker:2
event=resp_recv_ud ts_ns=25254659 id=297 clt=0 wrkr=2 slot=8 size=41 src=worker:2 dst=client:0
event=hand_send ts_ns=25263306 id=297 clt=0 wrkr=2 slot=8 size=10 src=client:0 dst=worker:2
event=resp_rdma_read ts_ns=26014586 id=271 start_ns=23231117 dur_ns=2783469 clt=0 wrkr=2 slot=7 size=1048584 src=worker:2 dst=client:0
event=req_send ts_ns=26014586 id=307 clt=0 wrkr=11 slot=6 size=17 src=client:0 dst=worker:11
event=resp_recv_ud ts_ns=26055340 id=307 clt=0 wrkr=11 slot=6 size=41 src=worker:11 dst=client:0
event=hand_send ts_ns=26063987 id=307 clt=0 wrkr=11 slot=6 size=10 src=client:0 dst=worker:11
event=resp_rdma_read ts_ns=26767677 id=282 start_ns=24121208 dur_ns=2646469 clt=0 wrkr=1 slot=5 size=1048584 src=worker:1 dst=client:0
event=req_send ts_ns=26767677 id=312 clt=0 wrkr=6 slot=6 size=17 src=client:0 dst=worker:6
event=resp_recv_ud ts_ns=26805741 id=312 clt=0 wrkr=6 slot=6 size=41 src=worker:6 dst=client:0
event=hand_send ts_ns=26814388 id=312 clt=0 wrkr=6 slot=6 size=10 src=client:0 dst=worker:6
event=resp_rdma_read ts_ns=26939833 id=275 start_ns=23772464 dur_ns=3167369 clt=0 wrkr=5 slot=10 size=1048584 src=worker:5 dst=client:0
event=req_send ts_ns=26939833 id=314 clt=0 wrkr=10 slot=10 size=17 src=client:0 dst=worker:10
event=resp_recv_ud ts_ns=26973719 id=314 clt=0 wrkr=10 slot=10 size=41 src=worker:10 dst=client:0
event=hand_send ts_ns=26982366 id=314 clt=0 wrkr=10 slot=10 size=10 src=client:0 dst=worker:10
event=resp_rdma_read ts_ns=27139991 id=279 start_ns=23960215 dur_ns=3179776 clt=0 wrkr=5 slot=11 size=1048584 src=worker:5 dst=client:0
event=req_send ts_ns=27139991 id=317 clt=0 wrkr=11 slot=7 size=17 src=client:0 dst=worker:11
event=resp_recv_ud ts_ns=27184917 id=317 clt=0 wrkr=11 slot=7 size=41 src=worker:11 dst=client:0
event=hand_send ts_ns=27193564 id=317 clt=0 wrkr=11 slot=7 size=10 src=client:0 dst=worker:11
event=resp_rdma_read ts_ns=27343012 id=280 start_ns=23976074 dur_ns=3366938 clt=0 wrkr=10 slot=9 size=1048584 src=worker:10 dst=client:0
event=req_send ts_ns=27343012 id=319 clt=0 wrkr=3 slot=7 size=17 src=client:0 dst=worker:3
event=resp_recv_ud ts_ns=27377358 id=319 clt=0 wrkr=3 slot=7 size=41 src=worker:3 dst=client:0
event=hand_send ts_ns=27386005 id=319 clt=0 wrkr=3 slot=7 size=10 src=client:0 dst=worker:3
event=resp_rdma_read ts_ns=27434298 id=285 start_ns=24619203 dur_ns=2815095 clt=0 wrkr=4 slot=8 size=1048584 src=worker:4 dst=client:0
event=req_send ts_ns=27434298 id=320 clt=0 wrkr=8 slot=0 size=17 src=client:0 dst=worker:8
event=resp_recv_ud ts_ns=27471894 id=320 clt=0 wrkr=8 slot=0 size=41 src=worker:8 dst=client:0
event=hand_send ts_ns=27480541 id=320 clt=0 wrkr=8 slot=0 size=10 src=client:0 dst=worker:8
event=resp_rdma_read ts_ns=27498332 id=294 start_ns=25000814 dur_ns=2497518 clt=0 wrkr=5 slot=1 size=1048584 src=worker:5 dst=client:0
event=req_send ts_ns=27498332 id=321 clt=0 wrkr=2 slot=9 size=17 src=client:0 dst=worker:2
event=resp_recv_ud ts_ns=27542574 id=321 clt=0 wrkr=2 slot=9 size=41 src=worker:2 dst=client:0
event=hand_send ts_ns=27551221 id=321 clt=0 wrkr=2 slot=9 size=10 src=client:0 dst=worker:2
event=resp_rdma_read ts_ns=27653660 id=292 start_ns=24864383 dur_ns=2789277 clt=0 wrkr=11 slot=5 size=1048584 src=worker:11 dst=client:0
event=req_send ts_ns=27653660 id=324 clt=0 wrkr=3 slot=8 size=17 src=client:0 dst=worker:3
event=resp_recv_ud ts_ns=27706497 id=324 clt=0 wrkr=3 slot=8 size=41 src=worker:3 dst=client:0
event=hand_send ts_ns=27715144 id=324 clt=0 wrkr=3 slot=8 size=10 src=client:0 dst=worker:3
event=resp_rdma_read ts_ns=27906517 id=287 start_ns=24721006 dur_ns=3185511 clt=0 wrkr=6 slot=4 size=1048584 src=worker:6 dst=client:0
event=req_send ts_ns=27906517 id=327 clt=0 wrkr=11 slot=8 size=17 src=client:0 dst=worker:11
event=resp_recv_ud ts_ns=27963974 id=327 clt=0 wrkr=11 slot=8 size=41 src=worker:11 dst=client:0
event=hand_send ts_ns=27972621 id=327 clt=0 wrkr=11 slot=8 size=10 src=client:0 dst=worker:11
event=resp_rdma_read ts_ns=27982771 id=289 start_ns=24771746 dur_ns=3211025 clt=0 wrkr=5 slot=0 size=1048584 src=worker:5 dst=client:0
event=req_send ts_ns=27982771 id=328 clt=0 wrkr=5 slot=2 size=17 src=client:0 dst=worker:5
event=resp_recv_ud ts_ns=28035737 id=328 clt=0 wrkr=5 slot=2 size=41 src=worker:5 dst=client:0
event=hand_send ts_ns=28044384 id=328 clt=0 wrkr=5 slot=2 size=10 src=client:0 dst=worker:5
event=resp_rdma_read ts_ns=28087661 id=290 start_ns=24817722 dur_ns=3269939 clt=0 wrkr=6 slot=5 size=1048584 src=worker:6 dst=client:0
event=req_send ts_ns=28087661 id=331 clt=0 wrkr=2 slot=10 size=17 src=client:0 dst=worker:2
event=resp_recv_ud ts_ns=28146850 id=331 clt=0 wrkr=2 slot=10 size=41 src=worker:2 dst=client:0
event=hand_send ts_ns=28155497 id=331 clt=0 wrkr=2 slot=10 size=10 src=client:0 dst=worker:2
event=resp_rdma_read ts_ns=28606436 id=307 start_ns=26063987 dur_ns=2542449 clt=0 wrkr=11 slot=6 size=1048584 src=worker:11 dst=client:0
event=req_send ts_ns=28606436 id=339 clt=0 wrkr=10 slot=11 size=17 src=client:0 dst=worker:10
event=resp_recv_ud ts_ns=28643568 id=339 clt=0 wrkr=10 slot=11 size=41 src=worker:10 dst=client:0
event=hand_send ts_ns=28652215 id=339 clt=0 wrkr=10 slot=11 size=10 src=client:0 dst=worker:10
event=resp_rdma_read ts_ns=28684216 id=297 start_ns=25263306 dur_ns=3420910 clt=0 wrkr=2 slot=8 size=1048584 src=worker:2 dst=client:0
event=req_send ts_ns=28684216 id=341 clt=0 wrkr=11 slot=9 size=17 src=client:0 dst=worker:11
event=resp_recv_ud ts_ns=28740301 id=341 clt=0 wrkr=11 slot=9 size=41 src=worker:11 dst=client:0
event=hand_send ts_ns=28748948 id=341 clt=0 wrkr=11 slot=9 size=10 src=client:0 dst=worker:11
event=resp_rdma_read ts_ns=29441700 id=317 start_ns=27193564 dur_ns=2248136 clt=0 wrkr=11 slot=7 size=1048584 src=worker:11 dst=client:0
event=req_send ts_ns=29441700 id=348 clt=0 wrkr=9 slot=7 size=17 src=client:0 dst=worker:9
event=resp_recv_ud ts_ns=29476781 id=348 clt=0 wrkr=9 slot=7 size=41 src=worker:9 dst=client:0
event=hand_send ts_ns=29485428 id=348 clt=0 wrkr=9 slot=7 size=10 src=client:0 dst=worker:9
event=resp_rdma_read ts_ns=29746304 id=314 start_ns=26982366 dur_ns=2763938 clt=0 wrkr=10 slot=10 size=1048584 src=worker:10 dst=client:0
event=req_send ts_ns=29746304 id=351 clt=0 wrkr=2 slot=11 size=17 src=client:0 dst=worker:2
event=resp_recv_ud ts_ns=29791193 id=351 clt=0 wrkr=2 slot=11 size=41 src=worker:2 dst=client:0
event=hand_send ts_ns=29799840 id=351 clt=0 wrkr=2 slot=11 size=10 src=client:0 dst=worker:2
event=resp_rdma_read ts_ns=29902216 id=312 start_ns=26814388 dur_ns=3087828 clt=0 wrkr=6 slot=6 size=1048584 src=worker:6 dst=client:0
event=req_send ts_ns=29902216 id=352 clt=0 wrkr=6 slot=7 size=17 src=client:0 dst=worker:6
event=resp_recv_ud ts_ns=29936014 id=352 clt=0 wrkr=6 slot=7 size=41 src=worker:6 dst=client:0
event=hand_send ts_ns=29944661 id=352 clt=0 wrkr=6 slot=7 size=10 src=client:0 dst=worker:6
event=resp_rdma_read ts_ns=29945066 id=321 start_ns=27551221 dur_ns=2393845 clt=0 wrkr=2 slot=9 size=1048584 src=worker:2 dst=client:0
event=req_send ts_ns=29945066 id=353 clt=0 wrkr=3 slot=9 size=17 src=client:0 dst=worker:3
event=resp_recv_ud ts_ns=29996015 id=353 clt=0 wrkr=3 slot=9 size=41 src=worker:3 dst=client:0
event=hand_send ts_ns=30004662 id=353 clt=0 wrkr=3 slot=9 size=10 src=client:0 dst=worker:3
event=resp_rdma_read ts_ns=30175611 id=320 start_ns=27480541 dur_ns=2695070 clt=0 wrkr=8 slot=0 size=1048584 src=worker:8 dst=client:0
event=req_send ts_ns=30175611 id=355 clt=0 wrkr=7 slot=7 size=17 src=client:0 dst=worker:7
event=resp_rdma_read ts_ns=30177764 id=319 start_ns=27386005 dur_ns=2791759 clt=0 wrkr=3 slot=7 size=1048584 src=worker:3 dst=client:0
event=req_send ts_ns=30177764 id=356 clt=0 wrkr=1 slot=6 size=17 src=client:0 dst=worker:1
event=resp_recv_ud ts_ns=30216419 id=355 clt=0 wrkr=7 slot=7 size=41 src=worker:7 dst=client:0
event=hand_send ts_ns=30225066 id=355 clt=0 wrkr=7 slot=7 size=10 src=client:0 dst=worker:7
event=resp_recv_ud ts_ns=30233994 id=356 clt=0 wrkr=1 slot=6 size=41 src=worker:1 dst=client:0
event=hand_send ts_ns=30242641 id=356 clt=0 wrkr=1 slot=6 size=10 src=client:0 dst=worker:1
event=resp_rdma_read ts_ns=30329616 id=324 start_ns=27715144 dur_ns=2614472 clt=0 wrkr=3 slot=8 size=1048584 src=worker:3 dst=client:0
event=req_send ts_ns=30329616 id=357 clt=0 wrkr=10 slot=0 size=17 src=client:0 dst=worker:10
event=resp_recv_ud ts_ns=30363847 id=357 clt=0 wrkr=10 slot=0 size=41 src=worker:10 dst=client:0
event=hand_send ts_ns=30372494 id=357 clt=0 wrkr=10 slot=0 size=10 src=client:0 dst=worker:10
event=resp_rdma_read ts_ns=31030441 id=331 start_ns=28155497 dur_ns=2874944 clt=0 wrkr=2 slot=10 size=1048584 src=worker:2 dst=client:0
event=req_send ts_ns=31030441 id=363 clt=0 wrkr=4 slot=9 size=17 src=client:0 dst=worker:4
event=resp_recv_ud ts_ns=31082983 id=363 clt=0 wrkr=4 slot=9 size=41 src=worker:4 dst=client:0
event=hand_send ts_ns=31091630 id=363 clt=0 wrkr=4 slot=9 size=10 src=client:0 dst=worker:4
event=resp_rdma_read ts_ns=31286145 id=328 start_ns=28044384 dur_ns=3241761 clt=0 wrkr=5 slot=2 size=1048584 src=worker:5 dst=client:0
event=req_send ts_ns=31286145 id=366 clt=0 wrkr=1 slot=7 size=17 src=client:0 dst=worker:1
event=resp_recv_ud ts_ns=31320798 id=366 clt=0 wrkr=1 slot=7 size=41 src=worker:1 dst=client:0
event=resp_rdma_read ts_ns=31329252 id=327 start_ns=27972621 dur_ns=3356631 clt=0 wrkr=11 slot=8 size=1048584 src=worker:11 dst=client:0
event=req_send ts_ns=31329252 id=367 clt=0 wrkr=3 slot=10 size=17 src=client:0 dst=worker:3
event=hand_send ts_ns=31329445 id=366 clt=0 wrkr=1 slot=7 size=10 src=client:0 dst=worker:1
event=resp_recv_ud ts_ns=31369397 id=367 clt=0 wrkr=3 slot=10 size=41 src=worker:3 dst=client:0
event=hand_send ts_ns=31378044 id=367 clt=0 wrkr=3 slot=10 size=10 src=client:0 dst=worker:3
event=resp_rdma_read ts_ns=31667507 id=341 start_ns=28748948 dur_ns=2918559 clt=0 wrkr=11 slot=9 size=1048584 src=worker:11 dst=client:0
event=req_send ts_ns=31667507 id=373 clt=0 wrkr=8 slot=1 size=17 src=client:0 dst=worker:8
event=resp_recv_ud ts_ns=31726687 id=373 clt=0 wrkr=8 slot=1 size=41 src=worker:8 dst=client:0
event=hand_send ts_ns=31735334 id=373 clt=0 wrkr=8 slot=1 size=10 src=client:0 dst=worker:8
event=resp_rdma_read ts_ns=32126674 id=339 start_ns=28652215 dur_ns=3474459 clt=0 wrkr=10 slot=11 size=1048584 src=worker:10 dst=client:0
event=req_send ts_ns=32126674 id=382 clt=0 wrkr=5 slot=3 size=17 src=client:0 dst=worker:5
event=resp_recv_ud ts_ns=32187854 id=382 clt=0 wrkr=5 slot=3 size=41 src=worker:5 dst=client:0
event=hand_send ts_ns=32196501 id=382 clt=0 wrkr=5 slot=3 size=10 src=client:0 dst=worker:5
event=resp_rdma_read ts_ns=32259955 id=351 start_ns=29799840 dur_ns=2460115 clt=0 wrkr=2 slot=11 size=1048584 src=worker:2 dst=client:0
event=req_send ts_ns=32259955 id=384 clt=0 wrkr=7 slot=8 size=17 src=client:0 dst=worker:7
event=resp_rdma_read ts_ns=32280913 id=348 start_ns=29485428 dur_ns=2795485 clt=0 wrkr=9 slot=7 size=1048584 src=worker:9 dst=client:0
event=req_send ts_ns=32280913 id=386 clt=0 wrkr=11 slot=10 size=17 src=client:0 dst=worker:11
event=resp_recv_ud ts_ns=32319236 id=384 clt=0 wrkr=7 slot=8 size=41 src=worker:7 dst=client:0
event=hand_send ts_ns=32327883 id=384 clt=0 wrkr=7 slot=8 size=10 src=client:0 dst=worker:7
event=resp_recv_ud ts_ns=32340094 id=386 clt=0 wrkr=11 slot=10 size=41 src=worker:11 dst=client:0
event=hand_send ts_ns=32348741 id=386 clt=0 wrkr=11 slot=10 size=10 src=client:0 dst=worker:11
event=resp_rdma_read ts_ns=32647749 id=353 start_ns=30004662 dur_ns=2643087 clt=0 wrkr=3 slot=9 size=1048584 src=worker:3 dst=client:0
event=req_send ts_ns=32647749 id=387 clt=0 wrkr=5 slot=4 size=17 src=client:0 dst=worker:5
event=resp_recv_ud ts_ns=32687461 id=387 clt=0 wrkr=5 slot=4 size=41 src=worker:5 dst=client:0
event=hand_send ts_ns=32696108 id=387 clt=0 wrkr=5 slot=4 size=10 src=client:0 dst=worker:5
event=resp_rdma_read ts_ns=32750966 id=352 start_ns=29944661 dur_ns=2806305 clt=0 wrkr=6 slot=7 size=1048584 src=worker:6 dst=client:0
event=req_send ts_ns=32750966 id=388 clt=0 wrkr=5 slot=5 size=17 src=client:0 dst=worker:5
event=resp_recv_ud ts_ns=32793686 id=388 clt=0 wrkr=5 slot=5 size=41 src=worker:5 dst=client:0
event=hand_send ts_ns=32802333 id=388 clt=0 wrkr=5 slot=5 size=10 src=client:0 dst=worker:5
event=resp_rdma_read ts_ns=32934471 id=356 start_ns=30242641 dur_ns=2691830 clt=0 wrkr=1 slot=6 size=1048584 src=worker:1 dst=client:0
event=req_send ts_ns=32934471 id=389 clt=0 wrkr=0 slot=5 size=17 src=client:0 dst=worker:0
event=resp_recv_ud ts_ns=32975385 id=389 clt=0 wrkr=0 slot=5 size=41 src=worker:0 dst=client:0
event=hand_send ts_ns=32984032 id=389 clt=0 wrkr=0 slot=5 size=10 src=client:0 dst=worker:0
event=resp_rdma_read ts_ns=33404310 id=355 start_ns=30225066 dur_ns=3179244 clt=0 wrkr=7 slot=7 size=1048584 src=worker:7 dst=client:0
event=req_send ts_ns=33404310 id=393 clt=0 wrkr=1 slot=8 size=17 src=client:0 dst=worker:1
event=resp_recv_ud ts_ns=33452064 id=393 clt=0 wrkr=1 slot=8 size=41 src=worker:1 dst=client:0
event=hand_send ts_ns=33460711 id=393 clt=0 wrkr=1 slot=8 size=10 src=client:0 dst=worker:1
event=resp_rdma_read ts_ns=33649944 id=357 start_ns=30372494 dur_ns=3277450 clt=0 wrkr=10 slot=0 size=1048584 src=worker:10 dst=client:0
event=req_send ts_ns=33649944 id=395 clt=0 wrkr=8 slot=2 size=17 src=client:0 dst=worker:8
event=resp_rdma_read ts_ns=33686712 id=367 start_ns=31378044 dur_ns=2308668 clt=0 wrkr=3 slot=10 size=1048584 src=worker:3 dst=client:0
event=req_send ts_ns=33686712 id=396 clt=0 wrkr=9 slot=8 size=17 src=client:0 dst=worker:9
event=resp_rdma_read ts_ns=33689188 id=363 start_ns=31091630 dur_ns=2597558 clt=0 wrkr=4 slot=9 size=1048584 src=worker:4 dst=client:0
event=req_send ts_ns=33689188 id=397 clt=0 wrkr=11 slot=11 size=17 src=client:0 dst=worker:11
event=resp_recv_ud ts_ns=33691151 id=395 clt=0 wrkr=8 slot=2 size=41 src=worker:8 dst=client:0
event=hand_send ts_ns=33699798 id=395 clt=0 wrkr=8 slot=2 size=10 src=client:0 dst=worker:8
event=resp_recv_ud ts_ns=33738745 id=396 clt=0 wrkr=9 slot=8 size=41 src=worker:9 dst=client:0
event=resp_recv_ud ts_ns=33746663 id=397 clt=0 wrkr=11 slot=11 size=41 src=worker:11 dst=client:0
event=hand_send ts_ns=33747392 id=396 clt=0 wrkr=9 slot=8 size=10 src=client:0 dst=worker:9
event=hand_send ts_ns=33755310 id=397 clt=0 wrkr=11 slot=11 size=10 src=client:0 dst=worker:11
event=resp_rdma_read ts_ns=34483945 id=373 start_ns=31735334 dur_ns=2748611 clt=0 wrkr=8 slot=1 size=1048584 src=worker:8 dst=client:0
event=req_send ts_ns=34483945 id=404 clt=0 wrkr=0 slot=6 size=17 src=client:0 dst=worker:0
event=resp_recv_ud ts_ns=34518478 id=404 clt=0 wrkr=0 slot=6 size=41 src=worker:0 dst=client:0
event=hand_send ts_ns=34527125 id=404 clt=0 wrkr=0 slot=6 size=10 src=client:0 dst=worker:0
event=resp_rdma_read ts_ns=34656585 id=366 start_ns=31329445 dur_ns=3327140 clt=0 wrkr=1 slot=7 size=1048584 src=worker:1 dst=client:0
event=req_send ts_ns=34656585 id=405 clt=0 wrkr=0 slot=7 size=17 src=client:0 dst=worker:0
event=resp_recv_ud ts_ns=34691145 id=405 clt=0 wrkr=0 slot=7 size=41 src=worker:0 dst=client:0
event=hand_send ts_ns=34699792 id=405 clt=0 wrkr=0 slot=7 size=10 src=client:0 dst=worker:0
event=resp_rdma_read ts_ns=35649321 id=386 start_ns=32348741 dur_ns=3300580 clt=0 wrkr=11 slot=10 size=1048584 src=worker:11 dst=client:0
event=req_send ts_ns=35649321 id=419 clt=0 wrkr=2 slot=0 size=17 src=client:0 dst=worker:2
event=resp_rdma_read ts_ns=35684634 id=382 start_ns=32196501 dur_ns=3488133 clt=0 wrkr=5 slot=3 size=1048584 src=worker:5 dst=client:0
event=req_send ts_ns=35684634 id=421 clt=0 wrkr=5 slot=6 size=17 src=client:0 dst=worker:5
event=resp_recv_ud ts_ns=35688826 id=419 clt=0 wrkr=2 slot=0 size=41 src=worker:2 dst=client:0
event=hand_send ts_ns=35697473 id=419 clt=0 wrkr=2 slot=0 size=10 src=client:0 dst=worker:2
event=resp_recv_ud ts_ns=35736146 id=421 clt=0 wrkr=5 slot=6 size=41 src=worker:5 dst=client:0
event=hand_send ts_ns=35744793 id=421 clt=0 wrkr=5 slot=6 size=10 src=client:0 dst=worker:5
event=resp_rdma_read ts_ns=35764631 id=388 start_ns=32802333 dur_ns=2962298 clt=0 wrkr=5 slot=5 size=1048584 src=worker:5 dst=client:0
event=req_send ts_ns=35764631 id=422 clt=0 wrkr=8 slot=3 size=17 src=client:0 dst=worker:8
event=resp_rdma_read ts_ns=35791270 id=387 start_ns=32696108 dur_ns=3095162 clt=0 wrkr=5 slot=4 size=1048584 src=worker:5 dst=client:0
event=req_send ts_ns=35791270 id=423 clt=0 wrkr=2 slot=1 size=17 src=client:0 dst=worker:2
event=resp_recv_ud ts_ns=35823868 id=422 clt=0 wrkr=8 slot=3 size=41 src=worker:8 dst=client:0
event=hand_send ts_ns=35832515 id=422 clt=0 wrkr=8 slot=3 size=10 src=client:0 dst=worker:8
event=resp_recv_ud ts_ns=35841143 id=423 clt=0 wrkr=2 slot=1 size=41 src=worker:2 dst=client:0
event=hand_send ts_ns=35849790 id=423 clt=0 wrkr=2 slot=1 size=10 src=client:0 dst=worker:2
event=resp_rdma_read ts_ns=35963921 id=384 start_ns=32327883 dur_ns=3636038 clt=0 wrkr=7 slot=8 size=1048584 src=worker:7 dst=client:0
event=req_send ts_ns=35963921 id=425 clt=0 wrkr=6 slot=8 size=17 src=client:0 dst=worker:6
event=resp_recv_ud ts_ns=36023371 id=425 clt=0 wrkr=6 slot=8 size=41 src=worker:6 dst=client:0
event=hand_send ts_ns=36032018 id=425 clt=0 wrkr=6 slot=8 size=10 src=client:0 dst=worker:6
event=resp_rdma_read ts_ns=36130051 id=389 start_ns=32984032 dur_ns=3146019 clt=0 wrkr=0 slot=5 size=1048584 src=worker:0 dst=client:0
event=req_send ts_ns=36130051 id=426 clt=0 wrkr=1 slot=9 size=17 src=client:0 dst=worker:1
event=resp_recv_ud ts_ns=36166873 id=426 clt=0 wrkr=1 slot=9 size=41 src=worker:1 dst=client:0
event=resp_rdma_read ts_ns=36172655 id=393 start_ns=33460711 dur_ns=2711944 clt=0 wrkr=1 slot=8 size=1048584 src=worker:1 dst=client:0
event=req_send ts_ns=36172655 id=427 clt=0 wrkr=6 slot=9 size=17 src=client:0 dst=worker:6
event=hand_send ts_ns=36175520 id=426 clt=0 wrkr=1 slot=9 size=10 src=client:0 dst=worker:1
event=resp_recv_ud ts_ns=36216818 id=427 clt=0 wrkr=6 slot=9 size=41 src=worker:6 dst=client:0
event=hand_send ts_ns=36225465 id=427 clt=0 wrkr=6 slot=9 size=10 src=client:0 dst=worker:6
event=resp_rdma_read ts_ns=36530706 id=397 start_ns=33755310 dur_ns=2775396 clt=0 wrkr=11 slot=11 size=1048584 src=worker:11 dst=client:0
event=req_send ts_ns=36530706 id=431 clt=0 wrkr=0 slot=8 size=17 src=client:0 dst=worker:0
event=resp_recv_ud ts_ns=36574624 id=431 clt=0 wrkr=0 slot=8 size=41 src=worker:0 dst=client:0
event=hand_send ts_ns=36583271 id=431 clt=0 wrkr=0 slot=8 size=10 src=client:0 dst=worker:0
event=resp_rdma_read ts_ns=36703971 id=396 start_ns=33747392 dur_ns=2956579 clt=0 wrkr=9 slot=8 size=1048584 src=worker:9 dst=client:0
event=req_send ts_ns=36703971 id=432 clt=0 wrkr=2 slot=2 size=17 src=client:0 dst=worker:2
event=resp_recv_ud ts_ns=36738449 id=432 clt=0 wrkr=2 slot=2 size=41 src=worker:2 dst=client:0
event=hand_send ts_ns=36747096 id=432 clt=0 wrkr=2 slot=2 size=10 src=client:0 dst=worker:2
event=resp_rdma_read ts_ns=36952067 id=395 start_ns=33699798 dur_ns=3252269 clt=0 wrkr=8 slot=2 size=1048584 src=worker:8 dst=client:0
event=req_send ts_ns=36952067 id=437 clt=0 wrkr=7 slot=9 size=17 src=client:0 dst=worker:7
event=resp_recv_ud ts_ns=37008860 id=437 clt=0 wrkr=7 slot=9 size=41 src=worker:7 dst=client:0
event=hand_send ts_ns=37017507 id=437 clt=0 wrkr=7 slot=9 size=10 src=client:0 dst=worker:7
event=resp_rdma_read ts_ns=37316013 id=404 start_ns=34527125 dur_ns=2788888 clt=0 wrkr=0 slot=6 size=1048584 src=worker:0 dst=client:0
event=req_send ts_ns=37316013 id=438 clt=0 wrkr=11 slot=0 size=17 src=client:0 dst=worker:11
event=resp_recv_ud ts_ns=37354245 id=438 clt=0 wrkr=11 slot=0 size=41 src=worker:11 dst=client:0
event=hand_send ts_ns=37362892 id=438 clt=0 wrkr=11 slot=0 size=10 src=client:0 dst=worker:11
event=resp_rdma_read ts_ns=37481540 id=405 start_ns=34699792 dur_ns=2781748 clt=0 wrkr=0 slot=7 size=1048584 src=worker:0 dst=client:0
event=req_send ts_ns=37481540 id=441 clt=0 wrkr=0 slot=9 size=17 src=client:0 dst=worker:0
event=resp_recv_ud ts_ns=37524905 id=441 clt=0 wrkr=0 slot=9 size=41 src=worker:0 dst=client:0
event=hand_send ts_ns=37533552 id=441 clt=0 wrkr=0 slot=9 size=10 src=client:0 dst=worker:0
event=resp_rdma_read ts_ns=38651137 id=425 start_ns=36032018 dur_ns=2619119 clt=0 wrkr=6 slot=8 size=1048584 src=worker:6 dst=client:0
event=req_send ts_ns=38651137 id=453 clt=0 wrkr=2 slot=3 size=17 src=client:0 dst=worker:2
event=resp_recv_ud ts_ns=38706758 id=453 clt=0 wrkr=2 slot=3 size=41 src=worker:2 dst=client:0
event=hand_send ts_ns=38715405 id=453 clt=0 wrkr=2 slot=3 size=10 src=client:0 dst=worker:2
event=resp_rdma_read ts_ns=38719844 id=423 start_ns=35849790 dur_ns=2870054 clt=0 wrkr=2 slot=1 size=1048584 src=worker:2 dst=client:0
event=req_send ts_ns=38719844 id=455 clt=0 wrkr=7 slot=10 size=17 src=client:0 dst=worker:7
event=resp_recv_ud ts_ns=38774636 id=455 clt=0 wrkr=7 slot=10 size=41 src=worker:7 dst=client:0
event=hand_send ts_ns=38783283 id=455 clt=0 wrkr=7 slot=10 size=10 src=client:0 dst=worker:7
event=resp_rdma_read ts_ns=38968968 id=419 start_ns=35697473 dur_ns=3271495 clt=0 wrkr=2 slot=0 size=1048584 src=worker:2 dst=client:0
event=req_send ts_ns=38968968 id=459 clt=0 wrkr=0 slot=10 size=17 src=client:0 dst=worker:0
event=resp_recv_ud ts_ns=39013732 id=459 clt=0 wrkr=0 slot=10 size=41 src=worker:0 dst=client:0
event=hand_send ts_ns=39022379 id=459 clt=0 wrkr=0 slot=10 size=10 src=client:0 dst=worker:0
event=resp_rdma_read ts_ns=39093493 id=422 start_ns=35832515 dur_ns=3260978 clt=0 wrkr=8 slot=3 size=1048584 src=worker:8 dst=client:0
event=req_send ts_ns=39093493 id=460 clt=0 wrkr=9 slot=9 size=17 src=client:0 dst=worker:9
event=resp_recv_ud ts_ns=39131069 id=460 clt=0 wrkr=9 slot=9 size=41 src=worker:9 dst=client:0
event=hand_send ts_ns=39139716 id=460 clt=0 wrkr=9 slot=9 size=10 src=client:0 dst=worker:9
event=resp_rdma_read ts_ns=39157704 id=421 start_ns=35744793 dur_ns=3412911 clt=0 wrkr=5 slot=6 size=1048584 src=worker:5 dst=client:0
event=req_send ts_ns=39157704 id=461 clt=0 wrkr=1 slot=10 size=17 src=client:0 dst=worker:1
event=resp_recv_ud ts_ns=39215573 id=461 clt=0 wrkr=1 slot=10 size=41 src=worker:1 dst=client:0
event=hand_send ts_ns=39224220 id=461 clt=0 wrkr=1 slot=10 size=10 src=client:0 dst=worker:1
event=resp_rdma_read ts_ns=39268206 id=431 start_ns=36583271 dur_ns=2684935 clt=0 wrkr=0 slot=8 size=1048584 src=worker:0 dst=client:0
event=req_send ts_ns=39268206 id=463 clt=0 wrkr=0 slot=11 size=17 src=client:0 dst=worker:0
event=resp_recv_ud ts_ns=39324427 id=463 clt=0 wrkr=0 slot=11 size=41 src=worker:0 dst=client:0
event=hand_send ts_ns=39333074 id=463 clt=0 wrkr=0 slot=11 size=10 src=client:0 dst=worker:0
event=resp_rdma_read ts_ns=39410189 id=427 start_ns=36225465 dur_ns=3184724 clt=0 wrkr=6 slot=9 size=1048584 src=worker:6 dst=client:0
event=req_send ts_ns=39410189 id=466 clt=0 wrkr=0 slot=0 size=17 src=client:0 dst=worker:0
event=resp_recv_ud ts_ns=39450238 id=466 clt=0 wrkr=0 slot=0 size=41 src=worker:0 dst=client:0
event=resp_rdma_read ts_ns=39457575 id=437 start_ns=37017507 dur_ns=2440068 clt=0 wrkr=7 slot=9 size=1048584 src=worker:7 dst=client:0
event=req_send ts_ns=39457575 id=467 clt=0 wrkr=7 slot=11 size=17 src=client:0 dst=worker:7
event=hand_send ts_ns=39458885 id=466 clt=0 wrkr=0 slot=0 size=10 src=client:0 dst=worker:0
event=resp_recv_ud ts_ns=39508795 id=467 clt=0 wrkr=7 slot=11 size=41 src=worker:7 dst=client:0
event=hand_send ts_ns=39517442 id=467 clt=0 wrkr=7 slot=11 size=10 src=client:0 dst=worker:7
event=resp_rdma_read ts_ns=39577668 id=426 start_ns=36175520 dur_ns=3402148 clt=0 wrkr=1 slot=9 size=1048584 src=worker:1 dst=client:0
event=req_send ts_ns=39577668 id=469 clt=0 wrkr=8 slot=4 size=17 src=client:0 dst=worker:8
event=resp_recv_ud ts_ns=39631843 id=469 clt=0 wrkr=8 slot=4 size=41 src=worker:8 dst=client:0
event=hand_send ts_ns=39640490 id=469 clt=0 wrkr=8 slot=4 size=10 src=client:0 dst=worker:8
event=resp_rdma_read ts_ns=39913112 id=432 start_ns=36747096 dur_ns=3166016 clt=0 wrkr=2 slot=2 size=1048584 src=worker:2 dst=client:0
event=req_send ts_ns=39913112 id=472 clt=0 wrkr=1 slot=11 size=17 src=client:0 dst=worker:1
event=resp_recv_ud ts_ns=39969323 id=472 clt=0 wrkr=1 slot=11 size=41 src=worker:1 dst=client:0
event=hand_send ts_ns=39977970 id=472 clt=0 wrkr=1 slot=11 size=10 src=client:0 dst=worker:1
event=resp_rdma_read ts_ns=40587027 id=438 start_ns=37362892 dur_ns=3224135 clt=0 wrkr=11 slot=0 size=1048584 src=worker:11 dst=client:0
event=req_send ts_ns=40587027 id=479 clt=0 wrkr=8 slot=5 size=17 src=client:0 dst=worker:8
event=resp_recv_ud ts_ns=40623648 id=479 clt=0 wrkr=8 slot=5 size=41 src=worker:8 dst=client:0
event=hand_send ts_ns=40632295 id=479 clt=0 wrkr=8 slot=5 size=10 src=client:0 dst=worker:8
event=resp_rdma_read ts_ns=40781815 id=441 start_ns=37533552 dur_ns=3248263 clt=0 wrkr=0 slot=9 size=1048584 src=worker:0 dst=client:0
event=req_send ts_ns=40781815 id=481 clt=0 wrkr=3 slot=11 size=17 src=client:0 dst=worker:3
event=resp_recv_ud ts_ns=40816261 id=481 clt=0 wrkr=3 slot=11 size=41 src=worker:3 dst=client:0
event=hand_send ts_ns=40824908 id=481 clt=0 wrkr=3 slot=11 size=10 src=client:0 dst=worker:3
event=resp_rdma_read ts_ns=41562810 id=459 start_ns=39022379 dur_ns=2540431 clt=0 wrkr=0 slot=10 size=1048584 src=worker:0 dst=client:0
event=req_send ts_ns=41562810 id=487 clt=0 wrkr=2 slot=4 size=17 src=client:0 dst=worker:2
event=resp_recv_ud ts_ns=41597214 id=487 clt=0 wrkr=2 slot=4 size=41 src=worker:2 dst=client:0
event=hand_send ts_ns=41605861 id=487 clt=0 wrkr=2 slot=4 size=10 src=client:0 dst=worker:2
event=resp_rdma_read ts_ns=41760059 id=466 start_ns=39458885 dur_ns=2301174 clt=0 wrkr=0 slot=0 size=1048584 src=worker:0 dst=client:0
event=req_send ts_ns=41760059 id=490 clt=0 wrkr=5 slot=7 size=17 src=client:0 dst=worker:5
event=resp_recv_ud ts_ns=41809110 id=490 clt=0 wrkr=5 slot=7 size=41 src=worker:5 dst=client:0
event=hand_send ts_ns=41817757 id=490 clt=0 wrkr=5 slot=7 size=10 src=client:0 dst=worker:5
event=resp_rdma_read ts_ns=41877134 id=455 start_ns=38783283 dur_ns=3093851 clt=0 wrkr=7 slot=10 size=1048584 src=worker:7 dst=client:0
event=req_send ts_ns=41877134 id=493 clt=0 wrkr=11 slot=1 size=17 src=client:0 dst=worker:11
event=resp_rdma_read ts_ns=41896384 id=453 start_ns=38715405 dur_ns=3180979 clt=0 wrkr=2 slot=3 size=1048584 src=worker:2 dst=client:0
event=req_send ts_ns=41896384 id=494 clt=0 wrkr=4 slot=10 size=17 src=client:0 dst=worker:4
event=resp_recv_ud ts_ns=41929282 id=493 clt=0 wrkr=11 slot=1 size=41 src=worker:11 dst=client:0
event=hand_send ts_ns=41937929 id=493 clt=0 wrkr=11 slot=1 size=10 src=client:0 dst=worker:11
event=resp_recv_ud ts_ns=41949146 id=494 clt=0 wrkr=4 slot=10 size=41 src=worker:4 dst=client:0
event=hand_send ts_ns=41957793 id=494 clt=0 wrkr=4 slot=10 size=10 src=client:0 dst=worker:4
event=resp_rdma_read ts_ns=42064855 id=460 start_ns=39139716 dur_ns=2925139 clt=0 wrkr=9 slot=9 size=1048584 src=worker:9 dst=client:0
event=req_send ts_ns=42064855 id=496 clt=0 wrkr=11 slot=2 size=17 src=client:0 dst=worker:11
event=resp_recv_ud ts_ns=42114035 id=496 clt=0 wrkr=11 slot=2 size=41 src=worker:11 dst=client:0
event=hand_send ts_ns=42122682 id=496 clt=0 wrkr=11 slot=2 size=10 src=client:0 dst=worker:11
event=resp_rdma_read ts_ns=42387788 id=461 start_ns=39224220 dur_ns=3163568 clt=0 wrkr=1 slot=10 size=1048584 src=worker:1 dst=client:0
event=req_send ts_ns=42387788 id=501 clt=0 wrkr=0 slot=1 size=17 src=client:0 dst=worker:0
event=resp_recv_ud ts_ns=42443552 id=501 clt=0 wrkr=0 slot=1 size=41 src=worker:0 dst=client:0
event=hand_send ts_ns=42452199 id=501 clt=0 wrkr=0 slot=1 size=10 src=client:0 dst=worker:0
event=resp_rdma_read ts_ns=42488666 id=469 start_ns=39640490 dur_ns=2848176 clt=0 wrkr=8 slot=4 size=1048584 src=worker:8 dst=client:0
event=req_send ts_ns=42488666 id=503 clt=0 wrkr=5 slot=8 size=17 src=client:0 dst=worker:5
event=resp_recv_ud ts_ns=42546226 id=503 clt=0 wrkr=5 slot=8 size=41 src=worker:5 dst=client:0
event=resp_rdma_read ts_ns=42550089 id=467 start_ns=39517442 dur_ns=3032647 clt=0 wrkr=7 slot=11 size=1048584 src=worker:7 dst=client:0
event=req_send ts_ns=42550089 id=504 clt=0 wrkr=11 slot=3 size=17 src=client:0 dst=worker:11
event=hand_send ts_ns=42554873 id=503 clt=0 wrkr=5 slot=8 size=10 src=client:0 dst=worker:5
event=resp_rdma_read ts_ns=42584865 id=463 start_ns=39333074 dur_ns=3251791 clt=0 wrkr=0 slot=11 size=1048584 src=worker:0 dst=client:0
event=req_send ts_ns=42584865 id=505 clt=0 wrkr=10 slot=1 size=17 src=client:0 dst=worker:10
event=resp_recv_ud ts_ns=42594670 id=504 clt=0 wrkr=11 slot=3 size=41 src=worker:11 dst=client:0
event=hand_send ts_ns=42603317 id=504 clt=0 wrkr=11 slot=3 size=10 src=client:0 dst=worker:11
event=resp_recv_ud ts_ns=42641504 id=505 clt=0 wrkr=10 slot=1 size=41 src=worker:10 dst=client:0
event=hand_send ts_ns=42650151 id=505 clt=0 wrkr=10 slot=1 size=10 src=client:0 dst=worker:10
event=resp_rdma_read ts_ns=43160398 id=472 start_ns=39977970 dur_ns=3182428 clt=0 wrkr=1 slot=11 size=1048584 src=worker:1 dst=client:0
event=req_send ts_ns=43160398 id=511 clt=0 wrkr=3 slot=0 size=17 src=client:0 dst=worker:3
event=resp_recv_ud ts_ns=43215979 id=511 clt=0 wrkr=3 slot=0 size=41 src=worker:3 dst=client:0
event=hand_send ts_ns=43224626 id=511 clt=0 wrkr=3 slot=0 size=10 src=client:0 dst=worker:3
event=resp_rdma_read ts_ns=43599635 id=481 start_ns=40824908 dur_ns=2774727 clt=0 wrkr=3 slot=11 size=1048584 src=worker:3 dst=client:0
event=req_send ts_ns=43599635 id=517 clt=0 wrkr=6 slot=10 size=17 src=client:0 dst=worker:6
event=resp_recv_ud ts_ns=43640125 id=517 clt=0 wrkr=6 slot=10 size=41 src=worker:6 dst=client:0
event=hand_send ts_ns=43648772 id=517 clt=0 wrkr=6 slot=10 size=10 src=client:0 dst=worker:6
event=resp_rdma_read ts_ns=43861547 id=479 start_ns=40632295 dur_ns=3229252 clt=0 wrkr=8 slot=5 size=1048584 src=worker:8 dst=client:0
event=req_send ts_ns=43861547 id=518 clt=0 wrkr=0 slot=2 size=17 src=client:0 dst=worker:0
event=resp_recv_ud ts_ns=43897138 id=518 clt=0 wrkr=0 slot=2 size=41 src=worker:0 dst=client:0
event=hand_send ts_ns=43905785 id=518 clt=0 wrkr=0 slot=2 size=10 src=client:0 dst=worker:0
event=resp_rdma_read ts_ns=44378019 id=487 start_ns=41605861 dur_ns=2772158 clt=0 wrkr=2 slot=4 size=1048584 src=worker:2 dst=client:0
event=req_send ts_ns=44378019 id=524 clt=0 wrkr=9 slot=10 size=17 src=client:0 dst=worker:9
event=resp_recv_ud ts_ns=44412510 id=524 clt=0 wrkr=9 slot=10 size=41 src=worker:9 dst=client:0
event=hand_send ts_ns=44421157 id=524 clt=0 wrkr=9 slot=10 size=10 src=client:0 dst=worker:9
event=resp_rdma_read ts_ns=44700902 id=494 start_ns=41957793 dur_ns=2743109 clt=0 wrkr=4 slot=10 size=1048584 src=worker:4 dst=client:0
event=req_send ts_ns=44700902 id=526 clt=0 wrkr=0 slot=3 size=17 src=client:0 dst=worker:0
event=resp_recv_ud ts_ns=44735563 id=526 clt=0 wrkr=0 slot=3 size=41 src=worker:0 dst=client:0
event=hand_send ts_ns=44744210 id=526 clt=0 wrkr=0 slot=3 size=10 src=client:0 dst=worker:0
event=resp_rdma_read ts_ns=44937383 id=490 start_ns=41817757 dur_ns=3119626 clt=0 wrkr=5 slot=7 size=1048584 src=worker:5 dst=client:0
event=req_send ts_ns=44937383 id=530 clt=0 wrkr=4 slot=11 size=17 src=client:0 dst=worker:4
event=resp_recv_ud ts_ns=44993659 id=530 clt=0 wrkr=4 slot=11 size=41 src=worker:4 dst=client:0
event=hand_send ts_ns=45002306 id=530 clt=0 wrkr=4 slot=11 size=10 src=client:0 dst=worker:4
event=resp_rdma_read ts_ns=45254836 id=493 start_ns=41937929 dur_ns=3316907 clt=0 wrkr=11 slot=1 size=1048584 src=worker:11 dst=client:0
event=req_send ts_ns=45254836 id=535 clt=0 wrkr=8 slot=6 size=17 src=client:0 dst=worker:8
event=resp_recv_ud ts_ns=45290376 id=535 clt=0 wrkr=8 slot=6 size=41 src=worker:8 dst=client:0
event=hand_send ts_ns=45299023 id=535 clt=0 wrkr=8 slot=6 size=10 src=client:0 dst=worker:8
event=resp_rdma_read ts_ns=45480447 id=501 start_ns=42452199 dur_ns=3028248 clt=0 wrkr=0 slot=1 size=1048584 src=worker:0 dst=client:0
event=req_send ts_ns=45480447 id=537 clt=0 wrkr=4 slot=0 size=17 src=client:0 dst=worker:4
event=resp_rdma_read ts_ns=45480570 id=496 start_ns=42122682 dur_ns=3357888 clt=0 wrkr=11 slot=2 size=1048584 src=worker:11 dst=client:0
event=req_send ts_ns=45480570 id=538 clt=0 wrkr=7 slot=0 size=17 src=client:0 dst=worker:7
event=resp_recv_ud ts_ns=45531602 id=538 clt=0 wrkr=7 slot=0 size=41 src=worker:7 dst=client:0
event=resp_recv_ud ts_ns=45539931 id=537 clt=0 wrkr=4 slot=0 size=41 src=worker:4 dst=client:0
event=hand_send ts_ns=45540249 id=538 clt=0 wrkr=7 slot=0 size=10 src=client:0 dst=worker:7
event=hand_send ts_ns=45548578 id=537 clt=0 wrkr=4 slot=0 size=10 src=client:0 dst=worker:4
event=resp_rdma_read ts_ns=45786842 id=505 start_ns=42650151 dur_ns=3136691 clt=0 wrkr=10 slot=1 size=1048584 src=worker:10 dst=client:0
event=req_send ts_ns=45786842 id=541 clt=0 wrkr=5 slot=9 size=17 src=client:0 dst=worker:5
event=resp_recv_ud ts_ns=45845189 id=541 clt=0 wrkr=5 slot=9 size=41 src=worker:5 dst=client:0
event=resp_rdma_read ts_ns=45848264 id=503 start_ns=42554873 dur_ns=3293391 clt=0 wrkr=5 slot=8 size=1048584 src=worker:5 dst=client:0
event=req_send ts_ns=45848264 id=543 clt=0 wrkr=7 slot=1 size=17 src=client:0 dst=worker:7
event=hand_send ts_ns=45853836 id=541 clt=0 wrkr=5 slot=9 size=10 src=client:0 dst=worker:5
event=resp_recv_ud ts_ns=45907703 id=543 clt=0 wrkr=7 slot=1 size=41 src=worker:7 dst=client:0
event=hand_send ts_ns=45916350 id=543 clt=0 wrkr=7 slot=1 size=10 src=client:0 dst=worker:7
event=resp_rdma_read ts_ns=45955155 id=511 start_ns=43224626 dur_ns=2730529 clt=0 wrkr=3 slot=0 size=1048584 src=worker:3 dst=client:0
event=req_send ts_ns=45955155 id=545 clt=0 wrkr=6 slot=11 size=17 src=client:0 dst=worker:6
event=resp_rdma_read ts_ns=46002035 id=504 start_ns=42603317 dur_ns=3398718 clt=0 wrkr=11 slot=3 size=1048584 src=worker:11 dst=client:0
event=req_send ts_ns=46002035 id=546 clt=0 wrkr=11 slot=4 size=17 src=client:0 dst=worker:11
event=resp_recv_ud ts_ns=46013531 id=545 clt=0 wrkr=6 slot=11 size=41 src=worker:6 dst=client:0
event=hand_send ts_ns=46022178 id=545 clt=0 wrkr=6 slot=11 size=10 src=client:0 dst=worker:6
event=resp_recv_ud ts_ns=46059624 id=546 clt=0 wrkr=11 slot=4 size=41 src=worker:11 dst=client:0
event=hand_send ts_ns=46068271 id=546 clt=0 wrkr=11 slot=4 size=10 src=client:0 dst=worker:11
event=resp_rdma_read ts_ns=46242724 id=517 start_ns=43648772 dur_ns=2593952 clt=0 wrkr=6 slot=10 size=1048584 src=worker:6 dst=client:0
event=req_send ts_ns=46242724 id=548 clt=0 wrkr=10 slot=2 size=17 src=client:0 dst=worker:10
event=resp_recv_ud ts_ns=46287295 id=548 clt=0 wrkr=10 slot=2 size=41 src=worker:10 dst=client:0
event=hand_send ts_ns=46295942 id=548 clt=0 wrkr=10 slot=2 size=10 src=client:0 dst=worker:10
event=resp_rdma_read ts_ns=47086418 id=518 start_ns=43905785 dur_ns=3180633 clt=0 wrkr=0 slot=2 size=1048584 src=worker:0 dst=client:0
event=req_send ts_ns=47086418 id=557 clt=0 wrkr=5 slot=10 size=17 src=client:0 dst=worker:5
event=resp_recv_ud ts_ns=47121876 id=557 clt=0 wrkr=5 slot=10 size=41 src=worker:5 dst=client:0
event=hand_send ts_ns=47130523 id=557 clt=0 wrkr=5 slot=10 size=10 src=client:0 dst=worker:5
event=resp_rdma_read ts_ns=47218667 id=524 start_ns=44421157 dur_ns=2797510 clt=0 wrkr=9 slot=10 size=1048584 src=worker:9 dst=client:0
event=req_send ts_ns=47218667 id=560 clt=0 wrkr=1 slot=0 size=17 src=client:0 dst=worker:1
event=resp_recv_ud ts_ns=47265307 id=560 clt=0 wrkr=1 slot=0 size=41 src=worker:1 dst=client:0
event=hand_send ts_ns=47273954 id=560 clt=0 wrkr=1 slot=0 size=10 src=client:0 dst=worker:1
event=resp_rdma_read ts_ns=47543582 id=526 start_ns=44744210 dur_ns=2799372 clt=0 wrkr=0 slot=3 size=1048584 src=worker:0 dst=client:0
event=req_send ts_ns=47543582 id=563 clt=0 wrkr=4 slot=1 size=17 src=client:0 dst=worker:4
event=resp_recv_ud ts_ns=47578426 id=563 clt=0 wrkr=4 slot=1 size=41 src=worker:4 dst=client:0
event=hand_send ts_ns=47587073 id=563 clt=0 wrkr=4 slot=1 size=10 src=client:0 dst=worker:4
event=resp_rdma_read ts_ns=48175939 id=530 start_ns=45002306 dur_ns=3173633 clt=0 wrkr=4 slot=11 size=1048584 src=worker:4 dst=client:0
event=req_send ts_ns=48175939 id=568 clt=0 wrkr=8 slot=7 size=17 src=client:0 dst=worker:8
event=resp_rdma_read ts_ns=48197932 id=535 start_ns=45299023 dur_ns=2898909 clt=0 wrkr=8 slot=6 size=1048584 src=worker:8 dst=client:0
event=req_send ts_ns=48197932 id=569 clt=0 wrkr=11 slot=5 size=17 src=client:0 dst=worker:11
event=resp_recv_ud ts_ns=48210886 id=568 clt=0 wrkr=8 slot=7 size=41 src=worker:8 dst=client:0
event=resp_rdma_read ts_ns=48211815 id=543 start_ns=45916350 dur_ns=2295465 clt=0 wrkr=7 slot=1 size=1048584 src=worker:7 dst=client:0
event=req_send ts_ns=48211815 id=570 clt=0 wrkr=0 slot=4 size=17 src=client:0 dst=worker:0
event=hand_send ts_ns=48219533 id=568 clt=0 wrkr=8 slot=7 size=10 src=client:0 dst=worker:8
event=resp_recv_ud ts_ns=48253830 id=569 clt=0 wrkr=11 slot=5 size=41 src=worker:11 dst=client:0
event=hand_send ts_ns=48262477 id=569 clt=0 wrkr=11 slot=5 size=10 src=client:0 dst=worker:11
event=resp_recv_ud ts_ns=48267129 id=570 clt=0 wrkr=0 slot=4 size=41 src=worker:0 dst=client:0
event=hand_send ts_ns=48275776 id=570 clt=0 wrkr=0 slot=4 size=10 src=client:0 dst=worker:0
event=resp_rdma_read ts_ns=48670034 id=546 start_ns=46068271 dur_ns=2601763 clt=0 wrkr=11 slot=4 size=1048584 src=worker:11 dst=client:0
event=req_send ts_ns=48670034 id=574 clt=0 wrkr=10 slot=3 size=17 src=client:0 dst=worker:10
event=resp_rdma_read ts_ns=48682241 id=537 start_ns=45548578 dur_ns=3133663 clt=0 wrkr=4 slot=0 size=1048584 src=worker:4 dst=client:0
event=req_send ts_ns=48682241 id=575 clt=0 wrkr=1 slot=1 size=17 src=client:0 dst=worker:1
event=resp_recv_ud ts_ns=48719600 id=574 clt=0 wrkr=10 slot=3 size=41 src=worker:10 dst=client:0
event=hand_send ts_ns=48728247 id=574 clt=0 wrkr=10 slot=3 size=10 src=client:0 dst=worker:10
event=resp_recv_ud ts_ns=48738360 id=575 clt=0 wrkr=1 slot=1 size=41 src=worker:1 dst=client:0
event=hand_send ts_ns=48747007 id=575 clt=0 wrkr=1 slot=1 size=10 src=client:0 dst=worker:1
event=resp_rdma_read ts_ns=48752108 id=538 start_ns=45540249 dur_ns=3211859 clt=0 wrkr=7 slot=0 size=1048584 src=worker:7 dst=client:0
event=req_send ts_ns=48752108 id=576 clt=0 wrkr=2 slot=5 size=17 src=client:0 dst=worker:2
event=resp_recv_ud ts_ns=48805543 id=576 clt=0 wrkr=2 slot=5 size=41 src=worker:2 dst=client:0
event=hand_send ts_ns=48814190 id=576 clt=0 wrkr=2 slot=5 size=10 src=client:0 dst=worker:2
event=resp_rdma_read ts_ns=48834624 id=548 start_ns=46295942 dur_ns=2538682 clt=0 wrkr=10 slot=2 size=1048584 src=worker:10 dst=client:0
event=req_send ts_ns=48834624 id=577 clt=0 wrkr=7 slot=2 size=17 src=client:0 dst=worker:7
event=resp_recv_ud ts_ns=48892163 id=577 clt=0 wrkr=7 slot=2 size=41 src=worker:7 dst=client:0
event=hand_send ts_ns=48900810 id=577 clt=0 wrkr=7 slot=2 size=10 src=client:0 dst=worker:7
event=resp_rdma_read ts_ns=48929920 id=541 start_ns=45853836 dur_ns=3076084 clt=0 wrkr=5 slot=9 size=1048584 src=worker:5 dst=client:0
event=req_send ts_ns=48929920 id=580 clt=0 wrkr=8 slot=8 size=17 src=client:0 dst=worker:8
event=resp_recv_ud ts_ns=48987220 id=580 clt=0 wrkr=8 slot=8 size=41 src=worker:8 dst=client:0
event=hand_send ts_ns=48995867 id=580 clt=0 wrkr=8 slot=8 size=10 src=client:0 dst=worker:8
event=resp_rdma_read ts_ns=49353584 id=545 start_ns=46022178 dur_ns=3331406 clt=0 wrkr=6 slot=11 size=1048584 src=worker:6 dst=client:0
event=req_send ts_ns=49353584 id=587 clt=0 wrkr=0 slot=5 size=17 src=client:0 dst=worker:0
event=resp_recv_ud ts_ns=49414334 id=587 clt=0 wrkr=0 slot=5 size=41 src=worker:0 dst=client:0
event=hand_send ts_ns=49422981 id=587 clt=0 wrkr=0 slot=5 size=10 src=client:0 dst=worker:0
event=resp_rdma_read ts_ns=49925169 id=557 start_ns=47130523 dur_ns=2794646 clt=0 wrkr=5 slot=10 size=1048584 src=worker:5 dst=client:0
event=req_send ts_ns=49925169 id=591 clt=0 wrkr=9 slot=11 size=17 src=client:0 dst=worker:9
event=resp_recv_ud ts_ns=49960839 id=591 clt=0 wrkr=9 slot=11 size=41 src=worker:9 dst=client:0
event=hand_send ts_ns=49969486 id=591 clt=0 wrkr=9 slot=11 size=10 src=client:0 dst=worker:9
event=resp_rdma_read ts_ns=49991159 id=560 start_ns=47273954 dur_ns=2717205 clt=0 wrkr=1 slot=0 size=1048584 src=worker:1 dst=client:0
event=req_send ts_ns=49991159 id=592 clt=0 wrkr=6 slot=0 size=17 src=client:0 dst=worker:6
event=resp_recv_ud ts_ns=50036099 id=592 clt=0 wrkr=6 slot=0 size=41 src=worker:6 dst=client:0
event=hand_send ts_ns=50044746 id=592 clt=0 wrkr=6 slot=0 size=10 src=client:0 dst=worker:6
event=resp_rdma_read ts_ns=50411852 id=563 start_ns=47587073 dur_ns=2824779 clt=0 wrkr=4 slot=1 size=1048584 src=worker:4 dst=client:0
event=req_send ts_ns=50411852 id=598 clt=0 wrkr=9 slot=0 size=17 src=client:0 dst=worker:9
event=resp_recv_ud ts_ns=50459641 id=598 clt=0 wrkr=9 slot=0 size=41 src=worker:9 dst=client:0
event=hand_send ts_ns=50468288 id=598 clt=0 wrkr=9 slot=0 size=10 src=client:0 dst=worker:9
event=resp_rdma_read ts_ns=50984343 id=570 start_ns=48275776 dur_ns=2708567 clt=0 wrkr=0 slot=4 size=1048584 src=worker:0 dst=client:0
event=req_send ts_ns=50984343 id=604 clt=0 wrkr=11 slot=6 size=17 src=client:0 dst=worker:11
event=resp_recv_ud ts_ns=51035326 id=604 clt=0 wrkr=11 slot=6 size=41 src=worker:11 dst=client:0
event=hand_send ts_ns=51043973 id=604 clt=0 wrkr=11 slot=6 size=10 src=client:0 dst=worker:11
event=resp_rdma_read ts_ns=51073647 id=568 start_ns=48219533 dur_ns=2854114 clt=0 wrkr=8 slot=7 size=1048584 src=worker:8 dst=client:0
event=req_send ts_ns=51073647 id=606 clt=0 wrkr=8 slot=9 size=17 src=client:0 dst=worker:8
event=resp_recv_ud ts_ns=51124975 id=606 clt=0 wrkr=8 slot=9 size=41 src=worker:8 dst=client:0
event=hand_send ts_ns=51133622 id=606 clt=0 wrkr=8 slot=9 size=10 src=client:0 dst=worker:8
event=resp_rdma_read ts_ns=51301881 id=569 start_ns=48262477 dur_ns=3039404 clt=0 wrkr=11 slot=5 size=1048584 src=worker:11 dst=client:0
event=req_send ts_ns=51301881 id=608 clt=0 wrkr=2 slot=6 size=17 src=client:0 dst=worker:2
event=resp_recv_ud ts_ns=51342199 id=608 clt=0 wrkr=2 slot=6 size=41 src=worker:2 dst=client:0
event=hand_send ts_ns=51350846 id=608 clt=0 wrkr=2 slot=6 size=10 src=client:0 dst=worker:2
event=resp_rdma_read ts_ns=51401491 id=575 start_ns=48747007 dur_ns=2654484 clt=0 wrkr=1 slot=1 size=1048584 src=worker:1 dst=client:0
event=req_send ts_ns=51401491 id=609 clt=0 wrkr=1 slot=2 size=17 src=client:0 dst=worker:1
event=resp_recv_ud ts_ns=51439761 id=609 clt=0 wrkr=1 slot=2 size=41 src=worker:1 dst=client:0
event=hand_send ts_ns=51448408 id=609 clt=0 wrkr=1 slot=2 size=10 src=client:0 dst=worker:1
event=resp_rdma_read ts_ns=51552797 id=576 start_ns=48814190 dur_ns=2738607 clt=0 wrkr=2 slot=5 size=1048584 src=worker:2 dst=client:0
event=req_send ts_ns=51552797 id=610 clt=0 wrkr=4 slot=2 size=17 src=client:0 dst=worker:4
event=resp_recv_ud ts_ns=51587297 id=610 clt=0 wrkr=4 slot=2 size=41 src=worker:4 dst=client:0
event=hand_send ts_ns=51595944 id=610 clt=0 wrkr=4 slot=2 size=10 src=client:0 dst=worker:4
event=resp_rdma_read ts_ns=51843883 id=587 start_ns=49422981 dur_ns=2420902 clt=0 wrkr=0 slot=5 size=1048584 src=worker:0 dst=client:0
event=req_send ts_ns=51843883 id=613 clt=0 wrkr=2 slot=7 size=17 src=client:0 dst=worker:2
event=resp_recv_ud ts_ns=51894158 id=613 clt=0 wrkr=2 slot=7 size=41 src=worker:2 dst=client:0
event=hand_send ts_ns=51902805 id=613 clt=0 wrkr=2 slot=7 size=10 src=client:0 dst=worker:2
event=resp_rdma_read ts_ns=51928997 id=577 start_ns=48900810 dur_ns=3028187 clt=0 wrkr=7 slot=2 size=1048584 src=worker:7 dst=client:0
event=req_send ts_ns=51928997 id=616 clt=0 wrkr=1 slot=3 size=17 src=client:0 dst=worker:1
event=resp_rdma_read ts_ns=51969339 id=574 start_ns=48728247 dur_ns=3241092 clt=0 wrkr=10 slot=3 size=1048584 src=worker:10 dst=client:0
event=req_send ts_ns=51969339 id=617 clt=0 wrkr=3 slot=1 size=17 src=client:0 dst=worker:3
event=resp_recv_ud ts_ns=51985369 id=616 clt=0 wrkr=1 slot=3 size=41 src=worker:1 dst=client:0
event=hand_send ts_ns=51994016 id=616 clt=0 wrkr=1 slot=3 size=10 src=client:0 dst=worker:1
event=resp_recv_ud ts_ns=52025964 id=617 clt=0 wrkr=3 slot=1 size=41 src=worker:3 dst=client:0
event=hand_send ts_ns=52034611 id=617 clt=0 wrkr=3 slot=1 size=10 src=client:0 dst=worker:3
event=resp_rdma_read ts_ns=52367366 id=580 start_ns=48995867 dur_ns=3371499 clt=0 wrkr=8 slot=8 size=1048584 src=worker:8 dst=client:0
event=req_send ts_ns=52367366 id=619 clt=0 wrkr=0 slot=6 size=17 src=client:0 dst=worker:0
event=resp_recv_ud ts_ns=52406201 id=619 clt=0 wrkr=0 slot=6 size=41 src=worker:0 dst=client:0
event=hand_send ts_ns=52414848 id=619 clt=0 wrkr=0 slot=6 size=10 src=client:0 dst=worker:0
event=resp_rdma_read ts_ns=52540074 id=592 start_ns=50044746 dur_ns=2495328 clt=0 wrkr=6 slot=0 size=1048584 src=worker:6 dst=client:0
event=req_send ts_ns=52540074 id=621 clt=0 wrkr=8 slot=10 size=17 src=client:0 dst=worker:8
event=resp_recv_ud ts_ns=52578322 id=621 clt=0 wrkr=8 slot=10 size=41 src=worker:8 dst=client:0
event=hand_send ts_ns=52586969 id=621 clt=0 wrkr=8 slot=10 size=10 src=client:0 dst=worker:8
event=resp_rdma_read ts_ns=52792459 id=591 start_ns=49969486 dur_ns=2822973 clt=0 wrkr=9 slot=11 size=1048584 src=worker:9 dst=client:0
event=req_send ts_ns=52792459 id=628 clt=0 wrkr=8 slot=11 size=17 src=client:0 dst=worker:8
event=resp_recv_ud ts_ns=52848641 id=628 clt=0 wrkr=8 slot=11 size=41 src=worker:8 dst=client:0
event=hand_send ts_ns=52857288 id=628 clt=0 wrkr=8 slot=11 size=10 src=client:0 dst=worker:8
event=resp_rdma_read ts_ns=53733453 id=606 start_ns=51133622 dur_ns=2599831 clt=0 wrkr=8 slot=9 size=1048584 src=worker:8 dst=client:0
event=req_send ts_ns=53733453 id=638 clt=0 wrkr=7 slot=3 size=17 src=client:0 dst=worker:7
event=resp_recv_ud ts_ns=53785035 id=638 clt=0 wrkr=7 slot=3 size=41 src=worker:7 dst=client:0
event=hand_send ts_ns=53793682 id=638 clt=0 wrkr=7 slot=3 size=10 src=client:0 dst=worker:7
event=resp_rdma_read ts_ns=53807886 id=598 start_ns=50468288 dur_ns=3339598 clt=0 wrkr=9 slot=0 size=1048584 src=worker:9 dst=client:0
event=req_send ts_ns=53807886 id=639 clt=0 wrkr=8 slot=0 size=17 src=client:0 dst=worker:8
event=resp_recv_ud ts_ns=53854475 id=639 clt=0 wrkr=8 slot=0 size=41 src=worker:8 dst=client:0
event=hand_send ts_ns=53863122 id=639 clt=0 wrkr=8 slot=0 size=10 src=client:0 dst=worker:8
event=resp_rdma_read ts_ns=53871859 id=608 start_ns=51350846 dur_ns=2521013 clt=0 wrkr=2 slot=6 size=1048584 src=worker:2 dst=client:0
event=req_send ts_ns=53871859 id=640 clt=0 wrkr=2 slot=8 size=17 src=client:0 dst=worker:2
event=resp_recv_ud ts_ns=53921911 id=640 clt=0 wrkr=2 slot=8 size=41 src=worker:2 dst=client:0
event=hand_send ts_ns=53930558 id=640 clt=0 wrkr=2 slot=8 size=10 src=client:0 dst=worker:2
event=resp_rdma_read ts_ns=54110678 id=609 start_ns=51448408 dur_ns=2662270 clt=0 wrkr=1 slot=2 size=1048584 src=worker:1 dst=client:0
event=req_send ts_ns=54110678 id=642 clt=0 wrkr=8 slot=1 size=17 src=client:0 dst=worker:8
event=resp_recv_ud ts_ns=54145869 id=642 clt=0 wrkr=8 slot=1 size=41 src=worker:8 dst=client:0
event=hand_send ts_ns=54154516 id=642 clt=0 wrkr=8 slot=1 size=10 src=client:0 dst=worker:8
event=resp_rdma_read ts_ns=54190877 id=604 start_ns=51043973 dur_ns=3146904 clt=0 wrkr=11 slot=6 size=1048584 src=worker:11 dst=client:0
event=req_send ts_ns=54190877 id=643 clt=0 wrkr=3 slot=2 size=17 src=client:0 dst=worker:3
event=resp_recv_ud ts_ns=54234145 id=643 clt=0 wrkr=3 slot=2 size=41 src=worker:3 dst=client:0
event=hand_send ts_ns=54242792 id=643 clt=0 wrkr=3 slot=2 size=10 src=client:0 dst=worker:3
event=resp_rdma_read ts_ns=54392248 id=610 start_ns=51595944 dur_ns=2796304 clt=0 wrkr=4 slot=2 size=1048584 src=worker:4 dst=client:0
event=req_send ts_ns=54392248 id=644 clt=0 wrkr=3 slot=3 size=17 src=client:0 dst=worker:3
event=resp_recv_ud ts_ns=54428378 id=644 clt=0 wrkr=3 slot=3 size=41 src=worker:3 dst=client:0
event=hand_send ts_ns=54437025 id=644 clt=0 wrkr=3 slot=3 size=10 src=client:0 dst=worker:3
event=resp_rdma_read ts_ns=54437094 id=617 start_ns=52034611 dur_ns=2402483 clt=0 wrkr=3 slot=1 size=1048584 src=worker:3 dst=client:0
event=req_send ts_ns=54437094 id=645 clt=0 wrkr=4 slot=3 size=17 src=client:0 dst=worker:4
event=resp_recv_ud ts_ns=54490752 id=645 clt=0 wrkr=4 slot=3 size=41 src=worker:4 dst=client:0
event=hand_send ts_ns=54499399 id=645 clt=0 wrkr=4 slot=3 size=10 src=client:0 dst=worker:4
event=resp_rdma_read ts_ns=54877404 id=616 start_ns=51994016 dur_ns=2883388 clt=0 wrkr=1 slot=3 size=1048584 src=worker:1 dst=client:0
event=req_send ts_ns=54877404 id=646 clt=0 wrkr=10 slot=4 size=17 src=client:0 dst=worker:10
event=resp_recv_ud ts_ns=54914542 id=646 clt=0 wrkr=10 slot=4 size=41 src=worker:10 dst=client:0
event=hand_send ts_ns=54923189 id=646 clt=0 wrkr=10 slot=4 size=10 src=client:0 dst=worker:10
event=resp_rdma_read ts_ns=55108731 id=613 start_ns=51902805 dur_ns=3205926 clt=0 wrkr=2 slot=7 size=1048584 src=worker:2 dst=client:0
event=req_send ts_ns=55108731 id=647 clt=0 wrkr=11 slot=7 size=17 src=client:0 dst=worker:11
event=resp_recv_ud ts_ns=55145360 id=647 clt=0 wrkr=11 slot=7 size=41 src=worker:11 dst=client:0
event=hand_send ts_ns=55154007 id=647 clt=0 wrkr=11 slot=7 size=10 src=client:0 dst=worker:11
event=resp_rdma_read ts_ns=55401808 id=628 start_ns=52857288 dur_ns=2544520 clt=0 wrkr=8 slot=11 size=1048584 src=worker:8 dst=client:0
event=resp_rdma_read ts_ns=55690325 id=619 start_ns=52414848 dur_ns=3275477 clt=0 wrkr=0 slot=6 size=1048584 src=worker:0 dst=client:0
event=resp_rdma_read ts_ns=55780675 id=621 start_ns=52586969 dur_ns=3193706 clt=0 wrkr=8 slot=10 size=1048584 src=worker:8 dst=client:0
event=resp_rdma_read ts_ns=56784909 id=643 start_ns=54242792 dur_ns=2542117 clt=0 wrkr=3 slot=2 size=1048584 src=worker:3 dst=client:0
event=resp_rdma_read ts_ns=56963357 id=639 start_ns=53863122 dur_ns=3100235 clt=0 wrkr=8 slot=0 size=1048584 src=worker:8 dst=client:0
event=resp_rdma_read ts_ns=57008076 id=638 start_ns=53793682 dur_ns=3214394 clt=0 wrkr=7 slot=3 size=1048584 src=worker:7 dst=client:0
event=resp_rdma_read ts_ns=57011683 id=642 start_ns=54154516 dur_ns=2857167 clt=0 wrkr=8 slot=1 size=1048584 src=worker:8 dst=client:0
event=resp_rdma_read ts_ns=57175492 id=645 start_ns=54499399 dur_ns=2676093 clt=0 wrkr=4 slot=3 size=1048584 src=worker:4 dst=client:0
event=resp_rdma_read ts_ns=57265449 id=644 start_ns=54437025 dur_ns=2828424 clt=0 wrkr=3 slot=3 size=1048584 src=worker:3 dst=client:0
event=resp_rdma_read ts_ns=57271869 id=640 start_ns=53930558 dur_ns=3341311 clt=0 wrkr=2 slot=8 size=1048584 src=worker:2 dst=client:0
event=resp_rdma_read ts_ns=57717518 id=646 start_ns=54923189 dur_ns=2794329 clt=0 wrkr=10 slot=4 size=1048584 src=worker:10 dst=client:0
event=resp_rdma_read ts_ns=57957311 id=647 start_ns=55154007 dur_ns=2803304 clt=0 wrkr=11 slot=7 size=1048584 src=worker:11 dst=client:0
