event=req_send ts_ns=1 id=0 clt=0 wrkr=10 slot=0 size=17 src=client:0 dst=worker:10
event=req_send ts_ns=2501 id=3 clt=0 wrkr=4 slot=0 size=17 src=client:0 dst=worker:4
event=req_send ts_ns=5001 id=6 clt=0 wrkr=4 slot=1 size=17 src=client:0 dst=worker:4
event=req_send ts_ns=7501 id=9 clt=0 wrkr=5 slot=0 size=17 src=client:0 dst=worker:5
event=req_send ts_ns=10001 id=12 clt=0 wrkr=2 slot=0 size=17 src=client:0 dst=worker:2
event=req_send ts_ns=12501 id=15 clt=0 wrkr=2 slot=1 size=17 src=client:0 dst=worker:2
event=req_send ts_ns=15001 id=18 clt=0 wrkr=5 slot=1 size=17 src=client:0 dst=worker:5
event=req_send ts_ns=17501 id=21 clt=0 wrkr=5 slot=2 size=17 src=client:0 dst=worker:5
event=resp_recv_ud ts_ns=42336 id=0 clt=0 wrkr=10 slot=0 size=41 src=worker:10 dst=client:0
event=hand_send ts_ns=50983 id=0 clt=0 wrkr=10 slot=0 size=10 src=client:0 dst=worker:10
event=resp_recv_ud ts_ns=65633 id=6 clt=0 wrkr=4 slot=1 size=41 src=worker:4 dst=client:0
event=resp_recv_ud ts_ns=66277 id=3 clt=0 wrkr=4 slot=0 size=41 src=worker:4 dst=client:0
event=resp_recv_ud ts_ns=68600 id=9 clt=0 wrkr=5 slot=0 size=41 src=worker:5 dst=client:0
event=resp_recv_ud ts_ns=71450 id=12 clt=0 wrkr=2 slot=0 size=41 src=worker:2 dst=client:0
event=resp_recv_ud ts_ns=74057 id=15 clt=0 wrkr=2 slot=1 size=41 src=worker:2 dst=client:0
event=hand_send ts_ns=74280 id=6 clt=0 wrkr=4 slot=1 size=10 src=client:0 dst=worker:4
event=hand_send ts_ns=74924 id=3 clt=0 wrkr=4 slot=0 size=10 src=client:0 dst=worker:4
event=resp_recv_ud ts_ns=76260 id=18 clt=0 wrkr=5 slot=1 size=41 src=worker:5 dst=client:0
event=hand_send ts_ns=77247 id=9 clt=0 wrkr=5 slot=0 size=10 src=client:0 dst=worker:5
event=resp_recv_ud ts_ns=78795 id=21 clt=0 wrkr=5 slot=2 size=41 src=worker:5 dst=client:0
event=hand_send ts_ns=80097 id=12 clt=0 wrkr=2 slot=0 size=10 src=client:0 dst=worker:2
event=hand_send ts_ns=82704 id=15 clt=0 wrkr=2 slot=1 size=10 src=client:0 dst=worker:2
event=hand_send ts_ns=84907 id=18 clt=0 wrkr=5 slot=1 size=10 src=client:0 dst=worker:5
event=hand_send ts_ns=87442 id=21 clt=0 wrkr=5 slot=2 size=10 src=client:0 dst=worker:5
event=resp_rdma_read ts_ns=895629 id=0 start_ns=50983 dur_ns=844646 clt=0 wrkr=10 slot=0 size=256008 src=worker:10 dst=client:0
event=req_send ts_ns=895629 id=25 clt=0 wrkr=4 slot=2 size=17 src=client:0 dst=worker:4
event=resp_recv_ud ts_ns=963343 id=25 clt=0 wrkr=4 slot=2 size=41 src=worker:4 dst=client:0
event=hand_send ts_ns=971990 id=25 clt=0 wrkr=4 slot=2 size=10 src=client:0 dst=worker:4
event=resp_rdma_read ts_ns=1305384 id=6 start_ns=74280 dur_ns=1231104 clt=0 wrkr=4 slot=1 size=256008 src=worker:4 dst=client:0
event=req_send ts_ns=1305384 id=41 clt=0 wrkr=8 slot=0 size=17 src=client:0 dst=worker:8
event=resp_recv_ud ts_ns=1360689 id=41 clt=0 wrkr=8 slot=0 size=41 src=worker:8 dst=client:0
event=hand_send ts_ns=1369336 id=41 clt=0 wrkr=8 slot=0 size=10 src=client:0 dst=worker:8
event=resp_rdma_read ts_ns=1370388 id=3 start_ns=74924 dur_ns=1295464 clt=0 wrkr=4 slot=0 size=256008 src=worker:4 dst=client:0
event=req_send ts_ns=1370388 id=42 clt=0 wrkr=8 slot=1 size=17 src=client:0 dst=worker:8
event=resp_recv_ud ts_ns=1436038 id=42 clt=0 wrkr=8 slot=1 size=41 src=worker:8 dst=client:0
event=resp_rdma_read ts_ns=1436992 id=9 start_ns=77247 dur_ns=1359745 clt=0 wrkr=5 slot=0 size=256008 src=worker:5 dst=client:0
event=req_send ts_ns=1436992 id=43 clt=0 wrkr=5 slot=3 size=17 src=client:0 dst=worker:5
event=hand_send ts_ns=1444685 id=42 clt=0 wrkr=8 slot=1 size=10 src=client:0 dst=worker:8
event=resp_recv_ud ts_ns=1491925 id=43 clt=0 wrkr=5 slot=3 size=41 src=worker:5 dst=client:0
event=hand_send ts_ns=1500572 id=43 clt=0 wrkr=5 slot=3 size=10 src=client:0 dst=worker:5
event=resp_rdma_read ts_ns=1502398 id=12 start_ns=80097 dur_ns=1422301 clt=0 wrkr=2 slot=0 size=256008 src=worker:2 dst=client:0
event=req_send ts_ns=1502398 id=44 clt=0 wrkr=4 slot=3 size=17 src=client:0 dst=worker:4
event=resp_rdma_read ts_ns=1559950 id=15 start_ns=82704 dur_ns=1477246 clt=0 wrkr=2 slot=1 size=256008 src=worker:2 dst=client:0
event=req_send ts_ns=1559950 id=45 clt=0 wrkr=1 slot=0 size=17 src=client:0 dst=worker:1
event=resp_recv_ud ts_ns=1565689 id=44 clt=0 wrkr=4 slot=3 size=41 src=worker:4 dst=client:0
event=hand_send ts_ns=1574336 id=44 clt=0 wrkr=4 slot=3 size=10 src=client:0 dst=worker:4
event=resp_rdma_read ts_ns=1603139 id=21 start_ns=87442 dur_ns=1515697 clt=0 wrkr=5 slot=2 size=256008 src=worker:5 dst=client:0
event=req_send ts_ns=1603139 id=46 clt=0 wrkr=4 slot=4 size=17 src=client:0 dst=worker:4
event=resp_rdma_read ts_ns=1604116 id=18 start_ns=84907 dur_ns=1519209 clt=0 wrkr=5 slot=1 size=256008 src=worker:5 dst=client:0
event=req_send ts_ns=1604116 id=47 clt=0 wrkr=10 slot=1 size=17 src=client:0 dst=worker:10
event=resp_recv_ud ts_ns=1617952 id=45 clt=0 wrkr=1 slot=0 size=41 src=worker:1 dst=client:0
event=hand_send ts_ns=1626599 id=45 clt=0 wrkr=1 slot=0 size=10 src=client:0 dst=worker:1
event=resp_recv_ud ts_ns=1666184 id=46 clt=0 wrkr=4 slot=4 size=41 src=worker:4 dst=client:0
event=resp_recv_ud ts_ns=1667985 id=47 clt=0 wrkr=10 slot=1 size=41 src=worker:10 dst=client:0
event=hand_send ts_ns=1674831 id=46 clt=0 wrkr=4 slot=4 size=10 src=client:0 dst=worker:4
event=hand_send ts_ns=1676632 id=47 clt=0 wrkr=10 slot=1 size=10 src=client:0 dst=worker:10
event=resp_rdma_read ts_ns=2202398 id=25 start_ns=971990 dur_ns=1230408 clt=0 wrkr=4 slot=2 size=256008 src=worker:4 dst=client:0
event=req_send ts_ns=2202398 id=50 clt=0 wrkr=1 slot=1 size=17 src=client:0 dst=worker:1
event=resp_rdma_read ts_ns=2259227 id=41 start_ns=1369336 dur_ns=889891 clt=0 wrkr=8 slot=0 size=256008 src=worker:8 dst=client:0
event=req_send ts_ns=2259227 id=53 clt=0 wrkr=2 slot=2 size=17 src=client:0 dst=worker:2
event=resp_recv_ud ts_ns=2262029 id=50 clt=0 wrkr=1 slot=1 size=41 src=worker:1 dst=client:0
event=resp_rdma_read ts_ns=2265002 id=43 start_ns=1500572 dur_ns=764430 clt=0 wrkr=5 slot=3 size=256008 src=worker:5 dst=client:0
event=req_send ts_ns=2265002 id=54 clt=0 wrkr=3 slot=0 size=17 src=client:0 dst=worker:3
event=hand_send ts_ns=2270676 id=50 clt=0 wrkr=1 slot=1 size=10 src=client:0 dst=worker:1
event=resp_recv_ud ts_ns=2319558 id=53 clt=0 wrkr=2 slot=2 size=41 src=worker:2 dst=client:0
event=resp_recv_ud ts_ns=2324367 id=54 clt=0 wrkr=3 slot=0 size=41 src=worker:3 dst=client:0
event=hand_send ts_ns=2328205 id=53 clt=0 wrkr=2 slot=2 size=10 src=client:0 dst=worker:2
event=hand_send ts_ns=2333014 id=54 clt=0 wrkr=3 slot=0 size=10 src=client:0 dst=worker:3
event=resp_rdma_read ts_ns=2431762 id=46 start_ns=1674831 dur_ns=756931 clt=0 wrkr=4 slot=4 size=256008 src=worker:4 dst=client:0
event=req_send ts_ns=2431762 id=60 clt=0 wrkr=10 slot=2 size=17 src=client:0 dst=worker:10
event=resp_recv_ud ts_ns=2494602 id=60 clt=0 wrkr=10 slot=2 size=41 src=worker:10 dst=client:0
event=hand_send ts_ns=2503249 id=60 clt=0 wrkr=10 slot=2 size=10 src=client:0 dst=worker:10
event=resp_rdma_read ts_ns=2531699 id=42 start_ns=1444685 dur_ns=1087014 clt=0 wrkr=8 slot=1 size=256008 src=worker:8 dst=client:0
event=req_send ts_ns=2531699 id=65 clt=0 wrkr=1 slot=2 size=17 src=client:0 dst=worker:1
event=resp_rdma_read ts_ns=2546316 id=47 start_ns=1676632 dur_ns=869684 clt=0 wrkr=10 slot=1 size=256008 src=worker:10 dst=client:0
event=req_send ts_ns=2546316 id=67 clt=0 wrkr=8 slot=2 size=17 src=client:0 dst=worker:8
event=resp_rdma_read ts_ns=2574676 id=44 start_ns=1574336 dur_ns=1000340 clt=0 wrkr=4 slot=3 size=256008 src=worker:4 dst=client:0
event=req_send ts_ns=2574676 id=68 clt=0 wrkr=2 slot=3 size=17 src=client:0 dst=worker:2
event=resp_rdma_read ts_ns=2575929 id=45 start_ns=1626599 dur_ns=949330 clt=0 wrkr=1 slot=0 size=256008 src=worker:1 dst=client:0
event=req_send ts_ns=2575929 id=69 clt=0 wrkr=7 slot=0 size=17 src=client:0 dst=worker:7
event=resp_recv_ud ts_ns=2600023 id=65 clt=0 wrkr=1 slot=2 size=41 src=worker:1 dst=client:0
event=hand_send ts_ns=2608670 id=65 clt=0 wrkr=1 slot=2 size=10 src=client:0 dst=worker:1
event=resp_recv_ud ts_ns=2614002 id=67 clt=0 wrkr=8 slot=2 size=41 src=worker:8 dst=client:0
event=hand_send ts_ns=2622649 id=67 clt=0 wrkr=8 slot=2 size=10 src=client:0 dst=worker:8
event=resp_recv_ud ts_ns=2644841 id=68 clt=0 wrkr=2 slot=3 size=41 src=worker:2 dst=client:0
event=resp_recv_ud ts_ns=2645726 id=69 clt=0 wrkr=7 slot=0 size=41 src=worker:7 dst=client:0
event=hand_send ts_ns=2653488 id=68 clt=0 wrkr=2 slot=3 size=10 src=client:0 dst=worker:2
event=hand_send ts_ns=2654373 id=69 clt=0 wrkr=7 slot=0 size=10 src=client:0 dst=worker:7
event=resp_rdma_read ts_ns=3184861 id=50 start_ns=2270676 dur_ns=914185 clt=0 wrkr=1 slot=1 size=256008 src=worker:1 dst=client:0
event=req_send ts_ns=3184861 id=76 clt=0 wrkr=3 slot=1 size=17 src=client:0 dst=worker:3
event=resp_recv_ud ts_ns=3246263 id=76 clt=0 wrkr=3 slot=1 size=41 src=worker:3 dst=client:0
event=hand_send ts_ns=3254910 id=76 clt=0 wrkr=3 slot=1 size=10 src=client:0 dst=worker:3
event=resp_rdma_read ts_ns=3286079 id=54 start_ns=2333014 dur_ns=953065 clt=0 wrkr=3 slot=0 size=256008 src=worker:3 dst=client:0
event=req_send ts_ns=3286079 id=77 clt=0 wrkr=6 slot=0 size=17 src=client:0 dst=worker:6
event=resp_rdma_read ts_ns=3293997 id=53 start_ns=2328205 dur_ns=965792 clt=0 wrkr=2 slot=2 size=256008 src=worker:2 dst=client:0
event=req_send ts_ns=3293997 id=78 clt=0 wrkr=0 slot=0 size=17 src=client:0 dst=worker:0
event=resp_recv_ud ts_ns=3336985 id=77 clt=0 wrkr=6 slot=0 size=41 src=worker:6 dst=client:0
event=hand_send ts_ns=3345632 id=77 clt=0 wrkr=6 slot=0 size=10 src=client:0 dst=worker:6
event=resp_recv_ud ts_ns=3356056 id=78 clt=0 wrkr=0 slot=0 size=41 src=worker:0 dst=client:0
event=hand_send ts_ns=3364703 id=78 clt=0 wrkr=0 slot=0 size=10 src=client:0 dst=worker:0
event=resp_rdma_read ts_ns=3525668 id=68 start_ns=2653488 dur_ns=872180 clt=0 wrkr=2 slot=3 size=256008 src=worker:2 dst=client:0
event=req_send ts_ns=3525668 id=84 clt=0 wrkr=10 slot=3 size=17 src=client:0 dst=worker:10
event=resp_recv_ud ts_ns=3579550 id=84 clt=0 wrkr=10 slot=3 size=41 src=worker:10 dst=client:0
event=hand_send ts_ns=3588197 id=84 clt=0 wrkr=10 slot=3 size=10 src=client:0 dst=worker:10
event=resp_rdma_read ts_ns=3655206 id=65 start_ns=2608670 dur_ns=1046536 clt=0 wrkr=1 slot=2 size=256008 src=worker:1 dst=client:0
event=req_send ts_ns=3655206 id=87 clt=0 wrkr=11 slot=0 size=17 src=client:0 dst=worker:11
event=resp_recv_ud ts_ns=3721459 id=87 clt=0 wrkr=11 slot=0 size=41 src=worker:11 dst=client:0
event=resp_rdma_read ts_ns=3729471 id=60 start_ns=2503249 dur_ns=1226222 clt=0 wrkr=10 slot=2 size=256008 src=worker:10 dst=client:0
event=req_send ts_ns=3729471 id=89 clt=0 wrkr=2 slot=4 size=17 src=client:0 dst=worker:2
event=hand_send ts_ns=3730106 id=87 clt=0 wrkr=11 slot=0 size=10 src=client:0 dst=worker:11
event=resp_recv_ud ts_ns=3796766 id=89 clt=0 wrkr=2 slot=4 size=41 src=worker:2 dst=client:0
event=hand_send ts_ns=3805413 id=89 clt=0 wrkr=2 slot=4 size=10 src=client:0 dst=worker:2
event=resp_rdma_read ts_ns=3942519 id=76 start_ns=3254910 dur_ns=687609 clt=0 wrkr=3 slot=1 size=256008 src=worker:3 dst=client:0
event=req_send ts_ns=3942519 id=93 clt=0 wrkr=5 slot=4 size=17 src=client:0 dst=worker:5
event=resp_rdma_read ts_ns=3969539 id=67 start_ns=2622649 dur_ns=1346890 clt=0 wrkr=8 slot=2 size=256008 src=worker:8 dst=client:0
event=req_send ts_ns=3969539 id=94 clt=0 wrkr=9 slot=0 size=17 src=client:0 dst=worker:9
event=resp_recv_ud ts_ns=4009897 id=93 clt=0 wrkr=5 slot=4 size=41 src=worker:5 dst=client:0
event=hand_send ts_ns=4018544 id=93 clt=0 wrkr=5 slot=4 size=10 src=client:0 dst=worker:5
event=resp_recv_ud ts_ns=4031203 id=94 clt=0 wrkr=9 slot=0 size=41 src=worker:9 dst=client:0
event=hand_send ts_ns=4039850 id=94 clt=0 wrkr=9 slot=0 size=10 src=client:0 dst=worker:9
event=resp_rdma_read ts_ns=4095245 id=69 start_ns=2654373 dur_ns=1440872 clt=0 wrkr=7 slot=0 size=256008 src=worker:7 dst=client:0
event=req_send ts_ns=4095245 id=97 clt=0 wrkr=7 slot=1 size=17 src=client:0 dst=worker:7
event=resp_rdma_read ts_ns=4105477 id=78 start_ns=3364703 dur_ns=740774 clt=0 wrkr=0 slot=0 size=256008 src=worker:0 dst=client:0
event=req_send ts_ns=4105477 id=98 clt=0 wrkr=3 slot=2 size=17 src=client:0 dst=worker:3
event=resp_recv_ud ts_ns=4163479 id=97 clt=0 wrkr=7 slot=1 size=41 src=worker:7 dst=client:0
event=hand_send ts_ns=4172126 id=97 clt=0 wrkr=7 slot=1 size=10 src=client:0 dst=worker:7
event=resp_recv_ud ts_ns=4176159 id=98 clt=0 wrkr=3 slot=2 size=41 src=worker:3 dst=client:0
event=hand_send ts_ns=4184806 id=98 clt=0 wrkr=3 slot=2 size=10 src=client:0 dst=worker:3
event=resp_rdma_read ts_ns=4240416 id=77 start_ns=3345632 dur_ns=894784 clt=0 wrkr=6 slot=0 size=256008 src=worker:6 dst=client:0
event=req_send ts_ns=4240416 id=102 clt=0 wrkr=8 slot=3 size=17 src=client:0 dst=worker:8
event=resp_recv_ud ts_ns=4301011 id=102 clt=0 wrkr=8 slot=3 size=41 src=worker:8 dst=client:0
event=hand_send ts_ns=4309658 id=102 clt=0 wrkr=8 slot=3 size=10 src=client:0 dst=worker:8
event=resp_rdma_read ts_ns=4641203 id=84 start_ns=3588197 dur_ns=1053006 clt=0 wrkr=10 slot=3 size=256008 src=worker:10 dst=client:0
event=req_send ts_ns=4641203 id=108 clt=0 wrkr=10 slot=4 size=17 src=client:0 dst=worker:10
event=resp_recv_ud ts_ns=4693475 id=108 clt=0 wrkr=10 slot=4 size=41 src=worker:10 dst=client:0
event=hand_send ts_ns=4702122 id=108 clt=0 wrkr=10 slot=4 size=10 src=client:0 dst=worker:10
event=resp_rdma_read ts_ns=4771197 id=87 start_ns=3730106 dur_ns=1041091 clt=0 wrkr=11 slot=0 size=256008 src=worker:11 dst=client:0
event=req_send ts_ns=4771197 id=110 clt=0 wrkr=10 slot=5 size=17 src=client:0 dst=worker:10
event=resp_recv_ud ts_ns=4812134 id=110 clt=0 wrkr=10 slot=5 size=41 src=worker:10 dst=client:0
event=hand_send ts_ns=4820781 id=110 clt=0 wrkr=10 slot=5 size=10 src=client:0 dst=worker:10
event=resp_rdma_read ts_ns=4840171 id=89 start_ns=3805413 dur_ns=1034758 clt=0 wrkr=2 slot=4 size=256008 src=worker:2 dst=client:0
event=req_send ts_ns=4840171 id=112 clt=0 wrkr=8 slot=4 size=17 src=client:0 dst=worker:8
event=resp_recv_ud ts_ns=4900942 id=112 clt=0 wrkr=8 slot=4 size=41 src=worker:8 dst=client:0
event=hand_send ts_ns=4909589 id=112 clt=0 wrkr=8 slot=4 size=10 src=client:0 dst=worker:8
event=resp_rdma_read ts_ns=5151592 id=102 start_ns=4309658 dur_ns=841934 clt=0 wrkr=8 slot=3 size=256008 src=worker:8 dst=client:0
event=req_send ts_ns=5151592 id=115 clt=0 wrkr=5 slot=5 size=17 src=client:0 dst=worker:5
event=resp_recv_ud ts_ns=5192554 id=115 clt=0 wrkr=5 slot=5 size=41 src=worker:5 dst=client:0
event=hand_send ts_ns=5201201 id=115 clt=0 wrkr=5 slot=5 size=10 src=client:0 dst=worker:5
event=resp_rdma_read ts_ns=5266862 id=94 start_ns=4039850 dur_ns=1227012 clt=0 wrkr=9 slot=0 size=256008 src=worker:9 dst=client:0
event=req_send ts_ns=5266862 id=117 clt=0 wrkr=10 slot=6 size=17 src=client:0 dst=worker:10
event=resp_rdma_read ts_ns=5321259 id=93 start_ns=4018544 dur_ns=1302715 clt=0 wrkr=5 slot=4 size=256008 src=worker:5 dst=client:0
event=req_send ts_ns=5321259 id=120 clt=0 wrkr=9 slot=1 size=17 src=client:0 dst=worker:9
event=resp_recv_ud ts_ns=5330109 id=117 clt=0 wrkr=10 slot=6 size=41 src=worker:10 dst=client:0
event=hand_send ts_ns=5338756 id=117 clt=0 wrkr=10 slot=6 size=10 src=client:0 dst=worker:10
event=resp_rdma_read ts_ns=5370419 id=108 start_ns=4702122 dur_ns=668297 clt=0 wrkr=10 slot=4 size=256008 src=worker:10 dst=client:0
event=req_send ts_ns=5370419 id=122 clt=0 wrkr=4 slot=5 size=17 src=client:0 dst=worker:4
event=resp_recv_ud ts_ns=5382562 id=120 clt=0 wrkr=9 slot=1 size=41 src=worker:9 dst=client:0
event=hand_send ts_ns=5391209 id=120 clt=0 wrkr=9 slot=1 size=10 src=client:0 dst=worker:9
event=resp_rdma_read ts_ns=5401236 id=98 start_ns=4184806 dur_ns=1216430 clt=0 wrkr=3 slot=2 size=256008 src=worker:3 dst=client:0
event=req_send ts_ns=5401236 id=123 clt=0 wrkr=2 slot=5 size=17 src=client:0 dst=worker:2
event=resp_recv_ud ts_ns=5429768 id=122 clt=0 wrkr=4 slot=5 size=41 src=worker:4 dst=client:0
event=hand_send ts_ns=5438415 id=122 clt=0 wrkr=4 slot=5 size=10 src=client:0 dst=worker:4
event=resp_recv_ud ts_ns=5460552 id=123 clt=0 wrkr=2 slot=5 size=41 src=worker:2 dst=client:0
event=hand_send ts_ns=5469199 id=123 clt=0 wrkr=2 slot=5 size=10 src=client:0 dst=worker:2
event=resp_rdma_read ts_ns=5627924 id=97 start_ns=4172126 dur_ns=1455798 clt=0 wrkr=7 slot=1 size=256008 src=worker:7 dst=client:0
event=req_send ts_ns=5627924 id=130 clt=0 wrkr=1 slot=3 size=17 src=client:0 dst=worker:1
event=resp_recv_ud ts_ns=5694018 id=130 clt=0 wrkr=1 slot=3 size=41 src=worker:1 dst=client:0
event=hand_send ts_ns=5702665 id=130 clt=0 wrkr=1 slot=3 size=10 src=client:0 dst=worker:1
event=resp_rdma_read ts_ns=5704300 id=112 start_ns=4909589 dur_ns=794711 clt=0 wrkr=8 slot=4 size=256008 src=worker:8 dst=client:0
event=req_send ts_ns=5704300 id=133 clt=0 wrkr=0 slot=1 size=17 src=client:0 dst=worker:0
event=resp_rdma_read ts_ns=5750384 id=110 start_ns=4820781 dur_ns=929603 clt=0 wrkr=10 slot=5 size=256008 src=worker:10 dst=client:0
event=req_send ts_ns=5750384 id=135 clt=0 wrkr=8 slot=5 size=17 src=client:0 dst=worker:8
event=resp_recv_ud ts_ns=5772878 id=133 clt=0 wrkr=0 slot=1 size=41 src=worker:0 dst=client:0
event=hand_send ts_ns=5781525 id=133 clt=0 wrkr=0 slot=1 size=10 src=client:0 dst=worker:0
event=resp_recv_ud ts_ns=5820039 id=135 clt=0 wrkr=8 slot=5 size=41 src=worker:8 dst=client:0
event=hand_send ts_ns=5828686 id=135 clt=0 wrkr=8 slot=5 size=10 src=client:0 dst=worker:8
event=resp_rdma_read ts_ns=6051682 id=115 start_ns=5201201 dur_ns=850481 clt=0 wrkr=5 slot=5 size=256008 src=worker:5 dst=client:0
event=req_send ts_ns=6051682 id=140 clt=0 wrkr=10 slot=7 size=17 src=client:0 dst=worker:10
event=resp_rdma_read ts_ns=6084739 id=122 start_ns=5438415 dur_ns=646324 clt=0 wrkr=4 slot=5 size=256008 src=worker:4 dst=client:0
event=req_send ts_ns=6084739 id=141 clt=0 wrkr=8 slot=6 size=17 src=client:0 dst=worker:8
event=resp_recv_ud ts_ns=6117739 id=140 clt=0 wrkr=10 slot=7 size=41 src=worker:10 dst=client:0
event=hand_send ts_ns=6126386 id=140 clt=0 wrkr=10 slot=7 size=10 src=client:0 dst=worker:10
event=resp_recv_ud ts_ns=6134575 id=141 clt=0 wrkr=8 slot=6 size=41 src=worker:8 dst=client:0
event=hand_send ts_ns=6143222 id=141 clt=0 wrkr=8 slot=6 size=10 src=client:0 dst=worker:8
event=resp_rdma_read ts_ns=6215874 id=117 start_ns=5338756 dur_ns=877118 clt=0 wrkr=10 slot=6 size=256008 src=worker:10 dst=client:0
event=req_send ts_ns=6215874 id=142 clt=0 wrkr=11 slot=1 size=17 src=client:0 dst=worker:11
event=resp_recv_ud ts_ns=6258085 id=142 clt=0 wrkr=11 slot=1 size=41 src=worker:11 dst=client:0
event=hand_send ts_ns=6266732 id=142 clt=0 wrkr=11 slot=1 size=10 src=client:0 dst=worker:11
event=resp_rdma_read ts_ns=6284377 id=120 start_ns=5391209 dur_ns=893168 clt=0 wrkr=9 slot=1 size=256008 src=worker:9 dst=client:0
event=req_send ts_ns=6284377 id=144 clt=0 wrkr=2 slot=6 size=17 src=client:0 dst=worker:2
event=resp_recv_ud ts_ns=6337888 id=144 clt=0 wrkr=2 slot=6 size=41 src=worker:2 dst=client:0
event=hand_send ts_ns=6346535 id=144 clt=0 wrkr=2 slot=6 size=10 src=client:0 dst=worker:2
event=resp_rdma_read ts_ns=6386433 id=123 start_ns=5469199 dur_ns=917234 clt=0 wrkr=2 slot=5 size=256008 src=worker:2 dst=client:0
event=req_send ts_ns=6386433 id=147 clt=0 wrkr=11 slot=2 size=17 src=client:0 dst=worker:11
event=resp_recv_ud ts_ns=6445367 id=147 clt=0 wrkr=11 slot=2 size=41 src=worker:11 dst=client:0
event=hand_send ts_ns=6454014 id=147 clt=0 wrkr=11 slot=2 size=10 src=client:0 dst=worker:11
event=resp_rdma_read ts_ns=6694435 id=130 start_ns=5702665 dur_ns=991770 clt=0 wrkr=1 slot=3 size=256008 src=worker:1 dst=client:0
event=req_send ts_ns=6694435 id=153 clt=0 wrkr=9 slot=2 size=17 src=client:0 dst=worker:9
event=resp_recv_ud ts_ns=6756098 id=153 clt=0 wrkr=9 slot=2 size=41 src=worker:9 dst=client:0
event=hand_send ts_ns=6764745 id=153 clt=0 wrkr=9 slot=2 size=10 src=client:0 dst=worker:9
event=resp_rdma_read ts_ns=6973685 id=141 start_ns=6143222 dur_ns=830463 clt=0 wrkr=8 slot=6 size=256008 src=worker:8 dst=client:0
event=req_send ts_ns=6973685 id=157 clt=0 wrkr=11 slot=3 size=17 src=client:0 dst=worker:11
event=resp_recv_ud ts_ns=7032521 id=157 clt=0 wrkr=11 slot=3 size=41 src=worker:11 dst=client:0
event=hand_send ts_ns=7041168 id=157 clt=0 wrkr=11 slot=3 size=10 src=client:0 dst=worker:11
event=resp_rdma_read ts_ns=7043017 id=140 start_ns=6126386 dur_ns=916631 clt=0 wrkr=10 slot=7 size=256008 src=worker:10 dst=client:0
event=req_send ts_ns=7043017 id=159 clt=0 wrkr=9 slot=3 size=17 src=client:0 dst=worker:9
event=resp_recv_ud ts_ns=7106673 id=159 clt=0 wrkr=9 slot=3 size=41 src=worker:9 dst=client:0
event=hand_send ts_ns=7115320 id=159 clt=0 wrkr=9 slot=3 size=10 src=client:0 dst=worker:9
event=resp_rdma_read ts_ns=7190972 id=133 start_ns=5781525 dur_ns=1409447 clt=0 wrkr=0 slot=1 size=256008 src=worker:0 dst=client:0
event=req_send ts_ns=7190972 id=163 clt=0 wrkr=3 slot=3 size=17 src=client:0 dst=worker:3
event=resp_rdma_read ts_ns=7213183 id=142 start_ns=6266732 dur_ns=946451 clt=0 wrkr=11 slot=1 size=256008 src=worker:11 dst=client:0
event=req_send ts_ns=7213183 id=165 clt=0 wrkr=8 slot=7 size=17 src=client:0 dst=worker:8
event=resp_rdma_read ts_ns=7216789 id=144 start_ns=6346535 dur_ns=870254 clt=0 wrkr=2 slot=6 size=256008 src=worker:2 dst=client:0
event=req_send ts_ns=7216789 id=166 clt=0 wrkr=0 slot=2 size=17 src=client:0 dst=worker:0
event=resp_recv_ud ts_ns=7252581 id=163 clt=0 wrkr=3 slot=3 size=41 src=worker:3 dst=client:0
event=hand_send ts_ns=7261228 id=163 clt=0 wrkr=3 slot=3 size=10 src=client:0 dst=worker:3
event=resp_recv_ud ts_ns=7275859 id=165 clt=0 wrkr=8 slot=7 size=41 src=worker:8 dst=client:0
event=resp_recv_ud ts_ns=7278148 id=166 clt=0 wrkr=0 slot=2 size=41 src=worker:0 dst=client:0
event=hand_send ts_ns=7284506 id=165 clt=0 wrkr=8 slot=7 size=10 src=client:0 dst=worker:8
event=hand_send ts_ns=7286795 id=166 clt=0 wrkr=0 slot=2 size=10 src=client:0 dst=worker:0
event=resp_rdma_read ts_ns=7292096 id=135 start_ns=5828686 dur_ns=1463410 clt=0 wrkr=8 slot=5 size=256008 src=worker:8 dst=client:0
event=req_send ts_ns=7292096 id=169 clt=0 wrkr=6 slot=1 size=17 src=client:0 dst=worker:6
event=resp_recv_ud ts_ns=7357181 id=169 clt=0 wrkr=6 slot=1 size=41 src=worker:6 dst=client:0
event=hand_send ts_ns=7365828 id=169 clt=0 wrkr=6 slot=1 size=10 src=client:0 dst=worker:6
event=resp_rdma_read ts_ns=7420533 id=147 start_ns=6454014 dur_ns=966519 clt=0 wrkr=11 slot=2 size=256008 src=worker:11 dst=client:0
event=req_send ts_ns=7420533 id=172 clt=0 wrkr=7 slot=2 size=17 src=client:0 dst=worker:7
event=resp_recv_ud ts_ns=7488695 id=172 clt=0 wrkr=7 slot=2 size=41 src=worker:7 dst=client:0
event=hand_send ts_ns=7497342 id=172 clt=0 wrkr=7 slot=2 size=10 src=client:0 dst=worker:7
event=resp_rdma_read ts_ns=7843222 id=153 start_ns=6764745 dur_ns=1078477 clt=0 wrkr=9 slot=2 size=256008 src=worker:9 dst=client:0
event=req_send ts_ns=7843222 id=178 clt=0 wrkr=4 slot=6 size=17 src=client:0 dst=worker:4
event=resp_recv_ud ts_ns=7904535 id=178 clt=0 wrkr=4 slot=6 size=41 src=worker:4 dst=client:0
event=hand_send ts_ns=7913182 id=178 clt=0 wrkr=4 slot=6 size=10 src=client:0 dst=worker:4
event=resp_rdma_read ts_ns=8049263 id=157 start_ns=7041168 dur_ns=1008095 clt=0 wrkr=11 slot=3 size=256008 src=worker:11 dst=client:0
event=req_send ts_ns=8049263 id=182 clt=0 wrkr=4 slot=7 size=17 src=client:0 dst=worker:4
event=resp_rdma_read ts_ns=8084313 id=159 start_ns=7115320 dur_ns=968993 clt=0 wrkr=9 slot=3 size=256008 src=worker:9 dst=client:0
event=req_send ts_ns=8084313 id=183 clt=0 wrkr=10 slot=0 size=17 src=client:0 dst=worker:10
event=resp_recv_ud ts_ns=8109368 id=182 clt=0 wrkr=4 slot=7 size=41 src=worker:4 dst=client:0
event=hand_send ts_ns=8118015 id=182 clt=0 wrkr=4 slot=7 size=10 src=client:0 dst=worker:4
event=resp_recv_ud ts_ns=8131123 id=183 clt=0 wrkr=10 slot=0 size=41 src=worker:10 dst=client:0
event=hand_send ts_ns=8139770 id=183 clt=0 wrkr=10 slot=0 size=10 src=client:0 dst=worker:10
event=resp_rdma_read ts_ns=8301048 id=163 start_ns=7261228 dur_ns=1039820 clt=0 wrkr=3 slot=3 size=256008 src=worker:3 dst=client:0
event=req_send ts_ns=8301048 id=188 clt=0 wrkr=9 slot=4 size=17 src=client:0 dst=worker:9
event=resp_rdma_read ts_ns=8320816 id=165 start_ns=7284506 dur_ns=1036310 clt=0 wrkr=8 slot=7 size=256008 src=worker:8 dst=client:0
event=req_send ts_ns=8320816 id=189 clt=0 wrkr=7 slot=3 size=17 src=client:0 dst=worker:7
event=resp_recv_ud ts_ns=8365516 id=188 clt=0 wrkr=9 slot=4 size=41 src=worker:9 dst=client:0
event=hand_send ts_ns=8374163 id=188 clt=0 wrkr=9 slot=4 size=10 src=client:0 dst=worker:9
event=resp_recv_ud ts_ns=8385051 id=189 clt=0 wrkr=7 slot=3 size=41 src=worker:7 dst=client:0
event=hand_send ts_ns=8393698 id=189 clt=0 wrkr=7 slot=3 size=10 src=client:0 dst=worker:7
event=resp_rdma_read ts_ns=8398646 id=166 start_ns=7286795 dur_ns=1111851 clt=0 wrkr=0 slot=2 size=256008 src=worker:0 dst=client:0
event=req_send ts_ns=8398646 id=191 clt=0 wrkr=7 slot=4 size=17 src=client:0 dst=worker:7
event=resp_recv_ud ts_ns=8466194 id=191 clt=0 wrkr=7 slot=4 size=41 src=worker:7 dst=client:0
event=hand_send ts_ns=8474841 id=191 clt=0 wrkr=7 slot=4 size=10 src=client:0 dst=worker:7
event=resp_rdma_read ts_ns=8566967 id=172 start_ns=7497342 dur_ns=1069625 clt=0 wrkr=7 slot=2 size=256008 src=worker:7 dst=client:0
event=req_send ts_ns=8566967 id=196 clt=0 wrkr=8 slot=0 size=17 src=client:0 dst=worker:8
event=resp_rdma_read ts_ns=8600543 id=169 start_ns=7365828 dur_ns=1234715 clt=0 wrkr=6 slot=1 size=256008 src=worker:6 dst=client:0
event=req_send ts_ns=8600543 id=198 clt=0 wrkr=6 slot=2 size=17 src=client:0 dst=worker:6
event=resp_recv_ud ts_ns=8637503 id=196 clt=0 wrkr=8 slot=0 size=41 src=worker:8 dst=client:0
event=hand_send ts_ns=8646150 id=196 clt=0 wrkr=8 slot=0 size=10 src=client:0 dst=worker:8
event=resp_recv_ud ts_ns=8671578 id=198 clt=0 wrkr=6 slot=2 size=41 src=worker:6 dst=client:0
event=hand_send ts_ns=8680225 id=198 clt=0 wrkr=6 slot=2 size=10 src=client:0 dst=worker:6
event=resp_rdma_read ts_ns=8730182 id=178 start_ns=7913182 dur_ns=817000 clt=0 wrkr=4 slot=6 size=256008 src=worker:4 dst=client:0
event=req_send ts_ns=8730182 id=201 clt=0 wrkr=8 slot=1 size=17 src=client:0 dst=worker:8
event=resp_recv_ud ts_ns=8796247 id=201 clt=0 wrkr=8 slot=1 size=41 src=worker:8 dst=client:0
event=hand_send ts_ns=8804894 id=201 clt=0 wrkr=8 slot=1 size=10 src=client:0 dst=worker:8
event=resp_rdma_read ts_ns=9082477 id=182 start_ns=8118015 dur_ns=964462 clt=0 wrkr=4 slot=7 size=256008 src=worker:4 dst=client:0
event=req_send ts_ns=9082477 id=207 clt=0 wrkr=8 slot=2 size=17 src=client:0 dst=worker:8
event=resp_rdma_read ts_ns=9107674 id=183 start_ns=8139770 dur_ns=967904 clt=0 wrkr=10 slot=0 size=256008 src=worker:10 dst=client:0
event=req_send ts_ns=9107674 id=209 clt=0 wrkr=0 slot=3 size=17 src=client:0 dst=worker:0
event=resp_recv_ud ts_ns=9125213 id=207 clt=0 wrkr=8 slot=2 size=41 src=worker:8 dst=client:0
event=hand_send ts_ns=9133860 id=207 clt=0 wrkr=8 slot=2 size=10 src=client:0 dst=worker:8
event=resp_recv_ud ts_ns=9174540 id=209 clt=0 wrkr=0 slot=3 size=41 src=worker:0 dst=client:0
event=hand_send ts_ns=9183187 id=209 clt=0 wrkr=0 slot=3 size=10 src=client:0 dst=worker:0
event=resp_rdma_read ts_ns=9234385 id=189 start_ns=8393698 dur_ns=840687 clt=0 wrkr=7 slot=3 size=256008 src=worker:7 dst=client:0
event=req_send ts_ns=9234385 id=210 clt=0 wrkr=5 slot=6 size=17 src=client:0 dst=worker:5
event=resp_recv_ud ts_ns=9282183 id=210 clt=0 wrkr=5 slot=6 size=41 src=worker:5 dst=client:0
event=hand_send ts_ns=9290830 id=210 clt=0 wrkr=5 slot=6 size=10 src=client:0 dst=worker:5
event=resp_rdma_read ts_ns=9531716 id=188 start_ns=8374163 dur_ns=1157553 clt=0 wrkr=9 slot=4 size=256008 src=worker:9 dst=client:0
event=req_send ts_ns=9531716 id=213 clt=0 wrkr=7 slot=5 size=17 src=client:0 dst=worker:7
event=resp_recv_ud ts_ns=9579077 id=213 clt=0 wrkr=7 slot=5 size=41 src=worker:7 dst=client:0
event=hand_send ts_ns=9587724 id=213 clt=0 wrkr=7 slot=5 size=10 src=client:0 dst=worker:7
event=resp_rdma_read ts_ns=9765283 id=201 start_ns=8804894 dur_ns=960389 clt=0 wrkr=8 slot=1 size=256008 src=worker:8 dst=client:0
event=req_send ts_ns=9765283 id=216 clt=0 wrkr=11 slot=4 size=17 src=client:0 dst=worker:11
event=resp_recv_ud ts_ns=9824220 id=216 clt=0 wrkr=11 slot=4 size=41 src=worker:11 dst=client:0
event=hand_send ts_ns=9832867 id=216 clt=0 wrkr=11 slot=4 size=10 src=client:0 dst=worker:11
event=resp_rdma_read ts_ns=9858134 id=191 start_ns=8474841 dur_ns=1383293 clt=0 wrkr=7 slot=4 size=256008 src=worker:7 dst=client:0
event=req_send ts_ns=9858134 id=220 clt=0 wrkr=3 slot=4 size=17 src=client:0 dst=worker:3
event=resp_rdma_read ts_ns=9886804 id=196 start_ns=8646150 dur_ns=1240654 clt=0 wrkr=8 slot=0 size=256008 src=worker:8 dst=client:0
event=req_send ts_ns=9886804 id=222 clt=0 wrkr=3 slot=5 size=17 src=client:0 dst=worker:3
event=resp_recv_ud ts_ns=9917423 id=220 clt=0 wrkr=3 slot=4 size=41 src=worker:3 dst=client:0
event=hand_send ts_ns=9926070 id=220 clt=0 wrkr=3 slot=4 size=10 src=client:0 dst=worker:3
event=resp_recv_ud ts_ns=9947856 id=222 clt=0 wrkr=3 slot=5 size=41 src=worker:3 dst=client:0
event=hand_send ts_ns=9956503 id=222 clt=0 wrkr=3 slot=5 size=10 src=client:0 dst=worker:3
event=resp_rdma_read ts_ns=9968967 id=210 start_ns=9290830 dur_ns=678137 clt=0 wrkr=5 slot=6 size=256008 src=worker:5 dst=client:0
event=req_send ts_ns=9968967 id=224 clt=0 wrkr=8 slot=3 size=17 src=client:0 dst=worker:8
event=resp_recv_ud ts_ns=10031223 id=224 clt=0 wrkr=8 slot=3 size=41 src=worker:8 dst=client:0
event=hand_send ts_ns=10039870 id=224 clt=0 wrkr=8 slot=3 size=10 src=client:0 dst=worker:8
event=resp_rdma_read ts_ns=10094181 id=209 start_ns=9183187 dur_ns=910994 clt=0 wrkr=0 slot=3 size=256008 src=worker:0 dst=client:0
event=req_send ts_ns=10094181 id=229 clt=0 wrkr=0 slot=4 size=17 src=client:0 dst=worker:0
event=resp_rdma_read ts_ns=10097716 id=207 start_ns=9133860 dur_ns=963856 clt=0 wrkr=8 slot=2 size=256008 src=worker:8 dst=client:0
event=req_send ts_ns=10097716 id=230 clt=0 wrkr=9 slot=5 size=17 src=client:0 dst=worker:9
event=resp_rdma_read ts_ns=10148154 id=198 start_ns=8680225 dur_ns=1467929 clt=0 wrkr=6 slot=2 size=256008 src=worker:6 dst=client:0
event=req_send ts_ns=10148154 id=232 clt=0 wrkr=9 slot=6 size=17 src=client:0 dst=worker:9
event=resp_recv_ud ts_ns=10162292 id=229 clt=0 wrkr=0 slot=4 size=41 src=worker:0 dst=client:0
event=resp_recv_ud ts_ns=10166762 id=230 clt=0 wrkr=9 slot=5 size=41 src=worker:9 dst=client:0
event=hand_send ts_ns=10170939 id=229 clt=0 wrkr=0 slot=4 size=10 src=client:0 dst=worker:0
event=hand_send ts_ns=10175409 id=230 clt=0 wrkr=9 slot=5 size=10 src=client:0 dst=worker:9
event=resp_recv_ud ts_ns=10217275 id=232 clt=0 wrkr=9 slot=6 size=41 src=worker:9 dst=client:0
event=hand_send ts_ns=10225922 id=232 clt=0 wrkr=9 slot=6 size=10 src=client:0 dst=worker:9
event=resp_rdma_read ts_ns=10230706 id=213 start_ns=9587724 dur_ns=642982 clt=0 wrkr=7 slot=5 size=256008 src=worker:7 dst=client:0
event=req_send ts_ns=10230706 id=236 clt=0 wrkr=6 slot=3 size=17 src=client:0 dst=worker:6
event=resp_recv_ud ts_ns=10301634 id=236 clt=0 wrkr=6 slot=3 size=41 src=worker:6 dst=client:0
event=hand_send ts_ns=10310281 id=236 clt=0 wrkr=6 slot=3 size=10 src=client:0 dst=worker:6
event=resp_rdma_read ts_ns=10744400 id=216 start_ns=9832867 dur_ns=911533 clt=0 wrkr=11 slot=4 size=256008 src=worker:11 dst=client:0
event=req_send ts_ns=10744400 id=242 clt=0 wrkr=7 slot=6 size=17 src=client:0 dst=worker:7
event=resp_recv_ud ts_ns=10807498 id=242 clt=0 wrkr=7 slot=6 size=41 src=worker:7 dst=client:0
event=hand_send ts_ns=10816145 id=242 clt=0 wrkr=7 slot=6 size=10 src=client:0 dst=worker:7
event=resp_rdma_read ts_ns=10870168 id=220 start_ns=9926070 dur_ns=944098 clt=0 wrkr=3 slot=4 size=256008 src=worker:3 dst=client:0
event=req_send ts_ns=10870168 id=243 clt=0 wrkr=5 slot=7 size=17 src=client:0 dst=worker:5
event=resp_rdma_read ts_ns=10897523 id=222 start_ns=9956503 dur_ns=941020 clt=0 wrkr=3 slot=5 size=256008 src=worker:3 dst=client:0
event=req_send ts_ns=10897523 id=245 clt=0 wrkr=5 slot=0 size=17 src=client:0 dst=worker:5
event=resp_recv_ud ts_ns=10922283 id=243 clt=0 wrkr=5 slot=7 size=41 src=worker:5 dst=client:0
event=hand_send ts_ns=10930930 id=243 clt=0 wrkr=5 slot=7 size=10 src=client:0 dst=worker:5
event=resp_recv_ud ts_ns=10958945 id=245 clt=0 wrkr=5 slot=0 size=41 src=worker:5 dst=client:0
event=hand_send ts_ns=10967592 id=245 clt=0 wrkr=5 slot=0 size=10 src=client:0 dst=worker:5
event=resp_rdma_read ts_ns=11160998 id=224 start_ns=10039870 dur_ns=1121128 clt=0 wrkr=8 slot=3 size=256008 src=worker:8 dst=client:0
event=req_send ts_ns=11160998 id=249 clt=0 wrkr=5 slot=1 size=17 src=client:0 dst=worker:5
event=resp_recv_ud ts_ns=11223374 id=249 clt=0 wrkr=5 slot=1 size=41 src=worker:5 dst=client:0
event=hand_send ts_ns=11232021 id=249 clt=0 wrkr=5 slot=1 size=10 src=client:0 dst=worker:5
event=resp_rdma_read ts_ns=11241616 id=236 start_ns=10310281 dur_ns=931335 clt=0 wrkr=6 slot=3 size=256008 src=worker:6 dst=client:0
event=req_send ts_ns=11241616 id=251 clt=0 wrkr=1 slot=4 size=17 src=client:0 dst=worker:1
event=resp_recv_ud ts_ns=11303787 id=251 clt=0 wrkr=1 slot=4 size=41 src=worker:1 dst=client:0
event=hand_send ts_ns=11312434 id=251 clt=0 wrkr=1 slot=4 size=10 src=client:0 dst=worker:1
event=resp_rdma_read ts_ns=11425584 id=242 start_ns=10816145 dur_ns=609439 clt=0 wrkr=7 slot=6 size=256008 src=worker:7 dst=client:0
event=req_send ts_ns=11425584 id=255 clt=0 wrkr=3 slot=6 size=17 src=client:0 dst=worker:3
event=resp_recv_ud ts_ns=11475252 id=255 clt=0 wrkr=3 slot=6 size=41 src=worker:3 dst=client:0
event=hand_send ts_ns=11483899 id=255 clt=0 wrkr=3 slot=6 size=10 src=client:0 dst=worker:3
event=resp_rdma_read ts_ns=11534450 id=230 start_ns=10175409 dur_ns=1359041 clt=0 wrkr=9 slot=5 size=256008 src=worker:9 dst=client:0
event=req_send ts_ns=11534450 id=259 clt=0 wrkr=2 slot=7 size=17 src=client:0 dst=worker:2
event=resp_rdma_read ts_ns=11565277 id=229 start_ns=10170939 dur_ns=1394338 clt=0 wrkr=0 slot=4 size=256008 src=worker:0 dst=client:0
event=req_send ts_ns=11565277 id=260 clt=0 wrkr=5 slot=2 size=17 src=client:0 dst=worker:5
event=resp_rdma_read ts_ns=11591238 id=232 start_ns=10225922 dur_ns=1365316 clt=0 wrkr=9 slot=6 size=256008 src=worker:9 dst=client:0
event=req_send ts_ns=11591238 id=261 clt=0 wrkr=5 slot=3 size=17 src=client:0 dst=worker:5
event=resp_recv_ud ts_ns=11602232 id=259 clt=0 wrkr=2 slot=7 size=41 src=worker:2 dst=client:0
event=hand_send ts_ns=11610879 id=259 clt=0 wrkr=2 slot=7 size=10 src=client:0 dst=worker:2
event=resp_recv_ud ts_ns=11634050 id=260 clt=0 wrkr=5 slot=2 size=41 src=worker:5 dst=client:0
event=hand_send ts_ns=11642697 id=260 clt=0 wrkr=5 slot=2 size=10 src=client:0 dst=worker:5
event=resp_recv_ud ts_ns=11659195 id=261 clt=0 wrkr=5 slot=3 size=41 src=worker:5 dst=client:0
event=hand_send ts_ns=11667842 id=261 clt=0 wrkr=5 slot=3 size=10 src=client:0 dst=worker:5
event=resp_rdma_read ts_ns=11775106 id=245 start_ns=10967592 dur_ns=807514 clt=0 wrkr=5 slot=0 size=256008 src=worker:5 dst=client:0
event=req_send ts_ns=11775106 id=267 clt=0 wrkr=10 slot=1 size=17 src=client:0 dst=worker:10
event=resp_recv_ud ts_ns=11846273 id=267 clt=0 wrkr=10 slot=1 size=41 src=worker:10 dst=client:0
event=hand_send ts_ns=11854920 id=267 clt=0 wrkr=10 slot=1 size=10 src=client:0 dst=worker:10
event=resp_rdma_read ts_ns=11855970 id=243 start_ns=10930930 dur_ns=925040 clt=0 wrkr=5 slot=7 size=256008 src=worker:5 dst=client:0
event=req_send ts_ns=11855970 id=268 clt=0 wrkr=1 slot=5 size=17 src=client:0 dst=worker:1
event=resp_recv_ud ts_ns=11927050 id=268 clt=0 wrkr=1 slot=5 size=41 src=worker:1 dst=client:0
event=hand_send ts_ns=11935697 id=268 clt=0 wrkr=1 slot=5 size=10 src=client:0 dst=worker:1
event=resp_rdma_read ts_ns=12086014 id=249 start_ns=11232021 dur_ns=853993 clt=0 wrkr=5 slot=1 size=256008 src=worker:5 dst=client:0
event=req_send ts_ns=12086014 id=271 clt=0 wrkr=4 slot=0 size=17 src=client:0 dst=worker:4
event=resp_recv_ud ts_ns=12127329 id=271 clt=0 wrkr=4 slot=0 size=41 src=worker:4 dst=client:0
event=hand_send ts_ns=12135976 id=271 clt=0 wrkr=4 slot=0 size=10 src=client:0 dst=worker:4
event=resp_rdma_read ts_ns=12428580 id=251 start_ns=11312434 dur_ns=1116146 clt=0 wrkr=1 slot=4 size=256008 src=worker:1 dst=client:0
event=req_send ts_ns=12428580 id=276 clt=0 wrkr=6 slot=4 size=17 src=client:0 dst=worker:6
event=resp_recv_ud ts_ns=12468156 id=276 clt=0 wrkr=6 slot=4 size=41 src=worker:6 dst=client:0
event=hand_send ts_ns=12476803 id=276 clt=0 wrkr=6 slot=4 size=10 src=client:0 dst=worker:6
event=resp_rdma_read ts_ns=12604326 id=255 start_ns=11483899 dur_ns=1120427 clt=0 wrkr=3 slot=6 size=256008 src=worker:3 dst=client:0
event=req_send ts_ns=12604326 id=279 clt=0 wrkr=5 slot=4 size=17 src=client:0 dst=worker:5
event=resp_recv_ud ts_ns=12643298 id=279 clt=0 wrkr=5 slot=4 size=41 src=worker:5 dst=client:0
event=hand_send ts_ns=12651945 id=279 clt=0 wrkr=5 slot=4 size=10 src=client:0 dst=worker:5
event=resp_rdma_read ts_ns=12819923 id=259 start_ns=11610879 dur_ns=1209044 clt=0 wrkr=2 slot=7 size=256008 src=worker:2 dst=client:0
event=req_send ts_ns=12819923 id=282 clt=0 wrkr=6 slot=5 size=17 src=client:0 dst=worker:6
event=resp_recv_ud ts_ns=12865947 id=282 clt=0 wrkr=6 slot=5 size=41 src=worker:6 dst=client:0
event=hand_send ts_ns=12874594 id=282 clt=0 wrkr=6 slot=5 size=10 src=client:0 dst=worker:6
event=resp_rdma_read ts_ns=12914859 id=261 start_ns=11667842 dur_ns=1247017 clt=0 wrkr=5 slot=3 size=256008 src=worker:5 dst=client:0
event=req_send ts_ns=12914859 id=286 clt=0 wrkr=11 slot=5 size=17 src=client:0 dst=worker:11
event=resp_recv_ud ts_ns=12975683 id=286 clt=0 wrkr=11 slot=5 size=41 src=worker:11 dst=client:0
event=hand_send ts_ns=12984330 id=286 clt=0 wrkr=11 slot=5 size=10 src=client:0 dst=worker:11
event=resp_rdma_read ts_ns=13072271 id=260 start_ns=11642697 dur_ns=1429574 clt=0 wrkr=5 slot=2 size=256008 src=worker:5 dst=client:0
event=req_send ts_ns=13072271 id=288 clt=0 wrkr=5 slot=5 size=17 src=client:0 dst=worker:5
event=resp_rdma_read ts_ns=13110494 id=268 start_ns=11935697 dur_ns=1174797 clt=0 wrkr=1 slot=5 size=256008 src=worker:1 dst=client:0
event=req_send ts_ns=13110494 id=290 clt=0 wrkr=2 slot=0 size=17 src=client:0 dst=worker:2
event=resp_rdma_read ts_ns=13117192 id=271 start_ns=12135976 dur_ns=981216 clt=0 wrkr=4 slot=0 size=256008 src=worker:4 dst=client:0
event=req_send ts_ns=13117192 id=291 clt=0 wrkr=11 slot=6 size=17 src=client:0 dst=worker:11
event=resp_recv_ud ts_ns=13135482 id=288 clt=0 wrkr=5 slot=5 size=41 src=worker:5 dst=client:0
event=hand_send ts_ns=13144129 id=288 clt=0 wrkr=5 slot=5 size=10 src=client:0 dst=worker:5
event=resp_recv_ud ts_ns=13174653 id=290 clt=0 wrkr=2 slot=0 size=41 src=worker:2 dst=client:0
event=resp_recv_ud ts_ns=13181568 id=291 clt=0 wrkr=11 slot=6 size=41 src=worker:11 dst=client:0
event=hand_send ts_ns=13183300 id=290 clt=0 wrkr=2 slot=0 size=10 src=client:0 dst=worker:2
event=hand_send ts_ns=13190215 id=291 clt=0 wrkr=11 slot=6 size=10 src=client:0 dst=worker:11
event=resp_rdma_read ts_ns=13344799 id=267 start_ns=11854920 dur_ns=1489879 clt=0 wrkr=10 slot=1 size=256008 src=worker:10 dst=client:0
event=req_send ts_ns=13344799 id=300 clt=0 wrkr=6 slot=6 size=17 src=client:0 dst=worker:6
event=resp_rdma_read ts_ns=13400178 id=276 start_ns=12476803 dur_ns=923375 clt=0 wrkr=6 slot=4 size=256008 src=worker:6 dst=client:0
event=req_send ts_ns=13400178 id=302 clt=0 wrkr=10 slot=2 size=17 src=client:0 dst=worker:10
event=resp_recv_ud ts_ns=13413615 id=300 clt=0 wrkr=6 slot=6 size=41 src=worker:6 dst=client:0
event=hand_send ts_ns=13422262 id=300 clt=0 wrkr=6 slot=6 size=10 src=client:0 dst=worker:6
event=resp_recv_ud ts_ns=13468457 id=302 clt=0 wrkr=10 slot=2 size=41 src=worker:10 dst=client:0
event=hand_send ts_ns=13477104 id=302 clt=0 wrkr=10 slot=2 size=10 src=client:0 dst=worker:10
event=resp_rdma_read ts_ns=13601694 id=279 start_ns=12651945 dur_ns=949749 clt=0 wrkr=5 slot=4 size=256008 src=worker:5 dst=client:0
event=req_send ts_ns=13601694 id=305 clt=0 wrkr=11 slot=7 size=17 src=client:0 dst=worker:11
event=resp_recv_ud ts_ns=13664592 id=305 clt=0 wrkr=11 slot=7 size=41 src=worker:11 dst=client:0
event=hand_send ts_ns=13673239 id=305 clt=0 wrkr=11 slot=7 size=10 src=client:0 dst=worker:11
event=resp_rdma_read ts_ns=13755798 id=286 start_ns=12984330 dur_ns=771468 clt=0 wrkr=11 slot=5 size=256008 src=worker:11 dst=client:0
event=req_send ts_ns=13755798 id=306 clt=0 wrkr=3 slot=7 size=17 src=client:0 dst=worker:3
event=resp_rdma_read ts_ns=13766975 id=282 start_ns=12874594 dur_ns=892381 clt=0 wrkr=6 slot=5 size=256008 src=worker:6 dst=client:0
event=req_send ts_ns=13766975 id=307 clt=0 wrkr=8 slot=4 size=17 src=client:0 dst=worker:8
event=resp_recv_ud ts_ns=13798889 id=306 clt=0 wrkr=3 slot=7 size=41 src=worker:3 dst=client:0
event=hand_send ts_ns=13807536 id=306 clt=0 wrkr=3 slot=7 size=10 src=client:0 dst=worker:3
event=resp_recv_ud ts_ns=13818272 id=307 clt=0 wrkr=8 slot=4 size=41 src=worker:8 dst=client:0
event=hand_send ts_ns=13826919 id=307 clt=0 wrkr=8 slot=4 size=10 src=client:0 dst=worker:8
event=resp_rdma_read ts_ns=14237902 id=288 start_ns=13144129 dur_ns=1093773 clt=0 wrkr=5 slot=5 size=256008 src=worker:5 dst=client:0
event=req_send ts_ns=14237902 id=312 clt=0 wrkr=2 slot=1 size=17 src=client:0 dst=worker:2
event=resp_recv_ud ts_ns=14284162 id=312 clt=0 wrkr=2 slot=1 size=41 src=worker:2 dst=client:0
event=hand_send ts_ns=14292809 id=312 clt=0 wrkr=2 slot=1 size=10 src=client:0 dst=worker:2
event=resp_rdma_read ts_ns=14371682 id=290 start_ns=13183300 dur_ns=1188382 clt=0 wrkr=2 slot=0 size=256008 src=worker:2 dst=client:0
event=req_send ts_ns=14371682 id=314 clt=0 wrkr=3 slot=0 size=17 src=client:0 dst=worker:3
event=resp_rdma_read ts_ns=14393831 id=302 start_ns=13477104 dur_ns=916727 clt=0 wrkr=10 slot=2 size=256008 src=worker:10 dst=client:0
event=req_send ts_ns=14393831 id=315 clt=0 wrkr=11 slot=0 size=17 src=client:0 dst=worker:11
event=resp_recv_ud ts_ns=14431671 id=314 clt=0 wrkr=3 slot=0 size=41 src=worker:3 dst=client:0
event=hand_send ts_ns=14440318 id=314 clt=0 wrkr=3 slot=0 size=10 src=client:0 dst=worker:3
event=resp_recv_ud ts_ns=14447279 id=315 clt=0 wrkr=11 slot=0 size=41 src=worker:11 dst=client:0
event=resp_rdma_read ts_ns=14453224 id=291 start_ns=13190215 dur_ns=1263009 clt=0 wrkr=11 slot=6 size=256008 src=worker:11 dst=client:0
event=req_send ts_ns=14453224 id=316 clt=0 wrkr=5 slot=6 size=17 src=client:0 dst=worker:5
event=hand_send ts_ns=14455926 id=315 clt=0 wrkr=11 slot=0 size=10 src=client:0 dst=worker:11
event=resp_rdma_read ts_ns=14484052 id=305 start_ns=13673239 dur_ns=810813 clt=0 wrkr=11 slot=7 size=256008 src=worker:11 dst=client:0
event=req_send ts_ns=14484052 id=317 clt=0 wrkr=2 slot=2 size=17 src=client:0 dst=worker:2
event=resp_recv_ud ts_ns=14513246 id=316 clt=0 wrkr=5 slot=6 size=41 src=worker:5 dst=client:0
event=hand_send ts_ns=14521893 id=316 clt=0 wrkr=5 slot=6 size=10 src=client:0 dst=worker:5
event=resp_recv_ud ts_ns=14544325 id=317 clt=0 wrkr=2 slot=2 size=41 src=worker:2 dst=client:0
event=hand_send ts_ns=14552972 id=317 clt=0 wrkr=2 slot=2 size=10 src=client:0 dst=worker:2
event=resp_rdma_read ts_ns=14575658 id=300 start_ns=13422262 dur_ns=1153396 clt=0 wrkr=6 slot=6 size=256008 src=worker:6 dst=client:0
event=req_send ts_ns=14575658 id=322 clt=0 wrkr=10 slot=3 size=17 src=client:0 dst=worker:10
event=resp_rdma_read ts_ns=14606118 id=307 start_ns=13826919 dur_ns=779199 clt=0 wrkr=8 slot=4 size=256008 src=worker:8 dst=client:0
event=req_send ts_ns=14606118 id=325 clt=0 wrkr=11 slot=1 size=17 src=client:0 dst=worker:11
event=resp_recv_ud ts_ns=14635628 id=322 clt=0 wrkr=10 slot=3 size=41 src=worker:10 dst=client:0
event=hand_send ts_ns=14644275 id=322 clt=0 wrkr=10 slot=3 size=10 src=client:0 dst=worker:10
event=resp_recv_ud ts_ns=14666724 id=325 clt=0 wrkr=11 slot=1 size=41 src=worker:11 dst=client:0
event=hand_send ts_ns=14675371 id=325 clt=0 wrkr=11 slot=1 size=10 src=client:0 dst=worker:11
event=resp_rdma_read ts_ns=14785977 id=306 start_ns=13807536 dur_ns=978441 clt=0 wrkr=3 slot=7 size=256008 src=worker:3 dst=client:0
event=req_send ts_ns=14785977 id=331 clt=0 wrkr=9 slot=7 size=17 src=client:0 dst=worker:9
event=resp_recv_ud ts_ns=14856318 id=331 clt=0 wrkr=9 slot=7 size=41 src=worker:9 dst=client:0
event=hand_send ts_ns=14864965 id=331 clt=0 wrkr=9 slot=7 size=10 src=client:0 dst=worker:9
event=resp_rdma_read ts_ns=14939007 id=312 start_ns=14292809 dur_ns=646198 clt=0 wrkr=2 slot=1 size=256008 src=worker:2 dst=client:0
event=req_send ts_ns=14939007 id=335 clt=0 wrkr=2 slot=3 size=17 src=client:0 dst=worker:2
event=resp_recv_ud ts_ns=14991350 id=335 clt=0 wrkr=2 slot=3 size=41 src=worker:2 dst=client:0
event=hand_send ts_ns=14999997 id=335 clt=0 wrkr=2 slot=3 size=10 src=client:0 dst=worker:2
event=resp_rdma_read ts_ns=15196279 id=315 start_ns=14455926 dur_ns=740353 clt=0 wrkr=11 slot=0 size=256008 src=worker:11 dst=client:0
event=req_send ts_ns=15196279 id=337 clt=0 wrkr=6 slot=7 size=17 src=client:0 dst=worker:6
event=resp_recv_ud ts_ns=15236854 id=337 clt=0 wrkr=6 slot=7 size=41 src=worker:6 dst=client:0
event=hand_send ts_ns=15245501 id=337 clt=0 wrkr=6 slot=7 size=10 src=client:0 dst=worker:6
event=resp_rdma_read ts_ns=15271106 id=314 start_ns=14440318 dur_ns=830788 clt=0 wrkr=3 slot=0 size=256008 src=worker:3 dst=client:0
event=req_send ts_ns=15271106 id=338 clt=0 wrkr=3 slot=1 size=17 src=client:0 dst=worker:3
event=resp_recv_ud ts_ns=15320760 id=338 clt=0 wrkr=3 slot=1 size=41 src=worker:3 dst=client:0
event=hand_send ts_ns=15329407 id=338 clt=0 wrkr=3 slot=1 size=10 src=client:0 dst=worker:3
event=resp_rdma_read ts_ns=15406551 id=316 start_ns=14521893 dur_ns=884658 clt=0 wrkr=5 slot=6 size=256008 src=worker:5 dst=client:0
event=req_send ts_ns=15406551 id=340 clt=0 wrkr=7 slot=7 size=17 src=client:0 dst=worker:7
event=resp_recv_ud ts_ns=15448020 id=340 clt=0 wrkr=7 slot=7 size=41 src=worker:7 dst=client:0
event=hand_send ts_ns=15456667 id=340 clt=0 wrkr=7 slot=7 size=10 src=client:0 dst=worker:7
event=resp_rdma_read ts_ns=15487040 id=317 start_ns=14552972 dur_ns=934068 clt=0 wrkr=2 slot=2 size=256008 src=worker:2 dst=client:0
event=req_send ts_ns=15487040 id=341 clt=0 wrkr=1 slot=6 size=17 src=client:0 dst=worker:1
event=resp_recv_ud ts_ns=15532262 id=341 clt=0 wrkr=1 slot=6 size=41 src=worker:1 dst=client:0
event=hand_send ts_ns=15540909 id=341 clt=0 wrkr=1 slot=6 size=10 src=client:0 dst=worker:1
event=resp_rdma_read ts_ns=15711192 id=322 start_ns=14644275 dur_ns=1066917 clt=0 wrkr=10 slot=3 size=256008 src=worker:10 dst=client:0
event=req_send ts_ns=15711192 id=346 clt=0 wrkr=10 slot=4 size=17 src=client:0 dst=worker:10
event=resp_recv_ud ts_ns=15771104 id=346 clt=0 wrkr=10 slot=4 size=41 src=worker:10 dst=client:0
event=hand_send ts_ns=15779751 id=346 clt=0 wrkr=10 slot=4 size=10 src=client:0 dst=worker:10
event=resp_rdma_read ts_ns=15808797 id=325 start_ns=14675371 dur_ns=1133426 clt=0 wrkr=11 slot=1 size=256008 src=worker:11 dst=client:0
event=req_send ts_ns=15808797 id=348 clt=0 wrkr=4 slot=1 size=17 src=client:0 dst=worker:4
event=resp_recv_ud ts_ns=15870551 id=348 clt=0 wrkr=4 slot=1 size=41 src=worker:4 dst=client:0
event=hand_send ts_ns=15879198 id=348 clt=0 wrkr=4 slot=1 size=10 src=client:0 dst=worker:4
event=resp_rdma_read ts_ns=15918422 id=331 start_ns=14864965 dur_ns=1053457 clt=0 wrkr=9 slot=7 size=256008 src=worker:9 dst=client:0
event=req_send ts_ns=15918422 id=352 clt=0 wrkr=1 slot=7 size=17 src=client:0 dst=worker:1
event=resp_recv_ud ts_ns=15982185 id=352 clt=0 wrkr=1 slot=7 size=41 src=worker:1 dst=client:0
event=hand_send ts_ns=15990832 id=352 clt=0 wrkr=1 slot=7 size=10 src=client:0 dst=worker:1
event=resp_rdma_read ts_ns=16114745 id=337 start_ns=15245501 dur_ns=869244 clt=0 wrkr=6 slot=7 size=256008 src=worker:6 dst=client:0
event=req_send ts_ns=16114745 id=356 clt=0 wrkr=3 slot=2 size=17 src=client:0 dst=worker:3
event=resp_rdma_read ts_ns=16117811 id=341 start_ns=15540909 dur_ns=576902 clt=0 wrkr=1 slot=6 size=256008 src=worker:1 dst=client:0
event=req_send ts_ns=16117811 id=357 clt=0 wrkr=8 slot=5 size=17 src=client:0 dst=worker:8
event=resp_recv_ud ts_ns=16175763 id=356 clt=0 wrkr=3 slot=2 size=41 src=worker:3 dst=client:0
event=hand_send ts_ns=16184410 id=356 clt=0 wrkr=3 slot=2 size=10 src=client:0 dst=worker:3
event=resp_recv_ud ts_ns=16185328 id=357 clt=0 wrkr=8 slot=5 size=41 src=worker:8 dst=client:0
event=resp_rdma_read ts_ns=16189345 id=335 start_ns=14999997 dur_ns=1189348 clt=0 wrkr=2 slot=3 size=256008 src=worker:2 dst=client:0
event=req_send ts_ns=16189345 id=359 clt=0 wrkr=5 slot=7 size=17 src=client:0 dst=worker:5
event=hand_send ts_ns=16193975 id=357 clt=0 wrkr=8 slot=5 size=10 src=client:0 dst=worker:8
event=resp_rdma_read ts_ns=16194507 id=340 start_ns=15456667 dur_ns=737840 clt=0 wrkr=7 slot=7 size=256008 src=worker:7 dst=client:0
event=req_send ts_ns=16194507 id=360 clt=0 wrkr=7 slot=0 size=17 src=client:0 dst=worker:7
event=resp_rdma_read ts_ns=16248656 id=338 start_ns=15329407 dur_ns=919249 clt=0 wrkr=3 slot=1 size=256008 src=worker:3 dst=client:0
event=req_send ts_ns=16248656 id=363 clt=0 wrkr=11 slot=2 size=17 src=client:0 dst=worker:11
event=resp_recv_ud ts_ns=16257766 id=359 clt=0 wrkr=5 slot=7 size=41 src=worker:5 dst=client:0
event=resp_recv_ud ts_ns=16262993 id=360 clt=0 wrkr=7 slot=0 size=41 src=worker:7 dst=client:0
event=hand_send ts_ns=16266413 id=359 clt=0 wrkr=5 slot=7 size=10 src=client:0 dst=worker:5
event=hand_send ts_ns=16271640 id=360 clt=0 wrkr=7 slot=0 size=10 src=client:0 dst=worker:7
event=resp_recv_ud ts_ns=16317584 id=363 clt=0 wrkr=11 slot=2 size=41 src=worker:11 dst=client:0
event=hand_send ts_ns=16326231 id=363 clt=0 wrkr=11 slot=2 size=10 src=client:0 dst=worker:11
event=resp_rdma_read ts_ns=16751679 id=346 start_ns=15779751 dur_ns=971928 clt=0 wrkr=10 slot=4 size=256008 src=worker:10 dst=client:0
event=req_send ts_ns=16751679 id=370 clt=0 wrkr=5 slot=0 size=17 src=client:0 dst=worker:5
event=resp_recv_ud ts_ns=16793665 id=370 clt=0 wrkr=5 slot=0 size=41 src=worker:5 dst=client:0
event=hand_send ts_ns=16802312 id=370 clt=0 wrkr=5 slot=0 size=10 src=client:0 dst=worker:5
event=resp_rdma_read ts_ns=16883170 id=348 start_ns=15879198 dur_ns=1003972 clt=0 wrkr=4 slot=1 size=256008 src=worker:4 dst=client:0
event=req_send ts_ns=16883170 id=373 clt=0 wrkr=5 slot=1 size=17 src=client:0 dst=worker:5
event=resp_recv_ud ts_ns=16943817 id=373 clt=0 wrkr=5 slot=1 size=41 src=worker:5 dst=client:0
event=hand_send ts_ns=16952464 id=373 clt=0 wrkr=5 slot=1 size=10 src=client:0 dst=worker:5
event=resp_rdma_read ts_ns=16968005 id=352 start_ns=15990832 dur_ns=977173 clt=0 wrkr=1 slot=7 size=256008 src=worker:1 dst=client:0
event=req_send ts_ns=16968005 id=375 clt=0 wrkr=0 slot=5 size=17 src=client:0 dst=worker:0
event=resp_recv_ud ts_ns=17028158 id=375 clt=0 wrkr=0 slot=5 size=41 src=worker:0 dst=client:0
event=hand_send ts_ns=17036805 id=375 clt=0 wrkr=0 slot=5 size=10 src=client:0 dst=worker:0
event=resp_rdma_read ts_ns=17358512 id=356 start_ns=16184410 dur_ns=1174102 clt=0 wrkr=3 slot=2 size=256008 src=worker:3 dst=client:0
event=req_send ts_ns=17358512 id=381 clt=0 wrkr=1 slot=0 size=17 src=client:0 dst=worker:1
event=resp_rdma_read ts_ns=17384421 id=357 start_ns=16193975 dur_ns=1190446 clt=0 wrkr=8 slot=5 size=256008 src=worker:8 dst=client:0
event=req_send ts_ns=17384421 id=383 clt=0 wrkr=8 slot=6 size=17 src=client:0 dst=worker:8
event=resp_recv_ud ts_ns=17422284 id=381 clt=0 wrkr=1 slot=0 size=41 src=worker:1 dst=client:0
event=hand_send ts_ns=17430931 id=381 clt=0 wrkr=1 slot=0 size=10 src=client:0 dst=worker:1
event=resp_recv_ud ts_ns=17446158 id=383 clt=0 wrkr=8 slot=6 size=41 src=worker:8 dst=client:0
event=hand_send ts_ns=17454805 id=383 clt=0 wrkr=8 slot=6 size=10 src=client:0 dst=worker:8
event=resp_rdma_read ts_ns=17519500 id=359 start_ns=16266413 dur_ns=1253087 clt=0 wrkr=5 slot=7 size=256008 src=worker:5 dst=client:0
event=req_send ts_ns=17519500 id=386 clt=0 wrkr=9 slot=0 size=17 src=client:0 dst=worker:9
event=resp_rdma_read ts_ns=17530207 id=370 start_ns=16802312 dur_ns=727895 clt=0 wrkr=5 slot=0 size=256008 src=worker:5 dst=client:0
event=req_send ts_ns=17530207 id=387 clt=0 wrkr=11 slot=3 size=17 src=client:0 dst=worker:11
event=resp_rdma_read ts_ns=17562407 id=360 start_ns=16271640 dur_ns=1290767 clt=0 wrkr=7 slot=0 size=256008 src=worker:7 dst=client:0
event=req_send ts_ns=17562407 id=389 clt=0 wrkr=0 slot=6 size=17 src=client:0 dst=worker:0
event=resp_recv_ud ts_ns=17581779 id=386 clt=0 wrkr=9 slot=0 size=41 src=worker:9 dst=client:0
event=hand_send ts_ns=17590426 id=386 clt=0 wrkr=9 slot=0 size=10 src=client:0 dst=worker:9
event=resp_recv_ud ts_ns=17592027 id=387 clt=0 wrkr=11 slot=3 size=41 src=worker:11 dst=client:0
event=hand_send ts_ns=17600674 id=387 clt=0 wrkr=11 slot=3 size=10 src=client:0 dst=worker:11
event=resp_recv_ud ts_ns=17623034 id=389 clt=0 wrkr=0 slot=6 size=41 src=worker:0 dst=client:0
event=hand_send ts_ns=17631681 id=389 clt=0 wrkr=0 slot=6 size=10 src=client:0 dst=worker:0
event=resp_rdma_read ts_ns=17650999 id=363 start_ns=16326231 dur_ns=1324768 clt=0 wrkr=11 slot=2 size=256008 src=worker:11 dst=client:0
event=req_send ts_ns=17650999 id=394 clt=0 wrkr=0 slot=7 size=17 src=client:0 dst=worker:0
event=resp_recv_ud ts_ns=17716130 id=394 clt=0 wrkr=0 slot=7 size=41 src=worker:0 dst=client:0
event=hand_send ts_ns=17724777 id=394 clt=0 wrkr=0 slot=7 size=10 src=client:0 dst=worker:0
event=resp_rdma_read ts_ns=17919081 id=373 start_ns=16952464 dur_ns=966617 clt=0 wrkr=5 slot=1 size=256008 src=worker:5 dst=client:0
event=req_send ts_ns=17919081 id=398 clt=0 wrkr=2 slot=4 size=17 src=client:0 dst=worker:2
event=resp_rdma_read ts_ns=17968991 id=375 start_ns=17036805 dur_ns=932186 clt=0 wrkr=0 slot=5 size=256008 src=worker:0 dst=client:0
event=req_send ts_ns=17968991 id=400 clt=0 wrkr=5 slot=2 size=17 src=client:0 dst=worker:5
event=resp_recv_ud ts_ns=17983272 id=398 clt=0 wrkr=2 slot=4 size=41 src=worker:2 dst=client:0
event=hand_send ts_ns=17991919 id=398 clt=0 wrkr=2 slot=4 size=10 src=client:0 dst=worker:2
event=resp_recv_ud ts_ns=18036025 id=400 clt=0 wrkr=5 slot=2 size=41 src=worker:5 dst=client:0
event=hand_send ts_ns=18044672 id=400 clt=0 wrkr=5 slot=2 size=10 src=client:0 dst=worker:5
event=resp_rdma_read ts_ns=18327719 id=383 start_ns=17454805 dur_ns=872914 clt=0 wrkr=8 slot=6 size=256008 src=worker:8 dst=client:0
event=req_send ts_ns=18327719 id=405 clt=0 wrkr=8 slot=7 size=17 src=client:0 dst=worker:8
event=resp_rdma_read ts_ns=18388167 id=381 start_ns=17430931 dur_ns=957236 clt=0 wrkr=1 slot=0 size=256008 src=worker:1 dst=client:0
event=req_send ts_ns=18388167 id=407 clt=0 wrkr=2 slot=5 size=17 src=client:0 dst=worker:2
event=resp_recv_ud ts_ns=18390155 id=405 clt=0 wrkr=8 slot=7 size=41 src=worker:8 dst=client:0
event=hand_send ts_ns=18398802 id=405 clt=0 wrkr=8 slot=7 size=10 src=client:0 dst=worker:8
event=resp_recv_ud ts_ns=18445557 id=407 clt=0 wrkr=2 slot=5 size=41 src=worker:2 dst=client:0
event=hand_send ts_ns=18454204 id=407 clt=0 wrkr=2 slot=5 size=10 src=client:0 dst=worker:2
event=resp_rdma_read ts_ns=18605967 id=386 start_ns=17590426 dur_ns=1015541 clt=0 wrkr=9 slot=0 size=256008 src=worker:9 dst=client:0
event=req_send ts_ns=18605967 id=410 clt=0 wrkr=6 slot=0 size=17 src=client:0 dst=worker:6
event=resp_rdma_read ts_ns=18637535 id=387 start_ns=17600674 dur_ns=1036861 clt=0 wrkr=11 slot=3 size=256008 src=worker:11 dst=client:0
event=req_send ts_ns=18637535 id=411 clt=0 wrkr=1 slot=1 size=17 src=client:0 dst=worker:1
event=resp_recv_ud ts_ns=18669680 id=410 clt=0 wrkr=6 slot=0 size=41 src=worker:6 dst=client:0
event=hand_send ts_ns=18678327 id=410 clt=0 wrkr=6 slot=0 size=10 src=client:0 dst=worker:6
event=resp_recv_ud ts_ns=18696101 id=411 clt=0 wrkr=1 slot=1 size=41 src=worker:1 dst=client:0
event=hand_send ts_ns=18704748 id=411 clt=0 wrkr=1 slot=1 size=10 src=client:0 dst=worker:1
event=resp_rdma_read ts_ns=18728005 id=389 start_ns=17631681 dur_ns=1096324 clt=0 wrkr=0 slot=6 size=256008 src=worker:0 dst=client:0
event=req_send ts_ns=18728005 id=413 clt=0 wrkr=6 slot=1 size=17 src=client:0 dst=worker:6
event=resp_rdma_read ts_ns=18757353 id=394 start_ns=17724777 dur_ns=1032576 clt=0 wrkr=0 slot=7 size=256008 src=worker:0 dst=client:0
event=req_send ts_ns=18757353 id=414 clt=0 wrkr=0 slot=0 size=17 src=client:0 dst=worker:0
event=resp_recv_ud ts_ns=18790742 id=413 clt=0 wrkr=6 slot=1 size=41 src=worker:6 dst=client:0
event=hand_send ts_ns=18799389 id=413 clt=0 wrkr=6 slot=1 size=10 src=client:0 dst=worker:6
event=resp_recv_ud ts_ns=18818858 id=414 clt=0 wrkr=0 slot=0 size=41 src=worker:0 dst=client:0
event=hand_send ts_ns=18827505 id=414 clt=0 wrkr=0 slot=0 size=10 src=client:0 dst=worker:0
event=resp_rdma_read ts_ns=18968939 id=398 start_ns=17991919 dur_ns=977020 clt=0 wrkr=2 slot=4 size=256008 src=worker:2 dst=client:0
event=req_send ts_ns=18968939 id=421 clt=0 wrkr=2 slot=6 size=17 src=client:0 dst=worker:2
event=resp_recv_ud ts_ns=19036897 id=421 clt=0 wrkr=2 slot=6 size=41 src=worker:2 dst=client:0
event=hand_send ts_ns=19045544 id=421 clt=0 wrkr=2 slot=6 size=10 src=client:0 dst=worker:2
event=resp_rdma_read ts_ns=19060165 id=400 start_ns=18044672 dur_ns=1015493 clt=0 wrkr=5 slot=2 size=256008 src=worker:5 dst=client:0
event=req_send ts_ns=19060165 id=425 clt=0 wrkr=7 slot=1 size=17 src=client:0 dst=worker:7
event=resp_recv_ud ts_ns=19130694 id=425 clt=0 wrkr=7 slot=1 size=41 src=worker:7 dst=client:0
event=hand_send ts_ns=19139341 id=425 clt=0 wrkr=7 slot=1 size=10 src=client:0 dst=worker:7
event=resp_rdma_read ts_ns=19160340 id=407 start_ns=18454204 dur_ns=706136 clt=0 wrkr=2 slot=5 size=256008 src=worker:2 dst=client:0
event=req_send ts_ns=19160340 id=428 clt=0 wrkr=11 slot=4 size=17 src=client:0 dst=worker:11
event=resp_recv_ud ts_ns=19229399 id=428 clt=0 wrkr=11 slot=4 size=41 src=worker:11 dst=client:0
event=hand_send ts_ns=19238046 id=428 clt=0 wrkr=11 slot=4 size=10 src=client:0 dst=worker:11
event=resp_rdma_read ts_ns=19375919 id=405 start_ns=18398802 dur_ns=977117 clt=0 wrkr=8 slot=7 size=256008 src=worker:8 dst=client:0
event=req_send ts_ns=19375919 id=431 clt=0 wrkr=0 slot=1 size=17 src=client:0 dst=worker:0
event=resp_recv_ud ts_ns=19441658 id=431 clt=0 wrkr=0 slot=1 size=41 src=worker:0 dst=client:0
event=hand_send ts_ns=19450305 id=431 clt=0 wrkr=0 slot=1 size=10 src=client:0 dst=worker:0
event=resp_rdma_read ts_ns=19650053 id=410 start_ns=18678327 dur_ns=971726 clt=0 wrkr=6 slot=0 size=256008 src=worker:6 dst=client:0
event=req_send ts_ns=19650053 id=435 clt=0 wrkr=2 slot=7 size=17 src=client:0 dst=worker:2
event=resp_rdma_read ts_ns=19663825 id=411 start_ns=18704748 dur_ns=959077 clt=0 wrkr=1 slot=1 size=256008 src=worker:1 dst=client:0
event=req_send ts_ns=19663825 id=436 clt=0 wrkr=7 slot=2 size=17 src=client:0 dst=worker:7
event=resp_recv_ud ts_ns=19695517 id=435 clt=0 wrkr=2 slot=7 size=41 src=worker:2 dst=client:0
event=hand_send ts_ns=19704164 id=435 clt=0 wrkr=2 slot=7 size=10 src=client:0 dst=worker:2
event=resp_recv_ud ts_ns=19713223 id=436 clt=0 wrkr=7 slot=2 size=41 src=worker:7 dst=client:0
event=hand_send ts_ns=19721870 id=436 clt=0 wrkr=7 slot=2 size=10 src=client:0 dst=worker:7
event=resp_rdma_read ts_ns=19819014 id=413 start_ns=18799389 dur_ns=1019625 clt=0 wrkr=6 slot=1 size=256008 src=worker:6 dst=client:0
event=req_send ts_ns=19819014 id=438 clt=0 wrkr=0 slot=2 size=17 src=client:0 dst=worker:0
event=resp_recv_ud ts_ns=19879059 id=438 clt=0 wrkr=0 slot=2 size=41 src=worker:0 dst=client:0
event=hand_send ts_ns=19887706 id=438 clt=0 wrkr=0 slot=2 size=10 src=client:0 dst=worker:0
event=resp_rdma_read ts_ns=19887763 id=414 start_ns=18827505 dur_ns=1060258 clt=0 wrkr=0 slot=0 size=256008 src=worker:0 dst=client:0
event=req_send ts_ns=19887763 id=440 clt=0 wrkr=9 slot=1 size=17 src=client:0 dst=worker:9
event=resp_recv_ud ts_ns=19949072 id=440 clt=0 wrkr=9 slot=1 size=41 src=worker:9 dst=client:0
event=hand_send ts_ns=19957719 id=440 clt=0 wrkr=9 slot=1 size=10 src=client:0 dst=worker:9
event=resp_rdma_read ts_ns=20062771 id=428 start_ns=19238046 dur_ns=824725 clt=0 wrkr=11 slot=4 size=256008 src=worker:11 dst=client:0
event=req_send ts_ns=20062771 id=443 clt=0 wrkr=1 slot=2 size=17 src=client:0 dst=worker:1
event=resp_recv_ud ts_ns=20123086 id=443 clt=0 wrkr=1 slot=2 size=41 src=worker:1 dst=client:0
event=hand_send ts_ns=20131733 id=443 clt=0 wrkr=1 slot=2 size=10 src=client:0 dst=worker:1
event=resp_rdma_read ts_ns=20421612 id=421 start_ns=19045544 dur_ns=1376068 clt=0 wrkr=2 slot=6 size=256008 src=worker:2 dst=client:0
event=req_send ts_ns=20421612 id=449 clt=0 wrkr=0 slot=3 size=17 src=client:0 dst=worker:0
event=resp_rdma_read ts_ns=20428949 id=431 start_ns=19450305 dur_ns=978644 clt=0 wrkr=0 slot=1 size=256008 src=worker:0 dst=client:0
event=req_send ts_ns=20428949 id=450 clt=0 wrkr=0 slot=4 size=17 src=client:0 dst=worker:0
event=resp_recv_ud ts_ns=20475484 id=449 clt=0 wrkr=0 slot=3 size=41 src=worker:0 dst=client:0
event=hand_send ts_ns=20484131 id=449 clt=0 wrkr=0 slot=3 size=10 src=client:0 dst=worker:0
event=resp_recv_ud ts_ns=20492103 id=450 clt=0 wrkr=0 slot=4 size=41 src=worker:0 dst=client:0
event=resp_rdma_read ts_ns=20497443 id=436 start_ns=19721870 dur_ns=775573 clt=0 wrkr=7 slot=2 size=256008 src=worker:7 dst=client:0
event=req_send ts_ns=20497443 id=455 clt=0 wrkr=7 slot=3 size=17 src=client:0 dst=worker:7
event=hand_send ts_ns=20500750 id=450 clt=0 wrkr=0 slot=4 size=10 src=client:0 dst=worker:0
event=resp_recv_ud ts_ns=20559702 id=455 clt=0 wrkr=7 slot=3 size=41 src=worker:7 dst=client:0
event=hand_send ts_ns=20568349 id=455 clt=0 wrkr=7 slot=3 size=10 src=client:0 dst=worker:7
event=resp_rdma_read ts_ns=20571030 id=435 start_ns=19704164 dur_ns=866866 clt=0 wrkr=2 slot=7 size=256008 src=worker:2 dst=client:0
event=req_send ts_ns=20571030 id=459 clt=0 wrkr=8 slot=0 size=17 src=client:0 dst=worker:8
event=resp_rdma_read ts_ns=20613958 id=425 start_ns=19139341 dur_ns=1474617 clt=0 wrkr=7 slot=1 size=256008 src=worker:7 dst=client:0
event=req_send ts_ns=20613958 id=460 clt=0 wrkr=1 slot=3 size=17 src=client:0 dst=worker:1
event=resp_recv_ud ts_ns=20635638 id=459 clt=0 wrkr=8 slot=0 size=41 src=worker:8 dst=client:0
event=hand_send ts_ns=20644285 id=459 clt=0 wrkr=8 slot=0 size=10 src=client:0 dst=worker:8
event=resp_recv_ud ts_ns=20683185 id=460 clt=0 wrkr=1 slot=3 size=41 src=worker:1 dst=client:0
event=hand_send ts_ns=20691832 id=460 clt=0 wrkr=1 slot=3 size=10 src=client:0 dst=worker:1
event=resp_rdma_read ts_ns=20719159 id=440 start_ns=19957719 dur_ns=761440 clt=0 wrkr=9 slot=1 size=256008 src=worker:9 dst=client:0
event=req_send ts_ns=20719159 id=462 clt=0 wrkr=8 slot=1 size=17 src=client:0 dst=worker:8
event=resp_recv_ud ts_ns=20776165 id=462 clt=0 wrkr=8 slot=1 size=41 src=worker:8 dst=client:0
event=hand_send ts_ns=20784812 id=462 clt=0 wrkr=8 slot=1 size=10 src=client:0 dst=worker:8
event=resp_rdma_read ts_ns=20814683 id=438 start_ns=19887706 dur_ns=926977 clt=0 wrkr=0 slot=2 size=256008 src=worker:0 dst=client:0
event=req_send ts_ns=20814683 id=463 clt=0 wrkr=3 slot=3 size=17 src=client:0 dst=worker:3
event=resp_recv_ud ts_ns=20866550 id=463 clt=0 wrkr=3 slot=3 size=41 src=worker:3 dst=client:0
event=hand_send ts_ns=20875197 id=463 clt=0 wrkr=3 slot=3 size=10 src=client:0 dst=worker:3
event=resp_rdma_read ts_ns=20952696 id=443 start_ns=20131733 dur_ns=820963 clt=0 wrkr=1 slot=2 size=256008 src=worker:1 dst=client:0
event=req_send ts_ns=20952696 id=465 clt=0 wrkr=2 slot=0 size=17 src=client:0 dst=worker:2
event=resp_recv_ud ts_ns=21006300 id=465 clt=0 wrkr=2 slot=0 size=41 src=worker:2 dst=client:0
event=hand_send ts_ns=21014947 id=465 clt=0 wrkr=2 slot=0 size=10 src=client:0 dst=worker:2
event=resp_rdma_read ts_ns=21437141 id=449 start_ns=20484131 dur_ns=953010 clt=0 wrkr=0 slot=3 size=256008 src=worker:0 dst=client:0
event=req_send ts_ns=21437141 id=473 clt=0 wrkr=5 slot=3 size=17 src=client:0 dst=worker:5
event=resp_recv_ud ts_ns=21485032 id=473 clt=0 wrkr=5 slot=3 size=41 src=worker:5 dst=client:0
event=hand_send ts_ns=21493679 id=473 clt=0 wrkr=5 slot=3 size=10 src=client:0 dst=worker:5
event=resp_rdma_read ts_ns=21529137 id=463 start_ns=20875197 dur_ns=653940 clt=0 wrkr=3 slot=3 size=256008 src=worker:3 dst=client:0
event=req_send ts_ns=21529137 id=474 clt=0 wrkr=11 slot=5 size=17 src=client:0 dst=worker:11
event=resp_rdma_read ts_ns=21529699 id=450 start_ns=20500750 dur_ns=1028949 clt=0 wrkr=0 slot=4 size=256008 src=worker:0 dst=client:0
event=req_send ts_ns=21529699 id=475 clt=0 wrkr=4 slot=2 size=17 src=client:0 dst=worker:4
event=resp_recv_ud ts_ns=21589076 id=474 clt=0 wrkr=11 slot=5 size=41 src=worker:11 dst=client:0
event=resp_recv_ud ts_ns=21590992 id=475 clt=0 wrkr=4 slot=2 size=41 src=worker:4 dst=client:0
event=hand_send ts_ns=21597723 id=474 clt=0 wrkr=11 slot=5 size=10 src=client:0 dst=worker:11
event=hand_send ts_ns=21599639 id=475 clt=0 wrkr=4 slot=2 size=10 src=client:0 dst=worker:4
event=resp_rdma_read ts_ns=21611048 id=459 start_ns=20644285 dur_ns=966763 clt=0 wrkr=8 slot=0 size=256008 src=worker:8 dst=client:0
event=req_send ts_ns=21611048 id=479 clt=0 wrkr=11 slot=6 size=17 src=client:0 dst=worker:11
event=resp_rdma_read ts_ns=21613199 id=462 start_ns=20784812 dur_ns=828387 clt=0 wrkr=8 slot=1 size=256008 src=worker:8 dst=client:0
event=req_send ts_ns=21613199 id=480 clt=0 wrkr=0 slot=5 size=17 src=client:0 dst=worker:0
event=resp_recv_ud ts_ns=21672741 id=479 clt=0 wrkr=11 slot=6 size=41 src=worker:11 dst=client:0
event=resp_recv_ud ts_ns=21675419 id=480 clt=0 wrkr=0 slot=5 size=41 src=worker:0 dst=client:0
event=hand_send ts_ns=21681388 id=479 clt=0 wrkr=11 slot=6 size=10 src=client:0 dst=worker:11
event=hand_send ts_ns=21684066 id=480 clt=0 wrkr=0 slot=5 size=10 src=client:0 dst=worker:0
event=resp_rdma_read ts_ns=21700646 id=455 start_ns=20568349 dur_ns=1132297 clt=0 wrkr=7 slot=3 size=256008 src=worker:7 dst=client:0
event=req_send ts_ns=21700646 id=481 clt=0 wrkr=5 slot=4 size=17 src=client:0 dst=worker:5
event=resp_recv_ud ts_ns=21757732 id=481 clt=0 wrkr=5 slot=4 size=41 src=worker:5 dst=client:0
event=hand_send ts_ns=21766379 id=481 clt=0 wrkr=5 slot=4 size=10 src=client:0 dst=worker:5
event=resp_rdma_read ts_ns=22000954 id=465 start_ns=21014947 dur_ns=986007 clt=0 wrkr=2 slot=0 size=256008 src=worker:2 dst=client:0
event=req_send ts_ns=22000954 id=490 clt=0 wrkr=11 slot=7 size=17 src=client:0 dst=worker:11
event=resp_rdma_read ts_ns=22031841 id=460 start_ns=20691832 dur_ns=1340009 clt=0 wrkr=1 slot=3 size=256008 src=worker:1 dst=client:0
event=req_send ts_ns=22031841 id=492 clt=0 wrkr=10 slot=5 size=17 src=client:0 dst=worker:10
event=resp_recv_ud ts_ns=22070121 id=490 clt=0 wrkr=11 slot=7 size=41 src=worker:11 dst=client:0
event=hand_send ts_ns=22078768 id=490 clt=0 wrkr=11 slot=7 size=10 src=client:0 dst=worker:11
event=resp_recv_ud ts_ns=22102689 id=492 clt=0 wrkr=10 slot=5 size=41 src=worker:10 dst=client:0
event=hand_send ts_ns=22111336 id=492 clt=0 wrkr=10 slot=5 size=10 src=client:0 dst=worker:10
event=resp_rdma_read ts_ns=22268837 id=473 start_ns=21493679 dur_ns=775158 clt=0 wrkr=5 slot=3 size=256008 src=worker:5 dst=client:0
event=req_send ts_ns=22268837 id=496 clt=0 wrkr=3 slot=4 size=17 src=client:0 dst=worker:3
event=resp_recv_ud ts_ns=22311005 id=496 clt=0 wrkr=3 slot=4 size=41 src=worker:3 dst=client:0
event=hand_send ts_ns=22319652 id=496 clt=0 wrkr=3 slot=4 size=10 src=client:0 dst=worker:3
event=resp_rdma_read ts_ns=22534112 id=475 start_ns=21599639 dur_ns=934473 clt=0 wrkr=4 slot=2 size=256008 src=worker:4 dst=client:0
event=req_send ts_ns=22534112 id=499 clt=0 wrkr=6 slot=2 size=17 src=client:0 dst=worker:6
event=resp_rdma_read ts_ns=22539919 id=474 start_ns=21597723 dur_ns=942196 clt=0 wrkr=11 slot=5 size=256008 src=worker:11 dst=client:0
event=req_send ts_ns=22539919 id=500 clt=0 wrkr=0 slot=6 size=17 src=client:0 dst=worker:0
event=resp_recv_ud ts_ns=22586173 id=499 clt=0 wrkr=6 slot=2 size=41 src=worker:6 dst=client:0
event=hand_send ts_ns=22594820 id=499 clt=0 wrkr=6 slot=2 size=10 src=client:0 dst=worker:6
event=resp_recv_ud ts_ns=22605422 id=500 clt=0 wrkr=0 slot=6 size=41 src=worker:0 dst=client:0
event=hand_send ts_ns=22614069 id=500 clt=0 wrkr=0 slot=6 size=10 src=client:0 dst=worker:0
event=resp_rdma_read ts_ns=22655770 id=481 start_ns=21766379 dur_ns=889391 clt=0 wrkr=5 slot=4 size=256008 src=worker:5 dst=client:0
event=req_send ts_ns=22655770 id=501 clt=0 wrkr=9 slot=2 size=17 src=client:0 dst=worker:9
event=resp_recv_ud ts_ns=22708755 id=501 clt=0 wrkr=9 slot=2 size=41 src=worker:9 dst=client:0
event=hand_send ts_ns=22717402 id=501 clt=0 wrkr=9 slot=2 size=10 src=client:0 dst=worker:9
event=resp_rdma_read ts_ns=22719983 id=480 start_ns=21684066 dur_ns=1035917 clt=0 wrkr=0 slot=5 size=256008 src=worker:0 dst=client:0
event=req_send ts_ns=22719983 id=504 clt=0 wrkr=0 slot=7 size=17 src=client:0 dst=worker:0
event=resp_rdma_read ts_ns=22752598 id=479 start_ns=21681388 dur_ns=1071210 clt=0 wrkr=11 slot=6 size=256008 src=worker:11 dst=client:0
event=req_send ts_ns=22752598 id=505 clt=0 wrkr=4 slot=3 size=17 src=client:0 dst=worker:4
event=resp_recv_ud ts_ns=22778757 id=504 clt=0 wrkr=0 slot=7 size=41 src=worker:0 dst=client:0
event=hand_send ts_ns=22787404 id=504 clt=0 wrkr=0 slot=7 size=10 src=client:0 dst=worker:0
event=resp_recv_ud ts_ns=22805326 id=505 clt=0 wrkr=4 slot=3 size=41 src=worker:4 dst=client:0
event=hand_send ts_ns=22813973 id=505 clt=0 wrkr=4 slot=3 size=10 src=client:0 dst=worker:4
event=resp_rdma_read ts_ns=23180035 id=492 start_ns=22111336 dur_ns=1068699 clt=0 wrkr=10 slot=5 size=256008 src=worker:10 dst=client:0
event=req_send ts_ns=23180035 id=510 clt=0 wrkr=8 slot=2 size=17 src=client:0 dst=worker:8
event=resp_recv_ud ts_ns=23236951 id=510 clt=0 wrkr=8 slot=2 size=41 src=worker:8 dst=client:0
event=hand_send ts_ns=23245598 id=510 clt=0 wrkr=8 slot=2 size=10 src=client:0 dst=worker:8
event=resp_rdma_read ts_ns=23321695 id=496 start_ns=22319652 dur_ns=1002043 clt=0 wrkr=3 slot=4 size=256008 src=worker:3 dst=client:0
event=req_send ts_ns=23321695 id=514 clt=0 wrkr=4 slot=4 size=17 src=client:0 dst=worker:4
event=resp_rdma_read ts_ns=23351523 id=500 start_ns=22614069 dur_ns=737454 clt=0 wrkr=0 slot=6 size=256008 src=worker:0 dst=client:0
event=req_send ts_ns=23351523 id=515 clt=0 wrkr=7 slot=4 size=17 src=client:0 dst=worker:7
event=resp_recv_ud ts_ns=23381484 id=514 clt=0 wrkr=4 slot=4 size=41 src=worker:4 dst=client:0
event=hand_send ts_ns=23390131 id=514 clt=0 wrkr=4 slot=4 size=10 src=client:0 dst=worker:4
event=resp_recv_ud ts_ns=23410058 id=515 clt=0 wrkr=7 slot=4 size=41 src=worker:7 dst=client:0
event=hand_send ts_ns=23418705 id=515 clt=0 wrkr=7 slot=4 size=10 src=client:0 dst=worker:7
event=resp_rdma_read ts_ns=23446786 id=504 start_ns=22787404 dur_ns=659382 clt=0 wrkr=0 slot=7 size=256008 src=worker:0 dst=client:0
event=req_send ts_ns=23446786 id=519 clt=0 wrkr=5 slot=5 size=17 src=client:0 dst=worker:5
event=resp_rdma_read ts_ns=23455170 id=505 start_ns=22813973 dur_ns=641197 clt=0 wrkr=4 slot=3 size=256008 src=worker:4 dst=client:0
event=req_send ts_ns=23455170 id=520 clt=0 wrkr=7 slot=5 size=17 src=client:0 dst=worker:7
event=resp_recv_ud ts_ns=23507426 id=519 clt=0 wrkr=5 slot=5 size=41 src=worker:5 dst=client:0
event=hand_send ts_ns=23516073 id=519 clt=0 wrkr=5 slot=5 size=10 src=client:0 dst=worker:5
event=resp_recv_ud ts_ns=23518110 id=520 clt=0 wrkr=7 slot=5 size=41 src=worker:7 dst=client:0
event=resp_rdma_read ts_ns=23521585 id=499 start_ns=22594820 dur_ns=926765 clt=0 wrkr=6 slot=2 size=256008 src=worker:6 dst=client:0
event=req_send ts_ns=23521585 id=522 clt=0 wrkr=6 slot=3 size=17 src=client:0 dst=worker:6
event=hand_send ts_ns=23526757 id=520 clt=0 wrkr=7 slot=5 size=10 src=client:0 dst=worker:7
event=resp_rdma_read ts_ns=23585565 id=490 start_ns=22078768 dur_ns=1506797 clt=0 wrkr=11 slot=7 size=256008 src=worker:11 dst=client:0
event=req_send ts_ns=23585565 id=526 clt=0 wrkr=11 slot=0 size=17 src=client:0 dst=worker:11
event=resp_recv_ud ts_ns=23587492 id=522 clt=0 wrkr=6 slot=3 size=41 src=worker:6 dst=client:0
event=hand_send ts_ns=23596139 id=522 clt=0 wrkr=6 slot=3 size=10 src=client:0 dst=worker:6
event=resp_rdma_read ts_ns=23606723 id=501 start_ns=22717402 dur_ns=889321 clt=0 wrkr=9 slot=2 size=256008 src=worker:9 dst=client:0
event=req_send ts_ns=23606723 id=527 clt=0 wrkr=10 slot=6 size=17 src=client:0 dst=worker:10
event=resp_recv_ud ts_ns=23653974 id=526 clt=0 wrkr=11 slot=0 size=41 src=worker:11 dst=client:0
event=hand_send ts_ns=23662621 id=526 clt=0 wrkr=11 slot=0 size=10 src=client:0 dst=worker:11
event=resp_recv_ud ts_ns=23674455 id=527 clt=0 wrkr=10 slot=6 size=41 src=worker:10 dst=client:0
event=hand_send ts_ns=23683102 id=527 clt=0 wrkr=10 slot=6 size=10 src=client:0 dst=worker:10
event=resp_rdma_read ts_ns=24144046 id=510 start_ns=23245598 dur_ns=898448 clt=0 wrkr=8 slot=2 size=256008 src=worker:8 dst=client:0
event=req_send ts_ns=24144046 id=535 clt=0 wrkr=5 slot=6 size=17 src=client:0 dst=worker:5
event=resp_recv_ud ts_ns=24199374 id=535 clt=0 wrkr=5 slot=6 size=41 src=worker:5 dst=client:0
event=hand_send ts_ns=24208021 id=535 clt=0 wrkr=5 slot=6 size=10 src=client:0 dst=worker:5
event=resp_rdma_read ts_ns=24347560 id=514 start_ns=23390131 dur_ns=957429 clt=0 wrkr=4 slot=4 size=256008 src=worker:4 dst=client:0
event=req_send ts_ns=24347560 id=538 clt=0 wrkr=1 slot=4 size=17 src=client:0 dst=worker:1
event=resp_recv_ud ts_ns=24408283 id=538 clt=0 wrkr=1 slot=4 size=41 src=worker:1 dst=client:0
event=hand_send ts_ns=24416930 id=538 clt=0 wrkr=1 slot=4 size=10 src=client:0 dst=worker:1
event=resp_rdma_read ts_ns=24424212 id=515 start_ns=23418705 dur_ns=1005507 clt=0 wrkr=7 slot=4 size=256008 src=worker:7 dst=client:0
event=req_send ts_ns=24424212 id=539 clt=0 wrkr=4 slot=5 size=17 src=client:0 dst=worker:4
event=resp_recv_ud ts_ns=24480206 id=539 clt=0 wrkr=4 slot=5 size=41 src=worker:4 dst=client:0
event=hand_send ts_ns=24488853 id=539 clt=0 wrkr=4 slot=5 size=10 src=client:0 dst=worker:4
event=resp_rdma_read ts_ns=24648126 id=519 start_ns=23516073 dur_ns=1132053 clt=0 wrkr=5 slot=5 size=256008 src=worker:5 dst=client:0
event=req_send ts_ns=24648126 id=543 clt=0 wrkr=8 slot=3 size=17 src=client:0 dst=worker:8
event=resp_recv_ud ts_ns=24698867 id=543 clt=0 wrkr=8 slot=3 size=41 src=worker:8 dst=client:0
event=hand_send ts_ns=24707514 id=543 clt=0 wrkr=8 slot=3 size=10 src=client:0 dst=worker:8
event=resp_rdma_read ts_ns=24730330 id=520 start_ns=23526757 dur_ns=1203573 clt=0 wrkr=7 slot=5 size=256008 src=worker:7 dst=client:0
event=req_send ts_ns=24730330 id=547 clt=0 wrkr=11 slot=1 size=17 src=client:0 dst=worker:11
event=resp_recv_ud ts_ns=24792727 id=547 clt=0 wrkr=11 slot=1 size=41 src=worker:11 dst=client:0
event=hand_send ts_ns=24801374 id=547 clt=0 wrkr=11 slot=1 size=10 src=client:0 dst=worker:11
event=resp_rdma_read ts_ns=24876533 id=522 start_ns=23596139 dur_ns=1280394 clt=0 wrkr=6 slot=3 size=256008 src=worker:6 dst=client:0
event=req_send ts_ns=24876533 id=549 clt=0 wrkr=0 slot=0 size=17 src=client:0 dst=worker:0
event=resp_recv_ud ts_ns=24941073 id=549 clt=0 wrkr=0 slot=0 size=41 src=worker:0 dst=client:0
event=hand_send ts_ns=24949720 id=549 clt=0 wrkr=0 slot=0 size=10 src=client:0 dst=worker:0
event=resp_rdma_read ts_ns=24967962 id=526 start_ns=23662621 dur_ns=1305341 clt=0 wrkr=11 slot=0 size=256008 src=worker:11 dst=client:0
event=req_send ts_ns=24967962 id=554 clt=0 wrkr=10 slot=7 size=17 src=client:0 dst=worker:10
event=resp_rdma_read ts_ns=24993936 id=535 start_ns=24208021 dur_ns=785915 clt=0 wrkr=5 slot=6 size=256008 src=worker:5 dst=client:0
event=req_send ts_ns=24993936 id=555 clt=0 wrkr=1 slot=5 size=17 src=client:0 dst=worker:1
event=resp_recv_ud ts_ns=25036159 id=554 clt=0 wrkr=10 slot=7 size=41 src=worker:10 dst=client:0
event=resp_rdma_read ts_ns=25044059 id=527 start_ns=23683102 dur_ns=1360957 clt=0 wrkr=10 slot=6 size=256008 src=worker:10 dst=client:0
event=req_send ts_ns=25044059 id=557 clt=0 wrkr=2 slot=1 size=17 src=client:0 dst=worker:2
event=hand_send ts_ns=25044806 id=554 clt=0 wrkr=10 slot=7 size=10 src=client:0 dst=worker:10
event=resp_recv_ud ts_ns=25062834 id=555 clt=0 wrkr=1 slot=5 size=41 src=worker:1 dst=client:0
event=hand_send ts_ns=25071481 id=555 clt=0 wrkr=1 slot=5 size=10 src=client:0 dst=worker:1
event=resp_recv_ud ts_ns=25114998 id=557 clt=0 wrkr=2 slot=1 size=41 src=worker:2 dst=client:0
event=hand_send ts_ns=25123645 id=557 clt=0 wrkr=2 slot=1 size=10 src=client:0 dst=worker:2
event=resp_rdma_read ts_ns=25151525 id=538 start_ns=24416930 dur_ns=734595 clt=0 wrkr=1 slot=4 size=256008 src=worker:1 dst=client:0
event=req_send ts_ns=25151525 id=560 clt=0 wrkr=7 slot=6 size=17 src=client:0 dst=worker:7
event=resp_recv_ud ts_ns=25220561 id=560 clt=0 wrkr=7 slot=6 size=41 src=worker:7 dst=client:0
event=hand_send ts_ns=25229208 id=560 clt=0 wrkr=7 slot=6 size=10 src=client:0 dst=worker:7
event=resp_rdma_read ts_ns=25380242 id=539 start_ns=24488853 dur_ns=891389 clt=0 wrkr=4 slot=5 size=256008 src=worker:4 dst=client:0
event=req_send ts_ns=25380242 id=564 clt=0 wrkr=8 slot=4 size=17 src=client:0 dst=worker:8
event=resp_recv_ud ts_ns=25446523 id=564 clt=0 wrkr=8 slot=4 size=41 src=worker:8 dst=client:0
event=hand_send ts_ns=25455170 id=564 clt=0 wrkr=8 slot=4 size=10 src=client:0 dst=worker:8
event=resp_rdma_read ts_ns=25606330 id=543 start_ns=24707514 dur_ns=898816 clt=0 wrkr=8 slot=3 size=256008 src=worker:8 dst=client:0
event=req_send ts_ns=25606330 id=566 clt=0 wrkr=0 slot=1 size=17 src=client:0 dst=worker:0
event=resp_recv_ud ts_ns=25651866 id=566 clt=0 wrkr=0 slot=1 size=41 src=worker:0 dst=client:0
event=hand_send ts_ns=25660513 id=566 clt=0 wrkr=0 slot=1 size=10 src=client:0 dst=worker:0
event=resp_rdma_read ts_ns=25871455 id=547 start_ns=24801374 dur_ns=1070081 clt=0 wrkr=11 slot=1 size=256008 src=worker:11 dst=client:0
event=req_send ts_ns=25871455 id=570 clt=0 wrkr=9 slot=3 size=17 src=client:0 dst=worker:9
event=resp_recv_ud ts_ns=25923039 id=570 clt=0 wrkr=9 slot=3 size=41 src=worker:9 dst=client:0
event=hand_send ts_ns=25931686 id=570 clt=0 wrkr=9 slot=3 size=10 src=client:0 dst=worker:9
event=resp_rdma_read ts_ns=26142570 id=549 start_ns=24949720 dur_ns=1192850 clt=0 wrkr=0 slot=0 size=256008 src=worker:0 dst=client:0
event=req_send ts_ns=26142570 id=574 clt=0 wrkr=6 slot=4 size=17 src=client:0 dst=worker:6
event=resp_rdma_read ts_ns=26143921 id=564 start_ns=25455170 dur_ns=688751 clt=0 wrkr=8 slot=4 size=256008 src=worker:8 dst=client:0
event=req_send ts_ns=26143921 id=576 clt=0 wrkr=9 slot=4 size=17 src=client:0 dst=worker:9
event=resp_recv_ud ts_ns=26196170 id=574 clt=0 wrkr=6 slot=4 size=41 src=worker:6 dst=client:0
event=resp_recv_ud ts_ns=26204435 id=576 clt=0 wrkr=9 slot=4 size=41 src=worker:9 dst=client:0
event=hand_send ts_ns=26204817 id=574 clt=0 wrkr=6 slot=4 size=10 src=client:0 dst=worker:6
event=hand_send ts_ns=26213082 id=576 clt=0 wrkr=9 slot=4 size=10 src=client:0 dst=worker:9
event=resp_rdma_read ts_ns=26237300 id=555 start_ns=25071481 dur_ns=1165819 clt=0 wrkr=1 slot=5 size=256008 src=worker:1 dst=client:0
event=req_send ts_ns=26237300 id=578 clt=0 wrkr=11 slot=2 size=17 src=client:0 dst=worker:11
event=resp_recv_ud ts_ns=26298865 id=578 clt=0 wrkr=11 slot=2 size=41 src=worker:11 dst=client:0
event=hand_send ts_ns=26307512 id=578 clt=0 wrkr=11 slot=2 size=10 src=client:0 dst=worker:11
event=resp_rdma_read ts_ns=26482602 id=560 start_ns=25229208 dur_ns=1253394 clt=0 wrkr=7 slot=6 size=256008 src=worker:7 dst=client:0
event=req_send ts_ns=26482602 id=585 clt=0 wrkr=8 slot=5 size=17 src=client:0 dst=worker:8
event=resp_recv_ud ts_ns=26542792 id=585 clt=0 wrkr=8 slot=5 size=41 src=worker:8 dst=client:0
event=hand_send ts_ns=26551439 id=585 clt=0 wrkr=8 slot=5 size=10 src=client:0 dst=worker:8
event=resp_rdma_read ts_ns=26565743 id=554 start_ns=25044806 dur_ns=1520937 clt=0 wrkr=10 slot=7 size=256008 src=worker:10 dst=client:0
event=req_send ts_ns=26565743 id=588 clt=0 wrkr=2 slot=2 size=17 src=client:0 dst=worker:2
event=resp_rdma_read ts_ns=26594209 id=566 start_ns=25660513 dur_ns=933696 clt=0 wrkr=0 slot=1 size=256008 src=worker:0 dst=client:0
event=req_send ts_ns=26594209 id=589 clt=0 wrkr=1 slot=6 size=17 src=client:0 dst=worker:1
event=resp_rdma_read ts_ns=26600582 id=557 start_ns=25123645 dur_ns=1476937 clt=0 wrkr=2 slot=1 size=256008 src=worker:2 dst=client:0
event=req_send ts_ns=26600582 id=590 clt=0 wrkr=4 slot=6 size=17 src=client:0 dst=worker:4
event=resp_recv_ud ts_ns=26634626 id=588 clt=0 wrkr=2 slot=2 size=41 src=worker:2 dst=client:0
event=hand_send ts_ns=26643273 id=588 clt=0 wrkr=2 slot=2 size=10 src=client:0 dst=worker:2
event=resp_recv_ud ts_ns=26663225 id=589 clt=0 wrkr=1 slot=6 size=41 src=worker:1 dst=client:0
event=resp_recv_ud ts_ns=26670604 id=590 clt=0 wrkr=4 slot=6 size=41 src=worker:4 dst=client:0
event=hand_send ts_ns=26671872 id=589 clt=0 wrkr=1 slot=6 size=10 src=client:0 dst=worker:1
event=hand_send ts_ns=26679251 id=590 clt=0 wrkr=4 slot=6 size=10 src=client:0 dst=worker:4
event=resp_rdma_read ts_ns=26790646 id=570 start_ns=25931686 dur_ns=858960 clt=0 wrkr=9 slot=3 size=256008 src=worker:9 dst=client:0
event=req_send ts_ns=26790646 id=596 clt=0 wrkr=2 slot=3 size=17 src=client:0 dst=worker:2
event=resp_recv_ud ts_ns=26858540 id=596 clt=0 wrkr=2 slot=3 size=41 src=worker:2 dst=client:0
event=hand_send ts_ns=26867187 id=596 clt=0 wrkr=2 slot=3 size=10 src=client:0 dst=worker:2
event=resp_rdma_read ts_ns=27121362 id=574 start_ns=26204817 dur_ns=916545 clt=0 wrkr=6 slot=4 size=256008 src=worker:6 dst=client:0
event=req_send ts_ns=27121362 id=598 clt=0 wrkr=1 slot=7 size=17 src=client:0 dst=worker:1
event=resp_rdma_read ts_ns=27154093 id=576 start_ns=26213082 dur_ns=941011 clt=0 wrkr=9 slot=4 size=256008 src=worker:9 dst=client:0
event=req_send ts_ns=27154093 id=599 clt=0 wrkr=3 slot=5 size=17 src=client:0 dst=worker:3
event=resp_recv_ud ts_ns=27162305 id=598 clt=0 wrkr=1 slot=7 size=41 src=worker:1 dst=client:0
event=hand_send ts_ns=27170952 id=598 clt=0 wrkr=1 slot=7 size=10 src=client:0 dst=worker:1
event=resp_recv_ud ts_ns=27213519 id=599 clt=0 wrkr=3 slot=5 size=41 src=worker:3 dst=client:0
event=hand_send ts_ns=27222166 id=599 clt=0 wrkr=3 slot=5 size=10 src=client:0 dst=worker:3
event=resp_rdma_read ts_ns=27348583 id=578 start_ns=26307512 dur_ns=1041071 clt=0 wrkr=11 slot=2 size=256008 src=worker:11 dst=client:0
event=req_send ts_ns=27348583 id=603 clt=0 wrkr=0 slot=2 size=17 src=client:0 dst=worker:0
event=resp_recv_ud ts_ns=27401039 id=603 clt=0 wrkr=0 slot=2 size=41 src=worker:0 dst=client:0
event=hand_send ts_ns=27409686 id=603 clt=0 wrkr=0 slot=2 size=10 src=client:0 dst=worker:0
event=resp_rdma_read ts_ns=27658597 id=585 start_ns=26551439 dur_ns=1107158 clt=0 wrkr=8 slot=5 size=256008 src=worker:8 dst=client:0
event=req_send ts_ns=27658597 id=609 clt=0 wrkr=8 slot=6 size=17 src=client:0 dst=worker:8
event=resp_recv_ud ts_ns=27697914 id=609 clt=0 wrkr=8 slot=6 size=41 src=worker:8 dst=client:0
event=hand_send ts_ns=27706561 id=609 clt=0 wrkr=8 slot=6 size=10 src=client:0 dst=worker:8
event=resp_rdma_read ts_ns=27752699 id=596 start_ns=26867187 dur_ns=885512 clt=0 wrkr=2 slot=3 size=256008 src=worker:2 dst=client:0
event=req_send ts_ns=27752699 id=610 clt=0 wrkr=8 slot=7 size=17 src=client:0 dst=worker:8
event=resp_recv_ud ts_ns=27798420 id=610 clt=0 wrkr=8 slot=7 size=41 src=worker:8 dst=client:0
event=hand_send ts_ns=27807067 id=610 clt=0 wrkr=8 slot=7 size=10 src=client:0 dst=worker:8
event=resp_rdma_read ts_ns=28067553 id=590 start_ns=26679251 dur_ns=1388302 clt=0 wrkr=4 slot=6 size=256008 src=worker:4 dst=client:0
event=req_send ts_ns=28067553 id=618 clt=0 wrkr=7 slot=7 size=17 src=client:0 dst=worker:7
event=resp_recv_ud ts_ns=28127426 id=618 clt=0 wrkr=7 slot=7 size=41 src=worker:7 dst=client:0
event=resp_rdma_read ts_ns=28135544 id=599 start_ns=27222166 dur_ns=913378 clt=0 wrkr=3 slot=5 size=256008 src=worker:3 dst=client:0
event=req_send ts_ns=28135544 id=620 clt=0 wrkr=8 slot=0 size=17 src=client:0 dst=worker:8
event=hand_send ts_ns=28136073 id=618 clt=0 wrkr=7 slot=7 size=10 src=client:0 dst=worker:7
event=resp_rdma_read ts_ns=28140632 id=589 start_ns=26671872 dur_ns=1468760 clt=0 wrkr=1 slot=6 size=256008 src=worker:1 dst=client:0
event=req_send ts_ns=28140632 id=621 clt=0 wrkr=2 slot=4 size=17 src=client:0 dst=worker:2
event=resp_rdma_read ts_ns=28141201 id=598 start_ns=27170952 dur_ns=970249 clt=0 wrkr=1 slot=7 size=256008 src=worker:1 dst=client:0
event=req_send ts_ns=28141201 id=622 clt=0 wrkr=8 slot=1 size=17 src=client:0 dst=worker:8
event=resp_rdma_read ts_ns=28176385 id=588 start_ns=26643273 dur_ns=1533112 clt=0 wrkr=2 slot=2 size=256008 src=worker:2 dst=client:0
event=req_send ts_ns=28176385 id=624 clt=0 wrkr=3 slot=6 size=17 src=client:0 dst=worker:3
event=resp_recv_ud ts_ns=28197605 id=620 clt=0 wrkr=8 slot=0 size=41 src=worker:8 dst=client:0
event=resp_recv_ud ts_ns=28202865 id=621 clt=0 wrkr=2 slot=4 size=41 src=worker:2 dst=client:0
event=resp_recv_ud ts_ns=28202960 id=622 clt=0 wrkr=8 slot=1 size=41 src=worker:8 dst=client:0
event=hand_send ts_ns=28206252 id=620 clt=0 wrkr=8 slot=0 size=10 src=client:0 dst=worker:8
event=hand_send ts_ns=28211512 id=621 clt=0 wrkr=2 slot=4 size=10 src=client:0 dst=worker:2
event=hand_send ts_ns=28211607 id=622 clt=0 wrkr=8 slot=1 size=10 src=client:0 dst=worker:8
event=resp_recv_ud ts_ns=28239802 id=624 clt=0 wrkr=3 slot=6 size=41 src=worker:3 dst=client:0
event=hand_send ts_ns=28248449 id=624 clt=0 wrkr=3 slot=6 size=10 src=client:0 dst=worker:3
event=resp_rdma_read ts_ns=28346790 id=603 start_ns=27409686 dur_ns=937104 clt=0 wrkr=0 slot=2 size=256008 src=worker:0 dst=client:0
event=req_send ts_ns=28346790 id=630 clt=0 wrkr=3 slot=7 size=17 src=client:0 dst=worker:3
event=resp_recv_ud ts_ns=28413014 id=630 clt=0 wrkr=3 slot=7 size=41 src=worker:3 dst=client:0
event=hand_send ts_ns=28421661 id=630 clt=0 wrkr=3 slot=7 size=10 src=client:0 dst=worker:3
event=resp_rdma_read ts_ns=28555016 id=609 start_ns=27706561 dur_ns=848455 clt=0 wrkr=8 slot=6 size=256008 src=worker:8 dst=client:0
event=req_send ts_ns=28555016 id=633 clt=0 wrkr=4 slot=7 size=17 src=client:0 dst=worker:4
event=resp_rdma_read ts_ns=28567896 id=610 start_ns=27807067 dur_ns=760829 clt=0 wrkr=8 slot=7 size=256008 src=worker:8 dst=client:0
event=req_send ts_ns=28567896 id=634 clt=0 wrkr=10 slot=0 size=17 src=client:0 dst=worker:10
event=resp_recv_ud ts_ns=28614401 id=633 clt=0 wrkr=4 slot=7 size=41 src=worker:4 dst=client:0
event=hand_send ts_ns=28623048 id=633 clt=0 wrkr=4 slot=7 size=10 src=client:0 dst=worker:4
event=resp_recv_ud ts_ns=28633617 id=634 clt=0 wrkr=10 slot=0 size=41 src=worker:10 dst=client:0
event=hand_send ts_ns=28642264 id=634 clt=0 wrkr=10 slot=0 size=10 src=client:0 dst=worker:10
event=resp_rdma_read ts_ns=28911370 id=618 start_ns=28136073 dur_ns=775297 clt=0 wrkr=7 slot=7 size=256008 src=worker:7 dst=client:0
event=req_send ts_ns=28911370 id=640 clt=0 wrkr=11 slot=3 size=17 src=client:0 dst=worker:11
event=resp_recv_ud ts_ns=28972880 id=640 clt=0 wrkr=11 slot=3 size=41 src=worker:11 dst=client:0
event=hand_send ts_ns=28981527 id=640 clt=0 wrkr=11 slot=3 size=10 src=client:0 dst=worker:11
event=resp_rdma_read ts_ns=29269860 id=620 start_ns=28206252 dur_ns=1063608 clt=0 wrkr=8 slot=0 size=256008 src=worker:8 dst=client:0
event=resp_rdma_read ts_ns=29288821 id=622 start_ns=28211607 dur_ns=1077214 clt=0 wrkr=8 slot=1 size=256008 src=worker:8 dst=client:0
event=resp_rdma_read ts_ns=29321030 id=621 start_ns=28211512 dur_ns=1109518 clt=0 wrkr=2 slot=4 size=256008 src=worker:2 dst=client:0
event=resp_rdma_read ts_ns=29421554 id=634 start_ns=28642264 dur_ns=779290 clt=0 wrkr=10 slot=0 size=256008 src=worker:10 dst=client:0
event=resp_rdma_read ts_ns=29488605 id=630 start_ns=28421661 dur_ns=1066944 clt=0 wrkr=3 slot=7 size=256008 src=worker:3 dst=client:0
event=resp_rdma_read ts_ns=29505055 id=624 start_ns=28248449 dur_ns=1256606 clt=0 wrkr=3 slot=6 size=256008 src=worker:3 dst=client:0
event=resp_rdma_read ts_ns=29580245 id=633 start_ns=28623048 dur_ns=957197 clt=0 wrkr=4 slot=7 size=256008 src=worker:4 dst=client:0
event=resp_rdma_read ts_ns=29936198 id=640 start_ns=28981527 dur_ns=954671 clt=0 wrkr=11 slot=3 size=256008 src=worker:11 dst=client:0
