event=req_send ts_ns=1 id=1 clt=1 wrkr=0 slot=0 size=17 src=client:1 dst=worker:0
event=req_send ts_ns=2501 id=4 clt=1 wrkr=1 slot=0 size=17 src=client:1 dst=worker:1
event=req_send ts_ns=5001 id=7 clt=1 wrkr=4 slot=0 size=17 src=client:1 dst=worker:4
event=req_send ts_ns=7501 id=10 clt=1 wrkr=2 slot=0 size=17 src=client:1 dst=worker:2
event=req_send ts_ns=10001 id=13 clt=1 wrkr=1 slot=1 size=17 src=client:1 dst=worker:1
event=req_send ts_ns=12501 id=16 clt=1 wrkr=6 slot=0 size=17 src=client:1 dst=worker:6
event=req_send ts_ns=15001 id=19 clt=1 wrkr=6 slot=1 size=17 src=client:1 dst=worker:6
event=req_send ts_ns=17501 id=22 clt=1 wrkr=8 slot=0 size=17 src=client:1 dst=worker:8
event=req_send ts_ns=20001 id=25 clt=1 wrkr=7 slot=0 size=17 src=client:1 dst=worker:7
event=req_send ts_ns=22501 id=28 clt=1 wrkr=9 slot=0 size=17 src=client:1 dst=worker:9
event=resp_recv_ud ts_ns=24158 id=1 clt=1 wrkr=0 slot=0 size=41 src=worker:0 dst=client:1
event=req_send ts_ns=25001 id=31 clt=1 wrkr=11 slot=0 size=17 src=client:1 dst=worker:11
event=req_send ts_ns=27501 id=34 clt=1 wrkr=3 slot=0 size=17 src=client:1 dst=worker:3
event=req_send ts_ns=30001 id=37 clt=1 wrkr=8 slot=1 size=17 src=client:1 dst=worker:8
event=req_send ts_ns=32501 id=40 clt=1 wrkr=4 slot=1 size=17 src=client:1 dst=worker:4
event=hand_send ts_ns=32805 id=1 clt=1 wrkr=0 slot=0 size=10 src=client:1 dst=worker:0
event=req_send ts_ns=35001 id=43 clt=1 wrkr=8 slot=2 size=17 src=client:1 dst=worker:8
event=req_send ts_ns=37501 id=46 clt=1 wrkr=10 slot=0 size=17 src=client:1 dst=worker:10
event=resp_recv_ud ts_ns=54552 id=4 clt=1 wrkr=1 slot=0 size=41 src=worker:1 dst=client:1
event=resp_recv_ud ts_ns=54877 id=7 clt=1 wrkr=4 slot=0 size=41 src=worker:4 dst=client:1
event=resp_recv_ud ts_ns=57832 id=10 clt=1 wrkr=2 slot=0 size=41 src=worker:2 dst=client:1
event=resp_recv_ud ts_ns=60931 id=13 clt=1 wrkr=1 slot=1 size=41 src=worker:1 dst=client:1
event=hand_send ts_ns=63199 id=4 clt=1 wrkr=1 slot=0 size=10 src=client:1 dst=worker:1
event=resp_recv_ud ts_ns=63259 id=16 clt=1 wrkr=6 slot=0 size=41 src=worker:6 dst=client:1
event=hand_send ts_ns=63524 id=7 clt=1 wrkr=4 slot=0 size=10 src=client:1 dst=worker:4
event=resp_recv_ud ts_ns=63669 id=19 clt=1 wrkr=6 slot=1 size=41 src=worker:6 dst=client:1
event=resp_recv_ud ts_ns=64784 id=22 clt=1 wrkr=8 slot=0 size=41 src=worker:8 dst=client:1
event=resp_recv_ud ts_ns=65925 id=25 clt=1 wrkr=7 slot=0 size=41 src=worker:7 dst=client:1
event=hand_send ts_ns=66479 id=10 clt=1 wrkr=2 slot=0 size=10 src=client:1 dst=worker:2
event=resp_recv_ud ts_ns=67255 id=28 clt=1 wrkr=9 slot=0 size=41 src=worker:9 dst=client:1
event=resp_recv_ud ts_ns=69069 id=31 clt=1 wrkr=11 slot=0 size=41 src=worker:11 dst=client:1
event=resp_recv_ud ts_ns=69302 id=34 clt=1 wrkr=3 slot=0 size=41 src=worker:3 dst=client:1
event=hand_send ts_ns=69578 id=13 clt=1 wrkr=1 slot=1 size=10 src=client:1 dst=worker:1
event=resp_recv_ud ts_ns=70430 id=37 clt=1 wrkr=8 slot=1 size=41 src=worker:8 dst=client:1
event=hand_send ts_ns=71906 id=16 clt=1 wrkr=6 slot=0 size=10 src=client:1 dst=worker:6
event=resp_recv_ud ts_ns=72137 id=40 clt=1 wrkr=4 slot=1 size=41 src=worker:4 dst=client:1
event=hand_send ts_ns=72316 id=19 clt=1 wrkr=6 slot=1 size=10 src=client:1 dst=worker:6
event=hand_send ts_ns=73431 id=22 clt=1 wrkr=8 slot=0 size=10 src=client:1 dst=worker:8
event=hand_send ts_ns=74572 id=25 clt=1 wrkr=7 slot=0 size=10 src=client:1 dst=worker:7
event=resp_recv_ud ts_ns=75074 id=43 clt=1 wrkr=8 slot=2 size=41 src=worker:8 dst=client:1
event=hand_send ts_ns=75902 id=28 clt=1 wrkr=9 slot=0 size=10 src=client:1 dst=worker:9
event=resp_recv_ud ts_ns=76805 id=46 clt=1 wrkr=10 slot=0 size=41 src=worker:10 dst=client:1
event=hand_send ts_ns=77716 id=31 clt=1 wrkr=11 slot=0 size=10 src=client:1 dst=worker:11
event=hand_send ts_ns=77949 id=34 clt=1 wrkr=3 slot=0 size=10 src=client:1 dst=worker:3
event=hand_send ts_ns=79077 id=37 clt=1 wrkr=8 slot=1 size=10 src=client:1 dst=worker:8
event=hand_send ts_ns=80784 id=40 clt=1 wrkr=4 slot=1 size=10 src=client:1 dst=worker:4
event=hand_send ts_ns=83721 id=43 clt=1 wrkr=8 slot=2 size=10 src=client:1 dst=worker:8
event=hand_send ts_ns=85452 id=46 clt=1 wrkr=10 slot=0 size=10 src=client:1 dst=worker:10
event=resp_rdma_read ts_ns=411680 id=1 start_ns=32805 dur_ns=378875 clt=1 wrkr=0 slot=0 size=102408 src=worker:0 dst=client:1
event=req_send ts_ns=411680 id=48 clt=1 wrkr=9 slot=1 size=17 src=client:1 dst=worker:9
event=resp_rdma_read ts_ns=449862 id=4 start_ns=63199 dur_ns=386663 clt=1 wrkr=1 slot=0 size=102408 src=worker:1 dst=client:1
event=req_send ts_ns=449862 id=53 clt=1 wrkr=11 slot=1 size=17 src=client:1 dst=worker:11
event=resp_rdma_read ts_ns=452499 id=7 start_ns=63524 dur_ns=388975 clt=1 wrkr=4 slot=0 size=102408 src=worker:4 dst=client:1
event=req_send ts_ns=452499 id=54 clt=1 wrkr=1 slot=2 size=17 src=client:1 dst=worker:1
event=resp_recv_ud ts_ns=454453 id=48 clt=1 wrkr=9 slot=1 size=41 src=worker:9 dst=client:1
event=hand_send ts_ns=463100 id=48 clt=1 wrkr=9 slot=1 size=10 src=client:1 dst=worker:9
event=resp_rdma_read ts_ns=468173 id=10 start_ns=66479 dur_ns=401694 clt=1 wrkr=2 slot=0 size=102408 src=worker:2 dst=client:1
event=req_send ts_ns=468173 id=56 clt=1 wrkr=10 slot=1 size=17 src=client:1 dst=worker:10
event=resp_rdma_read ts_ns=474695 id=13 start_ns=69578 dur_ns=405117 clt=1 wrkr=1 slot=1 size=102408 src=worker:1 dst=client:1
event=req_send ts_ns=474695 id=58 clt=1 wrkr=1 slot=3 size=17 src=client:1 dst=worker:1
event=resp_rdma_read ts_ns=490233 id=16 start_ns=71906 dur_ns=418327 clt=1 wrkr=6 slot=0 size=102408 src=worker:6 dst=client:1
event=req_send ts_ns=490233 id=61 clt=1 wrkr=8 slot=3 size=17 src=client:1 dst=worker:8
event=resp_rdma_read ts_ns=493023 id=19 start_ns=72316 dur_ns=420707 clt=1 wrkr=6 slot=1 size=102408 src=worker:6 dst=client:1
event=req_send ts_ns=493023 id=62 clt=1 wrkr=9 slot=2 size=17 src=client:1 dst=worker:9
event=resp_rdma_read ts_ns=502453 id=22 start_ns=73431 dur_ns=429022 clt=1 wrkr=8 slot=0 size=102408 src=worker:8 dst=client:1
event=req_send ts_ns=502453 id=63 clt=1 wrkr=5 slot=0 size=17 src=client:1 dst=worker:5
event=resp_rdma_read ts_ns=508884 id=25 start_ns=74572 dur_ns=434312 clt=1 wrkr=7 slot=0 size=102408 src=worker:7 dst=client:1
event=req_send ts_ns=508884 id=65 clt=1 wrkr=7 slot=1 size=17 src=client:1 dst=worker:7
event=resp_recv_ud ts_ns=519279 id=53 clt=1 wrkr=11 slot=1 size=41 src=worker:11 dst=client:1
event=resp_recv_ud ts_ns=521515 id=54 clt=1 wrkr=1 slot=2 size=41 src=worker:1 dst=client:1
event=resp_rdma_read ts_ns=526193 id=28 start_ns=75902 dur_ns=450291 clt=1 wrkr=9 slot=0 size=102408 src=worker:9 dst=client:1
event=req_send ts_ns=526193 id=69 clt=1 wrkr=6 slot=2 size=17 src=client:1 dst=worker:6
event=hand_send ts_ns=527926 id=53 clt=1 wrkr=11 slot=1 size=10 src=client:1 dst=worker:11
event=hand_send ts_ns=530162 id=54 clt=1 wrkr=1 slot=2 size=10 src=client:1 dst=worker:1
event=resp_recv_ud ts_ns=537244 id=56 clt=1 wrkr=10 slot=1 size=41 src=worker:10 dst=client:1
event=resp_recv_ud ts_ns=543230 id=58 clt=1 wrkr=1 slot=3 size=41 src=worker:1 dst=client:1
event=resp_rdma_read ts_ns=545287 id=31 start_ns=77716 dur_ns=467571 clt=1 wrkr=11 slot=0 size=102408 src=worker:11 dst=client:1
event=req_send ts_ns=545287 id=72 clt=1 wrkr=9 slot=3 size=17 src=client:1 dst=worker:9
event=hand_send ts_ns=545891 id=56 clt=1 wrkr=10 slot=1 size=10 src=client:1 dst=worker:10
event=hand_send ts_ns=551877 id=58 clt=1 wrkr=1 slot=3 size=10 src=client:1 dst=worker:1
event=resp_rdma_read ts_ns=556063 id=34 start_ns=77949 dur_ns=478114 clt=1 wrkr=3 slot=0 size=102408 src=worker:3 dst=client:1
event=req_send ts_ns=556063 id=74 clt=1 wrkr=0 slot=1 size=17 src=client:1 dst=worker:0
event=resp_recv_ud ts_ns=556750 id=61 clt=1 wrkr=8 slot=3 size=41 src=worker:8 dst=client:1
event=resp_recv_ud ts_ns=558575 id=62 clt=1 wrkr=9 slot=2 size=41 src=worker:9 dst=client:1
event=hand_send ts_ns=565397 id=61 clt=1 wrkr=8 slot=3 size=10 src=client:1 dst=worker:8
event=hand_send ts_ns=567222 id=62 clt=1 wrkr=9 slot=2 size=10 src=client:1 dst=worker:9
event=resp_recv_ud ts_ns=568763 id=63 clt=1 wrkr=5 slot=0 size=41 src=worker:5 dst=client:1
event=resp_rdma_read ts_ns=574148 id=37 start_ns=79077 dur_ns=495071 clt=1 wrkr=8 slot=1 size=102408 src=worker:8 dst=client:1
event=req_send ts_ns=574148 id=76 clt=1 wrkr=0 slot=2 size=17 src=client:1 dst=worker:0
event=resp_recv_ud ts_ns=574519 id=65 clt=1 wrkr=7 slot=1 size=41 src=worker:7 dst=client:1
event=hand_send ts_ns=577410 id=63 clt=1 wrkr=5 slot=0 size=10 src=client:1 dst=worker:5
event=hand_send ts_ns=583166 id=65 clt=1 wrkr=7 slot=1 size=10 src=client:1 dst=worker:7
event=resp_recv_ud ts_ns=592398 id=69 clt=1 wrkr=6 slot=2 size=41 src=worker:6 dst=client:1
event=hand_send ts_ns=601045 id=69 clt=1 wrkr=6 slot=2 size=10 src=client:1 dst=worker:6
event=resp_rdma_read ts_ns=601357 id=40 start_ns=80784 dur_ns=520573 clt=1 wrkr=4 slot=1 size=102408 src=worker:4 dst=client:1
event=req_send ts_ns=601357 id=79 clt=1 wrkr=1 slot=4 size=17 src=client:1 dst=worker:1
event=resp_recv_ud ts_ns=610855 id=72 clt=1 wrkr=9 slot=3 size=41 src=worker:9 dst=client:1
event=hand_send ts_ns=619502 id=72 clt=1 wrkr=9 slot=3 size=10 src=client:1 dst=worker:9
event=resp_recv_ud ts_ns=621597 id=74 clt=1 wrkr=0 slot=1 size=41 src=worker:0 dst=client:1
event=hand_send ts_ns=630244 id=74 clt=1 wrkr=0 slot=1 size=10 src=client:1 dst=worker:0
event=resp_rdma_read ts_ns=639301 id=43 start_ns=83721 dur_ns=555580 clt=1 wrkr=8 slot=2 size=102408 src=worker:8 dst=client:1
event=req_send ts_ns=639301 id=82 clt=1 wrkr=10 slot=2 size=17 src=client:1 dst=worker:10
event=resp_recv_ud ts_ns=640912 id=76 clt=1 wrkr=0 slot=2 size=41 src=worker:0 dst=client:1
event=hand_send ts_ns=649559 id=76 clt=1 wrkr=0 slot=2 size=10 src=client:1 dst=worker:0
event=resp_recv_ud ts_ns=669733 id=79 clt=1 wrkr=1 slot=4 size=41 src=worker:1 dst=client:1
event=hand_send ts_ns=678380 id=79 clt=1 wrkr=1 slot=4 size=10 src=client:1 dst=worker:1
event=resp_rdma_read ts_ns=680106 id=46 start_ns=85452 dur_ns=594654 clt=1 wrkr=10 slot=0 size=102408 src=worker:10 dst=client:1
event=req_send ts_ns=680106 id=85 clt=1 wrkr=1 slot=5 size=17 src=client:1 dst=worker:1
event=resp_recv_ud ts_ns=709088 id=82 clt=1 wrkr=10 slot=2 size=41 src=worker:10 dst=client:1
event=hand_send ts_ns=717735 id=82 clt=1 wrkr=10 slot=2 size=10 src=client:1 dst=worker:10
event=resp_recv_ud ts_ns=750798 id=85 clt=1 wrkr=1 slot=5 size=41 src=worker:1 dst=client:1
event=hand_send ts_ns=759445 id=85 clt=1 wrkr=1 slot=5 size=10 src=client:1 dst=worker:1
event=resp_rdma_read ts_ns=1034989 id=48 start_ns=463100 dur_ns=571889 clt=1 wrkr=9 slot=1 size=102408 src=worker:9 dst=client:1
event=req_send ts_ns=1034989 id=100 clt=1 wrkr=8 slot=4 size=17 src=client:1 dst=worker:8
event=resp_rdma_read ts_ns=1035533 id=53 start_ns=527926 dur_ns=507607 clt=1 wrkr=11 slot=1 size=102408 src=worker:11 dst=client:1
event=req_send ts_ns=1035533 id=101 clt=1 wrkr=3 slot=1 size=17 src=client:1 dst=worker:3
event=resp_rdma_read ts_ns=1048914 id=54 start_ns=530162 dur_ns=518752 clt=1 wrkr=1 slot=2 size=102408 src=worker:1 dst=client:1
event=req_send ts_ns=1048914 id=102 clt=1 wrkr=0 slot=3 size=17 src=client:1 dst=worker:0
event=resp_rdma_read ts_ns=1064209 id=56 start_ns=545891 dur_ns=518318 clt=1 wrkr=10 slot=1 size=102408 src=worker:10 dst=client:1
event=req_send ts_ns=1064209 id=104 clt=1 wrkr=2 slot=1 size=17 src=client:1 dst=worker:2
event=resp_rdma_read ts_ns=1075142 id=58 start_ns=551877 dur_ns=523265 clt=1 wrkr=1 slot=3 size=102408 src=worker:1 dst=client:1
event=req_send ts_ns=1075142 id=105 clt=1 wrkr=9 slot=4 size=17 src=client:1 dst=worker:9
event=resp_recv_ud ts_ns=1105599 id=100 clt=1 wrkr=8 slot=4 size=41 src=worker:8 dst=client:1
event=resp_recv_ud ts_ns=1106192 id=101 clt=1 wrkr=3 slot=1 size=41 src=worker:3 dst=client:1
event=resp_rdma_read ts_ns=1107481 id=61 start_ns=565397 dur_ns=542084 clt=1 wrkr=8 slot=3 size=102408 src=worker:8 dst=client:1
event=req_send ts_ns=1107481 id=108 clt=1 wrkr=7 slot=2 size=17 src=client:1 dst=worker:7
event=hand_send ts_ns=1114246 id=100 clt=1 wrkr=8 slot=4 size=10 src=client:1 dst=worker:8
event=hand_send ts_ns=1114839 id=101 clt=1 wrkr=3 slot=1 size=10 src=client:1 dst=worker:3
event=resp_recv_ud ts_ns=1119551 id=102 clt=1 wrkr=0 slot=3 size=41 src=worker:0 dst=client:1
event=resp_rdma_read ts_ns=1121784 id=62 start_ns=567222 dur_ns=554562 clt=1 wrkr=9 slot=2 size=102408 src=worker:9 dst=client:1
event=req_send ts_ns=1121784 id=110 clt=1 wrkr=6 slot=3 size=17 src=client:1 dst=worker:6
event=hand_send ts_ns=1128198 id=102 clt=1 wrkr=0 slot=3 size=10 src=client:1 dst=worker:0
event=resp_rdma_read ts_ns=1133027 id=63 start_ns=577410 dur_ns=555617 clt=1 wrkr=5 slot=0 size=102408 src=worker:5 dst=client:1
event=req_send ts_ns=1133027 id=111 clt=1 wrkr=11 slot=2 size=17 src=client:1 dst=worker:11
event=resp_recv_ud ts_ns=1134802 id=104 clt=1 wrkr=2 slot=1 size=41 src=worker:2 dst=client:1
event=hand_send ts_ns=1143449 id=104 clt=1 wrkr=2 slot=1 size=10 src=client:1 dst=worker:2
event=resp_recv_ud ts_ns=1145383 id=105 clt=1 wrkr=9 slot=4 size=41 src=worker:9 dst=client:1
event=hand_send ts_ns=1154030 id=105 clt=1 wrkr=9 slot=4 size=10 src=client:1 dst=worker:9
event=resp_rdma_read ts_ns=1167578 id=65 start_ns=583166 dur_ns=584412 clt=1 wrkr=7 slot=1 size=102408 src=worker:7 dst=client:1
event=req_send ts_ns=1167578 id=113 clt=1 wrkr=11 slot=3 size=17 src=client:1 dst=worker:11
event=resp_recv_ud ts_ns=1178148 id=108 clt=1 wrkr=7 slot=2 size=41 src=worker:7 dst=client:1
event=hand_send ts_ns=1186795 id=108 clt=1 wrkr=7 slot=2 size=10 src=client:1 dst=worker:7
event=resp_recv_ud ts_ns=1191681 id=110 clt=1 wrkr=6 slot=3 size=41 src=worker:6 dst=client:1
event=hand_send ts_ns=1200328 id=110 clt=1 wrkr=6 slot=3 size=10 src=client:1 dst=worker:6
event=resp_rdma_read ts_ns=1201872 id=69 start_ns=601045 dur_ns=600827 clt=1 wrkr=6 slot=2 size=102408 src=worker:6 dst=client:1
event=req_send ts_ns=1201872 id=117 clt=1 wrkr=0 slot=4 size=17 src=client:1 dst=worker:0
event=resp_recv_ud ts_ns=1203352 id=111 clt=1 wrkr=11 slot=2 size=41 src=worker:11 dst=client:1
event=hand_send ts_ns=1211999 id=111 clt=1 wrkr=11 slot=2 size=10 src=client:1 dst=worker:11
event=resp_recv_ud ts_ns=1237929 id=113 clt=1 wrkr=11 slot=3 size=41 src=worker:11 dst=client:1
event=hand_send ts_ns=1246576 id=113 clt=1 wrkr=11 slot=3 size=10 src=client:1 dst=worker:11
event=resp_rdma_read ts_ns=1260882 id=72 start_ns=619502 dur_ns=641380 clt=1 wrkr=9 slot=3 size=102408 src=worker:9 dst=client:1
event=req_send ts_ns=1260882 id=121 clt=1 wrkr=1 slot=6 size=17 src=client:1 dst=worker:1
event=resp_recv_ud ts_ns=1272600 id=117 clt=1 wrkr=0 slot=4 size=41 src=worker:0 dst=client:1
event=resp_rdma_read ts_ns=1274413 id=74 start_ns=630244 dur_ns=644169 clt=1 wrkr=0 slot=1 size=102408 src=worker:0 dst=client:1
event=req_send ts_ns=1274413 id=122 clt=1 wrkr=3 slot=2 size=17 src=client:1 dst=worker:3
event=resp_rdma_read ts_ns=1278670 id=76 start_ns=649559 dur_ns=629111 clt=1 wrkr=0 slot=2 size=102408 src=worker:0 dst=client:1
event=req_send ts_ns=1278670 id=123 clt=1 wrkr=0 slot=5 size=17 src=client:1 dst=worker:0
event=hand_send ts_ns=1281247 id=117 clt=1 wrkr=0 slot=4 size=10 src=client:1 dst=worker:0
event=resp_rdma_read ts_ns=1321991 id=79 start_ns=678380 dur_ns=643611 clt=1 wrkr=1 slot=4 size=102408 src=worker:1 dst=client:1
event=req_send ts_ns=1321991 id=126 clt=1 wrkr=11 slot=4 size=17 src=client:1 dst=worker:11
event=resp_recv_ud ts_ns=1332398 id=121 clt=1 wrkr=1 slot=6 size=41 src=worker:1 dst=client:1
event=hand_send ts_ns=1341045 id=121 clt=1 wrkr=1 slot=6 size=10 src=client:1 dst=worker:1
event=resp_recv_ud ts_ns=1345722 id=122 clt=1 wrkr=3 slot=2 size=41 src=worker:3 dst=client:1
event=resp_recv_ud ts_ns=1350102 id=123 clt=1 wrkr=0 slot=5 size=41 src=worker:0 dst=client:1
event=hand_send ts_ns=1354369 id=122 clt=1 wrkr=3 slot=2 size=10 src=client:1 dst=worker:3
event=hand_send ts_ns=1358749 id=123 clt=1 wrkr=0 slot=5 size=10 src=client:1 dst=worker:0
event=resp_recv_ud ts_ns=1393588 id=126 clt=1 wrkr=11 slot=4 size=41 src=worker:11 dst=client:1
event=resp_rdma_read ts_ns=1396963 id=82 start_ns=717735 dur_ns=679228 clt=1 wrkr=10 slot=2 size=102408 src=worker:10 dst=client:1
event=req_send ts_ns=1396963 id=130 clt=1 wrkr=2 slot=2 size=17 src=client:1 dst=worker:2
event=hand_send ts_ns=1402235 id=126 clt=1 wrkr=11 slot=4 size=10 src=client:1 dst=worker:11
event=resp_rdma_read ts_ns=1436245 id=85 start_ns=759445 dur_ns=676800 clt=1 wrkr=1 slot=5 size=102408 src=worker:1 dst=client:1
event=req_send ts_ns=1436245 id=135 clt=1 wrkr=11 slot=5 size=17 src=client:1 dst=worker:11
event=resp_recv_ud ts_ns=1468614 id=130 clt=1 wrkr=2 slot=2 size=41 src=worker:2 dst=client:1
event=hand_send ts_ns=1477261 id=130 clt=1 wrkr=2 slot=2 size=10 src=client:1 dst=worker:2
event=resp_recv_ud ts_ns=1507180 id=135 clt=1 wrkr=11 slot=5 size=41 src=worker:11 dst=client:1
event=hand_send ts_ns=1515827 id=135 clt=1 wrkr=11 slot=5 size=10 src=client:1 dst=worker:11
event=resp_rdma_read ts_ns=1722776 id=100 start_ns=1114246 dur_ns=608530 clt=1 wrkr=8 slot=4 size=102408 src=worker:8 dst=client:1
event=req_send ts_ns=1722776 id=146 clt=1 wrkr=2 slot=3 size=17 src=client:1 dst=worker:2
event=resp_rdma_read ts_ns=1740597 id=101 start_ns=1114839 dur_ns=625758 clt=1 wrkr=3 slot=1 size=102408 src=worker:3 dst=client:1
event=req_send ts_ns=1740597 id=149 clt=1 wrkr=2 slot=4 size=17 src=client:1 dst=worker:2
event=resp_rdma_read ts_ns=1780451 id=102 start_ns=1128198 dur_ns=652253 clt=1 wrkr=0 slot=3 size=102408 src=worker:0 dst=client:1
event=req_send ts_ns=1780451 id=150 clt=1 wrkr=9 slot=5 size=17 src=client:1 dst=worker:9
event=resp_recv_ud ts_ns=1792201 id=146 clt=1 wrkr=2 slot=3 size=41 src=worker:2 dst=client:1
event=resp_rdma_read ts_ns=1799259 id=105 start_ns=1154030 dur_ns=645229 clt=1 wrkr=9 slot=4 size=102408 src=worker:9 dst=client:1
event=req_send ts_ns=1799259 id=153 clt=1 wrkr=4 slot=2 size=17 src=client:1 dst=worker:4
event=hand_send ts_ns=1800848 id=146 clt=1 wrkr=2 slot=3 size=10 src=client:1 dst=worker:2
event=resp_recv_ud ts_ns=1812011 id=149 clt=1 wrkr=2 slot=4 size=41 src=worker:2 dst=client:1
event=resp_rdma_read ts_ns=1819606 id=104 start_ns=1143449 dur_ns=676157 clt=1 wrkr=2 slot=1 size=102408 src=worker:2 dst=client:1
event=req_send ts_ns=1819606 id=154 clt=1 wrkr=11 slot=6 size=17 src=client:1 dst=worker:11
event=resp_rdma_read ts_ns=1819977 id=110 start_ns=1200328 dur_ns=619649 clt=1 wrkr=6 slot=3 size=102408 src=worker:6 dst=client:1
event=req_send ts_ns=1819977 id=155 clt=1 wrkr=8 slot=5 size=17 src=client:1 dst=worker:8
event=hand_send ts_ns=1820658 id=149 clt=1 wrkr=2 slot=4 size=10 src=client:1 dst=worker:2
event=resp_rdma_read ts_ns=1833125 id=108 start_ns=1186795 dur_ns=646330 clt=1 wrkr=7 slot=2 size=102408 src=worker:7 dst=client:1
event=req_send ts_ns=1833125 id=156 clt=1 wrkr=6 slot=4 size=17 src=client:1 dst=worker:6
event=resp_recv_ud ts_ns=1851708 id=150 clt=1 wrkr=9 slot=5 size=41 src=worker:9 dst=client:1
event=hand_send ts_ns=1860355 id=150 clt=1 wrkr=9 slot=5 size=10 src=client:1 dst=worker:9
event=resp_recv_ud ts_ns=1870129 id=153 clt=1 wrkr=4 slot=2 size=41 src=worker:4 dst=client:1
event=hand_send ts_ns=1878776 id=153 clt=1 wrkr=4 slot=2 size=10 src=client:1 dst=worker:4
event=resp_recv_ud ts_ns=1891084 id=154 clt=1 wrkr=11 slot=6 size=41 src=worker:11 dst=client:1
event=resp_recv_ud ts_ns=1891581 id=155 clt=1 wrkr=8 slot=5 size=41 src=worker:8 dst=client:1
event=hand_send ts_ns=1899731 id=154 clt=1 wrkr=11 slot=6 size=10 src=client:1 dst=worker:11
event=hand_send ts_ns=1900228 id=155 clt=1 wrkr=8 slot=5 size=10 src=client:1 dst=worker:8
event=resp_rdma_read ts_ns=1901360 id=111 start_ns=1211999 dur_ns=689361 clt=1 wrkr=11 slot=2 size=102408 src=worker:11 dst=client:1
event=req_send ts_ns=1901360 id=159 clt=1 wrkr=9 slot=6 size=17 src=client:1 dst=worker:9
event=resp_recv_ud ts_ns=1904200 id=156 clt=1 wrkr=6 slot=4 size=41 src=worker:6 dst=client:1
event=resp_rdma_read ts_ns=1911378 id=117 start_ns=1281247 dur_ns=630131 clt=1 wrkr=0 slot=4 size=102408 src=worker:0 dst=client:1
event=req_send ts_ns=1911378 id=161 clt=1 wrkr=3 slot=3 size=17 src=client:1 dst=worker:3
event=hand_send ts_ns=1912847 id=156 clt=1 wrkr=6 slot=4 size=10 src=client:1 dst=worker:6
event=resp_rdma_read ts_ns=1920608 id=113 start_ns=1246576 dur_ns=674032 clt=1 wrkr=11 slot=3 size=102408 src=worker:11 dst=client:1
event=req_send ts_ns=1920608 id=164 clt=1 wrkr=5 slot=1 size=17 src=client:1 dst=worker:5
event=resp_recv_ud ts_ns=1972834 id=159 clt=1 wrkr=9 slot=6 size=41 src=worker:9 dst=client:1
event=hand_send ts_ns=1981481 id=159 clt=1 wrkr=9 slot=6 size=10 src=client:1 dst=worker:9
event=resp_recv_ud ts_ns=1982793 id=161 clt=1 wrkr=3 slot=3 size=41 src=worker:3 dst=client:1
event=hand_send ts_ns=1991440 id=161 clt=1 wrkr=3 slot=3 size=10 src=client:1 dst=worker:3
event=resp_recv_ud ts_ns=1991572 id=164 clt=1 wrkr=5 slot=1 size=41 src=worker:5 dst=client:1
event=hand_send ts_ns=2000219 id=164 clt=1 wrkr=5 slot=1 size=10 src=client:1 dst=worker:5
event=resp_rdma_read ts_ns=2012687 id=121 start_ns=1341045 dur_ns=671642 clt=1 wrkr=1 slot=6 size=102408 src=worker:1 dst=client:1
event=req_send ts_ns=2012687 id=171 clt=1 wrkr=4 slot=3 size=17 src=client:1 dst=worker:4
event=resp_rdma_read ts_ns=2018925 id=122 start_ns=1354369 dur_ns=664556 clt=1 wrkr=3 slot=2 size=102408 src=worker:3 dst=client:1
event=req_send ts_ns=2018925 id=172 clt=1 wrkr=6 slot=5 size=17 src=client:1 dst=worker:6
event=resp_rdma_read ts_ns=2038384 id=123 start_ns=1358749 dur_ns=679635 clt=1 wrkr=0 slot=5 size=102408 src=worker:0 dst=client:1
event=req_send ts_ns=2038384 id=173 clt=1 wrkr=9 slot=7 size=17 src=client:1 dst=worker:9
event=resp_rdma_read ts_ns=2053875 id=126 start_ns=1402235 dur_ns=651640 clt=1 wrkr=11 slot=4 size=102408 src=worker:11 dst=client:1
event=req_send ts_ns=2053875 id=174 clt=1 wrkr=8 slot=6 size=17 src=client:1 dst=worker:8
event=resp_rdma_read ts_ns=2066104 id=135 start_ns=1515827 dur_ns=550277 clt=1 wrkr=11 slot=5 size=102408 src=worker:11 dst=client:1
event=req_send ts_ns=2066104 id=177 clt=1 wrkr=10 slot=3 size=17 src=client:1 dst=worker:10
event=resp_recv_ud ts_ns=2082919 id=171 clt=1 wrkr=4 slot=3 size=41 src=worker:4 dst=client:1
event=resp_rdma_read ts_ns=2084728 id=130 start_ns=1477261 dur_ns=607467 clt=1 wrkr=2 slot=2 size=102408 src=worker:2 dst=client:1
event=req_send ts_ns=2084728 id=178 clt=1 wrkr=3 slot=4 size=17 src=client:1 dst=worker:3
event=resp_recv_ud ts_ns=2089972 id=172 clt=1 wrkr=6 slot=5 size=41 src=worker:6 dst=client:1
event=hand_send ts_ns=2091566 id=171 clt=1 wrkr=4 slot=3 size=10 src=client:1 dst=worker:4
event=hand_send ts_ns=2098619 id=172 clt=1 wrkr=6 slot=5 size=10 src=client:1 dst=worker:6
event=resp_recv_ud ts_ns=2109088 id=173 clt=1 wrkr=9 slot=7 size=41 src=worker:9 dst=client:1
event=hand_send ts_ns=2117735 id=173 clt=1 wrkr=9 slot=7 size=10 src=client:1 dst=worker:9
event=resp_recv_ud ts_ns=2124839 id=174 clt=1 wrkr=8 slot=6 size=41 src=worker:8 dst=client:1
event=hand_send ts_ns=2133486 id=174 clt=1 wrkr=8 slot=6 size=10 src=client:1 dst=worker:8
event=resp_recv_ud ts_ns=2136695 id=177 clt=1 wrkr=10 slot=3 size=41 src=worker:10 dst=client:1
event=hand_send ts_ns=2145342 id=177 clt=1 wrkr=10 slot=3 size=10 src=client:1 dst=worker:10
event=resp_recv_ud ts_ns=2155563 id=178 clt=1 wrkr=3 slot=4 size=41 src=worker:3 dst=client:1
event=hand_send ts_ns=2164210 id=178 clt=1 wrkr=3 slot=4 size=10 src=client:1 dst=worker:3
event=resp_rdma_read ts_ns=2440825 id=146 start_ns=1800848 dur_ns=639977 clt=1 wrkr=2 slot=3 size=102408 src=worker:2 dst=client:1
event=req_send ts_ns=2440825 id=194 clt=1 wrkr=4 slot=4 size=17 src=client:1 dst=worker:4
event=resp_rdma_read ts_ns=2444179 id=149 start_ns=1820658 dur_ns=623521 clt=1 wrkr=2 slot=4 size=102408 src=worker:2 dst=client:1
event=req_send ts_ns=2444179 id=195 clt=1 wrkr=4 slot=5 size=17 src=client:1 dst=worker:4
event=resp_rdma_read ts_ns=2490893 id=150 start_ns=1860355 dur_ns=630538 clt=1 wrkr=9 slot=5 size=102408 src=worker:9 dst=client:1
event=req_send ts_ns=2490893 id=198 clt=1 wrkr=6 slot=6 size=17 src=client:1 dst=worker:6
event=resp_rdma_read ts_ns=2496448 id=154 start_ns=1899731 dur_ns=596717 clt=1 wrkr=11 slot=6 size=102408 src=worker:11 dst=client:1
event=req_send ts_ns=2496448 id=199 clt=1 wrkr=11 slot=7 size=17 src=client:1 dst=worker:11
event=resp_recv_ud ts_ns=2512066 id=194 clt=1 wrkr=4 slot=4 size=41 src=worker:4 dst=client:1
event=resp_recv_ud ts_ns=2515408 id=195 clt=1 wrkr=4 slot=5 size=41 src=worker:4 dst=client:1
event=hand_send ts_ns=2520713 id=194 clt=1 wrkr=4 slot=4 size=10 src=client:1 dst=worker:4
event=hand_send ts_ns=2524055 id=195 clt=1 wrkr=4 slot=5 size=10 src=client:1 dst=worker:4
event=resp_rdma_read ts_ns=2547959 id=155 start_ns=1900228 dur_ns=647731 clt=1 wrkr=8 slot=5 size=102408 src=worker:8 dst=client:1
event=req_send ts_ns=2547959 id=201 clt=1 wrkr=10 slot=4 size=17 src=client:1 dst=worker:10
event=resp_rdma_read ts_ns=2549343 id=153 start_ns=1878776 dur_ns=670567 clt=1 wrkr=4 slot=2 size=102408 src=worker:4 dst=client:1
event=req_send ts_ns=2549343 id=203 clt=1 wrkr=2 slot=5 size=17 src=client:1 dst=worker:2
event=resp_rdma_read ts_ns=2550314 id=159 start_ns=1981481 dur_ns=568833 clt=1 wrkr=9 slot=6 size=102408 src=worker:9 dst=client:1
event=req_send ts_ns=2550314 id=204 clt=1 wrkr=9 slot=8 size=17 src=client:1 dst=worker:9
event=resp_recv_ud ts_ns=2562511 id=198 clt=1 wrkr=6 slot=6 size=41 src=worker:6 dst=client:1
event=resp_recv_ud ts_ns=2567897 id=199 clt=1 wrkr=11 slot=7 size=41 src=worker:11 dst=client:1
event=hand_send ts_ns=2571158 id=198 clt=1 wrkr=6 slot=6 size=10 src=client:1 dst=worker:6
event=hand_send ts_ns=2576544 id=199 clt=1 wrkr=11 slot=7 size=10 src=client:1 dst=worker:11
event=resp_rdma_read ts_ns=2599971 id=156 start_ns=1912847 dur_ns=687124 clt=1 wrkr=6 slot=4 size=102408 src=worker:6 dst=client:1
event=req_send ts_ns=2599971 id=207 clt=1 wrkr=0 slot=6 size=17 src=client:1 dst=worker:0
event=resp_recv_ud ts_ns=2619885 id=201 clt=1 wrkr=10 slot=4 size=41 src=worker:10 dst=client:1
event=resp_recv_ud ts_ns=2620832 id=203 clt=1 wrkr=2 slot=5 size=41 src=worker:2 dst=client:1
event=resp_recv_ud ts_ns=2621427 id=204 clt=1 wrkr=9 slot=8 size=41 src=worker:9 dst=client:1
event=hand_send ts_ns=2628532 id=201 clt=1 wrkr=10 slot=4 size=10 src=client:1 dst=worker:10
event=resp_rdma_read ts_ns=2628557 id=161 start_ns=1991440 dur_ns=637117 clt=1 wrkr=3 slot=3 size=102408 src=worker:3 dst=client:1
event=req_send ts_ns=2628557 id=208 clt=1 wrkr=5 slot=2 size=17 src=client:1 dst=worker:5
event=hand_send ts_ns=2629479 id=203 clt=1 wrkr=2 slot=5 size=10 src=client:1 dst=worker:2
event=hand_send ts_ns=2630074 id=204 clt=1 wrkr=9 slot=8 size=10 src=client:1 dst=worker:9
event=resp_rdma_read ts_ns=2667963 id=164 start_ns=2000219 dur_ns=667744 clt=1 wrkr=5 slot=1 size=102408 src=worker:5 dst=client:1
event=req_send ts_ns=2667963 id=213 clt=1 wrkr=11 slot=8 size=17 src=client:1 dst=worker:11
event=resp_recv_ud ts_ns=2670410 id=207 clt=1 wrkr=0 slot=6 size=41 src=worker:0 dst=client:1
event=hand_send ts_ns=2679057 id=207 clt=1 wrkr=0 slot=6 size=10 src=client:1 dst=worker:0
event=resp_recv_ud ts_ns=2700538 id=208 clt=1 wrkr=5 slot=2 size=41 src=worker:5 dst=client:1
event=hand_send ts_ns=2709185 id=208 clt=1 wrkr=5 slot=2 size=10 src=client:1 dst=worker:5
event=resp_recv_ud ts_ns=2740044 id=213 clt=1 wrkr=11 slot=8 size=41 src=worker:11 dst=client:1
event=hand_send ts_ns=2748691 id=213 clt=1 wrkr=11 slot=8 size=10 src=client:1 dst=worker:11
event=resp_rdma_read ts_ns=2760911 id=172 start_ns=2098619 dur_ns=662292 clt=1 wrkr=6 slot=5 size=102408 src=worker:6 dst=client:1
event=req_send ts_ns=2760911 id=219 clt=1 wrkr=6 slot=7 size=17 src=client:1 dst=worker:6
event=resp_rdma_read ts_ns=2770124 id=171 start_ns=2091566 dur_ns=678558 clt=1 wrkr=4 slot=3 size=102408 src=worker:4 dst=client:1
event=req_send ts_ns=2770124 id=220 clt=1 wrkr=1 slot=7 size=17 src=client:1 dst=worker:1
event=resp_rdma_read ts_ns=2791779 id=173 start_ns=2117735 dur_ns=674044 clt=1 wrkr=9 slot=7 size=102408 src=worker:9 dst=client:1
event=req_send ts_ns=2791779 id=221 clt=1 wrkr=11 slot=9 size=17 src=client:1 dst=worker:11
event=resp_rdma_read ts_ns=2794563 id=174 start_ns=2133486 dur_ns=661077 clt=1 wrkr=8 slot=6 size=102408 src=worker:8 dst=client:1
event=req_send ts_ns=2794563 id=222 clt=1 wrkr=4 slot=6 size=17 src=client:1 dst=worker:4
event=resp_rdma_read ts_ns=2801544 id=177 start_ns=2145342 dur_ns=656202 clt=1 wrkr=10 slot=3 size=102408 src=worker:10 dst=client:1
event=req_send ts_ns=2801544 id=225 clt=1 wrkr=3 slot=5 size=17 src=client:1 dst=worker:3
event=resp_recv_ud ts_ns=2832397 id=219 clt=1 wrkr=6 slot=7 size=41 src=worker:6 dst=client:1
event=resp_recv_ud ts_ns=2840541 id=220 clt=1 wrkr=1 slot=7 size=41 src=worker:1 dst=client:1
event=hand_send ts_ns=2841044 id=219 clt=1 wrkr=6 slot=7 size=10 src=client:1 dst=worker:6
event=hand_send ts_ns=2849188 id=220 clt=1 wrkr=1 slot=7 size=10 src=client:1 dst=worker:1
event=resp_rdma_read ts_ns=2860941 id=178 start_ns=2164210 dur_ns=696731 clt=1 wrkr=3 slot=4 size=102408 src=worker:3 dst=client:1
event=req_send ts_ns=2860941 id=227 clt=1 wrkr=9 slot=9 size=17 src=client:1 dst=worker:9
event=resp_recv_ud ts_ns=2863007 id=221 clt=1 wrkr=11 slot=9 size=41 src=worker:11 dst=client:1
event=resp_recv_ud ts_ns=2866488 id=222 clt=1 wrkr=4 slot=6 size=41 src=worker:4 dst=client:1
event=hand_send ts_ns=2871654 id=221 clt=1 wrkr=11 slot=9 size=10 src=client:1 dst=worker:11
event=resp_recv_ud ts_ns=2873567 id=225 clt=1 wrkr=3 slot=5 size=41 src=worker:3 dst=client:1
event=hand_send ts_ns=2875135 id=222 clt=1 wrkr=4 slot=6 size=10 src=client:1 dst=worker:4
event=hand_send ts_ns=2882214 id=225 clt=1 wrkr=3 slot=5 size=10 src=client:1 dst=worker:3
event=resp_recv_ud ts_ns=2932004 id=227 clt=1 wrkr=9 slot=9 size=41 src=worker:9 dst=client:1
event=hand_send ts_ns=2940651 id=227 clt=1 wrkr=9 slot=9 size=10 src=client:1 dst=worker:9
event=resp_rdma_read ts_ns=3156096 id=195 start_ns=2524055 dur_ns=632041 clt=1 wrkr=4 slot=5 size=102408 src=worker:4 dst=client:1
event=req_send ts_ns=3156096 id=240 clt=1 wrkr=6 slot=8 size=17 src=client:1 dst=worker:6
event=resp_rdma_read ts_ns=3158329 id=194 start_ns=2520713 dur_ns=637616 clt=1 wrkr=4 slot=4 size=102408 src=worker:4 dst=client:1
event=req_send ts_ns=3158329 id=241 clt=1 wrkr=5 slot=3 size=17 src=client:1 dst=worker:5
event=resp_rdma_read ts_ns=3215942 id=199 start_ns=2576544 dur_ns=639398 clt=1 wrkr=11 slot=7 size=102408 src=worker:11 dst=client:1
event=req_send ts_ns=3215942 id=244 clt=1 wrkr=6 slot=9 size=17 src=client:1 dst=worker:6
event=resp_recv_ud ts_ns=3220144 id=240 clt=1 wrkr=6 slot=8 size=41 src=worker:6 dst=client:1
event=resp_rdma_read ts_ns=3226380 id=198 start_ns=2571158 dur_ns=655222 clt=1 wrkr=6 slot=6 size=102408 src=worker:6 dst=client:1
event=req_send ts_ns=3226380 id=246 clt=1 wrkr=9 slot=10 size=17 src=client:1 dst=worker:9
event=resp_recv_ud ts_ns=3228496 id=241 clt=1 wrkr=5 slot=3 size=41 src=worker:5 dst=client:1
event=hand_send ts_ns=3228791 id=240 clt=1 wrkr=6 slot=8 size=10 src=client:1 dst=worker:6
event=hand_send ts_ns=3237143 id=241 clt=1 wrkr=5 slot=3 size=10 src=client:1 dst=worker:5
event=resp_rdma_read ts_ns=3284278 id=201 start_ns=2628532 dur_ns=655746 clt=1 wrkr=10 slot=4 size=102408 src=worker:10 dst=client:1
event=req_send ts_ns=3284278 id=249 clt=1 wrkr=8 slot=7 size=17 src=client:1 dst=worker:8
event=resp_recv_ud ts_ns=3286635 id=244 clt=1 wrkr=6 slot=9 size=41 src=worker:6 dst=client:1
event=resp_rdma_read ts_ns=3289582 id=203 start_ns=2629479 dur_ns=660103 clt=1 wrkr=2 slot=5 size=102408 src=worker:2 dst=client:1
event=req_send ts_ns=3289582 id=250 clt=1 wrkr=5 slot=4 size=17 src=client:1 dst=worker:5
event=hand_send ts_ns=3295282 id=244 clt=1 wrkr=6 slot=9 size=10 src=client:1 dst=worker:6
event=resp_rdma_read ts_ns=3296311 id=204 start_ns=2630074 dur_ns=666237 clt=1 wrkr=9 slot=8 size=102408 src=worker:9 dst=client:1
event=req_send ts_ns=3296311 id=252 clt=1 wrkr=4 slot=7 size=17 src=client:1 dst=worker:4
event=resp_recv_ud ts_ns=3297228 id=246 clt=1 wrkr=9 slot=10 size=41 src=worker:9 dst=client:1
event=hand_send ts_ns=3305875 id=246 clt=1 wrkr=9 slot=10 size=10 src=client:1 dst=worker:9
event=resp_recv_ud ts_ns=3355242 id=249 clt=1 wrkr=8 slot=7 size=41 src=worker:8 dst=client:1
event=resp_recv_ud ts_ns=3361331 id=250 clt=1 wrkr=5 slot=4 size=41 src=worker:5 dst=client:1
event=hand_send ts_ns=3363889 id=249 clt=1 wrkr=8 slot=7 size=10 src=client:1 dst=worker:8
event=resp_rdma_read ts_ns=3367247 id=208 start_ns=2709185 dur_ns=658062 clt=1 wrkr=5 slot=2 size=102408 src=worker:5 dst=client:1
event=req_send ts_ns=3367247 id=256 clt=1 wrkr=2 slot=6 size=17 src=client:1 dst=worker:2
event=resp_recv_ud ts_ns=3367777 id=252 clt=1 wrkr=4 slot=7 size=41 src=worker:4 dst=client:1
event=hand_send ts_ns=3369978 id=250 clt=1 wrkr=5 slot=4 size=10 src=client:1 dst=worker:5
event=hand_send ts_ns=3376424 id=252 clt=1 wrkr=4 slot=7 size=10 src=client:1 dst=worker:4
event=resp_rdma_read ts_ns=3377956 id=207 start_ns=2679057 dur_ns=698899 clt=1 wrkr=0 slot=6 size=102408 src=worker:0 dst=client:1
event=req_send ts_ns=3377956 id=258 clt=1 wrkr=4 slot=8 size=17 src=client:1 dst=worker:4
event=resp_rdma_read ts_ns=3378181 id=213 start_ns=2748691 dur_ns=629490 clt=1 wrkr=11 slot=8 size=102408 src=worker:11 dst=client:1
event=req_send ts_ns=3378181 id=259 clt=1 wrkr=5 slot=5 size=17 src=client:1 dst=worker:5
event=resp_recv_ud ts_ns=3438392 id=256 clt=1 wrkr=2 slot=6 size=41 src=worker:2 dst=client:1
event=hand_send ts_ns=3447039 id=256 clt=1 wrkr=2 slot=6 size=10 src=client:1 dst=worker:2
event=resp_recv_ud ts_ns=3449655 id=259 clt=1 wrkr=5 slot=5 size=41 src=worker:5 dst=client:1
event=resp_recv_ud ts_ns=3449670 id=258 clt=1 wrkr=4 slot=8 size=41 src=worker:4 dst=client:1
event=hand_send ts_ns=3458302 id=259 clt=1 wrkr=5 slot=5 size=10 src=client:1 dst=worker:5
event=hand_send ts_ns=3458317 id=258 clt=1 wrkr=4 slot=8 size=10 src=client:1 dst=worker:4
event=resp_rdma_read ts_ns=3532432 id=219 start_ns=2841044 dur_ns=691388 clt=1 wrkr=6 slot=7 size=102408 src=worker:6 dst=client:1
event=req_send ts_ns=3532432 id=268 clt=1 wrkr=9 slot=11 size=17 src=client:1 dst=worker:9
event=resp_rdma_read ts_ns=3542143 id=222 start_ns=2875135 dur_ns=667008 clt=1 wrkr=4 slot=6 size=102408 src=worker:4 dst=client:1
event=req_send ts_ns=3542143 id=269 clt=1 wrkr=9 slot=12 size=17 src=client:1 dst=worker:9
event=resp_rdma_read ts_ns=3546906 id=220 start_ns=2849188 dur_ns=697718 clt=1 wrkr=1 slot=7 size=102408 src=worker:1 dst=client:1
event=req_send ts_ns=3546906 id=270 clt=1 wrkr=7 slot=3 size=17 src=client:1 dst=worker:7
event=resp_rdma_read ts_ns=3549888 id=221 start_ns=2871654 dur_ns=678234 clt=1 wrkr=11 slot=9 size=102408 src=worker:11 dst=client:1
event=req_send ts_ns=3549888 id=271 clt=1 wrkr=3 slot=6 size=17 src=client:1 dst=worker:3
event=resp_rdma_read ts_ns=3576109 id=225 start_ns=2882214 dur_ns=693895 clt=1 wrkr=3 slot=5 size=102408 src=worker:3 dst=client:1
event=req_send ts_ns=3576109 id=274 clt=1 wrkr=11 slot=10 size=17 src=client:1 dst=worker:11
event=resp_rdma_read ts_ns=3581214 id=227 start_ns=2940651 dur_ns=640563 clt=1 wrkr=9 slot=9 size=102408 src=worker:9 dst=client:1
event=req_send ts_ns=3581214 id=275 clt=1 wrkr=10 slot=5 size=17 src=client:1 dst=worker:10
event=resp_recv_ud ts_ns=3604066 id=268 clt=1 wrkr=9 slot=11 size=41 src=worker:9 dst=client:1
event=hand_send ts_ns=3612713 id=268 clt=1 wrkr=9 slot=11 size=10 src=client:1 dst=worker:9
event=resp_recv_ud ts_ns=3613414 id=269 clt=1 wrkr=9 slot=12 size=41 src=worker:9 dst=client:1
event=resp_recv_ud ts_ns=3618164 id=270 clt=1 wrkr=7 slot=3 size=41 src=worker:7 dst=client:1
event=resp_recv_ud ts_ns=3621053 id=271 clt=1 wrkr=3 slot=6 size=41 src=worker:3 dst=client:1
event=hand_send ts_ns=3622061 id=269 clt=1 wrkr=9 slot=12 size=10 src=client:1 dst=worker:9
event=hand_send ts_ns=3626811 id=270 clt=1 wrkr=7 slot=3 size=10 src=client:1 dst=worker:7
event=hand_send ts_ns=3629700 id=271 clt=1 wrkr=3 slot=6 size=10 src=client:1 dst=worker:3
event=resp_recv_ud ts_ns=3646647 id=274 clt=1 wrkr=11 slot=10 size=41 src=worker:11 dst=client:1
event=resp_recv_ud ts_ns=3652105 id=275 clt=1 wrkr=10 slot=5 size=41 src=worker:10 dst=client:1
event=hand_send ts_ns=3655294 id=274 clt=1 wrkr=11 slot=10 size=10 src=client:1 dst=worker:11
event=hand_send ts_ns=3660752 id=275 clt=1 wrkr=10 slot=5 size=10 src=client:1 dst=worker:10
event=resp_rdma_read ts_ns=3910515 id=240 start_ns=3228791 dur_ns=681724 clt=1 wrkr=6 slot=8 size=102408 src=worker:6 dst=client:1
event=req_send ts_ns=3910515 id=290 clt=1 wrkr=9 slot=13 size=17 src=client:1 dst=worker:9
event=resp_rdma_read ts_ns=3915610 id=241 start_ns=3237143 dur_ns=678467 clt=1 wrkr=5 slot=3 size=102408 src=worker:5 dst=client:1
event=req_send ts_ns=3915610 id=291 clt=1 wrkr=10 slot=6 size=17 src=client:1 dst=worker:10
event=resp_rdma_read ts_ns=3951497 id=244 start_ns=3295282 dur_ns=656215 clt=1 wrkr=6 slot=9 size=102408 src=worker:6 dst=client:1
event=req_send ts_ns=3951497 id=293 clt=1 wrkr=2 slot=7 size=17 src=client:1 dst=worker:2
event=resp_rdma_read ts_ns=3968497 id=249 start_ns=3363889 dur_ns=604608 clt=1 wrkr=8 slot=7 size=102408 src=worker:8 dst=client:1
event=req_send ts_ns=3968497 id=294 clt=1 wrkr=1 slot=8 size=17 src=client:1 dst=worker:1
event=resp_recv_ud ts_ns=3977603 id=290 clt=1 wrkr=9 slot=13 size=41 src=worker:9 dst=client:1
event=resp_rdma_read ts_ns=3982966 id=246 start_ns=3305875 dur_ns=677091 clt=1 wrkr=9 slot=10 size=102408 src=worker:9 dst=client:1
event=req_send ts_ns=3982966 id=297 clt=1 wrkr=0 slot=7 size=17 src=client:1 dst=worker:0
event=resp_rdma_read ts_ns=3986226 id=252 start_ns=3376424 dur_ns=609802 clt=1 wrkr=4 slot=7 size=102408 src=worker:4 dst=client:1
event=req_send ts_ns=3986226 id=298 clt=1 wrkr=5 slot=6 size=17 src=client:1 dst=worker:5
event=hand_send ts_ns=3986250 id=290 clt=1 wrkr=9 slot=13 size=10 src=client:1 dst=worker:9
event=resp_recv_ud ts_ns=3986343 id=291 clt=1 wrkr=10 slot=6 size=41 src=worker:10 dst=client:1
event=resp_rdma_read ts_ns=3987966 id=250 start_ns=3369978 dur_ns=617988 clt=1 wrkr=5 slot=4 size=102408 src=worker:5 dst=client:1
event=req_send ts_ns=3987966 id=299 clt=1 wrkr=11 slot=11 size=17 src=client:1 dst=worker:11
event=hand_send ts_ns=3994990 id=291 clt=1 wrkr=10 slot=6 size=10 src=client:1 dst=worker:10
event=resp_recv_ud ts_ns=4022438 id=293 clt=1 wrkr=2 slot=7 size=41 src=worker:2 dst=client:1
event=hand_send ts_ns=4031085 id=293 clt=1 wrkr=2 slot=7 size=10 src=client:1 dst=worker:2
event=resp_recv_ud ts_ns=4038559 id=294 clt=1 wrkr=1 slot=8 size=41 src=worker:1 dst=client:1
event=hand_send ts_ns=4047206 id=294 clt=1 wrkr=1 slot=8 size=10 src=client:1 dst=worker:1
event=resp_recv_ud ts_ns=4054514 id=297 clt=1 wrkr=0 slot=7 size=41 src=worker:0 dst=client:1
event=resp_recv_ud ts_ns=4057662 id=298 clt=1 wrkr=5 slot=6 size=41 src=worker:5 dst=client:1
event=resp_recv_ud ts_ns=4059489 id=299 clt=1 wrkr=11 slot=11 size=41 src=worker:11 dst=client:1
event=hand_send ts_ns=4063161 id=297 clt=1 wrkr=0 slot=7 size=10 src=client:1 dst=worker:0
event=hand_send ts_ns=4066309 id=298 clt=1 wrkr=5 slot=6 size=10 src=client:1 dst=worker:5
event=hand_send ts_ns=4068136 id=299 clt=1 wrkr=11 slot=11 size=10 src=client:1 dst=worker:11
event=resp_rdma_read ts_ns=4104922 id=256 start_ns=3447039 dur_ns=657883 clt=1 wrkr=2 slot=6 size=102408 src=worker:2 dst=client:1
event=req_send ts_ns=4104922 id=304 clt=1 wrkr=5 slot=7 size=17 src=client:1 dst=worker:5
event=resp_rdma_read ts_ns=4106789 id=259 start_ns=3458302 dur_ns=648487 clt=1 wrkr=5 slot=5 size=102408 src=worker:5 dst=client:1
event=req_send ts_ns=4106789 id=305 clt=1 wrkr=7 slot=4 size=17 src=client:1 dst=worker:7
event=resp_rdma_read ts_ns=4107650 id=258 start_ns=3458317 dur_ns=649333 clt=1 wrkr=4 slot=8 size=102408 src=worker:4 dst=client:1
event=req_send ts_ns=4107650 id=306 clt=1 wrkr=10 slot=7 size=17 src=client:1 dst=worker:10
event=resp_recv_ud ts_ns=4177171 id=304 clt=1 wrkr=5 slot=7 size=41 src=worker:5 dst=client:1
event=resp_recv_ud ts_ns=4179127 id=305 clt=1 wrkr=7 slot=4 size=41 src=worker:7 dst=client:1
event=resp_recv_ud ts_ns=4179771 id=306 clt=1 wrkr=10 slot=7 size=41 src=worker:10 dst=client:1
event=hand_send ts_ns=4185818 id=304 clt=1 wrkr=5 slot=7 size=10 src=client:1 dst=worker:5
event=hand_send ts_ns=4187774 id=305 clt=1 wrkr=7 slot=4 size=10 src=client:1 dst=worker:7
event=hand_send ts_ns=4188418 id=306 clt=1 wrkr=10 slot=7 size=10 src=client:1 dst=worker:10
event=resp_rdma_read ts_ns=4241550 id=268 start_ns=3612713 dur_ns=628837 clt=1 wrkr=9 slot=11 size=102408 src=worker:9 dst=client:1
event=req_send ts_ns=4241550 id=316 clt=1 wrkr=1 slot=9 size=17 src=client:1 dst=worker:1
event=resp_rdma_read ts_ns=4243908 id=270 start_ns=3626811 dur_ns=617097 clt=1 wrkr=7 slot=3 size=102408 src=worker:7 dst=client:1
event=req_send ts_ns=4243908 id=317 clt=1 wrkr=1 slot=10 size=17 src=client:1 dst=worker:1
event=resp_rdma_read ts_ns=4251607 id=271 start_ns=3629700 dur_ns=621907 clt=1 wrkr=3 slot=6 size=102408 src=worker:3 dst=client:1
event=req_send ts_ns=4251607 id=318 clt=1 wrkr=9 slot=14 size=17 src=client:1 dst=worker:9
event=resp_rdma_read ts_ns=4251844 id=269 start_ns=3622061 dur_ns=629783 clt=1 wrkr=9 slot=12 size=102408 src=worker:9 dst=client:1
event=req_send ts_ns=4251844 id=319 clt=1 wrkr=0 slot=8 size=17 src=client:1 dst=worker:0
event=resp_rdma_read ts_ns=4298136 id=274 start_ns=3655294 dur_ns=642842 clt=1 wrkr=11 slot=10 size=102408 src=worker:11 dst=client:1
event=req_send ts_ns=4298136 id=322 clt=1 wrkr=5 slot=8 size=17 src=client:1 dst=worker:5
event=resp_recv_ud ts_ns=4312704 id=316 clt=1 wrkr=1 slot=9 size=41 src=worker:1 dst=client:1
event=resp_rdma_read ts_ns=4314062 id=275 start_ns=3660752 dur_ns=653310 clt=1 wrkr=10 slot=5 size=102408 src=worker:10 dst=client:1
event=req_send ts_ns=4314062 id=324 clt=1 wrkr=8 slot=8 size=17 src=client:1 dst=worker:8
event=resp_recv_ud ts_ns=4315440 id=317 clt=1 wrkr=1 slot=10 size=41 src=worker:1 dst=client:1
event=hand_send ts_ns=4321351 id=316 clt=1 wrkr=1 slot=9 size=10 src=client:1 dst=worker:1
event=resp_recv_ud ts_ns=4323295 id=318 clt=1 wrkr=9 slot=14 size=41 src=worker:9 dst=client:1
event=resp_recv_ud ts_ns=4323386 id=319 clt=1 wrkr=0 slot=8 size=41 src=worker:0 dst=client:1
event=hand_send ts_ns=4324087 id=317 clt=1 wrkr=1 slot=10 size=10 src=client:1 dst=worker:1
event=hand_send ts_ns=4331942 id=318 clt=1 wrkr=9 slot=14 size=10 src=client:1 dst=worker:9
event=hand_send ts_ns=4332033 id=319 clt=1 wrkr=0 slot=8 size=10 src=client:1 dst=worker:0
event=resp_recv_ud ts_ns=4368532 id=322 clt=1 wrkr=5 slot=8 size=41 src=worker:5 dst=client:1
event=hand_send ts_ns=4377179 id=322 clt=1 wrkr=5 slot=8 size=10 src=client:1 dst=worker:5
event=resp_recv_ud ts_ns=4383519 id=324 clt=1 wrkr=8 slot=8 size=41 src=worker:8 dst=client:1
event=hand_send ts_ns=4392166 id=324 clt=1 wrkr=8 slot=8 size=10 src=client:1 dst=worker:8
event=resp_rdma_read ts_ns=4625987 id=290 start_ns=3986250 dur_ns=639737 clt=1 wrkr=9 slot=13 size=102408 src=worker:9 dst=client:1
event=req_send ts_ns=4625987 id=338 clt=1 wrkr=8 slot=9 size=17 src=client:1 dst=worker:8
event=resp_rdma_read ts_ns=4681023 id=291 start_ns=3994990 dur_ns=686033 clt=1 wrkr=10 slot=6 size=102408 src=worker:10 dst=client:1
event=req_send ts_ns=4681023 id=340 clt=1 wrkr=9 slot=15 size=17 src=client:1 dst=worker:9
event=resp_recv_ud ts_ns=4696012 id=338 clt=1 wrkr=8 slot=9 size=41 src=worker:8 dst=client:1
event=resp_rdma_read ts_ns=4704606 id=294 start_ns=4047206 dur_ns=657400 clt=1 wrkr=1 slot=8 size=102408 src=worker:1 dst=client:1
event=req_send ts_ns=4704606 id=341 clt=1 wrkr=8 slot=10 size=17 src=client:1 dst=worker:8
event=hand_send ts_ns=4704659 id=338 clt=1 wrkr=8 slot=9 size=10 src=client:1 dst=worker:8
event=resp_rdma_read ts_ns=4727344 id=293 start_ns=4031085 dur_ns=696259 clt=1 wrkr=2 slot=7 size=102408 src=worker:2 dst=client:1
event=req_send ts_ns=4727344 id=344 clt=1 wrkr=1 slot=11 size=17 src=client:1 dst=worker:1
event=resp_rdma_read ts_ns=4734242 id=297 start_ns=4063161 dur_ns=671081 clt=1 wrkr=0 slot=7 size=102408 src=worker:0 dst=client:1
event=req_send ts_ns=4734242 id=346 clt=1 wrkr=4 slot=9 size=17 src=client:1 dst=worker:4
event=resp_recv_ud ts_ns=4750246 id=340 clt=1 wrkr=9 slot=15 size=41 src=worker:9 dst=client:1
event=resp_rdma_read ts_ns=4755043 id=298 start_ns=4066309 dur_ns=688734 clt=1 wrkr=5 slot=6 size=102408 src=worker:5 dst=client:1
event=req_send ts_ns=4755043 id=347 clt=1 wrkr=8 slot=11 size=17 src=client:1 dst=worker:8
event=hand_send ts_ns=4758893 id=340 clt=1 wrkr=9 slot=15 size=10 src=client:1 dst=worker:9
event=resp_rdma_read ts_ns=4770121 id=299 start_ns=4068136 dur_ns=701985 clt=1 wrkr=11 slot=11 size=102408 src=worker:11 dst=client:1
event=req_send ts_ns=4770121 id=350 clt=1 wrkr=1 slot=12 size=17 src=client:1 dst=worker:1
event=resp_recv_ud ts_ns=4774872 id=341 clt=1 wrkr=8 slot=10 size=41 src=worker:8 dst=client:1
event=hand_send ts_ns=4783519 id=341 clt=1 wrkr=8 slot=10 size=10 src=client:1 dst=worker:8
event=resp_recv_ud ts_ns=4798272 id=344 clt=1 wrkr=1 slot=11 size=41 src=worker:1 dst=client:1
event=resp_recv_ud ts_ns=4804685 id=346 clt=1 wrkr=4 slot=9 size=41 src=worker:4 dst=client:1
event=hand_send ts_ns=4806919 id=344 clt=1 wrkr=1 slot=11 size=10 src=client:1 dst=worker:1
event=hand_send ts_ns=4813332 id=346 clt=1 wrkr=4 slot=9 size=10 src=client:1 dst=worker:4
event=resp_recv_ud ts_ns=4826152 id=347 clt=1 wrkr=8 slot=11 size=41 src=worker:8 dst=client:1
event=resp_rdma_read ts_ns=4834038 id=305 start_ns=4187774 dur_ns=646264 clt=1 wrkr=7 slot=4 size=102408 src=worker:7 dst=client:1
event=req_send ts_ns=4834038 id=351 clt=1 wrkr=6 slot=10 size=17 src=client:1 dst=worker:6
event=hand_send ts_ns=4834799 id=347 clt=1 wrkr=8 slot=11 size=10 src=client:1 dst=worker:8
event=resp_rdma_read ts_ns=4837891 id=304 start_ns=4185818 dur_ns=652073 clt=1 wrkr=5 slot=7 size=102408 src=worker:5 dst=client:1
event=req_send ts_ns=4837891 id=352 clt=1 wrkr=5 slot=9 size=17 src=client:1 dst=worker:5
event=resp_rdma_read ts_ns=4839770 id=306 start_ns=4188418 dur_ns=651352 clt=1 wrkr=10 slot=7 size=102408 src=worker:10 dst=client:1
event=req_send ts_ns=4839770 id=353 clt=1 wrkr=7 slot=5 size=17 src=client:1 dst=worker:7
event=resp_recv_ud ts_ns=4841331 id=350 clt=1 wrkr=1 slot=12 size=41 src=worker:1 dst=client:1
event=hand_send ts_ns=4849978 id=350 clt=1 wrkr=1 slot=12 size=10 src=client:1 dst=worker:1
event=resp_recv_ud ts_ns=4904882 id=351 clt=1 wrkr=6 slot=10 size=41 src=worker:6 dst=client:1
event=resp_recv_ud ts_ns=4909473 id=352 clt=1 wrkr=5 slot=9 size=41 src=worker:5 dst=client:1
event=resp_recv_ud ts_ns=4911217 id=353 clt=1 wrkr=7 slot=5 size=41 src=worker:7 dst=client:1
event=hand_send ts_ns=4913529 id=351 clt=1 wrkr=6 slot=10 size=10 src=client:1 dst=worker:6
event=hand_send ts_ns=4918120 id=352 clt=1 wrkr=5 slot=9 size=10 src=client:1 dst=worker:5
event=hand_send ts_ns=4919864 id=353 clt=1 wrkr=7 slot=5 size=10 src=client:1 dst=worker:7
event=resp_rdma_read ts_ns=4943039 id=318 start_ns=4331942 dur_ns=611097 clt=1 wrkr=9 slot=14 size=102408 src=worker:9 dst=client:1
event=req_send ts_ns=4943039 id=360 clt=1 wrkr=1 slot=13 size=17 src=client:1 dst=worker:1
event=resp_rdma_read ts_ns=4950571 id=316 start_ns=4321351 dur_ns=629220 clt=1 wrkr=1 slot=9 size=102408 src=worker:1 dst=client:1
event=req_send ts_ns=4950571 id=364 clt=1 wrkr=8 slot=12 size=17 src=client:1 dst=worker:8
event=resp_rdma_read ts_ns=4955769 id=317 start_ns=4324087 dur_ns=631682 clt=1 wrkr=1 slot=10 size=102408 src=worker:1 dst=client:1
event=req_send ts_ns=4955769 id=366 clt=1 wrkr=3 slot=7 size=17 src=client:1 dst=worker:3
event=resp_rdma_read ts_ns=4977169 id=319 start_ns=4332033 dur_ns=645136 clt=1 wrkr=0 slot=8 size=102408 src=worker:0 dst=client:1
event=req_send ts_ns=4977169 id=367 clt=1 wrkr=11 slot=12 size=17 src=client:1 dst=worker:11
event=resp_recv_ud ts_ns=5014537 id=360 clt=1 wrkr=1 slot=13 size=41 src=worker:1 dst=client:1
event=resp_recv_ud ts_ns=5020861 id=364 clt=1 wrkr=8 slot=12 size=41 src=worker:8 dst=client:1
event=hand_send ts_ns=5023184 id=360 clt=1 wrkr=1 slot=13 size=10 src=client:1 dst=worker:1
event=resp_recv_ud ts_ns=5025246 id=366 clt=1 wrkr=3 slot=7 size=41 src=worker:3 dst=client:1
event=hand_send ts_ns=5029508 id=364 clt=1 wrkr=8 slot=12 size=10 src=client:1 dst=worker:8
event=hand_send ts_ns=5033893 id=366 clt=1 wrkr=3 slot=7 size=10 src=client:1 dst=worker:3
event=resp_rdma_read ts_ns=5037296 id=322 start_ns=4377179 dur_ns=660117 clt=1 wrkr=5 slot=8 size=102408 src=worker:5 dst=client:1
event=req_send ts_ns=5037296 id=371 clt=1 wrkr=9 slot=0 size=17 src=client:1 dst=worker:9
event=resp_recv_ud ts_ns=5048645 id=367 clt=1 wrkr=11 slot=12 size=41 src=worker:11 dst=client:1
event=hand_send ts_ns=5057292 id=367 clt=1 wrkr=11 slot=12 size=10 src=client:1 dst=worker:11
event=resp_rdma_read ts_ns=5066969 id=324 start_ns=4392166 dur_ns=674803 clt=1 wrkr=8 slot=8 size=102408 src=worker:8 dst=client:1
event=req_send ts_ns=5066969 id=375 clt=1 wrkr=11 slot=13 size=17 src=client:1 dst=worker:11
event=resp_recv_ud ts_ns=5107766 id=371 clt=1 wrkr=9 slot=0 size=41 src=worker:9 dst=client:1
event=hand_send ts_ns=5116413 id=371 clt=1 wrkr=9 slot=0 size=10 src=client:1 dst=worker:9
event=resp_recv_ud ts_ns=5138023 id=375 clt=1 wrkr=11 slot=13 size=41 src=worker:11 dst=client:1
event=hand_send ts_ns=5146670 id=375 clt=1 wrkr=11 slot=13 size=10 src=client:1 dst=worker:11
event=resp_rdma_read ts_ns=5368987 id=338 start_ns=4704659 dur_ns=664328 clt=1 wrkr=8 slot=9 size=102408 src=worker:8 dst=client:1
event=req_send ts_ns=5368987 id=386 clt=1 wrkr=4 slot=10 size=17 src=client:1 dst=worker:4
event=resp_rdma_read ts_ns=5396320 id=340 start_ns=4758893 dur_ns=637427 clt=1 wrkr=9 slot=15 size=102408 src=worker:9 dst=client:1
event=req_send ts_ns=5396320 id=388 clt=1 wrkr=7 slot=6 size=17 src=client:1 dst=worker:7
event=resp_recv_ud ts_ns=5419284 id=386 clt=1 wrkr=4 slot=10 size=41 src=worker:4 dst=client:1
event=hand_send ts_ns=5427931 id=386 clt=1 wrkr=4 slot=10 size=10 src=client:1 dst=worker:4
event=resp_rdma_read ts_ns=5438974 id=341 start_ns=4783519 dur_ns=655455 clt=1 wrkr=8 slot=10 size=102408 src=worker:8 dst=client:1
event=req_send ts_ns=5438974 id=391 clt=1 wrkr=0 slot=9 size=17 src=client:1 dst=worker:0
event=resp_rdma_read ts_ns=5463666 id=347 start_ns=4834799 dur_ns=628867 clt=1 wrkr=8 slot=11 size=102408 src=worker:8 dst=client:1
event=req_send ts_ns=5463666 id=392 clt=1 wrkr=5 slot=10 size=17 src=client:1 dst=worker:5
event=resp_recv_ud ts_ns=5466530 id=388 clt=1 wrkr=7 slot=6 size=41 src=worker:7 dst=client:1
event=hand_send ts_ns=5475177 id=388 clt=1 wrkr=7 slot=6 size=10 src=client:1 dst=worker:7
event=resp_rdma_read ts_ns=5493420 id=344 start_ns=4806919 dur_ns=686501 clt=1 wrkr=1 slot=11 size=102408 src=worker:1 dst=client:1
event=req_send ts_ns=5493420 id=395 clt=1 wrkr=9 slot=1 size=17 src=client:1 dst=worker:9
event=resp_rdma_read ts_ns=5504720 id=346 start_ns=4813332 dur_ns=691388 clt=1 wrkr=4 slot=9 size=102408 src=worker:4 dst=client:1
event=req_send ts_ns=5504720 id=396 clt=1 wrkr=2 slot=8 size=17 src=client:1 dst=worker:2
event=resp_recv_ud ts_ns=5510126 id=391 clt=1 wrkr=0 slot=9 size=41 src=worker:0 dst=client:1
event=hand_send ts_ns=5518773 id=391 clt=1 wrkr=0 slot=9 size=10 src=client:1 dst=worker:0
event=resp_rdma_read ts_ns=5524748 id=350 start_ns=4849978 dur_ns=674770 clt=1 wrkr=1 slot=12 size=102408 src=worker:1 dst=client:1
event=req_send ts_ns=5524748 id=399 clt=1 wrkr=1 slot=14 size=17 src=client:1 dst=worker:1
event=resp_rdma_read ts_ns=5532548 id=353 start_ns=4919864 dur_ns=612684 clt=1 wrkr=7 slot=5 size=102408 src=worker:7 dst=client:1
event=req_send ts_ns=5532548 id=400 clt=1 wrkr=9 slot=2 size=17 src=client:1 dst=worker:9
event=resp_recv_ud ts_ns=5534912 id=392 clt=1 wrkr=5 slot=10 size=41 src=worker:5 dst=client:1
event=resp_rdma_read ts_ns=5538602 id=352 start_ns=4918120 dur_ns=620482 clt=1 wrkr=5 slot=9 size=102408 src=worker:5 dst=client:1
event=req_send ts_ns=5538602 id=401 clt=1 wrkr=4 slot=11 size=17 src=client:1 dst=worker:4
event=hand_send ts_ns=5543559 id=392 clt=1 wrkr=5 slot=10 size=10 src=client:1 dst=worker:5
event=resp_recv_ud ts_ns=5564450 id=395 clt=1 wrkr=9 slot=1 size=41 src=worker:9 dst=client:1
event=resp_rdma_read ts_ns=5568550 id=351 start_ns=4913529 dur_ns=655021 clt=1 wrkr=6 slot=10 size=102408 src=worker:6 dst=client:1
event=req_send ts_ns=5568550 id=404 clt=1 wrkr=1 slot=15 size=17 src=client:1 dst=worker:1
event=hand_send ts_ns=5573097 id=395 clt=1 wrkr=9 slot=1 size=10 src=client:1 dst=worker:9
event=resp_recv_ud ts_ns=5575611 id=396 clt=1 wrkr=2 slot=8 size=41 src=worker:2 dst=client:1
event=hand_send ts_ns=5584258 id=396 clt=1 wrkr=2 slot=8 size=10 src=client:1 dst=worker:2
event=resp_recv_ud ts_ns=5596208 id=399 clt=1 wrkr=1 slot=14 size=41 src=worker:1 dst=client:1
event=resp_recv_ud ts_ns=5602798 id=400 clt=1 wrkr=9 slot=2 size=41 src=worker:9 dst=client:1
event=hand_send ts_ns=5604855 id=399 clt=1 wrkr=1 slot=14 size=10 src=client:1 dst=worker:1
event=resp_recv_ud ts_ns=5608494 id=401 clt=1 wrkr=4 slot=11 size=41 src=worker:4 dst=client:1
event=hand_send ts_ns=5611445 id=400 clt=1 wrkr=9 slot=2 size=10 src=client:1 dst=worker:9
event=hand_send ts_ns=5617141 id=401 clt=1 wrkr=4 slot=11 size=10 src=client:1 dst=worker:4
event=resp_recv_ud ts_ns=5639440 id=404 clt=1 wrkr=1 slot=15 size=41 src=worker:1 dst=client:1
event=hand_send ts_ns=5648087 id=404 clt=1 wrkr=1 slot=15 size=10 src=client:1 dst=worker:1
event=resp_rdma_read ts_ns=5653401 id=360 start_ns=5023184 dur_ns=630217 clt=1 wrkr=1 slot=13 size=102408 src=worker:1 dst=client:1
event=req_send ts_ns=5653401 id=409 clt=1 wrkr=4 slot=12 size=17 src=client:1 dst=worker:4
event=resp_rdma_read ts_ns=5669094 id=367 start_ns=5057292 dur_ns=611802 clt=1 wrkr=11 slot=12 size=102408 src=worker:11 dst=client:1
event=req_send ts_ns=5669094 id=411 clt=1 wrkr=10 slot=8 size=17 src=client:1 dst=worker:10
event=resp_rdma_read ts_ns=5680774 id=364 start_ns=5029508 dur_ns=651266 clt=1 wrkr=8 slot=12 size=102408 src=worker:8 dst=client:1
event=req_send ts_ns=5680774 id=413 clt=1 wrkr=4 slot=13 size=17 src=client:1 dst=worker:4
event=resp_rdma_read ts_ns=5697070 id=366 start_ns=5033893 dur_ns=663177 clt=1 wrkr=3 slot=7 size=102408 src=worker:3 dst=client:1
event=req_send ts_ns=5697070 id=416 clt=1 wrkr=2 slot=9 size=17 src=client:1 dst=worker:2
event=resp_recv_ud ts_ns=5725212 id=409 clt=1 wrkr=4 slot=12 size=41 src=worker:4 dst=client:1
event=hand_send ts_ns=5733859 id=409 clt=1 wrkr=4 slot=12 size=10 src=client:1 dst=worker:4
event=resp_recv_ud ts_ns=5739805 id=411 clt=1 wrkr=10 slot=8 size=41 src=worker:10 dst=client:1
event=hand_send ts_ns=5748452 id=411 clt=1 wrkr=10 slot=8 size=10 src=client:1 dst=worker:10
event=resp_recv_ud ts_ns=5751668 id=413 clt=1 wrkr=4 slot=13 size=41 src=worker:4 dst=client:1
event=hand_send ts_ns=5760315 id=413 clt=1 wrkr=4 slot=13 size=10 src=client:1 dst=worker:4
event=resp_recv_ud ts_ns=5768293 id=416 clt=1 wrkr=2 slot=9 size=41 src=worker:2 dst=client:1
event=hand_send ts_ns=5776940 id=416 clt=1 wrkr=2 slot=9 size=10 src=client:1 dst=worker:2
event=resp_rdma_read ts_ns=5795925 id=371 start_ns=5116413 dur_ns=679512 clt=1 wrkr=9 slot=0 size=102408 src=worker:9 dst=client:1
event=req_send ts_ns=5795925 id=423 clt=1 wrkr=3 slot=8 size=17 src=client:1 dst=worker:3
event=resp_rdma_read ts_ns=5841799 id=375 start_ns=5146670 dur_ns=695129 clt=1 wrkr=11 slot=13 size=102408 src=worker:11 dst=client:1
event=req_send ts_ns=5841799 id=429 clt=1 wrkr=5 slot=11 size=17 src=client:1 dst=worker:5
event=resp_recv_ud ts_ns=5866076 id=423 clt=1 wrkr=3 slot=8 size=41 src=worker:3 dst=client:1
event=hand_send ts_ns=5874723 id=423 clt=1 wrkr=3 slot=8 size=10 src=client:1 dst=worker:3
event=resp_recv_ud ts_ns=5912063 id=429 clt=1 wrkr=5 slot=11 size=41 src=worker:5 dst=client:1
event=hand_send ts_ns=5920710 id=429 clt=1 wrkr=5 slot=11 size=10 src=client:1 dst=worker:5
event=resp_rdma_read ts_ns=5969422 id=386 start_ns=5427931 dur_ns=541491 clt=1 wrkr=4 slot=10 size=102408 src=worker:4 dst=client:1
event=req_send ts_ns=5969422 id=433 clt=1 wrkr=0 slot=10 size=17 src=client:1 dst=worker:0
event=resp_recv_ud ts_ns=6038128 id=433 clt=1 wrkr=0 slot=10 size=41 src=worker:0 dst=client:1
event=hand_send ts_ns=6046775 id=433 clt=1 wrkr=0 slot=10 size=10 src=client:1 dst=worker:0
event=resp_rdma_read ts_ns=6152136 id=388 start_ns=5475177 dur_ns=676959 clt=1 wrkr=7 slot=6 size=102408 src=worker:7 dst=client:1
event=req_send ts_ns=6152136 id=438 clt=1 wrkr=10 slot=9 size=17 src=client:1 dst=worker:10
event=resp_rdma_read ts_ns=6160192 id=391 start_ns=5518773 dur_ns=641419 clt=1 wrkr=0 slot=9 size=102408 src=worker:0 dst=client:1
event=req_send ts_ns=6160192 id=439 clt=1 wrkr=10 slot=10 size=17 src=client:1 dst=worker:10
event=resp_rdma_read ts_ns=6163060 id=392 start_ns=5543559 dur_ns=619501 clt=1 wrkr=5 slot=10 size=102408 src=worker:5 dst=client:1
event=req_send ts_ns=6163060 id=440 clt=1 wrkr=5 slot=12 size=17 src=client:1 dst=worker:5
event=resp_recv_ud ts_ns=6222859 id=438 clt=1 wrkr=10 slot=9 size=41 src=worker:10 dst=client:1
event=resp_recv_ud ts_ns=6231361 id=439 clt=1 wrkr=10 slot=10 size=41 src=worker:10 dst=client:1
event=hand_send ts_ns=6231506 id=438 clt=1 wrkr=10 slot=9 size=10 src=client:1 dst=worker:10
event=resp_recv_ud ts_ns=6234065 id=440 clt=1 wrkr=5 slot=12 size=41 src=worker:5 dst=client:1
event=resp_rdma_read ts_ns=6234305 id=395 start_ns=5573097 dur_ns=661208 clt=1 wrkr=9 slot=1 size=102408 src=worker:9 dst=client:1
event=req_send ts_ns=6234305 id=443 clt=1 wrkr=7 slot=7 size=17 src=client:1 dst=worker:7
event=hand_send ts_ns=6240008 id=439 clt=1 wrkr=10 slot=10 size=10 src=client:1 dst=worker:10
event=hand_send ts_ns=6242712 id=440 clt=1 wrkr=5 slot=12 size=10 src=client:1 dst=worker:5
event=resp_rdma_read ts_ns=6242926 id=396 start_ns=5584258 dur_ns=658668 clt=1 wrkr=2 slot=8 size=102408 src=worker:2 dst=client:1
event=req_send ts_ns=6242926 id=445 clt=1 wrkr=2 slot=10 size=17 src=client:1 dst=worker:2
event=resp_rdma_read ts_ns=6259800 id=399 start_ns=5604855 dur_ns=654945 clt=1 wrkr=1 slot=14 size=102408 src=worker:1 dst=client:1
event=req_send ts_ns=6259800 id=447 clt=1 wrkr=10 slot=11 size=17 src=client:1 dst=worker:10
event=resp_rdma_read ts_ns=6289053 id=400 start_ns=5611445 dur_ns=677608 clt=1 wrkr=9 slot=2 size=102408 src=worker:9 dst=client:1
event=req_send ts_ns=6289053 id=448 clt=1 wrkr=4 slot=14 size=17 src=client:1 dst=worker:4
event=resp_rdma_read ts_ns=6298637 id=404 start_ns=5648087 dur_ns=650550 clt=1 wrkr=1 slot=15 size=102408 src=worker:1 dst=client:1
event=req_send ts_ns=6298637 id=452 clt=1 wrkr=2 slot=11 size=17 src=client:1 dst=worker:2
event=resp_recv_ud ts_ns=6306317 id=443 clt=1 wrkr=7 slot=7 size=41 src=worker:7 dst=client:1
event=resp_rdma_read ts_ns=6312545 id=401 start_ns=5617141 dur_ns=695404 clt=1 wrkr=4 slot=11 size=102408 src=worker:4 dst=client:1
event=req_send ts_ns=6312545 id=453 clt=1 wrkr=5 slot=13 size=17 src=client:1 dst=worker:5
event=resp_recv_ud ts_ns=6314781 id=445 clt=1 wrkr=2 slot=10 size=41 src=worker:2 dst=client:1
event=hand_send ts_ns=6314964 id=443 clt=1 wrkr=7 slot=7 size=10 src=client:1 dst=worker:7
event=hand_send ts_ns=6323428 id=445 clt=1 wrkr=2 slot=10 size=10 src=client:1 dst=worker:2
event=resp_recv_ud ts_ns=6330162 id=447 clt=1 wrkr=10 slot=11 size=41 src=worker:10 dst=client:1
event=hand_send ts_ns=6338809 id=447 clt=1 wrkr=10 slot=11 size=10 src=client:1 dst=worker:10
event=resp_rdma_read ts_ns=6346917 id=409 start_ns=5733859 dur_ns=613058 clt=1 wrkr=4 slot=12 size=102408 src=worker:4 dst=client:1
event=req_send ts_ns=6346917 id=457 clt=1 wrkr=3 slot=9 size=17 src=client:1 dst=worker:3
event=resp_recv_ud ts_ns=6361013 id=448 clt=1 wrkr=4 slot=14 size=41 src=worker:4 dst=client:1
event=resp_recv_ud ts_ns=6368761 id=452 clt=1 wrkr=2 slot=11 size=41 src=worker:2 dst=client:1
event=hand_send ts_ns=6369660 id=448 clt=1 wrkr=4 slot=14 size=10 src=client:1 dst=worker:4
event=hand_send ts_ns=6377408 id=452 clt=1 wrkr=2 slot=11 size=10 src=client:1 dst=worker:2
event=resp_recv_ud ts_ns=6382142 id=453 clt=1 wrkr=5 slot=13 size=41 src=worker:5 dst=client:1
event=hand_send ts_ns=6390789 id=453 clt=1 wrkr=5 slot=13 size=10 src=client:1 dst=worker:5
event=resp_recv_ud ts_ns=6416618 id=457 clt=1 wrkr=3 slot=9 size=41 src=worker:3 dst=client:1
event=resp_rdma_read ts_ns=6420712 id=411 start_ns=5748452 dur_ns=672260 clt=1 wrkr=10 slot=8 size=102408 src=worker:10 dst=client:1
event=req_send ts_ns=6420712 id=461 clt=1 wrkr=1 slot=0 size=17 src=client:1 dst=worker:1
event=resp_rdma_read ts_ns=6423033 id=413 start_ns=5760315 dur_ns=662718 clt=1 wrkr=4 slot=13 size=102408 src=worker:4 dst=client:1
event=req_send ts_ns=6423033 id=463 clt=1 wrkr=3 slot=10 size=17 src=client:1 dst=worker:3
event=hand_send ts_ns=6425265 id=457 clt=1 wrkr=3 slot=9 size=10 src=client:1 dst=worker:3
event=resp_rdma_read ts_ns=6429031 id=416 start_ns=5776940 dur_ns=652091 clt=1 wrkr=2 slot=9 size=102408 src=worker:2 dst=client:1
event=req_send ts_ns=6429031 id=464 clt=1 wrkr=0 slot=11 size=17 src=client:1 dst=worker:0
event=resp_recv_ud ts_ns=6492623 id=461 clt=1 wrkr=1 slot=0 size=41 src=worker:1 dst=client:1
event=resp_recv_ud ts_ns=6494682 id=463 clt=1 wrkr=3 slot=10 size=41 src=worker:3 dst=client:1
event=resp_recv_ud ts_ns=6499783 id=464 clt=1 wrkr=0 slot=11 size=41 src=worker:0 dst=client:1
event=hand_send ts_ns=6501270 id=461 clt=1 wrkr=1 slot=0 size=10 src=client:1 dst=worker:1
event=hand_send ts_ns=6503329 id=463 clt=1 wrkr=3 slot=10 size=10 src=client:1 dst=worker:3
event=hand_send ts_ns=6508430 id=464 clt=1 wrkr=0 slot=11 size=10 src=client:1 dst=worker:0
event=resp_rdma_read ts_ns=6528114 id=423 start_ns=5874723 dur_ns=653391 clt=1 wrkr=3 slot=8 size=102408 src=worker:3 dst=client:1
event=req_send ts_ns=6528114 id=469 clt=1 wrkr=10 slot=12 size=17 src=client:1 dst=worker:10
event=resp_rdma_read ts_ns=6540596 id=433 start_ns=6046775 dur_ns=493821 clt=1 wrkr=0 slot=10 size=102408 src=worker:0 dst=client:1
event=req_send ts_ns=6540596 id=473 clt=1 wrkr=10 slot=13 size=17 src=client:1 dst=worker:10
event=resp_recv_ud ts_ns=6598888 id=469 clt=1 wrkr=10 slot=12 size=41 src=worker:10 dst=client:1
event=hand_send ts_ns=6607535 id=469 clt=1 wrkr=10 slot=12 size=10 src=client:1 dst=worker:10
event=resp_recv_ud ts_ns=6612015 id=473 clt=1 wrkr=10 slot=13 size=41 src=worker:10 dst=client:1
event=hand_send ts_ns=6620662 id=473 clt=1 wrkr=10 slot=13 size=10 src=client:1 dst=worker:10
event=resp_rdma_read ts_ns=6637533 id=429 start_ns=5920710 dur_ns=716823 clt=1 wrkr=5 slot=11 size=102408 src=worker:5 dst=client:1
event=req_send ts_ns=6637533 id=481 clt=1 wrkr=6 slot=11 size=17 src=client:1 dst=worker:6
event=resp_recv_ud ts_ns=6708201 id=481 clt=1 wrkr=6 slot=11 size=41 src=worker:6 dst=client:1
event=hand_send ts_ns=6716848 id=481 clt=1 wrkr=6 slot=11 size=10 src=client:1 dst=worker:6
event=resp_rdma_read ts_ns=6848400 id=439 start_ns=6240008 dur_ns=608392 clt=1 wrkr=10 slot=10 size=102408 src=worker:10 dst=client:1
event=req_send ts_ns=6848400 id=483 clt=1 wrkr=11 slot=14 size=17 src=client:1 dst=worker:11
event=resp_rdma_read ts_ns=6863869 id=438 start_ns=6231506 dur_ns=632363 clt=1 wrkr=10 slot=9 size=102408 src=worker:10 dst=client:1
event=req_send ts_ns=6863869 id=487 clt=1 wrkr=5 slot=14 size=17 src=client:1 dst=worker:5
event=resp_recv_ud ts_ns=6895577 id=483 clt=1 wrkr=11 slot=14 size=41 src=worker:11 dst=client:1
event=hand_send ts_ns=6904224 id=483 clt=1 wrkr=11 slot=14 size=10 src=client:1 dst=worker:11
event=resp_rdma_read ts_ns=6907922 id=443 start_ns=6314964 dur_ns=592958 clt=1 wrkr=7 slot=7 size=102408 src=worker:7 dst=client:1
event=req_send ts_ns=6907922 id=488 clt=1 wrkr=10 slot=14 size=17 src=client:1 dst=worker:10
event=resp_rdma_read ts_ns=6922007 id=440 start_ns=6242712 dur_ns=679295 clt=1 wrkr=5 slot=12 size=102408 src=worker:5 dst=client:1
event=req_send ts_ns=6922007 id=490 clt=1 wrkr=2 slot=12 size=17 src=client:1 dst=worker:2
event=resp_rdma_read ts_ns=6927857 id=447 start_ns=6338809 dur_ns=589048 clt=1 wrkr=10 slot=11 size=102408 src=worker:10 dst=client:1
event=req_send ts_ns=6927857 id=492 clt=1 wrkr=4 slot=15 size=17 src=client:1 dst=worker:4
event=resp_rdma_read ts_ns=6932835 id=445 start_ns=6323428 dur_ns=609407 clt=1 wrkr=2 slot=10 size=102408 src=worker:2 dst=client:1
event=req_send ts_ns=6932835 id=494 clt=1 wrkr=1 slot=1 size=17 src=client:1 dst=worker:1
event=resp_recv_ud ts_ns=6933272 id=487 clt=1 wrkr=5 slot=14 size=41 src=worker:5 dst=client:1
event=hand_send ts_ns=6941919 id=487 clt=1 wrkr=5 slot=14 size=10 src=client:1 dst=worker:5
event=resp_rdma_read ts_ns=6954219 id=448 start_ns=6369660 dur_ns=584559 clt=1 wrkr=4 slot=14 size=102408 src=worker:4 dst=client:1
event=req_send ts_ns=6954219 id=496 clt=1 wrkr=3 slot=11 size=17 src=client:1 dst=worker:3
event=resp_recv_ud ts_ns=6977917 id=488 clt=1 wrkr=10 slot=14 size=41 src=worker:10 dst=client:1
event=hand_send ts_ns=6986564 id=488 clt=1 wrkr=10 slot=14 size=10 src=client:1 dst=worker:10
event=resp_recv_ud ts_ns=6992190 id=490 clt=1 wrkr=2 slot=12 size=41 src=worker:2 dst=client:1
event=resp_recv_ud ts_ns=6998339 id=492 clt=1 wrkr=4 slot=15 size=41 src=worker:4 dst=client:1
event=hand_send ts_ns=7000837 id=490 clt=1 wrkr=2 slot=12 size=10 src=client:1 dst=worker:2
event=resp_recv_ud ts_ns=7003393 id=494 clt=1 wrkr=1 slot=1 size=41 src=worker:1 dst=client:1
event=hand_send ts_ns=7006986 id=492 clt=1 wrkr=4 slot=15 size=10 src=client:1 dst=worker:4
event=hand_send ts_ns=7012040 id=494 clt=1 wrkr=1 slot=1 size=10 src=client:1 dst=worker:1
event=resp_recv_ud ts_ns=7024919 id=496 clt=1 wrkr=3 slot=11 size=41 src=worker:3 dst=client:1
event=hand_send ts_ns=7033566 id=496 clt=1 wrkr=3 slot=11 size=10 src=client:1 dst=worker:3
event=resp_rdma_read ts_ns=7065670 id=453 start_ns=6390789 dur_ns=674881 clt=1 wrkr=5 slot=13 size=102408 src=worker:5 dst=client:1
event=req_send ts_ns=7065670 id=503 clt=1 wrkr=10 slot=15 size=17 src=client:1 dst=worker:10
event=resp_rdma_read ts_ns=7066059 id=452 start_ns=6377408 dur_ns=688651 clt=1 wrkr=2 slot=11 size=102408 src=worker:2 dst=client:1
event=req_send ts_ns=7066059 id=504 clt=1 wrkr=11 slot=15 size=17 src=client:1 dst=worker:11
event=resp_rdma_read ts_ns=7129544 id=457 start_ns=6425265 dur_ns=704279 clt=1 wrkr=3 slot=9 size=102408 src=worker:3 dst=client:1
event=req_send ts_ns=7129544 id=506 clt=1 wrkr=6 slot=12 size=17 src=client:1 dst=worker:6
event=resp_rdma_read ts_ns=7132051 id=461 start_ns=6501270 dur_ns=630781 clt=1 wrkr=1 slot=0 size=102408 src=worker:1 dst=client:1
event=req_send ts_ns=7132051 id=507 clt=1 wrkr=8 slot=13 size=17 src=client:1 dst=worker:8
event=resp_recv_ud ts_ns=7137241 id=503 clt=1 wrkr=10 slot=15 size=41 src=worker:10 dst=client:1
event=resp_recv_ud ts_ns=7137691 id=504 clt=1 wrkr=11 slot=15 size=41 src=worker:11 dst=client:1
event=hand_send ts_ns=7145888 id=503 clt=1 wrkr=10 slot=15 size=10 src=client:1 dst=worker:10
event=hand_send ts_ns=7146338 id=504 clt=1 wrkr=11 slot=15 size=10 src=client:1 dst=worker:11
event=resp_rdma_read ts_ns=7154513 id=463 start_ns=6503329 dur_ns=651184 clt=1 wrkr=3 slot=10 size=102408 src=worker:3 dst=client:1
event=req_send ts_ns=7154513 id=510 clt=1 wrkr=2 slot=13 size=17 src=client:1 dst=worker:2
event=resp_rdma_read ts_ns=7186877 id=464 start_ns=6508430 dur_ns=678447 clt=1 wrkr=0 slot=11 size=102408 src=worker:0 dst=client:1
event=req_send ts_ns=7186877 id=513 clt=1 wrkr=9 slot=3 size=17 src=client:1 dst=worker:9
event=resp_rdma_read ts_ns=7190609 id=481 start_ns=6716848 dur_ns=473761 clt=1 wrkr=6 slot=11 size=102408 src=worker:6 dst=client:1
event=req_send ts_ns=7190609 id=515 clt=1 wrkr=10 slot=0 size=17 src=client:1 dst=worker:10
event=resp_recv_ud ts_ns=7200831 id=506 clt=1 wrkr=6 slot=12 size=41 src=worker:6 dst=client:1
event=resp_recv_ud ts_ns=7203244 id=507 clt=1 wrkr=8 slot=13 size=41 src=worker:8 dst=client:1
event=hand_send ts_ns=7209478 id=506 clt=1 wrkr=6 slot=12 size=10 src=client:1 dst=worker:6
event=hand_send ts_ns=7211891 id=507 clt=1 wrkr=8 slot=13 size=10 src=client:1 dst=worker:8
event=resp_recv_ud ts_ns=7225325 id=510 clt=1 wrkr=2 slot=13 size=41 src=worker:2 dst=client:1
event=resp_rdma_read ts_ns=7231709 id=469 start_ns=6607535 dur_ns=624174 clt=1 wrkr=10 slot=12 size=102408 src=worker:10 dst=client:1
event=req_send ts_ns=7231709 id=519 clt=1 wrkr=1 slot=2 size=17 src=client:1 dst=worker:1
event=hand_send ts_ns=7233972 id=510 clt=1 wrkr=2 slot=13 size=10 src=client:1 dst=worker:2
event=resp_recv_ud ts_ns=7258382 id=513 clt=1 wrkr=9 slot=3 size=41 src=worker:9 dst=client:1
event=resp_recv_ud ts_ns=7261376 id=515 clt=1 wrkr=10 slot=0 size=41 src=worker:10 dst=client:1
event=hand_send ts_ns=7267029 id=513 clt=1 wrkr=9 slot=3 size=10 src=client:1 dst=worker:9
event=hand_send ts_ns=7270023 id=515 clt=1 wrkr=10 slot=0 size=10 src=client:1 dst=worker:10
event=resp_recv_ud ts_ns=7302062 id=519 clt=1 wrkr=1 slot=2 size=41 src=worker:1 dst=client:1
event=resp_rdma_read ts_ns=7302498 id=473 start_ns=6620662 dur_ns=681836 clt=1 wrkr=10 slot=13 size=102408 src=worker:10 dst=client:1
event=req_send ts_ns=7302498 id=524 clt=1 wrkr=2 slot=14 size=17 src=client:1 dst=worker:2
event=hand_send ts_ns=7310709 id=519 clt=1 wrkr=1 slot=2 size=10 src=client:1 dst=worker:1
event=resp_recv_ud ts_ns=7374799 id=524 clt=1 wrkr=2 slot=14 size=41 src=worker:2 dst=client:1
event=hand_send ts_ns=7383446 id=524 clt=1 wrkr=2 slot=14 size=10 src=client:1 dst=worker:2
event=resp_rdma_read ts_ns=7562152 id=483 start_ns=6904224 dur_ns=657928 clt=1 wrkr=11 slot=14 size=102408 src=worker:11 dst=client:1
event=req_send ts_ns=7562152 id=532 clt=1 wrkr=9 slot=4 size=17 src=client:1 dst=worker:9
event=resp_rdma_read ts_ns=7592445 id=487 start_ns=6941919 dur_ns=650526 clt=1 wrkr=5 slot=14 size=102408 src=worker:5 dst=client:1
event=req_send ts_ns=7592445 id=535 clt=1 wrkr=6 slot=13 size=17 src=client:1 dst=worker:6
event=resp_rdma_read ts_ns=7627455 id=488 start_ns=6986564 dur_ns=640891 clt=1 wrkr=10 slot=14 size=102408 src=worker:10 dst=client:1
event=req_send ts_ns=7627455 id=537 clt=1 wrkr=5 slot=15 size=17 src=client:1 dst=worker:5
event=resp_recv_ud ts_ns=7631499 id=532 clt=1 wrkr=9 slot=4 size=41 src=worker:9 dst=client:1
event=hand_send ts_ns=7640146 id=532 clt=1 wrkr=9 slot=4 size=10 src=client:1 dst=worker:9
event=resp_rdma_read ts_ns=7657448 id=490 start_ns=7000837 dur_ns=656611 clt=1 wrkr=2 slot=12 size=102408 src=worker:2 dst=client:1
event=req_send ts_ns=7657448 id=538 clt=1 wrkr=5 slot=0 size=17 src=client:1 dst=worker:5
event=resp_recv_ud ts_ns=7662839 id=535 clt=1 wrkr=6 slot=13 size=41 src=worker:6 dst=client:1
event=hand_send ts_ns=7671486 id=535 clt=1 wrkr=6 slot=13 size=10 src=client:1 dst=worker:6
event=resp_rdma_read ts_ns=7681468 id=492 start_ns=7006986 dur_ns=674482 clt=1 wrkr=4 slot=15 size=102408 src=worker:4 dst=client:1
event=req_send ts_ns=7681468 id=540 clt=1 wrkr=10 slot=1 size=17 src=client:1 dst=worker:10
event=resp_rdma_read ts_ns=7681968 id=494 start_ns=7012040 dur_ns=669928 clt=1 wrkr=1 slot=1 size=102408 src=worker:1 dst=client:1
event=req_send ts_ns=7681968 id=541 clt=1 wrkr=10 slot=2 size=17 src=client:1 dst=worker:10
event=resp_recv_ud ts_ns=7698652 id=537 clt=1 wrkr=5 slot=15 size=41 src=worker:5 dst=client:1
event=hand_send ts_ns=7707299 id=537 clt=1 wrkr=5 slot=15 size=10 src=client:1 dst=worker:5
event=resp_rdma_read ts_ns=7721734 id=496 start_ns=7033566 dur_ns=688168 clt=1 wrkr=3 slot=11 size=102408 src=worker:3 dst=client:1
event=req_send ts_ns=7721734 id=545 clt=1 wrkr=8 slot=14 size=17 src=client:1 dst=worker:8
event=resp_recv_ud ts_ns=7728534 id=538 clt=1 wrkr=5 slot=0 size=41 src=worker:5 dst=client:1
event=hand_send ts_ns=7737181 id=538 clt=1 wrkr=5 slot=0 size=10 src=client:1 dst=worker:5
event=resp_recv_ud ts_ns=7752874 id=540 clt=1 wrkr=10 slot=1 size=41 src=worker:10 dst=client:1
event=resp_recv_ud ts_ns=7753084 id=541 clt=1 wrkr=10 slot=2 size=41 src=worker:10 dst=client:1
event=hand_send ts_ns=7761521 id=540 clt=1 wrkr=10 slot=1 size=10 src=client:1 dst=worker:10
event=hand_send ts_ns=7761731 id=541 clt=1 wrkr=10 slot=2 size=10 src=client:1 dst=worker:10
event=resp_rdma_read ts_ns=7788400 id=506 start_ns=7209478 dur_ns=578922 clt=1 wrkr=6 slot=12 size=102408 src=worker:6 dst=client:1
event=req_send ts_ns=7788400 id=551 clt=1 wrkr=6 slot=14 size=17 src=client:1 dst=worker:6
event=resp_recv_ud ts_ns=7793529 id=545 clt=1 wrkr=8 slot=14 size=41 src=worker:8 dst=client:1
event=hand_send ts_ns=7802176 id=545 clt=1 wrkr=8 slot=14 size=10 src=client:1 dst=worker:8
event=resp_rdma_read ts_ns=7807059 id=507 start_ns=7211891 dur_ns=595168 clt=1 wrkr=8 slot=13 size=102408 src=worker:8 dst=client:1
event=req_send ts_ns=7807059 id=553 clt=1 wrkr=5 slot=1 size=17 src=client:1 dst=worker:5
event=resp_rdma_read ts_ns=7813884 id=504 start_ns=7146338 dur_ns=667546 clt=1 wrkr=11 slot=15 size=102408 src=worker:11 dst=client:1
event=req_send ts_ns=7813884 id=555 clt=1 wrkr=6 slot=15 size=17 src=client:1 dst=worker:6
event=resp_rdma_read ts_ns=7823852 id=503 start_ns=7145888 dur_ns=677964 clt=1 wrkr=10 slot=15 size=102408 src=worker:10 dst=client:1
event=req_send ts_ns=7823852 id=558 clt=1 wrkr=2 slot=15 size=17 src=client:1 dst=worker:2
event=resp_recv_ud ts_ns=7857709 id=551 clt=1 wrkr=6 slot=14 size=41 src=worker:6 dst=client:1
event=hand_send ts_ns=7866356 id=551 clt=1 wrkr=6 slot=14 size=10 src=client:1 dst=worker:6
event=resp_recv_ud ts_ns=7878581 id=553 clt=1 wrkr=5 slot=1 size=41 src=worker:5 dst=client:1
event=resp_recv_ud ts_ns=7884416 id=555 clt=1 wrkr=6 slot=15 size=41 src=worker:6 dst=client:1
event=hand_send ts_ns=7887228 id=553 clt=1 wrkr=5 slot=1 size=10 src=client:1 dst=worker:5
event=hand_send ts_ns=7893063 id=555 clt=1 wrkr=6 slot=15 size=10 src=client:1 dst=worker:6
event=resp_recv_ud ts_ns=7893132 id=558 clt=1 wrkr=2 slot=15 size=41 src=worker:2 dst=client:1
event=hand_send ts_ns=7901779 id=558 clt=1 wrkr=2 slot=15 size=10 src=client:1 dst=worker:2
event=resp_rdma_read ts_ns=7935236 id=513 start_ns=7267029 dur_ns=668207 clt=1 wrkr=9 slot=3 size=102408 src=worker:9 dst=client:1
event=req_send ts_ns=7935236 id=561 clt=1 wrkr=8 slot=15 size=17 src=client:1 dst=worker:8
event=resp_rdma_read ts_ns=7938623 id=510 start_ns=7233972 dur_ns=704651 clt=1 wrkr=2 slot=13 size=102408 src=worker:2 dst=client:1
event=req_send ts_ns=7938623 id=562 clt=1 wrkr=10 slot=3 size=17 src=client:1 dst=worker:10
event=resp_rdma_read ts_ns=7960981 id=515 start_ns=7270023 dur_ns=690958 clt=1 wrkr=10 slot=0 size=102408 src=worker:10 dst=client:1
event=req_send ts_ns=7960981 id=566 clt=1 wrkr=10 slot=4 size=17 src=client:1 dst=worker:10
event=resp_rdma_read ts_ns=7999929 id=519 start_ns=7310709 dur_ns=689220 clt=1 wrkr=1 slot=2 size=102408 src=worker:1 dst=client:1
event=req_send ts_ns=7999929 id=571 clt=1 wrkr=5 slot=2 size=17 src=client:1 dst=worker:5
event=resp_recv_ud ts_ns=8007036 id=561 clt=1 wrkr=8 slot=15 size=41 src=worker:8 dst=client:1
event=resp_recv_ud ts_ns=8010740 id=562 clt=1 wrkr=10 slot=3 size=41 src=worker:10 dst=client:1
event=hand_send ts_ns=8015683 id=561 clt=1 wrkr=8 slot=15 size=10 src=client:1 dst=worker:8
event=hand_send ts_ns=8019387 id=562 clt=1 wrkr=10 slot=3 size=10 src=client:1 dst=worker:10
event=resp_recv_ud ts_ns=8031260 id=566 clt=1 wrkr=10 slot=4 size=41 src=worker:10 dst=client:1
event=hand_send ts_ns=8039907 id=566 clt=1 wrkr=10 slot=4 size=10 src=client:1 dst=worker:10
event=resp_rdma_read ts_ns=8056154 id=524 start_ns=7383446 dur_ns=672708 clt=1 wrkr=2 slot=14 size=102408 src=worker:2 dst=client:1
event=req_send ts_ns=8056154 id=575 clt=1 wrkr=3 slot=12 size=17 src=client:1 dst=worker:3
event=resp_recv_ud ts_ns=8069806 id=571 clt=1 wrkr=5 slot=2 size=41 src=worker:5 dst=client:1
event=hand_send ts_ns=8078453 id=571 clt=1 wrkr=5 slot=2 size=10 src=client:1 dst=worker:5
event=resp_recv_ud ts_ns=8126533 id=575 clt=1 wrkr=3 slot=12 size=41 src=worker:3 dst=client:1
event=hand_send ts_ns=8135180 id=575 clt=1 wrkr=3 slot=12 size=10 src=client:1 dst=worker:3
event=resp_rdma_read ts_ns=8323886 id=532 start_ns=7640146 dur_ns=683740 clt=1 wrkr=9 slot=4 size=102408 src=worker:9 dst=client:1
event=req_send ts_ns=8323886 id=582 clt=1 wrkr=7 slot=8 size=17 src=client:1 dst=worker:7
event=resp_rdma_read ts_ns=8340622 id=535 start_ns=7671486 dur_ns=669136 clt=1 wrkr=6 slot=13 size=102408 src=worker:6 dst=client:1
event=req_send ts_ns=8340622 id=583 clt=1 wrkr=8 slot=0 size=17 src=client:1 dst=worker:8
event=resp_rdma_read ts_ns=8383505 id=537 start_ns=7707299 dur_ns=676206 clt=1 wrkr=5 slot=15 size=102408 src=worker:5 dst=client:1
event=req_send ts_ns=8383505 id=586 clt=1 wrkr=2 slot=0 size=17 src=client:1 dst=worker:2
event=resp_rdma_read ts_ns=8389325 id=540 start_ns=7761521 dur_ns=627804 clt=1 wrkr=10 slot=1 size=102408 src=worker:10 dst=client:1
event=req_send ts_ns=8389325 id=587 clt=1 wrkr=3 slot=13 size=17 src=client:1 dst=worker:3
event=resp_rdma_read ts_ns=8391248 id=538 start_ns=7737181 dur_ns=654067 clt=1 wrkr=5 slot=0 size=102408 src=worker:5 dst=client:1
event=req_send ts_ns=8391248 id=589 clt=1 wrkr=0 slot=12 size=17 src=client:1 dst=worker:0
event=resp_recv_ud ts_ns=8392587 id=582 clt=1 wrkr=7 slot=8 size=41 src=worker:7 dst=client:1
event=resp_rdma_read ts_ns=8394992 id=541 start_ns=7761731 dur_ns=633261 clt=1 wrkr=10 slot=2 size=102408 src=worker:10 dst=client:1
event=req_send ts_ns=8394992 id=590 clt=1 wrkr=0 slot=13 size=17 src=client:1 dst=worker:0
event=hand_send ts_ns=8401234 id=582 clt=1 wrkr=7 slot=8 size=10 src=client:1 dst=worker:7
event=resp_recv_ud ts_ns=8408009 id=583 clt=1 wrkr=8 slot=0 size=41 src=worker:8 dst=client:1
event=resp_rdma_read ts_ns=8410537 id=545 start_ns=7802176 dur_ns=608361 clt=1 wrkr=8 slot=14 size=102408 src=worker:8 dst=client:1
event=req_send ts_ns=8410537 id=591 clt=1 wrkr=1 slot=3 size=17 src=client:1 dst=worker:1
event=hand_send ts_ns=8416656 id=583 clt=1 wrkr=8 slot=0 size=10 src=client:1 dst=worker:8
event=resp_recv_ud ts_ns=8453454 id=586 clt=1 wrkr=2 slot=0 size=41 src=worker:2 dst=client:1
event=resp_recv_ud ts_ns=8459610 id=587 clt=1 wrkr=3 slot=13 size=41 src=worker:3 dst=client:1
event=resp_recv_ud ts_ns=8461236 id=589 clt=1 wrkr=0 slot=12 size=41 src=worker:0 dst=client:1
event=hand_send ts_ns=8462101 id=586 clt=1 wrkr=2 slot=0 size=10 src=client:1 dst=worker:2
event=resp_recv_ud ts_ns=8465381 id=590 clt=1 wrkr=0 slot=13 size=41 src=worker:0 dst=client:1
event=hand_send ts_ns=8468257 id=587 clt=1 wrkr=3 slot=13 size=10 src=client:1 dst=worker:3
event=hand_send ts_ns=8469883 id=589 clt=1 wrkr=0 slot=12 size=10 src=client:1 dst=worker:0
event=hand_send ts_ns=8474028 id=590 clt=1 wrkr=0 slot=13 size=10 src=client:1 dst=worker:0
event=resp_recv_ud ts_ns=8481254 id=591 clt=1 wrkr=1 slot=3 size=41 src=worker:1 dst=client:1
event=hand_send ts_ns=8489901 id=591 clt=1 wrkr=1 slot=3 size=10 src=client:1 dst=worker:1
event=resp_rdma_read ts_ns=8495987 id=553 start_ns=7887228 dur_ns=608759 clt=1 wrkr=5 slot=1 size=102408 src=worker:5 dst=client:1
event=req_send ts_ns=8495987 id=598 clt=1 wrkr=11 slot=0 size=17 src=client:1 dst=worker:11
event=resp_rdma_read ts_ns=8543690 id=551 start_ns=7866356 dur_ns=677334 clt=1 wrkr=6 slot=14 size=102408 src=worker:6 dst=client:1
event=req_send ts_ns=8543690 id=600 clt=1 wrkr=11 slot=1 size=17 src=client:1 dst=worker:11
event=resp_recv_ud ts_ns=8567357 id=598 clt=1 wrkr=11 slot=0 size=41 src=worker:11 dst=client:1
event=hand_send ts_ns=8576004 id=598 clt=1 wrkr=11 slot=0 size=10 src=client:1 dst=worker:11
event=resp_rdma_read ts_ns=8578812 id=555 start_ns=7893063 dur_ns=685749 clt=1 wrkr=6 slot=15 size=102408 src=worker:6 dst=client:1
event=req_send ts_ns=8578812 id=603 clt=1 wrkr=1 slot=4 size=17 src=client:1 dst=worker:1
event=resp_rdma_read ts_ns=8584656 id=558 start_ns=7901779 dur_ns=682877 clt=1 wrkr=2 slot=15 size=102408 src=worker:2 dst=client:1
event=req_send ts_ns=8584656 id=604 clt=1 wrkr=10 slot=5 size=17 src=client:1 dst=worker:10
event=resp_recv_ud ts_ns=8615675 id=600 clt=1 wrkr=11 slot=1 size=41 src=worker:11 dst=client:1
event=hand_send ts_ns=8624322 id=600 clt=1 wrkr=11 slot=1 size=10 src=client:1 dst=worker:11
event=resp_rdma_read ts_ns=8627434 id=561 start_ns=8015683 dur_ns=611751 clt=1 wrkr=8 slot=15 size=102408 src=worker:8 dst=client:1
event=req_send ts_ns=8627434 id=608 clt=1 wrkr=9 slot=5 size=17 src=client:1 dst=worker:9
event=resp_rdma_read ts_ns=8638484 id=562 start_ns=8019387 dur_ns=619097 clt=1 wrkr=10 slot=3 size=102408 src=worker:10 dst=client:1
event=req_send ts_ns=8638484 id=613 clt=1 wrkr=0 slot=14 size=17 src=client:1 dst=worker:0
event=resp_recv_ud ts_ns=8649821 id=603 clt=1 wrkr=1 slot=4 size=41 src=worker:1 dst=client:1
event=resp_recv_ud ts_ns=8656447 id=604 clt=1 wrkr=10 slot=5 size=41 src=worker:10 dst=client:1
event=hand_send ts_ns=8658468 id=603 clt=1 wrkr=1 slot=4 size=10 src=client:1 dst=worker:1
event=hand_send ts_ns=8665094 id=604 clt=1 wrkr=10 slot=5 size=10 src=client:1 dst=worker:10
event=resp_rdma_read ts_ns=8692342 id=566 start_ns=8039907 dur_ns=652435 clt=1 wrkr=10 slot=4 size=102408 src=worker:10 dst=client:1
event=req_send ts_ns=8692342 id=614 clt=1 wrkr=5 slot=3 size=17 src=client:1 dst=worker:5
event=resp_recv_ud ts_ns=8699477 id=608 clt=1 wrkr=9 slot=5 size=41 src=worker:9 dst=client:1
event=resp_recv_ud ts_ns=8708027 id=613 clt=1 wrkr=0 slot=14 size=41 src=worker:0 dst=client:1
event=hand_send ts_ns=8708124 id=608 clt=1 wrkr=9 slot=5 size=10 src=client:1 dst=worker:9
event=hand_send ts_ns=8716674 id=613 clt=1 wrkr=0 slot=14 size=10 src=client:1 dst=worker:0
event=resp_rdma_read ts_ns=8748252 id=571 start_ns=8078453 dur_ns=669799 clt=1 wrkr=5 slot=2 size=102408 src=worker:5 dst=client:1
event=req_send ts_ns=8748252 id=620 clt=1 wrkr=0 slot=15 size=17 src=client:1 dst=worker:0
event=resp_recv_ud ts_ns=8762143 id=614 clt=1 wrkr=5 slot=3 size=41 src=worker:5 dst=client:1
event=hand_send ts_ns=8770790 id=614 clt=1 wrkr=5 slot=3 size=10 src=client:1 dst=worker:5
event=resp_rdma_read ts_ns=8781322 id=575 start_ns=8135180 dur_ns=646142 clt=1 wrkr=3 slot=12 size=102408 src=worker:3 dst=client:1
event=req_send ts_ns=8781322 id=624 clt=1 wrkr=0 slot=0 size=17 src=client:1 dst=worker:0
event=resp_recv_ud ts_ns=8819543 id=620 clt=1 wrkr=0 slot=15 size=41 src=worker:0 dst=client:1
event=hand_send ts_ns=8828190 id=620 clt=1 wrkr=0 slot=15 size=10 src=client:1 dst=worker:0
event=resp_recv_ud ts_ns=8852959 id=624 clt=1 wrkr=0 slot=0 size=41 src=worker:0 dst=client:1
event=hand_send ts_ns=8861606 id=624 clt=1 wrkr=0 slot=0 size=10 src=client:1 dst=worker:0
event=resp_rdma_read ts_ns=9005843 id=583 start_ns=8416656 dur_ns=589187 clt=1 wrkr=8 slot=0 size=102408 src=worker:8 dst=client:1
event=req_send ts_ns=9005843 id=628 clt=1 wrkr=7 slot=9 size=17 src=client:1 dst=worker:7
event=resp_rdma_read ts_ns=9036041 id=582 start_ns=8401234 dur_ns=634807 clt=1 wrkr=7 slot=8 size=102408 src=worker:7 dst=client:1
event=req_send ts_ns=9036041 id=630 clt=1 wrkr=8 slot=1 size=17 src=client:1 dst=worker:8
event=resp_recv_ud ts_ns=9053756 id=628 clt=1 wrkr=7 slot=9 size=41 src=worker:7 dst=client:1
event=hand_send ts_ns=9062403 id=628 clt=1 wrkr=7 slot=9 size=10 src=client:1 dst=worker:7
event=resp_rdma_read ts_ns=9073137 id=587 start_ns=8468257 dur_ns=604880 clt=1 wrkr=3 slot=13 size=102408 src=worker:3 dst=client:1
event=req_send ts_ns=9073137 id=634 clt=1 wrkr=0 slot=1 size=17 src=client:1 dst=worker:0
event=resp_rdma_read ts_ns=9079387 id=589 start_ns=8469883 dur_ns=609504 clt=1 wrkr=0 slot=12 size=102408 src=worker:0 dst=client:1
event=req_send ts_ns=9079387 id=635 clt=1 wrkr=5 slot=4 size=17 src=client:1 dst=worker:5
event=resp_recv_ud ts_ns=9105532 id=630 clt=1 wrkr=8 slot=1 size=41 src=worker:8 dst=client:1
event=resp_rdma_read ts_ns=9113076 id=591 start_ns=8489901 dur_ns=623175 clt=1 wrkr=1 slot=3 size=102408 src=worker:1 dst=client:1
event=req_send ts_ns=9113076 id=637 clt=1 wrkr=8 slot=2 size=17 src=client:1 dst=worker:8
event=hand_send ts_ns=9114179 id=630 clt=1 wrkr=8 slot=1 size=10 src=client:1 dst=worker:8
event=resp_rdma_read ts_ns=9115889 id=590 start_ns=8474028 dur_ns=641861 clt=1 wrkr=0 slot=13 size=102408 src=worker:0 dst=client:1
event=req_send ts_ns=9115889 id=638 clt=1 wrkr=10 slot=6 size=17 src=client:1 dst=worker:10
event=resp_rdma_read ts_ns=9120074 id=586 start_ns=8462101 dur_ns=657973 clt=1 wrkr=2 slot=0 size=102408 src=worker:2 dst=client:1
event=req_send ts_ns=9120074 id=639 clt=1 wrkr=6 slot=0 size=17 src=client:1 dst=worker:6
event=resp_recv_ud ts_ns=9143785 id=634 clt=1 wrkr=0 slot=1 size=41 src=worker:0 dst=client:1
event=resp_recv_ud ts_ns=9150432 id=635 clt=1 wrkr=5 slot=4 size=41 src=worker:5 dst=client:1
event=hand_send ts_ns=9152432 id=634 clt=1 wrkr=0 slot=1 size=10 src=client:1 dst=worker:0
event=hand_send ts_ns=9159079 id=635 clt=1 wrkr=5 slot=4 size=10 src=client:1 dst=worker:5
event=resp_rdma_read ts_ns=9184462 id=600 start_ns=8624322 dur_ns=560140 clt=1 wrkr=11 slot=1 size=102408 src=worker:11 dst=client:1
event=resp_recv_ud ts_ns=9184586 id=637 clt=1 wrkr=8 slot=2 size=41 src=worker:8 dst=client:1
event=resp_recv_ud ts_ns=9186969 id=638 clt=1 wrkr=10 slot=6 size=41 src=worker:10 dst=client:1
event=resp_recv_ud ts_ns=9190995 id=639 clt=1 wrkr=6 slot=0 size=41 src=worker:6 dst=client:1
event=hand_send ts_ns=9193233 id=637 clt=1 wrkr=8 slot=2 size=10 src=client:1 dst=worker:8
event=hand_send ts_ns=9195616 id=638 clt=1 wrkr=10 slot=6 size=10 src=client:1 dst=worker:10
event=hand_send ts_ns=9199642 id=639 clt=1 wrkr=6 slot=0 size=10 src=client:1 dst=worker:6
event=resp_rdma_read ts_ns=9231366 id=603 start_ns=8658468 dur_ns=572898 clt=1 wrkr=1 slot=4 size=102408 src=worker:1 dst=client:1
event=resp_rdma_read ts_ns=9234905 id=598 start_ns=8576004 dur_ns=658901 clt=1 wrkr=11 slot=0 size=102408 src=worker:11 dst=client:1
event=resp_rdma_read ts_ns=9289522 id=604 start_ns=8665094 dur_ns=624428 clt=1 wrkr=10 slot=5 size=102408 src=worker:10 dst=client:1
event=resp_rdma_read ts_ns=9329480 id=608 start_ns=8708124 dur_ns=621356 clt=1 wrkr=9 slot=5 size=102408 src=worker:9 dst=client:1
event=resp_rdma_read ts_ns=9386462 id=613 start_ns=8716674 dur_ns=669788 clt=1 wrkr=0 slot=14 size=102408 src=worker:0 dst=client:1
event=resp_rdma_read ts_ns=9406974 id=614 start_ns=8770790 dur_ns=636184 clt=1 wrkr=5 slot=3 size=102408 src=worker:5 dst=client:1
event=resp_rdma_read ts_ns=9493125 id=620 start_ns=8828190 dur_ns=664935 clt=1 wrkr=0 slot=15 size=102408 src=worker:0 dst=client:1
event=resp_rdma_read ts_ns=9555973 id=624 start_ns=8861606 dur_ns=694367 clt=1 wrkr=0 slot=0 size=102408 src=worker:0 dst=client:1
event=resp_rdma_read ts_ns=9671068 id=637 start_ns=9193233 dur_ns=477835 clt=1 wrkr=8 slot=2 size=102408 src=worker:8 dst=client:1
event=resp_rdma_read ts_ns=9713855 id=628 start_ns=9062403 dur_ns=651452 clt=1 wrkr=7 slot=9 size=102408 src=worker:7 dst=client:1
event=resp_rdma_read ts_ns=9738906 id=630 start_ns=9114179 dur_ns=624727 clt=1 wrkr=8 slot=1 size=102408 src=worker:8 dst=client:1
event=resp_rdma_read ts_ns=9785978 id=634 start_ns=9152432 dur_ns=633546 clt=1 wrkr=0 slot=1 size=102408 src=worker:0 dst=client:1
event=resp_rdma_read ts_ns=9824992 id=635 start_ns=9159079 dur_ns=665913 clt=1 wrkr=5 slot=4 size=102408 src=worker:5 dst=client:1
event=resp_rdma_read ts_ns=9873588 id=638 start_ns=9195616 dur_ns=677972 clt=1 wrkr=10 slot=6 size=102408 src=worker:10 dst=client:1
event=resp_rdma_read ts_ns=9894324 id=639 start_ns=9199642 dur_ns=694682 clt=1 wrkr=6 slot=0 size=102408 src=worker:6 dst=client:1
