event=req_send ts_ns=1 id=2 clt=2 wrkr=9 slot=0 size=17 src=client:2 dst=worker:9
event=req_send ts_ns=2501 id=5 clt=2 wrkr=1 slot=0 size=17 src=client:2 dst=worker:1
event=resp_recv_ud ts_ns=49692 id=5 clt=2 wrkr=1 slot=0 size=41 src=worker:1 dst=client:2
event=resp_recv_ud ts_ns=50084 id=2 clt=2 wrkr=9 slot=0 size=41 src=worker:9 dst=client:2
event=hand_send ts_ns=58339 id=5 clt=2 wrkr=1 slot=0 size=10 src=client:2 dst=worker:1
event=hand_send ts_ns=58731 id=2 clt=2 wrkr=9 slot=0 size=10 src=client:2 dst=worker:9
event=resp_rdma_read ts_ns=2313917 id=2 start_ns=58731 dur_ns=2255186 clt=2 wrkr=9 slot=0 size=921608 src=worker:9 dst=client:2
event=req_send ts_ns=2313917 id=7 clt=2 wrkr=1 slot=1 size=17 src=client:2 dst=worker:1
event=resp_recv_ud ts_ns=2355329 id=7 clt=2 wrkr=1 slot=1 size=41 src=worker:1 dst=client:2
event=hand_send ts_ns=2363976 id=7 clt=2 wrkr=1 slot=1 size=10 src=client:2 dst=worker:1
event=resp_rdma_read ts_ns=2713052 id=5 start_ns=58339 dur_ns=2654713 clt=2 wrkr=1 slot=0 size=921608 src=worker:1 dst=client:2
event=req_send ts_ns=2713052 id=11 clt=2 wrkr=10 slot=0 size=17 src=client:2 dst=worker:10
event=resp_recv_ud ts_ns=2759042 id=11 clt=2 wrkr=10 slot=0 size=41 src=worker:10 dst=client:2
event=hand_send ts_ns=2767689 id=11 clt=2 wrkr=10 slot=0 size=10 src=client:2 dst=worker:10
event=resp_rdma_read ts_ns=4734036 id=11 start_ns=2767689 dur_ns=1966347 clt=2 wrkr=10 slot=0 size=921608 src=worker:10 dst=client:2
event=req_send ts_ns=4734036 id=14 clt=2 wrkr=4 slot=0 size=17 src=client:2 dst=worker:4
event=resp_recv_ud ts_ns=4775107 id=14 clt=2 wrkr=4 slot=0 size=41 src=worker:4 dst=client:2
event=hand_send ts_ns=4783754 id=14 clt=2 wrkr=4 slot=0 size=10 src=client:2 dst=worker:4
event=resp_rdma_read ts_ns=5039251 id=7 start_ns=2363976 dur_ns=2675275 clt=2 wrkr=1 slot=1 size=921608 src=worker:1 dst=client:2
event=req_send ts_ns=5039251 id=15 clt=2 wrkr=2 slot=0 size=17 src=client:2 dst=worker:2
event=resp_recv_ud ts_ns=5079665 id=15 clt=2 wrkr=2 slot=0 size=41 src=worker:2 dst=client:2
event=hand_send ts_ns=5088312 id=15 clt=2 wrkr=2 slot=0 size=10 src=client:2 dst=worker:2
event=resp_rdma_read ts_ns=7236703 id=14 start_ns=4783754 dur_ns=2452949 clt=2 wrkr=4 slot=0 size=921608 src=worker:4 dst=client:2
event=req_send ts_ns=7236703 id=21 clt=2 wrkr=11 slot=0 size=17 src=client:2 dst=worker:11
event=resp_recv_ud ts_ns=7284388 id=21 clt=2 wrkr=11 slot=0 size=41 src=worker:11 dst=client:2
event=hand_send ts_ns=7293035 id=21 clt=2 wrkr=11 slot=0 size=10 src=client:2 dst=worker:11
event=resp_rdma_read ts_ns=7561375 id=15 start_ns=5088312 dur_ns=2473063 clt=2 wrkr=2 slot=0 size=921608 src=worker:2 dst=client:2
event=req_send ts_ns=7561375 id=22 clt=2 wrkr=6 slot=0 size=17 src=client:2 dst=worker:6
event=resp_recv_ud ts_ns=7601819 id=22 clt=2 wrkr=6 slot=0 size=41 src=worker:6 dst=client:2
event=hand_send ts_ns=7610466 id=22 clt=2 wrkr=6 slot=0 size=10 src=client:2 dst=worker:6
event=resp_rdma_read ts_ns=9126823 id=21 start_ns=7293035 dur_ns=1833788 clt=2 wrkr=11 slot=0 size=921608 src=worker:11 dst=client:2
event=req_send ts_ns=9126823 id=24 clt=2 wrkr=5 slot=0 size=17 src=client:2 dst=worker:5
event=resp_recv_ud ts_ns=9168606 id=24 clt=2 wrkr=5 slot=0 size=41 src=worker:5 dst=client:2
event=hand_send ts_ns=9177253 id=24 clt=2 wrkr=5 slot=0 size=10 src=client:2 dst=worker:5
event=resp_rdma_read ts_ns=10109600 id=22 start_ns=7610466 dur_ns=2499134 clt=2 wrkr=6 slot=0 size=921608 src=worker:6 dst=client:2
event=req_send ts_ns=10109600 id=28 clt=2 wrkr=10 slot=1 size=17 src=client:2 dst=worker:10
event=resp_recv_ud ts_ns=10149766 id=28 clt=2 wrkr=10 slot=1 size=41 src=worker:10 dst=client:2
event=hand_send ts_ns=10158413 id=28 clt=2 wrkr=10 slot=1 size=10 src=client:2 dst=worker:10
event=resp_rdma_read ts_ns=11687272 id=24 start_ns=9177253 dur_ns=2510019 clt=2 wrkr=5 slot=0 size=921608 src=worker:5 dst=client:2
event=req_send ts_ns=11687272 id=30 clt=2 wrkr=3 slot=0 size=17 src=client:2 dst=worker:3
event=resp_recv_ud ts_ns=11729183 id=30 clt=2 wrkr=3 slot=0 size=41 src=worker:3 dst=client:2
event=hand_send ts_ns=11737830 id=30 clt=2 wrkr=3 slot=0 size=10 src=client:2 dst=worker:3
event=resp_rdma_read ts_ns=12630431 id=28 start_ns=10158413 dur_ns=2472018 clt=2 wrkr=10 slot=1 size=921608 src=worker:10 dst=client:2
event=req_send ts_ns=12630431 id=34 clt=2 wrkr=1 slot=0 size=17 src=client:2 dst=worker:1
event=resp_recv_ud ts_ns=12670523 id=34 clt=2 wrkr=1 slot=0 size=41 src=worker:1 dst=client:2
event=hand_send ts_ns=12679170 id=34 clt=2 wrkr=1 slot=0 size=10 src=client:2 dst=worker:1
event=resp_rdma_read ts_ns=14250522 id=30 start_ns=11737830 dur_ns=2512692 clt=2 wrkr=3 slot=0 size=921608 src=worker:3 dst=client:2
event=req_send ts_ns=14250522 id=36 clt=2 wrkr=4 slot=1 size=17 src=client:2 dst=worker:4
event=resp_recv_ud ts_ns=14292396 id=36 clt=2 wrkr=4 slot=1 size=41 src=worker:4 dst=client:2
event=hand_send ts_ns=14301043 id=36 clt=2 wrkr=4 slot=1 size=10 src=client:2 dst=worker:4
event=resp_rdma_read ts_ns=15146490 id=34 start_ns=12679170 dur_ns=2467320 clt=2 wrkr=1 slot=0 size=921608 src=worker:1 dst=client:2
event=req_send ts_ns=15146490 id=40 clt=2 wrkr=8 slot=0 size=17 src=client:2 dst=worker:8
event=resp_recv_ud ts_ns=15186618 id=40 clt=2 wrkr=8 slot=0 size=41 src=worker:8 dst=client:2
event=hand_send ts_ns=15195265 id=40 clt=2 wrkr=8 slot=0 size=10 src=client:2 dst=worker:8
event=resp_rdma_read ts_ns=16811273 id=36 start_ns=14301043 dur_ns=2510230 clt=2 wrkr=4 slot=1 size=921608 src=worker:4 dst=client:2
event=req_send ts_ns=16811273 id=42 clt=2 wrkr=0 slot=0 size=17 src=client:2 dst=worker:0
event=resp_recv_ud ts_ns=16853119 id=42 clt=2 wrkr=0 slot=0 size=41 src=worker:0 dst=client:2
event=hand_send ts_ns=16861766 id=42 clt=2 wrkr=0 slot=0 size=10 src=client:2 dst=worker:0
event=resp_rdma_read ts_ns=17660812 id=40 start_ns=15195265 dur_ns=2465547 clt=2 wrkr=8 slot=0 size=921608 src=worker:8 dst=client:2
event=req_send ts_ns=17660812 id=46 clt=2 wrkr=6 slot=1 size=17 src=client:2 dst=worker:6
event=resp_recv_ud ts_ns=17701007 id=46 clt=2 wrkr=6 slot=1 size=41 src=worker:6 dst=client:2
event=hand_send ts_ns=17709654 id=46 clt=2 wrkr=6 slot=1 size=10 src=client:2 dst=worker:6
event=resp_rdma_read ts_ns=19370422 id=42 start_ns=16861766 dur_ns=2508656 clt=2 wrkr=0 slot=0 size=921608 src=worker:0 dst=client:2
event=req_send ts_ns=19370422 id=48 clt=2 wrkr=8 slot=1 size=17 src=client:2 dst=worker:8
event=resp_recv_ud ts_ns=19412244 id=48 clt=2 wrkr=8 slot=1 size=41 src=worker:8 dst=client:2
event=hand_send ts_ns=19420891 id=48 clt=2 wrkr=8 slot=1 size=10 src=client:2 dst=worker:8
event=resp_rdma_read ts_ns=20174709 id=46 start_ns=17709654 dur_ns=2465055 clt=2 wrkr=6 slot=1 size=921608 src=worker:6 dst=client:2
event=req_send ts_ns=20174709 id=52 clt=2 wrkr=11 slot=1 size=17 src=client:2 dst=worker:11
event=resp_recv_ud ts_ns=20214960 id=52 clt=2 wrkr=11 slot=1 size=41 src=worker:11 dst=client:2
event=hand_send ts_ns=20223607 id=52 clt=2 wrkr=11 slot=1 size=10 src=client:2 dst=worker:11
event=resp_rdma_read ts_ns=21928001 id=48 start_ns=19420891 dur_ns=2507110 clt=2 wrkr=8 slot=1 size=921608 src=worker:8 dst=client:2
event=req_send ts_ns=21928001 id=55 clt=2 wrkr=4 slot=0 size=17 src=client:2 dst=worker:4
event=resp_recv_ud ts_ns=21969066 id=55 clt=2 wrkr=4 slot=0 size=41 src=worker:4 dst=client:2
event=hand_send ts_ns=21977713 id=55 clt=2 wrkr=4 slot=0 size=10 src=client:2 dst=worker:4
event=resp_rdma_read ts_ns=22688792 id=52 start_ns=20223607 dur_ns=2465185 clt=2 wrkr=11 slot=1 size=921608 src=worker:11 dst=client:2
event=req_send ts_ns=22688792 id=58 clt=2 wrkr=10 slot=0 size=17 src=client:2 dst=worker:10
event=resp_recv_ud ts_ns=22728806 id=58 clt=2 wrkr=10 slot=0 size=41 src=worker:10 dst=client:2
event=hand_send ts_ns=22737453 id=58 clt=2 wrkr=10 slot=0 size=10 src=client:2 dst=worker:10
event=resp_rdma_read ts_ns=24443813 id=55 start_ns=21977713 dur_ns=2466100 clt=2 wrkr=4 slot=0 size=921608 src=worker:4 dst=client:2
event=req_send ts_ns=24443813 id=61 clt=2 wrkr=6 slot=0 size=17 src=client:2 dst=worker:6
event=resp_recv_ud ts_ns=24484814 id=61 clt=2 wrkr=6 slot=0 size=41 src=worker:6 dst=client:2
event=hand_send ts_ns=24493461 id=61 clt=2 wrkr=6 slot=0 size=10 src=client:2 dst=worker:6
event=resp_rdma_read ts_ns=25194342 id=58 start_ns=22737453 dur_ns=2456889 clt=2 wrkr=10 slot=0 size=921608 src=worker:10 dst=client:2
event=req_send ts_ns=25194342 id=64 clt=2 wrkr=3 slot=1 size=17 src=client:2 dst=worker:3
event=resp_recv_ud ts_ns=25234378 id=64 clt=2 wrkr=3 slot=1 size=41 src=worker:3 dst=client:2
event=hand_send ts_ns=25243025 id=64 clt=2 wrkr=3 slot=1 size=10 src=client:2 dst=worker:3
event=resp_rdma_read ts_ns=26957244 id=61 start_ns=24493461 dur_ns=2463783 clt=2 wrkr=6 slot=0 size=921608 src=worker:6 dst=client:2
event=req_send ts_ns=26957244 id=67 clt=2 wrkr=0 slot=1 size=17 src=client:2 dst=worker:0
event=resp_recv_ud ts_ns=26998136 id=67 clt=2 wrkr=0 slot=1 size=41 src=worker:0 dst=client:2
event=hand_send ts_ns=27006783 id=67 clt=2 wrkr=0 slot=1 size=10 src=client:2 dst=worker:0
event=resp_rdma_read ts_ns=27699189 id=64 start_ns=25243025 dur_ns=2456164 clt=2 wrkr=3 slot=1 size=921608 src=worker:3 dst=client:2
event=req_send ts_ns=27699189 id=70 clt=2 wrkr=11 slot=0 size=17 src=client:2 dst=worker:11
event=resp_recv_ud ts_ns=27739247 id=70 clt=2 wrkr=11 slot=0 size=41 src=worker:11 dst=client:2
event=hand_send ts_ns=27747894 id=70 clt=2 wrkr=11 slot=0 size=10 src=client:2 dst=worker:11
event=resp_rdma_read ts_ns=29466773 id=67 start_ns=27006783 dur_ns=2459990 clt=2 wrkr=0 slot=1 size=921608 src=worker:0 dst=client:2
event=req_send ts_ns=29466773 id=73 clt=2 wrkr=8 slot=0 size=17 src=client:2 dst=worker:8
event=resp_recv_ud ts_ns=29507529 id=73 clt=2 wrkr=8 slot=0 size=41 src=worker:8 dst=client:2
event=hand_send ts_ns=29516176 id=73 clt=2 wrkr=8 slot=0 size=10 src=client:2 dst=worker:8
event=resp_rdma_read ts_ns=30203901 id=70 start_ns=27747894 dur_ns=2456007 clt=2 wrkr=11 slot=0 size=921608 src=worker:11 dst=client:2
event=req_send ts_ns=30203901 id=76 clt=2 wrkr=7 slot=0 size=17 src=client:2 dst=worker:7
event=resp_recv_ud ts_ns=30243977 id=76 clt=2 wrkr=7 slot=0 size=41 src=worker:7 dst=client:2
event=hand_send ts_ns=30252624 id=76 clt=2 wrkr=7 slot=0 size=10 src=client:2 dst=worker:7
event=resp_rdma_read ts_ns=31971339 id=73 start_ns=29516176 dur_ns=2455163 clt=2 wrkr=8 slot=0 size=921608 src=worker:8 dst=client:2
event=req_send ts_ns=31971339 id=79 clt=2 wrkr=6 slot=1 size=17 src=client:2 dst=worker:6
event=resp_recv_ud ts_ns=32011921 id=79 clt=2 wrkr=6 slot=1 size=41 src=worker:6 dst=client:2
event=hand_send ts_ns=32020568 id=79 clt=2 wrkr=6 slot=1 size=10 src=client:2 dst=worker:6
event=resp_rdma_read ts_ns=32708456 id=76 start_ns=30252624 dur_ns=2455832 clt=2 wrkr=7 slot=0 size=921608 src=worker:7 dst=client:2
event=req_send ts_ns=32708456 id=82 clt=2 wrkr=6 slot=0 size=17 src=client:2 dst=worker:6
event=resp_recv_ud ts_ns=32748548 id=82 clt=2 wrkr=6 slot=0 size=41 src=worker:6 dst=client:2
event=hand_send ts_ns=32757195 id=82 clt=2 wrkr=6 slot=0 size=10 src=client:2 dst=worker:6
event=resp_rdma_read ts_ns=34470902 id=79 start_ns=32020568 dur_ns=2450334 clt=2 wrkr=6 slot=1 size=921608 src=worker:6 dst=client:2
event=req_send ts_ns=34470902 id=85 clt=2 wrkr=2 slot=1 size=17 src=client:2 dst=worker:2
event=resp_recv_ud ts_ns=34511254 id=85 clt=2 wrkr=2 slot=1 size=41 src=worker:2 dst=client:2
event=hand_send ts_ns=34519901 id=85 clt=2 wrkr=2 slot=1 size=10 src=client:2 dst=worker:2
event=resp_rdma_read ts_ns=35213283 id=82 start_ns=32757195 dur_ns=2456088 clt=2 wrkr=6 slot=0 size=921608 src=worker:6 dst=client:2
event=req_send ts_ns=35213283 id=88 clt=2 wrkr=1 slot=1 size=17 src=client:2 dst=worker:1
event=resp_recv_ud ts_ns=35253389 id=88 clt=2 wrkr=1 slot=1 size=41 src=worker:1 dst=client:2
event=hand_send ts_ns=35262036 id=88 clt=2 wrkr=1 slot=1 size=10 src=client:2 dst=worker:1
event=resp_rdma_read ts_ns=36966190 id=85 start_ns=34519901 dur_ns=2446289 clt=2 wrkr=2 slot=1 size=921608 src=worker:2 dst=client:2
event=req_send ts_ns=36966190 id=91 clt=2 wrkr=4 slot=1 size=17 src=client:2 dst=worker:4
event=resp_recv_ud ts_ns=37006317 id=91 clt=2 wrkr=4 slot=1 size=41 src=worker:4 dst=client:2
event=hand_send ts_ns=37014964 id=91 clt=2 wrkr=4 slot=1 size=10 src=client:2 dst=worker:4
event=resp_rdma_read ts_ns=37718110 id=88 start_ns=35262036 dur_ns=2456074 clt=2 wrkr=1 slot=1 size=921608 src=worker:1 dst=client:2
event=req_send ts_ns=37718110 id=94 clt=2 wrkr=8 slot=1 size=17 src=client:2 dst=worker:8
event=resp_recv_ud ts_ns=37758236 id=94 clt=2 wrkr=8 slot=1 size=41 src=worker:8 dst=client:2
event=hand_send ts_ns=37766883 id=94 clt=2 wrkr=8 slot=1 size=10 src=client:2 dst=worker:8
event=resp_rdma_read ts_ns=39462106 id=91 start_ns=37014964 dur_ns=2447142 clt=2 wrkr=4 slot=1 size=921608 src=worker:4 dst=client:2
event=req_send ts_ns=39462106 id=97 clt=2 wrkr=5 slot=1 size=17 src=client:2 dst=worker:5
event=resp_recv_ud ts_ns=39502128 id=97 clt=2 wrkr=5 slot=1 size=41 src=worker:5 dst=client:2
event=hand_send ts_ns=39510775 id=97 clt=2 wrkr=5 slot=1 size=10 src=client:2 dst=worker:5
event=resp_rdma_read ts_ns=40223416 id=94 start_ns=37766883 dur_ns=2456533 clt=2 wrkr=8 slot=1 size=921608 src=worker:8 dst=client:2
event=req_send ts_ns=40223416 id=100 clt=2 wrkr=8 slot=0 size=17 src=client:2 dst=worker:8
event=resp_recv_ud ts_ns=40263572 id=100 clt=2 wrkr=8 slot=0 size=41 src=worker:8 dst=client:2
event=hand_send ts_ns=40272219 id=100 clt=2 wrkr=8 slot=0 size=10 src=client:2 dst=worker:8
event=resp_rdma_read ts_ns=41965589 id=97 start_ns=39510775 dur_ns=2454814 clt=2 wrkr=5 slot=1 size=921608 src=worker:5 dst=client:2
event=req_send ts_ns=41965589 id=103 clt=2 wrkr=4 slot=0 size=17 src=client:2 dst=worker:4
event=resp_recv_ud ts_ns=42005786 id=103 clt=2 wrkr=4 slot=0 size=41 src=worker:4 dst=client:2
event=hand_send ts_ns=42014433 id=103 clt=2 wrkr=4 slot=0 size=10 src=client:2 dst=worker:4
event=resp_rdma_read ts_ns=42729448 id=100 start_ns=40272219 dur_ns=2457229 clt=2 wrkr=8 slot=0 size=921608 src=worker:8 dst=client:2
event=req_send ts_ns=42729448 id=106 clt=2 wrkr=2 slot=0 size=17 src=client:2 dst=worker:2
event=resp_recv_ud ts_ns=42769658 id=106 clt=2 wrkr=2 slot=0 size=41 src=worker:2 dst=client:2
event=hand_send ts_ns=42778305 id=106 clt=2 wrkr=2 slot=0 size=10 src=client:2 dst=worker:2
event=resp_rdma_read ts_ns=44482056 id=103 start_ns=42014433 dur_ns=2467623 clt=2 wrkr=4 slot=0 size=921608 src=worker:4 dst=client:2
event=req_send ts_ns=44482056 id=109 clt=2 wrkr=3 slot=0 size=17 src=client:2 dst=worker:3
event=resp_recv_ud ts_ns=44522637 id=109 clt=2 wrkr=3 slot=0 size=41 src=worker:3 dst=client:2
event=hand_send ts_ns=44531284 id=109 clt=2 wrkr=3 slot=0 size=10 src=client:2 dst=worker:3
event=resp_rdma_read ts_ns=45236907 id=106 start_ns=42778305 dur_ns=2458602 clt=2 wrkr=2 slot=0 size=921608 src=worker:2 dst=client:2
event=req_send ts_ns=45236907 id=112 clt=2 wrkr=10 slot=1 size=17 src=client:2 dst=worker:10
event=resp_recv_ud ts_ns=45277186 id=112 clt=2 wrkr=10 slot=1 size=41 src=worker:10 dst=client:2
event=hand_send ts_ns=45285833 id=112 clt=2 wrkr=10 slot=1 size=10 src=client:2 dst=worker:10
event=resp_rdma_read ts_ns=47008228 id=109 start_ns=44531284 dur_ns=2476944 clt=2 wrkr=3 slot=0 size=921608 src=worker:3 dst=client:2
event=req_send ts_ns=47008228 id=115 clt=2 wrkr=2 slot=1 size=17 src=client:2 dst=worker:2
event=resp_recv_ud ts_ns=47049734 id=115 clt=2 wrkr=2 slot=1 size=41 src=worker:2 dst=client:2
event=hand_send ts_ns=47058381 id=115 clt=2 wrkr=2 slot=1 size=10 src=client:2 dst=worker:2
event=resp_rdma_read ts_ns=47745767 id=112 start_ns=45285833 dur_ns=2459934 clt=2 wrkr=10 slot=1 size=921608 src=worker:10 dst=client:2
event=req_send ts_ns=47745767 id=118 clt=2 wrkr=1 slot=0 size=17 src=client:2 dst=worker:1
event=resp_recv_ud ts_ns=47786105 id=118 clt=2 wrkr=1 slot=0 size=41 src=worker:1 dst=client:2
event=hand_send ts_ns=47794752 id=118 clt=2 wrkr=1 slot=0 size=10 src=client:2 dst=worker:1
event=resp_rdma_read ts_ns=49506640 id=115 start_ns=47058381 dur_ns=2448259 clt=2 wrkr=2 slot=1 size=921608 src=worker:2 dst=client:2
event=req_send ts_ns=49506640 id=121 clt=2 wrkr=9 slot=1 size=17 src=client:2 dst=worker:9
event=resp_recv_ud ts_ns=49557068 id=121 clt=2 wrkr=9 slot=1 size=41 src=worker:9 dst=client:2
event=hand_send ts_ns=49565715 id=121 clt=2 wrkr=9 slot=1 size=10 src=client:2 dst=worker:9
event=resp_rdma_read ts_ns=50255911 id=118 start_ns=47794752 dur_ns=2461159 clt=2 wrkr=1 slot=0 size=921608 src=worker:1 dst=client:2
event=req_send ts_ns=50255911 id=124 clt=2 wrkr=8 slot=1 size=17 src=client:2 dst=worker:8
event=resp_recv_ud ts_ns=50296316 id=124 clt=2 wrkr=8 slot=1 size=41 src=worker:8 dst=client:2
event=hand_send ts_ns=50304963 id=124 clt=2 wrkr=8 slot=1 size=10 src=client:2 dst=worker:8
event=resp_rdma_read ts_ns=51400603 id=121 start_ns=49565715 dur_ns=1834888 clt=2 wrkr=9 slot=1 size=921608 src=worker:9 dst=client:2
event=req_send ts_ns=51400603 id=126 clt=2 wrkr=4 slot=1 size=17 src=client:2 dst=worker:4
event=resp_recv_ud ts_ns=51442175 id=126 clt=2 wrkr=4 slot=1 size=41 src=worker:4 dst=client:2
event=hand_send ts_ns=51450822 id=126 clt=2 wrkr=4 slot=1 size=10 src=client:2 dst=worker:4
event=resp_rdma_read ts_ns=52767641 id=124 start_ns=50304963 dur_ns=2462678 clt=2 wrkr=8 slot=1 size=921608 src=worker:8 dst=client:2
event=req_send ts_ns=52767641 id=130 clt=2 wrkr=4 slot=0 size=17 src=client:2 dst=worker:4
event=resp_recv_ud ts_ns=52807988 id=130 clt=2 wrkr=4 slot=0 size=41 src=worker:4 dst=client:2
event=hand_send ts_ns=52816635 id=130 clt=2 wrkr=4 slot=0 size=10 src=client:2 dst=worker:4
event=resp_rdma_read ts_ns=53941123 id=126 start_ns=51450822 dur_ns=2490301 clt=2 wrkr=4 slot=1 size=921608 src=worker:4 dst=client:2
event=req_send ts_ns=53941123 id=132 clt=2 wrkr=11 slot=1 size=17 src=client:2 dst=worker:11
event=resp_recv_ud ts_ns=53982979 id=132 clt=2 wrkr=11 slot=1 size=41 src=worker:11 dst=client:2
event=hand_send ts_ns=53991626 id=132 clt=2 wrkr=11 slot=1 size=10 src=client:2 dst=worker:11
event=resp_rdma_read ts_ns=55286083 id=130 start_ns=52816635 dur_ns=2469448 clt=2 wrkr=4 slot=0 size=921608 src=worker:4 dst=client:2
event=req_send ts_ns=55286083 id=136 clt=2 wrkr=2 slot=0 size=17 src=client:2 dst=worker:2
event=resp_recv_ud ts_ns=55326108 id=136 clt=2 wrkr=2 slot=0 size=41 src=worker:2 dst=client:2
event=hand_send ts_ns=55334755 id=136 clt=2 wrkr=2 slot=0 size=10 src=client:2 dst=worker:2
event=resp_rdma_read ts_ns=56489870 id=132 start_ns=53991626 dur_ns=2498244 clt=2 wrkr=11 slot=1 size=921608 src=worker:11 dst=client:2
event=req_send ts_ns=56489870 id=138 clt=2 wrkr=1 slot=1 size=17 src=client:2 dst=worker:1
event=resp_recv_ud ts_ns=56531804 id=138 clt=2 wrkr=1 slot=1 size=41 src=worker:1 dst=client:2
event=hand_send ts_ns=56540451 id=138 clt=2 wrkr=1 slot=1 size=10 src=client:2 dst=worker:1
event=resp_rdma_read ts_ns=57791708 id=136 start_ns=55334755 dur_ns=2456953 clt=2 wrkr=2 slot=0 size=921608 src=worker:2 dst=client:2
event=req_send ts_ns=57791708 id=142 clt=2 wrkr=7 slot=1 size=17 src=client:2 dst=worker:7
event=resp_recv_ud ts_ns=57831972 id=142 clt=2 wrkr=7 slot=1 size=41 src=worker:7 dst=client:2
event=hand_send ts_ns=57840619 id=142 clt=2 wrkr=7 slot=1 size=10 src=client:2 dst=worker:7
event=resp_rdma_read ts_ns=59044063 id=138 start_ns=56540451 dur_ns=2503612 clt=2 wrkr=1 slot=1 size=921608 src=worker:1 dst=client:2
event=req_send ts_ns=59044063 id=144 clt=2 wrkr=9 slot=0 size=17 src=client:2 dst=worker:9
event=resp_recv_ud ts_ns=59085711 id=144 clt=2 wrkr=9 slot=0 size=41 src=worker:9 dst=client:2
event=hand_send ts_ns=59094358 id=144 clt=2 wrkr=9 slot=0 size=10 src=client:2 dst=worker:9
event=resp_rdma_read ts_ns=60296273 id=142 start_ns=57840619 dur_ns=2455654 clt=2 wrkr=7 slot=1 size=921608 src=worker:7 dst=client:2
event=req_send ts_ns=60296273 id=148 clt=2 wrkr=10 slot=0 size=17 src=client:2 dst=worker:10
event=resp_recv_ud ts_ns=60336542 id=148 clt=2 wrkr=10 slot=0 size=41 src=worker:10 dst=client:2
event=hand_send ts_ns=60345189 id=148 clt=2 wrkr=10 slot=0 size=10 src=client:2 dst=worker:10
event=resp_rdma_read ts_ns=61592206 id=144 start_ns=59094358 dur_ns=2497848 clt=2 wrkr=9 slot=0 size=921608 src=worker:9 dst=client:2
event=req_send ts_ns=61592206 id=150 clt=2 wrkr=7 slot=0 size=17 src=client:2 dst=worker:7
event=resp_recv_ud ts_ns=61633867 id=150 clt=2 wrkr=7 slot=0 size=41 src=worker:7 dst=client:2
event=hand_send ts_ns=61642514 id=150 clt=2 wrkr=7 slot=0 size=10 src=client:2 dst=worker:7
event=resp_rdma_read ts_ns=62800813 id=148 start_ns=60345189 dur_ns=2455624 clt=2 wrkr=10 slot=0 size=921608 src=worker:10 dst=client:2
event=req_send ts_ns=62800813 id=154 clt=2 wrkr=4 slot=1 size=17 src=client:2 dst=worker:4
event=resp_recv_ud ts_ns=62841086 id=154 clt=2 wrkr=4 slot=1 size=41 src=worker:4 dst=client:2
event=hand_send ts_ns=62849733 id=154 clt=2 wrkr=4 slot=1 size=10 src=client:2 dst=worker:4
event=resp_rdma_read ts_ns=64140558 id=150 start_ns=61642514 dur_ns=2498044 clt=2 wrkr=7 slot=0 size=921608 src=worker:7 dst=client:2
event=req_send ts_ns=64140558 id=156 clt=2 wrkr=0 slot=0 size=17 src=client:2 dst=worker:0
event=resp_recv_ud ts_ns=64182231 id=156 clt=2 wrkr=0 slot=0 size=41 src=worker:0 dst=client:2
event=hand_send ts_ns=64190878 id=156 clt=2 wrkr=0 slot=0 size=10 src=client:2 dst=worker:0
event=resp_rdma_read ts_ns=65305492 id=154 start_ns=62849733 dur_ns=2455759 clt=2 wrkr=4 slot=1 size=921608 src=worker:4 dst=client:2
event=req_send ts_ns=65305492 id=160 clt=2 wrkr=11 slot=0 size=17 src=client:2 dst=worker:11
event=resp_recv_ud ts_ns=65345780 id=160 clt=2 wrkr=11 slot=0 size=41 src=worker:11 dst=client:2
event=hand_send ts_ns=65354427 id=160 clt=2 wrkr=11 slot=0 size=10 src=client:2 dst=worker:11
event=resp_rdma_read ts_ns=66690492 id=156 start_ns=64190878 dur_ns=2499614 clt=2 wrkr=0 slot=0 size=921608 src=worker:0 dst=client:2
event=req_send ts_ns=66690492 id=162 clt=2 wrkr=0 slot=1 size=17 src=client:2 dst=worker:0
event=resp_recv_ud ts_ns=66732174 id=162 clt=2 wrkr=0 slot=1 size=41 src=worker:0 dst=client:2
event=hand_send ts_ns=66740821 id=162 clt=2 wrkr=0 slot=1 size=10 src=client:2 dst=worker:0
event=resp_rdma_read ts_ns=67811153 id=160 start_ns=65354427 dur_ns=2456726 clt=2 wrkr=11 slot=0 size=921608 src=worker:11 dst=client:2
event=req_send ts_ns=67811153 id=166 clt=2 wrkr=11 slot=1 size=17 src=client:2 dst=worker:11
event=resp_recv_ud ts_ns=67851475 id=166 clt=2 wrkr=11 slot=1 size=41 src=worker:11 dst=client:2
event=hand_send ts_ns=67860122 id=166 clt=2 wrkr=11 slot=1 size=10 src=client:2 dst=worker:11
event=resp_rdma_read ts_ns=69240759 id=162 start_ns=66740821 dur_ns=2499938 clt=2 wrkr=0 slot=1 size=921608 src=worker:0 dst=client:2
event=req_send ts_ns=69240759 id=168 clt=2 wrkr=7 slot=1 size=17 src=client:2 dst=worker:7
event=resp_recv_ud ts_ns=69282453 id=168 clt=2 wrkr=7 slot=1 size=41 src=worker:7 dst=client:2
event=hand_send ts_ns=69291100 id=168 clt=2 wrkr=7 slot=1 size=10 src=client:2 dst=worker:7
event=resp_rdma_read ts_ns=70318562 id=166 start_ns=67860122 dur_ns=2458440 clt=2 wrkr=11 slot=1 size=921608 src=worker:11 dst=client:2
event=req_send ts_ns=70318562 id=172 clt=2 wrkr=5 slot=0 size=17 src=client:2 dst=worker:5
event=resp_recv_ud ts_ns=70358943 id=172 clt=2 wrkr=5 slot=0 size=41 src=worker:5 dst=client:2
event=hand_send ts_ns=70367590 id=172 clt=2 wrkr=5 slot=0 size=10 src=client:2 dst=worker:5
event=resp_rdma_read ts_ns=71792324 id=168 start_ns=69291100 dur_ns=2501224 clt=2 wrkr=7 slot=1 size=921608 src=worker:7 dst=client:2
event=req_send ts_ns=71792324 id=174 clt=2 wrkr=0 slot=0 size=17 src=client:2 dst=worker:0
event=resp_recv_ud ts_ns=71834022 id=174 clt=2 wrkr=0 slot=0 size=41 src=worker:0 dst=client:2
event=hand_send ts_ns=71842669 id=174 clt=2 wrkr=0 slot=0 size=10 src=client:2 dst=worker:0
event=resp_rdma_read ts_ns=72829249 id=172 start_ns=70367590 dur_ns=2461659 clt=2 wrkr=5 slot=0 size=921608 src=worker:5 dst=client:2
event=req_send ts_ns=72829249 id=178 clt=2 wrkr=11 slot=0 size=17 src=client:2 dst=worker:11
event=resp_recv_ud ts_ns=72869693 id=178 clt=2 wrkr=11 slot=0 size=41 src=worker:11 dst=client:2
event=hand_send ts_ns=72878340 id=178 clt=2 wrkr=11 slot=0 size=10 src=client:2 dst=worker:11
event=resp_rdma_read ts_ns=74343867 id=174 start_ns=71842669 dur_ns=2501198 clt=2 wrkr=0 slot=0 size=921608 src=worker:0 dst=client:2
event=req_send ts_ns=74343867 id=180 clt=2 wrkr=2 slot=1 size=17 src=client:2 dst=worker:2
event=resp_recv_ud ts_ns=74385576 id=180 clt=2 wrkr=2 slot=1 size=41 src=worker:2 dst=client:2
event=hand_send ts_ns=74394223 id=180 clt=2 wrkr=2 slot=1 size=10 src=client:2 dst=worker:2
event=resp_rdma_read ts_ns=75341975 id=178 start_ns=72878340 dur_ns=2463635 clt=2 wrkr=11 slot=0 size=921608 src=worker:11 dst=client:2
event=req_send ts_ns=75341975 id=184 clt=2 wrkr=7 slot=0 size=17 src=client:2 dst=worker:7
event=resp_recv_ud ts_ns=75382464 id=184 clt=2 wrkr=7 slot=0 size=41 src=worker:7 dst=client:2
event=hand_send ts_ns=75391111 id=184 clt=2 wrkr=7 slot=0 size=10 src=client:2 dst=worker:7
event=resp_rdma_read ts_ns=76896227 id=180 start_ns=74394223 dur_ns=2502004 clt=2 wrkr=2 slot=1 size=921608 src=worker:2 dst=client:2
event=req_send ts_ns=76896227 id=187 clt=2 wrkr=0 slot=1 size=17 src=client:2 dst=worker:0
event=resp_recv_ud ts_ns=76937249 id=187 clt=2 wrkr=0 slot=1 size=41 src=worker:0 dst=client:2
event=hand_send ts_ns=76945896 id=187 clt=2 wrkr=0 slot=1 size=10 src=client:2 dst=worker:0
event=resp_rdma_read ts_ns=77856048 id=184 start_ns=75391111 dur_ns=2464937 clt=2 wrkr=7 slot=0 size=921608 src=worker:7 dst=client:2
event=req_send ts_ns=77856048 id=190 clt=2 wrkr=10 slot=1 size=17 src=client:2 dst=worker:10
event=resp_recv_ud ts_ns=77896301 id=190 clt=2 wrkr=10 slot=1 size=41 src=worker:10 dst=client:2
event=hand_send ts_ns=77904948 id=190 clt=2 wrkr=10 slot=1 size=10 src=client:2 dst=worker:10
event=resp_rdma_read ts_ns=79408408 id=187 start_ns=76945896 dur_ns=2462512 clt=2 wrkr=0 slot=1 size=921608 src=worker:0 dst=client:2
event=req_send ts_ns=79408408 id=193 clt=2 wrkr=1 slot=0 size=17 src=client:2 dst=worker:1
event=resp_recv_ud ts_ns=79449390 id=193 clt=2 wrkr=1 slot=0 size=41 src=worker:1 dst=client:2
event=hand_send ts_ns=79458037 id=193 clt=2 wrkr=1 slot=0 size=10 src=client:2 dst=worker:1
event=resp_rdma_read ts_ns=80361938 id=190 start_ns=77904948 dur_ns=2456990 clt=2 wrkr=10 slot=1 size=921608 src=worker:10 dst=client:2
event=req_send ts_ns=80361938 id=196 clt=2 wrkr=0 slot=0 size=17 src=client:2 dst=worker:0
event=resp_recv_ud ts_ns=80402155 id=196 clt=2 wrkr=0 slot=0 size=41 src=worker:0 dst=client:2
event=hand_send ts_ns=80410802 id=196 clt=2 wrkr=0 slot=0 size=10 src=client:2 dst=worker:0
event=resp_rdma_read ts_ns=81919242 id=193 start_ns=79458037 dur_ns=2461205 clt=2 wrkr=1 slot=0 size=921608 src=worker:1 dst=client:2
event=req_send ts_ns=81919242 id=199 clt=2 wrkr=5 slot=1 size=17 src=client:2 dst=worker:5
event=resp_recv_ud ts_ns=81960127 id=199 clt=2 wrkr=5 slot=1 size=41 src=worker:5 dst=client:2
event=hand_send ts_ns=81968774 id=199 clt=2 wrkr=5 slot=1 size=10 src=client:2 dst=worker:5
event=resp_rdma_read ts_ns=82867484 id=196 start_ns=80410802 dur_ns=2456682 clt=2 wrkr=0 slot=0 size=921608 src=worker:0 dst=client:2
event=req_send ts_ns=82867484 id=202 clt=2 wrkr=3 slot=1 size=17 src=client:2 dst=worker:3
event=resp_recv_ud ts_ns=82907675 id=202 clt=2 wrkr=3 slot=1 size=41 src=worker:3 dst=client:2
event=hand_send ts_ns=82916322 id=202 clt=2 wrkr=3 slot=1 size=10 src=client:2 dst=worker:3
event=resp_rdma_read ts_ns=84426289 id=199 start_ns=81968774 dur_ns=2457515 clt=2 wrkr=5 slot=1 size=921608 src=worker:5 dst=client:2
event=req_send ts_ns=84426289 id=205 clt=2 wrkr=4 slot=0 size=17 src=client:2 dst=worker:4
event=resp_recv_ud ts_ns=84467050 id=205 clt=2 wrkr=4 slot=0 size=41 src=worker:4 dst=client:2
event=hand_send ts_ns=84475697 id=205 clt=2 wrkr=4 slot=0 size=10 src=client:2 dst=worker:4
event=resp_rdma_read ts_ns=85373194 id=202 start_ns=82916322 dur_ns=2456872 clt=2 wrkr=3 slot=1 size=921608 src=worker:3 dst=client:2
event=req_send ts_ns=85373194 id=208 clt=2 wrkr=9 slot=1 size=17 src=client:2 dst=worker:9
event=resp_recv_ud ts_ns=85413361 id=208 clt=2 wrkr=9 slot=1 size=41 src=worker:9 dst=client:2
event=hand_send ts_ns=85422008 id=208 clt=2 wrkr=9 slot=1 size=10 src=client:2 dst=worker:9
event=resp_rdma_read ts_ns=86928965 id=205 start_ns=84475697 dur_ns=2453268 clt=2 wrkr=4 slot=0 size=921608 src=worker:4 dst=client:2
event=req_send ts_ns=86928965 id=211 clt=2 wrkr=9 slot=0 size=17 src=client:2 dst=worker:9
event=resp_recv_ud ts_ns=86969566 id=211 clt=2 wrkr=9 slot=0 size=41 src=worker:9 dst=client:2
event=hand_send ts_ns=86978213 id=211 clt=2 wrkr=9 slot=0 size=10 src=client:2 dst=worker:9
event=resp_rdma_read ts_ns=87879165 id=208 start_ns=85422008 dur_ns=2457157 clt=2 wrkr=9 slot=1 size=921608 src=worker:9 dst=client:2
event=req_send ts_ns=87879165 id=214 clt=2 wrkr=6 slot=1 size=17 src=client:2 dst=worker:6
event=resp_recv_ud ts_ns=87919326 id=214 clt=2 wrkr=6 slot=1 size=41 src=worker:6 dst=client:2
event=hand_send ts_ns=87927973 id=214 clt=2 wrkr=6 slot=1 size=10 src=client:2 dst=worker:6
event=resp_rdma_read ts_ns=89428232 id=211 start_ns=86978213 dur_ns=2450019 clt=2 wrkr=9 slot=0 size=921608 src=worker:9 dst=client:2
event=req_send ts_ns=89428232 id=217 clt=2 wrkr=6 slot=0 size=17 src=client:2 dst=worker:6
event=resp_recv_ud ts_ns=89468614 id=217 clt=2 wrkr=6 slot=0 size=41 src=worker:6 dst=client:2
event=hand_send ts_ns=89477261 id=217 clt=2 wrkr=6 slot=0 size=10 src=client:2 dst=worker:6
event=resp_rdma_read ts_ns=90386508 id=214 start_ns=87927973 dur_ns=2458535 clt=2 wrkr=6 slot=1 size=921608 src=worker:6 dst=client:2
event=req_send ts_ns=90386508 id=220 clt=2 wrkr=6 slot=1 size=17 src=client:2 dst=worker:6
event=resp_recv_ud ts_ns=90426663 id=220 clt=2 wrkr=6 slot=1 size=41 src=worker:6 dst=client:2
event=hand_send ts_ns=90435310 id=220 clt=2 wrkr=6 slot=1 size=10 src=client:2 dst=worker:6
event=resp_rdma_read ts_ns=91923852 id=217 start_ns=89477261 dur_ns=2446591 clt=2 wrkr=6 slot=0 size=921608 src=worker:6 dst=client:2
event=req_send ts_ns=91923852 id=223 clt=2 wrkr=0 slot=1 size=17 src=client:2 dst=worker:0
event=resp_recv_ud ts_ns=91964028 id=223 clt=2 wrkr=0 slot=1 size=41 src=worker:0 dst=client:2
event=hand_send ts_ns=91972675 id=223 clt=2 wrkr=0 slot=1 size=10 src=client:2 dst=worker:0
event=resp_rdma_read ts_ns=92894789 id=220 start_ns=90435310 dur_ns=2459479 clt=2 wrkr=6 slot=1 size=921608 src=worker:6 dst=client:2
event=req_send ts_ns=92894789 id=226 clt=2 wrkr=7 slot=1 size=17 src=client:2 dst=worker:7
event=resp_recv_ud ts_ns=92934945 id=226 clt=2 wrkr=7 slot=1 size=41 src=worker:7 dst=client:2
event=hand_send ts_ns=92943592 id=226 clt=2 wrkr=7 slot=1 size=10 src=client:2 dst=worker:7
event=resp_rdma_read ts_ns=94419718 id=223 start_ns=91972675 dur_ns=2447043 clt=2 wrkr=0 slot=1 size=921608 src=worker:0 dst=client:2
event=req_send ts_ns=94419718 id=229 clt=2 wrkr=2 slot=0 size=17 src=client:2 dst=worker:2
event=resp_recv_ud ts_ns=94459801 id=229 clt=2 wrkr=2 slot=0 size=41 src=worker:2 dst=client:2
event=hand_send ts_ns=94468448 id=229 clt=2 wrkr=2 slot=0 size=10 src=client:2 dst=worker:2
event=resp_rdma_read ts_ns=95404369 id=226 start_ns=92943592 dur_ns=2460777 clt=2 wrkr=7 slot=1 size=921608 src=worker:7 dst=client:2
event=req_send ts_ns=95404369 id=232 clt=2 wrkr=10 slot=0 size=17 src=client:2 dst=worker:10
event=resp_recv_ud ts_ns=95444536 id=232 clt=2 wrkr=10 slot=0 size=41 src=worker:10 dst=client:2
event=hand_send ts_ns=95453183 id=232 clt=2 wrkr=10 slot=0 size=10 src=client:2 dst=worker:10
event=resp_rdma_read ts_ns=96923975 id=229 start_ns=94468448 dur_ns=2455527 clt=2 wrkr=2 slot=0 size=921608 src=worker:2 dst=client:2
event=req_send ts_ns=96923975 id=235 clt=2 wrkr=6 slot=0 size=17 src=client:2 dst=worker:6
event=resp_recv_ud ts_ns=96964233 id=235 clt=2 wrkr=6 slot=0 size=41 src=worker:6 dst=client:2
event=hand_send ts_ns=96972880 id=235 clt=2 wrkr=6 slot=0 size=10 src=client:2 dst=worker:6
event=resp_rdma_read ts_ns=97915907 id=232 start_ns=95453183 dur_ns=2462724 clt=2 wrkr=10 slot=0 size=921608 src=worker:10 dst=client:2
event=req_send ts_ns=97915907 id=238 clt=2 wrkr=0 slot=0 size=17 src=client:2 dst=worker:0
event=resp_recv_ud ts_ns=97956114 id=238 clt=2 wrkr=0 slot=0 size=41 src=worker:0 dst=client:2
event=hand_send ts_ns=97964761 id=238 clt=2 wrkr=0 slot=0 size=10 src=client:2 dst=worker:0
event=resp_rdma_read ts_ns=99440594 id=235 start_ns=96972880 dur_ns=2467714 clt=2 wrkr=6 slot=0 size=921608 src=worker:6 dst=client:2
event=req_send ts_ns=99440594 id=241 clt=2 wrkr=0 slot=1 size=17 src=client:2 dst=worker:0
event=resp_recv_ud ts_ns=99481273 id=241 clt=2 wrkr=0 slot=1 size=41 src=worker:0 dst=client:2
event=hand_send ts_ns=99489920 id=241 clt=2 wrkr=0 slot=1 size=10 src=client:2 dst=worker:0
event=resp_rdma_read ts_ns=100430286 id=238 start_ns=97964761 dur_ns=2465525 clt=2 wrkr=0 slot=0 size=921608 src=worker:0 dst=client:2
event=req_send ts_ns=100430286 id=244 clt=2 wrkr=8 slot=0 size=17 src=client:2 dst=worker:8
event=resp_recv_ud ts_ns=100470546 id=244 clt=2 wrkr=8 slot=0 size=41 src=worker:8 dst=client:2
event=hand_send ts_ns=100479193 id=244 clt=2 wrkr=8 slot=0 size=10 src=client:2 dst=worker:8
event=resp_rdma_read ts_ns=101967282 id=241 start_ns=99489920 dur_ns=2477362 clt=2 wrkr=0 slot=1 size=921608 src=worker:0 dst=client:2
event=req_send ts_ns=101967282 id=247 clt=2 wrkr=8 slot=1 size=17 src=client:2 dst=worker:8
event=resp_recv_ud ts_ns=102009048 id=247 clt=2 wrkr=8 slot=1 size=41 src=worker:8 dst=client:2
event=hand_send ts_ns=102017695 id=247 clt=2 wrkr=8 slot=1 size=10 src=client:2 dst=worker:8
event=resp_rdma_read ts_ns=102946203 id=244 start_ns=100479193 dur_ns=2467010 clt=2 wrkr=8 slot=0 size=921608 src=worker:8 dst=client:2
event=req_send ts_ns=102946203 id=250 clt=2 wrkr=0 slot=0 size=17 src=client:2 dst=worker:0
event=resp_recv_ud ts_ns=102986491 id=250 clt=2 wrkr=0 slot=0 size=41 src=worker:0 dst=client:2
event=hand_send ts_ns=102995138 id=250 clt=2 wrkr=0 slot=0 size=10 src=client:2 dst=worker:0
event=resp_rdma_read ts_ns=104458449 id=247 start_ns=102017695 dur_ns=2440754 clt=2 wrkr=8 slot=1 size=921608 src=worker:8 dst=client:2
event=req_send ts_ns=104458449 id=253 clt=2 wrkr=8 slot=0 size=17 src=client:2 dst=worker:8
event=resp_recv_ud ts_ns=104507773 id=253 clt=2 wrkr=8 slot=0 size=41 src=worker:8 dst=client:2
event=hand_send ts_ns=104516420 id=253 clt=2 wrkr=8 slot=0 size=10 src=client:2 dst=worker:8
event=resp_rdma_read ts_ns=105463592 id=250 start_ns=102995138 dur_ns=2468454 clt=2 wrkr=0 slot=0 size=921608 src=worker:0 dst=client:2
event=req_send ts_ns=105463592 id=256 clt=2 wrkr=11 slot=1 size=17 src=client:2 dst=worker:11
event=resp_recv_ud ts_ns=105503916 id=256 clt=2 wrkr=11 slot=1 size=41 src=worker:11 dst=client:2
event=hand_send ts_ns=105512563 id=256 clt=2 wrkr=11 slot=1 size=10 src=client:2 dst=worker:11
event=resp_rdma_read ts_ns=106398755 id=253 start_ns=104516420 dur_ns=1882335 clt=2 wrkr=8 slot=0 size=921608 src=worker:8 dst=client:2
event=req_send ts_ns=106398755 id=258 clt=2 wrkr=10 slot=1 size=17 src=client:2 dst=worker:10
event=resp_recv_ud ts_ns=106440362 id=258 clt=2 wrkr=10 slot=1 size=41 src=worker:10 dst=client:2
event=hand_send ts_ns=106449009 id=258 clt=2 wrkr=10 slot=1 size=10 src=client:2 dst=worker:10
event=resp_rdma_read ts_ns=107978324 id=256 start_ns=105512563 dur_ns=2465761 clt=2 wrkr=11 slot=1 size=921608 src=worker:11 dst=client:2
event=req_send ts_ns=107978324 id=262 clt=2 wrkr=7 slot=0 size=17 src=client:2 dst=worker:7
event=resp_recv_ud ts_ns=108018388 id=262 clt=2 wrkr=7 slot=0 size=41 src=worker:7 dst=client:2
event=hand_send ts_ns=108027035 id=262 clt=2 wrkr=7 slot=0 size=10 src=client:2 dst=worker:7
event=resp_rdma_read ts_ns=108937838 id=258 start_ns=106449009 dur_ns=2488829 clt=2 wrkr=10 slot=1 size=921608 src=worker:10 dst=client:2
event=req_send ts_ns=108937838 id=264 clt=2 wrkr=3 slot=0 size=17 src=client:2 dst=worker:3
event=resp_recv_ud ts_ns=108979492 id=264 clt=2 wrkr=3 slot=0 size=41 src=worker:3 dst=client:2
event=hand_send ts_ns=108988139 id=264 clt=2 wrkr=3 slot=0 size=10 src=client:2 dst=worker:3
event=resp_rdma_read ts_ns=110492145 id=262 start_ns=108027035 dur_ns=2465110 clt=2 wrkr=7 slot=0 size=921608 src=worker:7 dst=client:2
event=req_send ts_ns=110492145 id=268 clt=2 wrkr=4 slot=1 size=17 src=client:2 dst=worker:4
event=resp_recv_ud ts_ns=110532207 id=268 clt=2 wrkr=4 slot=1 size=41 src=worker:4 dst=client:2
event=hand_send ts_ns=110540854 id=268 clt=2 wrkr=4 slot=1 size=10 src=client:2 dst=worker:4
event=resp_rdma_read ts_ns=111483114 id=264 start_ns=108988139 dur_ns=2494975 clt=2 wrkr=3 slot=0 size=921608 src=worker:3 dst=client:2
event=req_send ts_ns=111483114 id=270 clt=2 wrkr=1 slot=1 size=17 src=client:2 dst=worker:1
event=resp_recv_ud ts_ns=111524811 id=270 clt=2 wrkr=1 slot=1 size=41 src=worker:1 dst=client:2
event=hand_send ts_ns=111533458 id=270 clt=2 wrkr=1 slot=1 size=10 src=client:2 dst=worker:1
event=resp_rdma_read ts_ns=113005350 id=268 start_ns=110540854 dur_ns=2464496 clt=2 wrkr=4 slot=1 size=921608 src=worker:4 dst=client:2
event=req_send ts_ns=113005350 id=274 clt=2 wrkr=2 slot=1 size=17 src=client:2 dst=worker:2
event=resp_recv_ud ts_ns=113045331 id=274 clt=2 wrkr=2 slot=1 size=41 src=worker:2 dst=client:2
event=hand_send ts_ns=113053978 id=274 clt=2 wrkr=2 slot=1 size=10 src=client:2 dst=worker:2
event=resp_rdma_read ts_ns=114030105 id=270 start_ns=111533458 dur_ns=2496647 clt=2 wrkr=1 slot=1 size=921608 src=worker:1 dst=client:2
event=req_send ts_ns=114030105 id=276 clt=2 wrkr=0 slot=1 size=17 src=client:2 dst=worker:0
event=resp_recv_ud ts_ns=114071862 id=276 clt=2 wrkr=0 slot=1 size=41 src=worker:0 dst=client:2
event=hand_send ts_ns=114080509 id=276 clt=2 wrkr=0 slot=1 size=10 src=client:2 dst=worker:0
event=resp_rdma_read ts_ns=115512257 id=274 start_ns=113053978 dur_ns=2458279 clt=2 wrkr=2 slot=1 size=921608 src=worker:2 dst=client:2
event=req_send ts_ns=115512257 id=280 clt=2 wrkr=2 slot=0 size=17 src=client:2 dst=worker:2
event=resp_recv_ud ts_ns=115552466 id=280 clt=2 wrkr=2 slot=0 size=41 src=worker:2 dst=client:2
event=hand_send ts_ns=115561113 id=280 clt=2 wrkr=2 slot=0 size=10 src=client:2 dst=worker:2
event=resp_rdma_read ts_ns=116578435 id=276 start_ns=114080509 dur_ns=2497926 clt=2 wrkr=0 slot=1 size=921608 src=worker:0 dst=client:2
event=req_send ts_ns=116578435 id=282 clt=2 wrkr=8 slot=1 size=17 src=client:2 dst=worker:8
event=resp_recv_ud ts_ns=116620003 id=282 clt=2 wrkr=8 slot=1 size=41 src=worker:8 dst=client:2
event=hand_send ts_ns=116628650 id=282 clt=2 wrkr=8 slot=1 size=10 src=client:2 dst=worker:8
event=resp_rdma_read ts_ns=118010384 id=280 start_ns=115561113 dur_ns=2449271 clt=2 wrkr=2 slot=0 size=921608 src=worker:2 dst=client:2
event=req_send ts_ns=118010384 id=286 clt=2 wrkr=1 slot=0 size=17 src=client:2 dst=worker:1
event=resp_recv_ud ts_ns=118050546 id=286 clt=2 wrkr=1 slot=0 size=41 src=worker:1 dst=client:2
event=hand_send ts_ns=118059193 id=286 clt=2 wrkr=1 slot=0 size=10 src=client:2 dst=worker:1
event=resp_rdma_read ts_ns=119117693 id=282 start_ns=116628650 dur_ns=2489043 clt=2 wrkr=8 slot=1 size=921608 src=worker:8 dst=client:2
event=req_send ts_ns=119117693 id=288 clt=2 wrkr=2 slot=1 size=17 src=client:2 dst=worker:2
event=resp_recv_ud ts_ns=119159285 id=288 clt=2 wrkr=2 slot=1 size=41 src=worker:2 dst=client:2
event=hand_send ts_ns=119167932 id=288 clt=2 wrkr=2 slot=1 size=10 src=client:2 dst=worker:2
event=resp_rdma_read ts_ns=120509660 id=286 start_ns=118059193 dur_ns=2450467 clt=2 wrkr=1 slot=0 size=921608 src=worker:1 dst=client:2
event=req_send ts_ns=120509660 id=292 clt=2 wrkr=1 slot=1 size=17 src=client:2 dst=worker:1
event=resp_recv_ud ts_ns=120549786 id=292 clt=2 wrkr=1 slot=1 size=41 src=worker:1 dst=client:2
event=hand_send ts_ns=120558433 id=292 clt=2 wrkr=1 slot=1 size=10 src=client:2 dst=worker:1
event=resp_rdma_read ts_ns=121657964 id=288 start_ns=119167932 dur_ns=2490032 clt=2 wrkr=2 slot=1 size=921608 src=worker:2 dst=client:2
event=req_send ts_ns=121657964 id=294 clt=2 wrkr=1 slot=0 size=17 src=client:2 dst=worker:1
event=resp_recv_ud ts_ns=121699576 id=294 clt=2 wrkr=1 slot=0 size=41 src=worker:1 dst=client:2
event=hand_send ts_ns=121708223 id=294 clt=2 wrkr=1 slot=0 size=10 src=client:2 dst=worker:1
event=resp_rdma_read ts_ns=123010299 id=292 start_ns=120558433 dur_ns=2451866 clt=2 wrkr=1 slot=1 size=921608 src=worker:1 dst=client:2
event=req_send ts_ns=123010299 id=298 clt=2 wrkr=8 slot=0 size=17 src=client:2 dst=worker:8
event=resp_recv_ud ts_ns=123050388 id=298 clt=2 wrkr=8 slot=0 size=41 src=worker:8 dst=client:2
event=hand_send ts_ns=123059035 id=298 clt=2 wrkr=8 slot=0 size=10 src=client:2 dst=worker:8
event=resp_rdma_read ts_ns=124198879 id=294 start_ns=121708223 dur_ns=2490656 clt=2 wrkr=1 slot=0 size=921608 src=worker:1 dst=client:2
event=req_send ts_ns=124198879 id=300 clt=2 wrkr=10 slot=0 size=17 src=client:2 dst=worker:10
event=resp_recv_ud ts_ns=124240510 id=300 clt=2 wrkr=10 slot=0 size=41 src=worker:10 dst=client:2
event=hand_send ts_ns=124249157 id=300 clt=2 wrkr=10 slot=0 size=10 src=client:2 dst=worker:10
event=resp_rdma_read ts_ns=125512361 id=298 start_ns=123059035 dur_ns=2453326 clt=2 wrkr=8 slot=0 size=921608 src=worker:8 dst=client:2
event=req_send ts_ns=125512361 id=304 clt=2 wrkr=3 slot=1 size=17 src=client:2 dst=worker:3
event=resp_recv_ud ts_ns=125552422 id=304 clt=2 wrkr=3 slot=1 size=41 src=worker:3 dst=client:2
event=hand_send ts_ns=125561069 id=304 clt=2 wrkr=3 slot=1 size=10 src=client:2 dst=worker:3
event=resp_rdma_read ts_ns=126740987 id=300 start_ns=124249157 dur_ns=2491830 clt=2 wrkr=10 slot=0 size=921608 src=worker:10 dst=client:2
event=req_send ts_ns=126740987 id=306 clt=2 wrkr=3 slot=0 size=17 src=client:2 dst=worker:3
event=resp_recv_ud ts_ns=126782634 id=306 clt=2 wrkr=3 slot=0 size=41 src=worker:3 dst=client:2
event=hand_send ts_ns=126791281 id=306 clt=2 wrkr=3 slot=0 size=10 src=client:2 dst=worker:3
event=resp_rdma_read ts_ns=128015936 id=304 start_ns=125561069 dur_ns=2454867 clt=2 wrkr=3 slot=1 size=921608 src=worker:3 dst=client:2
event=req_send ts_ns=128015936 id=310 clt=2 wrkr=10 slot=1 size=17 src=client:2 dst=worker:10
event=resp_recv_ud ts_ns=128055978 id=310 clt=2 wrkr=10 slot=1 size=41 src=worker:10 dst=client:2
event=hand_send ts_ns=128064625 id=310 clt=2 wrkr=10 slot=1 size=10 src=client:2 dst=worker:10
event=resp_rdma_read ts_ns=129283291 id=306 start_ns=126791281 dur_ns=2492010 clt=2 wrkr=3 slot=0 size=921608 src=worker:3 dst=client:2
event=req_send ts_ns=129283291 id=312 clt=2 wrkr=4 slot=0 size=17 src=client:2 dst=worker:4
event=resp_recv_ud ts_ns=129324952 id=312 clt=2 wrkr=4 slot=0 size=41 src=worker:4 dst=client:2
event=hand_send ts_ns=129333599 id=312 clt=2 wrkr=4 slot=0 size=10 src=client:2 dst=worker:4
event=resp_rdma_read ts_ns=130520673 id=310 start_ns=128064625 dur_ns=2456048 clt=2 wrkr=10 slot=1 size=921608 src=worker:10 dst=client:2
event=req_send ts_ns=130520673 id=316 clt=2 wrkr=1 slot=1 size=17 src=client:2 dst=worker:1
event=resp_recv_ud ts_ns=130560705 id=316 clt=2 wrkr=1 slot=1 size=41 src=worker:1 dst=client:2
event=hand_send ts_ns=130569352 id=316 clt=2 wrkr=1 slot=1 size=10 src=client:2 dst=worker:1
event=resp_rdma_read ts_ns=131826818 id=312 start_ns=129333599 dur_ns=2493219 clt=2 wrkr=4 slot=0 size=921608 src=worker:4 dst=client:2
event=req_send ts_ns=131826818 id=318 clt=2 wrkr=3 slot=1 size=17 src=client:2 dst=worker:3
event=resp_recv_ud ts_ns=131868492 id=318 clt=2 wrkr=3 slot=1 size=41 src=worker:3 dst=client:2
event=hand_send ts_ns=131877139 id=318 clt=2 wrkr=3 slot=1 size=10 src=client:2 dst=worker:3
event=resp_rdma_read ts_ns=133026748 id=316 start_ns=130569352 dur_ns=2457396 clt=2 wrkr=1 slot=1 size=921608 src=worker:1 dst=client:2
event=req_send ts_ns=133026748 id=322 clt=2 wrkr=6 slot=1 size=17 src=client:2 dst=worker:6
event=resp_recv_ud ts_ns=133066775 id=322 clt=2 wrkr=6 slot=1 size=41 src=worker:6 dst=client:2
event=hand_send ts_ns=133075422 id=322 clt=2 wrkr=6 slot=1 size=10 src=client:2 dst=worker:6
event=resp_rdma_read ts_ns=134370539 id=318 start_ns=131877139 dur_ns=2493400 clt=2 wrkr=3 slot=1 size=921608 src=worker:3 dst=client:2
event=req_send ts_ns=134370539 id=324 clt=2 wrkr=11 slot=0 size=17 src=client:2 dst=worker:11
event=resp_recv_ud ts_ns=134412230 id=324 clt=2 wrkr=11 slot=0 size=41 src=worker:11 dst=client:2
event=hand_send ts_ns=134420877 id=324 clt=2 wrkr=11 slot=0 size=10 src=client:2 dst=worker:11
event=resp_rdma_read ts_ns=135533726 id=322 start_ns=133075422 dur_ns=2458304 clt=2 wrkr=6 slot=1 size=921608 src=worker:6 dst=client:2
event=req_send ts_ns=135533726 id=328 clt=2 wrkr=6 slot=0 size=17 src=client:2 dst=worker:6
event=resp_recv_ud ts_ns=135573749 id=328 clt=2 wrkr=6 slot=0 size=41 src=worker:6 dst=client:2
event=hand_send ts_ns=135582396 id=328 clt=2 wrkr=6 slot=0 size=10 src=client:2 dst=worker:6
event=resp_rdma_read ts_ns=136916967 id=324 start_ns=134420877 dur_ns=2496090 clt=2 wrkr=11 slot=0 size=921608 src=worker:11 dst=client:2
event=req_send ts_ns=136916967 id=330 clt=2 wrkr=7 slot=1 size=17 src=client:2 dst=worker:7
event=resp_recv_ud ts_ns=136958655 id=330 clt=2 wrkr=7 slot=1 size=41 src=worker:7 dst=client:2
event=hand_send ts_ns=136967302 id=330 clt=2 wrkr=7 slot=1 size=10 src=client:2 dst=worker:7
event=resp_rdma_read ts_ns=138041179 id=328 start_ns=135582396 dur_ns=2458783 clt=2 wrkr=6 slot=0 size=921608 src=worker:6 dst=client:2
event=req_send ts_ns=138041179 id=334 clt=2 wrkr=7 slot=0 size=17 src=client:2 dst=worker:7
event=resp_recv_ud ts_ns=138081201 id=334 clt=2 wrkr=7 slot=0 size=41 src=worker:7 dst=client:2
event=hand_send ts_ns=138089848 id=334 clt=2 wrkr=7 slot=0 size=10 src=client:2 dst=worker:7
event=resp_rdma_read ts_ns=139462559 id=330 start_ns=136967302 dur_ns=2495257 clt=2 wrkr=7 slot=1 size=921608 src=worker:7 dst=client:2
event=req_send ts_ns=139462559 id=336 clt=2 wrkr=6 slot=1 size=17 src=client:2 dst=worker:6
event=resp_recv_ud ts_ns=139504257 id=336 clt=2 wrkr=6 slot=1 size=41 src=worker:6 dst=client:2
event=hand_send ts_ns=139512904 id=336 clt=2 wrkr=6 slot=1 size=10 src=client:2 dst=worker:6
event=resp_rdma_read ts_ns=140549767 id=334 start_ns=138089848 dur_ns=2459919 clt=2 wrkr=7 slot=0 size=921608 src=worker:7 dst=client:2
event=req_send ts_ns=140549767 id=340 clt=2 wrkr=8 slot=1 size=17 src=client:2 dst=worker:8
event=resp_recv_ud ts_ns=140589791 id=340 clt=2 wrkr=8 slot=1 size=41 src=worker:8 dst=client:2
event=hand_send ts_ns=140598438 id=340 clt=2 wrkr=8 slot=1 size=10 src=client:2 dst=worker:8
event=resp_rdma_read ts_ns=142009281 id=336 start_ns=139512904 dur_ns=2496377 clt=2 wrkr=6 slot=1 size=921608 src=worker:6 dst=client:2
event=req_send ts_ns=142009281 id=342 clt=2 wrkr=5 slot=0 size=17 src=client:2 dst=worker:5
event=resp_recv_ud ts_ns=142050979 id=342 clt=2 wrkr=5 slot=0 size=41 src=worker:5 dst=client:2
event=hand_send ts_ns=142059626 id=342 clt=2 wrkr=5 slot=0 size=10 src=client:2 dst=worker:5
event=resp_rdma_read ts_ns=143056513 id=340 start_ns=140598438 dur_ns=2458075 clt=2 wrkr=8 slot=1 size=921608 src=worker:8 dst=client:2
event=req_send ts_ns=143056513 id=346 clt=2 wrkr=0 slot=0 size=17 src=client:2 dst=worker:0
event=resp_recv_ud ts_ns=143096562 id=346 clt=2 wrkr=0 slot=0 size=41 src=worker:0 dst=client:2
event=hand_send ts_ns=143105209 id=346 clt=2 wrkr=0 slot=0 size=10 src=client:2 dst=worker:0
event=resp_rdma_read ts_ns=144558163 id=342 start_ns=142059626 dur_ns=2498537 clt=2 wrkr=5 slot=0 size=921608 src=worker:5 dst=client:2
event=req_send ts_ns=144558163 id=348 clt=2 wrkr=11 slot=1 size=17 src=client:2 dst=worker:11
event=resp_recv_ud ts_ns=144599863 id=348 clt=2 wrkr=11 slot=1 size=41 src=worker:11 dst=client:2
event=hand_send ts_ns=144608510 id=348 clt=2 wrkr=11 slot=1 size=10 src=client:2 dst=worker:11
event=resp_rdma_read ts_ns=145565762 id=346 start_ns=143105209 dur_ns=2460553 clt=2 wrkr=0 slot=0 size=921608 src=worker:0 dst=client:2
event=req_send ts_ns=145565762 id=352 clt=2 wrkr=10 slot=0 size=17 src=client:2 dst=worker:10
event=resp_recv_ud ts_ns=145605852 id=352 clt=2 wrkr=10 slot=0 size=41 src=worker:10 dst=client:2
event=hand_send ts_ns=145614499 id=352 clt=2 wrkr=10 slot=0 size=10 src=client:2 dst=worker:10
event=resp_rdma_read ts_ns=147107087 id=348 start_ns=144608510 dur_ns=2498577 clt=2 wrkr=11 slot=1 size=921608 src=worker:11 dst=client:2
event=req_send ts_ns=147107087 id=354 clt=2 wrkr=2 slot=0 size=17 src=client:2 dst=worker:2
event=resp_recv_ud ts_ns=147148789 id=354 clt=2 wrkr=2 slot=0 size=41 src=worker:2 dst=client:2
event=hand_send ts_ns=147157436 id=354 clt=2 wrkr=2 slot=0 size=10 src=client:2 dst=worker:2
event=resp_rdma_read ts_ns=148074940 id=352 start_ns=145614499 dur_ns=2460441 clt=2 wrkr=10 slot=0 size=921608 src=worker:10 dst=client:2
event=req_send ts_ns=148074940 id=358 clt=2 wrkr=11 slot=0 size=17 src=client:2 dst=worker:11
event=resp_recv_ud ts_ns=148115084 id=358 clt=2 wrkr=11 slot=0 size=41 src=worker:11 dst=client:2
event=hand_send ts_ns=148123731 id=358 clt=2 wrkr=11 slot=0 size=10 src=client:2 dst=worker:11
event=resp_rdma_read ts_ns=149656931 id=354 start_ns=147157436 dur_ns=2499495 clt=2 wrkr=2 slot=0 size=921608 src=worker:2 dst=client:2
event=req_send ts_ns=149656931 id=360 clt=2 wrkr=0 slot=1 size=17 src=client:2 dst=worker:0
event=resp_recv_ud ts_ns=149698635 id=360 clt=2 wrkr=0 slot=1 size=41 src=worker:0 dst=client:2
event=hand_send ts_ns=149707282 id=360 clt=2 wrkr=0 slot=1 size=10 src=client:2 dst=worker:0
event=resp_rdma_read ts_ns=150584993 id=358 start_ns=148123731 dur_ns=2461262 clt=2 wrkr=11 slot=0 size=921608 src=worker:11 dst=client:2
event=req_send ts_ns=150584993 id=364 clt=2 wrkr=2 slot=1 size=17 src=client:2 dst=worker:2
event=resp_recv_ud ts_ns=150625178 id=364 clt=2 wrkr=2 slot=1 size=41 src=worker:2 dst=client:2
event=hand_send ts_ns=150633825 id=364 clt=2 wrkr=2 slot=1 size=10 src=client:2 dst=worker:2
event=resp_rdma_read ts_ns=152205402 id=360 start_ns=149707282 dur_ns=2498120 clt=2 wrkr=0 slot=1 size=921608 src=worker:0 dst=client:2
event=req_send ts_ns=152205402 id=366 clt=2 wrkr=1 slot=0 size=17 src=client:2 dst=worker:1
event=resp_recv_ud ts_ns=152247108 id=366 clt=2 wrkr=1 slot=0 size=41 src=worker:1 dst=client:2
event=hand_send ts_ns=152255755 id=366 clt=2 wrkr=1 slot=0 size=10 src=client:2 dst=worker:1
event=resp_rdma_read ts_ns=153096333 id=364 start_ns=150633825 dur_ns=2462508 clt=2 wrkr=2 slot=1 size=921608 src=worker:2 dst=client:2
event=req_send ts_ns=153096333 id=370 clt=2 wrkr=0 slot=0 size=17 src=client:2 dst=worker:0
event=resp_recv_ud ts_ns=153136557 id=370 clt=2 wrkr=0 slot=0 size=41 src=worker:0 dst=client:2
event=hand_send ts_ns=153145204 id=370 clt=2 wrkr=0 slot=0 size=10 src=client:2 dst=worker:0
event=resp_rdma_read ts_ns=154754319 id=366 start_ns=152255755 dur_ns=2498564 clt=2 wrkr=1 slot=0 size=921608 src=worker:1 dst=client:2
event=req_send ts_ns=154754319 id=373 clt=2 wrkr=7 slot=1 size=17 src=client:2 dst=worker:7
event=resp_recv_ud ts_ns=154795329 id=373 clt=2 wrkr=7 slot=1 size=41 src=worker:7 dst=client:2
event=hand_send ts_ns=154803976 id=373 clt=2 wrkr=7 slot=1 size=10 src=client:2 dst=worker:7
event=resp_rdma_read ts_ns=155609177 id=370 start_ns=153145204 dur_ns=2463973 clt=2 wrkr=0 slot=0 size=921608 src=worker:0 dst=client:2
event=req_send ts_ns=155609177 id=376 clt=2 wrkr=5 slot=1 size=17 src=client:2 dst=worker:5
event=resp_recv_ud ts_ns=155649147 id=376 clt=2 wrkr=5 slot=1 size=41 src=worker:5 dst=client:2
event=hand_send ts_ns=155657794 id=376 clt=2 wrkr=5 slot=1 size=10 src=client:2 dst=worker:5
event=resp_rdma_read ts_ns=157269044 id=373 start_ns=154803976 dur_ns=2465068 clt=2 wrkr=7 slot=1 size=921608 src=worker:7 dst=client:2
event=req_send ts_ns=157269044 id=379 clt=2 wrkr=5 slot=0 size=17 src=client:2 dst=worker:5
event=resp_recv_ud ts_ns=157310024 id=379 clt=2 wrkr=5 slot=0 size=41 src=worker:5 dst=client:2
event=hand_send ts_ns=157318671 id=379 clt=2 wrkr=5 slot=0 size=10 src=client:2 dst=worker:5
event=resp_rdma_read ts_ns=158115692 id=376 start_ns=155657794 dur_ns=2457898 clt=2 wrkr=5 slot=1 size=921608 src=worker:5 dst=client:2
event=req_send ts_ns=158115692 id=382 clt=2 wrkr=5 slot=1 size=17 src=client:2 dst=worker:5
event=resp_recv_ud ts_ns=158155663 id=382 clt=2 wrkr=5 slot=1 size=41 src=worker:5 dst=client:2
event=hand_send ts_ns=158164310 id=382 clt=2 wrkr=5 slot=1 size=10 src=client:2 dst=worker:5
event=resp_rdma_read ts_ns=159783853 id=379 start_ns=157318671 dur_ns=2465182 clt=2 wrkr=5 slot=0 size=921608 src=worker:5 dst=client:2
event=req_send ts_ns=159783853 id=385 clt=2 wrkr=4 slot=1 size=17 src=client:2 dst=worker:4
event=resp_recv_ud ts_ns=159824770 id=385 clt=2 wrkr=4 slot=1 size=41 src=worker:4 dst=client:2
event=hand_send ts_ns=159833417 id=385 clt=2 wrkr=4 slot=1 size=10 src=client:2 dst=worker:4
event=resp_rdma_read ts_ns=160621408 id=382 start_ns=158164310 dur_ns=2457098 clt=2 wrkr=5 slot=1 size=921608 src=worker:5 dst=client:2
event=req_send ts_ns=160621408 id=388 clt=2 wrkr=6 slot=0 size=17 src=client:2 dst=worker:6
event=resp_recv_ud ts_ns=160661391 id=388 clt=2 wrkr=6 slot=0 size=41 src=worker:6 dst=client:2
event=hand_send ts_ns=160670038 id=388 clt=2 wrkr=6 slot=0 size=10 src=client:2 dst=worker:6
event=resp_rdma_read ts_ns=162297317 id=385 start_ns=159833417 dur_ns=2463900 clt=2 wrkr=4 slot=1 size=921608 src=worker:4 dst=client:2
event=req_send ts_ns=162297317 id=391 clt=2 wrkr=3 slot=0 size=17 src=client:2 dst=worker:3
event=resp_recv_ud ts_ns=162338139 id=391 clt=2 wrkr=3 slot=0 size=41 src=worker:3 dst=client:2
event=hand_send ts_ns=162346786 id=391 clt=2 wrkr=3 slot=0 size=10 src=client:2 dst=worker:3
event=resp_rdma_read ts_ns=163127313 id=388 start_ns=160670038 dur_ns=2457275 clt=2 wrkr=6 slot=0 size=921608 src=worker:6 dst=client:2
event=req_send ts_ns=163127313 id=394 clt=2 wrkr=0 slot=1 size=17 src=client:2 dst=worker:0
event=resp_recv_ud ts_ns=163167302 id=394 clt=2 wrkr=0 slot=1 size=41 src=worker:0 dst=client:2
event=hand_send ts_ns=163175949 id=394 clt=2 wrkr=0 slot=1 size=10 src=client:2 dst=worker:0
event=resp_rdma_read ts_ns=164805990 id=391 start_ns=162346786 dur_ns=2459204 clt=2 wrkr=3 slot=0 size=921608 src=worker:3 dst=client:2
event=req_send ts_ns=164805990 id=397 clt=2 wrkr=10 slot=1 size=17 src=client:2 dst=worker:10
event=resp_recv_ud ts_ns=164846695 id=397 clt=2 wrkr=10 slot=1 size=41 src=worker:10 dst=client:2
event=hand_send ts_ns=164855342 id=397 clt=2 wrkr=10 slot=1 size=10 src=client:2 dst=worker:10
event=resp_rdma_read ts_ns=165634397 id=394 start_ns=163175949 dur_ns=2458448 clt=2 wrkr=0 slot=1 size=921608 src=worker:0 dst=client:2
event=req_send ts_ns=165634397 id=400 clt=2 wrkr=3 slot=1 size=17 src=client:2 dst=worker:3
event=resp_recv_ud ts_ns=165674395 id=400 clt=2 wrkr=3 slot=1 size=41 src=worker:3 dst=client:2
event=hand_send ts_ns=165683042 id=400 clt=2 wrkr=3 slot=1 size=10 src=client:2 dst=worker:3
event=resp_rdma_read ts_ns=167311386 id=397 start_ns=164855342 dur_ns=2456044 clt=2 wrkr=10 slot=1 size=921608 src=worker:10 dst=client:2
event=req_send ts_ns=167311386 id=403 clt=2 wrkr=0 slot=0 size=17 src=client:2 dst=worker:0
event=resp_recv_ud ts_ns=167351945 id=403 clt=2 wrkr=0 slot=0 size=41 src=worker:0 dst=client:2
event=hand_send ts_ns=167360592 id=403 clt=2 wrkr=0 slot=0 size=10 src=client:2 dst=worker:0
event=resp_rdma_read ts_ns=168141647 id=400 start_ns=165683042 dur_ns=2458605 clt=2 wrkr=3 slot=1 size=921608 src=worker:3 dst=client:2
event=req_send ts_ns=168141647 id=406 clt=2 wrkr=10 slot=0 size=17 src=client:2 dst=worker:10
event=resp_recv_ud ts_ns=168181649 id=406 clt=2 wrkr=10 slot=0 size=41 src=worker:10 dst=client:2
event=hand_send ts_ns=168190296 id=406 clt=2 wrkr=10 slot=0 size=10 src=client:2 dst=worker:10
event=resp_rdma_read ts_ns=169811303 id=403 start_ns=167360592 dur_ns=2450711 clt=2 wrkr=0 slot=0 size=921608 src=worker:0 dst=client:2
event=req_send ts_ns=169811303 id=409 clt=2 wrkr=9 slot=1 size=17 src=client:2 dst=worker:9
event=resp_recv_ud ts_ns=169851657 id=409 clt=2 wrkr=9 slot=1 size=41 src=worker:9 dst=client:2
event=hand_send ts_ns=169860304 id=409 clt=2 wrkr=9 slot=1 size=10 src=client:2 dst=worker:9
event=resp_rdma_read ts_ns=170651122 id=406 start_ns=168190296 dur_ns=2460826 clt=2 wrkr=10 slot=0 size=921608 src=worker:10 dst=client:2
event=req_send ts_ns=170651122 id=412 clt=2 wrkr=3 slot=0 size=17 src=client:2 dst=worker:3
event=resp_recv_ud ts_ns=170691123 id=412 clt=2 wrkr=3 slot=0 size=41 src=worker:3 dst=client:2
event=hand_send ts_ns=170699770 id=412 clt=2 wrkr=3 slot=0 size=10 src=client:2 dst=worker:3
event=resp_rdma_read ts_ns=172307653 id=409 start_ns=169860304 dur_ns=2447349 clt=2 wrkr=9 slot=1 size=921608 src=worker:9 dst=client:2
event=req_send ts_ns=172307653 id=415 clt=2 wrkr=1 slot=1 size=17 src=client:2 dst=worker:1
event=resp_recv_ud ts_ns=172347799 id=415 clt=2 wrkr=1 slot=1 size=41 src=worker:1 dst=client:2
event=hand_send ts_ns=172356446 id=415 clt=2 wrkr=1 slot=1 size=10 src=client:2 dst=worker:1
event=resp_rdma_read ts_ns=173160784 id=412 start_ns=170699770 dur_ns=2461014 clt=2 wrkr=3 slot=0 size=921608 src=worker:3 dst=client:2
event=req_send ts_ns=173160784 id=418 clt=2 wrkr=2 slot=0 size=17 src=client:2 dst=worker:2
event=resp_recv_ud ts_ns=173200793 id=418 clt=2 wrkr=2 slot=0 size=41 src=worker:2 dst=client:2
event=hand_send ts_ns=173209440 id=418 clt=2 wrkr=2 slot=0 size=10 src=client:2 dst=worker:2
event=resp_rdma_read ts_ns=174804887 id=415 start_ns=172356446 dur_ns=2448441 clt=2 wrkr=1 slot=1 size=921608 src=worker:1 dst=client:2
event=req_send ts_ns=174804887 id=421 clt=2 wrkr=6 slot=1 size=17 src=client:2 dst=worker:6
event=resp_recv_ud ts_ns=174844909 id=421 clt=2 wrkr=6 slot=1 size=41 src=worker:6 dst=client:2
event=hand_send ts_ns=174853556 id=421 clt=2 wrkr=6 slot=1 size=10 src=client:2 dst=worker:6
event=resp_rdma_read ts_ns=175669599 id=418 start_ns=173209440 dur_ns=2460159 clt=2 wrkr=2 slot=0 size=921608 src=worker:2 dst=client:2
event=req_send ts_ns=175669599 id=424 clt=2 wrkr=4 slot=0 size=17 src=client:2 dst=worker:4
event=resp_recv_ud ts_ns=175709629 id=424 clt=2 wrkr=4 slot=0 size=41 src=worker:4 dst=client:2
event=hand_send ts_ns=175718276 id=424 clt=2 wrkr=4 slot=0 size=10 src=client:2 dst=worker:4
event=resp_rdma_read ts_ns=177305994 id=421 start_ns=174853556 dur_ns=2452438 clt=2 wrkr=6 slot=1 size=921608 src=worker:6 dst=client:2
event=req_send ts_ns=177305994 id=427 clt=2 wrkr=5 slot=0 size=17 src=client:2 dst=worker:5
event=resp_recv_ud ts_ns=177346089 id=427 clt=2 wrkr=5 slot=0 size=41 src=worker:5 dst=client:2
event=hand_send ts_ns=177354736 id=427 clt=2 wrkr=5 slot=0 size=10 src=client:2 dst=worker:5
event=resp_rdma_read ts_ns=178179827 id=424 start_ns=175718276 dur_ns=2461551 clt=2 wrkr=4 slot=0 size=921608 src=worker:4 dst=client:2
event=req_send ts_ns=178179827 id=430 clt=2 wrkr=11 slot=1 size=17 src=client:2 dst=worker:11
event=resp_recv_ud ts_ns=178219883 id=430 clt=2 wrkr=11 slot=1 size=41 src=worker:11 dst=client:2
event=hand_send ts_ns=178228530 id=430 clt=2 wrkr=11 slot=1 size=10 src=client:2 dst=worker:11
event=resp_rdma_read ts_ns=179819373 id=427 start_ns=177354736 dur_ns=2464637 clt=2 wrkr=5 slot=0 size=921608 src=worker:5 dst=client:2
event=req_send ts_ns=179819373 id=433 clt=2 wrkr=5 slot=1 size=17 src=client:2 dst=worker:5
event=resp_recv_ud ts_ns=179859726 id=433 clt=2 wrkr=5 slot=1 size=41 src=worker:5 dst=client:2
event=hand_send ts_ns=179868373 id=433 clt=2 wrkr=5 slot=1 size=10 src=client:2 dst=worker:5
event=resp_rdma_read ts_ns=180691754 id=430 start_ns=178228530 dur_ns=2463224 clt=2 wrkr=11 slot=1 size=921608 src=worker:11 dst=client:2
event=req_send ts_ns=180691754 id=436 clt=2 wrkr=8 slot=0 size=17 src=client:2 dst=worker:8
event=resp_recv_ud ts_ns=180731864 id=436 clt=2 wrkr=8 slot=0 size=41 src=worker:8 dst=client:2
event=hand_send ts_ns=180740511 id=436 clt=2 wrkr=8 slot=0 size=10 src=client:2 dst=worker:8
event=resp_rdma_read ts_ns=182342714 id=433 start_ns=179868373 dur_ns=2474341 clt=2 wrkr=5 slot=1 size=921608 src=worker:5 dst=client:2
event=req_send ts_ns=182342714 id=439 clt=2 wrkr=6 slot=0 size=17 src=client:2 dst=worker:6
event=resp_recv_ud ts_ns=182383446 id=439 clt=2 wrkr=6 slot=0 size=41 src=worker:6 dst=client:2
event=hand_send ts_ns=182392093 id=439 clt=2 wrkr=6 slot=0 size=10 src=client:2 dst=worker:6
event=resp_rdma_read ts_ns=183205338 id=436 start_ns=180740511 dur_ns=2464827 clt=2 wrkr=8 slot=0 size=921608 src=worker:8 dst=client:2
event=req_send ts_ns=183205338 id=442 clt=2 wrkr=11 slot=0 size=17 src=client:2 dst=worker:11
event=resp_recv_ud ts_ns=183245497 id=442 clt=2 wrkr=11 slot=0 size=41 src=worker:11 dst=client:2
event=hand_send ts_ns=183254144 id=442 clt=2 wrkr=11 slot=0 size=10 src=client:2 dst=worker:11
event=resp_rdma_read ts_ns=184871253 id=439 start_ns=182392093 dur_ns=2479160 clt=2 wrkr=6 slot=0 size=921608 src=worker:6 dst=client:2
event=req_send ts_ns=184871253 id=445 clt=2 wrkr=10 slot=1 size=17 src=client:2 dst=worker:10
event=resp_recv_ud ts_ns=184912953 id=445 clt=2 wrkr=10 slot=1 size=41 src=worker:10 dst=client:2
event=hand_send ts_ns=184921600 id=445 clt=2 wrkr=10 slot=1 size=10 src=client:2 dst=worker:10
event=resp_rdma_read ts_ns=185719361 id=442 start_ns=183254144 dur_ns=2465217 clt=2 wrkr=11 slot=0 size=921608 src=worker:11 dst=client:2
event=req_send ts_ns=185719361 id=448 clt=2 wrkr=8 slot=1 size=17 src=client:2 dst=worker:8
event=resp_recv_ud ts_ns=185759558 id=448 clt=2 wrkr=8 slot=1 size=41 src=worker:8 dst=client:2
event=hand_send ts_ns=185768205 id=448 clt=2 wrkr=8 slot=1 size=10 src=client:2 dst=worker:8
event=resp_rdma_read ts_ns=187362019 id=445 start_ns=184921600 dur_ns=2440419 clt=2 wrkr=10 slot=1 size=921608 src=worker:10 dst=client:2
event=req_send ts_ns=187362019 id=451 clt=2 wrkr=10 slot=0 size=17 src=client:2 dst=worker:10
event=resp_recv_ud ts_ns=187406544 id=451 clt=2 wrkr=10 slot=0 size=41 src=worker:10 dst=client:2
event=hand_send ts_ns=187415191 id=451 clt=2 wrkr=10 slot=0 size=10 src=client:2 dst=worker:10
event=resp_rdma_read ts_ns=188234380 id=448 start_ns=185768205 dur_ns=2466175 clt=2 wrkr=8 slot=1 size=921608 src=worker:8 dst=client:2
event=req_send ts_ns=188234380 id=454 clt=2 wrkr=5 slot=0 size=17 src=client:2 dst=worker:5
event=resp_recv_ud ts_ns=188274643 id=454 clt=2 wrkr=5 slot=0 size=41 src=worker:5 dst=client:2
event=hand_send ts_ns=188283290 id=454 clt=2 wrkr=5 slot=0 size=10 src=client:2 dst=worker:5
event=resp_rdma_read ts_ns=189301376 id=451 start_ns=187415191 dur_ns=1886185 clt=2 wrkr=10 slot=0 size=921608 src=worker:10 dst=client:2
event=req_send ts_ns=189301376 id=456 clt=2 wrkr=4 slot=1 size=17 src=client:2 dst=worker:4
event=resp_recv_ud ts_ns=189342934 id=456 clt=2 wrkr=4 slot=1 size=41 src=worker:4 dst=client:2
event=hand_send ts_ns=189351581 id=456 clt=2 wrkr=4 slot=1 size=10 src=client:2 dst=worker:4
event=resp_rdma_read ts_ns=190751676 id=454 start_ns=188283290 dur_ns=2468386 clt=2 wrkr=5 slot=0 size=921608 src=worker:5 dst=client:2
event=req_send ts_ns=190751676 id=460 clt=2 wrkr=8 slot=0 size=17 src=client:2 dst=worker:8
event=resp_recv_ud ts_ns=190791835 id=460 clt=2 wrkr=8 slot=0 size=41 src=worker:8 dst=client:2
event=hand_send ts_ns=190800482 id=460 clt=2 wrkr=8 slot=0 size=10 src=client:2 dst=worker:8
event=resp_rdma_read ts_ns=191837579 id=456 start_ns=189351581 dur_ns=2485998 clt=2 wrkr=4 slot=1 size=921608 src=worker:4 dst=client:2
event=req_send ts_ns=191837579 id=462 clt=2 wrkr=10 slot=1 size=17 src=client:2 dst=worker:10
event=resp_recv_ud ts_ns=191879268 id=462 clt=2 wrkr=10 slot=1 size=41 src=worker:10 dst=client:2
event=hand_send ts_ns=191887915 id=462 clt=2 wrkr=10 slot=1 size=10 src=client:2 dst=worker:10
event=resp_rdma_read ts_ns=193271424 id=460 start_ns=190800482 dur_ns=2470942 clt=2 wrkr=8 slot=0 size=921608 src=worker:8 dst=client:2
event=req_send ts_ns=193271424 id=466 clt=2 wrkr=9 slot=0 size=17 src=client:2 dst=worker:9
event=resp_recv_ud ts_ns=193311634 id=466 clt=2 wrkr=9 slot=0 size=41 src=worker:9 dst=client:2
event=hand_send ts_ns=193320281 id=466 clt=2 wrkr=9 slot=0 size=10 src=client:2 dst=worker:9
event=resp_rdma_read ts_ns=194377913 id=462 start_ns=191887915 dur_ns=2489998 clt=2 wrkr=10 slot=1 size=921608 src=worker:10 dst=client:2
event=req_send ts_ns=194377913 id=468 clt=2 wrkr=7 slot=0 size=17 src=client:2 dst=worker:7
event=resp_recv_ud ts_ns=194419644 id=468 clt=2 wrkr=7 slot=0 size=41 src=worker:7 dst=client:2
event=hand_send ts_ns=194428291 id=468 clt=2 wrkr=7 slot=0 size=10 src=client:2 dst=worker:7
event=resp_rdma_read ts_ns=195794952 id=466 start_ns=193320281 dur_ns=2474671 clt=2 wrkr=9 slot=0 size=921608 src=worker:9 dst=client:2
event=req_send ts_ns=195794952 id=472 clt=2 wrkr=1 slot=0 size=17 src=client:2 dst=worker:1
event=resp_recv_ud ts_ns=195835180 id=472 clt=2 wrkr=1 slot=0 size=41 src=worker:1 dst=client:2
event=hand_send ts_ns=195843827 id=472 clt=2 wrkr=1 slot=0 size=10 src=client:2 dst=worker:1
event=resp_rdma_read ts_ns=196920160 id=468 start_ns=194428291 dur_ns=2491869 clt=2 wrkr=7 slot=0 size=921608 src=worker:7 dst=client:2
event=req_send ts_ns=196920160 id=474 clt=2 wrkr=5 slot=1 size=17 src=client:2 dst=worker:5
event=resp_recv_ud ts_ns=196961912 id=474 clt=2 wrkr=5 slot=1 size=41 src=worker:5 dst=client:2
event=hand_send ts_ns=196970559 id=474 clt=2 wrkr=5 slot=1 size=10 src=client:2 dst=worker:5
event=resp_rdma_read ts_ns=198317893 id=472 start_ns=195843827 dur_ns=2474066 clt=2 wrkr=1 slot=0 size=921608 src=worker:1 dst=client:2
event=req_send ts_ns=198317893 id=478 clt=2 wrkr=4 slot=0 size=17 src=client:2 dst=worker:4
event=resp_recv_ud ts_ns=198358176 id=478 clt=2 wrkr=4 slot=0 size=41 src=worker:4 dst=client:2
event=hand_send ts_ns=198366823 id=478 clt=2 wrkr=4 slot=0 size=10 src=client:2 dst=worker:4
event=resp_rdma_read ts_ns=199464263 id=474 start_ns=196970559 dur_ns=2493704 clt=2 wrkr=5 slot=1 size=921608 src=worker:5 dst=client:2
event=req_send ts_ns=199464263 id=480 clt=2 wrkr=5 slot=0 size=17 src=client:2 dst=worker:5
event=resp_recv_ud ts_ns=199506044 id=480 clt=2 wrkr=5 slot=0 size=41 src=worker:5 dst=client:2
event=hand_send ts_ns=199514691 id=480 clt=2 wrkr=5 slot=0 size=10 src=client:2 dst=worker:5
event=resp_rdma_read ts_ns=200842992 id=478 start_ns=198366823 dur_ns=2476169 clt=2 wrkr=4 slot=0 size=921608 src=worker:4 dst=client:2
event=req_send ts_ns=200842992 id=484 clt=2 wrkr=5 slot=1 size=17 src=client:2 dst=worker:5
event=resp_recv_ud ts_ns=200883312 id=484 clt=2 wrkr=5 slot=1 size=41 src=worker:5 dst=client:2
event=hand_send ts_ns=200891959 id=484 clt=2 wrkr=5 slot=1 size=10 src=client:2 dst=worker:5
event=resp_rdma_read ts_ns=202010276 id=480 start_ns=199514691 dur_ns=2495585 clt=2 wrkr=5 slot=0 size=921608 src=worker:5 dst=client:2
event=req_send ts_ns=202010276 id=486 clt=2 wrkr=7 slot=1 size=17 src=client:2 dst=worker:7
event=resp_recv_ud ts_ns=202052085 id=486 clt=2 wrkr=7 slot=1 size=41 src=worker:7 dst=client:2
event=hand_send ts_ns=202060732 id=486 clt=2 wrkr=7 slot=1 size=10 src=client:2 dst=worker:7
event=resp_rdma_read ts_ns=203369813 id=484 start_ns=200891959 dur_ns=2477854 clt=2 wrkr=5 slot=1 size=921608 src=worker:5 dst=client:2
event=req_send ts_ns=203369813 id=490 clt=2 wrkr=4 slot=1 size=17 src=client:2 dst=worker:4
event=resp_recv_ud ts_ns=203410158 id=490 clt=2 wrkr=4 slot=1 size=41 src=worker:4 dst=client:2
event=hand_send ts_ns=203418805 id=490 clt=2 wrkr=4 slot=1 size=10 src=client:2 dst=worker:4
event=resp_rdma_read ts_ns=204558120 id=486 start_ns=202060732 dur_ns=2497388 clt=2 wrkr=7 slot=1 size=921608 src=worker:7 dst=client:2
event=req_send ts_ns=204558120 id=492 clt=2 wrkr=11 slot=1 size=17 src=client:2 dst=worker:11
event=resp_recv_ud ts_ns=204599958 id=492 clt=2 wrkr=11 slot=1 size=41 src=worker:11 dst=client:2
event=hand_send ts_ns=204608605 id=492 clt=2 wrkr=11 slot=1 size=10 src=client:2 dst=worker:11
event=resp_rdma_read ts_ns=205897133 id=490 start_ns=203418805 dur_ns=2478328 clt=2 wrkr=4 slot=1 size=921608 src=worker:4 dst=client:2
event=req_send ts_ns=205897133 id=496 clt=2 wrkr=1 slot=1 size=17 src=client:2 dst=worker:1
event=resp_recv_ud ts_ns=205937522 id=496 clt=2 wrkr=1 slot=1 size=41 src=worker:1 dst=client:2
event=hand_send ts_ns=205946169 id=496 clt=2 wrkr=1 slot=1 size=10 src=client:2 dst=worker:1
event=resp_rdma_read ts_ns=207107847 id=492 start_ns=204608605 dur_ns=2499242 clt=2 wrkr=11 slot=1 size=921608 src=worker:11 dst=client:2
event=req_send ts_ns=207107847 id=498 clt=2 wrkr=0 slot=1 size=17 src=client:2 dst=worker:0
event=resp_recv_ud ts_ns=207149721 id=498 clt=2 wrkr=0 slot=1 size=41 src=worker:0 dst=client:2
event=hand_send ts_ns=207158368 id=498 clt=2 wrkr=0 slot=1 size=10 src=client:2 dst=worker:0
event=resp_rdma_read ts_ns=208427135 id=496 start_ns=205946169 dur_ns=2480966 clt=2 wrkr=1 slot=1 size=921608 src=worker:1 dst=client:2
event=req_send ts_ns=208427135 id=502 clt=2 wrkr=7 slot=0 size=17 src=client:2 dst=worker:7
event=resp_recv_ud ts_ns=208467538 id=502 clt=2 wrkr=7 slot=0 size=41 src=worker:7 dst=client:2
event=hand_send ts_ns=208476185 id=502 clt=2 wrkr=7 slot=0 size=10 src=client:2 dst=worker:7
event=resp_rdma_read ts_ns=209660354 id=498 start_ns=207158368 dur_ns=2501986 clt=2 wrkr=0 slot=1 size=921608 src=worker:0 dst=client:2
event=req_send ts_ns=209660354 id=504 clt=2 wrkr=10 slot=0 size=17 src=client:2 dst=worker:10
event=resp_recv_ud ts_ns=209702256 id=504 clt=2 wrkr=10 slot=0 size=41 src=worker:10 dst=client:2
event=hand_send ts_ns=209710903 id=504 clt=2 wrkr=10 slot=0 size=10 src=client:2 dst=worker:10
event=resp_rdma_read ts_ns=210957086 id=502 start_ns=208476185 dur_ns=2480901 clt=2 wrkr=7 slot=0 size=921608 src=worker:7 dst=client:2
event=req_send ts_ns=210957086 id=508 clt=2 wrkr=9 slot=1 size=17 src=client:2 dst=worker:9
event=resp_recv_ud ts_ns=210997546 id=508 clt=2 wrkr=9 slot=1 size=41 src=worker:9 dst=client:2
event=hand_send ts_ns=211006193 id=508 clt=2 wrkr=9 slot=1 size=10 src=client:2 dst=worker:9
event=resp_rdma_read ts_ns=212213736 id=504 start_ns=209710903 dur_ns=2502833 clt=2 wrkr=10 slot=0 size=921608 src=worker:10 dst=client:2
event=req_send ts_ns=212213736 id=510 clt=2 wrkr=11 slot=0 size=17 src=client:2 dst=worker:11
event=resp_recv_ud ts_ns=212255672 id=510 clt=2 wrkr=11 slot=0 size=41 src=worker:11 dst=client:2
event=hand_send ts_ns=212264319 id=510 clt=2 wrkr=11 slot=0 size=10 src=client:2 dst=worker:11
event=resp_rdma_read ts_ns=213488091 id=508 start_ns=211006193 dur_ns=2481898 clt=2 wrkr=9 slot=1 size=921608 src=worker:9 dst=client:2
event=req_send ts_ns=213488091 id=514 clt=2 wrkr=4 slot=0 size=17 src=client:2 dst=worker:4
event=resp_recv_ud ts_ns=213528696 id=514 clt=2 wrkr=4 slot=0 size=41 src=worker:4 dst=client:2
event=hand_send ts_ns=213537343 id=514 clt=2 wrkr=4 slot=0 size=10 src=client:2 dst=worker:4
event=resp_rdma_read ts_ns=214769959 id=510 start_ns=212264319 dur_ns=2505640 clt=2 wrkr=11 slot=0 size=921608 src=worker:11 dst=client:2
event=req_send ts_ns=214769959 id=517 clt=2 wrkr=7 slot=1 size=17 src=client:2 dst=worker:7
event=resp_recv_ud ts_ns=214828265 id=517 clt=2 wrkr=7 slot=1 size=41 src=worker:7 dst=client:2
event=hand_send ts_ns=214836912 id=517 clt=2 wrkr=7 slot=1 size=10 src=client:2 dst=worker:7
event=resp_rdma_read ts_ns=216018772 id=514 start_ns=213537343 dur_ns=2481429 clt=2 wrkr=4 slot=0 size=921608 src=worker:4 dst=client:2
event=req_send ts_ns=216018772 id=520 clt=2 wrkr=2 slot=1 size=17 src=client:2 dst=worker:2
event=resp_recv_ud ts_ns=216059672 id=520 clt=2 wrkr=2 slot=1 size=41 src=worker:2 dst=client:2
event=hand_send ts_ns=216068319 id=520 clt=2 wrkr=2 slot=1 size=10 src=client:2 dst=worker:2
event=resp_rdma_read ts_ns=216842824 id=517 start_ns=214836912 dur_ns=2005912 clt=2 wrkr=7 slot=1 size=921608 src=worker:7 dst=client:2
event=req_send ts_ns=216842824 id=522 clt=2 wrkr=7 slot=0 size=17 src=client:2 dst=worker:7
event=resp_recv_ud ts_ns=216884353 id=522 clt=2 wrkr=7 slot=0 size=41 src=worker:7 dst=client:2
event=hand_send ts_ns=216893000 id=522 clt=2 wrkr=7 slot=0 size=10 src=client:2 dst=worker:7
event=resp_rdma_read ts_ns=218551437 id=520 start_ns=216068319 dur_ns=2483118 clt=2 wrkr=2 slot=1 size=921608 src=worker:2 dst=client:2
event=req_send ts_ns=218551437 id=526 clt=2 wrkr=3 slot=1 size=17 src=client:2 dst=worker:3
event=resp_recv_ud ts_ns=218592671 id=526 clt=2 wrkr=3 slot=1 size=41 src=worker:3 dst=client:2
event=hand_send ts_ns=218601318 id=526 clt=2 wrkr=3 slot=1 size=10 src=client:2 dst=worker:3
event=resp_rdma_read ts_ns=219380157 id=522 start_ns=216893000 dur_ns=2487157 clt=2 wrkr=7 slot=0 size=921608 src=worker:7 dst=client:2
event=req_send ts_ns=219380157 id=528 clt=2 wrkr=3 slot=0 size=17 src=client:2 dst=worker:3
event=resp_recv_ud ts_ns=219421807 id=528 clt=2 wrkr=3 slot=0 size=41 src=worker:3 dst=client:2
event=hand_send ts_ns=219430454 id=528 clt=2 wrkr=3 slot=0 size=10 src=client:2 dst=worker:3
event=resp_rdma_read ts_ns=221065424 id=526 start_ns=218601318 dur_ns=2464106 clt=2 wrkr=3 slot=1 size=921608 src=worker:3 dst=client:2
event=req_send ts_ns=221065424 id=532 clt=2 wrkr=3 slot=1 size=17 src=client:2 dst=worker:3
event=resp_recv_ud ts_ns=221109668 id=532 clt=2 wrkr=3 slot=1 size=41 src=worker:3 dst=client:2
event=hand_send ts_ns=221118315 id=532 clt=2 wrkr=3 slot=1 size=10 src=client:2 dst=worker:3
event=resp_rdma_read ts_ns=221927944 id=528 start_ns=219430454 dur_ns=2497490 clt=2 wrkr=3 slot=0 size=921608 src=worker:3 dst=client:2
event=req_send ts_ns=221927944 id=534 clt=2 wrkr=2 slot=0 size=17 src=client:2 dst=worker:2
event=resp_recv_ud ts_ns=221969666 id=534 clt=2 wrkr=2 slot=0 size=41 src=worker:2 dst=client:2
event=hand_send ts_ns=221978313 id=534 clt=2 wrkr=2 slot=0 size=10 src=client:2 dst=worker:2
event=resp_rdma_read ts_ns=223128952 id=532 start_ns=221118315 dur_ns=2010637 clt=2 wrkr=3 slot=1 size=921608 src=worker:3 dst=client:2
event=req_send ts_ns=223128952 id=537 clt=2 wrkr=3 slot=0 size=17 src=client:2 dst=worker:3
event=resp_recv_ud ts_ns=223169749 id=537 clt=2 wrkr=3 slot=0 size=41 src=worker:3 dst=client:2
event=hand_send ts_ns=223178396 id=537 clt=2 wrkr=3 slot=0 size=10 src=client:2 dst=worker:3
event=resp_rdma_read ts_ns=224479995 id=534 start_ns=221978313 dur_ns=2501682 clt=2 wrkr=2 slot=0 size=921608 src=worker:2 dst=client:2
event=req_send ts_ns=224479995 id=540 clt=2 wrkr=11 slot=1 size=17 src=client:2 dst=worker:11
event=resp_recv_ud ts_ns=224521450 id=540 clt=2 wrkr=11 slot=1 size=41 src=worker:11 dst=client:2
event=hand_send ts_ns=224530097 id=540 clt=2 wrkr=11 slot=1 size=10 src=client:2 dst=worker:11
event=resp_rdma_read ts_ns=225645725 id=537 start_ns=223178396 dur_ns=2467329 clt=2 wrkr=3 slot=0 size=921608 src=worker:3 dst=client:2
event=req_send ts_ns=225645725 id=543 clt=2 wrkr=7 slot=1 size=17 src=client:2 dst=worker:7
event=resp_recv_ud ts_ns=225686523 id=543 clt=2 wrkr=7 slot=1 size=41 src=worker:7 dst=client:2
event=hand_send ts_ns=225695170 id=543 clt=2 wrkr=7 slot=1 size=10 src=client:2 dst=worker:7
event=resp_rdma_read ts_ns=227012263 id=540 start_ns=224530097 dur_ns=2482166 clt=2 wrkr=11 slot=1 size=921608 src=worker:11 dst=client:2
event=req_send ts_ns=227012263 id=546 clt=2 wrkr=10 slot=1 size=17 src=client:2 dst=worker:10
event=resp_recv_ud ts_ns=227053748 id=546 clt=2 wrkr=10 slot=1 size=41 src=worker:10 dst=client:2
event=hand_send ts_ns=227062395 id=546 clt=2 wrkr=10 slot=1 size=10 src=client:2 dst=worker:10
event=resp_rdma_read ts_ns=228161894 id=543 start_ns=225695170 dur_ns=2466724 clt=2 wrkr=7 slot=1 size=921608 src=worker:7 dst=client:2
event=req_send ts_ns=228161894 id=549 clt=2 wrkr=11 slot=0 size=17 src=client:2 dst=worker:11
event=resp_recv_ud ts_ns=228202660 id=549 clt=2 wrkr=11 slot=0 size=41 src=worker:11 dst=client:2
event=hand_send ts_ns=228211307 id=549 clt=2 wrkr=11 slot=0 size=10 src=client:2 dst=worker:11
event=resp_rdma_read ts_ns=229546191 id=546 start_ns=227062395 dur_ns=2483796 clt=2 wrkr=10 slot=1 size=921608 src=worker:10 dst=client:2
event=req_send ts_ns=229546191 id=552 clt=2 wrkr=4 slot=1 size=17 src=client:2 dst=worker:4
event=resp_recv_ud ts_ns=229587710 id=552 clt=2 wrkr=4 slot=1 size=41 src=worker:4 dst=client:2
event=hand_send ts_ns=229596357 id=552 clt=2 wrkr=4 slot=1 size=10 src=client:2 dst=worker:4
event=resp_rdma_read ts_ns=230678588 id=549 start_ns=228211307 dur_ns=2467281 clt=2 wrkr=11 slot=0 size=921608 src=worker:11 dst=client:2
event=req_send ts_ns=230678588 id=555 clt=2 wrkr=7 slot=0 size=17 src=client:2 dst=worker:7
event=resp_recv_ud ts_ns=230719331 id=555 clt=2 wrkr=7 slot=0 size=41 src=worker:7 dst=client:2
event=hand_send ts_ns=230727978 id=555 clt=2 wrkr=7 slot=0 size=10 src=client:2 dst=worker:7
event=resp_rdma_read ts_ns=232080596 id=552 start_ns=229596357 dur_ns=2484239 clt=2 wrkr=4 slot=1 size=921608 src=worker:4 dst=client:2
event=req_send ts_ns=232080596 id=558 clt=2 wrkr=1 slot=0 size=17 src=client:2 dst=worker:1
event=resp_recv_ud ts_ns=232122129 id=558 clt=2 wrkr=1 slot=0 size=41 src=worker:1 dst=client:2
event=hand_send ts_ns=232130776 id=558 clt=2 wrkr=1 slot=0 size=10 src=client:2 dst=worker:1
event=resp_rdma_read ts_ns=233194873 id=555 start_ns=230727978 dur_ns=2466895 clt=2 wrkr=7 slot=0 size=921608 src=worker:7 dst=client:2
event=req_send ts_ns=233194873 id=561 clt=2 wrkr=9 slot=0 size=17 src=client:2 dst=worker:9
event=resp_recv_ud ts_ns=233235591 id=561 clt=2 wrkr=9 slot=0 size=41 src=worker:9 dst=client:2
event=hand_send ts_ns=233244238 id=561 clt=2 wrkr=9 slot=0 size=10 src=client:2 dst=worker:9
event=resp_rdma_read ts_ns=234616397 id=558 start_ns=232130776 dur_ns=2485621 clt=2 wrkr=1 slot=0 size=921608 src=worker:1 dst=client:2
event=req_send ts_ns=234616397 id=564 clt=2 wrkr=4 slot=0 size=17 src=client:2 dst=worker:4
event=resp_recv_ud ts_ns=234657959 id=564 clt=2 wrkr=4 slot=0 size=41 src=worker:4 dst=client:2
event=hand_send ts_ns=234666606 id=564 clt=2 wrkr=4 slot=0 size=10 src=client:2 dst=worker:4
event=resp_rdma_read ts_ns=235709727 id=561 start_ns=233244238 dur_ns=2465489 clt=2 wrkr=9 slot=0 size=921608 src=worker:9 dst=client:2
event=req_send ts_ns=235709727 id=567 clt=2 wrkr=7 slot=1 size=17 src=client:2 dst=worker:7
event=resp_recv_ud ts_ns=235750409 id=567 clt=2 wrkr=7 slot=1 size=41 src=worker:7 dst=client:2
event=hand_send ts_ns=235759056 id=567 clt=2 wrkr=7 slot=1 size=10 src=client:2 dst=worker:7
event=resp_rdma_read ts_ns=237153550 id=564 start_ns=234666606 dur_ns=2486944 clt=2 wrkr=4 slot=0 size=921608 src=worker:4 dst=client:2
event=req_send ts_ns=237153550 id=570 clt=2 wrkr=1 slot=1 size=17 src=client:2 dst=worker:1
event=resp_recv_ud ts_ns=237195131 id=570 clt=2 wrkr=1 slot=1 size=41 src=worker:1 dst=client:2
event=hand_send ts_ns=237203778 id=570 clt=2 wrkr=1 slot=1 size=10 src=client:2 dst=worker:1
event=resp_rdma_read ts_ns=238223143 id=567 start_ns=235759056 dur_ns=2464087 clt=2 wrkr=7 slot=1 size=921608 src=worker:7 dst=client:2
event=req_send ts_ns=238223143 id=573 clt=2 wrkr=11 slot=1 size=17 src=client:2 dst=worker:11
event=resp_recv_ud ts_ns=238263776 id=573 clt=2 wrkr=11 slot=1 size=41 src=worker:11 dst=client:2
event=hand_send ts_ns=238272423 id=573 clt=2 wrkr=11 slot=1 size=10 src=client:2 dst=worker:11
event=resp_rdma_read ts_ns=239692043 id=570 start_ns=237203778 dur_ns=2488265 clt=2 wrkr=1 slot=1 size=921608 src=worker:1 dst=client:2
event=req_send ts_ns=239692043 id=576 clt=2 wrkr=2 slot=1 size=17 src=client:2 dst=worker:2
event=resp_recv_ud ts_ns=239733641 id=576 clt=2 wrkr=2 slot=1 size=41 src=worker:2 dst=client:2
event=hand_send ts_ns=239742288 id=576 clt=2 wrkr=2 slot=1 size=10 src=client:2 dst=worker:2
event=resp_rdma_read ts_ns=240733944 id=573 start_ns=238272423 dur_ns=2461521 clt=2 wrkr=11 slot=1 size=921608 src=worker:11 dst=client:2
event=req_send ts_ns=240733944 id=579 clt=2 wrkr=0 slot=0 size=17 src=client:2 dst=worker:0
event=resp_recv_ud ts_ns=240774541 id=579 clt=2 wrkr=0 slot=0 size=41 src=worker:0 dst=client:2
event=hand_send ts_ns=240783188 id=579 clt=2 wrkr=0 slot=0 size=10 src=client:2 dst=worker:0
event=resp_rdma_read ts_ns=242230819 id=576 start_ns=239742288 dur_ns=2488531 clt=2 wrkr=2 slot=1 size=921608 src=worker:2 dst=client:2
event=req_send ts_ns=242230819 id=582 clt=2 wrkr=6 slot=1 size=17 src=client:2 dst=worker:6
event=resp_recv_ud ts_ns=242272434 id=582 clt=2 wrkr=6 slot=1 size=41 src=worker:6 dst=client:2
event=hand_send ts_ns=242281081 id=582 clt=2 wrkr=6 slot=1 size=10 src=client:2 dst=worker:6
event=resp_rdma_read ts_ns=243244090 id=579 start_ns=240783188 dur_ns=2460902 clt=2 wrkr=0 slot=0 size=921608 src=worker:0 dst=client:2
event=req_send ts_ns=243244090 id=585 clt=2 wrkr=8 slot=1 size=17 src=client:2 dst=worker:8
event=resp_recv_ud ts_ns=243284638 id=585 clt=2 wrkr=8 slot=1 size=41 src=worker:8 dst=client:2
event=hand_send ts_ns=243293285 id=585 clt=2 wrkr=8 slot=1 size=10 src=client:2 dst=worker:8
event=resp_rdma_read ts_ns=244771942 id=582 start_ns=242281081 dur_ns=2490861 clt=2 wrkr=6 slot=1 size=921608 src=worker:6 dst=client:2
event=req_send ts_ns=244771942 id=588 clt=2 wrkr=7 slot=0 size=17 src=client:2 dst=worker:7
event=resp_recv_ud ts_ns=244813568 id=588 clt=2 wrkr=7 slot=0 size=41 src=worker:7 dst=client:2
event=hand_send ts_ns=244822215 id=588 clt=2 wrkr=7 slot=0 size=10 src=client:2 dst=worker:7
event=resp_rdma_read ts_ns=245752304 id=585 start_ns=243293285 dur_ns=2459019 clt=2 wrkr=8 slot=1 size=921608 src=worker:8 dst=client:2
event=req_send ts_ns=245752304 id=591 clt=2 wrkr=1 slot=0 size=17 src=client:2 dst=worker:1
event=resp_recv_ud ts_ns=245792799 id=591 clt=2 wrkr=1 slot=0 size=41 src=worker:1 dst=client:2
event=hand_send ts_ns=245801446 id=591 clt=2 wrkr=1 slot=0 size=10 src=client:2 dst=worker:1
event=resp_rdma_read ts_ns=247312282 id=588 start_ns=244822215 dur_ns=2490067 clt=2 wrkr=7 slot=0 size=921608 src=worker:7 dst=client:2
event=req_send ts_ns=247312282 id=594 clt=2 wrkr=10 slot=0 size=17 src=client:2 dst=worker:10
event=resp_recv_ud ts_ns=247353929 id=594 clt=2 wrkr=10 slot=0 size=41 src=worker:10 dst=client:2
event=hand_send ts_ns=247362576 id=594 clt=2 wrkr=10 slot=0 size=10 src=client:2 dst=worker:10
event=resp_rdma_read ts_ns=248259571 id=591 start_ns=245801446 dur_ns=2458125 clt=2 wrkr=1 slot=0 size=921608 src=worker:1 dst=client:2
event=req_send ts_ns=248259571 id=597 clt=2 wrkr=4 slot=1 size=17 src=client:2 dst=worker:4
event=resp_recv_ud ts_ns=248300014 id=597 clt=2 wrkr=4 slot=1 size=41 src=worker:4 dst=client:2
event=hand_send ts_ns=248308661 id=597 clt=2 wrkr=4 slot=1 size=10 src=client:2 dst=worker:4
event=resp_rdma_read ts_ns=249855905 id=594 start_ns=247362576 dur_ns=2493329 clt=2 wrkr=10 slot=0 size=921608 src=worker:10 dst=client:2
event=req_send ts_ns=249855905 id=600 clt=2 wrkr=3 slot=1 size=17 src=client:2 dst=worker:3
event=resp_recv_ud ts_ns=249897555 id=600 clt=2 wrkr=3 slot=1 size=41 src=worker:3 dst=client:2
event=hand_send ts_ns=249906202 id=600 clt=2 wrkr=3 slot=1 size=10 src=client:2 dst=worker:3
event=resp_rdma_read ts_ns=250765949 id=597 start_ns=248308661 dur_ns=2457288 clt=2 wrkr=4 slot=1 size=921608 src=worker:4 dst=client:2
event=req_send ts_ns=250765949 id=603 clt=2 wrkr=1 slot=1 size=17 src=client:2 dst=worker:1
event=resp_recv_ud ts_ns=250806343 id=603 clt=2 wrkr=1 slot=1 size=41 src=worker:1 dst=client:2
event=hand_send ts_ns=250814990 id=603 clt=2 wrkr=1 slot=1 size=10 src=client:2 dst=worker:1
event=resp_rdma_read ts_ns=252399749 id=600 start_ns=249906202 dur_ns=2493547 clt=2 wrkr=3 slot=1 size=921608 src=worker:3 dst=client:2
event=req_send ts_ns=252399749 id=606 clt=2 wrkr=10 slot=1 size=17 src=client:2 dst=worker:10
event=resp_recv_ud ts_ns=252441406 id=606 clt=2 wrkr=10 slot=1 size=41 src=worker:10 dst=client:2
event=hand_send ts_ns=252450053 id=606 clt=2 wrkr=10 slot=1 size=10 src=client:2 dst=worker:10
event=resp_rdma_read ts_ns=253271264 id=603 start_ns=250814990 dur_ns=2456274 clt=2 wrkr=1 slot=1 size=921608 src=worker:1 dst=client:2
event=req_send ts_ns=253271264 id=609 clt=2 wrkr=5 slot=0 size=17 src=client:2 dst=worker:5
event=resp_recv_ud ts_ns=253311615 id=609 clt=2 wrkr=5 slot=0 size=41 src=worker:5 dst=client:2
event=hand_send ts_ns=253320262 id=609 clt=2 wrkr=5 slot=0 size=10 src=client:2 dst=worker:5
event=resp_rdma_read ts_ns=254943800 id=606 start_ns=252450053 dur_ns=2493747 clt=2 wrkr=10 slot=1 size=921608 src=worker:10 dst=client:2
event=req_send ts_ns=254943800 id=612 clt=2 wrkr=6 slot=0 size=17 src=client:2 dst=worker:6
event=resp_recv_ud ts_ns=254985470 id=612 clt=2 wrkr=6 slot=0 size=41 src=worker:6 dst=client:2
event=hand_send ts_ns=254994117 id=612 clt=2 wrkr=6 slot=0 size=10 src=client:2 dst=worker:6
event=resp_rdma_read ts_ns=255774372 id=609 start_ns=253320262 dur_ns=2454110 clt=2 wrkr=5 slot=0 size=921608 src=worker:5 dst=client:2
event=req_send ts_ns=255774372 id=615 clt=2 wrkr=5 slot=1 size=17 src=client:2 dst=worker:5
event=resp_recv_ud ts_ns=255814677 id=615 clt=2 wrkr=5 slot=1 size=41 src=worker:5 dst=client:2
event=hand_send ts_ns=255823324 id=615 clt=2 wrkr=5 slot=1 size=10 src=client:2 dst=worker:5
event=resp_rdma_read ts_ns=257489060 id=612 start_ns=254994117 dur_ns=2494943 clt=2 wrkr=6 slot=0 size=921608 src=worker:6 dst=client:2
event=req_send ts_ns=257489060 id=618 clt=2 wrkr=10 slot=0 size=17 src=client:2 dst=worker:10
event=resp_recv_ud ts_ns=257530726 id=618 clt=2 wrkr=10 slot=0 size=41 src=worker:10 dst=client:2
event=hand_send ts_ns=257539373 id=618 clt=2 wrkr=10 slot=0 size=10 src=client:2 dst=worker:10
event=resp_rdma_read ts_ns=258277200 id=615 start_ns=255823324 dur_ns=2453876 clt=2 wrkr=5 slot=1 size=921608 src=worker:5 dst=client:2
event=req_send ts_ns=258277200 id=621 clt=2 wrkr=1 slot=0 size=17 src=client:2 dst=worker:1
event=resp_recv_ud ts_ns=258317481 id=621 clt=2 wrkr=1 slot=0 size=41 src=worker:1 dst=client:2
event=hand_send ts_ns=258326128 id=621 clt=2 wrkr=1 slot=0 size=10 src=client:2 dst=worker:1
event=resp_rdma_read ts_ns=260035559 id=618 start_ns=257539373 dur_ns=2496186 clt=2 wrkr=10 slot=0 size=921608 src=worker:10 dst=client:2
event=req_send ts_ns=260035559 id=624 clt=2 wrkr=5 slot=0 size=17 src=client:2 dst=worker:5
event=resp_recv_ud ts_ns=260077227 id=624 clt=2 wrkr=5 slot=0 size=41 src=worker:5 dst=client:2
event=hand_send ts_ns=260085874 id=624 clt=2 wrkr=5 slot=0 size=10 src=client:2 dst=worker:5
event=resp_rdma_read ts_ns=260778154 id=621 start_ns=258326128 dur_ns=2452026 clt=2 wrkr=1 slot=0 size=921608 src=worker:1 dst=client:2
event=req_send ts_ns=260778154 id=627 clt=2 wrkr=9 slot=1 size=17 src=client:2 dst=worker:9
event=resp_recv_ud ts_ns=260818433 id=627 clt=2 wrkr=9 slot=1 size=41 src=worker:9 dst=client:2
event=hand_send ts_ns=260827080 id=627 clt=2 wrkr=9 slot=1 size=10 src=client:2 dst=worker:9
event=resp_rdma_read ts_ns=262582158 id=624 start_ns=260085874 dur_ns=2496284 clt=2 wrkr=5 slot=0 size=921608 src=worker:5 dst=client:2
event=req_send ts_ns=262582158 id=630 clt=2 wrkr=7 slot=1 size=17 src=client:2 dst=worker:7
event=resp_recv_ud ts_ns=262623836 id=630 clt=2 wrkr=7 slot=1 size=41 src=worker:7 dst=client:2
event=hand_send ts_ns=262632483 id=630 clt=2 wrkr=7 slot=1 size=10 src=client:2 dst=worker:7
event=resp_rdma_read ts_ns=263278552 id=627 start_ns=260827080 dur_ns=2451472 clt=2 wrkr=9 slot=1 size=921608 src=worker:9 dst=client:2
event=req_send ts_ns=263278552 id=633 clt=2 wrkr=1 slot=1 size=17 src=client:2 dst=worker:1
event=resp_recv_ud ts_ns=263318821 id=633 clt=2 wrkr=1 slot=1 size=41 src=worker:1 dst=client:2
event=hand_send ts_ns=263327468 id=633 clt=2 wrkr=1 slot=1 size=10 src=client:2 dst=worker:1
event=resp_rdma_read ts_ns=265129797 id=630 start_ns=262632483 dur_ns=2497314 clt=2 wrkr=7 slot=1 size=921608 src=worker:7 dst=client:2
event=req_send ts_ns=265129797 id=636 clt=2 wrkr=11 slot=0 size=17 src=client:2 dst=worker:11
event=resp_recv_ud ts_ns=265171478 id=636 clt=2 wrkr=11 slot=0 size=41 src=worker:11 dst=client:2
event=hand_send ts_ns=265180125 id=636 clt=2 wrkr=11 slot=0 size=10 src=client:2 dst=worker:11
event=resp_rdma_read ts_ns=265780793 id=633 start_ns=263327468 dur_ns=2453325 clt=2 wrkr=1 slot=1 size=921608 src=worker:1 dst=client:2
event=req_send ts_ns=265780793 id=639 clt=2 wrkr=1 slot=0 size=17 src=client:2 dst=worker:1
event=resp_recv_ud ts_ns=265821077 id=639 clt=2 wrkr=1 slot=0 size=41 src=worker:1 dst=client:2
event=hand_send ts_ns=265829724 id=639 clt=2 wrkr=1 slot=0 size=10 src=client:2 dst=worker:1
event=resp_rdma_read ts_ns=267678277 id=636 start_ns=265180125 dur_ns=2498152 clt=2 wrkr=11 slot=0 size=921608 src=worker:11 dst=client:2
event=req_send ts_ns=267678277 id=642 clt=2 wrkr=10 slot=1 size=17 src=client:2 dst=worker:10
event=resp_recv_ud ts_ns=267719961 id=642 clt=2 wrkr=10 slot=1 size=41 src=worker:10 dst=client:2
event=hand_send ts_ns=267728608 id=642 clt=2 wrkr=10 slot=1 size=10 src=client:2 dst=worker:10
event=resp_rdma_read ts_ns=268286362 id=639 start_ns=265829724 dur_ns=2456638 clt=2 wrkr=1 slot=0 size=921608 src=worker:1 dst=client:2
event=req_send ts_ns=268286362 id=645 clt=2 wrkr=6 slot=1 size=17 src=client:2 dst=worker:6
event=resp_recv_ud ts_ns=268326666 id=645 clt=2 wrkr=6 slot=1 size=41 src=worker:6 dst=client:2
event=hand_send ts_ns=268335313 id=645 clt=2 wrkr=6 slot=1 size=10 src=client:2 dst=worker:6
event=resp_rdma_read ts_ns=270226414 id=642 start_ns=267728608 dur_ns=2497806 clt=2 wrkr=10 slot=1 size=921608 src=worker:10 dst=client:2
event=resp_rdma_read ts_ns=270793959 id=645 start_ns=268335313 dur_ns=2458646 clt=2 wrkr=6 slot=1 size=921608 src=worker:6 dst=client:2
