event=req_send ts_ns=1 id=2 clt=2 wrkr=9 slot=0 size=17 src=client:2 dst=worker:9
event=req_send ts_ns=2501 id=5 clt=2 wrkr=1 slot=0 size=17 src=client:2 dst=worker:1
event=req_send ts_ns=5001 id=8 clt=2 wrkr=1 slot=1 size=17 src=client:2 dst=worker:1
event=req_send ts_ns=7501 id=11 clt=2 wrkr=10 slot=0 size=17 src=client:2 dst=worker:10
event=req_send ts_ns=10001 id=14 clt=2 wrkr=4 slot=0 size=17 src=client:2 dst=worker:4
event=req_send ts_ns=12501 id=17 clt=2 wrkr=2 slot=0 size=17 src=client:2 dst=worker:2
event=req_send ts_ns=15001 id=20 clt=2 wrkr=11 slot=0 size=17 src=client:2 dst=worker:11
event=req_send ts_ns=17501 id=23 clt=2 wrkr=6 slot=0 size=17 src=client:2 dst=worker:6
event=req_send ts_ns=20001 id=26 clt=2 wrkr=5 slot=0 size=17 src=client:2 dst=worker:5
event=req_send ts_ns=22501 id=29 clt=2 wrkr=10 slot=1 size=17 src=client:2 dst=worker:10
event=req_send ts_ns=25001 id=32 clt=2 wrkr=3 slot=0 size=17 src=client:2 dst=worker:3
event=req_send ts_ns=27501 id=35 clt=2 wrkr=1 slot=2 size=17 src=client:2 dst=worker:1
event=req_send ts_ns=30001 id=38 clt=2 wrkr=4 slot=1 size=17 src=client:2 dst=worker:4
event=req_send ts_ns=32501 id=41 clt=2 wrkr=8 slot=0 size=17 src=client:2 dst=worker:8
event=req_send ts_ns=35001 id=44 clt=2 wrkr=0 slot=0 size=17 src=client:2 dst=worker:0
event=req_send ts_ns=37501 id=47 clt=2 wrkr=6 slot=1 size=17 src=client:2 dst=worker:6
event=resp_recv_ud ts_ns=53984 id=5 clt=2 wrkr=1 slot=0 size=41 src=worker:1 dst=client:2
event=resp_recv_ud ts_ns=54159 id=8 clt=2 wrkr=1 slot=1 size=41 src=worker:1 dst=client:2
event=resp_recv_ud ts_ns=54772 id=2 clt=2 wrkr=9 slot=0 size=41 src=worker:9 dst=client:2
event=resp_recv_ud ts_ns=57385 id=11 clt=2 wrkr=10 slot=0 size=41 src=worker:10 dst=client:2
event=resp_recv_ud ts_ns=60415 id=14 clt=2 wrkr=4 slot=0 size=41 src=worker:4 dst=client:2
event=hand_send ts_ns=62631 id=5 clt=2 wrkr=1 slot=0 size=10 src=client:2 dst=worker:1
event=resp_recv_ud ts_ns=62697 id=17 clt=2 wrkr=2 slot=0 size=41 src=worker:2 dst=client:2
event=hand_send ts_ns=62806 id=8 clt=2 wrkr=1 slot=1 size=10 src=client:2 dst=worker:1
event=hand_send ts_ns=63419 id=2 clt=2 wrkr=9 slot=0 size=10 src=client:2 dst=worker:9
event=resp_recv_ud ts_ns=63448 id=20 clt=2 wrkr=11 slot=0 size=41 src=worker:11 dst=client:2
event=resp_recv_ud ts_ns=64684 id=23 clt=2 wrkr=6 slot=0 size=41 src=worker:6 dst=client:2
event=hand_send ts_ns=66032 id=11 clt=2 wrkr=10 slot=0 size=10 src=client:2 dst=worker:10
event=resp_recv_ud ts_ns=66078 id=26 clt=2 wrkr=5 slot=0 size=41 src=worker:5 dst=client:2
event=resp_recv_ud ts_ns=67398 id=29 clt=2 wrkr=10 slot=1 size=41 src=worker:10 dst=client:2
event=hand_send ts_ns=69062 id=14 clt=2 wrkr=4 slot=0 size=10 src=client:2 dst=worker:4
event=resp_recv_ud ts_ns=69283 id=32 clt=2 wrkr=3 slot=0 size=41 src=worker:3 dst=client:2
event=resp_recv_ud ts_ns=69906 id=35 clt=2 wrkr=1 slot=2 size=41 src=worker:1 dst=client:2
event=resp_recv_ud ts_ns=71197 id=38 clt=2 wrkr=4 slot=1 size=41 src=worker:4 dst=client:2
event=hand_send ts_ns=71344 id=17 clt=2 wrkr=2 slot=0 size=10 src=client:2 dst=worker:2
event=hand_send ts_ns=72095 id=20 clt=2 wrkr=11 slot=0 size=10 src=client:2 dst=worker:11
event=resp_recv_ud ts_ns=72918 id=41 clt=2 wrkr=8 slot=0 size=41 src=worker:8 dst=client:2
event=hand_send ts_ns=73331 id=23 clt=2 wrkr=6 slot=0 size=10 src=client:2 dst=worker:6
event=hand_send ts_ns=74725 id=26 clt=2 wrkr=5 slot=0 size=10 src=client:2 dst=worker:5
event=resp_recv_ud ts_ns=75732 id=44 clt=2 wrkr=0 slot=0 size=41 src=worker:0 dst=client:2
event=hand_send ts_ns=76045 id=29 clt=2 wrkr=10 slot=1 size=10 src=client:2 dst=worker:10
event=resp_recv_ud ts_ns=77675 id=47 clt=2 wrkr=6 slot=1 size=41 src=worker:6 dst=client:2
event=hand_send ts_ns=77930 id=32 clt=2 wrkr=3 slot=0 size=10 src=client:2 dst=worker:3
event=hand_send ts_ns=78553 id=35 clt=2 wrkr=1 slot=2 size=10 src=client:2 dst=worker:1
event=hand_send ts_ns=79844 id=38 clt=2 wrkr=4 slot=1 size=10 src=client:2 dst=worker:4
event=hand_send ts_ns=81565 id=41 clt=2 wrkr=8 slot=0 size=10 src=client:2 dst=worker:8
event=hand_send ts_ns=84379 id=44 clt=2 wrkr=0 slot=0 size=10 src=client:2 dst=worker:0
event=hand_send ts_ns=86322 id=47 clt=2 wrkr=6 slot=1 size=10 src=client:2 dst=worker:6
event=resp_rdma_read ts_ns=1653769 id=8 start_ns=62806 dur_ns=1590963 clt=2 wrkr=1 slot=1 size=512008 src=worker:1 dst=client:2
event=req_send ts_ns=1653769 id=50 clt=2 wrkr=8 slot=1 size=17 src=client:2 dst=worker:8
event=resp_rdma_read ts_ns=1661435 id=5 start_ns=62631 dur_ns=1598804 clt=2 wrkr=1 slot=0 size=512008 src=worker:1 dst=client:2
event=req_send ts_ns=1661435 id=51 clt=2 wrkr=11 slot=1 size=17 src=client:2 dst=worker:11
event=resp_rdma_read ts_ns=1690698 id=2 start_ns=63419 dur_ns=1627279 clt=2 wrkr=9 slot=0 size=512008 src=worker:9 dst=client:2
event=req_send ts_ns=1690698 id=52 clt=2 wrkr=4 slot=2 size=17 src=client:2 dst=worker:4
event=resp_recv_ud ts_ns=1722606 id=50 clt=2 wrkr=8 slot=1 size=41 src=worker:8 dst=client:2
event=resp_recv_ud ts_ns=1730870 id=51 clt=2 wrkr=11 slot=1 size=41 src=worker:11 dst=client:2
event=hand_send ts_ns=1731253 id=50 clt=2 wrkr=8 slot=1 size=10 src=client:2 dst=worker:8
event=hand_send ts_ns=1739517 id=51 clt=2 wrkr=11 slot=1 size=10 src=client:2 dst=worker:11
event=resp_rdma_read ts_ns=1745294 id=11 start_ns=66032 dur_ns=1679262 clt=2 wrkr=10 slot=0 size=512008 src=worker:10 dst=client:2
event=req_send ts_ns=1745294 id=55 clt=2 wrkr=10 slot=2 size=17 src=client:2 dst=worker:10
event=resp_recv_ud ts_ns=1759985 id=52 clt=2 wrkr=4 slot=2 size=41 src=worker:4 dst=client:2
event=hand_send ts_ns=1768632 id=52 clt=2 wrkr=4 slot=2 size=10 src=client:2 dst=worker:4
event=resp_rdma_read ts_ns=1784932 id=14 start_ns=69062 dur_ns=1715870 clt=2 wrkr=4 slot=0 size=512008 src=worker:4 dst=client:2
event=req_send ts_ns=1784932 id=58 clt=2 wrkr=6 slot=2 size=17 src=client:2 dst=worker:6
event=resp_recv_ud ts_ns=1816322 id=55 clt=2 wrkr=10 slot=2 size=41 src=worker:10 dst=client:2
event=resp_rdma_read ts_ns=1824505 id=17 start_ns=71344 dur_ns=1753161 clt=2 wrkr=2 slot=0 size=512008 src=worker:2 dst=client:2
event=req_send ts_ns=1824505 id=59 clt=2 wrkr=3 slot=1 size=17 src=client:2 dst=worker:3
event=hand_send ts_ns=1824969 id=55 clt=2 wrkr=10 slot=2 size=10 src=client:2 dst=worker:10
event=resp_rdma_read ts_ns=1832630 id=20 start_ns=72095 dur_ns=1760535 clt=2 wrkr=11 slot=0 size=512008 src=worker:11 dst=client:2
event=req_send ts_ns=1832630 id=60 clt=2 wrkr=0 slot=1 size=17 src=client:2 dst=worker:0
event=resp_recv_ud ts_ns=1856744 id=58 clt=2 wrkr=6 slot=2 size=41 src=worker:6 dst=client:2
event=hand_send ts_ns=1865391 id=58 clt=2 wrkr=6 slot=2 size=10 src=client:2 dst=worker:6
event=resp_recv_ud ts_ns=1896006 id=59 clt=2 wrkr=3 slot=1 size=41 src=worker:3 dst=client:2
event=resp_rdma_read ts_ns=1897598 id=23 start_ns=73331 dur_ns=1824267 clt=2 wrkr=6 slot=0 size=512008 src=worker:6 dst=client:2
event=req_send ts_ns=1897598 id=64 clt=2 wrkr=11 slot=2 size=17 src=client:2 dst=worker:11
event=resp_recv_ud ts_ns=1904012 id=60 clt=2 wrkr=0 slot=1 size=41 src=worker:0 dst=client:2
event=hand_send ts_ns=1904653 id=59 clt=2 wrkr=3 slot=1 size=10 src=client:2 dst=worker:3
event=hand_send ts_ns=1912659 id=60 clt=2 wrkr=0 slot=1 size=10 src=client:2 dst=worker:0
event=resp_rdma_read ts_ns=1929644 id=26 start_ns=74725 dur_ns=1854919 clt=2 wrkr=5 slot=0 size=512008 src=worker:5 dst=client:2
event=req_send ts_ns=1929644 id=66 clt=2 wrkr=8 slot=2 size=17 src=client:2 dst=worker:8
event=resp_recv_ud ts_ns=1968368 id=64 clt=2 wrkr=11 slot=2 size=41 src=worker:11 dst=client:2
event=hand_send ts_ns=1977015 id=64 clt=2 wrkr=11 slot=2 size=10 src=client:2 dst=worker:11
event=resp_recv_ud ts_ns=2001310 id=66 clt=2 wrkr=8 slot=2 size=41 src=worker:8 dst=client:2
event=resp_rdma_read ts_ns=2008176 id=29 start_ns=76045 dur_ns=1932131 clt=2 wrkr=10 slot=1 size=512008 src=worker:10 dst=client:2
event=req_send ts_ns=2008176 id=70 clt=2 wrkr=7 slot=0 size=17 src=client:2 dst=worker:7
event=hand_send ts_ns=2009957 id=66 clt=2 wrkr=8 slot=2 size=10 src=client:2 dst=worker:8
event=resp_recv_ud ts_ns=2079259 id=70 clt=2 wrkr=7 slot=0 size=41 src=worker:7 dst=client:2
event=hand_send ts_ns=2087906 id=70 clt=2 wrkr=7 slot=0 size=10 src=client:2 dst=worker:7
event=resp_rdma_read ts_ns=2089841 id=32 start_ns=77930 dur_ns=2011911 clt=2 wrkr=3 slot=0 size=512008 src=worker:3 dst=client:2
event=req_send ts_ns=2089841 id=73 clt=2 wrkr=6 slot=3 size=17 src=client:2 dst=worker:6
event=resp_recv_ud ts_ns=2161095 id=73 clt=2 wrkr=6 slot=3 size=41 src=worker:6 dst=client:2
event=hand_send ts_ns=2169742 id=73 clt=2 wrkr=6 slot=3 size=10 src=client:2 dst=worker:6
event=resp_rdma_read ts_ns=2192018 id=35 start_ns=78553 dur_ns=2113465 clt=2 wrkr=1 slot=2 size=512008 src=worker:1 dst=client:2
event=req_send ts_ns=2192018 id=76 clt=2 wrkr=6 slot=4 size=17 src=client:2 dst=worker:6
event=resp_rdma_read ts_ns=2231569 id=38 start_ns=79844 dur_ns=2151725 clt=2 wrkr=4 slot=1 size=512008 src=worker:4 dst=client:2
event=req_send ts_ns=2231569 id=77 clt=2 wrkr=2 slot=1 size=17 src=client:2 dst=worker:2
event=resp_recv_ud ts_ns=2263674 id=76 clt=2 wrkr=6 slot=4 size=41 src=worker:6 dst=client:2
event=hand_send ts_ns=2272321 id=76 clt=2 wrkr=6 slot=4 size=10 src=client:2 dst=worker:6
event=resp_recv_ud ts_ns=2302364 id=77 clt=2 wrkr=2 slot=1 size=41 src=worker:2 dst=client:2
event=hand_send ts_ns=2311011 id=77 clt=2 wrkr=2 slot=1 size=10 src=client:2 dst=worker:2
event=resp_rdma_read ts_ns=2357323 id=41 start_ns=81565 dur_ns=2275758 clt=2 wrkr=8 slot=0 size=512008 src=worker:8 dst=client:2
event=req_send ts_ns=2357323 id=80 clt=2 wrkr=1 slot=3 size=17 src=client:2 dst=worker:1
event=resp_recv_ud ts_ns=2427221 id=80 clt=2 wrkr=1 slot=3 size=41 src=worker:1 dst=client:2
event=hand_send ts_ns=2435868 id=80 clt=2 wrkr=1 slot=3 size=10 src=client:2 dst=worker:1
event=resp_rdma_read ts_ns=2540538 id=44 start_ns=84379 dur_ns=2456159 clt=2 wrkr=0 slot=0 size=512008 src=worker:0 dst=client:2
event=req_send ts_ns=2540538 id=83 clt=2 wrkr=4 slot=3 size=17 src=client:2 dst=worker:4
event=resp_recv_ud ts_ns=2596690 id=83 clt=2 wrkr=4 slot=3 size=41 src=worker:4 dst=client:2
event=hand_send ts_ns=2605337 id=83 clt=2 wrkr=4 slot=3 size=10 src=client:2 dst=worker:4
event=resp_rdma_read ts_ns=2744987 id=47 start_ns=86322 dur_ns=2658665 clt=2 wrkr=6 slot=1 size=512008 src=worker:6 dst=client:2
event=req_send ts_ns=2744987 id=86 clt=2 wrkr=8 slot=3 size=17 src=client:2 dst=worker:8
event=resp_recv_ud ts_ns=2793550 id=86 clt=2 wrkr=8 slot=3 size=41 src=worker:8 dst=client:2
event=hand_send ts_ns=2802197 id=86 clt=2 wrkr=8 slot=3 size=10 src=client:2 dst=worker:8
event=resp_rdma_read ts_ns=4035549 id=50 start_ns=1731253 dur_ns=2304296 clt=2 wrkr=8 slot=1 size=512008 src=worker:8 dst=client:2
event=req_send ts_ns=4035549 id=97 clt=2 wrkr=5 slot=1 size=17 src=client:2 dst=worker:5
event=resp_recv_ud ts_ns=4085943 id=97 clt=2 wrkr=5 slot=1 size=41 src=worker:5 dst=client:2
event=hand_send ts_ns=4094590 id=97 clt=2 wrkr=5 slot=1 size=10 src=client:2 dst=worker:5
event=resp_rdma_read ts_ns=4131627 id=52 start_ns=1768632 dur_ns=2362995 clt=2 wrkr=4 slot=2 size=512008 src=worker:4 dst=client:2
event=req_send ts_ns=4131627 id=100 clt=2 wrkr=8 slot=4 size=17 src=client:2 dst=worker:8
event=resp_recv_ud ts_ns=4186026 id=100 clt=2 wrkr=8 slot=4 size=41 src=worker:8 dst=client:2
event=hand_send ts_ns=4194673 id=100 clt=2 wrkr=8 slot=4 size=10 src=client:2 dst=worker:8
event=resp_rdma_read ts_ns=4262881 id=66 start_ns=2009957 dur_ns=2252924 clt=2 wrkr=8 slot=2 size=512008 src=worker:8 dst=client:2
event=req_send ts_ns=4262881 id=104 clt=2 wrkr=4 slot=4 size=17 src=client:2 dst=worker:4
event=resp_recv_ud ts_ns=4322434 id=104 clt=2 wrkr=4 slot=4 size=41 src=worker:4 dst=client:2
event=hand_send ts_ns=4331081 id=104 clt=2 wrkr=4 slot=4 size=10 src=client:2 dst=worker:4
event=resp_rdma_read ts_ns=4526265 id=83 start_ns=2605337 dur_ns=1920928 clt=2 wrkr=4 slot=3 size=512008 src=worker:4 dst=client:2
event=req_send ts_ns=4526265 id=107 clt=2 wrkr=2 slot=2 size=17 src=client:2 dst=worker:2
event=resp_rdma_read ts_ns=4540256 id=86 start_ns=2802197 dur_ns=1738059 clt=2 wrkr=8 slot=3 size=512008 src=worker:8 dst=client:2
event=req_send ts_ns=4540256 id=109 clt=2 wrkr=3 slot=2 size=17 src=client:2 dst=worker:3
event=resp_recv_ud ts_ns=4586150 id=107 clt=2 wrkr=2 slot=2 size=41 src=worker:2 dst=client:2
event=hand_send ts_ns=4594797 id=107 clt=2 wrkr=2 slot=2 size=10 src=client:2 dst=worker:2
event=resp_recv_ud ts_ns=4600367 id=109 clt=2 wrkr=3 slot=2 size=41 src=worker:3 dst=client:2
event=hand_send ts_ns=4609014 id=109 clt=2 wrkr=3 slot=2 size=10 src=client:2 dst=worker:3
event=resp_rdma_read ts_ns=4620861 id=55 start_ns=1824969 dur_ns=2795892 clt=2 wrkr=10 slot=2 size=512008 src=worker:10 dst=client:2
event=req_send ts_ns=4620861 id=114 clt=2 wrkr=10 slot=3 size=17 src=client:2 dst=worker:10
event=resp_rdma_read ts_ns=4653827 id=59 start_ns=1904653 dur_ns=2749174 clt=2 wrkr=3 slot=1 size=512008 src=worker:3 dst=client:2
event=req_send ts_ns=4653827 id=116 clt=2 wrkr=2 slot=3 size=17 src=client:2 dst=worker:2
event=resp_recv_ud ts_ns=4681915 id=114 clt=2 wrkr=10 slot=3 size=41 src=worker:10 dst=client:2
event=resp_rdma_read ts_ns=4683763 id=58 start_ns=1865391 dur_ns=2818372 clt=2 wrkr=6 slot=2 size=512008 src=worker:6 dst=client:2
event=req_send ts_ns=4683763 id=117 clt=2 wrkr=1 slot=4 size=17 src=client:2 dst=worker:1
event=hand_send ts_ns=4690562 id=114 clt=2 wrkr=10 slot=3 size=10 src=client:2 dst=worker:10
event=resp_recv_ud ts_ns=4716492 id=116 clt=2 wrkr=2 slot=3 size=41 src=worker:2 dst=client:2
event=resp_rdma_read ts_ns=4719384 id=51 start_ns=1739517 dur_ns=2979867 clt=2 wrkr=11 slot=1 size=512008 src=worker:11 dst=client:2
event=req_send ts_ns=4719384 id=121 clt=2 wrkr=9 slot=1 size=17 src=client:2 dst=worker:9
event=resp_rdma_read ts_ns=4720076 id=80 start_ns=2435868 dur_ns=2284208 clt=2 wrkr=1 slot=3 size=512008 src=worker:1 dst=client:2
event=req_send ts_ns=4720076 id=122 clt=2 wrkr=8 slot=5 size=17 src=client:2 dst=worker:8
event=hand_send ts_ns=4725139 id=116 clt=2 wrkr=2 slot=3 size=10 src=client:2 dst=worker:2
event=resp_recv_ud ts_ns=4746722 id=117 clt=2 wrkr=1 slot=4 size=41 src=worker:1 dst=client:2
event=resp_rdma_read ts_ns=4747712 id=60 start_ns=1912659 dur_ns=2835053 clt=2 wrkr=0 slot=1 size=512008 src=worker:0 dst=client:2
event=req_send ts_ns=4747712 id=124 clt=2 wrkr=4 slot=5 size=17 src=client:2 dst=worker:4
event=hand_send ts_ns=4755369 id=117 clt=2 wrkr=1 slot=4 size=10 src=client:2 dst=worker:1
event=resp_recv_ud ts_ns=4782953 id=121 clt=2 wrkr=9 slot=1 size=41 src=worker:9 dst=client:2
event=resp_recv_ud ts_ns=4784186 id=122 clt=2 wrkr=8 slot=5 size=41 src=worker:8 dst=client:2
event=hand_send ts_ns=4791600 id=121 clt=2 wrkr=9 slot=1 size=10 src=client:2 dst=worker:9
event=hand_send ts_ns=4792833 id=122 clt=2 wrkr=8 slot=5 size=10 src=client:2 dst=worker:8
event=resp_recv_ud ts_ns=4811751 id=124 clt=2 wrkr=4 slot=5 size=41 src=worker:4 dst=client:2
event=hand_send ts_ns=4820398 id=124 clt=2 wrkr=4 slot=5 size=10 src=client:2 dst=worker:4
event=resp_rdma_read ts_ns=4866497 id=73 start_ns=2169742 dur_ns=2696755 clt=2 wrkr=6 slot=3 size=512008 src=worker:6 dst=client:2
event=req_send ts_ns=4866497 id=133 clt=2 wrkr=4 slot=6 size=17 src=client:2 dst=worker:4
event=resp_rdma_read ts_ns=4909405 id=64 start_ns=1977015 dur_ns=2932390 clt=2 wrkr=11 slot=2 size=512008 src=worker:11 dst=client:2
event=req_send ts_ns=4909405 id=135 clt=2 wrkr=11 slot=3 size=17 src=client:2 dst=worker:11
event=resp_rdma_read ts_ns=4910191 id=70 start_ns=2087906 dur_ns=2822285 clt=2 wrkr=7 slot=0 size=512008 src=worker:7 dst=client:2
event=req_send ts_ns=4910191 id=136 clt=2 wrkr=2 slot=4 size=17 src=client:2 dst=worker:2
event=resp_recv_ud ts_ns=4932757 id=133 clt=2 wrkr=4 slot=6 size=41 src=worker:4 dst=client:2
event=hand_send ts_ns=4941404 id=133 clt=2 wrkr=4 slot=6 size=10 src=client:2 dst=worker:4
event=resp_recv_ud ts_ns=4978719 id=135 clt=2 wrkr=11 slot=3 size=41 src=worker:11 dst=client:2
event=resp_recv_ud ts_ns=4979374 id=136 clt=2 wrkr=2 slot=4 size=41 src=worker:2 dst=client:2
event=hand_send ts_ns=4987366 id=135 clt=2 wrkr=11 slot=3 size=10 src=client:2 dst=worker:11
event=hand_send ts_ns=4988021 id=136 clt=2 wrkr=2 slot=4 size=10 src=client:2 dst=worker:2
event=resp_rdma_read ts_ns=4992177 id=77 start_ns=2311011 dur_ns=2681166 clt=2 wrkr=2 slot=1 size=512008 src=worker:2 dst=client:2
event=req_send ts_ns=4992177 id=141 clt=2 wrkr=1 slot=5 size=17 src=client:2 dst=worker:1
event=resp_rdma_read ts_ns=5022887 id=76 start_ns=2272321 dur_ns=2750566 clt=2 wrkr=6 slot=4 size=512008 src=worker:6 dst=client:2
event=req_send ts_ns=5022887 id=143 clt=2 wrkr=7 slot=1 size=17 src=client:2 dst=worker:7
event=resp_recv_ud ts_ns=5063698 id=141 clt=2 wrkr=1 slot=5 size=41 src=worker:1 dst=client:2
event=hand_send ts_ns=5072345 id=141 clt=2 wrkr=1 slot=5 size=10 src=client:2 dst=worker:1
event=resp_recv_ud ts_ns=5095286 id=143 clt=2 wrkr=7 slot=1 size=41 src=worker:7 dst=client:2
event=hand_send ts_ns=5103933 id=143 clt=2 wrkr=7 slot=1 size=10 src=client:2 dst=worker:7
event=resp_rdma_read ts_ns=5617972 id=100 start_ns=4194673 dur_ns=1423299 clt=2 wrkr=8 slot=4 size=512008 src=worker:8 dst=client:2
event=req_send ts_ns=5617972 id=144 clt=2 wrkr=9 slot=2 size=17 src=client:2 dst=worker:9
event=resp_recv_ud ts_ns=5661219 id=144 clt=2 wrkr=9 slot=2 size=41 src=worker:9 dst=client:2
event=hand_send ts_ns=5669866 id=144 clt=2 wrkr=9 slot=2 size=10 src=client:2 dst=worker:9
event=resp_rdma_read ts_ns=5760424 id=97 start_ns=4094590 dur_ns=1665834 clt=2 wrkr=5 slot=1 size=512008 src=worker:5 dst=client:2
event=req_send ts_ns=5760424 id=146 clt=2 wrkr=10 slot=4 size=17 src=client:2 dst=worker:10
event=resp_recv_ud ts_ns=5810753 id=146 clt=2 wrkr=10 slot=4 size=41 src=worker:10 dst=client:2
event=hand_send ts_ns=5819400 id=146 clt=2 wrkr=10 slot=4 size=10 src=client:2 dst=worker:10
event=resp_rdma_read ts_ns=5940564 id=104 start_ns=4331081 dur_ns=1609483 clt=2 wrkr=4 slot=4 size=512008 src=worker:4 dst=client:2
event=req_send ts_ns=5940564 id=150 clt=2 wrkr=7 slot=2 size=17 src=client:2 dst=worker:7
event=resp_recv_ud ts_ns=5994969 id=150 clt=2 wrkr=7 slot=2 size=41 src=worker:7 dst=client:2
event=hand_send ts_ns=6003616 id=150 clt=2 wrkr=7 slot=2 size=10 src=client:2 dst=worker:7
event=resp_rdma_read ts_ns=6175383 id=114 start_ns=4690562 dur_ns=1484821 clt=2 wrkr=10 slot=3 size=512008 src=worker:10 dst=client:2
event=req_send ts_ns=6175383 id=154 clt=2 wrkr=4 slot=7 size=17 src=client:2 dst=worker:4
event=resp_recv_ud ts_ns=6226963 id=154 clt=2 wrkr=4 slot=7 size=41 src=worker:4 dst=client:2
event=hand_send ts_ns=6235610 id=154 clt=2 wrkr=4 slot=7 size=10 src=client:2 dst=worker:4
event=resp_rdma_read ts_ns=6445437 id=107 start_ns=4594797 dur_ns=1850640 clt=2 wrkr=2 slot=2 size=512008 src=worker:2 dst=client:2
event=req_send ts_ns=6445437 id=159 clt=2 wrkr=0 slot=2 size=17 src=client:2 dst=worker:0
event=resp_rdma_read ts_ns=6466926 id=109 start_ns=4609014 dur_ns=1857912 clt=2 wrkr=3 slot=2 size=512008 src=worker:3 dst=client:2
event=req_send ts_ns=6466926 id=160 clt=2 wrkr=11 slot=4 size=17 src=client:2 dst=worker:11
event=resp_recv_ud ts_ns=6503291 id=159 clt=2 wrkr=0 slot=2 size=41 src=worker:0 dst=client:2
event=hand_send ts_ns=6511938 id=159 clt=2 wrkr=0 slot=2 size=10 src=client:2 dst=worker:0
event=resp_recv_ud ts_ns=6524093 id=160 clt=2 wrkr=11 slot=4 size=41 src=worker:11 dst=client:2
event=hand_send ts_ns=6532740 id=160 clt=2 wrkr=11 slot=4 size=10 src=client:2 dst=worker:11
event=resp_rdma_read ts_ns=6846875 id=116 start_ns=4725139 dur_ns=2121736 clt=2 wrkr=2 slot=3 size=512008 src=worker:2 dst=client:2
event=req_send ts_ns=6846875 id=166 clt=2 wrkr=0 slot=3 size=17 src=client:2 dst=worker:0
event=resp_rdma_read ts_ns=6864468 id=117 start_ns=4755369 dur_ns=2109099 clt=2 wrkr=1 slot=4 size=512008 src=worker:1 dst=client:2
event=req_send ts_ns=6864468 id=167 clt=2 wrkr=11 slot=5 size=17 src=client:2 dst=worker:11
event=resp_recv_ud ts_ns=6908763 id=166 clt=2 wrkr=0 slot=3 size=41 src=worker:0 dst=client:2
event=hand_send ts_ns=6917410 id=166 clt=2 wrkr=0 slot=3 size=10 src=client:2 dst=worker:0
event=resp_recv_ud ts_ns=6925522 id=167 clt=2 wrkr=11 slot=5 size=41 src=worker:11 dst=client:2
event=hand_send ts_ns=6934169 id=167 clt=2 wrkr=11 slot=5 size=10 src=client:2 dst=worker:11
event=resp_rdma_read ts_ns=7016507 id=121 start_ns=4791600 dur_ns=2224907 clt=2 wrkr=9 slot=1 size=512008 src=worker:9 dst=client:2
event=req_send ts_ns=7016507 id=169 clt=2 wrkr=7 slot=3 size=17 src=client:2 dst=worker:7
event=resp_rdma_read ts_ns=7026880 id=122 start_ns=4792833 dur_ns=2234047 clt=2 wrkr=8 slot=5 size=512008 src=worker:8 dst=client:2
event=req_send ts_ns=7026880 id=170 clt=2 wrkr=5 slot=2 size=17 src=client:2 dst=worker:5
event=resp_rdma_read ts_ns=7040268 id=133 start_ns=4941404 dur_ns=2098864 clt=2 wrkr=4 slot=6 size=512008 src=worker:4 dst=client:2
event=req_send ts_ns=7040268 id=171 clt=2 wrkr=0 slot=4 size=17 src=client:2 dst=worker:0
event=resp_recv_ud ts_ns=7069544 id=169 clt=2 wrkr=7 slot=3 size=41 src=worker:7 dst=client:2
event=hand_send ts_ns=7078191 id=169 clt=2 wrkr=7 slot=3 size=10 src=client:2 dst=worker:7
event=resp_recv_ud ts_ns=7084869 id=170 clt=2 wrkr=5 slot=2 size=41 src=worker:5 dst=client:2
event=hand_send ts_ns=7093516 id=170 clt=2 wrkr=5 slot=2 size=10 src=client:2 dst=worker:5
event=resp_recv_ud ts_ns=7100462 id=171 clt=2 wrkr=0 slot=4 size=41 src=worker:0 dst=client:2
event=hand_send ts_ns=7109109 id=171 clt=2 wrkr=0 slot=4 size=10 src=client:2 dst=worker:0
event=resp_rdma_read ts_ns=7110862 id=146 start_ns=5819400 dur_ns=1291462 clt=2 wrkr=10 slot=4 size=512008 src=worker:10 dst=client:2
event=req_send ts_ns=7110862 id=174 clt=2 wrkr=11 slot=6 size=17 src=client:2 dst=worker:11
event=resp_recv_ud ts_ns=7171930 id=174 clt=2 wrkr=11 slot=6 size=41 src=worker:11 dst=client:2
event=hand_send ts_ns=7180577 id=174 clt=2 wrkr=11 slot=6 size=10 src=client:2 dst=worker:11
event=resp_rdma_read ts_ns=7199111 id=124 start_ns=4820398 dur_ns=2378713 clt=2 wrkr=4 slot=5 size=512008 src=worker:4 dst=client:2
event=req_send ts_ns=7199111 id=178 clt=2 wrkr=2 slot=5 size=17 src=client:2 dst=worker:2
event=resp_rdma_read ts_ns=7213490 id=143 start_ns=5103933 dur_ns=2109557 clt=2 wrkr=7 slot=1 size=512008 src=worker:7 dst=client:2
event=req_send ts_ns=7213490 id=179 clt=2 wrkr=7 slot=4 size=17 src=client:2 dst=worker:7
event=resp_recv_ud ts_ns=7261928 id=178 clt=2 wrkr=2 slot=5 size=41 src=worker:2 dst=client:2
event=hand_send ts_ns=7270575 id=178 clt=2 wrkr=2 slot=5 size=10 src=client:2 dst=worker:2
event=resp_recv_ud ts_ns=7276184 id=179 clt=2 wrkr=7 slot=4 size=41 src=worker:7 dst=client:2
event=hand_send ts_ns=7284831 id=179 clt=2 wrkr=7 slot=4 size=10 src=client:2 dst=worker:7
event=resp_rdma_read ts_ns=7661008 id=150 start_ns=6003616 dur_ns=1657392 clt=2 wrkr=7 slot=2 size=512008 src=worker:7 dst=client:2
event=req_send ts_ns=7661008 id=190 clt=2 wrkr=0 slot=5 size=17 src=client:2 dst=worker:0
event=resp_rdma_read ts_ns=7666881 id=144 start_ns=5669866 dur_ns=1997015 clt=2 wrkr=9 slot=2 size=512008 src=worker:9 dst=client:2
event=req_send ts_ns=7666881 id=191 clt=2 wrkr=10 slot=5 size=17 src=client:2 dst=worker:10
event=resp_recv_ud ts_ns=7729723 id=190 clt=2 wrkr=0 slot=5 size=41 src=worker:0 dst=client:2
event=resp_recv_ud ts_ns=7735627 id=191 clt=2 wrkr=10 slot=5 size=41 src=worker:10 dst=client:2
event=resp_rdma_read ts_ns=7737544 id=141 start_ns=5072345 dur_ns=2665199 clt=2 wrkr=1 slot=5 size=512008 src=worker:1 dst=client:2
event=req_send ts_ns=7737544 id=196 clt=2 wrkr=1 slot=6 size=17 src=client:2 dst=worker:1
event=hand_send ts_ns=7738370 id=190 clt=2 wrkr=0 slot=5 size=10 src=client:2 dst=worker:0
event=hand_send ts_ns=7744274 id=191 clt=2 wrkr=10 slot=5 size=10 src=client:2 dst=worker:10
event=resp_recv_ud ts_ns=7807736 id=196 clt=2 wrkr=1 slot=6 size=41 src=worker:1 dst=client:2
event=hand_send ts_ns=7816383 id=196 clt=2 wrkr=1 slot=6 size=10 src=client:2 dst=worker:1
event=resp_rdma_read ts_ns=7894462 id=135 start_ns=4987366 dur_ns=2907096 clt=2 wrkr=11 slot=3 size=512008 src=worker:11 dst=client:2
event=req_send ts_ns=7894462 id=198 clt=2 wrkr=0 slot=6 size=17 src=client:2 dst=worker:0
event=resp_rdma_read ts_ns=7901153 id=154 start_ns=6235610 dur_ns=1665543 clt=2 wrkr=4 slot=7 size=512008 src=worker:4 dst=client:2
event=req_send ts_ns=7901153 id=199 clt=2 wrkr=5 slot=3 size=17 src=client:2 dst=worker:5
event=resp_recv_ud ts_ns=7950117 id=198 clt=2 wrkr=0 slot=6 size=41 src=worker:0 dst=client:2
event=hand_send ts_ns=7958764 id=198 clt=2 wrkr=0 slot=6 size=10 src=client:2 dst=worker:0
event=resp_recv_ud ts_ns=7969748 id=199 clt=2 wrkr=5 slot=3 size=41 src=worker:5 dst=client:2
event=resp_rdma_read ts_ns=7973804 id=136 start_ns=4988021 dur_ns=2985783 clt=2 wrkr=2 slot=4 size=512008 src=worker:2 dst=client:2
event=req_send ts_ns=7973804 id=200 clt=2 wrkr=3 slot=3 size=17 src=client:2 dst=worker:3
event=hand_send ts_ns=7978395 id=199 clt=2 wrkr=5 slot=3 size=10 src=client:2 dst=worker:5
event=resp_recv_ud ts_ns=8041922 id=200 clt=2 wrkr=3 slot=3 size=41 src=worker:3 dst=client:2
event=hand_send ts_ns=8050569 id=200 clt=2 wrkr=3 slot=3 size=10 src=client:2 dst=worker:3
event=resp_rdma_read ts_ns=8309763 id=159 start_ns=6511938 dur_ns=1797825 clt=2 wrkr=0 slot=2 size=512008 src=worker:0 dst=client:2
event=req_send ts_ns=8309763 id=209 clt=2 wrkr=4 slot=8 size=17 src=client:2 dst=worker:4
event=resp_recv_ud ts_ns=8366926 id=209 clt=2 wrkr=4 slot=8 size=41 src=worker:4 dst=client:2
event=hand_send ts_ns=8375573 id=209 clt=2 wrkr=4 slot=8 size=10 src=client:2 dst=worker:4
event=resp_rdma_read ts_ns=8375751 id=160 start_ns=6532740 dur_ns=1843011 clt=2 wrkr=11 slot=4 size=512008 src=worker:11 dst=client:2
event=req_send ts_ns=8375751 id=211 clt=2 wrkr=9 slot=3 size=17 src=client:2 dst=worker:9
event=resp_rdma_read ts_ns=8399413 id=167 start_ns=6934169 dur_ns=1465244 clt=2 wrkr=11 slot=5 size=512008 src=worker:11 dst=client:2
event=req_send ts_ns=8399413 id=213 clt=2 wrkr=9 slot=4 size=17 src=client:2 dst=worker:9
event=resp_recv_ud ts_ns=8435795 id=211 clt=2 wrkr=9 slot=3 size=41 src=worker:9 dst=client:2
event=hand_send ts_ns=8444442 id=211 clt=2 wrkr=9 slot=3 size=10 src=client:2 dst=worker:9
event=resp_recv_ud ts_ns=8460369 id=213 clt=2 wrkr=9 slot=4 size=41 src=worker:9 dst=client:2
event=hand_send ts_ns=8469016 id=213 clt=2 wrkr=9 slot=4 size=10 src=client:2 dst=worker:9
event=resp_rdma_read ts_ns=8644598 id=166 start_ns=6917410 dur_ns=1727188 clt=2 wrkr=0 slot=3 size=512008 src=worker:0 dst=client:2
event=req_send ts_ns=8644598 id=214 clt=2 wrkr=6 slot=5 size=17 src=client:2 dst=worker:6
event=resp_recv_ud ts_ns=8682750 id=214 clt=2 wrkr=6 slot=5 size=41 src=worker:6 dst=client:2
event=hand_send ts_ns=8691397 id=214 clt=2 wrkr=6 slot=5 size=10 src=client:2 dst=worker:6
event=resp_rdma_read ts_ns=8754425 id=169 start_ns=7078191 dur_ns=1676234 clt=2 wrkr=7 slot=3 size=512008 src=worker:7 dst=client:2
event=req_send ts_ns=8754425 id=217 clt=2 wrkr=6 slot=6 size=17 src=client:2 dst=worker:6
event=resp_recv_ud ts_ns=8817294 id=217 clt=2 wrkr=6 slot=6 size=41 src=worker:6 dst=client:2
event=hand_send ts_ns=8825941 id=217 clt=2 wrkr=6 slot=6 size=10 src=client:2 dst=worker:6
event=resp_rdma_read ts_ns=8950429 id=170 start_ns=7093516 dur_ns=1856913 clt=2 wrkr=5 slot=2 size=512008 src=worker:5 dst=client:2
event=req_send ts_ns=8950429 id=218 clt=2 wrkr=6 slot=7 size=17 src=client:2 dst=worker:6
event=resp_recv_ud ts_ns=8989388 id=218 clt=2 wrkr=6 slot=7 size=41 src=worker:6 dst=client:2
event=hand_send ts_ns=8998035 id=218 clt=2 wrkr=6 slot=7 size=10 src=client:2 dst=worker:6
event=resp_rdma_read ts_ns=9028874 id=171 start_ns=7109109 dur_ns=1919765 clt=2 wrkr=0 slot=4 size=512008 src=worker:0 dst=client:2
event=req_send ts_ns=9028874 id=219 clt=2 wrkr=0 slot=7 size=17 src=client:2 dst=worker:0
event=resp_recv_ud ts_ns=9076731 id=219 clt=2 wrkr=0 slot=7 size=41 src=worker:0 dst=client:2
event=hand_send ts_ns=9085378 id=219 clt=2 wrkr=0 slot=7 size=10 src=client:2 dst=worker:0
event=resp_rdma_read ts_ns=9094785 id=179 start_ns=7284831 dur_ns=1809954 clt=2 wrkr=7 slot=4 size=512008 src=worker:7 dst=client:2
event=req_send ts_ns=9094785 id=221 clt=2 wrkr=7 slot=5 size=17 src=client:2 dst=worker:7
event=resp_rdma_read ts_ns=9119558 id=174 start_ns=7180577 dur_ns=1938981 clt=2 wrkr=11 slot=6 size=512008 src=worker:11 dst=client:2
event=req_send ts_ns=9119558 id=223 clt=2 wrkr=2 slot=6 size=17 src=client:2 dst=worker:2
event=resp_recv_ud ts_ns=9154815 id=221 clt=2 wrkr=7 slot=5 size=41 src=worker:7 dst=client:2
event=hand_send ts_ns=9163462 id=221 clt=2 wrkr=7 slot=5 size=10 src=client:2 dst=worker:7
event=resp_recv_ud ts_ns=9179738 id=223 clt=2 wrkr=2 slot=6 size=41 src=worker:2 dst=client:2
event=hand_send ts_ns=9188385 id=223 clt=2 wrkr=2 slot=6 size=10 src=client:2 dst=worker:2
event=resp_rdma_read ts_ns=9383142 id=178 start_ns=7270575 dur_ns=2112567 clt=2 wrkr=2 slot=5 size=512008 src=worker:2 dst=client:2
event=req_send ts_ns=9383142 id=230 clt=2 wrkr=10 slot=6 size=17 src=client:2 dst=worker:10
event=resp_recv_ud ts_ns=9436407 id=230 clt=2 wrkr=10 slot=6 size=41 src=worker:10 dst=client:2
event=hand_send ts_ns=9445054 id=230 clt=2 wrkr=10 slot=6 size=10 src=client:2 dst=worker:10
event=resp_rdma_read ts_ns=9604068 id=199 start_ns=7978395 dur_ns=1625673 clt=2 wrkr=5 slot=3 size=512008 src=worker:5 dst=client:2
event=req_send ts_ns=9604068 id=234 clt=2 wrkr=6 slot=8 size=17 src=client:2 dst=worker:6
event=resp_recv_ud ts_ns=9650942 id=234 clt=2 wrkr=6 slot=8 size=41 src=worker:6 dst=client:2
event=hand_send ts_ns=9659589 id=234 clt=2 wrkr=6 slot=8 size=10 src=client:2 dst=worker:6
event=resp_rdma_read ts_ns=10094506 id=198 start_ns=7958764 dur_ns=2135742 clt=2 wrkr=0 slot=6 size=512008 src=worker:0 dst=client:2
event=req_send ts_ns=10094506 id=247 clt=2 wrkr=0 slot=8 size=17 src=client:2 dst=worker:0
event=resp_rdma_read ts_ns=10094978 id=200 start_ns=8050569 dur_ns=2044409 clt=2 wrkr=3 slot=3 size=512008 src=worker:3 dst=client:2
event=req_send ts_ns=10094978 id=248 clt=2 wrkr=0 slot=9 size=17 src=client:2 dst=worker:0
event=resp_rdma_read ts_ns=10101902 id=217 start_ns=8825941 dur_ns=1275961 clt=2 wrkr=6 slot=6 size=512008 src=worker:6 dst=client:2
event=req_send ts_ns=10101902 id=249 clt=2 wrkr=8 slot=6 size=17 src=client:2 dst=worker:8
event=resp_recv_ud ts_ns=10152026 id=247 clt=2 wrkr=0 slot=8 size=41 src=worker:0 dst=client:2
event=resp_recv_ud ts_ns=10152489 id=248 clt=2 wrkr=0 slot=9 size=41 src=worker:0 dst=client:2
event=resp_recv_ud ts_ns=10159227 id=249 clt=2 wrkr=8 slot=6 size=41 src=worker:8 dst=client:2
event=hand_send ts_ns=10160673 id=247 clt=2 wrkr=0 slot=8 size=10 src=client:2 dst=worker:0
event=hand_send ts_ns=10161136 id=248 clt=2 wrkr=0 slot=9 size=10 src=client:2 dst=worker:0
event=hand_send ts_ns=10167874 id=249 clt=2 wrkr=8 slot=6 size=10 src=client:2 dst=worker:8
event=resp_rdma_read ts_ns=10188477 id=196 start_ns=7816383 dur_ns=2372094 clt=2 wrkr=1 slot=6 size=512008 src=worker:1 dst=client:2
event=req_send ts_ns=10188477 id=251 clt=2 wrkr=8 slot=7 size=17 src=client:2 dst=worker:8
event=resp_rdma_read ts_ns=10220831 id=209 start_ns=8375573 dur_ns=1845258 clt=2 wrkr=4 slot=8 size=512008 src=worker:4 dst=client:2
event=req_send ts_ns=10220831 id=252 clt=2 wrkr=0 slot=10 size=17 src=client:2 dst=worker:0
event=resp_rdma_read ts_ns=10242732 id=213 start_ns=8469016 dur_ns=1773716 clt=2 wrkr=9 slot=4 size=512008 src=worker:9 dst=client:2
event=req_send ts_ns=10242732 id=254 clt=2 wrkr=8 slot=8 size=17 src=client:2 dst=worker:8
event=resp_recv_ud ts_ns=10249032 id=251 clt=2 wrkr=8 slot=7 size=41 src=worker:8 dst=client:2
event=hand_send ts_ns=10257679 id=251 clt=2 wrkr=8 slot=7 size=10 src=client:2 dst=worker:8
event=resp_recv_ud ts_ns=10282237 id=252 clt=2 wrkr=0 slot=10 size=41 src=worker:0 dst=client:2
event=hand_send ts_ns=10290884 id=252 clt=2 wrkr=0 slot=10 size=10 src=client:2 dst=worker:0
event=resp_recv_ud ts_ns=10304700 id=254 clt=2 wrkr=8 slot=8 size=41 src=worker:8 dst=client:2
event=hand_send ts_ns=10313347 id=254 clt=2 wrkr=8 slot=8 size=10 src=client:2 dst=worker:8
event=resp_rdma_read ts_ns=10343449 id=211 start_ns=8444442 dur_ns=1899007 clt=2 wrkr=9 slot=3 size=512008 src=worker:9 dst=client:2
event=req_send ts_ns=10343449 id=257 clt=2 wrkr=11 slot=7 size=17 src=client:2 dst=worker:11
event=resp_rdma_read ts_ns=10389911 id=190 start_ns=7738370 dur_ns=2651541 clt=2 wrkr=0 slot=5 size=512008 src=worker:0 dst=client:2
event=req_send ts_ns=10389911 id=260 clt=2 wrkr=10 slot=7 size=17 src=client:2 dst=worker:10
event=resp_recv_ud ts_ns=10406308 id=257 clt=2 wrkr=11 slot=7 size=41 src=worker:11 dst=client:2
event=hand_send ts_ns=10414955 id=257 clt=2 wrkr=11 slot=7 size=10 src=client:2 dst=worker:11
event=resp_recv_ud ts_ns=10454399 id=260 clt=2 wrkr=10 slot=7 size=41 src=worker:10 dst=client:2
event=hand_send ts_ns=10463046 id=260 clt=2 wrkr=10 slot=7 size=10 src=client:2 dst=worker:10
event=resp_rdma_read ts_ns=10496598 id=191 start_ns=7744274 dur_ns=2752324 clt=2 wrkr=10 slot=5 size=512008 src=worker:10 dst=client:2
event=req_send ts_ns=10496598 id=262 clt=2 wrkr=7 slot=6 size=17 src=client:2 dst=worker:7
event=resp_recv_ud ts_ns=10562622 id=262 clt=2 wrkr=7 slot=6 size=41 src=worker:7 dst=client:2
event=resp_rdma_read ts_ns=10567174 id=218 start_ns=8998035 dur_ns=1569139 clt=2 wrkr=6 slot=7 size=512008 src=worker:6 dst=client:2
event=req_send ts_ns=10567174 id=264 clt=2 wrkr=3 slot=4 size=17 src=client:2 dst=worker:3
event=hand_send ts_ns=10571269 id=262 clt=2 wrkr=7 slot=6 size=10 src=client:2 dst=worker:7
event=resp_rdma_read ts_ns=10588174 id=214 start_ns=8691397 dur_ns=1896777 clt=2 wrkr=6 slot=5 size=512008 src=worker:6 dst=client:2
event=req_send ts_ns=10588174 id=265 clt=2 wrkr=4 slot=9 size=17 src=client:2 dst=worker:4
event=resp_recv_ud ts_ns=10634205 id=264 clt=2 wrkr=3 slot=4 size=41 src=worker:3 dst=client:2
event=resp_rdma_read ts_ns=10637550 id=223 start_ns=9188385 dur_ns=1449165 clt=2 wrkr=2 slot=6 size=512008 src=worker:2 dst=client:2
event=req_send ts_ns=10637550 id=267 clt=2 wrkr=1 slot=7 size=17 src=client:2 dst=worker:1
event=hand_send ts_ns=10642852 id=264 clt=2 wrkr=3 slot=4 size=10 src=client:2 dst=worker:3
event=resp_recv_ud ts_ns=10654046 id=265 clt=2 wrkr=4 slot=9 size=41 src=worker:4 dst=client:2
event=hand_send ts_ns=10662693 id=265 clt=2 wrkr=4 slot=9 size=10 src=client:2 dst=worker:4
event=resp_recv_ud ts_ns=10705637 id=267 clt=2 wrkr=1 slot=7 size=41 src=worker:1 dst=client:2
event=hand_send ts_ns=10714284 id=267 clt=2 wrkr=1 slot=7 size=10 src=client:2 dst=worker:1
event=resp_rdma_read ts_ns=10842005 id=221 start_ns=9163462 dur_ns=1678543 clt=2 wrkr=7 slot=5 size=512008 src=worker:7 dst=client:2
event=req_send ts_ns=10842005 id=271 clt=2 wrkr=2 slot=7 size=17 src=client:2 dst=worker:2
event=resp_rdma_read ts_ns=10853407 id=219 start_ns=9085378 dur_ns=1768029 clt=2 wrkr=0 slot=7 size=512008 src=worker:0 dst=client:2
event=req_send ts_ns=10853407 id=272 clt=2 wrkr=0 slot=11 size=17 src=client:2 dst=worker:0
event=resp_recv_ud ts_ns=10910423 id=271 clt=2 wrkr=2 slot=7 size=41 src=worker:2 dst=client:2
event=hand_send ts_ns=10919070 id=271 clt=2 wrkr=2 slot=7 size=10 src=client:2 dst=worker:2
event=resp_recv_ud ts_ns=10921509 id=272 clt=2 wrkr=0 slot=11 size=41 src=worker:0 dst=client:2
event=hand_send ts_ns=10930156 id=272 clt=2 wrkr=0 slot=11 size=10 src=client:2 dst=worker:0
event=resp_rdma_read ts_ns=10955901 id=234 start_ns=9659589 dur_ns=1296312 clt=2 wrkr=6 slot=8 size=512008 src=worker:6 dst=client:2
event=req_send ts_ns=10955901 id=273 clt=2 wrkr=2 slot=8 size=17 src=client:2 dst=worker:2
event=resp_recv_ud ts_ns=11019097 id=273 clt=2 wrkr=2 slot=8 size=41 src=worker:2 dst=client:2
event=hand_send ts_ns=11027744 id=273 clt=2 wrkr=2 slot=8 size=10 src=client:2 dst=worker:2
event=resp_rdma_read ts_ns=11175293 id=230 start_ns=9445054 dur_ns=1730239 clt=2 wrkr=10 slot=6 size=512008 src=worker:10 dst=client:2
event=req_send ts_ns=11175293 id=280 clt=2 wrkr=8 slot=9 size=17 src=client:2 dst=worker:8
event=resp_recv_ud ts_ns=11245136 id=280 clt=2 wrkr=8 slot=9 size=41 src=worker:8 dst=client:2
event=hand_send ts_ns=11253783 id=280 clt=2 wrkr=8 slot=9 size=10 src=client:2 dst=worker:8
event=resp_rdma_read ts_ns=11937817 id=247 start_ns=10160673 dur_ns=1777144 clt=2 wrkr=0 slot=8 size=512008 src=worker:0 dst=client:2
event=req_send ts_ns=11937817 id=295 clt=2 wrkr=1 slot=8 size=17 src=client:2 dst=worker:1
event=resp_rdma_read ts_ns=11967700 id=248 start_ns=10161136 dur_ns=1806564 clt=2 wrkr=0 slot=9 size=512008 src=worker:0 dst=client:2
event=req_send ts_ns=11967700 id=299 clt=2 wrkr=2 slot=9 size=17 src=client:2 dst=worker:2
event=resp_recv_ud ts_ns=11996193 id=295 clt=2 wrkr=1 slot=8 size=41 src=worker:1 dst=client:2
event=resp_rdma_read ts_ns=12003813 id=249 start_ns=10167874 dur_ns=1835939 clt=2 wrkr=8 slot=6 size=512008 src=worker:8 dst=client:2
event=req_send ts_ns=12003813 id=300 clt=2 wrkr=1 slot=9 size=17 src=client:2 dst=worker:1
event=hand_send ts_ns=12004840 id=295 clt=2 wrkr=1 slot=8 size=10 src=client:2 dst=worker:1
event=resp_recv_ud ts_ns=12026562 id=299 clt=2 wrkr=2 slot=9 size=41 src=worker:2 dst=client:2
event=hand_send ts_ns=12035209 id=299 clt=2 wrkr=2 slot=9 size=10 src=client:2 dst=worker:2
event=resp_recv_ud ts_ns=12063413 id=300 clt=2 wrkr=1 slot=9 size=41 src=worker:1 dst=client:2
event=hand_send ts_ns=12072060 id=300 clt=2 wrkr=1 slot=9 size=10 src=client:2 dst=worker:1
event=resp_rdma_read ts_ns=12185239 id=251 start_ns=10257679 dur_ns=1927560 clt=2 wrkr=8 slot=7 size=512008 src=worker:8 dst=client:2
event=req_send ts_ns=12185239 id=301 clt=2 wrkr=1 slot=10 size=17 src=client:2 dst=worker:1
event=resp_rdma_read ts_ns=12201980 id=254 start_ns=10313347 dur_ns=1888633 clt=2 wrkr=8 slot=8 size=512008 src=worker:8 dst=client:2
event=req_send ts_ns=12201980 id=302 clt=2 wrkr=8 slot=10 size=17 src=client:2 dst=worker:8
event=resp_rdma_read ts_ns=12214766 id=252 start_ns=10290884 dur_ns=1923882 clt=2 wrkr=0 slot=10 size=512008 src=worker:0 dst=client:2
event=req_send ts_ns=12214766 id=303 clt=2 wrkr=10 slot=8 size=17 src=client:2 dst=worker:10
event=resp_recv_ud ts_ns=12223073 id=301 clt=2 wrkr=1 slot=10 size=41 src=worker:1 dst=client:2
event=hand_send ts_ns=12231720 id=301 clt=2 wrkr=1 slot=10 size=10 src=client:2 dst=worker:1
event=resp_rdma_read ts_ns=12263336 id=257 start_ns=10414955 dur_ns=1848381 clt=2 wrkr=11 slot=7 size=512008 src=worker:11 dst=client:2
event=req_send ts_ns=12263336 id=304 clt=2 wrkr=3 slot=5 size=17 src=client:2 dst=worker:3
event=resp_recv_ud ts_ns=12264446 id=302 clt=2 wrkr=8 slot=10 size=41 src=worker:8 dst=client:2
event=hand_send ts_ns=12273093 id=302 clt=2 wrkr=8 slot=10 size=10 src=client:2 dst=worker:8
event=resp_recv_ud ts_ns=12275886 id=303 clt=2 wrkr=10 slot=8 size=41 src=worker:10 dst=client:2
event=hand_send ts_ns=12284533 id=303 clt=2 wrkr=10 slot=8 size=10 src=client:2 dst=worker:10
event=resp_recv_ud ts_ns=12324452 id=304 clt=2 wrkr=3 slot=5 size=41 src=worker:3 dst=client:2
event=hand_send ts_ns=12333099 id=304 clt=2 wrkr=3 slot=5 size=10 src=client:2 dst=worker:3
event=resp_rdma_read ts_ns=12542674 id=260 start_ns=10463046 dur_ns=2079628 clt=2 wrkr=10 slot=7 size=512008 src=worker:10 dst=client:2
event=req_send ts_ns=12542674 id=307 clt=2 wrkr=3 slot=6 size=17 src=client:2 dst=worker:3
event=resp_recv_ud ts_ns=12585058 id=307 clt=2 wrkr=3 slot=6 size=41 src=worker:3 dst=client:2
event=hand_send ts_ns=12593705 id=307 clt=2 wrkr=3 slot=6 size=10 src=client:2 dst=worker:3
event=resp_rdma_read ts_ns=12597587 id=262 start_ns=10571269 dur_ns=2026318 clt=2 wrkr=7 slot=6 size=512008 src=worker:7 dst=client:2
event=req_send ts_ns=12597587 id=310 clt=2 wrkr=10 slot=9 size=17 src=client:2 dst=worker:10
event=resp_rdma_read ts_ns=12638230 id=265 start_ns=10662693 dur_ns=1975537 clt=2 wrkr=4 slot=9 size=512008 src=worker:4 dst=client:2
event=req_send ts_ns=12638230 id=311 clt=2 wrkr=4 slot=10 size=17 src=client:2 dst=worker:4
event=resp_recv_ud ts_ns=12660535 id=310 clt=2 wrkr=10 slot=9 size=41 src=worker:10 dst=client:2
event=hand_send ts_ns=12669182 id=310 clt=2 wrkr=10 slot=9 size=10 src=client:2 dst=worker:10
event=resp_recv_ud ts_ns=12700476 id=311 clt=2 wrkr=4 slot=10 size=41 src=worker:4 dst=client:2
event=hand_send ts_ns=12709123 id=311 clt=2 wrkr=4 slot=10 size=10 src=client:2 dst=worker:4
event=resp_rdma_read ts_ns=13027373 id=267 start_ns=10714284 dur_ns=2313089 clt=2 wrkr=1 slot=7 size=512008 src=worker:1 dst=client:2
event=req_send ts_ns=13027373 id=316 clt=2 wrkr=1 slot=11 size=17 src=client:2 dst=worker:1
event=resp_rdma_read ts_ns=13035721 id=264 start_ns=10642852 dur_ns=2392869 clt=2 wrkr=3 slot=4 size=512008 src=worker:3 dst=client:2
event=req_send ts_ns=13035721 id=317 clt=2 wrkr=3 slot=7 size=17 src=client:2 dst=worker:3
event=resp_rdma_read ts_ns=13081716 id=280 start_ns=11253783 dur_ns=1827933 clt=2 wrkr=8 slot=9 size=512008 src=worker:8 dst=client:2
event=req_send ts_ns=13081716 id=318 clt=2 wrkr=6 slot=9 size=17 src=client:2 dst=worker:6
event=resp_recv_ud ts_ns=13084370 id=316 clt=2 wrkr=1 slot=11 size=41 src=worker:1 dst=client:2
event=hand_send ts_ns=13093017 id=316 clt=2 wrkr=1 slot=11 size=10 src=client:2 dst=worker:1
event=resp_recv_ud ts_ns=13094366 id=317 clt=2 wrkr=3 slot=7 size=41 src=worker:3 dst=client:2
event=hand_send ts_ns=13103013 id=317 clt=2 wrkr=3 slot=7 size=10 src=client:2 dst=worker:3
event=resp_rdma_read ts_ns=13113509 id=271 start_ns=10919070 dur_ns=2194439 clt=2 wrkr=2 slot=7 size=512008 src=worker:2 dst=client:2
event=req_send ts_ns=13113509 id=321 clt=2 wrkr=11 slot=8 size=17 src=client:2 dst=worker:11
event=resp_recv_ud ts_ns=13140562 id=318 clt=2 wrkr=6 slot=9 size=41 src=worker:6 dst=client:2
event=hand_send ts_ns=13149209 id=318 clt=2 wrkr=6 slot=9 size=10 src=client:2 dst=worker:6
event=resp_recv_ud ts_ns=13172579 id=321 clt=2 wrkr=11 slot=8 size=41 src=worker:11 dst=client:2
event=hand_send ts_ns=13181226 id=321 clt=2 wrkr=11 slot=8 size=10 src=client:2 dst=worker:11
event=resp_rdma_read ts_ns=13337281 id=300 start_ns=12072060 dur_ns=1265221 clt=2 wrkr=1 slot=9 size=512008 src=worker:1 dst=client:2
event=req_send ts_ns=13337281 id=331 clt=2 wrkr=6 slot=10 size=17 src=client:2 dst=worker:6
event=resp_recv_ud ts_ns=13399646 id=331 clt=2 wrkr=6 slot=10 size=41 src=worker:6 dst=client:2
event=hand_send ts_ns=13408293 id=331 clt=2 wrkr=6 slot=10 size=10 src=client:2 dst=worker:6
event=resp_rdma_read ts_ns=13441171 id=272 start_ns=10930156 dur_ns=2511015 clt=2 wrkr=0 slot=11 size=512008 src=worker:0 dst=client:2
event=req_send ts_ns=13441171 id=333 clt=2 wrkr=7 slot=7 size=17 src=client:2 dst=worker:7
event=resp_rdma_read ts_ns=13458044 id=299 start_ns=12035209 dur_ns=1422835 clt=2 wrkr=2 slot=9 size=512008 src=worker:2 dst=client:2
event=req_send ts_ns=13458044 id=334 clt=2 wrkr=7 slot=8 size=17 src=client:2 dst=worker:7
event=resp_rdma_read ts_ns=13473819 id=273 start_ns=11027744 dur_ns=2446075 clt=2 wrkr=2 slot=8 size=512008 src=worker:2 dst=client:2
event=req_send ts_ns=13473819 id=335 clt=2 wrkr=6 slot=11 size=17 src=client:2 dst=worker:6
event=resp_recv_ud ts_ns=13506007 id=333 clt=2 wrkr=7 slot=7 size=41 src=worker:7 dst=client:2
event=hand_send ts_ns=13514654 id=333 clt=2 wrkr=7 slot=7 size=10 src=client:2 dst=worker:7
event=resp_recv_ud ts_ns=13522226 id=334 clt=2 wrkr=7 slot=8 size=41 src=worker:7 dst=client:2
event=hand_send ts_ns=13530873 id=334 clt=2 wrkr=7 slot=8 size=10 src=client:2 dst=worker:7
event=resp_recv_ud ts_ns=13536173 id=335 clt=2 wrkr=6 slot=11 size=41 src=worker:6 dst=client:2
event=hand_send ts_ns=13544820 id=335 clt=2 wrkr=6 slot=11 size=10 src=client:2 dst=worker:6
event=resp_rdma_read ts_ns=13634076 id=295 start_ns=12004840 dur_ns=1629236 clt=2 wrkr=1 slot=8 size=512008 src=worker:1 dst=client:2
event=req_send ts_ns=13634076 id=339 clt=2 wrkr=8 slot=11 size=17 src=client:2 dst=worker:8
event=resp_recv_ud ts_ns=13681904 id=339 clt=2 wrkr=8 slot=11 size=41 src=worker:8 dst=client:2
event=hand_send ts_ns=13690551 id=339 clt=2 wrkr=8 slot=11 size=10 src=client:2 dst=worker:8
event=resp_rdma_read ts_ns=14012960 id=303 start_ns=12284533 dur_ns=1728427 clt=2 wrkr=10 slot=8 size=512008 src=worker:10 dst=client:2
event=req_send ts_ns=14012960 id=352 clt=2 wrkr=5 slot=4 size=17 src=client:2 dst=worker:5
event=resp_recv_ud ts_ns=14074587 id=352 clt=2 wrkr=5 slot=4 size=41 src=worker:5 dst=client:2
event=resp_rdma_read ts_ns=14077967 id=301 start_ns=12231720 dur_ns=1846247 clt=2 wrkr=1 slot=10 size=512008 src=worker:1 dst=client:2
event=req_send ts_ns=14077967 id=354 clt=2 wrkr=0 slot=12 size=17 src=client:2 dst=worker:0
event=hand_send ts_ns=14083234 id=352 clt=2 wrkr=5 slot=4 size=10 src=client:2 dst=worker:5
event=resp_recv_ud ts_ns=14144804 id=354 clt=2 wrkr=0 slot=12 size=41 src=worker:0 dst=client:2
event=hand_send ts_ns=14153451 id=354 clt=2 wrkr=0 slot=12 size=10 src=client:2 dst=worker:0
event=resp_rdma_read ts_ns=14203771 id=302 start_ns=12273093 dur_ns=1930678 clt=2 wrkr=8 slot=10 size=512008 src=worker:8 dst=client:2
event=req_send ts_ns=14203771 id=355 clt=2 wrkr=11 slot=9 size=17 src=client:2 dst=worker:11
event=resp_rdma_read ts_ns=14248997 id=304 start_ns=12333099 dur_ns=1915898 clt=2 wrkr=3 slot=5 size=512008 src=worker:3 dst=client:2
event=req_send ts_ns=14248997 id=357 clt=2 wrkr=10 slot=10 size=17 src=client:2 dst=worker:10
event=resp_recv_ud ts_ns=14252298 id=355 clt=2 wrkr=11 slot=9 size=41 src=worker:11 dst=client:2
event=hand_send ts_ns=14260945 id=355 clt=2 wrkr=11 slot=9 size=10 src=client:2 dst=worker:11
event=resp_rdma_read ts_ns=14264309 id=311 start_ns=12709123 dur_ns=1555186 clt=2 wrkr=4 slot=10 size=512008 src=worker:4 dst=client:2
event=req_send ts_ns=14264309 id=358 clt=2 wrkr=2 slot=10 size=17 src=client:2 dst=worker:2
event=resp_recv_ud ts_ns=14315192 id=357 clt=2 wrkr=10 slot=10 size=41 src=worker:10 dst=client:2
event=hand_send ts_ns=14323839 id=357 clt=2 wrkr=10 slot=10 size=10 src=client:2 dst=worker:10
event=resp_recv_ud ts_ns=14329433 id=358 clt=2 wrkr=2 slot=10 size=41 src=worker:2 dst=client:2
event=hand_send ts_ns=14338080 id=358 clt=2 wrkr=2 slot=10 size=10 src=client:2 dst=worker:2
event=resp_rdma_read ts_ns=14344080 id=310 start_ns=12669182 dur_ns=1674898 clt=2 wrkr=10 slot=9 size=512008 src=worker:10 dst=client:2
event=req_send ts_ns=14344080 id=360 clt=2 wrkr=11 slot=10 size=17 src=client:2 dst=worker:11
event=resp_rdma_read ts_ns=14368240 id=307 start_ns=12593705 dur_ns=1774535 clt=2 wrkr=3 slot=6 size=512008 src=worker:3 dst=client:2
event=req_send ts_ns=14368240 id=361 clt=2 wrkr=0 slot=13 size=17 src=client:2 dst=worker:0
event=resp_recv_ud ts_ns=14404648 id=360 clt=2 wrkr=11 slot=10 size=41 src=worker:11 dst=client:2
event=hand_send ts_ns=14413295 id=360 clt=2 wrkr=11 slot=10 size=10 src=client:2 dst=worker:11
event=resp_recv_ud ts_ns=14428356 id=361 clt=2 wrkr=0 slot=13 size=41 src=worker:0 dst=client:2
event=hand_send ts_ns=14437003 id=361 clt=2 wrkr=0 slot=13 size=10 src=client:2 dst=worker:0
event=resp_rdma_read ts_ns=14703645 id=317 start_ns=13103013 dur_ns=1600632 clt=2 wrkr=3 slot=7 size=512008 src=worker:3 dst=client:2
event=req_send ts_ns=14703645 id=363 clt=2 wrkr=2 slot=11 size=17 src=client:2 dst=worker:2
event=resp_recv_ud ts_ns=14742396 id=363 clt=2 wrkr=2 slot=11 size=41 src=worker:2 dst=client:2
event=hand_send ts_ns=14751043 id=363 clt=2 wrkr=2 slot=11 size=10 src=client:2 dst=worker:2
event=resp_rdma_read ts_ns=14829830 id=316 start_ns=13093017 dur_ns=1736813 clt=2 wrkr=1 slot=11 size=512008 src=worker:1 dst=client:2
event=req_send ts_ns=14829830 id=366 clt=2 wrkr=1 slot=12 size=17 src=client:2 dst=worker:1
event=resp_rdma_read ts_ns=14867818 id=318 start_ns=13149209 dur_ns=1718609 clt=2 wrkr=6 slot=9 size=512008 src=worker:6 dst=client:2
event=req_send ts_ns=14867818 id=367 clt=2 wrkr=0 slot=14 size=17 src=client:2 dst=worker:0
event=resp_recv_ud ts_ns=14875750 id=366 clt=2 wrkr=1 slot=12 size=41 src=worker:1 dst=client:2
event=hand_send ts_ns=14884397 id=366 clt=2 wrkr=1 slot=12 size=10 src=client:2 dst=worker:1
event=resp_recv_ud ts_ns=14924393 id=367 clt=2 wrkr=0 slot=14 size=41 src=worker:0 dst=client:2
event=hand_send ts_ns=14933040 id=367 clt=2 wrkr=0 slot=14 size=10 src=client:2 dst=worker:0
event=resp_rdma_read ts_ns=14946202 id=321 start_ns=13181226 dur_ns=1764976 clt=2 wrkr=11 slot=8 size=512008 src=worker:11 dst=client:2
event=req_send ts_ns=14946202 id=368 clt=2 wrkr=7 slot=9 size=17 src=client:2 dst=worker:7
event=resp_recv_ud ts_ns=14996733 id=368 clt=2 wrkr=7 slot=9 size=41 src=worker:7 dst=client:2
event=hand_send ts_ns=15005380 id=368 clt=2 wrkr=7 slot=9 size=10 src=client:2 dst=worker:7
event=resp_rdma_read ts_ns=15247826 id=331 start_ns=13408293 dur_ns=1839533 clt=2 wrkr=6 slot=10 size=512008 src=worker:6 dst=client:2
event=req_send ts_ns=15247826 id=375 clt=2 wrkr=5 slot=5 size=17 src=client:2 dst=worker:5
event=resp_recv_ud ts_ns=15309690 id=375 clt=2 wrkr=5 slot=5 size=41 src=worker:5 dst=client:2
event=hand_send ts_ns=15318337 id=375 clt=2 wrkr=5 slot=5 size=10 src=client:2 dst=worker:5
event=resp_rdma_read ts_ns=15368237 id=334 start_ns=13530873 dur_ns=1837364 clt=2 wrkr=7 slot=8 size=512008 src=worker:7 dst=client:2
event=req_send ts_ns=15368237 id=380 clt=2 wrkr=5 slot=6 size=17 src=client:2 dst=worker:5
event=resp_recv_ud ts_ns=15426782 id=380 clt=2 wrkr=5 slot=6 size=41 src=worker:5 dst=client:2
event=hand_send ts_ns=15435429 id=380 clt=2 wrkr=5 slot=6 size=10 src=client:2 dst=worker:5
event=resp_rdma_read ts_ns=15495077 id=333 start_ns=13514654 dur_ns=1980423 clt=2 wrkr=7 slot=7 size=512008 src=worker:7 dst=client:2
event=req_send ts_ns=15495077 id=384 clt=2 wrkr=5 slot=7 size=17 src=client:2 dst=worker:5
event=resp_recv_ud ts_ns=15559873 id=384 clt=2 wrkr=5 slot=7 size=41 src=worker:5 dst=client:2
event=hand_send ts_ns=15568520 id=384 clt=2 wrkr=5 slot=7 size=10 src=client:2 dst=worker:5
event=resp_rdma_read ts_ns=15632407 id=361 start_ns=14437003 dur_ns=1195404 clt=2 wrkr=0 slot=13 size=512008 src=worker:0 dst=client:2
event=req_send ts_ns=15632407 id=385 clt=2 wrkr=4 slot=11 size=17 src=client:2 dst=worker:4
event=resp_recv_ud ts_ns=15678674 id=385 clt=2 wrkr=4 slot=11 size=41 src=worker:4 dst=client:2
event=hand_send ts_ns=15687321 id=385 clt=2 wrkr=4 slot=11 size=10 src=client:2 dst=worker:4
event=resp_rdma_read ts_ns=15687610 id=354 start_ns=14153451 dur_ns=1534159 clt=2 wrkr=0 slot=12 size=512008 src=worker:0 dst=client:2
event=req_send ts_ns=15687610 id=388 clt=2 wrkr=6 slot=12 size=17 src=client:2 dst=worker:6
event=resp_rdma_read ts_ns=15712994 id=335 start_ns=13544820 dur_ns=2168174 clt=2 wrkr=6 slot=11 size=512008 src=worker:6 dst=client:2
event=req_send ts_ns=15712994 id=389 clt=2 wrkr=3 slot=8 size=17 src=client:2 dst=worker:3
event=resp_recv_ud ts_ns=15752062 id=388 clt=2 wrkr=6 slot=12 size=41 src=worker:6 dst=client:2
event=hand_send ts_ns=15760709 id=388 clt=2 wrkr=6 slot=12 size=10 src=client:2 dst=worker:6
event=resp_recv_ud ts_ns=15778190 id=389 clt=2 wrkr=3 slot=8 size=41 src=worker:3 dst=client:2
event=hand_send ts_ns=15786837 id=389 clt=2 wrkr=3 slot=8 size=10 src=client:2 dst=worker:3
event=resp_rdma_read ts_ns=15870559 id=358 start_ns=14338080 dur_ns=1532479 clt=2 wrkr=2 slot=10 size=512008 src=worker:2 dst=client:2
event=req_send ts_ns=15870559 id=391 clt=2 wrkr=0 slot=15 size=17 src=client:2 dst=worker:0
event=resp_rdma_read ts_ns=15886984 id=352 start_ns=14083234 dur_ns=1803750 clt=2 wrkr=5 slot=4 size=512008 src=worker:5 dst=client:2
event=req_send ts_ns=15886984 id=392 clt=2 wrkr=10 slot=11 size=17 src=client:2 dst=worker:10
event=resp_rdma_read ts_ns=15921884 id=339 start_ns=13690551 dur_ns=2231333 clt=2 wrkr=8 slot=11 size=512008 src=worker:8 dst=client:2
event=req_send ts_ns=15921884 id=393 clt=2 wrkr=3 slot=9 size=17 src=client:2 dst=worker:3
event=resp_recv_ud ts_ns=15933308 id=391 clt=2 wrkr=0 slot=15 size=41 src=worker:0 dst=client:2
event=hand_send ts_ns=15941955 id=391 clt=2 wrkr=0 slot=15 size=10 src=client:2 dst=worker:0
event=resp_recv_ud ts_ns=15952717 id=392 clt=2 wrkr=10 slot=11 size=41 src=worker:10 dst=client:2
event=hand_send ts_ns=15961364 id=392 clt=2 wrkr=10 slot=11 size=10 src=client:2 dst=worker:10
event=resp_recv_ud ts_ns=15988975 id=393 clt=2 wrkr=3 slot=9 size=41 src=worker:3 dst=client:2
event=hand_send ts_ns=15997622 id=393 clt=2 wrkr=3 slot=9 size=10 src=client:2 dst=worker:3
event=resp_rdma_read ts_ns=16024645 id=357 start_ns=14323839 dur_ns=1700806 clt=2 wrkr=10 slot=10 size=512008 src=worker:10 dst=client:2
event=req_send ts_ns=16024645 id=396 clt=2 wrkr=0 slot=0 size=17 src=client:2 dst=worker:0
event=resp_recv_ud ts_ns=16092506 id=396 clt=2 wrkr=0 slot=0 size=41 src=worker:0 dst=client:2
event=hand_send ts_ns=16101153 id=396 clt=2 wrkr=0 slot=0 size=10 src=client:2 dst=worker:0
event=resp_rdma_read ts_ns=16133955 id=360 start_ns=14413295 dur_ns=1720660 clt=2 wrkr=11 slot=10 size=512008 src=worker:11 dst=client:2
event=req_send ts_ns=16133955 id=399 clt=2 wrkr=10 slot=12 size=17 src=client:2 dst=worker:10
event=resp_rdma_read ts_ns=16171255 id=355 start_ns=14260945 dur_ns=1910310 clt=2 wrkr=11 slot=9 size=512008 src=worker:11 dst=client:2
event=req_send ts_ns=16171255 id=400 clt=2 wrkr=9 slot=5 size=17 src=client:2 dst=worker:9
event=resp_recv_ud ts_ns=16201941 id=399 clt=2 wrkr=10 slot=12 size=41 src=worker:10 dst=client:2
event=hand_send ts_ns=16210588 id=399 clt=2 wrkr=10 slot=12 size=10 src=client:2 dst=worker:10
event=resp_recv_ud ts_ns=16239320 id=400 clt=2 wrkr=9 slot=5 size=41 src=worker:9 dst=client:2
event=hand_send ts_ns=16247967 id=400 clt=2 wrkr=9 slot=5 size=10 src=client:2 dst=worker:9
event=resp_rdma_read ts_ns=16508845 id=363 start_ns=14751043 dur_ns=1757802 clt=2 wrkr=2 slot=11 size=512008 src=worker:2 dst=client:2
event=req_send ts_ns=16508845 id=407 clt=2 wrkr=3 slot=10 size=17 src=client:2 dst=worker:3
event=resp_recv_ud ts_ns=16574236 id=407 clt=2 wrkr=3 slot=10 size=41 src=worker:3 dst=client:2
event=hand_send ts_ns=16582883 id=407 clt=2 wrkr=3 slot=10 size=10 src=client:2 dst=worker:3
event=resp_rdma_read ts_ns=16654688 id=366 start_ns=14884397 dur_ns=1770291 clt=2 wrkr=1 slot=12 size=512008 src=worker:1 dst=client:2
event=req_send ts_ns=16654688 id=411 clt=2 wrkr=1 slot=13 size=17 src=client:2 dst=worker:1
event=resp_rdma_read ts_ns=16708867 id=368 start_ns=15005380 dur_ns=1703487 clt=2 wrkr=7 slot=9 size=512008 src=worker:7 dst=client:2
event=req_send ts_ns=16708867 id=414 clt=2 wrkr=2 slot=12 size=17 src=client:2 dst=worker:2
event=resp_recv_ud ts_ns=16715598 id=411 clt=2 wrkr=1 slot=13 size=41 src=worker:1 dst=client:2
event=hand_send ts_ns=16724245 id=411 clt=2 wrkr=1 slot=13 size=10 src=client:2 dst=worker:1
event=resp_rdma_read ts_ns=16740867 id=367 start_ns=14933040 dur_ns=1807827 clt=2 wrkr=0 slot=14 size=512008 src=worker:0 dst=client:2
event=req_send ts_ns=16740867 id=415 clt=2 wrkr=6 slot=13 size=17 src=client:2 dst=worker:6
event=resp_recv_ud ts_ns=16767039 id=414 clt=2 wrkr=2 slot=12 size=41 src=worker:2 dst=client:2
event=hand_send ts_ns=16775686 id=414 clt=2 wrkr=2 slot=12 size=10 src=client:2 dst=worker:2
event=resp_recv_ud ts_ns=16799525 id=415 clt=2 wrkr=6 slot=13 size=41 src=worker:6 dst=client:2
event=hand_send ts_ns=16808172 id=415 clt=2 wrkr=6 slot=13 size=10 src=client:2 dst=worker:6
event=resp_rdma_read ts_ns=17199640 id=384 start_ns=15568520 dur_ns=1631120 clt=2 wrkr=5 slot=7 size=512008 src=worker:5 dst=client:2
event=req_send ts_ns=17199640 id=425 clt=2 wrkr=4 slot=12 size=17 src=client:2 dst=worker:4
event=resp_rdma_read ts_ns=17209011 id=389 start_ns=15786837 dur_ns=1422174 clt=2 wrkr=3 slot=8 size=512008 src=worker:3 dst=client:2
event=req_send ts_ns=17209011 id=426 clt=2 wrkr=5 slot=8 size=17 src=client:2 dst=worker:5
event=resp_rdma_read ts_ns=17223974 id=375 start_ns=15318337 dur_ns=1905637 clt=2 wrkr=5 slot=5 size=512008 src=worker:5 dst=client:2
event=req_send ts_ns=17223974 id=427 clt=2 wrkr=11 slot=11 size=17 src=client:2 dst=worker:11
event=resp_recv_ud ts_ns=17260152 id=425 clt=2 wrkr=4 slot=12 size=41 src=worker:4 dst=client:2
event=hand_send ts_ns=17268799 id=425 clt=2 wrkr=4 slot=12 size=10 src=client:2 dst=worker:4
event=resp_recv_ud ts_ns=17272963 id=426 clt=2 wrkr=5 slot=8 size=41 src=worker:5 dst=client:2
event=hand_send ts_ns=17281610 id=426 clt=2 wrkr=5 slot=8 size=10 src=client:2 dst=worker:5
event=resp_recv_ud ts_ns=17285343 id=427 clt=2 wrkr=11 slot=11 size=41 src=worker:11 dst=client:2
event=hand_send ts_ns=17293990 id=427 clt=2 wrkr=11 slot=11 size=10 src=client:2 dst=worker:11
event=resp_rdma_read ts_ns=17398284 id=380 start_ns=15435429 dur_ns=1962855 clt=2 wrkr=5 slot=6 size=512008 src=worker:5 dst=client:2
event=req_send ts_ns=17398284 id=431 clt=2 wrkr=5 slot=9 size=17 src=client:2 dst=worker:5
event=resp_recv_ud ts_ns=17465120 id=431 clt=2 wrkr=5 slot=9 size=41 src=worker:5 dst=client:2
event=hand_send ts_ns=17473767 id=431 clt=2 wrkr=5 slot=9 size=10 src=client:2 dst=worker:5
event=resp_rdma_read ts_ns=17615515 id=392 start_ns=15961364 dur_ns=1654151 clt=2 wrkr=10 slot=11 size=512008 src=worker:10 dst=client:2
event=req_send ts_ns=17615515 id=434 clt=2 wrkr=8 slot=12 size=17 src=client:2 dst=worker:8
event=resp_recv_ud ts_ns=17667519 id=434 clt=2 wrkr=8 slot=12 size=41 src=worker:8 dst=client:2
event=hand_send ts_ns=17676166 id=434 clt=2 wrkr=8 slot=12 size=10 src=client:2 dst=worker:8
event=resp_rdma_read ts_ns=17726245 id=385 start_ns=15687321 dur_ns=2038924 clt=2 wrkr=4 slot=11 size=512008 src=worker:4 dst=client:2
event=req_send ts_ns=17726245 id=436 clt=2 wrkr=6 slot=14 size=17 src=client:2 dst=worker:6
event=resp_recv_ud ts_ns=17790180 id=436 clt=2 wrkr=6 slot=14 size=41 src=worker:6 dst=client:2
event=hand_send ts_ns=17798827 id=436 clt=2 wrkr=6 slot=14 size=10 src=client:2 dst=worker:6
event=resp_rdma_read ts_ns=17991805 id=388 start_ns=15760709 dur_ns=2231096 clt=2 wrkr=6 slot=12 size=512008 src=worker:6 dst=client:2
event=req_send ts_ns=17991805 id=439 clt=2 wrkr=11 slot=12 size=17 src=client:2 dst=worker:11
event=resp_rdma_read ts_ns=18012590 id=391 start_ns=15941955 dur_ns=2070635 clt=2 wrkr=0 slot=15 size=512008 src=worker:0 dst=client:2
event=req_send ts_ns=18012590 id=441 clt=2 wrkr=10 slot=13 size=17 src=client:2 dst=worker:10
event=resp_recv_ud ts_ns=18047420 id=439 clt=2 wrkr=11 slot=12 size=41 src=worker:11 dst=client:2
event=hand_send ts_ns=18056067 id=439 clt=2 wrkr=11 slot=12 size=10 src=client:2 dst=worker:11
event=resp_recv_ud ts_ns=18067358 id=441 clt=2 wrkr=10 slot=13 size=41 src=worker:10 dst=client:2
event=hand_send ts_ns=18076005 id=441 clt=2 wrkr=10 slot=13 size=10 src=client:2 dst=worker:10
event=resp_rdma_read ts_ns=18152198 id=407 start_ns=16582883 dur_ns=1569315 clt=2 wrkr=3 slot=10 size=512008 src=worker:3 dst=client:2
event=req_send ts_ns=18152198 id=443 clt=2 wrkr=8 slot=13 size=17 src=client:2 dst=worker:8
event=resp_recv_ud ts_ns=18195816 id=443 clt=2 wrkr=8 slot=13 size=41 src=worker:8 dst=client:2
event=hand_send ts_ns=18204463 id=443 clt=2 wrkr=8 slot=13 size=10 src=client:2 dst=worker:8
event=resp_rdma_read ts_ns=18304238 id=393 start_ns=15997622 dur_ns=2306616 clt=2 wrkr=3 slot=9 size=512008 src=worker:3 dst=client:2
event=req_send ts_ns=18304238 id=447 clt=2 wrkr=10 slot=14 size=17 src=client:2 dst=worker:10
event=resp_rdma_read ts_ns=18315376 id=396 start_ns=16101153 dur_ns=2214223 clt=2 wrkr=0 slot=0 size=512008 src=worker:0 dst=client:2
event=req_send ts_ns=18315376 id=448 clt=2 wrkr=5 slot=10 size=17 src=client:2 dst=worker:5
event=resp_recv_ud ts_ns=18361458 id=447 clt=2 wrkr=10 slot=14 size=41 src=worker:10 dst=client:2
event=hand_send ts_ns=18370105 id=447 clt=2 wrkr=10 slot=14 size=10 src=client:2 dst=worker:10
event=resp_recv_ud ts_ns=18373165 id=448 clt=2 wrkr=5 slot=10 size=41 src=worker:5 dst=client:2
event=hand_send ts_ns=18381812 id=448 clt=2 wrkr=5 slot=10 size=10 src=client:2 dst=worker:5
event=resp_rdma_read ts_ns=18455899 id=411 start_ns=16724245 dur_ns=1731654 clt=2 wrkr=1 slot=13 size=512008 src=worker:1 dst=client:2
event=req_send ts_ns=18455899 id=453 clt=2 wrkr=4 slot=13 size=17 src=client:2 dst=worker:4
event=resp_rdma_read ts_ns=18492181 id=414 start_ns=16775686 dur_ns=1716495 clt=2 wrkr=2 slot=12 size=512008 src=worker:2 dst=client:2
event=req_send ts_ns=18492181 id=458 clt=2 wrkr=8 slot=14 size=17 src=client:2 dst=worker:8
event=resp_recv_ud ts_ns=18515594 id=453 clt=2 wrkr=4 slot=13 size=41 src=worker:4 dst=client:2
event=hand_send ts_ns=18524241 id=453 clt=2 wrkr=4 slot=13 size=10 src=client:2 dst=worker:4
event=resp_rdma_read ts_ns=18549937 id=400 start_ns=16247967 dur_ns=2301970 clt=2 wrkr=9 slot=5 size=512008 src=worker:9 dst=client:2
event=req_send ts_ns=18549937 id=461 clt=2 wrkr=10 slot=15 size=17 src=client:2 dst=worker:10
event=resp_recv_ud ts_ns=18552154 id=458 clt=2 wrkr=8 slot=14 size=41 src=worker:8 dst=client:2
event=resp_rdma_read ts_ns=18555510 id=399 start_ns=16210588 dur_ns=2344922 clt=2 wrkr=10 slot=12 size=512008 src=worker:10 dst=client:2
event=req_send ts_ns=18555510 id=463 clt=2 wrkr=9 slot=6 size=17 src=client:2 dst=worker:9
event=hand_send ts_ns=18560801 id=458 clt=2 wrkr=8 slot=14 size=10 src=client:2 dst=worker:8
event=resp_rdma_read ts_ns=18585675 id=415 start_ns=16808172 dur_ns=1777503 clt=2 wrkr=6 slot=13 size=512008 src=worker:6 dst=client:2
event=req_send ts_ns=18585675 id=464 clt=2 wrkr=7 slot=10 size=17 src=client:2 dst=worker:7
event=resp_recv_ud ts_ns=18612198 id=461 clt=2 wrkr=10 slot=15 size=41 src=worker:10 dst=client:2
event=resp_recv_ud ts_ns=18618384 id=463 clt=2 wrkr=9 slot=6 size=41 src=worker:9 dst=client:2
event=hand_send ts_ns=18620845 id=461 clt=2 wrkr=10 slot=15 size=10 src=client:2 dst=worker:10
event=hand_send ts_ns=18627031 id=463 clt=2 wrkr=9 slot=6 size=10 src=client:2 dst=worker:9
event=resp_recv_ud ts_ns=18650796 id=464 clt=2 wrkr=7 slot=10 size=41 src=worker:7 dst=client:2
event=hand_send ts_ns=18659443 id=464 clt=2 wrkr=7 slot=10 size=10 src=client:2 dst=worker:7
event=resp_rdma_read ts_ns=19061445 id=434 start_ns=17676166 dur_ns=1385279 clt=2 wrkr=8 slot=12 size=512008 src=worker:8 dst=client:2
event=req_send ts_ns=19061445 id=472 clt=2 wrkr=1 slot=14 size=17 src=client:2 dst=worker:1
event=resp_recv_ud ts_ns=19102546 id=472 clt=2 wrkr=1 slot=14 size=41 src=worker:1 dst=client:2
event=hand_send ts_ns=19111193 id=472 clt=2 wrkr=1 slot=14 size=10 src=client:2 dst=worker:1
event=resp_rdma_read ts_ns=19129429 id=427 start_ns=17293990 dur_ns=1835439 clt=2 wrkr=11 slot=11 size=512008 src=worker:11 dst=client:2
event=req_send ts_ns=19129429 id=475 clt=2 wrkr=5 slot=11 size=17 src=client:2 dst=worker:5
event=resp_rdma_read ts_ns=19155534 id=436 start_ns=17798827 dur_ns=1356707 clt=2 wrkr=6 slot=14 size=512008 src=worker:6 dst=client:2
event=req_send ts_ns=19155534 id=476 clt=2 wrkr=4 slot=14 size=17 src=client:2 dst=worker:4
event=resp_recv_ud ts_ns=19189773 id=475 clt=2 wrkr=5 slot=11 size=41 src=worker:5 dst=client:2
event=hand_send ts_ns=19198420 id=475 clt=2 wrkr=5 slot=11 size=10 src=client:2 dst=worker:5
event=resp_recv_ud ts_ns=19215937 id=476 clt=2 wrkr=4 slot=14 size=41 src=worker:4 dst=client:2
event=hand_send ts_ns=19224584 id=476 clt=2 wrkr=4 slot=14 size=10 src=client:2 dst=worker:4
event=resp_rdma_read ts_ns=19307225 id=425 start_ns=17268799 dur_ns=2038426 clt=2 wrkr=4 slot=12 size=512008 src=worker:4 dst=client:2
event=req_send ts_ns=19307225 id=479 clt=2 wrkr=5 slot=12 size=17 src=client:2 dst=worker:5
event=resp_rdma_read ts_ns=19350610 id=426 start_ns=17281610 dur_ns=2069000 clt=2 wrkr=5 slot=8 size=512008 src=worker:5 dst=client:2
event=req_send ts_ns=19350610 id=481 clt=2 wrkr=5 slot=13 size=17 src=client:2 dst=worker:5
event=resp_rdma_read ts_ns=19363092 id=443 start_ns=18204463 dur_ns=1158629 clt=2 wrkr=8 slot=13 size=512008 src=worker:8 dst=client:2
event=req_send ts_ns=19363092 id=483 clt=2 wrkr=7 slot=11 size=17 src=client:2 dst=worker:7
event=resp_recv_ud ts_ns=19363233 id=479 clt=2 wrkr=5 slot=12 size=41 src=worker:5 dst=client:2
event=hand_send ts_ns=19371880 id=479 clt=2 wrkr=5 slot=12 size=10 src=client:2 dst=worker:5
event=resp_rdma_read ts_ns=19384788 id=431 start_ns=17473767 dur_ns=1911021 clt=2 wrkr=5 slot=9 size=512008 src=worker:5 dst=client:2
event=req_send ts_ns=19384788 id=484 clt=2 wrkr=4 slot=15 size=17 src=client:2 dst=worker:4
event=resp_recv_ud ts_ns=19408041 id=481 clt=2 wrkr=5 slot=13 size=41 src=worker:5 dst=client:2
event=hand_send ts_ns=19416688 id=481 clt=2 wrkr=5 slot=13 size=10 src=client:2 dst=worker:5
event=resp_recv_ud ts_ns=19420765 id=483 clt=2 wrkr=7 slot=11 size=41 src=worker:7 dst=client:2
event=hand_send ts_ns=19429412 id=483 clt=2 wrkr=7 slot=11 size=10 src=client:2 dst=worker:7
event=resp_recv_ud ts_ns=19441984 id=484 clt=2 wrkr=4 slot=15 size=41 src=worker:4 dst=client:2
event=hand_send ts_ns=19450631 id=484 clt=2 wrkr=4 slot=15 size=10 src=client:2 dst=worker:4
event=resp_rdma_read ts_ns=19606900 id=441 start_ns=18076005 dur_ns=1530895 clt=2 wrkr=10 slot=13 size=512008 src=worker:10 dst=client:2
event=req_send ts_ns=19606900 id=486 clt=2 wrkr=11 slot=13 size=17 src=client:2 dst=worker:11
event=resp_recv_ud ts_ns=19658527 id=486 clt=2 wrkr=11 slot=13 size=41 src=worker:11 dst=client:2
event=hand_send ts_ns=19667174 id=486 clt=2 wrkr=11 slot=13 size=10 src=client:2 dst=worker:11
event=resp_rdma_read ts_ns=19694843 id=439 start_ns=18056067 dur_ns=1638776 clt=2 wrkr=11 slot=12 size=512008 src=worker:11 dst=client:2
event=req_send ts_ns=19694843 id=489 clt=2 wrkr=1 slot=15 size=17 src=client:2 dst=worker:1
event=resp_recv_ud ts_ns=19755816 id=489 clt=2 wrkr=1 slot=15 size=41 src=worker:1 dst=client:2
event=hand_send ts_ns=19764463 id=489 clt=2 wrkr=1 slot=15 size=10 src=client:2 dst=worker:1
event=resp_rdma_read ts_ns=19914516 id=448 start_ns=18381812 dur_ns=1532704 clt=2 wrkr=5 slot=10 size=512008 src=worker:5 dst=client:2
event=req_send ts_ns=19914516 id=493 clt=2 wrkr=0 slot=1 size=17 src=client:2 dst=worker:0
event=resp_recv_ud ts_ns=19971690 id=493 clt=2 wrkr=0 slot=1 size=41 src=worker:0 dst=client:2
event=hand_send ts_ns=19980337 id=493 clt=2 wrkr=0 slot=1 size=10 src=client:2 dst=worker:0
event=resp_rdma_read ts_ns=20013552 id=447 start_ns=18370105 dur_ns=1643447 clt=2 wrkr=10 slot=14 size=512008 src=worker:10 dst=client:2
event=req_send ts_ns=20013552 id=495 clt=2 wrkr=7 slot=12 size=17 src=client:2 dst=worker:7
event=resp_recv_ud ts_ns=20077515 id=495 clt=2 wrkr=7 slot=12 size=41 src=worker:7 dst=client:2
event=hand_send ts_ns=20086162 id=495 clt=2 wrkr=7 slot=12 size=10 src=client:2 dst=worker:7
event=resp_rdma_read ts_ns=20163797 id=461 start_ns=18620845 dur_ns=1542952 clt=2 wrkr=10 slot=15 size=512008 src=worker:10 dst=client:2
event=req_send ts_ns=20163797 id=497 clt=2 wrkr=10 slot=0 size=17 src=client:2 dst=worker:10
event=resp_recv_ud ts_ns=20212514 id=497 clt=2 wrkr=10 slot=0 size=41 src=worker:10 dst=client:2
event=hand_send ts_ns=20221161 id=497 clt=2 wrkr=10 slot=0 size=10 src=client:2 dst=worker:10
event=resp_rdma_read ts_ns=20431690 id=453 start_ns=18524241 dur_ns=1907449 clt=2 wrkr=4 slot=13 size=512008 src=worker:4 dst=client:2
event=req_send ts_ns=20431690 id=502 clt=2 wrkr=9 slot=7 size=17 src=client:2 dst=worker:9
event=resp_recv_ud ts_ns=20491414 id=502 clt=2 wrkr=9 slot=7 size=41 src=worker:9 dst=client:2
event=hand_send ts_ns=20500061 id=502 clt=2 wrkr=9 slot=7 size=10 src=client:2 dst=worker:9
event=resp_rdma_read ts_ns=20635784 id=458 start_ns=18560801 dur_ns=2074983 clt=2 wrkr=8 slot=14 size=512008 src=worker:8 dst=client:2
event=req_send ts_ns=20635784 id=510 clt=2 wrkr=11 slot=14 size=17 src=client:2 dst=worker:11
event=resp_recv_ud ts_ns=20693926 id=510 clt=2 wrkr=11 slot=14 size=41 src=worker:11 dst=client:2
event=hand_send ts_ns=20702573 id=510 clt=2 wrkr=11 slot=14 size=10 src=client:2 dst=worker:11
event=resp_rdma_read ts_ns=20775354 id=484 start_ns=19450631 dur_ns=1324723 clt=2 wrkr=4 slot=15 size=512008 src=worker:4 dst=client:2
event=req_send ts_ns=20775354 id=513 clt=2 wrkr=4 slot=0 size=17 src=client:2 dst=worker:4
event=resp_recv_ud ts_ns=20831737 id=513 clt=2 wrkr=4 slot=0 size=41 src=worker:4 dst=client:2
event=hand_send ts_ns=20840384 id=513 clt=2 wrkr=4 slot=0 size=10 src=client:2 dst=worker:4
event=resp_rdma_read ts_ns=20852887 id=463 start_ns=18627031 dur_ns=2225856 clt=2 wrkr=9 slot=6 size=512008 src=worker:9 dst=client:2
event=req_send ts_ns=20852887 id=516 clt=2 wrkr=7 slot=13 size=17 src=client:2 dst=worker:7
event=resp_rdma_read ts_ns=20867854 id=475 start_ns=19198420 dur_ns=1669434 clt=2 wrkr=5 slot=11 size=512008 src=worker:5 dst=client:2
event=req_send ts_ns=20867854 id=517 clt=2 wrkr=2 slot=13 size=17 src=client:2 dst=worker:2
event=resp_rdma_read ts_ns=20911117 id=476 start_ns=19224584 dur_ns=1686533 clt=2 wrkr=4 slot=14 size=512008 src=worker:4 dst=client:2
event=req_send ts_ns=20911117 id=521 clt=2 wrkr=7 slot=14 size=17 src=client:2 dst=worker:7
event=resp_recv_ud ts_ns=20913552 id=516 clt=2 wrkr=7 slot=13 size=41 src=worker:7 dst=client:2
event=hand_send ts_ns=20922199 id=516 clt=2 wrkr=7 slot=13 size=10 src=client:2 dst=worker:7
event=resp_recv_ud ts_ns=20928462 id=517 clt=2 wrkr=2 slot=13 size=41 src=worker:2 dst=client:2
event=hand_send ts_ns=20937109 id=517 clt=2 wrkr=2 slot=13 size=10 src=client:2 dst=worker:2
event=resp_rdma_read ts_ns=20945562 id=472 start_ns=19111193 dur_ns=1834369 clt=2 wrkr=1 slot=14 size=512008 src=worker:1 dst=client:2
event=req_send ts_ns=20945562 id=525 clt=2 wrkr=3 slot=11 size=17 src=client:2 dst=worker:3
event=resp_recv_ud ts_ns=20973282 id=521 clt=2 wrkr=7 slot=14 size=41 src=worker:7 dst=client:2
event=hand_send ts_ns=20981929 id=521 clt=2 wrkr=7 slot=14 size=10 src=client:2 dst=worker:7
event=resp_rdma_read ts_ns=20991932 id=464 start_ns=18659443 dur_ns=2332489 clt=2 wrkr=7 slot=10 size=512008 src=worker:7 dst=client:2
event=req_send ts_ns=20991932 id=526 clt=2 wrkr=3 slot=12 size=17 src=client:2 dst=worker:3
event=resp_recv_ud ts_ns=21008556 id=525 clt=2 wrkr=3 slot=11 size=41 src=worker:3 dst=client:2
event=hand_send ts_ns=21017203 id=525 clt=2 wrkr=3 slot=11 size=10 src=client:2 dst=worker:3
event=resp_recv_ud ts_ns=21056317 id=526 clt=2 wrkr=3 slot=12 size=41 src=worker:3 dst=client:2
event=resp_rdma_read ts_ns=21063906 id=481 start_ns=19416688 dur_ns=1647218 clt=2 wrkr=5 slot=13 size=512008 src=worker:5 dst=client:2
event=req_send ts_ns=21063906 id=528 clt=2 wrkr=3 slot=13 size=17 src=client:2 dst=worker:3
event=hand_send ts_ns=21064964 id=526 clt=2 wrkr=3 slot=12 size=10 src=client:2 dst=worker:3
event=resp_rdma_read ts_ns=21090782 id=479 start_ns=19371880 dur_ns=1718902 clt=2 wrkr=5 slot=12 size=512008 src=worker:5 dst=client:2
event=req_send ts_ns=21090782 id=529 clt=2 wrkr=2 slot=14 size=17 src=client:2 dst=worker:2
event=resp_recv_ud ts_ns=21130794 id=528 clt=2 wrkr=3 slot=13 size=41 src=worker:3 dst=client:2
event=hand_send ts_ns=21139441 id=528 clt=2 wrkr=3 slot=13 size=10 src=client:2 dst=worker:3
event=resp_recv_ud ts_ns=21151344 id=529 clt=2 wrkr=2 slot=14 size=41 src=worker:2 dst=client:2
event=hand_send ts_ns=21159991 id=529 clt=2 wrkr=2 slot=14 size=10 src=client:2 dst=worker:2
event=resp_rdma_read ts_ns=21197493 id=483 start_ns=19429412 dur_ns=1768081 clt=2 wrkr=7 slot=11 size=512008 src=worker:7 dst=client:2
event=req_send ts_ns=21197493 id=532 clt=2 wrkr=3 slot=14 size=17 src=client:2 dst=worker:3
event=resp_recv_ud ts_ns=21265106 id=532 clt=2 wrkr=3 slot=14 size=41 src=worker:3 dst=client:2
event=hand_send ts_ns=21273753 id=532 clt=2 wrkr=3 slot=14 size=10 src=client:2 dst=worker:3
event=resp_rdma_read ts_ns=21347622 id=495 start_ns=20086162 dur_ns=1261460 clt=2 wrkr=7 slot=12 size=512008 src=worker:7 dst=client:2
event=req_send ts_ns=21347622 id=534 clt=2 wrkr=11 slot=15 size=17 src=client:2 dst=worker:11
event=resp_recv_ud ts_ns=21399331 id=534 clt=2 wrkr=11 slot=15 size=41 src=worker:11 dst=client:2
event=hand_send ts_ns=21407978 id=534 clt=2 wrkr=11 slot=15 size=10 src=client:2 dst=worker:11
event=resp_rdma_read ts_ns=21412567 id=486 start_ns=19667174 dur_ns=1745393 clt=2 wrkr=11 slot=13 size=512008 src=worker:11 dst=client:2
event=req_send ts_ns=21412567 id=536 clt=2 wrkr=7 slot=15 size=17 src=client:2 dst=worker:7
event=resp_rdma_read ts_ns=21469992 id=493 start_ns=19980337 dur_ns=1489655 clt=2 wrkr=0 slot=1 size=512008 src=worker:0 dst=client:2
event=req_send ts_ns=21469992 id=537 clt=2 wrkr=10 slot=1 size=17 src=client:2 dst=worker:10
event=resp_recv_ud ts_ns=21479805 id=536 clt=2 wrkr=7 slot=15 size=41 src=worker:7 dst=client:2
event=hand_send ts_ns=21488452 id=536 clt=2 wrkr=7 slot=15 size=10 src=client:2 dst=worker:7
event=resp_rdma_read ts_ns=21521711 id=489 start_ns=19764463 dur_ns=1757248 clt=2 wrkr=1 slot=15 size=512008 src=worker:1 dst=client:2
event=req_send ts_ns=21521711 id=538 clt=2 wrkr=11 slot=0 size=17 src=client:2 dst=worker:11
event=resp_recv_ud ts_ns=21531788 id=537 clt=2 wrkr=10 slot=1 size=41 src=worker:10 dst=client:2
event=resp_rdma_read ts_ns=21537613 id=497 start_ns=20221161 dur_ns=1316452 clt=2 wrkr=10 slot=0 size=512008 src=worker:10 dst=client:2
event=req_send ts_ns=21537613 id=539 clt=2 wrkr=4 slot=1 size=17 src=client:2 dst=worker:4
event=hand_send ts_ns=21540435 id=537 clt=2 wrkr=10 slot=1 size=10 src=client:2 dst=worker:10
event=resp_recv_ud ts_ns=21583550 id=538 clt=2 wrkr=11 slot=0 size=41 src=worker:11 dst=client:2
event=hand_send ts_ns=21592197 id=538 clt=2 wrkr=11 slot=0 size=10 src=client:2 dst=worker:11
event=resp_recv_ud ts_ns=21600651 id=539 clt=2 wrkr=4 slot=1 size=41 src=worker:4 dst=client:2
event=hand_send ts_ns=21609298 id=539 clt=2 wrkr=4 slot=1 size=10 src=client:2 dst=worker:4
event=resp_rdma_read ts_ns=22174412 id=502 start_ns=20500061 dur_ns=1674351 clt=2 wrkr=9 slot=7 size=512008 src=worker:9 dst=client:2
event=req_send ts_ns=22174412 id=551 clt=2 wrkr=7 slot=0 size=17 src=client:2 dst=worker:7
event=resp_recv_ud ts_ns=22230306 id=551 clt=2 wrkr=7 slot=0 size=41 src=worker:7 dst=client:2
event=hand_send ts_ns=22238953 id=551 clt=2 wrkr=7 slot=0 size=10 src=client:2 dst=worker:7
event=resp_rdma_read ts_ns=22321175 id=510 start_ns=20702573 dur_ns=1618602 clt=2 wrkr=11 slot=14 size=512008 src=worker:11 dst=client:2
event=req_send ts_ns=22321175 id=555 clt=2 wrkr=1 slot=0 size=17 src=client:2 dst=worker:1
event=resp_recv_ud ts_ns=22380278 id=555 clt=2 wrkr=1 slot=0 size=41 src=worker:1 dst=client:2
event=hand_send ts_ns=22388925 id=555 clt=2 wrkr=1 slot=0 size=10 src=client:2 dst=worker:1
event=resp_rdma_read ts_ns=22638348 id=521 start_ns=20981929 dur_ns=1656419 clt=2 wrkr=7 slot=14 size=512008 src=worker:7 dst=client:2
event=req_send ts_ns=22638348 id=561 clt=2 wrkr=9 slot=8 size=17 src=client:2 dst=worker:9
event=resp_rdma_read ts_ns=22655690 id=513 start_ns=20840384 dur_ns=1815306 clt=2 wrkr=4 slot=0 size=512008 src=worker:4 dst=client:2
event=req_send ts_ns=22655690 id=562 clt=2 wrkr=4 slot=2 size=17 src=client:2 dst=worker:4
event=resp_recv_ud ts_ns=22677768 id=561 clt=2 wrkr=9 slot=8 size=41 src=worker:9 dst=client:2
event=hand_send ts_ns=22686415 id=561 clt=2 wrkr=9 slot=8 size=10 src=client:2 dst=worker:9
event=resp_recv_ud ts_ns=22717812 id=562 clt=2 wrkr=4 slot=2 size=41 src=worker:4 dst=client:2
event=hand_send ts_ns=22726459 id=562 clt=2 wrkr=4 slot=2 size=10 src=client:2 dst=worker:4
event=resp_rdma_read ts_ns=22860347 id=534 start_ns=21407978 dur_ns=1452369 clt=2 wrkr=11 slot=15 size=512008 src=worker:11 dst=client:2
event=req_send ts_ns=22860347 id=567 clt=2 wrkr=7 slot=1 size=17 src=client:2 dst=worker:7
event=resp_rdma_read ts_ns=22871180 id=516 start_ns=20922199 dur_ns=1948981 clt=2 wrkr=7 slot=13 size=512008 src=worker:7 dst=client:2
event=req_send ts_ns=22871180 id=568 clt=2 wrkr=1 slot=1 size=17 src=client:2 dst=worker:1
event=resp_rdma_read ts_ns=22911898 id=517 start_ns=20937109 dur_ns=1974789 clt=2 wrkr=2 slot=13 size=512008 src=worker:2 dst=client:2
event=req_send ts_ns=22911898 id=569 clt=2 wrkr=11 slot=1 size=17 src=client:2 dst=worker:11
event=resp_recv_ud ts_ns=22920892 id=567 clt=2 wrkr=7 slot=1 size=41 src=worker:7 dst=client:2
event=hand_send ts_ns=22929539 id=567 clt=2 wrkr=7 slot=1 size=10 src=client:2 dst=worker:7
event=resp_recv_ud ts_ns=22930750 id=568 clt=2 wrkr=1 slot=1 size=41 src=worker:1 dst=client:2
event=hand_send ts_ns=22939397 id=568 clt=2 wrkr=1 slot=1 size=10 src=client:2 dst=worker:1
event=resp_recv_ud ts_ns=22969760 id=569 clt=2 wrkr=11 slot=1 size=41 src=worker:11 dst=client:2
event=hand_send ts_ns=22978407 id=569 clt=2 wrkr=11 slot=1 size=10 src=client:2 dst=worker:11
event=resp_rdma_read ts_ns=23074842 id=539 start_ns=21609298 dur_ns=1465544 clt=2 wrkr=4 slot=1 size=512008 src=worker:4 dst=client:2
event=req_send ts_ns=23074842 id=574 clt=2 wrkr=2 slot=15 size=17 src=client:2 dst=worker:2
event=resp_recv_ud ts_ns=23133257 id=574 clt=2 wrkr=2 slot=15 size=41 src=worker:2 dst=client:2
event=hand_send ts_ns=23141904 id=574 clt=2 wrkr=2 slot=15 size=10 src=client:2 dst=worker:2
event=resp_rdma_read ts_ns=23209379 id=525 start_ns=21017203 dur_ns=2192176 clt=2 wrkr=3 slot=11 size=512008 src=worker:3 dst=client:2
event=req_send ts_ns=23209379 id=578 clt=2 wrkr=0 slot=2 size=17 src=client:2 dst=worker:0
event=resp_recv_ud ts_ns=23269549 id=578 clt=2 wrkr=0 slot=2 size=41 src=worker:0 dst=client:2
event=hand_send ts_ns=23278196 id=578 clt=2 wrkr=0 slot=2 size=10 src=client:2 dst=worker:0
event=resp_rdma_read ts_ns=23292185 id=536 start_ns=21488452 dur_ns=1803733 clt=2 wrkr=7 slot=15 size=512008 src=worker:7 dst=client:2
event=req_send ts_ns=23292185 id=581 clt=2 wrkr=6 slot=15 size=17 src=client:2 dst=worker:6
event=resp_rdma_read ts_ns=23297377 id=537 start_ns=21540435 dur_ns=1756942 clt=2 wrkr=10 slot=1 size=512008 src=worker:10 dst=client:2
event=req_send ts_ns=23297377 id=582 clt=2 wrkr=8 slot=15 size=17 src=client:2 dst=worker:8
event=resp_rdma_read ts_ns=23328010 id=526 start_ns=21064964 dur_ns=2263046 clt=2 wrkr=3 slot=12 size=512008 src=worker:3 dst=client:2
event=req_send ts_ns=23328010 id=584 clt=2 wrkr=7 slot=2 size=17 src=client:2 dst=worker:7
event=resp_rdma_read ts_ns=23352687 id=528 start_ns=21139441 dur_ns=2213246 clt=2 wrkr=3 slot=13 size=512008 src=worker:3 dst=client:2
event=req_send ts_ns=23352687 id=585 clt=2 wrkr=1 slot=2 size=17 src=client:2 dst=worker:1
event=resp_recv_ud ts_ns=23354095 id=581 clt=2 wrkr=6 slot=15 size=41 src=worker:6 dst=client:2
event=resp_recv_ud ts_ns=23359743 id=582 clt=2 wrkr=8 slot=15 size=41 src=worker:8 dst=client:2
event=hand_send ts_ns=23362742 id=581 clt=2 wrkr=6 slot=15 size=10 src=client:2 dst=worker:6
event=hand_send ts_ns=23368390 id=582 clt=2 wrkr=8 slot=15 size=10 src=client:2 dst=worker:8
event=resp_rdma_read ts_ns=23386853 id=538 start_ns=21592197 dur_ns=1794656 clt=2 wrkr=11 slot=0 size=512008 src=worker:11 dst=client:2
event=req_send ts_ns=23386853 id=586 clt=2 wrkr=10 slot=2 size=17 src=client:2 dst=worker:10
event=resp_recv_ud ts_ns=23390377 id=584 clt=2 wrkr=7 slot=2 size=41 src=worker:7 dst=client:2
event=hand_send ts_ns=23399024 id=584 clt=2 wrkr=7 slot=2 size=10 src=client:2 dst=worker:7
event=resp_recv_ud ts_ns=23415538 id=585 clt=2 wrkr=1 slot=2 size=41 src=worker:1 dst=client:2
event=hand_send ts_ns=23424185 id=585 clt=2 wrkr=1 slot=2 size=10 src=client:2 dst=worker:1
event=resp_recv_ud ts_ns=23449849 id=586 clt=2 wrkr=10 slot=2 size=41 src=worker:10 dst=client:2
event=hand_send ts_ns=23458496 id=586 clt=2 wrkr=10 slot=2 size=10 src=client:2 dst=worker:10
event=resp_rdma_read ts_ns=23481055 id=532 start_ns=21273753 dur_ns=2207302 clt=2 wrkr=3 slot=14 size=512008 src=worker:3 dst=client:2
event=req_send ts_ns=23481055 id=590 clt=2 wrkr=4 slot=3 size=17 src=client:2 dst=worker:4
event=resp_rdma_read ts_ns=23528054 id=529 start_ns=21159991 dur_ns=2368063 clt=2 wrkr=2 slot=14 size=512008 src=worker:2 dst=client:2
event=req_send ts_ns=23528054 id=591 clt=2 wrkr=3 slot=15 size=17 src=client:2 dst=worker:3
event=resp_recv_ud ts_ns=23547360 id=590 clt=2 wrkr=4 slot=3 size=41 src=worker:4 dst=client:2
event=hand_send ts_ns=23556007 id=590 clt=2 wrkr=4 slot=3 size=10 src=client:2 dst=worker:4
event=resp_recv_ud ts_ns=23595249 id=591 clt=2 wrkr=3 slot=15 size=41 src=worker:3 dst=client:2
event=hand_send ts_ns=23603896 id=591 clt=2 wrkr=3 slot=15 size=10 src=client:2 dst=worker:3
event=resp_rdma_read ts_ns=23689658 id=551 start_ns=22238953 dur_ns=1450705 clt=2 wrkr=7 slot=0 size=512008 src=worker:7 dst=client:2
event=req_send ts_ns=23689658 id=594 clt=2 wrkr=1 slot=3 size=17 src=client:2 dst=worker:1
event=resp_recv_ud ts_ns=23756495 id=594 clt=2 wrkr=1 slot=3 size=41 src=worker:1 dst=client:2
event=hand_send ts_ns=23765142 id=594 clt=2 wrkr=1 slot=3 size=10 src=client:2 dst=worker:1
event=resp_rdma_read ts_ns=24126850 id=562 start_ns=22726459 dur_ns=1400391 clt=2 wrkr=4 slot=2 size=512008 src=worker:4 dst=client:2
event=req_send ts_ns=24126850 id=607 clt=2 wrkr=10 slot=3 size=17 src=client:2 dst=worker:10
event=resp_rdma_read ts_ns=24160766 id=555 start_ns=22388925 dur_ns=1771841 clt=2 wrkr=1 slot=0 size=512008 src=worker:1 dst=client:2
event=req_send ts_ns=24160766 id=608 clt=2 wrkr=5 slot=14 size=17 src=client:2 dst=worker:5
event=resp_recv_ud ts_ns=24197385 id=607 clt=2 wrkr=10 slot=3 size=41 src=worker:10 dst=client:2
event=hand_send ts_ns=24206032 id=607 clt=2 wrkr=10 slot=3 size=10 src=client:2 dst=worker:10
event=resp_recv_ud ts_ns=24232031 id=608 clt=2 wrkr=5 slot=14 size=41 src=worker:5 dst=client:2
event=hand_send ts_ns=24240678 id=608 clt=2 wrkr=5 slot=14 size=10 src=client:2 dst=worker:5
event=resp_rdma_read ts_ns=24430073 id=561 start_ns=22686415 dur_ns=1743658 clt=2 wrkr=9 slot=8 size=512008 src=worker:9 dst=client:2
event=req_send ts_ns=24430073 id=610 clt=2 wrkr=6 slot=0 size=17 src=client:2 dst=worker:6
event=resp_recv_ud ts_ns=24471006 id=610 clt=2 wrkr=6 slot=0 size=41 src=worker:6 dst=client:2
event=hand_send ts_ns=24479653 id=610 clt=2 wrkr=6 slot=0 size=10 src=client:2 dst=worker:6
event=resp_rdma_read ts_ns=24515421 id=568 start_ns=22939397 dur_ns=1576024 clt=2 wrkr=1 slot=1 size=512008 src=worker:1 dst=client:2
event=req_send ts_ns=24515421 id=612 clt=2 wrkr=5 slot=15 size=17 src=client:2 dst=worker:5
event=resp_recv_ud ts_ns=24576707 id=612 clt=2 wrkr=5 slot=15 size=41 src=worker:5 dst=client:2
event=hand_send ts_ns=24585354 id=612 clt=2 wrkr=5 slot=15 size=10 src=client:2 dst=worker:5
event=resp_rdma_read ts_ns=24603145 id=567 start_ns=22929539 dur_ns=1673606 clt=2 wrkr=7 slot=1 size=512008 src=worker:7 dst=client:2
event=req_send ts_ns=24603145 id=616 clt=2 wrkr=10 slot=4 size=17 src=client:2 dst=worker:10
event=resp_recv_ud ts_ns=24661031 id=616 clt=2 wrkr=10 slot=4 size=41 src=worker:10 dst=client:2
event=hand_send ts_ns=24669678 id=616 clt=2 wrkr=10 slot=4 size=10 src=client:2 dst=worker:10
event=resp_rdma_read ts_ns=24702943 id=569 start_ns=22978407 dur_ns=1724536 clt=2 wrkr=11 slot=1 size=512008 src=worker:11 dst=client:2
event=req_send ts_ns=24702943 id=619 clt=2 wrkr=1 slot=4 size=17 src=client:2 dst=worker:1
event=resp_recv_ud ts_ns=24759013 id=619 clt=2 wrkr=1 slot=4 size=41 src=worker:1 dst=client:2
event=hand_send ts_ns=24767660 id=619 clt=2 wrkr=1 slot=4 size=10 src=client:2 dst=worker:1
event=resp_rdma_read ts_ns=24945262 id=574 start_ns=23141904 dur_ns=1803358 clt=2 wrkr=2 slot=15 size=512008 src=worker:2 dst=client:2
event=req_send ts_ns=24945262 id=622 clt=2 wrkr=5 slot=0 size=17 src=client:2 dst=worker:5
event=resp_recv_ud ts_ns=24998966 id=622 clt=2 wrkr=5 slot=0 size=41 src=worker:5 dst=client:2
event=hand_send ts_ns=25007613 id=622 clt=2 wrkr=5 slot=0 size=10 src=client:2 dst=worker:5
event=resp_rdma_read ts_ns=25039340 id=591 start_ns=23603896 dur_ns=1435444 clt=2 wrkr=3 slot=15 size=512008 src=worker:3 dst=client:2
event=req_send ts_ns=25039340 id=624 clt=2 wrkr=9 slot=9 size=17 src=client:2 dst=worker:9
event=resp_recv_ud ts_ns=25098192 id=624 clt=2 wrkr=9 slot=9 size=41 src=worker:9 dst=client:2
event=hand_send ts_ns=25106839 id=624 clt=2 wrkr=9 slot=9 size=10 src=client:2 dst=worker:9
event=resp_rdma_read ts_ns=25128090 id=578 start_ns=23278196 dur_ns=1849894 clt=2 wrkr=0 slot=2 size=512008 src=worker:0 dst=client:2
event=req_send ts_ns=25128090 id=627 clt=2 wrkr=7 slot=3 size=17 src=client:2 dst=worker:7
event=resp_recv_ud ts_ns=25186345 id=627 clt=2 wrkr=7 slot=3 size=41 src=worker:7 dst=client:2
event=hand_send ts_ns=25194992 id=627 clt=2 wrkr=7 slot=3 size=10 src=client:2 dst=worker:7
event=resp_rdma_read ts_ns=25281576 id=585 start_ns=23424185 dur_ns=1857391 clt=2 wrkr=1 slot=2 size=512008 src=worker:1 dst=client:2
event=req_send ts_ns=25281576 id=630 clt=2 wrkr=1 slot=5 size=17 src=client:2 dst=worker:1
event=resp_rdma_read ts_ns=25339396 id=590 start_ns=23556007 dur_ns=1783389 clt=2 wrkr=4 slot=3 size=512008 src=worker:4 dst=client:2
event=req_send ts_ns=25339396 id=632 clt=2 wrkr=11 slot=2 size=17 src=client:2 dst=worker:11
event=resp_recv_ud ts_ns=25340087 id=630 clt=2 wrkr=1 slot=5 size=41 src=worker:1 dst=client:2
event=hand_send ts_ns=25348734 id=630 clt=2 wrkr=1 slot=5 size=10 src=client:2 dst=worker:1
event=resp_rdma_read ts_ns=25351874 id=581 start_ns=23362742 dur_ns=1989132 clt=2 wrkr=6 slot=15 size=512008 src=worker:6 dst=client:2
event=req_send ts_ns=25351874 id=633 clt=2 wrkr=1 slot=6 size=17 src=client:2 dst=worker:1
event=resp_rdma_read ts_ns=25375994 id=582 start_ns=23368390 dur_ns=2007604 clt=2 wrkr=8 slot=15 size=512008 src=worker:8 dst=client:2
event=req_send ts_ns=25375994 id=634 clt=2 wrkr=10 slot=5 size=17 src=client:2 dst=worker:10
event=resp_recv_ud ts_ns=25397185 id=632 clt=2 wrkr=11 slot=2 size=41 src=worker:11 dst=client:2
event=hand_send ts_ns=25405832 id=632 clt=2 wrkr=11 slot=2 size=10 src=client:2 dst=worker:11
event=resp_recv_ud ts_ns=25410324 id=633 clt=2 wrkr=1 slot=6 size=41 src=worker:1 dst=client:2
event=hand_send ts_ns=25418971 id=633 clt=2 wrkr=1 slot=6 size=10 src=client:2 dst=worker:1
event=resp_recv_ud ts_ns=25434934 id=634 clt=2 wrkr=10 slot=5 size=41 src=worker:10 dst=client:2
event=hand_send ts_ns=25443581 id=634 clt=2 wrkr=10 slot=5 size=10 src=client:2 dst=worker:10
event=resp_rdma_read ts_ns=25483805 id=584 start_ns=23399024 dur_ns=2084781 clt=2 wrkr=7 slot=2 size=512008 src=worker:7 dst=client:2
event=req_send ts_ns=25483805 id=635 clt=2 wrkr=6 slot=1 size=17 src=client:2 dst=worker:6
event=resp_recv_ud ts_ns=25530464 id=635 clt=2 wrkr=6 slot=1 size=41 src=worker:6 dst=client:2
event=hand_send ts_ns=25539111 id=635 clt=2 wrkr=6 slot=1 size=10 src=client:2 dst=worker:6
event=resp_rdma_read ts_ns=25605368 id=586 start_ns=23458496 dur_ns=2146872 clt=2 wrkr=10 slot=2 size=512008 src=worker:10 dst=client:2
event=resp_rdma_read ts_ns=26008552 id=594 start_ns=23765142 dur_ns=2243410 clt=2 wrkr=1 slot=3 size=512008 src=worker:1 dst=client:2
event=resp_rdma_read ts_ns=26244856 id=619 start_ns=24767660 dur_ns=1477196 clt=2 wrkr=1 slot=4 size=512008 src=worker:1 dst=client:2
event=resp_rdma_read ts_ns=26336848 id=616 start_ns=24669678 dur_ns=1667170 clt=2 wrkr=10 slot=4 size=512008 src=worker:10 dst=client:2
event=resp_rdma_read ts_ns=26350111 id=612 start_ns=24585354 dur_ns=1764757 clt=2 wrkr=5 slot=15 size=512008 src=worker:5 dst=client:2
event=resp_rdma_read ts_ns=26411697 id=610 start_ns=24479653 dur_ns=1932044 clt=2 wrkr=6 slot=0 size=512008 src=worker:6 dst=client:2
event=resp_rdma_read ts_ns=26425952 id=607 start_ns=24206032 dur_ns=2219920 clt=2 wrkr=10 slot=3 size=512008 src=worker:10 dst=client:2
event=resp_rdma_read ts_ns=26525138 id=622 start_ns=25007613 dur_ns=1517525 clt=2 wrkr=5 slot=0 size=512008 src=worker:5 dst=client:2
event=resp_rdma_read ts_ns=26618710 id=608 start_ns=24240678 dur_ns=2378032 clt=2 wrkr=5 slot=14 size=512008 src=worker:5 dst=client:2
event=resp_rdma_read ts_ns=26711066 id=634 start_ns=25443581 dur_ns=1267485 clt=2 wrkr=10 slot=5 size=512008 src=worker:10 dst=client:2
event=resp_rdma_read ts_ns=26815671 id=624 start_ns=25106839 dur_ns=1708832 clt=2 wrkr=9 slot=9 size=512008 src=worker:9 dst=client:2
event=resp_rdma_read ts_ns=26840968 id=635 start_ns=25539111 dur_ns=1301857 clt=2 wrkr=6 slot=1 size=512008 src=worker:6 dst=client:2
event=resp_rdma_read ts_ns=26904972 id=627 start_ns=25194992 dur_ns=1709980 clt=2 wrkr=7 slot=3 size=512008 src=worker:7 dst=client:2
event=resp_rdma_read ts_ns=27093928 id=632 start_ns=25405832 dur_ns=1688096 clt=2 wrkr=11 slot=2 size=512008 src=worker:11 dst=client:2
event=resp_rdma_read ts_ns=27106043 id=630 start_ns=25348734 dur_ns=1757309 clt=2 wrkr=1 slot=5 size=512008 src=worker:1 dst=client:2
event=resp_rdma_read ts_ns=27246883 id=633 start_ns=25418971 dur_ns=1827912 clt=2 wrkr=1 slot=6 size=512008 src=worker:1 dst=client:2
