event=req_send ts_ns=1 id=2 clt=2 wrkr=9 slot=0 size=17 src=client:2 dst=worker:9
event=req_send ts_ns=2501 id=5 clt=2 wrkr=1 slot=0 size=17 src=client:2 dst=worker:1
event=req_send ts_ns=5001 id=8 clt=2 wrkr=1 slot=1 size=17 src=client:2 dst=worker:1
event=req_send ts_ns=7501 id=11 clt=2 wrkr=10 slot=0 size=17 src=client:2 dst=worker:10
event=resp_recv_ud ts_ns=49432 id=5 clt=2 wrkr=1 slot=0 size=41 src=worker:1 dst=client:2
event=resp_recv_ud ts_ns=50183 id=8 clt=2 wrkr=1 slot=1 size=41 src=worker:1 dst=client:2
event=resp_recv_ud ts_ns=50312 id=2 clt=2 wrkr=9 slot=0 size=41 src=worker:9 dst=client:2
event=resp_recv_ud ts_ns=53906 id=11 clt=2 wrkr=10 slot=0 size=41 src=worker:10 dst=client:2
event=hand_send ts_ns=58079 id=5 clt=2 wrkr=1 slot=0 size=10 src=client:2 dst=worker:1
event=hand_send ts_ns=58830 id=8 clt=2 wrkr=1 slot=1 size=10 src=client:2 dst=worker:1
event=hand_send ts_ns=58959 id=2 clt=2 wrkr=9 slot=0 size=10 src=client:2 dst=worker:9
event=hand_send ts_ns=62553 id=11 clt=2 wrkr=10 slot=0 size=10 src=client:2 dst=worker:10
event=resp_rdma_read ts_ns=3214050 id=2 start_ns=58959 dur_ns=3155091 clt=2 wrkr=9 slot=0 size=1048584 src=worker:9 dst=client:2
event=req_send ts_ns=3214050 id=14 clt=2 wrkr=4 slot=0 size=17 src=client:2 dst=worker:4
event=resp_recv_ud ts_ns=3263482 id=14 clt=2 wrkr=4 slot=0 size=41 src=worker:4 dst=client:2
event=hand_send ts_ns=3272129 id=14 clt=2 wrkr=4 slot=0 size=10 src=client:2 dst=worker:4
event=resp_rdma_read ts_ns=3302760 id=5 start_ns=58079 dur_ns=3244681 clt=2 wrkr=1 slot=0 size=1048584 src=worker:1 dst=client:2
event=req_send ts_ns=3302760 id=16 clt=2 wrkr=2 slot=0 size=17 src=client:2 dst=worker:2
event=resp_recv_ud ts_ns=3366887 id=16 clt=2 wrkr=2 slot=0 size=41 src=worker:2 dst=client:2
event=hand_send ts_ns=3375534 id=16 clt=2 wrkr=2 slot=0 size=10 src=client:2 dst=worker:2
event=resp_rdma_read ts_ns=3507937 id=8 start_ns=58830 dur_ns=3449107 clt=2 wrkr=1 slot=1 size=1048584 src=worker:1 dst=client:2
event=req_send ts_ns=3507937 id=18 clt=2 wrkr=11 slot=0 size=17 src=client:2 dst=worker:11
event=resp_recv_ud ts_ns=3549939 id=18 clt=2 wrkr=11 slot=0 size=41 src=worker:11 dst=client:2
event=hand_send ts_ns=3558586 id=18 clt=2 wrkr=11 slot=0 size=10 src=client:2 dst=worker:11
event=resp_rdma_read ts_ns=3769763 id=11 start_ns=62553 dur_ns=3707210 clt=2 wrkr=10 slot=0 size=1048584 src=worker:10 dst=client:2
event=req_send ts_ns=3769763 id=19 clt=2 wrkr=6 slot=0 size=17 src=client:2 dst=worker:6
event=resp_recv_ud ts_ns=3809486 id=19 clt=2 wrkr=6 slot=0 size=41 src=worker:6 dst=client:2
event=hand_send ts_ns=3818133 id=19 clt=2 wrkr=6 slot=0 size=10 src=client:2 dst=worker:6
event=resp_rdma_read ts_ns=6372431 id=16 start_ns=3375534 dur_ns=2996897 clt=2 wrkr=2 slot=0 size=1048584 src=worker:2 dst=client:2
event=req_send ts_ns=6372431 id=26 clt=2 wrkr=5 slot=0 size=17 src=client:2 dst=worker:5
event=resp_recv_ud ts_ns=6417775 id=26 clt=2 wrkr=5 slot=0 size=41 src=worker:5 dst=client:2
event=hand_send ts_ns=6426422 id=26 clt=2 wrkr=5 slot=0 size=10 src=client:2 dst=worker:5
event=resp_rdma_read ts_ns=6472696 id=18 start_ns=3558586 dur_ns=2914110 clt=2 wrkr=11 slot=0 size=1048584 src=worker:11 dst=client:2
event=req_send ts_ns=6472696 id=28 clt=2 wrkr=10 slot=1 size=17 src=client:2 dst=worker:10
event=resp_recv_ud ts_ns=6529034 id=28 clt=2 wrkr=10 slot=1 size=41 src=worker:10 dst=client:2
event=hand_send ts_ns=6537681 id=28 clt=2 wrkr=10 slot=1 size=10 src=client:2 dst=worker:10
event=resp_rdma_read ts_ns=6861816 id=19 start_ns=3818133 dur_ns=3043683 clt=2 wrkr=6 slot=0 size=1048584 src=worker:6 dst=client:2
event=req_send ts_ns=6861816 id=31 clt=2 wrkr=3 slot=0 size=17 src=client:2 dst=worker:3
event=resp_rdma_read ts_ns=6865372 id=14 start_ns=3272129 dur_ns=3593243 clt=2 wrkr=4 slot=0 size=1048584 src=worker:4 dst=client:2
event=req_send ts_ns=6865372 id=32 clt=2 wrkr=1 slot=2 size=17 src=client:2 dst=worker:1
event=resp_recv_ud ts_ns=6902472 id=31 clt=2 wrkr=3 slot=0 size=41 src=worker:3 dst=client:2
event=hand_send ts_ns=6911119 id=31 clt=2 wrkr=3 slot=0 size=10 src=client:2 dst=worker:3
event=resp_recv_ud ts_ns=6920710 id=32 clt=2 wrkr=1 slot=2 size=41 src=worker:1 dst=client:2
event=hand_send ts_ns=6929357 id=32 clt=2 wrkr=1 slot=2 size=10 src=client:2 dst=worker:1
event=resp_rdma_read ts_ns=8758454 id=26 start_ns=6426422 dur_ns=2332032 clt=2 wrkr=5 slot=0 size=1048584 src=worker:5 dst=client:2
event=req_send ts_ns=8758454 id=36 clt=2 wrkr=4 slot=1 size=17 src=client:2 dst=worker:4
event=resp_recv_ud ts_ns=8799303 id=36 clt=2 wrkr=4 slot=1 size=41 src=worker:4 dst=client:2
event=hand_send ts_ns=8807950 id=36 clt=2 wrkr=4 slot=1 size=10 src=client:2 dst=worker:4
event=resp_rdma_read ts_ns=9220411 id=28 start_ns=6537681 dur_ns=2682730 clt=2 wrkr=10 slot=1 size=1048584 src=worker:10 dst=client:2
event=req_send ts_ns=9220411 id=38 clt=2 wrkr=8 slot=0 size=17 src=client:2 dst=worker:8
event=resp_recv_ud ts_ns=9259652 id=38 clt=2 wrkr=8 slot=0 size=41 src=worker:8 dst=client:2
event=hand_send ts_ns=9268299 id=38 clt=2 wrkr=8 slot=0 size=10 src=client:2 dst=worker:8
event=resp_rdma_read ts_ns=9778798 id=32 start_ns=6929357 dur_ns=2849441 clt=2 wrkr=1 slot=2 size=1048584 src=worker:1 dst=client:2
event=req_send ts_ns=9778798 id=42 clt=2 wrkr=0 slot=0 size=17 src=client:2 dst=worker:0
event=resp_recv_ud ts_ns=9817707 id=42 clt=2 wrkr=0 slot=0 size=41 src=worker:0 dst=client:2
event=hand_send ts_ns=9826354 id=42 clt=2 wrkr=0 slot=0 size=10 src=client:2 dst=worker:0
event=resp_rdma_read ts_ns=10071902 id=31 start_ns=6911119 dur_ns=3160783 clt=2 wrkr=3 slot=0 size=1048584 src=worker:3 dst=client:2
event=req_send ts_ns=10071902 id=44 clt=2 wrkr=6 slot=1 size=17 src=client:2 dst=worker:6
event=resp_recv_ud ts_ns=10110926 id=44 clt=2 wrkr=6 slot=1 size=41 src=worker:6 dst=client:2
event=hand_send ts_ns=10119573 id=44 clt=2 wrkr=6 slot=1 size=10 src=client:2 dst=worker:6
event=resp_rdma_read ts_ns=11793803 id=36 start_ns=8807950 dur_ns=2985853 clt=2 wrkr=4 slot=1 size=1048584 src=worker:4 dst=client:2
event=req_send ts_ns=11793803 id=49 clt=2 wrkr=8 slot=1 size=17 src=client:2 dst=worker:8
event=resp_recv_ud ts_ns=11832819 id=49 clt=2 wrkr=8 slot=1 size=41 src=worker:8 dst=client:2
event=hand_send ts_ns=11841466 id=49 clt=2 wrkr=8 slot=1 size=10 src=client:2 dst=worker:8
event=resp_rdma_read ts_ns=12224623 id=38 start_ns=9268299 dur_ns=2956324 clt=2 wrkr=8 slot=0 size=1048584 src=worker:8 dst=client:2
event=req_send ts_ns=12224623 id=51 clt=2 wrkr=11 slot=1 size=17 src=client:2 dst=worker:11
event=resp_recv_ud ts_ns=12263407 id=51 clt=2 wrkr=11 slot=1 size=41 src=worker:11 dst=client:2
event=hand_send ts_ns=12272054 id=51 clt=2 wrkr=11 slot=1 size=10 src=client:2 dst=worker:11
event=resp_rdma_read ts_ns=12786291 id=42 start_ns=9826354 dur_ns=2959937 clt=2 wrkr=0 slot=0 size=1048584 src=worker:0 dst=client:2
event=req_send ts_ns=12786291 id=55 clt=2 wrkr=4 slot=2 size=17 src=client:2 dst=worker:4
event=resp_recv_ud ts_ns=12824924 id=55 clt=2 wrkr=4 slot=2 size=41 src=worker:4 dst=client:2
event=hand_send ts_ns=12833571 id=55 clt=2 wrkr=4 slot=2 size=10 src=client:2 dst=worker:4
event=resp_rdma_read ts_ns=13073987 id=44 start_ns=10119573 dur_ns=2954414 clt=2 wrkr=6 slot=1 size=1048584 src=worker:6 dst=client:2
event=req_send ts_ns=13073987 id=56 clt=2 wrkr=10 slot=2 size=17 src=client:2 dst=worker:10
event=resp_recv_ud ts_ns=13113204 id=56 clt=2 wrkr=10 slot=2 size=41 src=worker:10 dst=client:2
event=hand_send ts_ns=13121851 id=56 clt=2 wrkr=10 slot=2 size=10 src=client:2 dst=worker:10
event=resp_rdma_read ts_ns=14778396 id=49 start_ns=11841466 dur_ns=2936930 clt=2 wrkr=8 slot=1 size=1048584 src=worker:8 dst=client:2
event=req_send ts_ns=14778396 id=61 clt=2 wrkr=6 slot=2 size=17 src=client:2 dst=worker:6
event=resp_recv_ud ts_ns=14817375 id=61 clt=2 wrkr=6 slot=2 size=41 src=worker:6 dst=client:2
event=hand_send ts_ns=14826022 id=61 clt=2 wrkr=6 slot=2 size=10 src=client:2 dst=worker:6
event=resp_rdma_read ts_ns=15201705 id=51 start_ns=12272054 dur_ns=2929651 clt=2 wrkr=11 slot=1 size=1048584 src=worker:11 dst=client:2
event=req_send ts_ns=15201705 id=65 clt=2 wrkr=3 slot=1 size=17 src=client:2 dst=worker:3
event=resp_recv_ud ts_ns=15240230 id=65 clt=2 wrkr=3 slot=1 size=41 src=worker:3 dst=client:2
event=hand_send ts_ns=15248877 id=65 clt=2 wrkr=3 slot=1 size=10 src=client:2 dst=worker:3
event=resp_rdma_read ts_ns=15783175 id=55 start_ns=12833571 dur_ns=2949604 clt=2 wrkr=4 slot=2 size=1048584 src=worker:4 dst=client:2
event=req_send ts_ns=15783175 id=67 clt=2 wrkr=0 slot=1 size=17 src=client:2 dst=worker:0
event=resp_recv_ud ts_ns=15822924 id=67 clt=2 wrkr=0 slot=1 size=41 src=worker:0 dst=client:2
event=hand_send ts_ns=15831571 id=67 clt=2 wrkr=0 slot=1 size=10 src=client:2 dst=worker:0
event=resp_rdma_read ts_ns=16070642 id=56 start_ns=13121851 dur_ns=2948791 clt=2 wrkr=10 slot=2 size=1048584 src=worker:10 dst=client:2
event=req_send ts_ns=16070642 id=68 clt=2 wrkr=11 slot=2 size=17 src=client:2 dst=worker:11
event=resp_recv_ud ts_ns=16110279 id=68 clt=2 wrkr=11 slot=2 size=41 src=worker:11 dst=client:2
event=hand_send ts_ns=16118926 id=68 clt=2 wrkr=11 slot=2 size=10 src=client:2 dst=worker:11
event=resp_rdma_read ts_ns=17762329 id=61 start_ns=14826022 dur_ns=2936307 clt=2 wrkr=6 slot=2 size=1048584 src=worker:6 dst=client:2
event=req_send ts_ns=17762329 id=75 clt=2 wrkr=8 slot=2 size=17 src=client:2 dst=worker:8
event=resp_recv_ud ts_ns=17819499 id=75 clt=2 wrkr=8 slot=2 size=41 src=worker:8 dst=client:2
event=hand_send ts_ns=17828146 id=75 clt=2 wrkr=8 slot=2 size=10 src=client:2 dst=worker:8
event=resp_rdma_read ts_ns=18222239 id=65 start_ns=15248877 dur_ns=2973362 clt=2 wrkr=3 slot=1 size=1048584 src=worker:3 dst=client:2
event=req_send ts_ns=18222239 id=76 clt=2 wrkr=7 slot=0 size=17 src=client:2 dst=worker:7
event=resp_recv_ud ts_ns=18261354 id=76 clt=2 wrkr=7 slot=0 size=41 src=worker:7 dst=client:2
event=hand_send ts_ns=18270001 id=76 clt=2 wrkr=7 slot=0 size=10 src=client:2 dst=worker:7
event=resp_rdma_read ts_ns=18804499 id=67 start_ns=15831571 dur_ns=2972928 clt=2 wrkr=0 slot=1 size=1048584 src=worker:0 dst=client:2
event=req_send ts_ns=18804499 id=79 clt=2 wrkr=6 slot=3 size=17 src=client:2 dst=worker:6
event=resp_recv_ud ts_ns=18844199 id=79 clt=2 wrkr=6 slot=3 size=41 src=worker:6 dst=client:2
event=hand_send ts_ns=18852846 id=79 clt=2 wrkr=6 slot=3 size=10 src=client:2 dst=worker:6
event=resp_rdma_read ts_ns=19079830 id=68 start_ns=16118926 dur_ns=2960904 clt=2 wrkr=11 slot=2 size=1048584 src=worker:11 dst=client:2
event=req_send ts_ns=19079830 id=80 clt=2 wrkr=6 slot=0 size=17 src=client:2 dst=worker:6
event=resp_recv_ud ts_ns=19119453 id=80 clt=2 wrkr=6 slot=0 size=41 src=worker:6 dst=client:2
event=hand_send ts_ns=19128100 id=80 clt=2 wrkr=6 slot=0 size=10 src=client:2 dst=worker:6
event=resp_rdma_read ts_ns=20317611 id=75 start_ns=17828146 dur_ns=2489465 clt=2 wrkr=8 slot=2 size=1048584 src=worker:8 dst=client:2
event=req_send ts_ns=20317611 id=84 clt=2 wrkr=2 slot=1 size=17 src=client:2 dst=worker:2
event=resp_recv_ud ts_ns=20357672 id=84 clt=2 wrkr=2 slot=1 size=41 src=worker:2 dst=client:2
event=hand_send ts_ns=20366319 id=84 clt=2 wrkr=2 slot=1 size=10 src=client:2 dst=worker:2
event=resp_rdma_read ts_ns=21205910 id=76 start_ns=18270001 dur_ns=2935909 clt=2 wrkr=7 slot=0 size=1048584 src=worker:7 dst=client:2
event=req_send ts_ns=21205910 id=89 clt=2 wrkr=1 slot=3 size=17 src=client:2 dst=worker:1
event=resp_recv_ud ts_ns=21244812 id=89 clt=2 wrkr=1 slot=3 size=41 src=worker:1 dst=client:2
event=hand_send ts_ns=21253459 id=89 clt=2 wrkr=1 slot=3 size=10 src=client:2 dst=worker:1
event=resp_rdma_read ts_ns=21826715 id=79 start_ns=18852846 dur_ns=2973869 clt=2 wrkr=6 slot=3 size=1048584 src=worker:6 dst=client:2
event=req_send ts_ns=21826715 id=91 clt=2 wrkr=4 slot=3 size=17 src=client:2 dst=worker:4
event=resp_recv_ud ts_ns=21866430 id=91 clt=2 wrkr=4 slot=3 size=41 src=worker:4 dst=client:2
event=hand_send ts_ns=21875077 id=91 clt=2 wrkr=4 slot=3 size=10 src=client:2 dst=worker:4
event=resp_rdma_read ts_ns=22094893 id=80 start_ns=19128100 dur_ns=2966793 clt=2 wrkr=6 slot=0 size=1048584 src=worker:6 dst=client:2
event=req_send ts_ns=22094893 id=92 clt=2 wrkr=8 slot=3 size=17 src=client:2 dst=worker:8
event=resp_recv_ud ts_ns=22134158 id=92 clt=2 wrkr=8 slot=3 size=41 src=worker:8 dst=client:2
event=hand_send ts_ns=22142805 id=92 clt=2 wrkr=8 slot=3 size=10 src=client:2 dst=worker:8
event=resp_rdma_read ts_ns=23309732 id=84 start_ns=20366319 dur_ns=2943413 clt=2 wrkr=2 slot=1 size=1048584 src=worker:2 dst=client:2
event=req_send ts_ns=23309732 id=97 clt=2 wrkr=5 slot=1 size=17 src=client:2 dst=worker:5
event=resp_recv_ud ts_ns=23348777 id=97 clt=2 wrkr=5 slot=1 size=41 src=worker:5 dst=client:2
event=hand_send ts_ns=23357424 id=97 clt=2 wrkr=5 slot=1 size=10 src=client:2 dst=worker:5
event=resp_rdma_read ts_ns=24198611 id=89 start_ns=21253459 dur_ns=2945152 clt=2 wrkr=1 slot=3 size=1048584 src=worker:1 dst=client:2
event=req_send ts_ns=24198611 id=101 clt=2 wrkr=8 slot=0 size=17 src=client:2 dst=worker:8
event=resp_recv_ud ts_ns=24237387 id=101 clt=2 wrkr=8 slot=0 size=41 src=worker:8 dst=client:2
event=hand_send ts_ns=24246034 id=101 clt=2 wrkr=8 slot=0 size=10 src=client:2 dst=worker:8
event=resp_rdma_read ts_ns=24805577 id=91 start_ns=21875077 dur_ns=2930500 clt=2 wrkr=4 slot=3 size=1048584 src=worker:4 dst=client:2
event=req_send ts_ns=24805577 id=103 clt=2 wrkr=4 slot=0 size=17 src=client:2 dst=worker:4
event=resp_recv_ud ts_ns=24845138 id=103 clt=2 wrkr=4 slot=0 size=41 src=worker:4 dst=client:2
event=hand_send ts_ns=24853785 id=103 clt=2 wrkr=4 slot=0 size=10 src=client:2 dst=worker:4
event=resp_rdma_read ts_ns=25073045 id=92 start_ns=22142805 dur_ns=2930240 clt=2 wrkr=8 slot=3 size=1048584 src=worker:8 dst=client:2
event=req_send ts_ns=25073045 id=104 clt=2 wrkr=2 slot=2 size=17 src=client:2 dst=worker:2
event=resp_recv_ud ts_ns=25112186 id=104 clt=2 wrkr=2 slot=2 size=41 src=worker:2 dst=client:2
event=hand_send ts_ns=25120833 id=104 clt=2 wrkr=2 slot=2 size=10 src=client:2 dst=worker:2
event=resp_rdma_read ts_ns=26279246 id=97 start_ns=23357424 dur_ns=2921822 clt=2 wrkr=5 slot=1 size=1048584 src=worker:5 dst=client:2
event=req_send ts_ns=26279246 id=110 clt=2 wrkr=3 slot=2 size=17 src=client:2 dst=worker:3
event=resp_recv_ud ts_ns=26317778 id=110 clt=2 wrkr=3 slot=2 size=41 src=worker:3 dst=client:2
event=hand_send ts_ns=26326425 id=110 clt=2 wrkr=3 slot=2 size=10 src=client:2 dst=worker:3
event=resp_rdma_read ts_ns=27174191 id=101 start_ns=24246034 dur_ns=2928157 clt=2 wrkr=8 slot=0 size=1048584 src=worker:8 dst=client:2
event=req_send ts_ns=27174191 id=113 clt=2 wrkr=10 slot=3 size=17 src=client:2 dst=worker:10
event=resp_recv_ud ts_ns=27213248 id=113 clt=2 wrkr=10 slot=3 size=41 src=worker:10 dst=client:2
event=hand_send ts_ns=27221895 id=113 clt=2 wrkr=10 slot=3 size=10 src=client:2 dst=worker:10
event=resp_rdma_read ts_ns=27778976 id=103 start_ns=24853785 dur_ns=2925191 clt=2 wrkr=4 slot=0 size=1048584 src=worker:4 dst=client:2
event=req_send ts_ns=27778976 id=115 clt=2 wrkr=2 slot=3 size=17 src=client:2 dst=worker:2
event=resp_recv_ud ts_ns=27818674 id=115 clt=2 wrkr=2 slot=3 size=41 src=worker:2 dst=client:2
event=hand_send ts_ns=27827321 id=115 clt=2 wrkr=2 slot=3 size=10 src=client:2 dst=worker:2
event=resp_rdma_read ts_ns=28046864 id=104 start_ns=25120833 dur_ns=2926031 clt=2 wrkr=2 slot=2 size=1048584 src=worker:2 dst=client:2
event=req_send ts_ns=28046864 id=116 clt=2 wrkr=1 slot=0 size=17 src=client:2 dst=worker:1
event=resp_recv_ud ts_ns=28086073 id=116 clt=2 wrkr=1 slot=0 size=41 src=worker:1 dst=client:2
event=hand_send ts_ns=28094720 id=116 clt=2 wrkr=1 slot=0 size=10 src=client:2 dst=worker:1
event=resp_rdma_read ts_ns=29254604 id=110 start_ns=26326425 dur_ns=2928179 clt=2 wrkr=3 slot=2 size=1048584 src=worker:3 dst=client:2
event=req_send ts_ns=29254604 id=121 clt=2 wrkr=9 slot=1 size=17 src=client:2 dst=worker:9
event=resp_recv_ud ts_ns=29294261 id=121 clt=2 wrkr=9 slot=1 size=41 src=worker:9 dst=client:2
event=hand_send ts_ns=29302908 id=121 clt=2 wrkr=9 slot=1 size=10 src=client:2 dst=worker:9
event=resp_rdma_read ts_ns=30159503 id=113 start_ns=27221895 dur_ns=2937608 clt=2 wrkr=10 slot=3 size=1048584 src=worker:10 dst=client:2
event=req_send ts_ns=30159503 id=125 clt=2 wrkr=8 slot=1 size=17 src=client:2 dst=worker:8
event=resp_recv_ud ts_ns=30198589 id=125 clt=2 wrkr=8 slot=1 size=41 src=worker:8 dst=client:2
event=hand_send ts_ns=30207236 id=125 clt=2 wrkr=8 slot=1 size=10 src=client:2 dst=worker:8
event=resp_rdma_read ts_ns=30752829 id=115 start_ns=27827321 dur_ns=2925508 clt=2 wrkr=2 slot=3 size=1048584 src=worker:2 dst=client:2
event=req_send ts_ns=30752829 id=127 clt=2 wrkr=4 slot=1 size=17 src=client:2 dst=worker:4
event=resp_recv_ud ts_ns=30792521 id=127 clt=2 wrkr=4 slot=1 size=41 src=worker:4 dst=client:2
event=hand_send ts_ns=30801168 id=127 clt=2 wrkr=4 slot=1 size=10 src=client:2 dst=worker:4
event=resp_rdma_read ts_ns=31021821 id=116 start_ns=28094720 dur_ns=2927101 clt=2 wrkr=1 slot=0 size=1048584 src=worker:1 dst=client:2
event=req_send ts_ns=31021821 id=128 clt=2 wrkr=4 slot=2 size=17 src=client:2 dst=worker:4
event=resp_recv_ud ts_ns=31060979 id=128 clt=2 wrkr=4 slot=2 size=41 src=worker:4 dst=client:2
event=hand_send ts_ns=31069626 id=128 clt=2 wrkr=4 slot=2 size=10 src=client:2 dst=worker:4
event=resp_rdma_read ts_ns=32233228 id=121 start_ns=29302908 dur_ns=2930320 clt=2 wrkr=9 slot=1 size=1048584 src=worker:9 dst=client:2
event=req_send ts_ns=32233228 id=134 clt=2 wrkr=11 slot=3 size=17 src=client:2 dst=worker:11
event=resp_recv_ud ts_ns=32272747 id=134 clt=2 wrkr=11 slot=3 size=41 src=worker:11 dst=client:2
event=hand_send ts_ns=32281394 id=134 clt=2 wrkr=11 slot=3 size=10 src=client:2 dst=worker:11
event=resp_rdma_read ts_ns=33142821 id=125 start_ns=30207236 dur_ns=2935585 clt=2 wrkr=8 slot=1 size=1048584 src=worker:8 dst=client:2
event=req_send ts_ns=33142821 id=137 clt=2 wrkr=2 slot=0 size=17 src=client:2 dst=worker:2
event=resp_recv_ud ts_ns=33181932 id=137 clt=2 wrkr=2 slot=0 size=41 src=worker:2 dst=client:2
event=hand_send ts_ns=33190579 id=137 clt=2 wrkr=2 slot=0 size=10 src=client:2 dst=worker:2
event=resp_rdma_read ts_ns=33728550 id=127 start_ns=30801168 dur_ns=2927382 clt=2 wrkr=4 slot=1 size=1048584 src=worker:4 dst=client:2
event=req_send ts_ns=33728550 id=139 clt=2 wrkr=1 slot=1 size=17 src=client:2 dst=worker:1
event=resp_recv_ud ts_ns=33768120 id=139 clt=2 wrkr=1 slot=1 size=41 src=worker:1 dst=client:2
event=hand_send ts_ns=33776767 id=139 clt=2 wrkr=1 slot=1 size=10 src=client:2 dst=worker:1
event=resp_rdma_read ts_ns=33996737 id=128 start_ns=31069626 dur_ns=2927111 clt=2 wrkr=4 slot=2 size=1048584 src=worker:4 dst=client:2
event=req_send ts_ns=33996737 id=141 clt=2 wrkr=7 slot=1 size=17 src=client:2 dst=worker:7
event=resp_recv_ud ts_ns=34035235 id=141 clt=2 wrkr=7 slot=1 size=41 src=worker:7 dst=client:2
event=hand_send ts_ns=34043882 id=141 clt=2 wrkr=7 slot=1 size=10 src=client:2 dst=worker:7
event=resp_rdma_read ts_ns=35214942 id=134 start_ns=32281394 dur_ns=2933548 clt=2 wrkr=11 slot=3 size=1048584 src=worker:11 dst=client:2
event=req_send ts_ns=35214942 id=146 clt=2 wrkr=9 slot=2 size=17 src=client:2 dst=worker:9
event=resp_recv_ud ts_ns=35254563 id=146 clt=2 wrkr=9 slot=2 size=41 src=worker:9 dst=client:2
event=hand_send ts_ns=35263210 id=146 clt=2 wrkr=9 slot=2 size=10 src=client:2 dst=worker:9
event=resp_rdma_read ts_ns=36122781 id=137 start_ns=33190579 dur_ns=2932202 clt=2 wrkr=2 slot=0 size=1048584 src=worker:2 dst=client:2
event=req_send ts_ns=36122781 id=149 clt=2 wrkr=10 slot=0 size=17 src=client:2 dst=worker:10
event=resp_recv_ud ts_ns=36161729 id=149 clt=2 wrkr=10 slot=0 size=41 src=worker:10 dst=client:2
event=hand_send ts_ns=36170376 id=149 clt=2 wrkr=10 slot=0 size=10 src=client:2 dst=worker:10
event=resp_rdma_read ts_ns=36697354 id=139 start_ns=33776767 dur_ns=2920587 clt=2 wrkr=1 slot=1 size=1048584 src=worker:1 dst=client:2
event=req_send ts_ns=36697354 id=152 clt=2 wrkr=7 slot=2 size=17 src=client:2 dst=worker:7
event=resp_recv_ud ts_ns=36736408 id=152 clt=2 wrkr=7 slot=2 size=41 src=worker:7 dst=client:2
event=hand_send ts_ns=36745055 id=152 clt=2 wrkr=7 slot=2 size=10 src=client:2 dst=worker:7
event=resp_rdma_read ts_ns=36973158 id=141 start_ns=34043882 dur_ns=2929276 clt=2 wrkr=7 slot=1 size=1048584 src=worker:7 dst=client:2
event=req_send ts_ns=36973158 id=153 clt=2 wrkr=4 slot=3 size=17 src=client:2 dst=worker:4
event=resp_recv_ud ts_ns=37012164 id=153 clt=2 wrkr=4 slot=3 size=41 src=worker:4 dst=client:2
event=hand_send ts_ns=37020811 id=153 clt=2 wrkr=4 slot=3 size=10 src=client:2 dst=worker:4
event=resp_rdma_read ts_ns=38193954 id=146 start_ns=35263210 dur_ns=2930744 clt=2 wrkr=9 slot=2 size=1048584 src=worker:9 dst=client:2
event=req_send ts_ns=38193954 id=158 clt=2 wrkr=0 slot=2 size=17 src=client:2 dst=worker:0
event=resp_recv_ud ts_ns=38233540 id=158 clt=2 wrkr=0 slot=2 size=41 src=worker:0 dst=client:2
event=hand_send ts_ns=38242187 id=158 clt=2 wrkr=0 slot=2 size=10 src=client:2 dst=worker:0
event=resp_rdma_read ts_ns=39090962 id=149 start_ns=36170376 dur_ns=2920586 clt=2 wrkr=10 slot=0 size=1048584 src=worker:10 dst=client:2
event=req_send ts_ns=39090962 id=162 clt=2 wrkr=11 slot=0 size=17 src=client:2 dst=worker:11
event=resp_recv_ud ts_ns=39129595 id=162 clt=2 wrkr=11 slot=0 size=41 src=worker:11 dst=client:2
event=hand_send ts_ns=39138242 id=162 clt=2 wrkr=11 slot=0 size=10 src=client:2 dst=worker:11
event=resp_rdma_read ts_ns=39664644 id=152 start_ns=36745055 dur_ns=2919589 clt=2 wrkr=7 slot=2 size=1048584 src=worker:7 dst=client:2
event=req_send ts_ns=39664644 id=164 clt=2 wrkr=0 slot=3 size=17 src=client:2 dst=worker:0
event=resp_recv_ud ts_ns=39704137 id=164 clt=2 wrkr=0 slot=3 size=41 src=worker:0 dst=client:2
event=hand_send ts_ns=39712784 id=164 clt=2 wrkr=0 slot=3 size=10 src=client:2 dst=worker:0
event=resp_rdma_read ts_ns=39947230 id=153 start_ns=37020811 dur_ns=2926419 clt=2 wrkr=4 slot=3 size=1048584 src=worker:4 dst=client:2
event=req_send ts_ns=39947230 id=165 clt=2 wrkr=11 slot=1 size=17 src=client:2 dst=worker:11
event=resp_recv_ud ts_ns=39986423 id=165 clt=2 wrkr=11 slot=1 size=41 src=worker:11 dst=client:2
event=hand_send ts_ns=39995070 id=165 clt=2 wrkr=11 slot=1 size=10 src=client:2 dst=worker:11
event=resp_rdma_read ts_ns=41168508 id=158 start_ns=38242187 dur_ns=2926321 clt=2 wrkr=0 slot=2 size=1048584 src=worker:0 dst=client:2
event=req_send ts_ns=41168508 id=170 clt=2 wrkr=7 slot=3 size=17 src=client:2 dst=worker:7
event=resp_recv_ud ts_ns=41207967 id=170 clt=2 wrkr=7 slot=3 size=41 src=worker:7 dst=client:2
event=hand_send ts_ns=41216614 id=170 clt=2 wrkr=7 slot=3 size=10 src=client:2 dst=worker:7
event=resp_rdma_read ts_ns=42062526 id=162 start_ns=39138242 dur_ns=2924284 clt=2 wrkr=11 slot=0 size=1048584 src=worker:11 dst=client:2
event=req_send ts_ns=42062526 id=174 clt=2 wrkr=5 slot=2 size=17 src=client:2 dst=worker:5
event=resp_recv_ud ts_ns=42101720 id=174 clt=2 wrkr=5 slot=2 size=41 src=worker:5 dst=client:2
event=hand_send ts_ns=42110367 id=174 clt=2 wrkr=5 slot=2 size=10 src=client:2 dst=worker:5
event=resp_rdma_read ts_ns=42643227 id=164 start_ns=39712784 dur_ns=2930443 clt=2 wrkr=0 slot=3 size=1048584 src=worker:0 dst=client:2
event=req_send ts_ns=42643227 id=176 clt=2 wrkr=0 slot=0 size=17 src=client:2 dst=worker:0
event=resp_recv_ud ts_ns=42682878 id=176 clt=2 wrkr=0 slot=0 size=41 src=worker:0 dst=client:2
event=hand_send ts_ns=42691525 id=176 clt=2 wrkr=0 slot=0 size=10 src=client:2 dst=worker:0
event=resp_rdma_read ts_ns=42926639 id=165 start_ns=39995070 dur_ns=2931569 clt=2 wrkr=11 slot=1 size=1048584 src=worker:11 dst=client:2
event=req_send ts_ns=42926639 id=177 clt=2 wrkr=11 slot=2 size=17 src=client:2 dst=worker:11
event=resp_recv_ud ts_ns=42965909 id=177 clt=2 wrkr=11 slot=2 size=41 src=worker:11 dst=client:2
event=hand_send ts_ns=42974556 id=177 clt=2 wrkr=11 slot=2 size=10 src=client:2 dst=worker:11
event=resp_rdma_read ts_ns=44457209 id=170 start_ns=41216614 dur_ns=3240595 clt=2 wrkr=7 slot=3 size=1048584 src=worker:7 dst=client:2
event=req_send ts_ns=44457209 id=183 clt=2 wrkr=2 slot=1 size=17 src=client:2 dst=worker:2
event=resp_recv_ud ts_ns=44498483 id=183 clt=2 wrkr=2 slot=1 size=41 src=worker:2 dst=client:2
event=hand_send ts_ns=44507130 id=183 clt=2 wrkr=2 slot=1 size=10 src=client:2 dst=worker:2
event=resp_rdma_read ts_ns=45042403 id=174 start_ns=42110367 dur_ns=2932036 clt=2 wrkr=5 slot=2 size=1048584 src=worker:5 dst=client:2
event=req_send ts_ns=45042403 id=186 clt=2 wrkr=7 slot=0 size=17 src=client:2 dst=worker:7
event=resp_recv_ud ts_ns=45081764 id=186 clt=2 wrkr=7 slot=0 size=41 src=worker:7 dst=client:2
event=hand_send ts_ns=45090411 id=186 clt=2 wrkr=7 slot=0 size=10 src=client:2 dst=worker:7
event=resp_rdma_read ts_ns=45618934 id=176 start_ns=42691525 dur_ns=2927409 clt=2 wrkr=0 slot=0 size=1048584 src=worker:0 dst=client:2
event=req_send ts_ns=45618934 id=188 clt=2 wrkr=0 slot=1 size=17 src=client:2 dst=worker:0
event=resp_recv_ud ts_ns=45658777 id=188 clt=2 wrkr=0 slot=1 size=41 src=worker:0 dst=client:2
event=hand_send ts_ns=45667424 id=188 clt=2 wrkr=0 slot=1 size=10 src=client:2 dst=worker:0
event=resp_rdma_read ts_ns=45901907 id=177 start_ns=42974556 dur_ns=2927351 clt=2 wrkr=11 slot=2 size=1048584 src=worker:11 dst=client:2
event=req_send ts_ns=45901907 id=189 clt=2 wrkr=10 slot=1 size=17 src=client:2 dst=worker:10
event=resp_recv_ud ts_ns=45941388 id=189 clt=2 wrkr=10 slot=1 size=41 src=worker:10 dst=client:2
event=hand_send ts_ns=45950035 id=189 clt=2 wrkr=10 slot=1 size=10 src=client:2 dst=worker:10
event=resp_rdma_read ts_ns=47502733 id=183 start_ns=44507130 dur_ns=2995603 clt=2 wrkr=2 slot=1 size=1048584 src=worker:2 dst=client:2
event=req_send ts_ns=47502733 id=196 clt=2 wrkr=1 slot=2 size=17 src=client:2 dst=worker:1
event=resp_recv_ud ts_ns=47542216 id=196 clt=2 wrkr=1 slot=2 size=41 src=worker:1 dst=client:2
event=hand_send ts_ns=47550863 id=196 clt=2 wrkr=1 slot=2 size=10 src=client:2 dst=worker:1
event=resp_rdma_read ts_ns=48046230 id=186 start_ns=45090411 dur_ns=2955819 clt=2 wrkr=7 slot=0 size=1048584 src=worker:7 dst=client:2
event=req_send ts_ns=48046230 id=198 clt=2 wrkr=0 slot=2 size=17 src=client:2 dst=worker:0
event=resp_recv_ud ts_ns=48086057 id=198 clt=2 wrkr=0 slot=2 size=41 src=worker:0 dst=client:2
event=hand_send ts_ns=48094704 id=198 clt=2 wrkr=0 slot=2 size=10 src=client:2 dst=worker:0
event=resp_rdma_read ts_ns=48615533 id=188 start_ns=45667424 dur_ns=2948109 clt=2 wrkr=0 slot=1 size=1048584 src=worker:0 dst=client:2
event=req_send ts_ns=48615533 id=200 clt=2 wrkr=5 slot=3 size=17 src=client:2 dst=worker:5
event=resp_recv_ud ts_ns=48655365 id=200 clt=2 wrkr=5 slot=3 size=41 src=worker:5 dst=client:2
event=hand_send ts_ns=48664012 id=200 clt=2 wrkr=5 slot=3 size=10 src=client:2 dst=worker:5
event=resp_rdma_read ts_ns=48894268 id=189 start_ns=45950035 dur_ns=2944233 clt=2 wrkr=10 slot=1 size=1048584 src=worker:10 dst=client:2
event=req_send ts_ns=48894268 id=202 clt=2 wrkr=3 slot=3 size=17 src=client:2 dst=worker:3
event=resp_recv_ud ts_ns=48947146 id=202 clt=2 wrkr=3 slot=3 size=41 src=worker:3 dst=client:2
event=hand_send ts_ns=48955793 id=202 clt=2 wrkr=3 slot=3 size=10 src=client:2 dst=worker:3
event=resp_rdma_read ts_ns=50538744 id=196 start_ns=47550863 dur_ns=2987881 clt=2 wrkr=1 slot=2 size=1048584 src=worker:1 dst=client:2
event=req_send ts_ns=50538744 id=208 clt=2 wrkr=4 slot=0 size=17 src=client:2 dst=worker:4
event=resp_recv_ud ts_ns=50578164 id=208 clt=2 wrkr=4 slot=0 size=41 src=worker:4 dst=client:2
event=hand_send ts_ns=50586811 id=208 clt=2 wrkr=4 slot=0 size=10 src=client:2 dst=worker:4
event=resp_rdma_read ts_ns=51054733 id=198 start_ns=48094704 dur_ns=2960029 clt=2 wrkr=0 slot=2 size=1048584 src=worker:0 dst=client:2
event=req_send ts_ns=51054733 id=210 clt=2 wrkr=9 slot=3 size=17 src=client:2 dst=worker:9
event=resp_recv_ud ts_ns=51094506 id=210 clt=2 wrkr=9 slot=3 size=41 src=worker:9 dst=client:2
event=hand_send ts_ns=51103153 id=210 clt=2 wrkr=9 slot=3 size=10 src=client:2 dst=worker:9
event=resp_rdma_read ts_ns=51606609 id=200 start_ns=48664012 dur_ns=2942597 clt=2 wrkr=5 slot=3 size=1048584 src=worker:5 dst=client:2
event=req_send ts_ns=51606609 id=212 clt=2 wrkr=9 slot=0 size=17 src=client:2 dst=worker:9
event=resp_recv_ud ts_ns=51646370 id=212 clt=2 wrkr=9 slot=0 size=41 src=worker:9 dst=client:2
event=hand_send ts_ns=51655017 id=212 clt=2 wrkr=9 slot=0 size=10 src=client:2 dst=worker:9
event=resp_rdma_read ts_ns=51702233 id=202 start_ns=48955793 dur_ns=2746440 clt=2 wrkr=3 slot=3 size=1048584 src=worker:3 dst=client:2
event=req_send ts_ns=51702233 id=214 clt=2 wrkr=6 slot=1 size=17 src=client:2 dst=worker:6
event=resp_recv_ud ts_ns=51760572 id=214 clt=2 wrkr=6 slot=1 size=41 src=worker:6 dst=client:2
event=hand_send ts_ns=51769219 id=214 clt=2 wrkr=6 slot=1 size=10 src=client:2 dst=worker:6
event=resp_rdma_read ts_ns=53565261 id=208 start_ns=50586811 dur_ns=2978450 clt=2 wrkr=4 slot=0 size=1048584 src=worker:4 dst=client:2
event=req_send ts_ns=53565261 id=220 clt=2 wrkr=6 slot=2 size=17 src=client:2 dst=worker:6
event=resp_recv_ud ts_ns=53604538 id=220 clt=2 wrkr=6 slot=2 size=41 src=worker:6 dst=client:2
event=hand_send ts_ns=53613185 id=220 clt=2 wrkr=6 slot=2 size=10 src=client:2 dst=worker:6
event=resp_rdma_read ts_ns=54063567 id=210 start_ns=51103153 dur_ns=2960414 clt=2 wrkr=9 slot=3 size=1048584 src=worker:9 dst=client:2
event=req_send ts_ns=54063567 id=223 clt=2 wrkr=6 slot=3 size=17 src=client:2 dst=worker:6
event=resp_recv_ud ts_ns=54102296 id=223 clt=2 wrkr=6 slot=3 size=41 src=worker:6 dst=client:2
event=hand_send ts_ns=54110943 id=223 clt=2 wrkr=6 slot=3 size=10 src=client:2 dst=worker:6
event=resp_rdma_read ts_ns=54827871 id=214 start_ns=51769219 dur_ns=3058652 clt=2 wrkr=6 slot=1 size=1048584 src=worker:6 dst=client:2
event=req_send ts_ns=54827871 id=225 clt=2 wrkr=0 slot=3 size=17 src=client:2 dst=worker:0
event=resp_recv_ud ts_ns=54867597 id=225 clt=2 wrkr=0 slot=3 size=41 src=worker:0 dst=client:2
event=hand_send ts_ns=54876244 id=225 clt=2 wrkr=0 slot=3 size=10 src=client:2 dst=worker:0
event=resp_rdma_read ts_ns=54892348 id=212 start_ns=51655017 dur_ns=3237331 clt=2 wrkr=9 slot=0 size=1048584 src=worker:9 dst=client:2
event=req_send ts_ns=54892348 id=226 clt=2 wrkr=7 slot=1 size=17 src=client:2 dst=worker:7
event=resp_recv_ud ts_ns=54946232 id=226 clt=2 wrkr=7 slot=1 size=41 src=worker:7 dst=client:2
event=hand_send ts_ns=54954879 id=226 clt=2 wrkr=7 slot=1 size=10 src=client:2 dst=worker:7
event=resp_rdma_read ts_ns=56567097 id=220 start_ns=53613185 dur_ns=2953912 clt=2 wrkr=6 slot=2 size=1048584 src=worker:6 dst=client:2
event=req_send ts_ns=56567097 id=233 clt=2 wrkr=2 slot=2 size=17 src=client:2 dst=worker:2
event=resp_recv_ud ts_ns=56606390 id=233 clt=2 wrkr=2 slot=2 size=41 src=worker:2 dst=client:2
event=hand_send ts_ns=56615037 id=233 clt=2 wrkr=2 slot=2 size=10 src=client:2 dst=worker:2
event=resp_rdma_read ts_ns=57039534 id=223 start_ns=54110943 dur_ns=2928591 clt=2 wrkr=6 slot=3 size=1048584 src=worker:6 dst=client:2
event=req_send ts_ns=57039534 id=235 clt=2 wrkr=10 slot=2 size=17 src=client:2 dst=worker:10
event=resp_recv_ud ts_ns=57078990 id=235 clt=2 wrkr=10 slot=2 size=41 src=worker:10 dst=client:2
event=hand_send ts_ns=57087637 id=235 clt=2 wrkr=10 slot=2 size=10 src=client:2 dst=worker:10
event=resp_rdma_read ts_ns=57807042 id=225 start_ns=54876244 dur_ns=2930798 clt=2 wrkr=0 slot=3 size=1048584 src=worker:0 dst=client:2
event=req_send ts_ns=57807042 id=238 clt=2 wrkr=6 slot=0 size=17 src=client:2 dst=worker:6
event=resp_recv_ud ts_ns=57845903 id=238 clt=2 wrkr=6 slot=0 size=41 src=worker:6 dst=client:2
event=hand_send ts_ns=57854550 id=238 clt=2 wrkr=6 slot=0 size=10 src=client:2 dst=worker:6
event=resp_rdma_read ts_ns=58156420 id=226 start_ns=54954879 dur_ns=3201541 clt=2 wrkr=7 slot=1 size=1048584 src=worker:7 dst=client:2
event=req_send ts_ns=58156420 id=239 clt=2 wrkr=0 slot=0 size=17 src=client:2 dst=worker:0
event=resp_recv_ud ts_ns=58195782 id=239 clt=2 wrkr=0 slot=0 size=41 src=worker:0 dst=client:2
event=hand_send ts_ns=58204429 id=239 clt=2 wrkr=0 slot=0 size=10 src=client:2 dst=worker:0
event=resp_rdma_read ts_ns=59568062 id=233 start_ns=56615037 dur_ns=2953025 clt=2 wrkr=2 slot=2 size=1048584 src=worker:2 dst=client:2
event=req_send ts_ns=59568062 id=245 clt=2 wrkr=0 slot=1 size=17 src=client:2 dst=worker:0
event=resp_recv_ud ts_ns=59606942 id=245 clt=2 wrkr=0 slot=1 size=41 src=worker:0 dst=client:2
event=hand_send ts_ns=59615589 id=245 clt=2 wrkr=0 slot=1 size=10 src=client:2 dst=worker:0
event=resp_rdma_read ts_ns=60038152 id=235 start_ns=57087637 dur_ns=2950515 clt=2 wrkr=10 slot=2 size=1048584 src=worker:10 dst=client:2
event=req_send ts_ns=60038152 id=247 clt=2 wrkr=8 slot=2 size=17 src=client:2 dst=worker:8
event=resp_recv_ud ts_ns=60077452 id=247 clt=2 wrkr=8 slot=2 size=41 src=worker:8 dst=client:2
event=hand_send ts_ns=60086099 id=247 clt=2 wrkr=8 slot=2 size=10 src=client:2 dst=worker:8
event=resp_rdma_read ts_ns=60782606 id=238 start_ns=57854550 dur_ns=2928056 clt=2 wrkr=6 slot=0 size=1048584 src=worker:6 dst=client:2
event=req_send ts_ns=60782606 id=250 clt=2 wrkr=8 slot=3 size=17 src=client:2 dst=worker:8
event=resp_recv_ud ts_ns=60821531 id=250 clt=2 wrkr=8 slot=3 size=41 src=worker:8 dst=client:2
event=hand_send ts_ns=60830178 id=250 clt=2 wrkr=8 slot=3 size=10 src=client:2 dst=worker:8
event=resp_rdma_read ts_ns=61121745 id=239 start_ns=58204429 dur_ns=2917316 clt=2 wrkr=0 slot=0 size=1048584 src=worker:0 dst=client:2
event=req_send ts_ns=61121745 id=251 clt=2 wrkr=0 slot=2 size=17 src=client:2 dst=worker:0
event=resp_recv_ud ts_ns=61161120 id=251 clt=2 wrkr=0 slot=2 size=41 src=worker:0 dst=client:2
event=hand_send ts_ns=61169767 id=251 clt=2 wrkr=0 slot=2 size=10 src=client:2 dst=worker:0
event=resp_rdma_read ts_ns=62556008 id=245 start_ns=59615589 dur_ns=2940419 clt=2 wrkr=0 slot=1 size=1048584 src=worker:0 dst=client:2
event=req_send ts_ns=62556008 id=257 clt=2 wrkr=8 slot=0 size=17 src=client:2 dst=worker:8
event=resp_recv_ud ts_ns=62594843 id=257 clt=2 wrkr=8 slot=0 size=41 src=worker:8 dst=client:2
event=hand_send ts_ns=62603490 id=257 clt=2 wrkr=8 slot=0 size=10 src=client:2 dst=worker:8
event=resp_rdma_read ts_ns=63019282 id=247 start_ns=60086099 dur_ns=2933183 clt=2 wrkr=8 slot=2 size=1048584 src=worker:8 dst=client:2
event=req_send ts_ns=63019282 id=259 clt=2 wrkr=11 slot=3 size=17 src=client:2 dst=worker:11
event=resp_recv_ud ts_ns=63058433 id=259 clt=2 wrkr=11 slot=3 size=41 src=worker:11 dst=client:2
event=hand_send ts_ns=63067080 id=259 clt=2 wrkr=11 slot=3 size=10 src=client:2 dst=worker:11
event=resp_rdma_read ts_ns=63762601 id=250 start_ns=60830178 dur_ns=2932423 clt=2 wrkr=8 slot=3 size=1048584 src=worker:8 dst=client:2
event=req_send ts_ns=63762601 id=263 clt=2 wrkr=10 slot=3 size=17 src=client:2 dst=worker:10
event=resp_recv_ud ts_ns=63805831 id=263 clt=2 wrkr=10 slot=3 size=41 src=worker:10 dst=client:2
event=hand_send ts_ns=63814478 id=263 clt=2 wrkr=10 slot=3 size=10 src=client:2 dst=worker:10
event=resp_rdma_read ts_ns=64091121 id=251 start_ns=61169767 dur_ns=2921354 clt=2 wrkr=0 slot=2 size=1048584 src=worker:0 dst=client:2
event=req_send ts_ns=64091121 id=264 clt=2 wrkr=7 slot=2 size=17 src=client:2 dst=worker:7
event=resp_recv_ud ts_ns=64130194 id=264 clt=2 wrkr=7 slot=2 size=41 src=worker:7 dst=client:2
event=hand_send ts_ns=64138841 id=264 clt=2 wrkr=7 slot=2 size=10 src=client:2 dst=worker:7
event=resp_rdma_read ts_ns=65528362 id=257 start_ns=62603490 dur_ns=2924872 clt=2 wrkr=8 slot=0 size=1048584 src=worker:8 dst=client:2
event=req_send ts_ns=65528362 id=269 clt=2 wrkr=3 slot=0 size=17 src=client:2 dst=worker:3
event=resp_recv_ud ts_ns=65567268 id=269 clt=2 wrkr=3 slot=0 size=41 src=worker:3 dst=client:2
event=hand_send ts_ns=65575915 id=269 clt=2 wrkr=3 slot=0 size=10 src=client:2 dst=worker:3
event=resp_rdma_read ts_ns=65992395 id=259 start_ns=63067080 dur_ns=2925315 clt=2 wrkr=11 slot=3 size=1048584 src=worker:11 dst=client:2
event=req_send ts_ns=65992395 id=271 clt=2 wrkr=4 slot=1 size=17 src=client:2 dst=worker:4
event=resp_recv_ud ts_ns=66031430 id=271 clt=2 wrkr=4 slot=1 size=41 src=worker:4 dst=client:2
event=hand_send ts_ns=66040077 id=271 clt=2 wrkr=4 slot=1 size=10 src=client:2 dst=worker:4
event=resp_rdma_read ts_ns=66291825 id=263 start_ns=63814478 dur_ns=2477347 clt=2 wrkr=10 slot=3 size=1048584 src=worker:10 dst=client:2
event=req_send ts_ns=66291825 id=273 clt=2 wrkr=1 slot=3 size=17 src=client:2 dst=worker:1
event=resp_recv_ud ts_ns=66331477 id=273 clt=2 wrkr=1 slot=3 size=41 src=worker:1 dst=client:2
event=hand_send ts_ns=66340124 id=273 clt=2 wrkr=1 slot=3 size=10 src=client:2 dst=worker:1
event=resp_rdma_read ts_ns=67066193 id=264 start_ns=64138841 dur_ns=2927352 clt=2 wrkr=7 slot=2 size=1048584 src=worker:7 dst=client:2
event=req_send ts_ns=67066193 id=276 clt=2 wrkr=2 slot=3 size=17 src=client:2 dst=worker:2
event=resp_recv_ud ts_ns=67105818 id=276 clt=2 wrkr=2 slot=3 size=41 src=worker:2 dst=client:2
event=hand_send ts_ns=67114465 id=276 clt=2 wrkr=2 slot=3 size=10 src=client:2 dst=worker:2
event=resp_rdma_read ts_ns=68501110 id=269 start_ns=65575915 dur_ns=2925195 clt=2 wrkr=3 slot=0 size=1048584 src=worker:3 dst=client:2
event=req_send ts_ns=68501110 id=281 clt=2 wrkr=0 slot=3 size=17 src=client:2 dst=worker:0
event=resp_recv_ud ts_ns=68539982 id=281 clt=2 wrkr=0 slot=3 size=41 src=worker:0 dst=client:2
event=hand_send ts_ns=68548629 id=281 clt=2 wrkr=0 slot=3 size=10 src=client:2 dst=worker:0
event=resp_rdma_read ts_ns=68964373 id=271 start_ns=66040077 dur_ns=2924296 clt=2 wrkr=4 slot=1 size=1048584 src=worker:4 dst=client:2
event=req_send ts_ns=68964373 id=284 clt=2 wrkr=2 slot=0 size=17 src=client:2 dst=worker:2
event=resp_recv_ud ts_ns=69013494 id=284 clt=2 wrkr=2 slot=0 size=41 src=worker:2 dst=client:2
event=hand_send ts_ns=69022141 id=284 clt=2 wrkr=2 slot=0 size=10 src=client:2 dst=worker:2
event=resp_rdma_read ts_ns=69231043 id=273 start_ns=66340124 dur_ns=2890919 clt=2 wrkr=1 slot=3 size=1048584 src=worker:1 dst=client:2
event=req_send ts_ns=69231043 id=286 clt=2 wrkr=8 slot=1 size=17 src=client:2 dst=worker:8
event=resp_recv_ud ts_ns=69277763 id=286 clt=2 wrkr=8 slot=1 size=41 src=worker:8 dst=client:2
event=hand_send ts_ns=69286410 id=286 clt=2 wrkr=8 slot=1 size=10 src=client:2 dst=worker:8
event=resp_rdma_read ts_ns=70052093 id=276 start_ns=67114465 dur_ns=2937628 clt=2 wrkr=2 slot=3 size=1048584 src=worker:2 dst=client:2
event=req_send ts_ns=70052093 id=288 clt=2 wrkr=1 slot=0 size=17 src=client:2 dst=worker:1
event=resp_recv_ud ts_ns=70092089 id=288 clt=2 wrkr=1 slot=0 size=41 src=worker:1 dst=client:2
event=hand_send ts_ns=70100736 id=288 clt=2 wrkr=1 slot=0 size=10 src=client:2 dst=worker:1
event=resp_rdma_read ts_ns=71431860 id=284 start_ns=69022141 dur_ns=2409719 clt=2 wrkr=2 slot=0 size=1048584 src=worker:2 dst=client:2
event=req_send ts_ns=71431860 id=293 clt=2 wrkr=2 slot=1 size=17 src=client:2 dst=worker:2
event=resp_recv_ud ts_ns=71470605 id=293 clt=2 wrkr=2 slot=1 size=41 src=worker:2 dst=client:2
event=resp_rdma_read ts_ns=71478794 id=281 start_ns=68548629 dur_ns=2930165 clt=2 wrkr=0 slot=3 size=1048584 src=worker:0 dst=client:2
event=req_send ts_ns=71478794 id=294 clt=2 wrkr=1 slot=1 size=17 src=client:2 dst=worker:1
event=hand_send ts_ns=71479252 id=293 clt=2 wrkr=2 slot=1 size=10 src=client:2 dst=worker:2
event=resp_recv_ud ts_ns=71520184 id=294 clt=2 wrkr=1 slot=1 size=41 src=worker:1 dst=client:2
event=hand_send ts_ns=71528831 id=294 clt=2 wrkr=1 slot=1 size=10 src=client:2 dst=worker:1
event=resp_rdma_read ts_ns=71577728 id=286 start_ns=69286410 dur_ns=2291318 clt=2 wrkr=8 slot=1 size=1048584 src=worker:8 dst=client:2
event=req_send ts_ns=71577728 id=295 clt=2 wrkr=1 slot=2 size=17 src=client:2 dst=worker:1
event=resp_recv_ud ts_ns=71620605 id=295 clt=2 wrkr=1 slot=2 size=41 src=worker:1 dst=client:2
event=hand_send ts_ns=71629252 id=295 clt=2 wrkr=1 slot=2 size=10 src=client:2 dst=worker:1
event=resp_rdma_read ts_ns=73065720 id=288 start_ns=70100736 dur_ns=2964984 clt=2 wrkr=1 slot=0 size=1048584 src=worker:1 dst=client:2
event=req_send ts_ns=73065720 id=300 clt=2 wrkr=8 slot=2 size=17 src=client:2 dst=worker:8
event=resp_recv_ud ts_ns=73106131 id=300 clt=2 wrkr=8 slot=2 size=41 src=worker:8 dst=client:2
event=hand_send ts_ns=73114778 id=300 clt=2 wrkr=8 slot=2 size=10 src=client:2 dst=worker:8
event=resp_rdma_read ts_ns=73951304 id=294 start_ns=71528831 dur_ns=2422473 clt=2 wrkr=1 slot=1 size=1048584 src=worker:1 dst=client:2
event=req_send ts_ns=73951304 id=303 clt=2 wrkr=10 slot=0 size=17 src=client:2 dst=worker:10
event=resp_recv_ud ts_ns=73990737 id=303 clt=2 wrkr=10 slot=0 size=41 src=worker:10 dst=client:2
event=hand_send ts_ns=73999384 id=303 clt=2 wrkr=10 slot=0 size=10 src=client:2 dst=worker:10
event=resp_rdma_read ts_ns=74185468 id=295 start_ns=71629252 dur_ns=2556216 clt=2 wrkr=1 slot=2 size=1048584 src=worker:1 dst=client:2
event=req_send ts_ns=74185468 id=305 clt=2 wrkr=3 slot=1 size=17 src=client:2 dst=worker:3
event=resp_recv_ud ts_ns=74227204 id=305 clt=2 wrkr=3 slot=1 size=41 src=worker:3 dst=client:2
event=hand_send ts_ns=74235851 id=305 clt=2 wrkr=3 slot=1 size=10 src=client:2 dst=worker:3
event=resp_rdma_read ts_ns=74757427 id=293 start_ns=71479252 dur_ns=3278175 clt=2 wrkr=2 slot=1 size=1048584 src=worker:2 dst=client:2
event=req_send ts_ns=74757427 id=309 clt=2 wrkr=3 slot=2 size=17 src=client:2 dst=worker:3
event=resp_recv_ud ts_ns=74796507 id=309 clt=2 wrkr=3 slot=2 size=41 src=worker:3 dst=client:2
event=hand_send ts_ns=74805154 id=309 clt=2 wrkr=3 slot=2 size=10 src=client:2 dst=worker:3
event=resp_rdma_read ts_ns=76090315 id=300 start_ns=73114778 dur_ns=2975537 clt=2 wrkr=8 slot=2 size=1048584 src=worker:8 dst=client:2
event=req_send ts_ns=76090315 id=312 clt=2 wrkr=10 slot=1 size=17 src=client:2 dst=worker:10
event=resp_recv_ud ts_ns=76130777 id=312 clt=2 wrkr=10 slot=1 size=41 src=worker:10 dst=client:2
event=hand_send ts_ns=76139424 id=312 clt=2 wrkr=10 slot=1 size=10 src=client:2 dst=worker:10
event=resp_rdma_read ts_ns=76651582 id=305 start_ns=74235851 dur_ns=2415731 clt=2 wrkr=3 slot=1 size=1048584 src=worker:3 dst=client:2
event=req_send ts_ns=76651582 id=314 clt=2 wrkr=4 slot=2 size=17 src=client:2 dst=worker:4
event=resp_recv_ud ts_ns=76691054 id=314 clt=2 wrkr=4 slot=2 size=41 src=worker:4 dst=client:2
event=hand_send ts_ns=76699701 id=314 clt=2 wrkr=4 slot=2 size=10 src=client:2 dst=worker:4
event=resp_rdma_read ts_ns=76903096 id=303 start_ns=73999384 dur_ns=2903712 clt=2 wrkr=10 slot=0 size=1048584 src=worker:10 dst=client:2
event=req_send ts_ns=76903096 id=317 clt=2 wrkr=1 slot=3 size=17 src=client:2 dst=worker:1
event=resp_recv_ud ts_ns=76963441 id=317 clt=2 wrkr=1 slot=3 size=41 src=worker:1 dst=client:2
event=hand_send ts_ns=76972088 id=317 clt=2 wrkr=1 slot=3 size=10 src=client:2 dst=worker:1
event=resp_rdma_read ts_ns=77794214 id=309 start_ns=74805154 dur_ns=2989060 clt=2 wrkr=3 slot=2 size=1048584 src=worker:3 dst=client:2
event=req_send ts_ns=77794214 id=320 clt=2 wrkr=3 slot=3 size=17 src=client:2 dst=worker:3
event=resp_recv_ud ts_ns=77833752 id=320 clt=2 wrkr=3 slot=3 size=41 src=worker:3 dst=client:2
event=hand_send ts_ns=77842399 id=320 clt=2 wrkr=3 slot=3 size=10 src=client:2 dst=worker:3
event=resp_rdma_read ts_ns=79114472 id=312 start_ns=76139424 dur_ns=2975048 clt=2 wrkr=10 slot=1 size=1048584 src=worker:10 dst=client:2
event=req_send ts_ns=79114472 id=324 clt=2 wrkr=6 slot=1 size=17 src=client:2 dst=worker:6
event=resp_recv_ud ts_ns=79154679 id=324 clt=2 wrkr=6 slot=1 size=41 src=worker:6 dst=client:2
event=hand_send ts_ns=79163326 id=324 clt=2 wrkr=6 slot=1 size=10 src=client:2 dst=worker:6
event=resp_rdma_read ts_ns=79639451 id=314 start_ns=76699701 dur_ns=2939750 clt=2 wrkr=4 slot=2 size=1048584 src=worker:4 dst=client:2
event=req_send ts_ns=79639451 id=327 clt=2 wrkr=11 slot=0 size=17 src=client:2 dst=worker:11
event=resp_recv_ud ts_ns=79678431 id=327 clt=2 wrkr=11 slot=0 size=41 src=worker:11 dst=client:2
event=hand_send ts_ns=79687078 id=327 clt=2 wrkr=11 slot=0 size=10 src=client:2 dst=worker:11
event=resp_rdma_read ts_ns=79949204 id=317 start_ns=76972088 dur_ns=2977116 clt=2 wrkr=1 slot=3 size=1048584 src=worker:1 dst=client:2
event=req_send ts_ns=79949204 id=328 clt=2 wrkr=6 slot=2 size=17 src=client:2 dst=worker:6
event=resp_recv_ud ts_ns=79988398 id=328 clt=2 wrkr=6 slot=2 size=41 src=worker:6 dst=client:2
event=hand_send ts_ns=79997045 id=328 clt=2 wrkr=6 slot=2 size=10 src=client:2 dst=worker:6
event=resp_rdma_read ts_ns=80807754 id=320 start_ns=77842399 dur_ns=2965355 clt=2 wrkr=3 slot=3 size=1048584 src=worker:3 dst=client:2
event=req_send ts_ns=80807754 id=332 clt=2 wrkr=7 slot=3 size=17 src=client:2 dst=worker:7
event=resp_recv_ud ts_ns=80847081 id=332 clt=2 wrkr=7 slot=3 size=41 src=worker:7 dst=client:2
event=hand_send ts_ns=80855728 id=332 clt=2 wrkr=7 slot=3 size=10 src=client:2 dst=worker:7
event=resp_rdma_read ts_ns=82114033 id=324 start_ns=79163326 dur_ns=2950707 clt=2 wrkr=6 slot=1 size=1048584 src=worker:6 dst=client:2
event=req_send ts_ns=82114033 id=337 clt=2 wrkr=7 slot=0 size=17 src=client:2 dst=worker:7
event=resp_recv_ud ts_ns=82153665 id=337 clt=2 wrkr=7 slot=0 size=41 src=worker:7 dst=client:2
event=hand_send ts_ns=82162312 id=337 clt=2 wrkr=7 slot=0 size=10 src=client:2 dst=worker:7
event=resp_rdma_read ts_ns=82605422 id=327 start_ns=79687078 dur_ns=2918344 clt=2 wrkr=11 slot=0 size=1048584 src=worker:11 dst=client:2
event=req_send ts_ns=82605422 id=339 clt=2 wrkr=6 slot=3 size=17 src=client:2 dst=worker:6
event=resp_recv_ud ts_ns=82644568 id=339 clt=2 wrkr=6 slot=3 size=41 src=worker:6 dst=client:2
event=hand_send ts_ns=82653215 id=339 clt=2 wrkr=6 slot=3 size=10 src=client:2 dst=worker:6
event=resp_rdma_read ts_ns=82920251 id=328 start_ns=79997045 dur_ns=2923206 clt=2 wrkr=6 slot=2 size=1048584 src=worker:6 dst=client:2
event=req_send ts_ns=82920251 id=340 clt=2 wrkr=8 slot=3 size=17 src=client:2 dst=worker:8
event=resp_recv_ud ts_ns=82959591 id=340 clt=2 wrkr=8 slot=3 size=41 src=worker:8 dst=client:2
event=hand_send ts_ns=82968238 id=340 clt=2 wrkr=8 slot=3 size=10 src=client:2 dst=worker:8
event=resp_rdma_read ts_ns=83781064 id=332 start_ns=80855728 dur_ns=2925336 clt=2 wrkr=7 slot=3 size=1048584 src=worker:7 dst=client:2
event=req_send ts_ns=83781064 id=345 clt=2 wrkr=5 slot=0 size=17 src=client:2 dst=worker:5
event=resp_recv_ud ts_ns=83833338 id=345 clt=2 wrkr=5 slot=0 size=41 src=worker:5 dst=client:2
event=hand_send ts_ns=83841985 id=345 clt=2 wrkr=5 slot=0 size=10 src=client:2 dst=worker:5
event=resp_rdma_read ts_ns=85087458 id=337 start_ns=82162312 dur_ns=2925146 clt=2 wrkr=7 slot=0 size=1048584 src=worker:7 dst=client:2
event=req_send ts_ns=85087458 id=349 clt=2 wrkr=0 slot=0 size=17 src=client:2 dst=worker:0
event=resp_recv_ud ts_ns=85127086 id=349 clt=2 wrkr=0 slot=0 size=41 src=worker:0 dst=client:2
event=hand_send ts_ns=85135733 id=349 clt=2 wrkr=0 slot=0 size=10 src=client:2 dst=worker:0
event=resp_rdma_read ts_ns=85579965 id=339 start_ns=82653215 dur_ns=2926750 clt=2 wrkr=6 slot=3 size=1048584 src=worker:6 dst=client:2
event=req_send ts_ns=85579965 id=351 clt=2 wrkr=11 slot=1 size=17 src=client:2 dst=worker:11
event=resp_recv_ud ts_ns=85619263 id=351 clt=2 wrkr=11 slot=1 size=41 src=worker:11 dst=client:2
event=hand_send ts_ns=85627910 id=351 clt=2 wrkr=11 slot=1 size=10 src=client:2 dst=worker:11
event=resp_rdma_read ts_ns=85891357 id=340 start_ns=82968238 dur_ns=2923119 clt=2 wrkr=8 slot=3 size=1048584 src=worker:8 dst=client:2
event=req_send ts_ns=85891357 id=352 clt=2 wrkr=10 slot=2 size=17 src=client:2 dst=worker:10
event=resp_recv_ud ts_ns=85930846 id=352 clt=2 wrkr=10 slot=2 size=41 src=worker:10 dst=client:2
event=hand_send ts_ns=85939493 id=352 clt=2 wrkr=10 slot=2 size=10 src=client:2 dst=worker:10
event=resp_rdma_read ts_ns=86264237 id=345 start_ns=83841985 dur_ns=2422252 clt=2 wrkr=5 slot=0 size=1048584 src=worker:5 dst=client:2
event=req_send ts_ns=86264237 id=355 clt=2 wrkr=2 slot=2 size=17 src=client:2 dst=worker:2
event=resp_recv_ud ts_ns=86326719 id=355 clt=2 wrkr=2 slot=2 size=41 src=worker:2 dst=client:2
event=hand_send ts_ns=86335366 id=355 clt=2 wrkr=2 slot=2 size=10 src=client:2 dst=worker:2
event=resp_rdma_read ts_ns=88072422 id=349 start_ns=85135733 dur_ns=2936689 clt=2 wrkr=0 slot=0 size=1048584 src=worker:0 dst=client:2
event=req_send ts_ns=88072422 id=361 clt=2 wrkr=11 slot=2 size=17 src=client:2 dst=worker:11
event=resp_recv_ud ts_ns=88112005 id=361 clt=2 wrkr=11 slot=2 size=41 src=worker:11 dst=client:2
event=hand_send ts_ns=88120652 id=361 clt=2 wrkr=11 slot=2 size=10 src=client:2 dst=worker:11
event=resp_rdma_read ts_ns=88568728 id=351 start_ns=85627910 dur_ns=2940818 clt=2 wrkr=11 slot=1 size=1048584 src=worker:11 dst=client:2
event=req_send ts_ns=88568728 id=363 clt=2 wrkr=0 slot=1 size=17 src=client:2 dst=worker:0
event=resp_recv_ud ts_ns=88608239 id=363 clt=2 wrkr=0 slot=1 size=41 src=worker:0 dst=client:2
event=hand_send ts_ns=88616886 id=363 clt=2 wrkr=0 slot=1 size=10 src=client:2 dst=worker:0
event=resp_rdma_read ts_ns=88876441 id=352 start_ns=85939493 dur_ns=2936948 clt=2 wrkr=10 slot=2 size=1048584 src=worker:10 dst=client:2
event=req_send ts_ns=88876441 id=364 clt=2 wrkr=2 slot=3 size=17 src=client:2 dst=worker:2
event=resp_recv_ud ts_ns=88915976 id=364 clt=2 wrkr=2 slot=3 size=41 src=worker:2 dst=client:2
event=hand_send ts_ns=88924623 id=364 clt=2 wrkr=2 slot=3 size=10 src=client:2 dst=worker:2
event=resp_rdma_read ts_ns=89053483 id=355 start_ns=86335366 dur_ns=2718117 clt=2 wrkr=2 slot=2 size=1048584 src=worker:2 dst=client:2
event=req_send ts_ns=89053483 id=365 clt=2 wrkr=1 slot=0 size=17 src=client:2 dst=worker:1
event=resp_recv_ud ts_ns=89092551 id=365 clt=2 wrkr=1 slot=0 size=41 src=worker:1 dst=client:2
event=hand_send ts_ns=89101198 id=365 clt=2 wrkr=1 slot=0 size=10 src=client:2 dst=worker:1
event=resp_rdma_read ts_ns=91085361 id=361 start_ns=88120652 dur_ns=2964709 clt=2 wrkr=11 slot=2 size=1048584 src=worker:11 dst=client:2
event=req_send ts_ns=91085361 id=373 clt=2 wrkr=0 slot=2 size=17 src=client:2 dst=worker:0
event=resp_recv_ud ts_ns=91124977 id=373 clt=2 wrkr=0 slot=2 size=41 src=worker:0 dst=client:2
event=hand_send ts_ns=91133624 id=373 clt=2 wrkr=0 slot=2 size=10 src=client:2 dst=worker:0
event=resp_rdma_read ts_ns=91572603 id=363 start_ns=88616886 dur_ns=2955717 clt=2 wrkr=0 slot=1 size=1048584 src=worker:0 dst=client:2
event=req_send ts_ns=91572603 id=376 clt=2 wrkr=7 slot=1 size=17 src=client:2 dst=worker:7
event=resp_recv_ud ts_ns=91627926 id=376 clt=2 wrkr=7 slot=1 size=41 src=worker:7 dst=client:2
event=hand_send ts_ns=91636573 id=376 clt=2 wrkr=7 slot=1 size=10 src=client:2 dst=worker:7
event=resp_rdma_read ts_ns=91868346 id=364 start_ns=88924623 dur_ns=2943723 clt=2 wrkr=2 slot=3 size=1048584 src=worker:2 dst=client:2
event=req_send ts_ns=91868346 id=377 clt=2 wrkr=5 slot=1 size=17 src=client:2 dst=worker:5
event=resp_recv_ud ts_ns=91907074 id=377 clt=2 wrkr=5 slot=1 size=41 src=worker:5 dst=client:2
event=hand_send ts_ns=91915721 id=377 clt=2 wrkr=5 slot=1 size=10 src=client:2 dst=worker:5
event=resp_rdma_read ts_ns=92333897 id=365 start_ns=89101198 dur_ns=3232699 clt=2 wrkr=1 slot=0 size=1048584 src=worker:1 dst=client:2
event=req_send ts_ns=92333897 id=378 clt=2 wrkr=5 slot=2 size=17 src=client:2 dst=worker:5
event=resp_recv_ud ts_ns=92373458 id=378 clt=2 wrkr=5 slot=2 size=41 src=worker:5 dst=client:2
event=hand_send ts_ns=92382105 id=378 clt=2 wrkr=5 slot=2 size=10 src=client:2 dst=worker:5
event=resp_rdma_read ts_ns=94077064 id=373 start_ns=91133624 dur_ns=2943440 clt=2 wrkr=0 slot=2 size=1048584 src=worker:0 dst=client:2
event=req_send ts_ns=94077064 id=385 clt=2 wrkr=5 slot=3 size=17 src=client:2 dst=worker:5
event=resp_recv_ud ts_ns=94116885 id=385 clt=2 wrkr=5 slot=3 size=41 src=worker:5 dst=client:2
event=hand_send ts_ns=94125532 id=385 clt=2 wrkr=5 slot=3 size=10 src=client:2 dst=worker:5
event=resp_rdma_read ts_ns=94387953 id=376 start_ns=91636573 dur_ns=2751380 clt=2 wrkr=7 slot=1 size=1048584 src=worker:7 dst=client:2
event=req_send ts_ns=94387953 id=387 clt=2 wrkr=4 slot=3 size=17 src=client:2 dst=worker:4
event=resp_recv_ud ts_ns=94433667 id=387 clt=2 wrkr=4 slot=3 size=41 src=worker:4 dst=client:2
event=hand_send ts_ns=94442314 id=387 clt=2 wrkr=4 slot=3 size=10 src=client:2 dst=worker:4
event=resp_rdma_read ts_ns=94826225 id=377 start_ns=91915721 dur_ns=2910504 clt=2 wrkr=5 slot=1 size=1048584 src=worker:5 dst=client:2
event=req_send ts_ns=94826225 id=389 clt=2 wrkr=6 slot=0 size=17 src=client:2 dst=worker:6
event=resp_recv_ud ts_ns=94865135 id=389 clt=2 wrkr=6 slot=0 size=41 src=worker:6 dst=client:2
event=hand_send ts_ns=94873782 id=389 clt=2 wrkr=6 slot=0 size=10 src=client:2 dst=worker:6
event=resp_rdma_read ts_ns=95620860 id=378 start_ns=92382105 dur_ns=3238755 clt=2 wrkr=5 slot=2 size=1048584 src=worker:5 dst=client:2
event=req_send ts_ns=95620860 id=393 clt=2 wrkr=3 slot=0 size=17 src=client:2 dst=worker:3
event=resp_recv_ud ts_ns=95666869 id=393 clt=2 wrkr=3 slot=0 size=41 src=worker:3 dst=client:2
event=hand_send ts_ns=95675516 id=393 clt=2 wrkr=3 slot=0 size=10 src=client:2 dst=worker:3
event=resp_rdma_read ts_ns=96748548 id=387 start_ns=94442314 dur_ns=2306234 clt=2 wrkr=4 slot=3 size=1048584 src=worker:4 dst=client:2
event=req_send ts_ns=96748548 id=396 clt=2 wrkr=0 slot=3 size=17 src=client:2 dst=worker:0
event=resp_recv_ud ts_ns=96788259 id=396 clt=2 wrkr=0 slot=3 size=41 src=worker:0 dst=client:2
event=hand_send ts_ns=96796906 id=396 clt=2 wrkr=0 slot=3 size=10 src=client:2 dst=worker:0
event=resp_rdma_read ts_ns=97086230 id=385 start_ns=94125532 dur_ns=2960698 clt=2 wrkr=5 slot=3 size=1048584 src=worker:5 dst=client:2
event=req_send ts_ns=97086230 id=398 clt=2 wrkr=10 slot=3 size=17 src=client:2 dst=worker:10
event=resp_recv_ud ts_ns=97125235 id=398 clt=2 wrkr=10 slot=3 size=41 src=worker:10 dst=client:2
event=hand_send ts_ns=97133882 id=398 clt=2 wrkr=10 slot=3 size=10 src=client:2 dst=worker:10
event=resp_rdma_read ts_ns=97805332 id=389 start_ns=94873782 dur_ns=2931550 clt=2 wrkr=6 slot=0 size=1048584 src=worker:6 dst=client:2
event=req_send ts_ns=97805332 id=401 clt=2 wrkr=3 slot=1 size=17 src=client:2 dst=worker:3
event=resp_recv_ud ts_ns=97844391 id=401 clt=2 wrkr=3 slot=1 size=41 src=worker:3 dst=client:2
event=hand_send ts_ns=97853038 id=401 clt=2 wrkr=3 slot=1 size=10 src=client:2 dst=worker:3
event=resp_rdma_read ts_ns=97951268 id=393 start_ns=95675516 dur_ns=2275752 clt=2 wrkr=3 slot=0 size=1048584 src=worker:3 dst=client:2
event=req_send ts_ns=97951268 id=402 clt=2 wrkr=0 slot=0 size=17 src=client:2 dst=worker:0
event=resp_recv_ud ts_ns=97990161 id=402 clt=2 wrkr=0 slot=0 size=41 src=worker:0 dst=client:2
event=hand_send ts_ns=97998808 id=402 clt=2 wrkr=0 slot=0 size=10 src=client:2 dst=worker:0
event=resp_rdma_read ts_ns=100055437 id=398 start_ns=97133882 dur_ns=2921555 clt=2 wrkr=10 slot=3 size=1048584 src=worker:10 dst=client:2
event=req_send ts_ns=100055437 id=409 clt=2 wrkr=10 slot=0 size=17 src=client:2 dst=worker:10
event=resp_rdma_read ts_ns=100058496 id=396 start_ns=96796906 dur_ns=3261590 clt=2 wrkr=0 slot=3 size=1048584 src=worker:0 dst=client:2
event=req_send ts_ns=100058496 id=410 clt=2 wrkr=9 slot=1 size=17 src=client:2 dst=worker:9
event=resp_recv_ud ts_ns=100096478 id=409 clt=2 wrkr=10 slot=0 size=41 src=worker:10 dst=client:2
event=hand_send ts_ns=100105125 id=409 clt=2 wrkr=10 slot=0 size=10 src=client:2 dst=worker:10
event=resp_recv_ud ts_ns=100113970 id=410 clt=2 wrkr=9 slot=1 size=41 src=worker:9 dst=client:2
event=hand_send ts_ns=100122617 id=410 clt=2 wrkr=9 slot=1 size=10 src=client:2 dst=worker:9
event=resp_rdma_read ts_ns=100791104 id=401 start_ns=97853038 dur_ns=2938066 clt=2 wrkr=3 slot=1 size=1048584 src=worker:3 dst=client:2
event=req_send ts_ns=100791104 id=414 clt=2 wrkr=3 slot=2 size=17 src=client:2 dst=worker:3
event=resp_recv_ud ts_ns=100830402 id=414 clt=2 wrkr=3 slot=2 size=41 src=worker:3 dst=client:2
event=hand_send ts_ns=100839049 id=414 clt=2 wrkr=3 slot=2 size=10 src=client:2 dst=worker:3
event=resp_rdma_read ts_ns=101238274 id=402 start_ns=97998808 dur_ns=3239466 clt=2 wrkr=0 slot=0 size=1048584 src=worker:0 dst=client:2
event=req_send ts_ns=101238274 id=416 clt=2 wrkr=1 slot=1 size=17 src=client:2 dst=worker:1
event=resp_recv_ud ts_ns=101285238 id=416 clt=2 wrkr=1 slot=1 size=41 src=worker:1 dst=client:2
event=hand_send ts_ns=101293885 id=416 clt=2 wrkr=1 slot=1 size=10 src=client:2 dst=worker:1
event=resp_rdma_read ts_ns=102887568 id=410 start_ns=100122617 dur_ns=2764951 clt=2 wrkr=9 slot=1 size=1048584 src=worker:9 dst=client:2
event=req_send ts_ns=102887568 id=421 clt=2 wrkr=2 slot=0 size=17 src=client:2 dst=worker:2
event=resp_recv_ud ts_ns=102927273 id=421 clt=2 wrkr=2 slot=0 size=41 src=worker:2 dst=client:2
event=hand_send ts_ns=102935920 id=421 clt=2 wrkr=2 slot=0 size=10 src=client:2 dst=worker:2
event=resp_rdma_read ts_ns=103092736 id=409 start_ns=100105125 dur_ns=2987611 clt=2 wrkr=10 slot=0 size=1048584 src=worker:10 dst=client:2
event=req_send ts_ns=103092736 id=422 clt=2 wrkr=6 slot=1 size=17 src=client:2 dst=worker:6
event=resp_recv_ud ts_ns=103131752 id=422 clt=2 wrkr=6 slot=1 size=41 src=worker:6 dst=client:2
event=hand_send ts_ns=103140399 id=422 clt=2 wrkr=6 slot=1 size=10 src=client:2 dst=worker:6
event=resp_rdma_read ts_ns=103599810 id=416 start_ns=101293885 dur_ns=2305925 clt=2 wrkr=1 slot=1 size=1048584 src=worker:1 dst=client:2
event=req_send ts_ns=103599810 id=426 clt=2 wrkr=4 slot=0 size=17 src=client:2 dst=worker:4
event=resp_recv_ud ts_ns=103662385 id=426 clt=2 wrkr=4 slot=0 size=41 src=worker:4 dst=client:2
event=hand_send ts_ns=103671032 id=426 clt=2 wrkr=4 slot=0 size=10 src=client:2 dst=worker:4
event=resp_rdma_read ts_ns=103805209 id=414 start_ns=100839049 dur_ns=2966160 clt=2 wrkr=3 slot=2 size=1048584 src=worker:3 dst=client:2
event=req_send ts_ns=103805209 id=427 clt=2 wrkr=5 slot=0 size=17 src=client:2 dst=worker:5
event=resp_recv_ud ts_ns=103843926 id=427 clt=2 wrkr=5 slot=0 size=41 src=worker:5 dst=client:2
event=hand_send ts_ns=103852573 id=427 clt=2 wrkr=5 slot=0 size=10 src=client:2 dst=worker:5
event=resp_rdma_read ts_ns=105873666 id=421 start_ns=102935920 dur_ns=2937746 clt=2 wrkr=2 slot=0 size=1048584 src=worker:2 dst=client:2
event=req_send ts_ns=105873666 id=434 clt=2 wrkr=11 slot=3 size=17 src=client:2 dst=worker:11
event=resp_recv_ud ts_ns=105912323 id=434 clt=2 wrkr=11 slot=3 size=41 src=worker:11 dst=client:2
event=hand_send ts_ns=105920970 id=434 clt=2 wrkr=11 slot=3 size=10 src=client:2 dst=worker:11
event=resp_rdma_read ts_ns=106080595 id=422 start_ns=103140399 dur_ns=2940196 clt=2 wrkr=6 slot=1 size=1048584 src=worker:6 dst=client:2
event=req_send ts_ns=106080595 id=435 clt=2 wrkr=5 slot=1 size=17 src=client:2 dst=worker:5
event=resp_recv_ud ts_ns=106119222 id=435 clt=2 wrkr=5 slot=1 size=41 src=worker:5 dst=client:2
event=hand_send ts_ns=106127869 id=435 clt=2 wrkr=5 slot=1 size=10 src=client:2 dst=worker:5
event=resp_rdma_read ts_ns=106731269 id=426 start_ns=103671032 dur_ns=3060237 clt=2 wrkr=4 slot=0 size=1048584 src=worker:4 dst=client:2
event=req_send ts_ns=106731269 id=438 clt=2 wrkr=8 slot=0 size=17 src=client:2 dst=worker:8
event=resp_recv_ud ts_ns=106770264 id=438 clt=2 wrkr=8 slot=0 size=41 src=worker:8 dst=client:2
event=hand_send ts_ns=106778911 id=438 clt=2 wrkr=8 slot=0 size=10 src=client:2 dst=worker:8
event=resp_rdma_read ts_ns=106820534 id=427 start_ns=103852573 dur_ns=2967961 clt=2 wrkr=5 slot=0 size=1048584 src=worker:5 dst=client:2
event=req_send ts_ns=106820534 id=439 clt=2 wrkr=6 slot=2 size=17 src=client:2 dst=worker:6
event=resp_recv_ud ts_ns=106863211 id=439 clt=2 wrkr=6 slot=2 size=41 src=worker:6 dst=client:2
event=hand_send ts_ns=106871858 id=439 clt=2 wrkr=6 slot=2 size=10 src=client:2 dst=worker:6
event=resp_rdma_read ts_ns=108837433 id=434 start_ns=105920970 dur_ns=2916463 clt=2 wrkr=11 slot=3 size=1048584 src=worker:11 dst=client:2
event=req_send ts_ns=108837433 id=446 clt=2 wrkr=11 slot=0 size=17 src=client:2 dst=worker:11
event=resp_recv_ud ts_ns=108876250 id=446 clt=2 wrkr=11 slot=0 size=41 src=worker:11 dst=client:2
event=hand_send ts_ns=108884897 id=446 clt=2 wrkr=11 slot=0 size=10 src=client:2 dst=worker:11
event=resp_rdma_read ts_ns=109036304 id=435 start_ns=106127869 dur_ns=2908435 clt=2 wrkr=5 slot=1 size=1048584 src=worker:5 dst=client:2
event=req_send ts_ns=109036304 id=447 clt=2 wrkr=10 slot=1 size=17 src=client:2 dst=worker:10
event=resp_recv_ud ts_ns=109074953 id=447 clt=2 wrkr=10 slot=1 size=41 src=worker:10 dst=client:2
event=hand_send ts_ns=109083600 id=447 clt=2 wrkr=10 slot=1 size=10 src=client:2 dst=worker:10
event=resp_rdma_read ts_ns=109446691 id=439 start_ns=106871858 dur_ns=2574833 clt=2 wrkr=6 slot=2 size=1048584 src=worker:6 dst=client:2
event=req_send ts_ns=109446691 id=450 clt=2 wrkr=8 slot=1 size=17 src=client:2 dst=worker:8
event=resp_recv_ud ts_ns=109496291 id=450 clt=2 wrkr=8 slot=1 size=41 src=worker:8 dst=client:2
event=hand_send ts_ns=109504938 id=450 clt=2 wrkr=8 slot=1 size=10 src=client:2 dst=worker:8
event=resp_rdma_read ts_ns=109699368 id=438 start_ns=106778911 dur_ns=2920457 clt=2 wrkr=8 slot=0 size=1048584 src=worker:8 dst=client:2
event=req_send ts_ns=109699368 id=451 clt=2 wrkr=10 slot=2 size=17 src=client:2 dst=worker:10
event=resp_recv_ud ts_ns=109737950 id=451 clt=2 wrkr=10 slot=2 size=41 src=worker:10 dst=client:2
event=hand_send ts_ns=109746597 id=451 clt=2 wrkr=10 slot=2 size=10 src=client:2 dst=worker:10
event=resp_rdma_read ts_ns=111801307 id=446 start_ns=108884897 dur_ns=2916410 clt=2 wrkr=11 slot=0 size=1048584 src=worker:11 dst=client:2
event=req_send ts_ns=111801307 id=458 clt=2 wrkr=5 slot=2 size=17 src=client:2 dst=worker:5
event=resp_recv_ud ts_ns=111840148 id=458 clt=2 wrkr=5 slot=2 size=41 src=worker:5 dst=client:2
event=hand_send ts_ns=111848795 id=458 clt=2 wrkr=5 slot=2 size=10 src=client:2 dst=worker:5
event=resp_rdma_read ts_ns=111997019 id=447 start_ns=109083600 dur_ns=2913419 clt=2 wrkr=10 slot=1 size=1048584 src=worker:10 dst=client:2
event=req_send ts_ns=111997019 id=459 clt=2 wrkr=4 slot=1 size=17 src=client:2 dst=worker:4
event=resp_recv_ud ts_ns=112035623 id=459 clt=2 wrkr=4 slot=1 size=41 src=worker:4 dst=client:2
event=hand_send ts_ns=112044270 id=459 clt=2 wrkr=4 slot=1 size=10 src=client:2 dst=worker:4
event=resp_rdma_read ts_ns=112241784 id=450 start_ns=109504938 dur_ns=2736846 clt=2 wrkr=8 slot=1 size=1048584 src=worker:8 dst=client:2
event=req_send ts_ns=112241784 id=461 clt=2 wrkr=8 slot=2 size=17 src=client:2 dst=worker:8
event=resp_recv_ud ts_ns=112301338 id=461 clt=2 wrkr=8 slot=2 size=41 src=worker:8 dst=client:2
event=hand_send ts_ns=112309985 id=461 clt=2 wrkr=8 slot=2 size=10 src=client:2 dst=worker:8
event=resp_rdma_read ts_ns=112670757 id=451 start_ns=109746597 dur_ns=2924160 clt=2 wrkr=10 slot=2 size=1048584 src=worker:10 dst=client:2
event=req_send ts_ns=112670757 id=463 clt=2 wrkr=10 slot=3 size=17 src=client:2 dst=worker:10
event=resp_recv_ud ts_ns=112709584 id=463 clt=2 wrkr=10 slot=3 size=41 src=worker:10 dst=client:2
event=hand_send ts_ns=112718231 id=463 clt=2 wrkr=10 slot=3 size=10 src=client:2 dst=worker:10
event=resp_rdma_read ts_ns=114765023 id=458 start_ns=111848795 dur_ns=2916228 clt=2 wrkr=5 slot=2 size=1048584 src=worker:5 dst=client:2
event=req_send ts_ns=114765023 id=470 clt=2 wrkr=9 slot=2 size=17 src=client:2 dst=worker:9
event=resp_recv_ud ts_ns=114804387 id=470 clt=2 wrkr=9 slot=2 size=41 src=worker:9 dst=client:2
event=hand_send ts_ns=114813034 id=470 clt=2 wrkr=9 slot=2 size=10 src=client:2 dst=worker:9
event=resp_rdma_read ts_ns=114882851 id=461 start_ns=112309985 dur_ns=2572866 clt=2 wrkr=8 slot=2 size=1048584 src=worker:8 dst=client:2
event=req_send ts_ns=114882851 id=471 clt=2 wrkr=7 slot=2 size=17 src=client:2 dst=worker:7
event=resp_recv_ud ts_ns=114921601 id=471 clt=2 wrkr=7 slot=2 size=41 src=worker:7 dst=client:2
event=hand_send ts_ns=114930248 id=471 clt=2 wrkr=7 slot=2 size=10 src=client:2 dst=worker:7
event=resp_rdma_read ts_ns=114956542 id=459 start_ns=112044270 dur_ns=2912272 clt=2 wrkr=4 slot=1 size=1048584 src=worker:4 dst=client:2
event=req_send ts_ns=114956542 id=472 clt=2 wrkr=1 slot=2 size=17 src=client:2 dst=worker:1
event=resp_recv_ud ts_ns=115002598 id=472 clt=2 wrkr=1 slot=2 size=41 src=worker:1 dst=client:2
event=hand_send ts_ns=115011245 id=472 clt=2 wrkr=1 slot=2 size=10 src=client:2 dst=worker:1
event=resp_rdma_read ts_ns=115674193 id=463 start_ns=112718231 dur_ns=2955962 clt=2 wrkr=10 slot=3 size=1048584 src=worker:10 dst=client:2
event=req_send ts_ns=115674193 id=475 clt=2 wrkr=5 slot=3 size=17 src=client:2 dst=worker:5
event=resp_recv_ud ts_ns=115712855 id=475 clt=2 wrkr=5 slot=3 size=41 src=worker:5 dst=client:2
event=hand_send ts_ns=115721502 id=475 clt=2 wrkr=5 slot=3 size=10 src=client:2 dst=worker:5
event=resp_rdma_read ts_ns=117310072 id=472 start_ns=115011245 dur_ns=2298827 clt=2 wrkr=1 slot=2 size=1048584 src=worker:1 dst=client:2
event=req_send ts_ns=117310072 id=481 clt=2 wrkr=4 slot=2 size=17 src=client:2 dst=worker:4
event=resp_recv_ud ts_ns=117372619 id=481 clt=2 wrkr=4 slot=2 size=41 src=worker:4 dst=client:2
event=hand_send ts_ns=117381266 id=481 clt=2 wrkr=4 slot=2 size=10 src=client:2 dst=worker:4
event=resp_rdma_read ts_ns=117696292 id=470 start_ns=114813034 dur_ns=2883258 clt=2 wrkr=9 slot=2 size=1048584 src=worker:9 dst=client:2
event=req_send ts_ns=117696292 id=483 clt=2 wrkr=5 slot=0 size=17 src=client:2 dst=worker:5
event=resp_recv_ud ts_ns=117743058 id=483 clt=2 wrkr=5 slot=0 size=41 src=worker:5 dst=client:2
event=hand_send ts_ns=117751705 id=483 clt=2 wrkr=5 slot=0 size=10 src=client:2 dst=worker:5
event=resp_rdma_read ts_ns=117846814 id=471 start_ns=114930248 dur_ns=2916566 clt=2 wrkr=7 slot=2 size=1048584 src=worker:7 dst=client:2
event=req_send ts_ns=117846814 id=484 clt=2 wrkr=5 slot=1 size=17 src=client:2 dst=worker:5
event=resp_recv_ud ts_ns=117885720 id=484 clt=2 wrkr=5 slot=1 size=41 src=worker:5 dst=client:2
event=hand_send ts_ns=117894367 id=484 clt=2 wrkr=5 slot=1 size=10 src=client:2 dst=worker:5
event=resp_rdma_read ts_ns=118691239 id=475 start_ns=115721502 dur_ns=2969737 clt=2 wrkr=5 slot=3 size=1048584 src=worker:5 dst=client:2
event=req_send ts_ns=118691239 id=487 clt=2 wrkr=7 slot=3 size=17 src=client:2 dst=worker:7
event=resp_recv_ud ts_ns=118738558 id=487 clt=2 wrkr=7 slot=3 size=41 src=worker:7 dst=client:2
event=hand_send ts_ns=118747205 id=487 clt=2 wrkr=7 slot=3 size=10 src=client:2 dst=worker:7
event=resp_rdma_read ts_ns=119923679 id=481 start_ns=117381266 dur_ns=2542413 clt=2 wrkr=4 slot=2 size=1048584 src=worker:4 dst=client:2
event=req_send ts_ns=119923679 id=491 clt=2 wrkr=4 slot=3 size=17 src=client:2 dst=worker:4
event=resp_recv_ud ts_ns=119962647 id=491 clt=2 wrkr=4 slot=3 size=41 src=worker:4 dst=client:2
event=hand_send ts_ns=119971294 id=491 clt=2 wrkr=4 slot=3 size=10 src=client:2 dst=worker:4
event=resp_rdma_read ts_ns=120033342 id=483 start_ns=117751705 dur_ns=2281637 clt=2 wrkr=5 slot=0 size=1048584 src=worker:5 dst=client:2
event=req_send ts_ns=120033342 id=493 clt=2 wrkr=11 slot=1 size=17 src=client:2 dst=worker:11
event=resp_recv_ud ts_ns=120084576 id=493 clt=2 wrkr=11 slot=1 size=41 src=worker:11 dst=client:2
event=hand_send ts_ns=120093223 id=493 clt=2 wrkr=11 slot=1 size=10 src=client:2 dst=worker:11
event=resp_rdma_read ts_ns=120866667 id=484 start_ns=117894367 dur_ns=2972300 clt=2 wrkr=5 slot=1 size=1048584 src=worker:5 dst=client:2
event=req_send ts_ns=120866667 id=496 clt=2 wrkr=1 slot=3 size=17 src=client:2 dst=worker:1
event=resp_recv_ud ts_ns=120905983 id=496 clt=2 wrkr=1 slot=3 size=41 src=worker:1 dst=client:2
event=hand_send ts_ns=120914630 id=496 clt=2 wrkr=1 slot=3 size=10 src=client:2 dst=worker:1
event=resp_rdma_read ts_ns=121042336 id=487 start_ns=118747205 dur_ns=2295131 clt=2 wrkr=7 slot=3 size=1048584 src=worker:7 dst=client:2
event=req_send ts_ns=121042336 id=497 clt=2 wrkr=0 slot=1 size=17 src=client:2 dst=worker:0
event=resp_recv_ud ts_ns=121081574 id=497 clt=2 wrkr=0 slot=1 size=41 src=worker:0 dst=client:2
event=hand_send ts_ns=121090221 id=497 clt=2 wrkr=0 slot=1 size=10 src=client:2 dst=worker:0
event=resp_rdma_read ts_ns=122596292 id=493 start_ns=120093223 dur_ns=2503069 clt=2 wrkr=11 slot=1 size=1048584 src=worker:11 dst=client:2
event=req_send ts_ns=122596292 id=502 clt=2 wrkr=7 slot=0 size=17 src=client:2 dst=worker:7
event=resp_recv_ud ts_ns=122635033 id=502 clt=2 wrkr=7 slot=0 size=41 src=worker:7 dst=client:2
event=hand_send ts_ns=122643680 id=502 clt=2 wrkr=7 slot=0 size=10 src=client:2 dst=worker:7
event=resp_rdma_read ts_ns=123202572 id=491 start_ns=119971294 dur_ns=3231278 clt=2 wrkr=4 slot=3 size=1048584 src=worker:4 dst=client:2
event=req_send ts_ns=123202572 id=505 clt=2 wrkr=10 slot=0 size=17 src=client:2 dst=worker:10
event=resp_recv_ud ts_ns=123255121 id=505 clt=2 wrkr=10 slot=0 size=41 src=worker:10 dst=client:2
event=hand_send ts_ns=123263768 id=505 clt=2 wrkr=10 slot=0 size=10 src=client:2 dst=worker:10
event=resp_rdma_read ts_ns=123880892 id=496 start_ns=120914630 dur_ns=2966262 clt=2 wrkr=1 slot=3 size=1048584 src=worker:1 dst=client:2
event=req_send ts_ns=123880892 id=508 clt=2 wrkr=9 slot=3 size=17 src=client:2 dst=worker:9
event=resp_recv_ud ts_ns=123920043 id=508 clt=2 wrkr=9 slot=3 size=41 src=worker:9 dst=client:2
event=hand_send ts_ns=123928690 id=508 clt=2 wrkr=9 slot=3 size=10 src=client:2 dst=worker:9
event=resp_rdma_read ts_ns=124054994 id=497 start_ns=121090221 dur_ns=2964773 clt=2 wrkr=0 slot=1 size=1048584 src=worker:0 dst=client:2
event=req_send ts_ns=124054994 id=509 clt=2 wrkr=11 slot=2 size=17 src=client:2 dst=worker:11
event=resp_recv_ud ts_ns=124094075 id=509 clt=2 wrkr=11 slot=2 size=41 src=worker:11 dst=client:2
event=hand_send ts_ns=124102722 id=509 clt=2 wrkr=11 slot=2 size=10 src=client:2 dst=worker:11
event=resp_rdma_read ts_ns=125560695 id=502 start_ns=122643680 dur_ns=2917015 clt=2 wrkr=7 slot=0 size=1048584 src=worker:7 dst=client:2
event=req_send ts_ns=125560695 id=514 clt=2 wrkr=4 slot=0 size=17 src=client:2 dst=worker:4
event=resp_recv_ud ts_ns=125599398 id=514 clt=2 wrkr=4 slot=0 size=41 src=worker:4 dst=client:2
event=hand_send ts_ns=125608045 id=514 clt=2 wrkr=4 slot=0 size=10 src=client:2 dst=worker:4
event=resp_rdma_read ts_ns=125763071 id=505 start_ns=123263768 dur_ns=2499303 clt=2 wrkr=10 slot=0 size=1048584 src=worker:10 dst=client:2
event=req_send ts_ns=125763071 id=516 clt=2 wrkr=7 slot=1 size=17 src=client:2 dst=worker:7
event=resp_recv_ud ts_ns=125808259 id=516 clt=2 wrkr=7 slot=1 size=41 src=worker:7 dst=client:2
event=hand_send ts_ns=125816906 id=516 clt=2 wrkr=7 slot=1 size=10 src=client:2 dst=worker:7
event=resp_rdma_read ts_ns=126870120 id=508 start_ns=123928690 dur_ns=2941430 clt=2 wrkr=9 slot=3 size=1048584 src=worker:9 dst=client:2
event=req_send ts_ns=126870120 id=520 clt=2 wrkr=2 slot=1 size=17 src=client:2 dst=worker:2
event=resp_recv_ud ts_ns=126909326 id=520 clt=2 wrkr=2 slot=1 size=41 src=worker:2 dst=client:2
event=hand_send ts_ns=126917973 id=520 clt=2 wrkr=2 slot=1 size=10 src=client:2 dst=worker:2
event=resp_rdma_read ts_ns=127053484 id=509 start_ns=124102722 dur_ns=2950762 clt=2 wrkr=11 slot=2 size=1048584 src=worker:11 dst=client:2
event=req_send ts_ns=127053484 id=521 clt=2 wrkr=7 slot=2 size=17 src=client:2 dst=worker:7
event=resp_recv_ud ts_ns=127092571 id=521 clt=2 wrkr=7 slot=2 size=41 src=worker:7 dst=client:2
event=hand_send ts_ns=127101218 id=521 clt=2 wrkr=7 slot=2 size=10 src=client:2 dst=worker:7
event=resp_rdma_read ts_ns=128140981 id=516 start_ns=125816906 dur_ns=2324075 clt=2 wrkr=7 slot=1 size=1048584 src=worker:7 dst=client:2
event=req_send ts_ns=128140981 id=525 clt=2 wrkr=3 slot=3 size=17 src=client:2 dst=worker:3
event=resp_recv_ud ts_ns=128191452 id=525 clt=2 wrkr=3 slot=3 size=41 src=worker:3 dst=client:2
event=hand_send ts_ns=128200099 id=525 clt=2 wrkr=3 slot=3 size=10 src=client:2 dst=worker:3
event=resp_rdma_read ts_ns=128526398 id=514 start_ns=125608045 dur_ns=2918353 clt=2 wrkr=4 slot=0 size=1048584 src=worker:4 dst=client:2
event=req_send ts_ns=128526398 id=527 clt=2 wrkr=3 slot=0 size=17 src=client:2 dst=worker:3
event=resp_recv_ud ts_ns=128565076 id=527 clt=2 wrkr=3 slot=0 size=41 src=worker:3 dst=client:2
event=hand_send ts_ns=128573723 id=527 clt=2 wrkr=3 slot=0 size=10 src=client:2 dst=worker:3
event=resp_rdma_read ts_ns=129859000 id=520 start_ns=126917973 dur_ns=2941027 clt=2 wrkr=2 slot=1 size=1048584 src=worker:2 dst=client:2
event=req_send ts_ns=129859000 id=532 clt=2 wrkr=3 slot=1 size=17 src=client:2 dst=worker:3
event=resp_recv_ud ts_ns=129898331 id=532 clt=2 wrkr=3 slot=1 size=41 src=worker:3 dst=client:2
event=hand_send ts_ns=129906978 id=532 clt=2 wrkr=3 slot=1 size=10 src=client:2 dst=worker:3
event=resp_rdma_read ts_ns=130042607 id=521 start_ns=127101218 dur_ns=2941389 clt=2 wrkr=7 slot=2 size=1048584 src=worker:7 dst=client:2
event=req_send ts_ns=130042607 id=533 clt=2 wrkr=2 slot=2 size=17 src=client:2 dst=worker:2
event=resp_recv_ud ts_ns=130081690 id=533 clt=2 wrkr=2 slot=2 size=41 src=worker:2 dst=client:2
event=hand_send ts_ns=130090337 id=533 clt=2 wrkr=2 slot=2 size=10 src=client:2 dst=worker:2
event=resp_rdma_read ts_ns=130925604 id=525 start_ns=128200099 dur_ns=2725505 clt=2 wrkr=3 slot=3 size=1048584 src=worker:3 dst=client:2
event=req_send ts_ns=130925604 id=536 clt=2 wrkr=3 slot=2 size=17 src=client:2 dst=worker:3
event=resp_recv_ud ts_ns=130964948 id=536 clt=2 wrkr=3 slot=2 size=41 src=worker:3 dst=client:2
event=hand_send ts_ns=130973595 id=536 clt=2 wrkr=3 slot=2 size=10 src=client:2 dst=worker:3
event=resp_rdma_read ts_ns=131517836 id=527 start_ns=128573723 dur_ns=2944113 clt=2 wrkr=3 slot=0 size=1048584 src=worker:3 dst=client:2
event=req_send ts_ns=131517836 id=539 clt=2 wrkr=11 slot=3 size=17 src=client:2 dst=worker:11
event=resp_recv_ud ts_ns=131556539 id=539 clt=2 wrkr=11 slot=3 size=41 src=worker:11 dst=client:2
event=hand_send ts_ns=131565186 id=539 clt=2 wrkr=11 slot=3 size=10 src=client:2 dst=worker:11
event=resp_rdma_read ts_ns=132845805 id=532 start_ns=129906978 dur_ns=2938827 clt=2 wrkr=3 slot=1 size=1048584 src=worker:3 dst=client:2
event=req_send ts_ns=132845805 id=544 clt=2 wrkr=7 slot=3 size=17 src=client:2 dst=worker:7
event=resp_recv_ud ts_ns=132884885 id=544 clt=2 wrkr=7 slot=3 size=41 src=worker:7 dst=client:2
event=hand_send ts_ns=132893532 id=544 clt=2 wrkr=7 slot=3 size=10 src=client:2 dst=worker:7
event=resp_rdma_read ts_ns=133034643 id=533 start_ns=130090337 dur_ns=2944306 clt=2 wrkr=2 slot=2 size=1048584 src=worker:2 dst=client:2
event=req_send ts_ns=133034643 id=545 clt=2 wrkr=10 slot=1 size=17 src=client:2 dst=worker:10
event=resp_recv_ud ts_ns=133073555 id=545 clt=2 wrkr=10 slot=1 size=41 src=worker:10 dst=client:2
event=hand_send ts_ns=133082202 id=545 clt=2 wrkr=10 slot=1 size=10 src=client:2 dst=worker:10
event=resp_rdma_read ts_ns=133896144 id=536 start_ns=130973595 dur_ns=2922549 clt=2 wrkr=3 slot=2 size=1048584 src=worker:3 dst=client:2
event=req_send ts_ns=133896144 id=548 clt=2 wrkr=11 slot=0 size=17 src=client:2 dst=worker:11
event=resp_recv_ud ts_ns=133935460 id=548 clt=2 wrkr=11 slot=0 size=41 src=worker:11 dst=client:2
event=hand_send ts_ns=133944107 id=548 clt=2 wrkr=11 slot=0 size=10 src=client:2 dst=worker:11
event=resp_rdma_read ts_ns=134481953 id=539 start_ns=131565186 dur_ns=2916767 clt=2 wrkr=11 slot=3 size=1048584 src=worker:11 dst=client:2
event=req_send ts_ns=134481953 id=551 clt=2 wrkr=4 slot=1 size=17 src=client:2 dst=worker:4
event=resp_recv_ud ts_ns=134520660 id=551 clt=2 wrkr=4 slot=1 size=41 src=worker:4 dst=client:2
event=hand_send ts_ns=134529307 id=551 clt=2 wrkr=4 slot=1 size=10 src=client:2 dst=worker:4
event=resp_rdma_read ts_ns=135817157 id=544 start_ns=132893532 dur_ns=2923625 clt=2 wrkr=7 slot=3 size=1048584 src=worker:7 dst=client:2
event=req_send ts_ns=135817157 id=556 clt=2 wrkr=7 slot=0 size=17 src=client:2 dst=worker:7
event=resp_recv_ud ts_ns=135856234 id=556 clt=2 wrkr=7 slot=0 size=41 src=worker:7 dst=client:2
event=hand_send ts_ns=135864881 id=556 clt=2 wrkr=7 slot=0 size=10 src=client:2 dst=worker:7
event=resp_rdma_read ts_ns=136011854 id=545 start_ns=133082202 dur_ns=2929652 clt=2 wrkr=10 slot=1 size=1048584 src=worker:10 dst=client:2
event=req_send ts_ns=136011854 id=557 clt=2 wrkr=1 slot=0 size=17 src=client:2 dst=worker:1
event=resp_recv_ud ts_ns=136050767 id=557 clt=2 wrkr=1 slot=0 size=41 src=worker:1 dst=client:2
event=hand_send ts_ns=136059414 id=557 clt=2 wrkr=1 slot=0 size=10 src=client:2 dst=worker:1
event=resp_rdma_read ts_ns=136864691 id=548 start_ns=133944107 dur_ns=2920584 clt=2 wrkr=11 slot=0 size=1048584 src=worker:11 dst=client:2
event=req_send ts_ns=136864691 id=560 clt=2 wrkr=9 slot=0 size=17 src=client:2 dst=worker:9
event=resp_recv_ud ts_ns=136903986 id=560 clt=2 wrkr=9 slot=0 size=41 src=worker:9 dst=client:2
event=hand_send ts_ns=136912633 id=560 clt=2 wrkr=9 slot=0 size=10 src=client:2 dst=worker:9
event=resp_rdma_read ts_ns=137447848 id=551 start_ns=134529307 dur_ns=2918541 clt=2 wrkr=4 slot=1 size=1048584 src=worker:4 dst=client:2
event=req_send ts_ns=137447848 id=563 clt=2 wrkr=4 slot=2 size=17 src=client:2 dst=worker:4
event=resp_recv_ud ts_ns=137486545 id=563 clt=2 wrkr=4 slot=2 size=41 src=worker:4 dst=client:2
event=hand_send ts_ns=137495192 id=563 clt=2 wrkr=4 slot=2 size=10 src=client:2 dst=worker:4
event=resp_rdma_read ts_ns=138786875 id=556 start_ns=135864881 dur_ns=2921994 clt=2 wrkr=7 slot=0 size=1048584 src=worker:7 dst=client:2
event=req_send ts_ns=138786875 id=568 clt=2 wrkr=7 slot=1 size=17 src=client:2 dst=worker:7
event=resp_recv_ud ts_ns=138825947 id=568 clt=2 wrkr=7 slot=1 size=41 src=worker:7 dst=client:2
event=hand_send ts_ns=138834594 id=568 clt=2 wrkr=7 slot=1 size=10 src=client:2 dst=worker:7
event=resp_rdma_read ts_ns=138987160 id=557 start_ns=136059414 dur_ns=2927746 clt=2 wrkr=1 slot=0 size=1048584 src=worker:1 dst=client:2
event=req_send ts_ns=138987160 id=569 clt=2 wrkr=1 slot=1 size=17 src=client:2 dst=worker:1
event=resp_recv_ud ts_ns=139026078 id=569 clt=2 wrkr=1 slot=1 size=41 src=worker:1 dst=client:2
event=hand_send ts_ns=139034725 id=569 clt=2 wrkr=1 slot=1 size=10 src=client:2 dst=worker:1
event=resp_rdma_read ts_ns=139833077 id=560 start_ns=136912633 dur_ns=2920444 clt=2 wrkr=9 slot=0 size=1048584 src=worker:9 dst=client:2
event=req_send ts_ns=139833077 id=572 clt=2 wrkr=11 slot=1 size=17 src=client:2 dst=worker:11
event=resp_recv_ud ts_ns=139872361 id=572 clt=2 wrkr=11 slot=1 size=41 src=worker:11 dst=client:2
event=hand_send ts_ns=139881008 id=572 clt=2 wrkr=11 slot=1 size=10 src=client:2 dst=worker:11
event=resp_rdma_read ts_ns=140413681 id=563 start_ns=137495192 dur_ns=2918489 clt=2 wrkr=4 slot=2 size=1048584 src=worker:4 dst=client:2
event=req_send ts_ns=140413681 id=575 clt=2 wrkr=2 slot=3 size=17 src=client:2 dst=worker:2
event=resp_recv_ud ts_ns=140452374 id=575 clt=2 wrkr=2 slot=3 size=41 src=worker:2 dst=client:2
event=hand_send ts_ns=140461021 id=575 clt=2 wrkr=2 slot=3 size=10 src=client:2 dst=worker:2
event=resp_rdma_read ts_ns=141755228 id=568 start_ns=138834594 dur_ns=2920634 clt=2 wrkr=7 slot=1 size=1048584 src=worker:7 dst=client:2
event=req_send ts_ns=141755228 id=580 clt=2 wrkr=0 slot=2 size=17 src=client:2 dst=worker:0
event=resp_recv_ud ts_ns=141794292 id=580 clt=2 wrkr=0 slot=2 size=41 src=worker:0 dst=client:2
event=hand_send ts_ns=141802939 id=580 clt=2 wrkr=0 slot=2 size=10 src=client:2 dst=worker:0
event=resp_rdma_read ts_ns=141961306 id=569 start_ns=139034725 dur_ns=2926581 clt=2 wrkr=1 slot=1 size=1048584 src=worker:1 dst=client:2
event=req_send ts_ns=141961306 id=581 clt=2 wrkr=6 slot=3 size=17 src=client:2 dst=worker:6
event=resp_recv_ud ts_ns=142000232 id=581 clt=2 wrkr=6 slot=3 size=41 src=worker:6 dst=client:2
event=hand_send ts_ns=142008879 id=581 clt=2 wrkr=6 slot=3 size=10 src=client:2 dst=worker:6
event=resp_rdma_read ts_ns=142799740 id=572 start_ns=139881008 dur_ns=2918732 clt=2 wrkr=11 slot=1 size=1048584 src=worker:11 dst=client:2
event=req_send ts_ns=142799740 id=584 clt=2 wrkr=8 slot=3 size=17 src=client:2 dst=worker:8
event=resp_recv_ud ts_ns=142839019 id=584 clt=2 wrkr=8 slot=3 size=41 src=worker:8 dst=client:2
event=hand_send ts_ns=142847666 id=584 clt=2 wrkr=8 slot=3 size=10 src=client:2 dst=worker:8
event=resp_rdma_read ts_ns=143378584 id=575 start_ns=140461021 dur_ns=2917563 clt=2 wrkr=2 slot=3 size=1048584 src=worker:2 dst=client:2
event=req_send ts_ns=143378584 id=587 clt=2 wrkr=7 slot=2 size=17 src=client:2 dst=worker:7
event=resp_recv_ud ts_ns=143417278 id=587 clt=2 wrkr=7 slot=2 size=41 src=worker:7 dst=client:2
event=hand_send ts_ns=143425925 id=587 clt=2 wrkr=7 slot=2 size=10 src=client:2 dst=worker:7
event=resp_rdma_read ts_ns=144724529 id=580 start_ns=141802939 dur_ns=2921590 clt=2 wrkr=0 slot=2 size=1048584 src=worker:0 dst=client:2
event=req_send ts_ns=144724529 id=592 clt=2 wrkr=1 slot=2 size=17 src=client:2 dst=worker:1
event=resp_recv_ud ts_ns=144763586 id=592 clt=2 wrkr=1 slot=2 size=41 src=worker:1 dst=client:2
event=hand_send ts_ns=144772233 id=592 clt=2 wrkr=1 slot=2 size=10 src=client:2 dst=worker:1
event=resp_rdma_read ts_ns=144934722 id=581 start_ns=142008879 dur_ns=2925843 clt=2 wrkr=6 slot=3 size=1048584 src=worker:6 dst=client:2
event=req_send ts_ns=144934722 id=593 clt=2 wrkr=10 slot=2 size=17 src=client:2 dst=worker:10
event=resp_recv_ud ts_ns=144973656 id=593 clt=2 wrkr=10 slot=2 size=41 src=worker:10 dst=client:2
event=hand_send ts_ns=144982303 id=593 clt=2 wrkr=10 slot=2 size=10 src=client:2 dst=worker:10
event=resp_rdma_read ts_ns=145765893 id=584 start_ns=142847666 dur_ns=2918227 clt=2 wrkr=8 slot=3 size=1048584 src=worker:8 dst=client:2
event=req_send ts_ns=145765893 id=596 clt=2 wrkr=4 slot=3 size=17 src=client:2 dst=worker:4
event=resp_recv_ud ts_ns=145805151 id=596 clt=2 wrkr=4 slot=3 size=41 src=worker:4 dst=client:2
event=hand_send ts_ns=145813798 id=596 clt=2 wrkr=4 slot=3 size=10 src=client:2 dst=worker:4
event=resp_rdma_read ts_ns=146343354 id=587 start_ns=143425925 dur_ns=2917429 clt=2 wrkr=7 slot=2 size=1048584 src=worker:7 dst=client:2
event=req_send ts_ns=146343354 id=599 clt=2 wrkr=3 slot=3 size=17 src=client:2 dst=worker:3
event=resp_recv_ud ts_ns=146382043 id=599 clt=2 wrkr=3 slot=3 size=41 src=worker:3 dst=client:2
event=hand_send ts_ns=146390690 id=599 clt=2 wrkr=3 slot=3 size=10 src=client:2 dst=worker:3
event=resp_rdma_read ts_ns=147692930 id=592 start_ns=144772233 dur_ns=2920697 clt=2 wrkr=1 slot=2 size=1048584 src=worker:1 dst=client:2
event=req_send ts_ns=147692930 id=604 clt=2 wrkr=1 slot=3 size=17 src=client:2 dst=worker:1
event=resp_recv_ud ts_ns=147731974 id=604 clt=2 wrkr=1 slot=3 size=41 src=worker:1 dst=client:2
event=hand_send ts_ns=147740621 id=604 clt=2 wrkr=1 slot=3 size=10 src=client:2 dst=worker:1
event=resp_rdma_read ts_ns=147908559 id=593 start_ns=144982303 dur_ns=2926256 clt=2 wrkr=10 slot=2 size=1048584 src=worker:10 dst=client:2
event=req_send ts_ns=147908559 id=605 clt=2 wrkr=10 slot=3 size=17 src=client:2 dst=worker:10
event=resp_recv_ud ts_ns=147947502 id=605 clt=2 wrkr=10 slot=3 size=41 src=worker:10 dst=client:2
event=hand_send ts_ns=147956149 id=605 clt=2 wrkr=10 slot=3 size=10 src=client:2 dst=worker:10
event=resp_rdma_read ts_ns=148729697 id=596 start_ns=145813798 dur_ns=2915899 clt=2 wrkr=4 slot=3 size=1048584 src=worker:4 dst=client:2
event=req_send ts_ns=148729697 id=608 clt=2 wrkr=5 slot=2 size=17 src=client:2 dst=worker:5
event=resp_recv_ud ts_ns=148768942 id=608 clt=2 wrkr=5 slot=2 size=41 src=worker:5 dst=client:2
event=hand_send ts_ns=148777589 id=608 clt=2 wrkr=5 slot=2 size=10 src=client:2 dst=worker:5
event=resp_rdma_read ts_ns=149309044 id=599 start_ns=146390690 dur_ns=2918354 clt=2 wrkr=3 slot=3 size=1048584 src=worker:3 dst=client:2
event=req_send ts_ns=149309044 id=611 clt=2 wrkr=6 slot=0 size=17 src=client:2 dst=worker:6
event=resp_recv_ud ts_ns=149347719 id=611 clt=2 wrkr=6 slot=0 size=41 src=worker:6 dst=client:2
event=hand_send ts_ns=149356366 id=611 clt=2 wrkr=6 slot=0 size=10 src=client:2 dst=worker:6
event=resp_rdma_read ts_ns=150660649 id=604 start_ns=147740621 dur_ns=2920028 clt=2 wrkr=1 slot=3 size=1048584 src=worker:1 dst=client:2
event=req_send ts_ns=150660649 id=616 clt=2 wrkr=5 slot=3 size=17 src=client:2 dst=worker:5
event=resp_recv_ud ts_ns=150699691 id=616 clt=2 wrkr=5 slot=3 size=41 src=worker:5 dst=client:2
event=hand_send ts_ns=150708338 id=616 clt=2 wrkr=5 slot=3 size=10 src=client:2 dst=worker:5
event=resp_rdma_read ts_ns=150881199 id=605 start_ns=147956149 dur_ns=2925050 clt=2 wrkr=10 slot=3 size=1048584 src=worker:10 dst=client:2
event=req_send ts_ns=150881199 id=617 clt=2 wrkr=10 slot=0 size=17 src=client:2 dst=worker:10
event=resp_recv_ud ts_ns=150920148 id=617 clt=2 wrkr=10 slot=0 size=41 src=worker:10 dst=client:2
event=hand_send ts_ns=150928795 id=617 clt=2 wrkr=10 slot=0 size=10 src=client:2 dst=worker:10
event=resp_rdma_read ts_ns=151693222 id=608 start_ns=148777589 dur_ns=2915633 clt=2 wrkr=5 slot=2 size=1048584 src=worker:5 dst=client:2
event=req_send ts_ns=151693222 id=620 clt=2 wrkr=1 slot=0 size=17 src=client:2 dst=worker:1
event=resp_recv_ud ts_ns=151732451 id=620 clt=2 wrkr=1 slot=0 size=41 src=worker:1 dst=client:2
event=hand_send ts_ns=151741098 id=620 clt=2 wrkr=1 slot=0 size=10 src=client:2 dst=worker:1
event=resp_rdma_read ts_ns=152274673 id=611 start_ns=149356366 dur_ns=2918307 clt=2 wrkr=6 slot=0 size=1048584 src=worker:6 dst=client:2
event=req_send ts_ns=152274673 id=623 clt=2 wrkr=5 slot=0 size=17 src=client:2 dst=worker:5
event=resp_recv_ud ts_ns=152313353 id=623 clt=2 wrkr=5 slot=0 size=41 src=worker:5 dst=client:2
event=hand_send ts_ns=152322000 id=623 clt=2 wrkr=5 slot=0 size=10 src=client:2 dst=worker:5
event=resp_rdma_read ts_ns=153628738 id=616 start_ns=150708338 dur_ns=2920400 clt=2 wrkr=5 slot=3 size=1048584 src=worker:5 dst=client:2
event=req_send ts_ns=153628738 id=628 clt=2 wrkr=9 slot=1 size=17 src=client:2 dst=worker:9
event=resp_recv_ud ts_ns=153667760 id=628 clt=2 wrkr=9 slot=1 size=41 src=worker:9 dst=client:2
event=hand_send ts_ns=153676407 id=628 clt=2 wrkr=9 slot=1 size=10 src=client:2 dst=worker:9
event=resp_rdma_read ts_ns=153853744 id=617 start_ns=150928795 dur_ns=2924949 clt=2 wrkr=10 slot=0 size=1048584 src=worker:10 dst=client:2
event=req_send ts_ns=153853744 id=629 clt=2 wrkr=7 slot=3 size=17 src=client:2 dst=worker:7
event=resp_recv_ud ts_ns=153892706 id=629 clt=2 wrkr=7 slot=3 size=41 src=worker:7 dst=client:2
event=hand_send ts_ns=153901353 id=629 clt=2 wrkr=7 slot=3 size=10 src=client:2 dst=worker:7
event=resp_rdma_read ts_ns=154657509 id=620 start_ns=151741098 dur_ns=2916411 clt=2 wrkr=1 slot=0 size=1048584 src=worker:1 dst=client:2
event=req_send ts_ns=154657509 id=632 clt=2 wrkr=1 slot=1 size=17 src=client:2 dst=worker:1
event=resp_recv_ud ts_ns=154696731 id=632 clt=2 wrkr=1 slot=1 size=41 src=worker:1 dst=client:2
event=hand_send ts_ns=154705378 id=632 clt=2 wrkr=1 slot=1 size=10 src=client:2 dst=worker:1
event=resp_rdma_read ts_ns=155240343 id=623 start_ns=152322000 dur_ns=2918343 clt=2 wrkr=5 slot=0 size=1048584 src=worker:5 dst=client:2
event=req_send ts_ns=155240343 id=635 clt=2 wrkr=11 slot=2 size=17 src=client:2 dst=worker:11
event=resp_recv_ud ts_ns=155279020 id=635 clt=2 wrkr=11 slot=2 size=41 src=worker:11 dst=client:2
event=hand_send ts_ns=155287667 id=635 clt=2 wrkr=11 slot=2 size=10 src=client:2 dst=worker:11
event=resp_rdma_read ts_ns=156594336 id=628 start_ns=153676407 dur_ns=2917929 clt=2 wrkr=9 slot=1 size=1048584 src=worker:9 dst=client:2
event=req_send ts_ns=156594336 id=640 clt=2 wrkr=1 slot=2 size=17 src=client:2 dst=worker:1
event=resp_recv_ud ts_ns=156633342 id=640 clt=2 wrkr=1 slot=2 size=41 src=worker:1 dst=client:2
event=hand_send ts_ns=156641989 id=640 clt=2 wrkr=1 slot=2 size=10 src=client:2 dst=worker:1
event=resp_rdma_read ts_ns=156826219 id=629 start_ns=153901353 dur_ns=2924866 clt=2 wrkr=7 slot=3 size=1048584 src=worker:7 dst=client:2
event=req_send ts_ns=156826219 id=641 clt=2 wrkr=10 slot=1 size=17 src=client:2 dst=worker:10
event=resp_recv_ud ts_ns=156865200 id=641 clt=2 wrkr=10 slot=1 size=41 src=worker:10 dst=client:2
event=hand_send ts_ns=156873847 id=641 clt=2 wrkr=10 slot=1 size=10 src=client:2 dst=worker:10
event=resp_rdma_read ts_ns=157620688 id=632 start_ns=154705378 dur_ns=2915310 clt=2 wrkr=1 slot=1 size=1048584 src=worker:1 dst=client:2
event=req_send ts_ns=157620688 id=644 clt=2 wrkr=6 slot=1 size=17 src=client:2 dst=worker:6
event=resp_recv_ud ts_ns=157659896 id=644 clt=2 wrkr=6 slot=1 size=41 src=worker:6 dst=client:2
event=hand_send ts_ns=157668543 id=644 clt=2 wrkr=6 slot=1 size=10 src=client:2 dst=worker:6
event=resp_rdma_read ts_ns=158205904 id=635 start_ns=155287667 dur_ns=2918237 clt=2 wrkr=11 slot=2 size=1048584 src=worker:11 dst=client:2
event=resp_rdma_read ts_ns=159560350 id=640 start_ns=156641989 dur_ns=2918361 clt=2 wrkr=1 slot=2 size=1048584 src=worker:1 dst=client:2
event=resp_rdma_read ts_ns=159796813 id=641 start_ns=156873847 dur_ns=2922966 clt=2 wrkr=10 slot=1 size=1048584 src=worker:10 dst=client:2
event=resp_rdma_read ts_ns=160584588 id=644 start_ns=157668543 dur_ns=2916045 clt=2 wrkr=6 slot=1 size=1048584 src=worker:6 dst=client:2
