event=req_send ts_ns=1 id=1 clt=1 wrkr=0 slot=0 size=17 src=client:1 dst=worker:0
event=req_send ts_ns=2501 id=4 clt=1 wrkr=1 slot=0 size=17 src=client:1 dst=worker:1
event=resp_recv_ud ts_ns=21121 id=1 clt=1 wrkr=0 slot=0 size=41 src=worker:0 dst=client:1
event=hand_send ts_ns=29768 id=1 clt=1 wrkr=0 slot=0 size=10 src=client:1 dst=worker:0
event=resp_recv_ud ts_ns=51408 id=4 clt=1 wrkr=1 slot=0 size=41 src=worker:1 dst=client:1
event=hand_send ts_ns=60055 id=4 clt=1 wrkr=1 slot=0 size=10 src=client:1 dst=worker:1
event=resp_rdma_read ts_ns=1990469 id=1 start_ns=29768 dur_ns=1960701 clt=1 wrkr=0 slot=0 size=1048584 src=worker:0 dst=client:1
event=req_send ts_ns=1990469 id=6 clt=1 wrkr=4 slot=0 size=17 src=client:1 dst=worker:4
event=resp_recv_ud ts_ns=2034282 id=6 clt=1 wrkr=4 slot=0 size=41 src=worker:4 dst=client:1
event=hand_send ts_ns=2042929 id=6 clt=1 wrkr=4 slot=0 size=10 src=client:1 dst=worker:4
event=resp_rdma_read ts_ns=2678377 id=4 start_ns=60055 dur_ns=2618322 clt=1 wrkr=1 slot=0 size=1048584 src=worker:1 dst=client:1
event=req_send ts_ns=2678377 id=9 clt=1 wrkr=2 slot=0 size=17 src=client:1 dst=worker:2
event=resp_recv_ud ts_ns=2720523 id=9 clt=1 wrkr=2 slot=0 size=41 src=worker:2 dst=client:1
event=hand_send ts_ns=2729170 id=9 clt=1 wrkr=2 slot=0 size=10 src=client:1 dst=worker:2
event=resp_rdma_read ts_ns=5106061 id=9 start_ns=2729170 dur_ns=2376891 clt=1 wrkr=2 slot=0 size=1048584 src=worker:2 dst=client:1
event=req_send ts_ns=5106061 id=12 clt=1 wrkr=1 slot=1 size=17 src=client:1 dst=worker:1
event=resp_recv_ud ts_ns=5147903 id=12 clt=1 wrkr=1 slot=1 size=41 src=worker:1 dst=client:1
event=hand_send ts_ns=5156550 id=12 clt=1 wrkr=1 slot=1 size=10 src=client:1 dst=worker:1
event=resp_rdma_read ts_ns=5165230 id=6 start_ns=2042929 dur_ns=3122301 clt=1 wrkr=4 slot=0 size=1048584 src=worker:4 dst=client:1
event=req_send ts_ns=5165230 id=13 clt=1 wrkr=6 slot=0 size=17 src=client:1 dst=worker:6
event=resp_recv_ud ts_ns=5213144 id=13 clt=1 wrkr=6 slot=0 size=41 src=worker:6 dst=client:1
event=hand_send ts_ns=5221791 id=13 clt=1 wrkr=6 slot=0 size=10 src=client:1 dst=worker:6
event=resp_rdma_read ts_ns=7226444 id=13 start_ns=5221791 dur_ns=2004653 clt=1 wrkr=6 slot=0 size=1048584 src=worker:6 dst=client:1
event=req_send ts_ns=7226444 id=18 clt=1 wrkr=6 slot=1 size=17 src=client:1 dst=worker:6
event=resp_recv_ud ts_ns=7268745 id=18 clt=1 wrkr=6 slot=1 size=41 src=worker:6 dst=client:1
event=hand_send ts_ns=7277392 id=18 clt=1 wrkr=6 slot=1 size=10 src=client:1 dst=worker:6
event=resp_rdma_read ts_ns=8457698 id=12 start_ns=5156550 dur_ns=3301148 clt=1 wrkr=1 slot=1 size=1048584 src=worker:1 dst=client:1
event=req_send ts_ns=8457698 id=22 clt=1 wrkr=8 slot=0 size=17 src=client:1 dst=worker:8
event=resp_recv_ud ts_ns=8506430 id=22 clt=1 wrkr=8 slot=0 size=41 src=worker:8 dst=client:1
event=hand_send ts_ns=8515077 id=22 clt=1 wrkr=8 slot=0 size=10 src=client:1 dst=worker:8
event=resp_rdma_read ts_ns=10170121 id=18 start_ns=7277392 dur_ns=2892729 clt=1 wrkr=6 slot=1 size=1048584 src=worker:6 dst=client:1
event=req_send ts_ns=10170121 id=24 clt=1 wrkr=7 slot=0 size=17 src=client:1 dst=worker:7
event=resp_recv_ud ts_ns=10212803 id=24 clt=1 wrkr=7 slot=0 size=41 src=worker:7 dst=client:1
event=hand_send ts_ns=10221450 id=24 clt=1 wrkr=7 slot=0 size=10 src=client:1 dst=worker:7
event=resp_rdma_read ts_ns=10600976 id=22 start_ns=8515077 dur_ns=2085899 clt=1 wrkr=8 slot=0 size=1048584 src=worker:8 dst=client:1
event=req_send ts_ns=10600976 id=25 clt=1 wrkr=9 slot=0 size=17 src=client:1 dst=worker:9
event=resp_recv_ud ts_ns=10641858 id=25 clt=1 wrkr=9 slot=0 size=41 src=worker:9 dst=client:1
event=hand_send ts_ns=10650505 id=25 clt=1 wrkr=9 slot=0 size=10 src=client:1 dst=worker:9
event=resp_rdma_read ts_ns=13099527 id=24 start_ns=10221450 dur_ns=2878077 clt=1 wrkr=7 slot=0 size=1048584 src=worker:7 dst=client:1
event=req_send ts_ns=13099527 id=30 clt=1 wrkr=11 slot=0 size=17 src=client:1 dst=worker:11
event=resp_recv_ud ts_ns=13141725 id=30 clt=1 wrkr=11 slot=0 size=41 src=worker:11 dst=client:1
event=hand_send ts_ns=13150372 id=30 clt=1 wrkr=11 slot=0 size=10 src=client:1 dst=worker:11
event=resp_rdma_read ts_ns=13429055 id=25 start_ns=10650505 dur_ns=2778550 clt=1 wrkr=9 slot=0 size=1048584 src=worker:9 dst=client:1
event=req_send ts_ns=13429055 id=31 clt=1 wrkr=3 slot=0 size=17 src=client:1 dst=worker:3
event=resp_recv_ud ts_ns=13469788 id=31 clt=1 wrkr=3 slot=0 size=41 src=worker:3 dst=client:1
event=hand_send ts_ns=13478435 id=31 clt=1 wrkr=3 slot=0 size=10 src=client:1 dst=worker:3
event=resp_rdma_read ts_ns=16039107 id=30 start_ns=13150372 dur_ns=2888735 clt=1 wrkr=11 slot=0 size=1048584 src=worker:11 dst=client:1
event=req_send ts_ns=16039107 id=36 clt=1 wrkr=8 slot=1 size=17 src=client:1 dst=worker:8
event=resp_recv_ud ts_ns=16081547 id=36 clt=1 wrkr=8 slot=1 size=41 src=worker:8 dst=client:1
event=hand_send ts_ns=16090194 id=36 clt=1 wrkr=8 slot=1 size=10 src=client:1 dst=worker:8
event=resp_rdma_read ts_ns=16262117 id=31 start_ns=13478435 dur_ns=2783682 clt=1 wrkr=3 slot=0 size=1048584 src=worker:3 dst=client:1
event=req_send ts_ns=16262117 id=37 clt=1 wrkr=4 slot=1 size=17 src=client:1 dst=worker:4
event=resp_recv_ud ts_ns=16302569 id=37 clt=1 wrkr=4 slot=1 size=41 src=worker:4 dst=client:1
event=hand_send ts_ns=16311216 id=37 clt=1 wrkr=4 slot=1 size=10 src=client:1 dst=worker:4
event=resp_rdma_read ts_ns=18963905 id=36 start_ns=16090194 dur_ns=2873711 clt=1 wrkr=8 slot=1 size=1048584 src=worker:8 dst=client:1
event=req_send ts_ns=18963905 id=42 clt=1 wrkr=8 slot=0 size=17 src=client:1 dst=worker:8
event=resp_recv_ud ts_ns=19006015 id=42 clt=1 wrkr=8 slot=0 size=41 src=worker:8 dst=client:1
event=hand_send ts_ns=19014662 id=42 clt=1 wrkr=8 slot=0 size=10 src=client:1 dst=worker:8
event=resp_rdma_read ts_ns=19108799 id=37 start_ns=16311216 dur_ns=2797583 clt=1 wrkr=4 slot=1 size=1048584 src=worker:4 dst=client:1
event=req_send ts_ns=19108799 id=43 clt=1 wrkr=10 slot=0 size=17 src=client:1 dst=worker:10
event=resp_recv_ud ts_ns=19149572 id=43 clt=1 wrkr=10 slot=0 size=41 src=worker:10 dst=client:1
event=hand_send ts_ns=19158219 id=43 clt=1 wrkr=10 slot=0 size=10 src=client:1 dst=worker:10
event=resp_rdma_read ts_ns=21860195 id=42 start_ns=19014662 dur_ns=2845533 clt=1 wrkr=8 slot=0 size=1048584 src=worker:8 dst=client:1
event=req_send ts_ns=21860195 id=49 clt=1 wrkr=9 slot=1 size=17 src=client:1 dst=worker:9
event=resp_recv_ud ts_ns=21901390 id=49 clt=1 wrkr=9 slot=1 size=41 src=worker:9 dst=client:1
event=hand_send ts_ns=21910037 id=49 clt=1 wrkr=9 slot=1 size=10 src=client:1 dst=worker:9
event=resp_rdma_read ts_ns=21966526 id=43 start_ns=19158219 dur_ns=2808307 clt=1 wrkr=10 slot=0 size=1048584 src=worker:10 dst=client:1
event=req_send ts_ns=21966526 id=50 clt=1 wrkr=11 slot=1 size=17 src=client:1 dst=worker:11
event=resp_recv_ud ts_ns=22008010 id=50 clt=1 wrkr=11 slot=1 size=41 src=worker:11 dst=client:1
event=hand_send ts_ns=22016657 id=50 clt=1 wrkr=11 slot=1 size=10 src=client:1 dst=worker:11
event=resp_rdma_read ts_ns=24704112 id=49 start_ns=21910037 dur_ns=2794075 clt=1 wrkr=9 slot=1 size=1048584 src=worker:9 dst=client:1
event=req_send ts_ns=24704112 id=55 clt=1 wrkr=1 slot=0 size=17 src=client:1 dst=worker:1
event=resp_recv_ud ts_ns=24745315 id=55 clt=1 wrkr=1 slot=0 size=41 src=worker:1 dst=client:1
event=hand_send ts_ns=24753962 id=55 clt=1 wrkr=1 slot=0 size=10 src=client:1 dst=worker:1
event=resp_rdma_read ts_ns=24762212 id=50 start_ns=22016657 dur_ns=2745555 clt=1 wrkr=11 slot=1 size=1048584 src=worker:11 dst=client:1
event=req_send ts_ns=24762212 id=56 clt=1 wrkr=10 slot=1 size=17 src=client:1 dst=worker:10
event=resp_recv_ud ts_ns=24810328 id=56 clt=1 wrkr=10 slot=1 size=41 src=worker:10 dst=client:1
event=hand_send ts_ns=24818975 id=56 clt=1 wrkr=10 slot=1 size=10 src=client:1 dst=worker:10
event=resp_rdma_read ts_ns=26831713 id=56 start_ns=24818975 dur_ns=2012738 clt=1 wrkr=10 slot=1 size=1048584 src=worker:10 dst=client:1
event=req_send ts_ns=26831713 id=60 clt=1 wrkr=1 slot=1 size=17 src=client:1 dst=worker:1
event=resp_recv_ud ts_ns=26873104 id=60 clt=1 wrkr=1 slot=1 size=41 src=worker:1 dst=client:1
event=hand_send ts_ns=26881751 id=60 clt=1 wrkr=1 slot=1 size=10 src=client:1 dst=worker:1
event=resp_rdma_read ts_ns=27961485 id=55 start_ns=24753962 dur_ns=3207523 clt=1 wrkr=1 slot=0 size=1048584 src=worker:1 dst=client:1
event=req_send ts_ns=27961485 id=63 clt=1 wrkr=8 slot=1 size=17 src=client:1 dst=worker:8
event=resp_recv_ud ts_ns=28001720 id=63 clt=1 wrkr=8 slot=1 size=41 src=worker:8 dst=client:1
event=hand_send ts_ns=28010367 id=63 clt=1 wrkr=8 slot=1 size=10 src=client:1 dst=worker:8
event=resp_rdma_read ts_ns=29690465 id=60 start_ns=26881751 dur_ns=2808714 clt=1 wrkr=1 slot=1 size=1048584 src=worker:1 dst=client:1
event=req_send ts_ns=29690465 id=67 clt=1 wrkr=9 slot=0 size=17 src=client:1 dst=worker:9
event=resp_recv_ud ts_ns=29741456 id=67 clt=1 wrkr=9 slot=0 size=41 src=worker:9 dst=client:1
event=hand_send ts_ns=29750103 id=67 clt=1 wrkr=9 slot=0 size=10 src=client:1 dst=worker:9
event=resp_rdma_read ts_ns=30800640 id=63 start_ns=28010367 dur_ns=2790273 clt=1 wrkr=8 slot=1 size=1048584 src=worker:8 dst=client:1
event=req_send ts_ns=30800640 id=69 clt=1 wrkr=5 slot=0 size=17 src=client:1 dst=worker:5
event=resp_recv_ud ts_ns=30841903 id=69 clt=1 wrkr=5 slot=0 size=41 src=worker:5 dst=client:1
event=hand_send ts_ns=30850550 id=69 clt=1 wrkr=5 slot=0 size=10 src=client:1 dst=worker:5
event=resp_rdma_read ts_ns=31891208 id=67 start_ns=29750103 dur_ns=2141105 clt=1 wrkr=9 slot=0 size=1048584 src=worker:9 dst=client:1
event=req_send ts_ns=31891208 id=72 clt=1 wrkr=7 slot=1 size=17 src=client:1 dst=worker:7
event=resp_recv_ud ts_ns=31931675 id=72 clt=1 wrkr=7 slot=1 size=41 src=worker:7 dst=client:1
event=hand_send ts_ns=31940322 id=72 clt=1 wrkr=7 slot=1 size=10 src=client:1 dst=worker:7
event=resp_rdma_read ts_ns=33563578 id=69 start_ns=30850550 dur_ns=2713028 clt=1 wrkr=5 slot=0 size=1048584 src=worker:5 dst=client:1
event=req_send ts_ns=33563578 id=76 clt=1 wrkr=6 slot=0 size=17 src=client:1 dst=worker:6
event=resp_recv_ud ts_ns=33628546 id=76 clt=1 wrkr=6 slot=0 size=41 src=worker:6 dst=client:1
event=hand_send ts_ns=33637193 id=76 clt=1 wrkr=6 slot=0 size=10 src=client:1 dst=worker:6
event=resp_rdma_read ts_ns=34723141 id=72 start_ns=31940322 dur_ns=2782819 clt=1 wrkr=7 slot=1 size=1048584 src=worker:7 dst=client:1
event=req_send ts_ns=34723141 id=78 clt=1 wrkr=9 slot=1 size=17 src=client:1 dst=worker:9
event=resp_recv_ud ts_ns=34763389 id=78 clt=1 wrkr=9 slot=1 size=41 src=worker:9 dst=client:1
event=hand_send ts_ns=34772036 id=78 clt=1 wrkr=9 slot=1 size=10 src=client:1 dst=worker:9
event=resp_rdma_read ts_ns=36332226 id=76 start_ns=33637193 dur_ns=2695033 clt=1 wrkr=6 slot=0 size=1048584 src=worker:6 dst=client:1
event=req_send ts_ns=36332226 id=81 clt=1 wrkr=0 slot=1 size=17 src=client:1 dst=worker:0
event=resp_recv_ud ts_ns=36372859 id=81 clt=1 wrkr=0 slot=1 size=41 src=worker:0 dst=client:1
event=hand_send ts_ns=36381506 id=81 clt=1 wrkr=0 slot=1 size=10 src=client:1 dst=worker:0
event=resp_rdma_read ts_ns=37554348 id=78 start_ns=34772036 dur_ns=2782312 clt=1 wrkr=9 slot=1 size=1048584 src=worker:9 dst=client:1
event=req_send ts_ns=37554348 id=84 clt=1 wrkr=0 slot=0 size=17 src=client:1 dst=worker:0
event=resp_recv_ud ts_ns=37594799 id=84 clt=1 wrkr=0 slot=0 size=41 src=worker:0 dst=client:1
event=hand_send ts_ns=37603446 id=84 clt=1 wrkr=0 slot=0 size=10 src=client:1 dst=worker:0
event=resp_rdma_read ts_ns=39173525 id=81 start_ns=36381506 dur_ns=2792019 clt=1 wrkr=0 slot=1 size=1048584 src=worker:0 dst=client:1
event=req_send ts_ns=39173525 id=87 clt=1 wrkr=1 slot=0 size=17 src=client:1 dst=worker:1
event=resp_recv_ud ts_ns=39214161 id=87 clt=1 wrkr=1 slot=0 size=41 src=worker:1 dst=client:1
event=hand_send ts_ns=39222808 id=87 clt=1 wrkr=1 slot=0 size=10 src=client:1 dst=worker:1
event=resp_rdma_read ts_ns=40399913 id=84 start_ns=37603446 dur_ns=2796467 clt=1 wrkr=0 slot=0 size=1048584 src=worker:0 dst=client:1
event=req_send ts_ns=40399913 id=90 clt=1 wrkr=10 slot=0 size=17 src=client:1 dst=worker:10
event=resp_recv_ud ts_ns=40440623 id=90 clt=1 wrkr=10 slot=0 size=41 src=worker:10 dst=client:1
event=hand_send ts_ns=40449270 id=90 clt=1 wrkr=10 slot=0 size=10 src=client:1 dst=worker:10
event=resp_rdma_read ts_ns=42021630 id=87 start_ns=39222808 dur_ns=2798822 clt=1 wrkr=1 slot=0 size=1048584 src=worker:1 dst=client:1
event=req_send ts_ns=42021630 id=93 clt=1 wrkr=1 slot=1 size=17 src=client:1 dst=worker:1
event=resp_recv_ud ts_ns=42062177 id=93 clt=1 wrkr=1 slot=1 size=41 src=worker:1 dst=client:1
event=hand_send ts_ns=42070824 id=93 clt=1 wrkr=1 slot=1 size=10 src=client:1 dst=worker:1
event=resp_rdma_read ts_ns=43250840 id=90 start_ns=40449270 dur_ns=2801570 clt=1 wrkr=10 slot=0 size=1048584 src=worker:10 dst=client:1
event=req_send ts_ns=43250840 id=96 clt=1 wrkr=8 slot=0 size=17 src=client:1 dst=worker:8
event=resp_recv_ud ts_ns=43291863 id=96 clt=1 wrkr=8 slot=0 size=41 src=worker:8 dst=client:1
event=hand_send ts_ns=43300510 id=96 clt=1 wrkr=8 slot=0 size=10 src=client:1 dst=worker:8
event=resp_rdma_read ts_ns=44870672 id=93 start_ns=42070824 dur_ns=2799848 clt=1 wrkr=1 slot=1 size=1048584 src=worker:1 dst=client:1
event=req_send ts_ns=44870672 id=99 clt=1 wrkr=3 slot=1 size=17 src=client:1 dst=worker:3
event=resp_recv_ud ts_ns=44911121 id=99 clt=1 wrkr=3 slot=1 size=41 src=worker:3 dst=client:1
event=hand_send ts_ns=44919768 id=99 clt=1 wrkr=3 slot=1 size=10 src=client:1 dst=worker:3
event=resp_rdma_read ts_ns=46096475 id=96 start_ns=43300510 dur_ns=2795965 clt=1 wrkr=8 slot=0 size=1048584 src=worker:8 dst=client:1
event=req_send ts_ns=46096475 id=102 clt=1 wrkr=0 slot=1 size=17 src=client:1 dst=worker:0
event=resp_recv_ud ts_ns=46139139 id=102 clt=1 wrkr=0 slot=1 size=41 src=worker:0 dst=client:1
event=hand_send ts_ns=46147786 id=102 clt=1 wrkr=0 slot=1 size=10 src=client:1 dst=worker:0
event=resp_rdma_read ts_ns=47717411 id=99 start_ns=44919768 dur_ns=2797643 clt=1 wrkr=3 slot=1 size=1048584 src=worker:3 dst=client:1
event=req_send ts_ns=47717411 id=105 clt=1 wrkr=2 slot=1 size=17 src=client:1 dst=worker:2
event=resp_recv_ud ts_ns=47757812 id=105 clt=1 wrkr=2 slot=1 size=41 src=worker:2 dst=client:1
event=hand_send ts_ns=47766459 id=105 clt=1 wrkr=2 slot=1 size=10 src=client:1 dst=worker:2
event=resp_rdma_read ts_ns=48831686 id=102 start_ns=46147786 dur_ns=2683900 clt=1 wrkr=0 slot=1 size=1048584 src=worker:0 dst=client:1
event=req_send ts_ns=48831686 id=107 clt=1 wrkr=9 slot=0 size=17 src=client:1 dst=worker:9
event=resp_recv_ud ts_ns=48873311 id=107 clt=1 wrkr=9 slot=0 size=41 src=worker:9 dst=client:1
event=hand_send ts_ns=48881958 id=107 clt=1 wrkr=9 slot=0 size=10 src=client:1 dst=worker:9
event=resp_rdma_read ts_ns=50563035 id=105 start_ns=47766459 dur_ns=2796576 clt=1 wrkr=2 slot=1 size=1048584 src=worker:2 dst=client:1
event=req_send ts_ns=50563035 id=111 clt=1 wrkr=7 slot=0 size=17 src=client:1 dst=worker:7
event=resp_recv_ud ts_ns=50603439 id=111 clt=1 wrkr=7 slot=0 size=41 src=worker:7 dst=client:1
event=hand_send ts_ns=50612086 id=111 clt=1 wrkr=7 slot=0 size=10 src=client:1 dst=worker:7
event=resp_rdma_read ts_ns=51924240 id=107 start_ns=48881958 dur_ns=3042282 clt=1 wrkr=9 slot=0 size=1048584 src=worker:9 dst=client:1
event=req_send ts_ns=51924240 id=114 clt=1 wrkr=6 slot=1 size=17 src=client:1 dst=worker:6
event=resp_recv_ud ts_ns=51965734 id=114 clt=1 wrkr=6 slot=1 size=41 src=worker:6 dst=client:1
event=hand_send ts_ns=51974381 id=114 clt=1 wrkr=6 slot=1 size=10 src=client:1 dst=worker:6
event=resp_rdma_read ts_ns=53403240 id=111 start_ns=50612086 dur_ns=2791154 clt=1 wrkr=7 slot=0 size=1048584 src=worker:7 dst=client:1
event=req_send ts_ns=53403240 id=117 clt=1 wrkr=11 slot=0 size=17 src=client:1 dst=worker:11
event=resp_recv_ud ts_ns=53443357 id=117 clt=1 wrkr=11 slot=0 size=41 src=worker:11 dst=client:1
event=hand_send ts_ns=53452004 id=117 clt=1 wrkr=11 slot=0 size=10 src=client:1 dst=worker:11
event=resp_rdma_read ts_ns=54778618 id=114 start_ns=51974381 dur_ns=2804237 clt=1 wrkr=6 slot=1 size=1048584 src=worker:6 dst=client:1
event=req_send ts_ns=54778618 id=120 clt=1 wrkr=11 slot=1 size=17 src=client:1 dst=worker:11
event=resp_recv_ud ts_ns=54820180 id=120 clt=1 wrkr=11 slot=1 size=41 src=worker:11 dst=client:1
event=hand_send ts_ns=54828827 id=120 clt=1 wrkr=11 slot=1 size=10 src=client:1 dst=worker:11
event=resp_rdma_read ts_ns=56236770 id=117 start_ns=53452004 dur_ns=2784766 clt=1 wrkr=11 slot=0 size=1048584 src=worker:11 dst=client:1
event=req_send ts_ns=56236770 id=123 clt=1 wrkr=0 slot=0 size=17 src=client:1 dst=worker:0
event=resp_recv_ud ts_ns=56276783 id=123 clt=1 wrkr=0 slot=0 size=41 src=worker:0 dst=client:1
event=hand_send ts_ns=56285430 id=123 clt=1 wrkr=0 slot=0 size=10 src=client:1 dst=worker:0
event=resp_rdma_read ts_ns=57636956 id=120 start_ns=54828827 dur_ns=2808129 clt=1 wrkr=11 slot=1 size=1048584 src=worker:11 dst=client:1
event=req_send ts_ns=57636956 id=126 clt=1 wrkr=1 slot=0 size=17 src=client:1 dst=worker:1
event=resp_recv_ud ts_ns=57678515 id=126 clt=1 wrkr=1 slot=0 size=41 src=worker:1 dst=client:1
event=hand_send ts_ns=57687162 id=126 clt=1 wrkr=1 slot=0 size=10 src=client:1 dst=worker:1
event=resp_rdma_read ts_ns=59066015 id=123 start_ns=56285430 dur_ns=2780585 clt=1 wrkr=0 slot=0 size=1048584 src=worker:0 dst=client:1
event=req_send ts_ns=59066015 id=129 clt=1 wrkr=3 slot=0 size=17 src=client:1 dst=worker:3
event=resp_recv_ud ts_ns=59105955 id=129 clt=1 wrkr=3 slot=0 size=41 src=worker:3 dst=client:1
event=hand_send ts_ns=59114602 id=129 clt=1 wrkr=3 slot=0 size=10 src=client:1 dst=worker:3
event=resp_rdma_read ts_ns=60494634 id=126 start_ns=57687162 dur_ns=2807472 clt=1 wrkr=1 slot=0 size=1048584 src=worker:1 dst=client:1
event=req_send ts_ns=60494634 id=132 clt=1 wrkr=0 slot=1 size=17 src=client:1 dst=worker:0
event=resp_recv_ud ts_ns=60536189 id=132 clt=1 wrkr=0 slot=1 size=41 src=worker:0 dst=client:1
event=hand_send ts_ns=60544836 id=132 clt=1 wrkr=0 slot=1 size=10 src=client:1 dst=worker:0
event=resp_rdma_read ts_ns=61889995 id=129 start_ns=59114602 dur_ns=2775393 clt=1 wrkr=3 slot=0 size=1048584 src=worker:3 dst=client:1
event=req_send ts_ns=61889995 id=135 clt=1 wrkr=11 slot=0 size=17 src=client:1 dst=worker:11
event=resp_recv_ud ts_ns=61929901 id=135 clt=1 wrkr=11 slot=0 size=41 src=worker:11 dst=client:1
event=hand_send ts_ns=61938548 id=135 clt=1 wrkr=11 slot=0 size=10 src=client:1 dst=worker:11
event=resp_rdma_read ts_ns=63352326 id=132 start_ns=60544836 dur_ns=2807490 clt=1 wrkr=0 slot=1 size=1048584 src=worker:0 dst=client:1
event=req_send ts_ns=63352326 id=138 clt=1 wrkr=2 slot=0 size=17 src=client:1 dst=worker:2
event=resp_recv_ud ts_ns=63393884 id=138 clt=1 wrkr=2 slot=0 size=41 src=worker:2 dst=client:1
event=hand_send ts_ns=63402531 id=138 clt=1 wrkr=2 slot=0 size=10 src=client:1 dst=worker:2
event=resp_rdma_read ts_ns=64710502 id=135 start_ns=61938548 dur_ns=2771954 clt=1 wrkr=11 slot=0 size=1048584 src=worker:11 dst=client:1
event=req_send ts_ns=64710502 id=141 clt=1 wrkr=11 slot=1 size=17 src=client:1 dst=worker:11
event=resp_recv_ud ts_ns=64750414 id=141 clt=1 wrkr=11 slot=1 size=41 src=worker:11 dst=client:1
event=hand_send ts_ns=64759061 id=141 clt=1 wrkr=11 slot=1 size=10 src=client:1 dst=worker:11
event=resp_rdma_read ts_ns=66210375 id=138 start_ns=63402531 dur_ns=2807844 clt=1 wrkr=2 slot=0 size=1048584 src=worker:2 dst=client:1
event=req_send ts_ns=66210375 id=144 clt=1 wrkr=2 slot=1 size=17 src=client:1 dst=worker:2
event=resp_recv_ud ts_ns=66251938 id=144 clt=1 wrkr=2 slot=1 size=41 src=worker:2 dst=client:1
event=hand_send ts_ns=66260585 id=144 clt=1 wrkr=2 slot=1 size=10 src=client:1 dst=worker:2
event=resp_rdma_read ts_ns=67528082 id=141 start_ns=64759061 dur_ns=2769021 clt=1 wrkr=11 slot=1 size=1048584 src=worker:11 dst=client:1
event=req_send ts_ns=67528082 id=147 clt=1 wrkr=2 slot=0 size=17 src=client:1 dst=worker:2
event=resp_recv_ud ts_ns=67568031 id=147 clt=1 wrkr=2 slot=0 size=41 src=worker:2 dst=client:1
event=hand_send ts_ns=67576678 id=147 clt=1 wrkr=2 slot=0 size=10 src=client:1 dst=worker:2
event=resp_rdma_read ts_ns=69067984 id=144 start_ns=66260585 dur_ns=2807399 clt=1 wrkr=2 slot=1 size=1048584 src=worker:2 dst=client:1
event=req_send ts_ns=69067984 id=150 clt=1 wrkr=9 slot=1 size=17 src=client:1 dst=worker:9
event=resp_recv_ud ts_ns=69109561 id=150 clt=1 wrkr=9 slot=1 size=41 src=worker:9 dst=client:1
event=hand_send ts_ns=69118208 id=150 clt=1 wrkr=9 slot=1 size=10 src=client:1 dst=worker:9
event=resp_rdma_read ts_ns=70346079 id=147 start_ns=67576678 dur_ns=2769401 clt=1 wrkr=2 slot=0 size=1048584 src=worker:2 dst=client:1
event=req_send ts_ns=70346079 id=153 clt=1 wrkr=4 slot=0 size=17 src=client:1 dst=worker:4
event=resp_recv_ud ts_ns=70386080 id=153 clt=1 wrkr=4 slot=0 size=41 src=worker:4 dst=client:1
event=hand_send ts_ns=70394727 id=153 clt=1 wrkr=4 slot=0 size=10 src=client:1 dst=worker:4
event=resp_rdma_read ts_ns=71925692 id=150 start_ns=69118208 dur_ns=2807484 clt=1 wrkr=9 slot=1 size=1048584 src=worker:9 dst=client:1
event=req_send ts_ns=71925692 id=156 clt=1 wrkr=11 slot=0 size=17 src=client:1 dst=worker:11
event=resp_recv_ud ts_ns=71967295 id=156 clt=1 wrkr=11 slot=0 size=41 src=worker:11 dst=client:1
event=hand_send ts_ns=71975942 id=156 clt=1 wrkr=11 slot=0 size=10 src=client:1 dst=worker:11
event=resp_rdma_read ts_ns=73165975 id=153 start_ns=70394727 dur_ns=2771248 clt=1 wrkr=4 slot=0 size=1048584 src=worker:4 dst=client:1
event=req_send ts_ns=73165975 id=159 clt=1 wrkr=8 slot=1 size=17 src=client:1 dst=worker:8
event=resp_recv_ud ts_ns=73206023 id=159 clt=1 wrkr=8 slot=1 size=41 src=worker:8 dst=client:1
event=hand_send ts_ns=73214670 id=159 clt=1 wrkr=8 slot=1 size=10 src=client:1 dst=worker:8
event=resp_rdma_read ts_ns=74783739 id=156 start_ns=71975942 dur_ns=2807797 clt=1 wrkr=11 slot=0 size=1048584 src=worker:11 dst=client:1
event=req_send ts_ns=74783739 id=162 clt=1 wrkr=6 slot=0 size=17 src=client:1 dst=worker:6
event=resp_recv_ud ts_ns=74825378 id=162 clt=1 wrkr=6 slot=0 size=41 src=worker:6 dst=client:1
event=hand_send ts_ns=74834025 id=162 clt=1 wrkr=6 slot=0 size=10 src=client:1 dst=worker:6
event=resp_rdma_read ts_ns=75989365 id=159 start_ns=73214670 dur_ns=2774695 clt=1 wrkr=8 slot=1 size=1048584 src=worker:8 dst=client:1
event=req_send ts_ns=75989365 id=165 clt=1 wrkr=9 slot=0 size=17 src=client:1 dst=worker:9
event=resp_recv_ud ts_ns=76029428 id=165 clt=1 wrkr=9 slot=0 size=41 src=worker:9 dst=client:1
event=hand_send ts_ns=76038075 id=165 clt=1 wrkr=9 slot=0 size=10 src=client:1 dst=worker:9
event=resp_rdma_read ts_ns=77641319 id=162 start_ns=74834025 dur_ns=2807294 clt=1 wrkr=6 slot=0 size=1048584 src=worker:6 dst=client:1
event=req_send ts_ns=77641319 id=168 clt=1 wrkr=3 slot=1 size=17 src=client:1 dst=worker:3
event=resp_recv_ud ts_ns=77682993 id=168 clt=1 wrkr=3 slot=1 size=41 src=worker:3 dst=client:1
event=hand_send ts_ns=77691640 id=168 clt=1 wrkr=3 slot=1 size=10 src=client:1 dst=worker:3
event=resp_rdma_read ts_ns=78814066 id=165 start_ns=76038075 dur_ns=2775991 clt=1 wrkr=9 slot=0 size=1048584 src=worker:9 dst=client:1
event=req_send ts_ns=78814066 id=171 clt=1 wrkr=5 slot=1 size=17 src=client:1 dst=worker:5
event=resp_recv_ud ts_ns=78854119 id=171 clt=1 wrkr=5 slot=1 size=41 src=worker:5 dst=client:1
event=hand_send ts_ns=78862766 id=171 clt=1 wrkr=5 slot=1 size=10 src=client:1 dst=worker:5
event=resp_rdma_read ts_ns=80498582 id=168 start_ns=77691640 dur_ns=2806942 clt=1 wrkr=3 slot=1 size=1048584 src=worker:3 dst=client:1
event=req_send ts_ns=80498582 id=174 clt=1 wrkr=4 slot=1 size=17 src=client:1 dst=worker:4
event=resp_recv_ud ts_ns=80540295 id=174 clt=1 wrkr=4 slot=1 size=41 src=worker:4 dst=client:1
event=hand_send ts_ns=80548942 id=174 clt=1 wrkr=4 slot=1 size=10 src=client:1 dst=worker:4
event=resp_rdma_read ts_ns=81640432 id=171 start_ns=78862766 dur_ns=2777666 clt=1 wrkr=5 slot=1 size=1048584 src=worker:5 dst=client:1
event=req_send ts_ns=81640432 id=177 clt=1 wrkr=6 slot=1 size=17 src=client:1 dst=worker:6
event=resp_recv_ud ts_ns=81680476 id=177 clt=1 wrkr=6 slot=1 size=41 src=worker:6 dst=client:1
event=hand_send ts_ns=81689123 id=177 clt=1 wrkr=6 slot=1 size=10 src=client:1 dst=worker:6
event=resp_rdma_read ts_ns=83357774 id=174 start_ns=80548942 dur_ns=2808832 clt=1 wrkr=4 slot=1 size=1048584 src=worker:4 dst=client:1
event=req_send ts_ns=83357774 id=180 clt=1 wrkr=9 slot=1 size=17 src=client:1 dst=worker:9
event=resp_recv_ud ts_ns=83399526 id=180 clt=1 wrkr=9 slot=1 size=41 src=worker:9 dst=client:1
event=hand_send ts_ns=83408173 id=180 clt=1 wrkr=9 slot=1 size=10 src=client:1 dst=worker:9
event=resp_rdma_read ts_ns=84466462 id=177 start_ns=81689123 dur_ns=2777339 clt=1 wrkr=6 slot=1 size=1048584 src=worker:6 dst=client:1
event=req_send ts_ns=84466462 id=183 clt=1 wrkr=8 slot=0 size=17 src=client:1 dst=worker:8
event=resp_recv_ud ts_ns=84506332 id=183 clt=1 wrkr=8 slot=0 size=41 src=worker:8 dst=client:1
event=hand_send ts_ns=84514979 id=183 clt=1 wrkr=8 slot=0 size=10 src=client:1 dst=worker:8
event=resp_rdma_read ts_ns=86217824 id=180 start_ns=83408173 dur_ns=2809651 clt=1 wrkr=9 slot=1 size=1048584 src=worker:9 dst=client:1
event=req_send ts_ns=86217824 id=186 clt=1 wrkr=10 slot=1 size=17 src=client:1 dst=worker:10
event=resp_recv_ud ts_ns=86259635 id=186 clt=1 wrkr=10 slot=1 size=41 src=worker:10 dst=client:1
event=hand_send ts_ns=86268282 id=186 clt=1 wrkr=10 slot=1 size=10 src=client:1 dst=worker:10
event=resp_rdma_read ts_ns=87273926 id=183 start_ns=84514979 dur_ns=2758947 clt=1 wrkr=8 slot=0 size=1048584 src=worker:8 dst=client:1
event=req_send ts_ns=87273926 id=188 clt=1 wrkr=3 slot=0 size=17 src=client:1 dst=worker:3
event=resp_recv_ud ts_ns=87314614 id=188 clt=1 wrkr=3 slot=0 size=41 src=worker:3 dst=client:1
event=hand_send ts_ns=87323261 id=188 clt=1 wrkr=3 slot=0 size=10 src=client:1 dst=worker:3
event=resp_rdma_read ts_ns=89081141 id=186 start_ns=86268282 dur_ns=2812859 clt=1 wrkr=10 slot=1 size=1048584 src=worker:10 dst=client:1
event=req_send ts_ns=89081141 id=192 clt=1 wrkr=4 slot=0 size=17 src=client:1 dst=worker:4
event=resp_recv_ud ts_ns=89123060 id=192 clt=1 wrkr=4 slot=0 size=41 src=worker:4 dst=client:1
event=hand_send ts_ns=89131707 id=192 clt=1 wrkr=4 slot=0 size=10 src=client:1 dst=worker:4
event=resp_rdma_read ts_ns=90268406 id=188 start_ns=87323261 dur_ns=2945145 clt=1 wrkr=3 slot=0 size=1048584 src=worker:3 dst=client:1
event=req_send ts_ns=90268406 id=195 clt=1 wrkr=4 slot=1 size=17 src=client:1 dst=worker:4
event=resp_recv_ud ts_ns=90309656 id=195 clt=1 wrkr=4 slot=1 size=41 src=worker:4 dst=client:1
event=hand_send ts_ns=90318303 id=195 clt=1 wrkr=4 slot=1 size=10 src=client:1 dst=worker:4
event=resp_rdma_read ts_ns=91954052 id=192 start_ns=89131707 dur_ns=2822345 clt=1 wrkr=4 slot=0 size=1048584 src=worker:4 dst=client:1
event=req_send ts_ns=91954052 id=198 clt=1 wrkr=6 slot=0 size=17 src=client:1 dst=worker:6
event=resp_recv_ud ts_ns=91995956 id=198 clt=1 wrkr=6 slot=0 size=41 src=worker:6 dst=client:1
event=hand_send ts_ns=92004603 id=198 clt=1 wrkr=6 slot=0 size=10 src=client:1 dst=worker:6
event=resp_rdma_read ts_ns=93571730 id=195 start_ns=90318303 dur_ns=3253427 clt=1 wrkr=4 slot=1 size=1048584 src=worker:4 dst=client:1
event=req_send ts_ns=93571730 id=202 clt=1 wrkr=11 slot=1 size=17 src=client:1 dst=worker:11
event=resp_recv_ud ts_ns=93613916 id=202 clt=1 wrkr=11 slot=1 size=41 src=worker:11 dst=client:1
event=hand_send ts_ns=93622563 id=202 clt=1 wrkr=11 slot=1 size=10 src=client:1 dst=worker:11
event=resp_rdma_read ts_ns=94833646 id=198 start_ns=92004603 dur_ns=2829043 clt=1 wrkr=6 slot=0 size=1048584 src=worker:6 dst=client:1
event=req_send ts_ns=94833646 id=206 clt=1 wrkr=10 slot=0 size=17 src=client:1 dst=worker:10
event=resp_recv_ud ts_ns=94881473 id=206 clt=1 wrkr=10 slot=0 size=41 src=worker:10 dst=client:1
event=hand_send ts_ns=94890120 id=206 clt=1 wrkr=10 slot=0 size=10 src=client:1 dst=worker:10
event=resp_rdma_read ts_ns=96498500 id=202 start_ns=93622563 dur_ns=2875937 clt=1 wrkr=11 slot=1 size=1048584 src=worker:11 dst=client:1
event=req_send ts_ns=96498500 id=208 clt=1 wrkr=2 slot=1 size=17 src=client:1 dst=worker:2
event=resp_recv_ud ts_ns=96540505 id=208 clt=1 wrkr=2 slot=1 size=41 src=worker:2 dst=client:1
event=hand_send ts_ns=96549152 id=208 clt=1 wrkr=2 slot=1 size=10 src=client:1 dst=worker:2
event=resp_rdma_read ts_ns=96906374 id=206 start_ns=94890120 dur_ns=2016254 clt=1 wrkr=10 slot=0 size=1048584 src=worker:10 dst=client:1
event=req_send ts_ns=96906374 id=210 clt=1 wrkr=9 slot=0 size=17 src=client:1 dst=worker:9
event=resp_recv_ud ts_ns=96946458 id=210 clt=1 wrkr=9 slot=0 size=41 src=worker:9 dst=client:1
event=hand_send ts_ns=96955105 id=210 clt=1 wrkr=9 slot=0 size=10 src=client:1 dst=worker:9
event=resp_rdma_read ts_ns=99394639 id=208 start_ns=96549152 dur_ns=2845487 clt=1 wrkr=2 slot=1 size=1048584 src=worker:2 dst=client:1
event=req_send ts_ns=99394639 id=214 clt=1 wrkr=0 slot=0 size=17 src=client:1 dst=worker:0
event=resp_recv_ud ts_ns=99436336 id=214 clt=1 wrkr=0 slot=0 size=41 src=worker:0 dst=client:1
event=hand_send ts_ns=99444983 id=214 clt=1 wrkr=0 slot=0 size=10 src=client:1 dst=worker:0
event=resp_rdma_read ts_ns=99734410 id=210 start_ns=96955105 dur_ns=2779305 clt=1 wrkr=9 slot=0 size=1048584 src=worker:9 dst=client:1
event=req_send ts_ns=99734410 id=216 clt=1 wrkr=5 slot=0 size=17 src=client:1 dst=worker:5
event=resp_recv_ud ts_ns=99774577 id=216 clt=1 wrkr=5 slot=0 size=41 src=worker:5 dst=client:1
event=hand_send ts_ns=99783224 id=216 clt=1 wrkr=5 slot=0 size=10 src=client:1 dst=worker:5
event=resp_rdma_read ts_ns=102262457 id=214 start_ns=99444983 dur_ns=2817474 clt=1 wrkr=0 slot=0 size=1048584 src=worker:0 dst=client:1
event=req_send ts_ns=102262457 id=220 clt=1 wrkr=11 slot=0 size=17 src=client:1 dst=worker:11
event=resp_recv_ud ts_ns=102304147 id=220 clt=1 wrkr=11 slot=0 size=41 src=worker:11 dst=client:1
event=hand_send ts_ns=102312794 id=220 clt=1 wrkr=11 slot=0 size=10 src=client:1 dst=worker:11
event=resp_rdma_read ts_ns=102561046 id=216 start_ns=99783224 dur_ns=2777822 clt=1 wrkr=5 slot=0 size=1048584 src=worker:5 dst=client:1
event=req_send ts_ns=102561046 id=222 clt=1 wrkr=6 slot=1 size=17 src=client:1 dst=worker:6
event=resp_recv_ud ts_ns=102601115 id=222 clt=1 wrkr=6 slot=1 size=41 src=worker:6 dst=client:1
event=hand_send ts_ns=102609762 id=222 clt=1 wrkr=6 slot=1 size=10 src=client:1 dst=worker:6
event=resp_rdma_read ts_ns=105128713 id=220 start_ns=102312794 dur_ns=2815919 clt=1 wrkr=11 slot=0 size=1048584 src=worker:11 dst=client:1
event=req_send ts_ns=105128713 id=227 clt=1 wrkr=1 slot=1 size=17 src=client:1 dst=worker:1
event=resp_recv_ud ts_ns=105170007 id=227 clt=1 wrkr=1 slot=1 size=41 src=worker:1 dst=client:1
event=hand_send ts_ns=105178654 id=227 clt=1 wrkr=1 slot=1 size=10 src=client:1 dst=worker:1
event=resp_rdma_read ts_ns=105380739 id=222 start_ns=102609762 dur_ns=2770977 clt=1 wrkr=6 slot=1 size=1048584 src=worker:6 dst=client:1
event=req_send ts_ns=105380739 id=228 clt=1 wrkr=11 slot=1 size=17 src=client:1 dst=worker:11
event=resp_recv_ud ts_ns=105420745 id=228 clt=1 wrkr=11 slot=1 size=41 src=worker:11 dst=client:1
event=hand_send ts_ns=105429392 id=228 clt=1 wrkr=11 slot=1 size=10 src=client:1 dst=worker:11
event=resp_rdma_read ts_ns=107975345 id=227 start_ns=105178654 dur_ns=2796691 clt=1 wrkr=1 slot=1 size=1048584 src=worker:1 dst=client:1
event=req_send ts_ns=107975345 id=233 clt=1 wrkr=4 slot=0 size=17 src=client:1 dst=worker:4
event=resp_recv_ud ts_ns=108016663 id=233 clt=1 wrkr=4 slot=0 size=41 src=worker:4 dst=client:1
event=hand_send ts_ns=108025310 id=233 clt=1 wrkr=4 slot=0 size=10 src=client:1 dst=worker:4
event=resp_rdma_read ts_ns=108188697 id=228 start_ns=105429392 dur_ns=2759305 clt=1 wrkr=11 slot=1 size=1048584 src=worker:11 dst=client:1
event=req_send ts_ns=108188697 id=234 clt=1 wrkr=3 slot=1 size=17 src=client:1 dst=worker:3
event=resp_recv_ud ts_ns=108228680 id=234 clt=1 wrkr=3 slot=1 size=41 src=worker:3 dst=client:1
event=hand_send ts_ns=108237327 id=234 clt=1 wrkr=3 slot=1 size=10 src=client:1 dst=worker:3
event=resp_rdma_read ts_ns=110823659 id=233 start_ns=108025310 dur_ns=2798349 clt=1 wrkr=4 slot=0 size=1048584 src=worker:4 dst=client:1
event=req_send ts_ns=110823659 id=239 clt=1 wrkr=9 slot=1 size=17 src=client:1 dst=worker:9
event=resp_recv_ud ts_ns=110864962 id=239 clt=1 wrkr=9 slot=1 size=41 src=worker:9 dst=client:1
event=hand_send ts_ns=110873609 id=239 clt=1 wrkr=9 slot=1 size=10 src=client:1 dst=worker:9
event=resp_rdma_read ts_ns=111003689 id=234 start_ns=108237327 dur_ns=2766362 clt=1 wrkr=3 slot=1 size=1048584 src=worker:3 dst=client:1
event=req_send ts_ns=111003689 id=240 clt=1 wrkr=6 slot=0 size=17 src=client:1 dst=worker:6
event=resp_recv_ud ts_ns=111043775 id=240 clt=1 wrkr=6 slot=0 size=41 src=worker:6 dst=client:1
event=hand_send ts_ns=111052422 id=240 clt=1 wrkr=6 slot=0 size=10 src=client:1 dst=worker:6
event=resp_rdma_read ts_ns=113670849 id=239 start_ns=110873609 dur_ns=2797240 clt=1 wrkr=9 slot=1 size=1048584 src=worker:9 dst=client:1
event=req_send ts_ns=113670849 id=245 clt=1 wrkr=5 slot=1 size=17 src=client:1 dst=worker:5
event=resp_recv_ud ts_ns=113712142 id=245 clt=1 wrkr=5 slot=1 size=41 src=worker:5 dst=client:1
event=hand_send ts_ns=113720789 id=245 clt=1 wrkr=5 slot=1 size=10 src=client:1 dst=worker:5
event=resp_rdma_read ts_ns=113829187 id=240 start_ns=111052422 dur_ns=2776765 clt=1 wrkr=6 slot=0 size=1048584 src=worker:6 dst=client:1
event=req_send ts_ns=113829187 id=246 clt=1 wrkr=6 slot=1 size=17 src=client:1 dst=worker:6
event=resp_recv_ud ts_ns=113869433 id=246 clt=1 wrkr=6 slot=1 size=41 src=worker:6 dst=client:1
event=hand_send ts_ns=113878080 id=246 clt=1 wrkr=6 slot=1 size=10 src=client:1 dst=worker:6
event=resp_rdma_read ts_ns=116517959 id=245 start_ns=113720789 dur_ns=2797170 clt=1 wrkr=5 slot=1 size=1048584 src=worker:5 dst=client:1
event=req_send ts_ns=116517959 id=251 clt=1 wrkr=9 slot=0 size=17 src=client:1 dst=worker:9
event=resp_recv_ud ts_ns=116559237 id=251 clt=1 wrkr=9 slot=0 size=41 src=worker:9 dst=client:1
event=hand_send ts_ns=116567884 id=251 clt=1 wrkr=9 slot=0 size=10 src=client:1 dst=worker:9
event=resp_rdma_read ts_ns=116661432 id=246 start_ns=113878080 dur_ns=2783352 clt=1 wrkr=6 slot=1 size=1048584 src=worker:6 dst=client:1
event=req_send ts_ns=116661432 id=252 clt=1 wrkr=8 slot=1 size=17 src=client:1 dst=worker:8
event=resp_recv_ud ts_ns=116701854 id=252 clt=1 wrkr=8 slot=1 size=41 src=worker:8 dst=client:1
event=hand_send ts_ns=116710501 id=252 clt=1 wrkr=8 slot=1 size=10 src=client:1 dst=worker:8
event=resp_rdma_read ts_ns=119364489 id=251 start_ns=116567884 dur_ns=2796605 clt=1 wrkr=9 slot=0 size=1048584 src=worker:9 dst=client:1
event=req_send ts_ns=119364489 id=257 clt=1 wrkr=5 slot=0 size=17 src=client:1 dst=worker:5
event=resp_recv_ud ts_ns=119405749 id=257 clt=1 wrkr=5 slot=0 size=41 src=worker:5 dst=client:1
event=hand_send ts_ns=119414396 id=257 clt=1 wrkr=5 slot=0 size=10 src=client:1 dst=worker:5
event=resp_rdma_read ts_ns=119498673 id=252 start_ns=116710501 dur_ns=2788172 clt=1 wrkr=8 slot=1 size=1048584 src=worker:8 dst=client:1
event=req_send ts_ns=119498673 id=258 clt=1 wrkr=4 slot=1 size=17 src=client:1 dst=worker:4
event=resp_recv_ud ts_ns=119539245 id=258 clt=1 wrkr=4 slot=1 size=41 src=worker:4 dst=client:1
event=hand_send ts_ns=119547892 id=258 clt=1 wrkr=4 slot=1 size=10 src=client:1 dst=worker:4
event=resp_rdma_read ts_ns=122209893 id=257 start_ns=119414396 dur_ns=2795497 clt=1 wrkr=5 slot=0 size=1048584 src=worker:5 dst=client:1
event=req_send ts_ns=122209893 id=263 clt=1 wrkr=2 slot=0 size=17 src=client:1 dst=worker:2
event=resp_recv_ud ts_ns=122251129 id=263 clt=1 wrkr=2 slot=0 size=41 src=worker:2 dst=client:1
event=hand_send ts_ns=122259776 id=263 clt=1 wrkr=2 slot=0 size=10 src=client:1 dst=worker:2
event=resp_rdma_read ts_ns=122337924 id=258 start_ns=119547892 dur_ns=2790032 clt=1 wrkr=4 slot=1 size=1048584 src=worker:4 dst=client:1
event=req_send ts_ns=122337924 id=264 clt=1 wrkr=4 slot=0 size=17 src=client:1 dst=worker:4
event=resp_recv_ud ts_ns=122378635 id=264 clt=1 wrkr=4 slot=0 size=41 src=worker:4 dst=client:1
event=hand_send ts_ns=122387282 id=264 clt=1 wrkr=4 slot=0 size=10 src=client:1 dst=worker:4
event=resp_rdma_read ts_ns=125052841 id=263 start_ns=122259776 dur_ns=2793065 clt=1 wrkr=2 slot=0 size=1048584 src=worker:2 dst=client:1
event=req_send ts_ns=125052841 id=269 clt=1 wrkr=5 slot=1 size=17 src=client:1 dst=worker:5
event=resp_recv_ud ts_ns=125094045 id=269 clt=1 wrkr=5 slot=1 size=41 src=worker:5 dst=client:1
event=hand_send ts_ns=125102692 id=269 clt=1 wrkr=5 slot=1 size=10 src=client:1 dst=worker:5
event=resp_rdma_read ts_ns=125178218 id=264 start_ns=122387282 dur_ns=2790936 clt=1 wrkr=4 slot=0 size=1048584 src=worker:4 dst=client:1
event=req_send ts_ns=125178218 id=270 clt=1 wrkr=9 slot=1 size=17 src=client:1 dst=worker:9
event=resp_recv_ud ts_ns=125219024 id=270 clt=1 wrkr=9 slot=1 size=41 src=worker:9 dst=client:1
event=hand_send ts_ns=125227671 id=270 clt=1 wrkr=9 slot=1 size=10 src=client:1 dst=worker:9
event=resp_rdma_read ts_ns=127893074 id=269 start_ns=125102692 dur_ns=2790382 clt=1 wrkr=5 slot=1 size=1048584 src=worker:5 dst=client:1
event=req_send ts_ns=127893074 id=275 clt=1 wrkr=9 slot=0 size=17 src=client:1 dst=worker:9
event=resp_recv_ud ts_ns=127934255 id=275 clt=1 wrkr=9 slot=0 size=41 src=worker:9 dst=client:1
event=hand_send ts_ns=127942902 id=275 clt=1 wrkr=9 slot=0 size=10 src=client:1 dst=worker:9
event=resp_rdma_read ts_ns=128018554 id=270 start_ns=125227671 dur_ns=2790883 clt=1 wrkr=9 slot=1 size=1048584 src=worker:9 dst=client:1
event=req_send ts_ns=128018554 id=276 clt=1 wrkr=7 slot=1 size=17 src=client:1 dst=worker:7
event=resp_recv_ud ts_ns=128059419 id=276 clt=1 wrkr=7 slot=1 size=41 src=worker:7 dst=client:1
event=hand_send ts_ns=128068066 id=276 clt=1 wrkr=7 slot=1 size=10 src=client:1 dst=worker:7
event=resp_rdma_read ts_ns=130730070 id=275 start_ns=127942902 dur_ns=2787168 clt=1 wrkr=9 slot=0 size=1048584 src=worker:9 dst=client:1
event=req_send ts_ns=130730070 id=281 clt=1 wrkr=3 slot=0 size=17 src=client:1 dst=worker:3
event=resp_recv_ud ts_ns=130771274 id=281 clt=1 wrkr=3 slot=0 size=41 src=worker:3 dst=client:1
event=hand_send ts_ns=130779921 id=281 clt=1 wrkr=3 slot=0 size=10 src=client:1 dst=worker:3
event=resp_rdma_read ts_ns=130860004 id=276 start_ns=128068066 dur_ns=2791938 clt=1 wrkr=7 slot=1 size=1048584 src=worker:7 dst=client:1
event=req_send ts_ns=130860004 id=282 clt=1 wrkr=11 slot=0 size=17 src=client:1 dst=worker:11
event=resp_recv_ud ts_ns=130900886 id=282 clt=1 wrkr=11 slot=0 size=41 src=worker:11 dst=client:1
event=hand_send ts_ns=130909533 id=282 clt=1 wrkr=11 slot=0 size=10 src=client:1 dst=worker:11
event=resp_rdma_read ts_ns=133562623 id=281 start_ns=130779921 dur_ns=2782702 clt=1 wrkr=3 slot=0 size=1048584 src=worker:3 dst=client:1
event=req_send ts_ns=133562623 id=288 clt=1 wrkr=10 slot=1 size=17 src=client:1 dst=worker:10
event=resp_recv_ud ts_ns=133610042 id=288 clt=1 wrkr=10 slot=1 size=41 src=worker:10 dst=client:1
event=hand_send ts_ns=133618689 id=288 clt=1 wrkr=10 slot=1 size=10 src=client:1 dst=worker:10
event=resp_rdma_read ts_ns=133706615 id=282 start_ns=130909533 dur_ns=2797082 clt=1 wrkr=11 slot=0 size=1048584 src=worker:11 dst=client:1
event=req_send ts_ns=133706615 id=289 clt=1 wrkr=9 slot=1 size=17 src=client:1 dst=worker:9
event=resp_recv_ud ts_ns=133747617 id=289 clt=1 wrkr=9 slot=1 size=41 src=worker:9 dst=client:1
event=hand_send ts_ns=133756264 id=289 clt=1 wrkr=9 slot=1 size=10 src=client:1 dst=worker:9
event=resp_rdma_read ts_ns=135623652 id=288 start_ns=133618689 dur_ns=2004963 clt=1 wrkr=10 slot=1 size=1048584 src=worker:10 dst=client:1
event=req_send ts_ns=135623652 id=292 clt=1 wrkr=10 slot=0 size=17 src=client:1 dst=worker:10
event=resp_recv_ud ts_ns=135664964 id=292 clt=1 wrkr=10 slot=0 size=41 src=worker:10 dst=client:1
event=hand_send ts_ns=135673611 id=292 clt=1 wrkr=10 slot=0 size=10 src=client:1 dst=worker:10
event=resp_rdma_read ts_ns=136535278 id=289 start_ns=133756264 dur_ns=2779014 clt=1 wrkr=9 slot=1 size=1048584 src=worker:9 dst=client:1
event=req_send ts_ns=136535278 id=295 clt=1 wrkr=2 slot=1 size=17 src=client:1 dst=worker:2
event=resp_recv_ud ts_ns=136575220 id=295 clt=1 wrkr=2 slot=1 size=41 src=worker:2 dst=client:1
event=hand_send ts_ns=136583867 id=295 clt=1 wrkr=2 slot=1 size=10 src=client:1 dst=worker:2
event=resp_rdma_read ts_ns=138476366 id=292 start_ns=135673611 dur_ns=2802755 clt=1 wrkr=10 slot=0 size=1048584 src=worker:10 dst=client:1
event=req_send ts_ns=138476366 id=298 clt=1 wrkr=1 slot=0 size=17 src=client:1 dst=worker:1
event=resp_recv_ud ts_ns=138517834 id=298 clt=1 wrkr=1 slot=0 size=41 src=worker:1 dst=client:1
event=hand_send ts_ns=138526481 id=298 clt=1 wrkr=1 slot=0 size=10 src=client:1 dst=worker:1
event=resp_rdma_read ts_ns=139354288 id=295 start_ns=136583867 dur_ns=2770421 clt=1 wrkr=2 slot=1 size=1048584 src=worker:2 dst=client:1
event=req_send ts_ns=139354288 id=301 clt=1 wrkr=0 slot=1 size=17 src=client:1 dst=worker:0
event=resp_recv_ud ts_ns=139394263 id=301 clt=1 wrkr=0 slot=1 size=41 src=worker:0 dst=client:1
event=hand_send ts_ns=139402910 id=301 clt=1 wrkr=0 slot=1 size=10 src=client:1 dst=worker:0
event=resp_rdma_read ts_ns=141331162 id=298 start_ns=138526481 dur_ns=2804681 clt=1 wrkr=1 slot=0 size=1048584 src=worker:1 dst=client:1
event=req_send ts_ns=141331162 id=304 clt=1 wrkr=5 slot=0 size=17 src=client:1 dst=worker:5
event=resp_recv_ud ts_ns=141372637 id=304 clt=1 wrkr=5 slot=0 size=41 src=worker:5 dst=client:1
event=hand_send ts_ns=141381284 id=304 clt=1 wrkr=5 slot=0 size=10 src=client:1 dst=worker:5
event=resp_rdma_read ts_ns=142171331 id=301 start_ns=139402910 dur_ns=2768421 clt=1 wrkr=0 slot=1 size=1048584 src=worker:0 dst=client:1
event=req_send ts_ns=142171331 id=307 clt=1 wrkr=11 slot=1 size=17 src=client:1 dst=worker:11
event=resp_recv_ud ts_ns=142211333 id=307 clt=1 wrkr=11 slot=1 size=41 src=worker:11 dst=client:1
event=hand_send ts_ns=142219980 id=307 clt=1 wrkr=11 slot=1 size=10 src=client:1 dst=worker:11
event=resp_rdma_read ts_ns=144185830 id=304 start_ns=141381284 dur_ns=2804546 clt=1 wrkr=5 slot=0 size=1048584 src=worker:5 dst=client:1
event=req_send ts_ns=144185830 id=310 clt=1 wrkr=5 slot=1 size=17 src=client:1 dst=worker:5
event=resp_recv_ud ts_ns=144227304 id=310 clt=1 wrkr=5 slot=1 size=41 src=worker:5 dst=client:1
event=hand_send ts_ns=144235951 id=310 clt=1 wrkr=5 slot=1 size=10 src=client:1 dst=worker:5
event=resp_rdma_read ts_ns=144987690 id=307 start_ns=142219980 dur_ns=2767710 clt=1 wrkr=11 slot=1 size=1048584 src=worker:11 dst=client:1
event=req_send ts_ns=144987690 id=313 clt=1 wrkr=7 slot=0 size=17 src=client:1 dst=worker:7
event=resp_recv_ud ts_ns=145027724 id=313 clt=1 wrkr=7 slot=0 size=41 src=worker:7 dst=client:1
event=hand_send ts_ns=145036371 id=313 clt=1 wrkr=7 slot=0 size=10 src=client:1 dst=worker:7
event=resp_rdma_read ts_ns=147041512 id=310 start_ns=144235951 dur_ns=2805561 clt=1 wrkr=5 slot=1 size=1048584 src=worker:5 dst=client:1
event=req_send ts_ns=147041512 id=316 clt=1 wrkr=10 slot=1 size=17 src=client:1 dst=worker:10
event=resp_recv_ud ts_ns=147082993 id=316 clt=1 wrkr=10 slot=1 size=41 src=worker:10 dst=client:1
event=hand_send ts_ns=147091640 id=316 clt=1 wrkr=10 slot=1 size=10 src=client:1 dst=worker:10
event=resp_rdma_read ts_ns=147802077 id=313 start_ns=145036371 dur_ns=2765706 clt=1 wrkr=7 slot=0 size=1048584 src=worker:7 dst=client:1
event=req_send ts_ns=147802077 id=319 clt=1 wrkr=1 slot=1 size=17 src=client:1 dst=worker:1
event=resp_recv_ud ts_ns=147842145 id=319 clt=1 wrkr=1 slot=1 size=41 src=worker:1 dst=client:1
event=hand_send ts_ns=147850792 id=319 clt=1 wrkr=1 slot=1 size=10 src=client:1 dst=worker:1
event=resp_rdma_read ts_ns=149898184 id=316 start_ns=147091640 dur_ns=2806544 clt=1 wrkr=10 slot=1 size=1048584 src=worker:10 dst=client:1
event=req_send ts_ns=149898184 id=322 clt=1 wrkr=1 slot=0 size=17 src=client:1 dst=worker:1
event=resp_recv_ud ts_ns=149939674 id=322 clt=1 wrkr=1 slot=0 size=41 src=worker:1 dst=client:1
event=hand_send ts_ns=149948321 id=322 clt=1 wrkr=1 slot=0 size=10 src=client:1 dst=worker:1
event=resp_rdma_read ts_ns=150616514 id=319 start_ns=147850792 dur_ns=2765722 clt=1 wrkr=1 slot=1 size=1048584 src=worker:1 dst=client:1
event=req_send ts_ns=150616514 id=325 clt=1 wrkr=9 slot=0 size=17 src=client:1 dst=worker:9
event=resp_recv_ud ts_ns=150656611 id=325 clt=1 wrkr=9 slot=0 size=41 src=worker:9 dst=client:1
event=hand_send ts_ns=150665258 id=325 clt=1 wrkr=9 slot=0 size=10 src=client:1 dst=worker:9
event=resp_rdma_read ts_ns=152754824 id=322 start_ns=149948321 dur_ns=2806503 clt=1 wrkr=1 slot=0 size=1048584 src=worker:1 dst=client:1
event=req_send ts_ns=152754824 id=328 clt=1 wrkr=0 slot=0 size=17 src=client:1 dst=worker:0
event=resp_recv_ud ts_ns=152796323 id=328 clt=1 wrkr=0 slot=0 size=41 src=worker:0 dst=client:1
event=hand_send ts_ns=152804970 id=328 clt=1 wrkr=0 slot=0 size=10 src=client:1 dst=worker:0
event=resp_rdma_read ts_ns=153433678 id=325 start_ns=150665258 dur_ns=2768420 clt=1 wrkr=9 slot=0 size=1048584 src=worker:9 dst=client:1
event=req_send ts_ns=153433678 id=331 clt=1 wrkr=5 slot=0 size=17 src=client:1 dst=worker:5
event=resp_recv_ud ts_ns=153473821 id=331 clt=1 wrkr=5 slot=0 size=41 src=worker:5 dst=client:1
event=hand_send ts_ns=153482468 id=331 clt=1 wrkr=5 slot=0 size=10 src=client:1 dst=worker:5
event=resp_rdma_read ts_ns=155612521 id=328 start_ns=152804970 dur_ns=2807551 clt=1 wrkr=0 slot=0 size=1048584 src=worker:0 dst=client:1
event=req_send ts_ns=155612521 id=334 clt=1 wrkr=8 slot=0 size=17 src=client:1 dst=worker:8
event=resp_recv_ud ts_ns=155654039 id=334 clt=1 wrkr=8 slot=0 size=41 src=worker:8 dst=client:1
event=hand_send ts_ns=155662686 id=334 clt=1 wrkr=8 slot=0 size=10 src=client:1 dst=worker:8
event=resp_rdma_read ts_ns=156254856 id=331 start_ns=153482468 dur_ns=2772388 clt=1 wrkr=5 slot=0 size=1048584 src=worker:5 dst=client:1
event=req_send ts_ns=156254856 id=337 clt=1 wrkr=8 slot=1 size=17 src=client:1 dst=worker:8
event=resp_recv_ud ts_ns=156295028 id=337 clt=1 wrkr=8 slot=1 size=41 src=worker:8 dst=client:1
event=hand_send ts_ns=156303675 id=337 clt=1 wrkr=8 slot=1 size=10 src=client:1 dst=worker:8
event=resp_rdma_read ts_ns=158471292 id=334 start_ns=155662686 dur_ns=2808606 clt=1 wrkr=8 slot=0 size=1048584 src=worker:8 dst=client:1
event=req_send ts_ns=158471292 id=340 clt=1 wrkr=9 slot=1 size=17 src=client:1 dst=worker:9
event=resp_recv_ud ts_ns=158512822 id=340 clt=1 wrkr=9 slot=1 size=41 src=worker:9 dst=client:1
event=hand_send ts_ns=158521469 id=340 clt=1 wrkr=9 slot=1 size=10 src=client:1 dst=worker:9
event=resp_rdma_read ts_ns=159077131 id=337 start_ns=156303675 dur_ns=2773456 clt=1 wrkr=8 slot=1 size=1048584 src=worker:8 dst=client:1
event=req_send ts_ns=159077131 id=343 clt=1 wrkr=8 slot=0 size=17 src=client:1 dst=worker:8
event=resp_recv_ud ts_ns=159117336 id=343 clt=1 wrkr=8 slot=0 size=41 src=worker:8 dst=client:1
event=hand_send ts_ns=159125983 id=343 clt=1 wrkr=8 slot=0 size=10 src=client:1 dst=worker:8
event=resp_rdma_read ts_ns=161331041 id=340 start_ns=158521469 dur_ns=2809572 clt=1 wrkr=9 slot=1 size=1048584 src=worker:9 dst=client:1
event=req_send ts_ns=161331041 id=347 clt=1 wrkr=1 slot=1 size=17 src=client:1 dst=worker:1
event=resp_recv_ud ts_ns=161371565 id=347 clt=1 wrkr=1 slot=1 size=41 src=worker:1 dst=client:1
event=hand_send ts_ns=161380212 id=347 clt=1 wrkr=1 slot=1 size=10 src=client:1 dst=worker:1
event=resp_rdma_read ts_ns=161900298 id=343 start_ns=159125983 dur_ns=2774315 clt=1 wrkr=8 slot=0 size=1048584 src=worker:8 dst=client:1
event=req_send ts_ns=161900298 id=349 clt=1 wrkr=4 slot=1 size=17 src=client:1 dst=worker:4
event=resp_recv_ud ts_ns=161940292 id=349 clt=1 wrkr=4 slot=1 size=41 src=worker:4 dst=client:1
event=hand_send ts_ns=161948939 id=349 clt=1 wrkr=4 slot=1 size=10 src=client:1 dst=worker:4
event=resp_rdma_read ts_ns=164142780 id=347 start_ns=161380212 dur_ns=2762568 clt=1 wrkr=1 slot=1 size=1048584 src=worker:1 dst=client:1
event=req_send ts_ns=164142780 id=353 clt=1 wrkr=8 slot=1 size=17 src=client:1 dst=worker:8
event=resp_recv_ud ts_ns=164183181 id=353 clt=1 wrkr=8 slot=1 size=41 src=worker:8 dst=client:1
event=hand_send ts_ns=164191828 id=353 clt=1 wrkr=8 slot=1 size=10 src=client:1 dst=worker:8
event=resp_rdma_read ts_ns=164714609 id=349 start_ns=161948939 dur_ns=2765670 clt=1 wrkr=4 slot=1 size=1048584 src=worker:4 dst=client:1
event=req_send ts_ns=164714609 id=355 clt=1 wrkr=1 slot=0 size=17 src=client:1 dst=worker:1
event=resp_recv_ud ts_ns=164754628 id=355 clt=1 wrkr=1 slot=0 size=41 src=worker:1 dst=client:1
event=hand_send ts_ns=164763275 id=355 clt=1 wrkr=1 slot=0 size=10 src=client:1 dst=worker:1
event=resp_rdma_read ts_ns=166951168 id=353 start_ns=164191828 dur_ns=2759340 clt=1 wrkr=8 slot=1 size=1048584 src=worker:8 dst=client:1
event=req_send ts_ns=166951168 id=359 clt=1 wrkr=6 slot=0 size=17 src=client:1 dst=worker:6
event=resp_recv_ud ts_ns=166991364 id=359 clt=1 wrkr=6 slot=0 size=41 src=worker:6 dst=client:1
event=hand_send ts_ns=167000011 id=359 clt=1 wrkr=6 slot=0 size=10 src=client:1 dst=worker:6
event=resp_rdma_read ts_ns=167528670 id=355 start_ns=164763275 dur_ns=2765395 clt=1 wrkr=1 slot=0 size=1048584 src=worker:1 dst=client:1
event=req_send ts_ns=167528670 id=361 clt=1 wrkr=5 slot=1 size=17 src=client:1 dst=worker:5
event=resp_recv_ud ts_ns=167568713 id=361 clt=1 wrkr=5 slot=1 size=41 src=worker:5 dst=client:1
event=hand_send ts_ns=167577360 id=361 clt=1 wrkr=5 slot=1 size=10 src=client:1 dst=worker:5
event=resp_rdma_read ts_ns=169757152 id=359 start_ns=167000011 dur_ns=2757141 clt=1 wrkr=6 slot=0 size=1048584 src=worker:6 dst=client:1
event=req_send ts_ns=169757152 id=365 clt=1 wrkr=7 slot=1 size=17 src=client:1 dst=worker:7
event=resp_recv_ud ts_ns=169797197 id=365 clt=1 wrkr=7 slot=1 size=41 src=worker:7 dst=client:1
event=hand_send ts_ns=169805844 id=365 clt=1 wrkr=7 slot=1 size=10 src=client:1 dst=worker:7
event=resp_rdma_read ts_ns=170341124 id=361 start_ns=167577360 dur_ns=2763764 clt=1 wrkr=5 slot=1 size=1048584 src=worker:5 dst=client:1
event=req_send ts_ns=170341124 id=367 clt=1 wrkr=1 slot=1 size=17 src=client:1 dst=worker:1
event=resp_recv_ud ts_ns=170381195 id=367 clt=1 wrkr=1 slot=1 size=41 src=worker:1 dst=client:1
event=hand_send ts_ns=170389842 id=367 clt=1 wrkr=1 slot=1 size=10 src=client:1 dst=worker:1
event=resp_rdma_read ts_ns=172565902 id=365 start_ns=169805844 dur_ns=2760058 clt=1 wrkr=7 slot=1 size=1048584 src=worker:7 dst=client:1
event=req_send ts_ns=172565902 id=371 clt=1 wrkr=8 slot=0 size=17 src=client:1 dst=worker:8
event=resp_recv_ud ts_ns=172605934 id=371 clt=1 wrkr=8 slot=0 size=41 src=worker:8 dst=client:1
event=hand_send ts_ns=172614581 id=371 clt=1 wrkr=8 slot=0 size=10 src=client:1 dst=worker:8
event=resp_rdma_read ts_ns=173153862 id=367 start_ns=170389842 dur_ns=2764020 clt=1 wrkr=1 slot=1 size=1048584 src=worker:1 dst=client:1
event=req_send ts_ns=173153862 id=373 clt=1 wrkr=3 slot=1 size=17 src=client:1 dst=worker:3
event=resp_recv_ud ts_ns=173193982 id=373 clt=1 wrkr=3 slot=1 size=41 src=worker:3 dst=client:1
event=hand_send ts_ns=173202629 id=373 clt=1 wrkr=3 slot=1 size=10 src=client:1 dst=worker:3
event=resp_rdma_read ts_ns=175385197 id=371 start_ns=172614581 dur_ns=2770616 clt=1 wrkr=8 slot=0 size=1048584 src=worker:8 dst=client:1
event=req_send ts_ns=175385197 id=377 clt=1 wrkr=11 slot=0 size=17 src=client:1 dst=worker:11
event=resp_recv_ud ts_ns=175425583 id=377 clt=1 wrkr=11 slot=0 size=41 src=worker:11 dst=client:1
event=hand_send ts_ns=175434230 id=377 clt=1 wrkr=11 slot=0 size=10 src=client:1 dst=worker:11
event=resp_rdma_read ts_ns=175966873 id=373 start_ns=173202629 dur_ns=2764244 clt=1 wrkr=3 slot=1 size=1048584 src=worker:3 dst=client:1
event=req_send ts_ns=175966873 id=379 clt=1 wrkr=9 slot=0 size=17 src=client:1 dst=worker:9
event=resp_recv_ud ts_ns=176007080 id=379 clt=1 wrkr=9 slot=0 size=41 src=worker:9 dst=client:1
event=hand_send ts_ns=176015727 id=379 clt=1 wrkr=9 slot=0 size=10 src=client:1 dst=worker:9
event=resp_rdma_read ts_ns=178225642 id=377 start_ns=175434230 dur_ns=2791412 clt=1 wrkr=11 slot=0 size=1048584 src=worker:11 dst=client:1
event=req_send ts_ns=178225642 id=383 clt=1 wrkr=11 slot=1 size=17 src=client:1 dst=worker:11
event=resp_recv_ud ts_ns=178266638 id=383 clt=1 wrkr=11 slot=1 size=41 src=worker:11 dst=client:1
event=hand_send ts_ns=178275285 id=383 clt=1 wrkr=11 slot=1 size=10 src=client:1 dst=worker:11
event=resp_rdma_read ts_ns=178786220 id=379 start_ns=176015727 dur_ns=2770493 clt=1 wrkr=9 slot=0 size=1048584 src=worker:9 dst=client:1
event=req_send ts_ns=178786220 id=385 clt=1 wrkr=4 slot=0 size=17 src=client:1 dst=worker:4
event=resp_recv_ud ts_ns=178826536 id=385 clt=1 wrkr=4 slot=0 size=41 src=worker:4 dst=client:1
event=hand_send ts_ns=178835183 id=385 clt=1 wrkr=4 slot=0 size=10 src=client:1 dst=worker:4
event=resp_rdma_read ts_ns=181069967 id=383 start_ns=178275285 dur_ns=2794682 clt=1 wrkr=11 slot=1 size=1048584 src=worker:11 dst=client:1
event=req_send ts_ns=181069967 id=389 clt=1 wrkr=7 slot=0 size=17 src=client:1 dst=worker:7
event=resp_recv_ud ts_ns=181115386 id=389 clt=1 wrkr=7 slot=0 size=41 src=worker:7 dst=client:1
event=hand_send ts_ns=181124033 id=389 clt=1 wrkr=7 slot=0 size=10 src=client:1 dst=worker:7
event=resp_rdma_read ts_ns=181615290 id=385 start_ns=178835183 dur_ns=2780107 clt=1 wrkr=4 slot=0 size=1048584 src=worker:4 dst=client:1
event=req_send ts_ns=181615290 id=391 clt=1 wrkr=0 slot=1 size=17 src=client:1 dst=worker:0
event=resp_recv_ud ts_ns=181655768 id=391 clt=1 wrkr=0 slot=1 size=41 src=worker:0 dst=client:1
event=hand_send ts_ns=181664415 id=391 clt=1 wrkr=0 slot=1 size=10 src=client:1 dst=worker:0
event=resp_rdma_read ts_ns=183317424 id=389 start_ns=181124033 dur_ns=2193391 clt=1 wrkr=7 slot=0 size=1048584 src=worker:7 dst=client:1
event=req_send ts_ns=183317424 id=394 clt=1 wrkr=5 slot=0 size=17 src=client:1 dst=worker:5
event=resp_recv_ud ts_ns=183358860 id=394 clt=1 wrkr=5 slot=0 size=41 src=worker:5 dst=client:1
event=hand_send ts_ns=183367507 id=394 clt=1 wrkr=5 slot=0 size=10 src=client:1 dst=worker:5
event=resp_rdma_read ts_ns=184462103 id=391 start_ns=181664415 dur_ns=2797688 clt=1 wrkr=0 slot=1 size=1048584 src=worker:0 dst=client:1
event=req_send ts_ns=184462103 id=397 clt=1 wrkr=9 slot=1 size=17 src=client:1 dst=worker:9
event=resp_recv_ud ts_ns=184502110 id=397 clt=1 wrkr=9 slot=1 size=41 src=worker:9 dst=client:1
event=hand_send ts_ns=184510757 id=397 clt=1 wrkr=9 slot=1 size=10 src=client:1 dst=worker:9
event=resp_rdma_read ts_ns=186177981 id=394 start_ns=183367507 dur_ns=2810474 clt=1 wrkr=5 slot=0 size=1048584 src=worker:5 dst=client:1
event=req_send ts_ns=186177981 id=400 clt=1 wrkr=2 slot=0 size=17 src=client:1 dst=worker:2
event=resp_recv_ud ts_ns=186219555 id=400 clt=1 wrkr=2 slot=0 size=41 src=worker:2 dst=client:1
event=hand_send ts_ns=186228202 id=400 clt=1 wrkr=2 slot=0 size=10 src=client:1 dst=worker:2
event=resp_rdma_read ts_ns=187278892 id=397 start_ns=184510757 dur_ns=2768135 clt=1 wrkr=9 slot=1 size=1048584 src=worker:9 dst=client:1
event=req_send ts_ns=187278892 id=403 clt=1 wrkr=1 slot=0 size=17 src=client:1 dst=worker:1
event=resp_recv_ud ts_ns=187318961 id=403 clt=1 wrkr=1 slot=0 size=41 src=worker:1 dst=client:1
event=hand_send ts_ns=187327608 id=403 clt=1 wrkr=1 slot=0 size=10 src=client:1 dst=worker:1
event=resp_rdma_read ts_ns=189047787 id=400 start_ns=186228202 dur_ns=2819585 clt=1 wrkr=2 slot=0 size=1048584 src=worker:2 dst=client:1
event=req_send ts_ns=189047787 id=406 clt=1 wrkr=9 slot=0 size=17 src=client:1 dst=worker:9
event=resp_recv_ud ts_ns=189089411 id=406 clt=1 wrkr=9 slot=0 size=41 src=worker:9 dst=client:1
event=hand_send ts_ns=189098058 id=406 clt=1 wrkr=9 slot=0 size=10 src=client:1 dst=worker:9
event=resp_rdma_read ts_ns=190099924 id=403 start_ns=187327608 dur_ns=2772316 clt=1 wrkr=1 slot=0 size=1048584 src=worker:1 dst=client:1
event=req_send ts_ns=190099924 id=409 clt=1 wrkr=4 slot=1 size=17 src=client:1 dst=worker:4
event=resp_recv_ud ts_ns=190140034 id=409 clt=1 wrkr=4 slot=1 size=41 src=worker:4 dst=client:1
event=hand_send ts_ns=190148681 id=409 clt=1 wrkr=4 slot=1 size=10 src=client:1 dst=worker:4
event=resp_rdma_read ts_ns=191921357 id=406 start_ns=189098058 dur_ns=2823299 clt=1 wrkr=9 slot=0 size=1048584 src=worker:9 dst=client:1
event=req_send ts_ns=191921357 id=412 clt=1 wrkr=1 slot=1 size=17 src=client:1 dst=worker:1
event=resp_recv_ud ts_ns=191963118 id=412 clt=1 wrkr=1 slot=1 size=41 src=worker:1 dst=client:1
event=hand_send ts_ns=191971765 id=412 clt=1 wrkr=1 slot=1 size=10 src=client:1 dst=worker:1
event=resp_rdma_read ts_ns=192922421 id=409 start_ns=190148681 dur_ns=2773740 clt=1 wrkr=4 slot=1 size=1048584 src=worker:4 dst=client:1
event=req_send ts_ns=192922421 id=415 clt=1 wrkr=4 slot=0 size=17 src=client:1 dst=worker:4
event=resp_recv_ud ts_ns=192962609 id=415 clt=1 wrkr=4 slot=0 size=41 src=worker:4 dst=client:1
event=hand_send ts_ns=192971256 id=415 clt=1 wrkr=4 slot=0 size=10 src=client:1 dst=worker:4
event=resp_rdma_read ts_ns=194803374 id=412 start_ns=191971765 dur_ns=2831609 clt=1 wrkr=1 slot=1 size=1048584 src=worker:1 dst=client:1
event=req_send ts_ns=194803374 id=418 clt=1 wrkr=10 slot=0 size=17 src=client:1 dst=worker:10
event=resp_recv_ud ts_ns=194844896 id=418 clt=1 wrkr=10 slot=0 size=41 src=worker:10 dst=client:1
event=hand_send ts_ns=194853543 id=418 clt=1 wrkr=10 slot=0 size=10 src=client:1 dst=worker:10
event=resp_rdma_read ts_ns=195748885 id=415 start_ns=192971256 dur_ns=2777629 clt=1 wrkr=4 slot=0 size=1048584 src=worker:4 dst=client:1
event=req_send ts_ns=195748885 id=421 clt=1 wrkr=4 slot=1 size=17 src=client:1 dst=worker:4
event=resp_recv_ud ts_ns=195788798 id=421 clt=1 wrkr=4 slot=1 size=41 src=worker:4 dst=client:1
event=hand_send ts_ns=195797445 id=421 clt=1 wrkr=4 slot=1 size=10 src=client:1 dst=worker:4
event=resp_rdma_read ts_ns=197660825 id=418 start_ns=194853543 dur_ns=2807282 clt=1 wrkr=10 slot=0 size=1048584 src=worker:10 dst=client:1
event=req_send ts_ns=197660825 id=424 clt=1 wrkr=2 slot=1 size=17 src=client:1 dst=worker:2
event=resp_recv_ud ts_ns=197702359 id=424 clt=1 wrkr=2 slot=1 size=41 src=worker:2 dst=client:1
event=hand_send ts_ns=197711006 id=424 clt=1 wrkr=2 slot=1 size=10 src=client:1 dst=worker:2
event=resp_rdma_read ts_ns=198568749 id=421 start_ns=195797445 dur_ns=2771304 clt=1 wrkr=4 slot=1 size=1048584 src=worker:4 dst=client:1
event=req_send ts_ns=198568749 id=427 clt=1 wrkr=3 slot=0 size=17 src=client:1 dst=worker:3
event=resp_recv_ud ts_ns=198608674 id=427 clt=1 wrkr=3 slot=0 size=41 src=worker:3 dst=client:1
event=hand_send ts_ns=198617321 id=427 clt=1 wrkr=3 slot=0 size=10 src=client:1 dst=worker:3
event=resp_rdma_read ts_ns=200518393 id=424 start_ns=197711006 dur_ns=2807387 clt=1 wrkr=2 slot=1 size=1048584 src=worker:2 dst=client:1
event=req_send ts_ns=200518393 id=430 clt=1 wrkr=5 slot=1 size=17 src=client:1 dst=worker:5
event=resp_recv_ud ts_ns=200559920 id=430 clt=1 wrkr=5 slot=1 size=41 src=worker:5 dst=client:1
event=hand_send ts_ns=200568567 id=430 clt=1 wrkr=5 slot=1 size=10 src=client:1 dst=worker:5
event=resp_rdma_read ts_ns=201389648 id=427 start_ns=198617321 dur_ns=2772327 clt=1 wrkr=3 slot=0 size=1048584 src=worker:3 dst=client:1
event=req_send ts_ns=201389648 id=433 clt=1 wrkr=0 slot=0 size=17 src=client:1 dst=worker:0
event=resp_recv_ud ts_ns=201429587 id=433 clt=1 wrkr=0 slot=0 size=41 src=worker:0 dst=client:1
event=hand_send ts_ns=201438234 id=433 clt=1 wrkr=0 slot=0 size=10 src=client:1 dst=worker:0
event=resp_rdma_read ts_ns=203374443 id=430 start_ns=200568567 dur_ns=2805876 clt=1 wrkr=5 slot=1 size=1048584 src=worker:5 dst=client:1
event=req_send ts_ns=203374443 id=436 clt=1 wrkr=10 slot=1 size=17 src=client:1 dst=worker:10
event=resp_recv_ud ts_ns=203415962 id=436 clt=1 wrkr=10 slot=1 size=41 src=worker:10 dst=client:1
event=hand_send ts_ns=203424609 id=436 clt=1 wrkr=10 slot=1 size=10 src=client:1 dst=worker:10
event=resp_rdma_read ts_ns=204208442 id=433 start_ns=201438234 dur_ns=2770208 clt=1 wrkr=0 slot=0 size=1048584 src=worker:0 dst=client:1
event=req_send ts_ns=204208442 id=439 clt=1 wrkr=10 slot=0 size=17 src=client:1 dst=worker:10
event=resp_recv_ud ts_ns=204248404 id=439 clt=1 wrkr=10 slot=0 size=41 src=worker:10 dst=client:1
event=hand_send ts_ns=204257051 id=439 clt=1 wrkr=10 slot=0 size=10 src=client:1 dst=worker:10
event=resp_rdma_read ts_ns=206231215 id=436 start_ns=203424609 dur_ns=2806606 clt=1 wrkr=10 slot=1 size=1048584 src=worker:10 dst=client:1
event=req_send ts_ns=206231215 id=442 clt=1 wrkr=5 slot=0 size=17 src=client:1 dst=worker:5
event=resp_recv_ud ts_ns=206272725 id=442 clt=1 wrkr=5 slot=0 size=41 src=worker:5 dst=client:1
event=hand_send ts_ns=206281372 id=442 clt=1 wrkr=5 slot=0 size=10 src=client:1 dst=worker:5
event=resp_rdma_read ts_ns=207027619 id=439 start_ns=204257051 dur_ns=2770568 clt=1 wrkr=10 slot=0 size=1048584 src=worker:10 dst=client:1
event=req_send ts_ns=207027619 id=445 clt=1 wrkr=7 slot=1 size=17 src=client:1 dst=worker:7
event=resp_recv_ud ts_ns=207067611 id=445 clt=1 wrkr=7 slot=1 size=41 src=worker:7 dst=client:1
event=hand_send ts_ns=207076258 id=445 clt=1 wrkr=7 slot=1 size=10 src=client:1 dst=worker:7
event=resp_rdma_read ts_ns=209088807 id=442 start_ns=206281372 dur_ns=2807435 clt=1 wrkr=5 slot=0 size=1048584 src=worker:5 dst=client:1
event=req_send ts_ns=209088807 id=448 clt=1 wrkr=2 slot=0 size=17 src=client:1 dst=worker:2
event=resp_recv_ud ts_ns=209130302 id=448 clt=1 wrkr=2 slot=0 size=41 src=worker:2 dst=client:1
event=hand_send ts_ns=209138949 id=448 clt=1 wrkr=2 slot=0 size=10 src=client:1 dst=worker:2
event=resp_rdma_read ts_ns=209847534 id=445 start_ns=207076258 dur_ns=2771276 clt=1 wrkr=7 slot=1 size=1048584 src=worker:7 dst=client:1
event=req_send ts_ns=209847534 id=451 clt=1 wrkr=10 slot=1 size=17 src=client:1 dst=worker:10
event=resp_recv_ud ts_ns=209887564 id=451 clt=1 wrkr=10 slot=1 size=41 src=worker:10 dst=client:1
event=hand_send ts_ns=209896211 id=451 clt=1 wrkr=10 slot=1 size=10 src=client:1 dst=worker:10
event=resp_rdma_read ts_ns=211943768 id=448 start_ns=209138949 dur_ns=2804819 clt=1 wrkr=2 slot=0 size=1048584 src=worker:2 dst=client:1
event=req_send ts_ns=211943768 id=454 clt=1 wrkr=4 slot=0 size=17 src=client:1 dst=worker:4
event=resp_recv_ud ts_ns=211985265 id=454 clt=1 wrkr=4 slot=0 size=41 src=worker:4 dst=client:1
event=hand_send ts_ns=211993912 id=454 clt=1 wrkr=4 slot=0 size=10 src=client:1 dst=worker:4
event=resp_rdma_read ts_ns=212671278 id=451 start_ns=209896211 dur_ns=2775067 clt=1 wrkr=10 slot=1 size=1048584 src=worker:10 dst=client:1
event=req_send ts_ns=212671278 id=457 clt=1 wrkr=2 slot=1 size=17 src=client:1 dst=worker:2
event=resp_recv_ud ts_ns=212711341 id=457 clt=1 wrkr=2 slot=1 size=41 src=worker:2 dst=client:1
event=hand_send ts_ns=212719988 id=457 clt=1 wrkr=2 slot=1 size=10 src=client:1 dst=worker:2
event=resp_rdma_read ts_ns=214800491 id=454 start_ns=211993912 dur_ns=2806579 clt=1 wrkr=4 slot=0 size=1048584 src=worker:4 dst=client:1
event=req_send ts_ns=214800491 id=460 clt=1 wrkr=5 slot=1 size=17 src=client:1 dst=worker:5
event=resp_recv_ud ts_ns=214841983 id=460 clt=1 wrkr=5 slot=1 size=41 src=worker:5 dst=client:1
event=hand_send ts_ns=214850630 id=460 clt=1 wrkr=5 slot=1 size=10 src=client:1 dst=worker:5
event=resp_rdma_read ts_ns=215497826 id=457 start_ns=212719988 dur_ns=2777838 clt=1 wrkr=2 slot=1 size=1048584 src=worker:2 dst=client:1
event=req_send ts_ns=215497826 id=463 clt=1 wrkr=3 slot=1 size=17 src=client:1 dst=worker:3
event=resp_recv_ud ts_ns=215537925 id=463 clt=1 wrkr=3 slot=1 size=41 src=worker:3 dst=client:1
event=hand_send ts_ns=215546572 id=463 clt=1 wrkr=3 slot=1 size=10 src=client:1 dst=worker:3
event=resp_rdma_read ts_ns=217655685 id=460 start_ns=214850630 dur_ns=2805055 clt=1 wrkr=5 slot=1 size=1048584 src=worker:5 dst=client:1
event=req_send ts_ns=217655685 id=466 clt=1 wrkr=1 slot=0 size=17 src=client:1 dst=worker:1
event=resp_recv_ud ts_ns=217697161 id=466 clt=1 wrkr=1 slot=0 size=41 src=worker:1 dst=client:1
event=hand_send ts_ns=217705808 id=466 clt=1 wrkr=1 slot=0 size=10 src=client:1 dst=worker:1
event=resp_rdma_read ts_ns=218327632 id=463 start_ns=215546572 dur_ns=2781060 clt=1 wrkr=3 slot=1 size=1048584 src=worker:3 dst=client:1
event=req_send ts_ns=218327632 id=469 clt=1 wrkr=3 slot=0 size=17 src=client:1 dst=worker:3
event=resp_recv_ud ts_ns=218367780 id=469 clt=1 wrkr=3 slot=0 size=41 src=worker:3 dst=client:1
event=hand_send ts_ns=218376427 id=469 clt=1 wrkr=3 slot=0 size=10 src=client:1 dst=worker:3
event=resp_rdma_read ts_ns=220510359 id=466 start_ns=217705808 dur_ns=2804551 clt=1 wrkr=1 slot=0 size=1048584 src=worker:1 dst=client:1
event=req_send ts_ns=220510359 id=473 clt=1 wrkr=0 slot=1 size=17 src=client:1 dst=worker:0
event=resp_recv_ud ts_ns=220551511 id=473 clt=1 wrkr=0 slot=1 size=41 src=worker:0 dst=client:1
event=hand_send ts_ns=220560158 id=473 clt=1 wrkr=0 slot=1 size=10 src=client:1 dst=worker:0
event=resp_rdma_read ts_ns=221158553 id=469 start_ns=218376427 dur_ns=2782126 clt=1 wrkr=3 slot=0 size=1048584 src=worker:3 dst=client:1
event=req_send ts_ns=221158553 id=475 clt=1 wrkr=10 slot=0 size=17 src=client:1 dst=worker:10
event=resp_recv_ud ts_ns=221198502 id=475 clt=1 wrkr=10 slot=0 size=41 src=worker:10 dst=client:1
event=hand_send ts_ns=221207149 id=475 clt=1 wrkr=10 slot=0 size=10 src=client:1 dst=worker:10
event=resp_rdma_read ts_ns=223348428 id=473 start_ns=220560158 dur_ns=2788270 clt=1 wrkr=0 slot=1 size=1048584 src=worker:0 dst=client:1
event=req_send ts_ns=223348428 id=479 clt=1 wrkr=10 slot=1 size=17 src=client:1 dst=worker:10
event=resp_recv_ud ts_ns=223389681 id=479 clt=1 wrkr=10 slot=1 size=41 src=worker:10 dst=client:1
event=hand_send ts_ns=223398328 id=479 clt=1 wrkr=10 slot=1 size=10 src=client:1 dst=worker:10
event=resp_rdma_read ts_ns=223983592 id=475 start_ns=221207149 dur_ns=2776443 clt=1 wrkr=10 slot=0 size=1048584 src=worker:10 dst=client:1
event=req_send ts_ns=223983592 id=481 clt=1 wrkr=6 slot=1 size=17 src=client:1 dst=worker:6
event=resp_recv_ud ts_ns=224023555 id=481 clt=1 wrkr=6 slot=1 size=41 src=worker:6 dst=client:1
event=hand_send ts_ns=224032202 id=481 clt=1 wrkr=6 slot=1 size=10 src=client:1 dst=worker:6
event=resp_rdma_read ts_ns=226192791 id=479 start_ns=223398328 dur_ns=2794463 clt=1 wrkr=10 slot=1 size=1048584 src=worker:10 dst=client:1
event=req_send ts_ns=226192791 id=485 clt=1 wrkr=11 slot=0 size=17 src=client:1 dst=worker:11
event=resp_recv_ud ts_ns=226234139 id=485 clt=1 wrkr=11 slot=0 size=41 src=worker:11 dst=client:1
event=hand_send ts_ns=226242786 id=485 clt=1 wrkr=11 slot=0 size=10 src=client:1 dst=worker:11
event=resp_rdma_read ts_ns=226809072 id=481 start_ns=224032202 dur_ns=2776870 clt=1 wrkr=6 slot=1 size=1048584 src=worker:6 dst=client:1
event=req_send ts_ns=226809072 id=487 clt=1 wrkr=5 slot=0 size=17 src=client:1 dst=worker:5
event=resp_recv_ud ts_ns=226849072 id=487 clt=1 wrkr=5 slot=0 size=41 src=worker:5 dst=client:1
event=hand_send ts_ns=226857719 id=487 clt=1 wrkr=5 slot=0 size=10 src=client:1 dst=worker:5
event=resp_rdma_read ts_ns=229042727 id=485 start_ns=226242786 dur_ns=2799941 clt=1 wrkr=11 slot=0 size=1048584 src=worker:11 dst=client:1
event=req_send ts_ns=229042727 id=491 clt=1 wrkr=10 slot=0 size=17 src=client:1 dst=worker:10
event=resp_recv_ud ts_ns=229084180 id=491 clt=1 wrkr=10 slot=0 size=41 src=worker:10 dst=client:1
event=hand_send ts_ns=229092827 id=491 clt=1 wrkr=10 slot=0 size=10 src=client:1 dst=worker:10
event=resp_rdma_read ts_ns=229634310 id=487 start_ns=226857719 dur_ns=2776591 clt=1 wrkr=5 slot=0 size=1048584 src=worker:5 dst=client:1
event=req_send ts_ns=229634310 id=493 clt=1 wrkr=2 slot=0 size=17 src=client:1 dst=worker:2
event=resp_recv_ud ts_ns=229674368 id=493 clt=1 wrkr=2 slot=0 size=41 src=worker:2 dst=client:1
event=hand_send ts_ns=229683015 id=493 clt=1 wrkr=2 slot=0 size=10 src=client:1 dst=worker:2
event=resp_rdma_read ts_ns=231901262 id=491 start_ns=229092827 dur_ns=2808435 clt=1 wrkr=10 slot=0 size=1048584 src=worker:10 dst=client:1
event=req_send ts_ns=231901262 id=497 clt=1 wrkr=4 slot=1 size=17 src=client:1 dst=worker:4
event=resp_recv_ud ts_ns=231942794 id=497 clt=1 wrkr=4 slot=1 size=41 src=worker:4 dst=client:1
event=hand_send ts_ns=231951441 id=497 clt=1 wrkr=4 slot=1 size=10 src=client:1 dst=worker:4
event=resp_rdma_read ts_ns=232460699 id=493 start_ns=229683015 dur_ns=2777684 clt=1 wrkr=2 slot=0 size=1048584 src=worker:2 dst=client:1
event=req_send ts_ns=232460699 id=499 clt=1 wrkr=1 slot=1 size=17 src=client:1 dst=worker:1
event=resp_recv_ud ts_ns=232500827 id=499 clt=1 wrkr=1 slot=1 size=41 src=worker:1 dst=client:1
event=hand_send ts_ns=232509474 id=499 clt=1 wrkr=1 slot=1 size=10 src=client:1 dst=worker:1
event=resp_rdma_read ts_ns=234764612 id=497 start_ns=231951441 dur_ns=2813171 clt=1 wrkr=4 slot=1 size=1048584 src=worker:4 dst=client:1
event=req_send ts_ns=234764612 id=503 clt=1 wrkr=3 slot=1 size=17 src=client:1 dst=worker:3
event=resp_recv_ud ts_ns=234806198 id=503 clt=1 wrkr=3 slot=1 size=41 src=worker:3 dst=client:1
event=hand_send ts_ns=234814845 id=503 clt=1 wrkr=3 slot=1 size=10 src=client:1 dst=worker:3
event=resp_rdma_read ts_ns=235287512 id=499 start_ns=232509474 dur_ns=2778038 clt=1 wrkr=1 slot=1 size=1048584 src=worker:1 dst=client:1
event=req_send ts_ns=235287512 id=505 clt=1 wrkr=10 slot=1 size=17 src=client:1 dst=worker:10
event=resp_recv_ud ts_ns=235327750 id=505 clt=1 wrkr=10 slot=1 size=41 src=worker:10 dst=client:1
event=hand_send ts_ns=235336397 id=505 clt=1 wrkr=10 slot=1 size=10 src=client:1 dst=worker:10
event=resp_rdma_read ts_ns=237636563 id=503 start_ns=234814845 dur_ns=2821718 clt=1 wrkr=3 slot=1 size=1048584 src=worker:3 dst=client:1
event=req_send ts_ns=237636563 id=509 clt=1 wrkr=11 slot=1 size=17 src=client:1 dst=worker:11
event=resp_recv_ud ts_ns=237677942 id=509 clt=1 wrkr=11 slot=1 size=41 src=worker:11 dst=client:1
event=hand_send ts_ns=237686589 id=509 clt=1 wrkr=11 slot=1 size=10 src=client:1 dst=worker:11
event=resp_rdma_read ts_ns=238115457 id=505 start_ns=235336397 dur_ns=2779060 clt=1 wrkr=10 slot=1 size=1048584 src=worker:10 dst=client:1
event=req_send ts_ns=238115457 id=511 clt=1 wrkr=6 slot=0 size=17 src=client:1 dst=worker:6
event=resp_recv_ud ts_ns=238155439 id=511 clt=1 wrkr=6 slot=0 size=41 src=worker:6 dst=client:1
event=hand_send ts_ns=238164086 id=511 clt=1 wrkr=6 slot=0 size=10 src=client:1 dst=worker:6
event=resp_rdma_read ts_ns=240486047 id=509 start_ns=237686589 dur_ns=2799458 clt=1 wrkr=11 slot=1 size=1048584 src=worker:11 dst=client:1
event=req_send ts_ns=240486047 id=515 clt=1 wrkr=8 slot=1 size=17 src=client:1 dst=worker:8
event=resp_recv_ud ts_ns=240527434 id=515 clt=1 wrkr=8 slot=1 size=41 src=worker:8 dst=client:1
event=hand_send ts_ns=240536081 id=515 clt=1 wrkr=8 slot=1 size=10 src=client:1 dst=worker:8
event=resp_rdma_read ts_ns=240930865 id=511 start_ns=238164086 dur_ns=2766779 clt=1 wrkr=6 slot=0 size=1048584 src=worker:6 dst=client:1
event=req_send ts_ns=240930865 id=517 clt=1 wrkr=2 slot=1 size=17 src=client:1 dst=worker:2
event=resp_recv_ud ts_ns=240970888 id=517 clt=1 wrkr=2 slot=1 size=41 src=worker:2 dst=client:1
event=hand_send ts_ns=240979535 id=517 clt=1 wrkr=2 slot=1 size=10 src=client:1 dst=worker:2
event=resp_rdma_read ts_ns=243334619 id=515 start_ns=240536081 dur_ns=2798538 clt=1 wrkr=8 slot=1 size=1048584 src=worker:8 dst=client:1
event=req_send ts_ns=243334619 id=521 clt=1 wrkr=9 slot=1 size=17 src=client:1 dst=worker:9
event=resp_recv_ud ts_ns=243376003 id=521 clt=1 wrkr=9 slot=1 size=41 src=worker:9 dst=client:1
event=hand_send ts_ns=243384650 id=521 clt=1 wrkr=9 slot=1 size=10 src=client:1 dst=worker:9
event=resp_rdma_read ts_ns=243748996 id=517 start_ns=240979535 dur_ns=2769461 clt=1 wrkr=2 slot=1 size=1048584 src=worker:2 dst=client:1
event=req_send ts_ns=243748996 id=523 clt=1 wrkr=10 slot=0 size=17 src=client:1 dst=worker:10
event=resp_recv_ud ts_ns=243789056 id=523 clt=1 wrkr=10 slot=0 size=41 src=worker:10 dst=client:1
event=hand_send ts_ns=243797703 id=523 clt=1 wrkr=10 slot=0 size=10 src=client:1 dst=worker:10
event=resp_rdma_read ts_ns=246184996 id=521 start_ns=243384650 dur_ns=2800346 clt=1 wrkr=9 slot=1 size=1048584 src=worker:9 dst=client:1
event=req_send ts_ns=246184996 id=527 clt=1 wrkr=1 slot=0 size=17 src=client:1 dst=worker:1
event=resp_recv_ud ts_ns=246226366 id=527 clt=1 wrkr=1 slot=0 size=41 src=worker:1 dst=client:1
event=hand_send ts_ns=246235013 id=527 clt=1 wrkr=1 slot=0 size=10 src=client:1 dst=worker:1
event=resp_rdma_read ts_ns=246570258 id=523 start_ns=243797703 dur_ns=2772555 clt=1 wrkr=10 slot=0 size=1048584 src=worker:10 dst=client:1
event=req_send ts_ns=246570258 id=529 clt=1 wrkr=2 slot=0 size=17 src=client:1 dst=worker:2
event=resp_recv_ud ts_ns=246610331 id=529 clt=1 wrkr=2 slot=0 size=41 src=worker:2 dst=client:1
event=hand_send ts_ns=246618978 id=529 clt=1 wrkr=2 slot=0 size=10 src=client:1 dst=worker:2
event=resp_rdma_read ts_ns=249032926 id=527 start_ns=246235013 dur_ns=2797913 clt=1 wrkr=1 slot=0 size=1048584 src=worker:1 dst=client:1
event=req_send ts_ns=249032926 id=533 clt=1 wrkr=9 slot=0 size=17 src=client:1 dst=worker:9
event=resp_recv_ud ts_ns=249074291 id=533 clt=1 wrkr=9 slot=0 size=41 src=worker:9 dst=client:1
event=hand_send ts_ns=249082938 id=533 clt=1 wrkr=9 slot=0 size=10 src=client:1 dst=worker:9
event=resp_rdma_read ts_ns=249393644 id=529 start_ns=246618978 dur_ns=2774666 clt=1 wrkr=2 slot=0 size=1048584 src=worker:2 dst=client:1
event=req_send ts_ns=249393644 id=535 clt=1 wrkr=6 slot=1 size=17 src=client:1 dst=worker:6
event=resp_recv_ud ts_ns=249433704 id=535 clt=1 wrkr=6 slot=1 size=41 src=worker:6 dst=client:1
event=hand_send ts_ns=249442351 id=535 clt=1 wrkr=6 slot=1 size=10 src=client:1 dst=worker:6
event=resp_rdma_read ts_ns=251881614 id=533 start_ns=249082938 dur_ns=2798676 clt=1 wrkr=9 slot=0 size=1048584 src=worker:9 dst=client:1
event=req_send ts_ns=251881614 id=539 clt=1 wrkr=5 slot=1 size=17 src=client:1 dst=worker:5
event=resp_recv_ud ts_ns=251922979 id=539 clt=1 wrkr=5 slot=1 size=41 src=worker:5 dst=client:1
event=hand_send ts_ns=251931626 id=539 clt=1 wrkr=5 slot=1 size=10 src=client:1 dst=worker:5
event=resp_rdma_read ts_ns=252219980 id=535 start_ns=249442351 dur_ns=2777629 clt=1 wrkr=6 slot=1 size=1048584 src=worker:6 dst=client:1
event=req_send ts_ns=252219980 id=541 clt=1 wrkr=5 slot=0 size=17 src=client:1 dst=worker:5
event=resp_recv_ud ts_ns=252260039 id=541 clt=1 wrkr=5 slot=0 size=41 src=worker:5 dst=client:1
event=hand_send ts_ns=252268686 id=541 clt=1 wrkr=5 slot=0 size=10 src=client:1 dst=worker:5
event=resp_rdma_read ts_ns=254730018 id=539 start_ns=251931626 dur_ns=2798392 clt=1 wrkr=5 slot=1 size=1048584 src=worker:5 dst=client:1
event=req_send ts_ns=254730018 id=545 clt=1 wrkr=10 slot=1 size=17 src=client:1 dst=worker:10
event=resp_recv_ud ts_ns=254771384 id=545 clt=1 wrkr=10 slot=1 size=41 src=worker:10 dst=client:1
event=hand_send ts_ns=254780031 id=545 clt=1 wrkr=10 slot=1 size=10 src=client:1 dst=worker:10
event=resp_rdma_read ts_ns=255048045 id=541 start_ns=252268686 dur_ns=2779359 clt=1 wrkr=5 slot=0 size=1048584 src=worker:5 dst=client:1
event=req_send ts_ns=255048045 id=547 clt=1 wrkr=10 slot=0 size=17 src=client:1 dst=worker:10
event=resp_recv_ud ts_ns=255088088 id=547 clt=1 wrkr=10 slot=0 size=41 src=worker:10 dst=client:1
event=hand_send ts_ns=255096735 id=547 clt=1 wrkr=10 slot=0 size=10 src=client:1 dst=worker:10
event=resp_rdma_read ts_ns=257578079 id=545 start_ns=254780031 dur_ns=2798048 clt=1 wrkr=10 slot=1 size=1048584 src=worker:10 dst=client:1
event=req_send ts_ns=257578079 id=551 clt=1 wrkr=8 slot=0 size=17 src=client:1 dst=worker:8
event=resp_recv_ud ts_ns=257619440 id=551 clt=1 wrkr=8 slot=0 size=41 src=worker:8 dst=client:1
event=hand_send ts_ns=257628087 id=551 clt=1 wrkr=8 slot=0 size=10 src=client:1 dst=worker:8
event=resp_rdma_read ts_ns=257875478 id=547 start_ns=255096735 dur_ns=2778743 clt=1 wrkr=10 slot=0 size=1048584 src=worker:10 dst=client:1
event=req_send ts_ns=257875478 id=553 clt=1 wrkr=6 slot=0 size=17 src=client:1 dst=worker:6
event=resp_recv_ud ts_ns=257915337 id=553 clt=1 wrkr=6 slot=0 size=41 src=worker:6 dst=client:1
event=hand_send ts_ns=257923984 id=553 clt=1 wrkr=6 slot=0 size=10 src=client:1 dst=worker:6
event=resp_rdma_read ts_ns=260684238 id=553 start_ns=257923984 dur_ns=2760254 clt=1 wrkr=6 slot=0 size=1048584 src=worker:6 dst=client:1
event=req_send ts_ns=260684238 id=558 clt=1 wrkr=5 slot=1 size=17 src=client:1 dst=worker:5
event=resp_rdma_read ts_ns=260708331 id=551 start_ns=257628087 dur_ns=3080244 clt=1 wrkr=8 slot=0 size=1048584 src=worker:8 dst=client:1
event=req_send ts_ns=260708331 id=559 clt=1 wrkr=6 slot=1 size=17 src=client:1 dst=worker:6
event=resp_recv_ud ts_ns=260725131 id=558 clt=1 wrkr=5 slot=1 size=41 src=worker:5 dst=client:1
event=hand_send ts_ns=260733778 id=558 clt=1 wrkr=5 slot=1 size=10 src=client:1 dst=worker:5
event=resp_recv_ud ts_ns=260772714 id=559 clt=1 wrkr=6 slot=1 size=41 src=worker:6 dst=client:1
event=hand_send ts_ns=260781361 id=559 clt=1 wrkr=6 slot=1 size=10 src=client:1 dst=worker:6
event=resp_rdma_read ts_ns=263474377 id=559 start_ns=260781361 dur_ns=2693016 clt=1 wrkr=6 slot=1 size=1048584 src=worker:6 dst=client:1
event=req_send ts_ns=263474377 id=564 clt=1 wrkr=2 slot=1 size=17 src=client:1 dst=worker:2
event=resp_recv_ud ts_ns=263515295 id=564 clt=1 wrkr=2 slot=1 size=41 src=worker:2 dst=client:1
event=hand_send ts_ns=263523942 id=564 clt=1 wrkr=2 slot=1 size=10 src=client:1 dst=worker:2
event=resp_rdma_read ts_ns=263860798 id=558 start_ns=260733778 dur_ns=3127020 clt=1 wrkr=5 slot=1 size=1048584 src=worker:5 dst=client:1
event=req_send ts_ns=263860798 id=566 clt=1 wrkr=8 slot=1 size=17 src=client:1 dst=worker:8
event=resp_recv_ud ts_ns=263901503 id=566 clt=1 wrkr=8 slot=1 size=41 src=worker:8 dst=client:1
event=hand_send ts_ns=263910150 id=566 clt=1 wrkr=8 slot=1 size=10 src=client:1 dst=worker:8
event=resp_rdma_read ts_ns=266297766 id=564 start_ns=263523942 dur_ns=2773824 clt=1 wrkr=2 slot=1 size=1048584 src=worker:2 dst=client:1
event=req_send ts_ns=266297766 id=570 clt=1 wrkr=10 slot=1 size=17 src=client:1 dst=worker:10
event=resp_recv_ud ts_ns=266338746 id=570 clt=1 wrkr=10 slot=1 size=41 src=worker:10 dst=client:1
event=hand_send ts_ns=266347393 id=570 clt=1 wrkr=10 slot=1 size=10 src=client:1 dst=worker:10
event=resp_rdma_read ts_ns=266702075 id=566 start_ns=263910150 dur_ns=2791925 clt=1 wrkr=8 slot=1 size=1048584 src=worker:8 dst=client:1
event=req_send ts_ns=266702075 id=572 clt=1 wrkr=10 slot=0 size=17 src=client:1 dst=worker:10
event=resp_recv_ud ts_ns=266742370 id=572 clt=1 wrkr=10 slot=0 size=41 src=worker:10 dst=client:1
event=hand_send ts_ns=266751017 id=572 clt=1 wrkr=10 slot=0 size=10 src=client:1 dst=worker:10
event=resp_rdma_read ts_ns=269122593 id=570 start_ns=266347393 dur_ns=2775200 clt=1 wrkr=10 slot=1 size=1048584 src=worker:10 dst=client:1
event=req_send ts_ns=269122593 id=576 clt=1 wrkr=5 slot=0 size=17 src=client:1 dst=worker:5
event=resp_recv_ud ts_ns=269163544 id=576 clt=1 wrkr=5 slot=0 size=41 src=worker:5 dst=client:1
event=hand_send ts_ns=269172191 id=576 clt=1 wrkr=5 slot=0 size=10 src=client:1 dst=worker:5
event=resp_rdma_read ts_ns=269544885 id=572 start_ns=266751017 dur_ns=2793868 clt=1 wrkr=10 slot=0 size=1048584 src=worker:10 dst=client:1
event=req_send ts_ns=269544885 id=578 clt=1 wrkr=3 slot=0 size=17 src=client:1 dst=worker:3
event=resp_recv_ud ts_ns=269584959 id=578 clt=1 wrkr=3 slot=0 size=41 src=worker:3 dst=client:1
event=hand_send ts_ns=269593606 id=578 clt=1 wrkr=3 slot=0 size=10 src=client:1 dst=worker:3
event=resp_rdma_read ts_ns=271947571 id=576 start_ns=269172191 dur_ns=2775380 clt=1 wrkr=5 slot=0 size=1048584 src=worker:5 dst=client:1
event=req_send ts_ns=271947571 id=582 clt=1 wrkr=7 slot=0 size=17 src=client:1 dst=worker:7
event=resp_recv_ud ts_ns=271988522 id=582 clt=1 wrkr=7 slot=0 size=41 src=worker:7 dst=client:1
event=hand_send ts_ns=271997169 id=582 clt=1 wrkr=7 slot=0 size=10 src=client:1 dst=worker:7
event=resp_rdma_read ts_ns=272377818 id=578 start_ns=269593606 dur_ns=2784212 clt=1 wrkr=3 slot=0 size=1048584 src=worker:3 dst=client:1
event=req_send ts_ns=272377818 id=584 clt=1 wrkr=8 slot=0 size=17 src=client:1 dst=worker:8
event=resp_recv_ud ts_ns=272417823 id=584 clt=1 wrkr=8 slot=0 size=41 src=worker:8 dst=client:1
event=hand_send ts_ns=272426470 id=584 clt=1 wrkr=8 slot=0 size=10 src=client:1 dst=worker:8
event=resp_rdma_read ts_ns=274777628 id=582 start_ns=271997169 dur_ns=2780459 clt=1 wrkr=7 slot=0 size=1048584 src=worker:7 dst=client:1
event=req_send ts_ns=274777628 id=588 clt=1 wrkr=2 slot=0 size=17 src=client:1 dst=worker:2
event=resp_recv_ud ts_ns=274818584 id=588 clt=1 wrkr=2 slot=0 size=41 src=worker:2 dst=client:1
event=hand_send ts_ns=274827231 id=588 clt=1 wrkr=2 slot=0 size=10 src=client:1 dst=worker:2
event=resp_rdma_read ts_ns=275202284 id=584 start_ns=272426470 dur_ns=2775814 clt=1 wrkr=8 slot=0 size=1048584 src=worker:8 dst=client:1
event=req_send ts_ns=275202284 id=590 clt=1 wrkr=3 slot=1 size=17 src=client:1 dst=worker:3
event=resp_recv_ud ts_ns=275242280 id=590 clt=1 wrkr=3 slot=1 size=41 src=worker:3 dst=client:1
event=hand_send ts_ns=275250927 id=590 clt=1 wrkr=3 slot=1 size=10 src=client:1 dst=worker:3
event=resp_rdma_read ts_ns=277606393 id=588 start_ns=274827231 dur_ns=2779162 clt=1 wrkr=2 slot=0 size=1048584 src=worker:2 dst=client:1
event=req_send ts_ns=277606393 id=594 clt=1 wrkr=0 slot=0 size=17 src=client:1 dst=worker:0
event=resp_recv_ud ts_ns=277647377 id=594 clt=1 wrkr=0 slot=0 size=41 src=worker:0 dst=client:1
event=hand_send ts_ns=277656024 id=594 clt=1 wrkr=0 slot=0 size=10 src=client:1 dst=worker:0
event=resp_rdma_read ts_ns=278024622 id=590 start_ns=275250927 dur_ns=2773695 clt=1 wrkr=3 slot=1 size=1048584 src=worker:3 dst=client:1
event=req_send ts_ns=278024622 id=596 clt=1 wrkr=0 slot=1 size=17 src=client:1 dst=worker:0
event=resp_recv_ud ts_ns=278064626 id=596 clt=1 wrkr=0 slot=1 size=41 src=worker:0 dst=client:1
event=hand_send ts_ns=278073273 id=596 clt=1 wrkr=0 slot=1 size=10 src=client:1 dst=worker:0
event=resp_rdma_read ts_ns=280438184 id=594 start_ns=277656024 dur_ns=2782160 clt=1 wrkr=0 slot=0 size=1048584 src=worker:0 dst=client:1
event=req_send ts_ns=280438184 id=600 clt=1 wrkr=1 slot=1 size=17 src=client:1 dst=worker:1
event=resp_recv_ud ts_ns=280479193 id=600 clt=1 wrkr=1 slot=1 size=41 src=worker:1 dst=client:1
event=hand_send ts_ns=280487840 id=600 clt=1 wrkr=1 slot=1 size=10 src=client:1 dst=worker:1
event=resp_rdma_read ts_ns=280849547 id=596 start_ns=278073273 dur_ns=2776274 clt=1 wrkr=0 slot=1 size=1048584 src=worker:0 dst=client:1
event=req_send ts_ns=280849547 id=602 clt=1 wrkr=11 slot=0 size=17 src=client:1 dst=worker:11
event=resp_recv_ud ts_ns=280889570 id=602 clt=1 wrkr=11 slot=0 size=41 src=worker:11 dst=client:1
event=hand_send ts_ns=280898217 id=602 clt=1 wrkr=11 slot=0 size=10 src=client:1 dst=worker:11
event=resp_rdma_read ts_ns=283268579 id=600 start_ns=280487840 dur_ns=2780739 clt=1 wrkr=1 slot=1 size=1048584 src=worker:1 dst=client:1
event=req_send ts_ns=283268579 id=606 clt=1 wrkr=11 slot=1 size=17 src=client:1 dst=worker:11
event=resp_recv_ud ts_ns=283309633 id=606 clt=1 wrkr=11 slot=1 size=41 src=worker:11 dst=client:1
event=hand_send ts_ns=283318280 id=606 clt=1 wrkr=11 slot=1 size=10 src=client:1 dst=worker:11
event=resp_rdma_read ts_ns=283672394 id=602 start_ns=280898217 dur_ns=2774177 clt=1 wrkr=11 slot=0 size=1048584 src=worker:11 dst=client:1
event=req_send ts_ns=283672394 id=608 clt=1 wrkr=1 slot=0 size=17 src=client:1 dst=worker:1
event=resp_recv_ud ts_ns=283712426 id=608 clt=1 wrkr=1 slot=0 size=41 src=worker:1 dst=client:1
event=hand_send ts_ns=283721073 id=608 clt=1 wrkr=1 slot=0 size=10 src=client:1 dst=worker:1
event=resp_rdma_read ts_ns=286102141 id=606 start_ns=283318280 dur_ns=2783861 clt=1 wrkr=11 slot=1 size=1048584 src=worker:11 dst=client:1
event=req_send ts_ns=286102141 id=612 clt=1 wrkr=10 slot=1 size=17 src=client:1 dst=worker:10
event=resp_recv_ud ts_ns=286143238 id=612 clt=1 wrkr=10 slot=1 size=41 src=worker:10 dst=client:1
event=hand_send ts_ns=286151885 id=612 clt=1 wrkr=10 slot=1 size=10 src=client:1 dst=worker:10
event=resp_rdma_read ts_ns=286497541 id=608 start_ns=283721073 dur_ns=2776468 clt=1 wrkr=1 slot=0 size=1048584 src=worker:1 dst=client:1
event=req_send ts_ns=286497541 id=614 clt=1 wrkr=9 slot=1 size=17 src=client:1 dst=worker:9
event=resp_recv_ud ts_ns=286537594 id=614 clt=1 wrkr=9 slot=1 size=41 src=worker:9 dst=client:1
event=hand_send ts_ns=286546241 id=614 clt=1 wrkr=9 slot=1 size=10 src=client:1 dst=worker:9
event=resp_rdma_read ts_ns=288936549 id=612 start_ns=286151885 dur_ns=2784664 clt=1 wrkr=10 slot=1 size=1048584 src=worker:10 dst=client:1
event=req_send ts_ns=288936549 id=618 clt=1 wrkr=0 slot=0 size=17 src=client:1 dst=worker:0
event=resp_recv_ud ts_ns=288977693 id=618 clt=1 wrkr=0 slot=0 size=41 src=worker:0 dst=client:1
event=hand_send ts_ns=288986340 id=618 clt=1 wrkr=0 slot=0 size=10 src=client:1 dst=worker:0
event=resp_rdma_read ts_ns=289322344 id=614 start_ns=286546241 dur_ns=2776103 clt=1 wrkr=9 slot=1 size=1048584 src=worker:9 dst=client:1
event=req_send ts_ns=289322344 id=620 clt=1 wrkr=5 slot=1 size=17 src=client:1 dst=worker:5
event=resp_recv_ud ts_ns=289362437 id=620 clt=1 wrkr=5 slot=1 size=41 src=worker:5 dst=client:1
event=hand_send ts_ns=289371084 id=620 clt=1 wrkr=5 slot=1 size=10 src=client:1 dst=worker:5
event=resp_rdma_read ts_ns=291771676 id=618 start_ns=288986340 dur_ns=2785336 clt=1 wrkr=0 slot=0 size=1048584 src=worker:0 dst=client:1
event=req_send ts_ns=291771676 id=624 clt=1 wrkr=0 slot=1 size=17 src=client:1 dst=worker:0
event=resp_recv_ud ts_ns=291812887 id=624 clt=1 wrkr=0 slot=1 size=41 src=worker:0 dst=client:1
event=hand_send ts_ns=291821534 id=624 clt=1 wrkr=0 slot=1 size=10 src=client:1 dst=worker:0
event=resp_rdma_read ts_ns=292148995 id=620 start_ns=289371084 dur_ns=2777911 clt=1 wrkr=5 slot=1 size=1048584 src=worker:5 dst=client:1
event=req_send ts_ns=292148995 id=626 clt=1 wrkr=0 slot=0 size=17 src=client:1 dst=worker:0
event=resp_recv_ud ts_ns=292189151 id=626 clt=1 wrkr=0 slot=0 size=41 src=worker:0 dst=client:1
event=hand_send ts_ns=292197798 id=626 clt=1 wrkr=0 slot=0 size=10 src=client:1 dst=worker:0
event=resp_rdma_read ts_ns=294610291 id=624 start_ns=291821534 dur_ns=2788757 clt=1 wrkr=0 slot=1 size=1048584 src=worker:0 dst=client:1
event=req_send ts_ns=294610291 id=630 clt=1 wrkr=7 slot=1 size=17 src=client:1 dst=worker:7
event=resp_recv_ud ts_ns=294651587 id=630 clt=1 wrkr=7 slot=1 size=41 src=worker:7 dst=client:1
event=hand_send ts_ns=294660234 id=630 clt=1 wrkr=7 slot=1 size=10 src=client:1 dst=worker:7
event=resp_rdma_read ts_ns=294976406 id=626 start_ns=292197798 dur_ns=2778608 clt=1 wrkr=0 slot=0 size=1048584 src=worker:0 dst=client:1
event=req_send ts_ns=294976406 id=632 clt=1 wrkr=8 slot=1 size=17 src=client:1 dst=worker:8
event=resp_recv_ud ts_ns=295016667 id=632 clt=1 wrkr=8 slot=1 size=41 src=worker:8 dst=client:1
event=hand_send ts_ns=295025314 id=632 clt=1 wrkr=8 slot=1 size=10 src=client:1 dst=worker:8
event=resp_rdma_read ts_ns=297451524 id=630 start_ns=294660234 dur_ns=2791290 clt=1 wrkr=7 slot=1 size=1048584 src=worker:7 dst=client:1
event=req_send ts_ns=297451524 id=636 clt=1 wrkr=0 slot=1 size=17 src=client:1 dst=worker:0
event=resp_recv_ud ts_ns=297492916 id=636 clt=1 wrkr=0 slot=1 size=41 src=worker:0 dst=client:1
event=hand_send ts_ns=297501563 id=636 clt=1 wrkr=0 slot=1 size=10 src=client:1 dst=worker:0
event=resp_rdma_read ts_ns=297807322 id=632 start_ns=295025314 dur_ns=2782008 clt=1 wrkr=8 slot=1 size=1048584 src=worker:8 dst=client:1
event=req_send ts_ns=297807322 id=638 clt=1 wrkr=5 slot=0 size=17 src=client:1 dst=worker:5
event=resp_recv_ud ts_ns=297847680 id=638 clt=1 wrkr=5 slot=0 size=41 src=worker:5 dst=client:1
event=hand_send ts_ns=297856327 id=638 clt=1 wrkr=5 slot=0 size=10 src=client:1 dst=worker:5
event=resp_rdma_read ts_ns=300298506 id=636 start_ns=297501563 dur_ns=2796943 clt=1 wrkr=0 slot=1 size=1048584 src=worker:0 dst=client:1
event=req_send ts_ns=300298506 id=642 clt=1 wrkr=8 slot=0 size=17 src=client:1 dst=worker:8
event=resp_recv_ud ts_ns=300339654 id=642 clt=1 wrkr=8 slot=0 size=41 src=worker:8 dst=client:1
event=hand_send ts_ns=300348301 id=642 clt=1 wrkr=8 slot=0 size=10 src=client:1 dst=worker:8
event=resp_rdma_read ts_ns=300643020 id=638 start_ns=297856327 dur_ns=2786693 clt=1 wrkr=5 slot=0 size=1048584 src=worker:5 dst=client:1
event=req_send ts_ns=300643020 id=644 clt=1 wrkr=10 slot=0 size=17 src=client:1 dst=worker:10
event=resp_recv_ud ts_ns=300683180 id=644 clt=1 wrkr=10 slot=0 size=41 src=worker:10 dst=client:1
event=hand_send ts_ns=300691827 id=644 clt=1 wrkr=10 slot=0 size=10 src=client:1 dst=worker:10
event=resp_rdma_read ts_ns=303132524 id=642 start_ns=300348301 dur_ns=2784223 clt=1 wrkr=8 slot=0 size=1048584 src=worker:8 dst=client:1
event=req_send ts_ns=303132524 id=647 clt=1 wrkr=6 slot=0 size=17 src=client:1 dst=worker:6
event=resp_recv_ud ts_ns=303174513 id=647 clt=1 wrkr=6 slot=0 size=41 src=worker:6 dst=client:1
event=hand_send ts_ns=303183160 id=647 clt=1 wrkr=6 slot=0 size=10 src=client:1 dst=worker:6
event=resp_rdma_read ts_ns=303481388 id=644 start_ns=300691827 dur_ns=2789561 clt=1 wrkr=10 slot=0 size=1048584 src=worker:10 dst=client:1
event=resp_rdma_read ts_ns=305901842 id=647 start_ns=303183160 dur_ns=2718682 clt=1 wrkr=6 slot=0 size=1048584 src=worker:6 dst=client:1
