event=req_send ts_ns=1 id=2 clt=2 wrkr=9 slot=0 size=17 src=client:2 dst=worker:9
event=req_send ts_ns=2501 id=5 clt=2 wrkr=1 slot=0 size=17 src=client:2 dst=worker:1
event=req_send ts_ns=5001 id=8 clt=2 wrkr=1 slot=1 size=17 src=client:2 dst=worker:1
event=req_send ts_ns=7501 id=11 clt=2 wrkr=10 slot=0 size=17 src=client:2 dst=worker:10
event=req_send ts_ns=10001 id=14 clt=2 wrkr=4 slot=0 size=17 src=client:2 dst=worker:4
event=req_send ts_ns=12501 id=17 clt=2 wrkr=2 slot=0 size=17 src=client:2 dst=worker:2
event=req_send ts_ns=15001 id=20 clt=2 wrkr=11 slot=0 size=17 src=client:2 dst=worker:11
event=req_send ts_ns=17501 id=23 clt=2 wrkr=6 slot=0 size=17 src=client:2 dst=worker:6
event=req_send ts_ns=20001 id=26 clt=2 wrkr=5 slot=0 size=17 src=client:2 dst=worker:5
event=req_send ts_ns=22501 id=29 clt=2 wrkr=10 slot=1 size=17 src=client:2 dst=worker:10
event=req_send ts_ns=25001 id=32 clt=2 wrkr=3 slot=0 size=17 src=client:2 dst=worker:3
event=req_send ts_ns=27501 id=35 clt=2 wrkr=1 slot=2 size=17 src=client:2 dst=worker:1
event=req_send ts_ns=30001 id=38 clt=2 wrkr=4 slot=1 size=17 src=client:2 dst=worker:4
event=req_send ts_ns=32501 id=41 clt=2 wrkr=8 slot=0 size=17 src=client:2 dst=worker:8
event=req_send ts_ns=35001 id=44 clt=2 wrkr=0 slot=0 size=17 src=client:2 dst=worker:0
event=req_send ts_ns=37501 id=47 clt=2 wrkr=6 slot=1 size=17 src=client:2 dst=worker:6
event=resp_recv_ud ts_ns=53984 id=5 clt=2 wrkr=1 slot=0 size=41 src=worker:1 dst=client:2
event=resp_recv_ud ts_ns=54159 id=8 clt=2 wrkr=1 slot=1 size=41 src=worker:1 dst=client:2
event=resp_recv_ud ts_ns=54772 id=2 clt=2 wrkr=9 slot=0 size=41 src=worker:9 dst=client:2
event=resp_recv_ud ts_ns=57385 id=11 clt=2 wrkr=10 slot=0 size=41 src=worker:10 dst=client:2
event=resp_recv_ud ts_ns=60415 id=14 clt=2 wrkr=4 slot=0 size=41 src=worker:4 dst=client:2
event=hand_send ts_ns=62631 id=5 clt=2 wrkr=1 slot=0 size=10 src=client:2 dst=worker:1
event=resp_recv_ud ts_ns=62697 id=17 clt=2 wrkr=2 slot=0 size=41 src=worker:2 dst=client:2
event=hand_send ts_ns=62806 id=8 clt=2 wrkr=1 slot=1 size=10 src=client:2 dst=worker:1
event=hand_send ts_ns=63419 id=2 clt=2 wrkr=9 slot=0 size=10 src=client:2 dst=worker:9
event=resp_recv_ud ts_ns=63448 id=20 clt=2 wrkr=11 slot=0 size=41 src=worker:11 dst=client:2
event=resp_recv_ud ts_ns=64684 id=23 clt=2 wrkr=6 slot=0 size=41 src=worker:6 dst=client:2
event=hand_send ts_ns=66032 id=11 clt=2 wrkr=10 slot=0 size=10 src=client:2 dst=worker:10
event=resp_recv_ud ts_ns=66078 id=26 clt=2 wrkr=5 slot=0 size=41 src=worker:5 dst=client:2
event=resp_recv_ud ts_ns=67398 id=29 clt=2 wrkr=10 slot=1 size=41 src=worker:10 dst=client:2
event=hand_send ts_ns=69062 id=14 clt=2 wrkr=4 slot=0 size=10 src=client:2 dst=worker:4
event=resp_recv_ud ts_ns=69283 id=32 clt=2 wrkr=3 slot=0 size=41 src=worker:3 dst=client:2
event=resp_recv_ud ts_ns=69906 id=35 clt=2 wrkr=1 slot=2 size=41 src=worker:1 dst=client:2
event=resp_recv_ud ts_ns=71197 id=38 clt=2 wrkr=4 slot=1 size=41 src=worker:4 dst=client:2
event=hand_send ts_ns=71344 id=17 clt=2 wrkr=2 slot=0 size=10 src=client:2 dst=worker:2
event=hand_send ts_ns=72095 id=20 clt=2 wrkr=11 slot=0 size=10 src=client:2 dst=worker:11
event=resp_recv_ud ts_ns=72918 id=41 clt=2 wrkr=8 slot=0 size=41 src=worker:8 dst=client:2
event=hand_send ts_ns=73331 id=23 clt=2 wrkr=6 slot=0 size=10 src=client:2 dst=worker:6
event=hand_send ts_ns=74725 id=26 clt=2 wrkr=5 slot=0 size=10 src=client:2 dst=worker:5
event=resp_recv_ud ts_ns=75732 id=44 clt=2 wrkr=0 slot=0 size=41 src=worker:0 dst=client:2
event=hand_send ts_ns=76045 id=29 clt=2 wrkr=10 slot=1 size=10 src=client:2 dst=worker:10
event=resp_recv_ud ts_ns=77675 id=47 clt=2 wrkr=6 slot=1 size=41 src=worker:6 dst=client:2
event=hand_send ts_ns=77930 id=32 clt=2 wrkr=3 slot=0 size=10 src=client:2 dst=worker:3
event=hand_send ts_ns=78553 id=35 clt=2 wrkr=1 slot=2 size=10 src=client:2 dst=worker:1
event=hand_send ts_ns=79844 id=38 clt=2 wrkr=4 slot=1 size=10 src=client:2 dst=worker:4
event=hand_send ts_ns=81565 id=41 clt=2 wrkr=8 slot=0 size=10 src=client:2 dst=worker:8
event=hand_send ts_ns=84379 id=44 clt=2 wrkr=0 slot=0 size=10 src=client:2 dst=worker:0
event=hand_send ts_ns=86322 id=47 clt=2 wrkr=6 slot=1 size=10 src=client:2 dst=worker:6
event=resp_rdma_read ts_ns=2810008 id=8 start_ns=62806 dur_ns=2747202 clt=2 wrkr=1 slot=1 size=921608 src=worker:1 dst=client:2
event=req_send ts_ns=2810008 id=50 clt=2 wrkr=8 slot=1 size=17 src=client:2 dst=worker:8
event=resp_rdma_read ts_ns=2824371 id=5 start_ns=62631 dur_ns=2761740 clt=2 wrkr=1 slot=0 size=921608 src=worker:1 dst=client:2
event=req_send ts_ns=2824371 id=51 clt=2 wrkr=11 slot=1 size=17 src=client:2 dst=worker:11
event=resp_rdma_read ts_ns=2872400 id=2 start_ns=63419 dur_ns=2808981 clt=2 wrkr=9 slot=0 size=921608 src=worker:9 dst=client:2
event=req_send ts_ns=2872400 id=52 clt=2 wrkr=4 slot=2 size=17 src=client:2 dst=worker:4
event=resp_recv_ud ts_ns=2878499 id=50 clt=2 wrkr=8 slot=1 size=41 src=worker:8 dst=client:2
event=hand_send ts_ns=2887146 id=50 clt=2 wrkr=8 slot=1 size=10 src=client:2 dst=worker:8
event=resp_recv_ud ts_ns=2892083 id=51 clt=2 wrkr=11 slot=1 size=41 src=worker:11 dst=client:2
event=hand_send ts_ns=2900730 id=51 clt=2 wrkr=11 slot=1 size=10 src=client:2 dst=worker:11
event=resp_recv_ud ts_ns=2939918 id=52 clt=2 wrkr=4 slot=2 size=41 src=worker:4 dst=client:2
event=hand_send ts_ns=2948565 id=52 clt=2 wrkr=4 slot=2 size=10 src=client:2 dst=worker:4
event=resp_rdma_read ts_ns=2966703 id=11 start_ns=66032 dur_ns=2900671 clt=2 wrkr=10 slot=0 size=921608 src=worker:10 dst=client:2
event=req_send ts_ns=2966703 id=55 clt=2 wrkr=10 slot=2 size=17 src=client:2 dst=worker:10
event=resp_rdma_read ts_ns=3032388 id=14 start_ns=69062 dur_ns=2963326 clt=2 wrkr=4 slot=0 size=921608 src=worker:4 dst=client:2
event=req_send ts_ns=3032388 id=58 clt=2 wrkr=6 slot=2 size=17 src=client:2 dst=worker:6
event=resp_recv_ud ts_ns=3034176 id=55 clt=2 wrkr=10 slot=2 size=41 src=worker:10 dst=client:2
event=hand_send ts_ns=3042823 id=55 clt=2 wrkr=10 slot=2 size=10 src=client:2 dst=worker:10
event=resp_recv_ud ts_ns=3097612 id=58 clt=2 wrkr=6 slot=2 size=41 src=worker:6 dst=client:2
event=resp_rdma_read ts_ns=3098831 id=17 start_ns=71344 dur_ns=3027487 clt=2 wrkr=2 slot=0 size=921608 src=worker:2 dst=client:2
event=req_send ts_ns=3098831 id=59 clt=2 wrkr=3 slot=1 size=17 src=client:2 dst=worker:3
event=hand_send ts_ns=3106259 id=58 clt=2 wrkr=6 slot=2 size=10 src=client:2 dst=worker:6
event=resp_rdma_read ts_ns=3110124 id=20 start_ns=72095 dur_ns=3038029 clt=2 wrkr=11 slot=0 size=921608 src=worker:11 dst=client:2
event=req_send ts_ns=3110124 id=60 clt=2 wrkr=0 slot=1 size=17 src=client:2 dst=worker:0
event=resp_recv_ud ts_ns=3162943 id=59 clt=2 wrkr=3 slot=1 size=41 src=worker:3 dst=client:2
event=hand_send ts_ns=3171590 id=59 clt=2 wrkr=3 slot=1 size=10 src=client:2 dst=worker:3
event=resp_recv_ud ts_ns=3173718 id=60 clt=2 wrkr=0 slot=1 size=41 src=worker:0 dst=client:2
event=hand_send ts_ns=3182365 id=60 clt=2 wrkr=0 slot=1 size=10 src=client:2 dst=worker:0
event=resp_rdma_read ts_ns=3223572 id=23 start_ns=73331 dur_ns=3150241 clt=2 wrkr=6 slot=0 size=921608 src=worker:6 dst=client:2
event=req_send ts_ns=3223572 id=64 clt=2 wrkr=11 slot=2 size=17 src=client:2 dst=worker:11
event=resp_rdma_read ts_ns=3275882 id=26 start_ns=74725 dur_ns=3201157 clt=2 wrkr=5 slot=0 size=921608 src=worker:5 dst=client:2
event=req_send ts_ns=3275882 id=66 clt=2 wrkr=8 slot=2 size=17 src=client:2 dst=worker:8
event=resp_recv_ud ts_ns=3286188 id=64 clt=2 wrkr=11 slot=2 size=41 src=worker:11 dst=client:2
event=hand_send ts_ns=3294835 id=64 clt=2 wrkr=11 slot=2 size=10 src=client:2 dst=worker:11
event=resp_recv_ud ts_ns=3340858 id=66 clt=2 wrkr=8 slot=2 size=41 src=worker:8 dst=client:2
event=hand_send ts_ns=3349505 id=66 clt=2 wrkr=8 slot=2 size=10 src=client:2 dst=worker:8
event=resp_rdma_read ts_ns=3411733 id=29 start_ns=76045 dur_ns=3335688 clt=2 wrkr=10 slot=1 size=921608 src=worker:10 dst=client:2
event=req_send ts_ns=3411733 id=70 clt=2 wrkr=7 slot=0 size=17 src=client:2 dst=worker:7
event=resp_recv_ud ts_ns=3478563 id=70 clt=2 wrkr=7 slot=0 size=41 src=worker:7 dst=client:2
event=hand_send ts_ns=3487210 id=70 clt=2 wrkr=7 slot=0 size=10 src=client:2 dst=worker:7
event=resp_rdma_read ts_ns=3552077 id=32 start_ns=77930 dur_ns=3474147 clt=2 wrkr=3 slot=0 size=921608 src=worker:3 dst=client:2
event=req_send ts_ns=3552077 id=73 clt=2 wrkr=6 slot=3 size=17 src=client:2 dst=worker:6
event=resp_recv_ud ts_ns=3620189 id=73 clt=2 wrkr=6 slot=3 size=41 src=worker:6 dst=client:2
event=hand_send ts_ns=3628836 id=73 clt=2 wrkr=6 slot=3 size=10 src=client:2 dst=worker:6
event=resp_rdma_read ts_ns=3732739 id=35 start_ns=78553 dur_ns=3654186 clt=2 wrkr=1 slot=2 size=921608 src=worker:1 dst=client:2
event=req_send ts_ns=3732739 id=76 clt=2 wrkr=6 slot=4 size=17 src=client:2 dst=worker:6
event=resp_rdma_read ts_ns=3797720 id=38 start_ns=79844 dur_ns=3717876 clt=2 wrkr=4 slot=1 size=921608 src=worker:4 dst=client:2
event=req_send ts_ns=3797720 id=77 clt=2 wrkr=2 slot=1 size=17 src=client:2 dst=worker:2
event=resp_recv_ud ts_ns=3799304 id=76 clt=2 wrkr=6 slot=4 size=41 src=worker:6 dst=client:2
event=hand_send ts_ns=3807951 id=76 clt=2 wrkr=6 slot=4 size=10 src=client:2 dst=worker:6
event=resp_recv_ud ts_ns=3860477 id=77 clt=2 wrkr=2 slot=1 size=41 src=worker:2 dst=client:2
event=hand_send ts_ns=3869124 id=77 clt=2 wrkr=2 slot=1 size=10 src=client:2 dst=worker:2
event=resp_rdma_read ts_ns=4017976 id=41 start_ns=81565 dur_ns=3936411 clt=2 wrkr=8 slot=0 size=921608 src=worker:8 dst=client:2
event=req_send ts_ns=4017976 id=80 clt=2 wrkr=1 slot=3 size=17 src=client:2 dst=worker:1
event=resp_recv_ud ts_ns=4067211 id=80 clt=2 wrkr=1 slot=3 size=41 src=worker:1 dst=client:2
event=hand_send ts_ns=4075858 id=80 clt=2 wrkr=1 slot=3 size=10 src=client:2 dst=worker:1
event=resp_rdma_read ts_ns=4340197 id=44 start_ns=84379 dur_ns=4255818 clt=2 wrkr=0 slot=0 size=921608 src=worker:0 dst=client:2
event=req_send ts_ns=4340197 id=83 clt=2 wrkr=4 slot=3 size=17 src=client:2 dst=worker:4
event=resp_recv_ud ts_ns=4374916 id=83 clt=2 wrkr=4 slot=3 size=41 src=worker:4 dst=client:2
event=hand_send ts_ns=4383563 id=83 clt=2 wrkr=4 slot=3 size=10 src=client:2 dst=worker:4
event=resp_rdma_read ts_ns=4700601 id=47 start_ns=86322 dur_ns=4614279 clt=2 wrkr=6 slot=1 size=921608 src=worker:6 dst=client:2
event=req_send ts_ns=4700601 id=86 clt=2 wrkr=8 slot=3 size=17 src=client:2 dst=worker:8
event=resp_recv_ud ts_ns=4734262 id=86 clt=2 wrkr=8 slot=3 size=41 src=worker:8 dst=client:2
event=hand_send ts_ns=4742909 id=86 clt=2 wrkr=8 slot=3 size=10 src=client:2 dst=worker:8
event=resp_rdma_read ts_ns=6199177 id=80 start_ns=4075858 dur_ns=2123319 clt=2 wrkr=1 slot=3 size=921608 src=worker:1 dst=client:2
event=req_send ts_ns=6199177 id=99 clt=2 wrkr=5 slot=1 size=17 src=client:2 dst=worker:5
event=resp_rdma_read ts_ns=6218688 id=73 start_ns=3628836 dur_ns=2589852 clt=2 wrkr=6 slot=3 size=921608 src=worker:6 dst=client:2
event=req_send ts_ns=6218688 id=100 clt=2 wrkr=8 slot=4 size=17 src=client:2 dst=worker:8
event=resp_recv_ud ts_ns=6253862 id=99 clt=2 wrkr=5 slot=1 size=41 src=worker:5 dst=client:2
event=hand_send ts_ns=6262509 id=99 clt=2 wrkr=5 slot=1 size=10 src=client:2 dst=worker:5
event=resp_recv_ud ts_ns=6273848 id=100 clt=2 wrkr=8 slot=4 size=41 src=worker:8 dst=client:2
event=hand_send ts_ns=6282495 id=100 clt=2 wrkr=8 slot=4 size=10 src=client:2 dst=worker:8
event=resp_rdma_read ts_ns=6408418 id=58 start_ns=3106259 dur_ns=3302159 clt=2 wrkr=6 slot=2 size=921608 src=worker:6 dst=client:2
event=req_send ts_ns=6408418 id=103 clt=2 wrkr=4 slot=4 size=17 src=client:2 dst=worker:4
event=resp_rdma_read ts_ns=6425285 id=55 start_ns=3042823 dur_ns=3382462 clt=2 wrkr=10 slot=2 size=921608 src=worker:10 dst=client:2
event=req_send ts_ns=6425285 id=104 clt=2 wrkr=2 slot=2 size=17 src=client:2 dst=worker:2
event=resp_recv_ud ts_ns=6465625 id=103 clt=2 wrkr=4 slot=4 size=41 src=worker:4 dst=client:2
event=hand_send ts_ns=6474272 id=103 clt=2 wrkr=4 slot=4 size=10 src=client:2 dst=worker:4
event=resp_rdma_read ts_ns=6476790 id=52 start_ns=2948565 dur_ns=3528225 clt=2 wrkr=4 slot=2 size=921608 src=worker:4 dst=client:2
event=req_send ts_ns=6476790 id=106 clt=2 wrkr=3 slot=2 size=17 src=client:2 dst=worker:3
event=resp_rdma_read ts_ns=6480837 id=60 start_ns=3182365 dur_ns=3298472 clt=2 wrkr=0 slot=1 size=921608 src=worker:0 dst=client:2
event=req_send ts_ns=6480837 id=107 clt=2 wrkr=10 slot=3 size=17 src=client:2 dst=worker:10
event=resp_recv_ud ts_ns=6481497 id=104 clt=2 wrkr=2 slot=2 size=41 src=worker:2 dst=client:2
event=hand_send ts_ns=6490144 id=104 clt=2 wrkr=2 slot=2 size=10 src=client:2 dst=worker:2
event=resp_recv_ud ts_ns=6535076 id=106 clt=2 wrkr=3 slot=2 size=41 src=worker:3 dst=client:2
event=resp_recv_ud ts_ns=6539074 id=107 clt=2 wrkr=10 slot=3 size=41 src=worker:10 dst=client:2
event=hand_send ts_ns=6543723 id=106 clt=2 wrkr=3 slot=2 size=10 src=client:2 dst=worker:3
event=hand_send ts_ns=6547721 id=107 clt=2 wrkr=10 slot=3 size=10 src=client:2 dst=worker:10
event=resp_rdma_read ts_ns=6590643 id=59 start_ns=3171590 dur_ns=3419053 clt=2 wrkr=3 slot=1 size=921608 src=worker:3 dst=client:2
event=req_send ts_ns=6590643 id=110 clt=2 wrkr=2 slot=3 size=17 src=client:2 dst=worker:2
event=resp_rdma_read ts_ns=6592215 id=77 start_ns=3869124 dur_ns=2723091 clt=2 wrkr=2 slot=1 size=921608 src=worker:2 dst=client:2
event=req_send ts_ns=6592215 id=111 clt=2 wrkr=1 slot=4 size=17 src=client:2 dst=worker:1
event=resp_rdma_read ts_ns=6629090 id=51 start_ns=2900730 dur_ns=3728360 clt=2 wrkr=11 slot=1 size=921608 src=worker:11 dst=client:2
event=req_send ts_ns=6629090 id=112 clt=2 wrkr=9 slot=1 size=17 src=client:2 dst=worker:9
event=resp_rdma_read ts_ns=6632776 id=50 start_ns=2887146 dur_ns=3745630 clt=2 wrkr=8 slot=1 size=921608 src=worker:8 dst=client:2
event=req_send ts_ns=6632776 id=113 clt=2 wrkr=8 slot=5 size=17 src=client:2 dst=worker:8
event=resp_recv_ud ts_ns=6649904 id=110 clt=2 wrkr=2 slot=3 size=41 src=worker:2 dst=client:2
event=resp_recv_ud ts_ns=6652338 id=111 clt=2 wrkr=1 slot=4 size=41 src=worker:1 dst=client:2
event=hand_send ts_ns=6658551 id=110 clt=2 wrkr=2 slot=3 size=10 src=client:2 dst=worker:2
event=hand_send ts_ns=6660985 id=111 clt=2 wrkr=1 slot=4 size=10 src=client:2 dst=worker:1
event=resp_recv_ud ts_ns=6689427 id=112 clt=2 wrkr=9 slot=1 size=41 src=worker:9 dst=client:2
event=resp_recv_ud ts_ns=6693633 id=113 clt=2 wrkr=8 slot=5 size=41 src=worker:8 dst=client:2
event=hand_send ts_ns=6698074 id=112 clt=2 wrkr=9 slot=1 size=10 src=client:2 dst=worker:9
event=hand_send ts_ns=6702280 id=113 clt=2 wrkr=8 slot=5 size=10 src=client:2 dst=worker:8
event=resp_rdma_read ts_ns=6844082 id=83 start_ns=4383563 dur_ns=2460519 clt=2 wrkr=4 slot=3 size=921608 src=worker:4 dst=client:2
event=req_send ts_ns=6844082 id=120 clt=2 wrkr=4 slot=5 size=17 src=client:2 dst=worker:4
event=resp_recv_ud ts_ns=6908666 id=120 clt=2 wrkr=4 slot=5 size=41 src=worker:4 dst=client:2
event=hand_send ts_ns=6917313 id=120 clt=2 wrkr=4 slot=5 size=10 src=client:2 dst=worker:4
event=resp_rdma_read ts_ns=6962522 id=64 start_ns=3294835 dur_ns=3667687 clt=2 wrkr=11 slot=2 size=921608 src=worker:11 dst=client:2
event=req_send ts_ns=6962522 id=125 clt=2 wrkr=4 slot=6 size=17 src=client:2 dst=worker:4
event=resp_rdma_read ts_ns=7027916 id=66 start_ns=3349505 dur_ns=3678411 clt=2 wrkr=8 slot=2 size=921608 src=worker:8 dst=client:2
event=req_send ts_ns=7027916 id=127 clt=2 wrkr=11 slot=3 size=17 src=client:2 dst=worker:11
event=resp_recv_ud ts_ns=7028644 id=125 clt=2 wrkr=4 slot=6 size=41 src=worker:4 dst=client:2
event=hand_send ts_ns=7037291 id=125 clt=2 wrkr=4 slot=6 size=10 src=client:2 dst=worker:4
event=resp_recv_ud ts_ns=7095433 id=127 clt=2 wrkr=11 slot=3 size=41 src=worker:11 dst=client:2
event=hand_send ts_ns=7104080 id=127 clt=2 wrkr=11 slot=3 size=10 src=client:2 dst=worker:11
event=resp_rdma_read ts_ns=7166309 id=86 start_ns=4742909 dur_ns=2423400 clt=2 wrkr=8 slot=3 size=921608 src=worker:8 dst=client:2
event=req_send ts_ns=7166309 id=130 clt=2 wrkr=2 slot=4 size=17 src=client:2 dst=worker:2
event=resp_rdma_read ts_ns=7197966 id=76 start_ns=3807951 dur_ns=3390015 clt=2 wrkr=6 slot=4 size=921608 src=worker:6 dst=client:2
event=req_send ts_ns=7197966 id=131 clt=2 wrkr=1 slot=5 size=17 src=client:2 dst=worker:1
event=resp_recv_ud ts_ns=7233562 id=130 clt=2 wrkr=2 slot=4 size=41 src=worker:2 dst=client:2
event=hand_send ts_ns=7242209 id=130 clt=2 wrkr=2 slot=4 size=10 src=client:2 dst=worker:2
event=resp_recv_ud ts_ns=7252221 id=131 clt=2 wrkr=1 slot=5 size=41 src=worker:1 dst=client:2
event=hand_send ts_ns=7260868 id=131 clt=2 wrkr=1 slot=5 size=10 src=client:2 dst=worker:1
event=resp_rdma_read ts_ns=7358740 id=70 start_ns=3487210 dur_ns=3871530 clt=2 wrkr=7 slot=0 size=921608 src=worker:7 dst=client:2
event=req_send ts_ns=7358740 id=134 clt=2 wrkr=7 slot=1 size=17 src=client:2 dst=worker:7
event=resp_recv_ud ts_ns=7422913 id=134 clt=2 wrkr=7 slot=1 size=41 src=worker:7 dst=client:2
event=hand_send ts_ns=7431560 id=134 clt=2 wrkr=7 slot=1 size=10 src=client:2 dst=worker:7
event=resp_rdma_read ts_ns=8623294 id=100 start_ns=6282495 dur_ns=2340799 clt=2 wrkr=8 slot=4 size=921608 src=worker:8 dst=client:2
event=req_send ts_ns=8623294 id=144 clt=2 wrkr=9 slot=2 size=17 src=client:2 dst=worker:9
event=resp_recv_ud ts_ns=8659186 id=144 clt=2 wrkr=9 slot=2 size=41 src=worker:9 dst=client:2
event=hand_send ts_ns=8667833 id=144 clt=2 wrkr=9 slot=2 size=10 src=client:2 dst=worker:9
event=resp_rdma_read ts_ns=9129397 id=106 start_ns=6543723 dur_ns=2585674 clt=2 wrkr=3 slot=2 size=921608 src=worker:3 dst=client:2
event=req_send ts_ns=9129397 id=148 clt=2 wrkr=10 slot=4 size=17 src=client:2 dst=worker:10
event=resp_rdma_read ts_ns=9150767 id=99 start_ns=6262509 dur_ns=2888258 clt=2 wrkr=5 slot=1 size=921608 src=worker:5 dst=client:2
event=req_send ts_ns=9150767 id=151 clt=2 wrkr=7 slot=2 size=17 src=client:2 dst=worker:7
event=resp_recv_ud ts_ns=9179973 id=148 clt=2 wrkr=10 slot=4 size=41 src=worker:10 dst=client:2
event=hand_send ts_ns=9188620 id=148 clt=2 wrkr=10 slot=4 size=10 src=client:2 dst=worker:10
event=resp_recv_ud ts_ns=9206058 id=151 clt=2 wrkr=7 slot=2 size=41 src=worker:7 dst=client:2
event=hand_send ts_ns=9214705 id=151 clt=2 wrkr=7 slot=2 size=10 src=client:2 dst=worker:7
event=resp_rdma_read ts_ns=9396688 id=103 start_ns=6474272 dur_ns=2922416 clt=2 wrkr=4 slot=4 size=921608 src=worker:4 dst=client:2
event=req_send ts_ns=9396688 id=153 clt=2 wrkr=4 slot=7 size=17 src=client:2 dst=worker:4
event=resp_recv_ud ts_ns=9432202 id=153 clt=2 wrkr=4 slot=7 size=41 src=worker:4 dst=client:2
event=hand_send ts_ns=9440849 id=153 clt=2 wrkr=4 slot=7 size=10 src=client:2 dst=worker:4
event=resp_rdma_read ts_ns=9517338 id=110 start_ns=6658551 dur_ns=2858787 clt=2 wrkr=2 slot=3 size=921608 src=worker:2 dst=client:2
event=req_send ts_ns=9517338 id=154 clt=2 wrkr=0 slot=2 size=17 src=client:2 dst=worker:0
event=resp_rdma_read ts_ns=9521130 id=104 start_ns=6490144 dur_ns=3030986 clt=2 wrkr=2 slot=2 size=921608 src=worker:2 dst=client:2
event=req_send ts_ns=9521130 id=155 clt=2 wrkr=11 slot=4 size=17 src=client:2 dst=worker:11
event=resp_recv_ud ts_ns=9553823 id=154 clt=2 wrkr=0 slot=2 size=41 src=worker:0 dst=client:2
event=hand_send ts_ns=9562470 id=154 clt=2 wrkr=0 slot=2 size=10 src=client:2 dst=worker:0
event=resp_recv_ud ts_ns=9571487 id=155 clt=2 wrkr=11 slot=4 size=41 src=worker:11 dst=client:2
event=hand_send ts_ns=9580134 id=155 clt=2 wrkr=11 slot=4 size=10 src=client:2 dst=worker:11
event=resp_rdma_read ts_ns=9681460 id=107 start_ns=6547721 dur_ns=3133739 clt=2 wrkr=10 slot=3 size=921608 src=worker:10 dst=client:2
event=req_send ts_ns=9681460 id=156 clt=2 wrkr=0 slot=3 size=17 src=client:2 dst=worker:0
event=resp_recv_ud ts_ns=9715719 id=156 clt=2 wrkr=0 slot=3 size=41 src=worker:0 dst=client:2
event=hand_send ts_ns=9724366 id=156 clt=2 wrkr=0 slot=3 size=10 src=client:2 dst=worker:0
event=resp_rdma_read ts_ns=9907295 id=111 start_ns=6660985 dur_ns=3246310 clt=2 wrkr=1 slot=4 size=921608 src=worker:1 dst=client:2
event=req_send ts_ns=9907295 id=159 clt=2 wrkr=11 slot=5 size=17 src=client:2 dst=worker:11
event=resp_recv_ud ts_ns=9960025 id=159 clt=2 wrkr=11 slot=5 size=41 src=worker:11 dst=client:2
event=hand_send ts_ns=9968672 id=159 clt=2 wrkr=11 slot=5 size=10 src=client:2 dst=worker:11
event=resp_rdma_read ts_ns=10011587 id=113 start_ns=6702280 dur_ns=3309307 clt=2 wrkr=8 slot=5 size=921608 src=worker:8 dst=client:2
event=req_send ts_ns=10011587 id=162 clt=2 wrkr=7 slot=3 size=17 src=client:2 dst=worker:7
event=resp_rdma_read ts_ns=10036705 id=112 start_ns=6698074 dur_ns=3338631 clt=2 wrkr=9 slot=1 size=921608 src=worker:9 dst=client:2
event=req_send ts_ns=10036705 id=165 clt=2 wrkr=5 slot=2 size=17 src=client:2 dst=worker:5
event=resp_recv_ud ts_ns=10062210 id=162 clt=2 wrkr=7 slot=3 size=41 src=worker:7 dst=client:2
event=hand_send ts_ns=10070857 id=162 clt=2 wrkr=7 slot=3 size=10 src=client:2 dst=worker:7
event=resp_recv_ud ts_ns=10092122 id=165 clt=2 wrkr=5 slot=2 size=41 src=worker:5 dst=client:2
event=hand_send ts_ns=10100769 id=165 clt=2 wrkr=5 slot=2 size=10 src=client:2 dst=worker:5
event=resp_rdma_read ts_ns=10233723 id=134 start_ns=7431560 dur_ns=2802163 clt=2 wrkr=7 slot=1 size=921608 src=worker:7 dst=client:2
event=req_send ts_ns=10233723 id=167 clt=2 wrkr=0 slot=4 size=17 src=client:2 dst=worker:0
event=resp_recv_ud ts_ns=10278731 id=167 clt=2 wrkr=0 slot=4 size=41 src=worker:0 dst=client:2
event=hand_send ts_ns=10287378 id=167 clt=2 wrkr=0 slot=4 size=10 src=client:2 dst=worker:0
event=resp_rdma_read ts_ns=10320859 id=131 start_ns=7260868 dur_ns=3059991 clt=2 wrkr=1 slot=5 size=921608 src=worker:1 dst=client:2
event=req_send ts_ns=10320859 id=170 clt=2 wrkr=11 slot=6 size=17 src=client:2 dst=worker:11
event=resp_recv_ud ts_ns=10380430 id=170 clt=2 wrkr=11 slot=6 size=41 src=worker:11 dst=client:2
event=hand_send ts_ns=10389077 id=170 clt=2 wrkr=11 slot=6 size=10 src=client:2 dst=worker:11
event=resp_rdma_read ts_ns=10612833 id=120 start_ns=6917313 dur_ns=3695520 clt=2 wrkr=4 slot=5 size=921608 src=worker:4 dst=client:2
event=req_send ts_ns=10612833 id=179 clt=2 wrkr=2 slot=5 size=17 src=client:2 dst=worker:2
event=resp_recv_ud ts_ns=10672715 id=179 clt=2 wrkr=2 slot=5 size=41 src=worker:2 dst=client:2
event=hand_send ts_ns=10681362 id=179 clt=2 wrkr=2 slot=5 size=10 src=client:2 dst=worker:2
event=resp_rdma_read ts_ns=10816393 id=130 start_ns=7242209 dur_ns=3574184 clt=2 wrkr=2 slot=4 size=921608 src=worker:2 dst=client:2
event=req_send ts_ns=10816393 id=184 clt=2 wrkr=7 slot=4 size=17 src=client:2 dst=worker:7
event=resp_recv_ud ts_ns=10880866 id=184 clt=2 wrkr=7 slot=4 size=41 src=worker:7 dst=client:2
event=hand_send ts_ns=10889513 id=184 clt=2 wrkr=7 slot=4 size=10 src=client:2 dst=worker:7
event=resp_rdma_read ts_ns=11093191 id=144 start_ns=8667833 dur_ns=2425358 clt=2 wrkr=9 slot=2 size=921608 src=worker:9 dst=client:2
event=req_send ts_ns=11093191 id=187 clt=2 wrkr=0 slot=5 size=17 src=client:2 dst=worker:0
event=resp_recv_ud ts_ns=11135252 id=187 clt=2 wrkr=0 slot=5 size=41 src=worker:0 dst=client:2
event=hand_send ts_ns=11143899 id=187 clt=2 wrkr=0 slot=5 size=10 src=client:2 dst=worker:0
event=resp_rdma_read ts_ns=11219530 id=125 start_ns=7037291 dur_ns=4182239 clt=2 wrkr=4 slot=6 size=921608 src=worker:4 dst=client:2
event=req_send ts_ns=11219530 id=189 clt=2 wrkr=10 slot=5 size=17 src=client:2 dst=worker:10
event=resp_rdma_read ts_ns=11269462 id=127 start_ns=7104080 dur_ns=4165382 clt=2 wrkr=11 slot=3 size=921608 src=worker:11 dst=client:2
event=req_send ts_ns=11269462 id=191 clt=2 wrkr=1 slot=6 size=17 src=client:2 dst=worker:1
event=resp_recv_ud ts_ns=11276946 id=189 clt=2 wrkr=10 slot=5 size=41 src=worker:10 dst=client:2
event=hand_send ts_ns=11285593 id=189 clt=2 wrkr=10 slot=5 size=10 src=client:2 dst=worker:10
event=resp_recv_ud ts_ns=11330293 id=191 clt=2 wrkr=1 slot=6 size=41 src=worker:1 dst=client:2
event=hand_send ts_ns=11338940 id=191 clt=2 wrkr=1 slot=6 size=10 src=client:2 dst=worker:1
event=resp_rdma_read ts_ns=11853630 id=148 start_ns=9188620 dur_ns=2665010 clt=2 wrkr=10 slot=4 size=921608 src=worker:10 dst=client:2
event=req_send ts_ns=11853630 id=198 clt=2 wrkr=0 slot=6 size=17 src=client:2 dst=worker:0
event=resp_rdma_read ts_ns=11901087 id=153 start_ns=9440849 dur_ns=2460238 clt=2 wrkr=4 slot=7 size=921608 src=worker:4 dst=client:2
event=req_send ts_ns=11901087 id=200 clt=2 wrkr=5 slot=3 size=17 src=client:2 dst=worker:5
event=resp_recv_ud ts_ns=11903525 id=198 clt=2 wrkr=0 slot=6 size=41 src=worker:0 dst=client:2
event=hand_send ts_ns=11912172 id=198 clt=2 wrkr=0 slot=6 size=10 src=client:2 dst=worker:0
event=resp_recv_ud ts_ns=11956751 id=200 clt=2 wrkr=5 slot=3 size=41 src=worker:5 dst=client:2
event=hand_send ts_ns=11965398 id=200 clt=2 wrkr=5 slot=3 size=10 src=client:2 dst=worker:5
event=resp_rdma_read ts_ns=12036218 id=155 start_ns=9580134 dur_ns=2456084 clt=2 wrkr=11 slot=4 size=921608 src=worker:11 dst=client:2
event=req_send ts_ns=12036218 id=202 clt=2 wrkr=3 slot=3 size=17 src=client:2 dst=worker:3
event=resp_rdma_read ts_ns=12059658 id=151 start_ns=9214705 dur_ns=2844953 clt=2 wrkr=7 slot=2 size=921608 src=worker:7 dst=client:2
event=req_send ts_ns=12059658 id=203 clt=2 wrkr=4 slot=8 size=17 src=client:2 dst=worker:4
event=resp_recv_ud ts_ns=12086530 id=202 clt=2 wrkr=3 slot=3 size=41 src=worker:3 dst=client:2
event=hand_send ts_ns=12095177 id=202 clt=2 wrkr=3 slot=3 size=10 src=client:2 dst=worker:3
event=resp_recv_ud ts_ns=12104342 id=203 clt=2 wrkr=4 slot=8 size=41 src=worker:4 dst=client:2
event=hand_send ts_ns=12112989 id=203 clt=2 wrkr=4 slot=8 size=10 src=client:2 dst=worker:4
event=resp_rdma_read ts_ns=12382451 id=154 start_ns=9562470 dur_ns=2819981 clt=2 wrkr=0 slot=2 size=921608 src=worker:0 dst=client:2
event=req_send ts_ns=12382451 id=204 clt=2 wrkr=9 slot=3 size=17 src=client:2 dst=worker:9
event=resp_recv_ud ts_ns=12418178 id=204 clt=2 wrkr=9 slot=3 size=41 src=worker:9 dst=client:2
event=hand_send ts_ns=12426825 id=204 clt=2 wrkr=9 slot=3 size=10 src=client:2 dst=worker:9
event=resp_rdma_read ts_ns=12545551 id=156 start_ns=9724366 dur_ns=2821185 clt=2 wrkr=0 slot=3 size=921608 src=worker:0 dst=client:2
event=req_send ts_ns=12545551 id=205 clt=2 wrkr=9 slot=4 size=17 src=client:2 dst=worker:9
event=resp_recv_ud ts_ns=12580991 id=205 clt=2 wrkr=9 slot=4 size=41 src=worker:9 dst=client:2
event=hand_send ts_ns=12589638 id=205 clt=2 wrkr=9 slot=4 size=10 src=client:2 dst=worker:9
event=resp_rdma_read ts_ns=12824091 id=159 start_ns=9968672 dur_ns=2855419 clt=2 wrkr=11 slot=5 size=921608 src=worker:11 dst=client:2
event=req_send ts_ns=12824091 id=209 clt=2 wrkr=6 slot=5 size=17 src=client:2 dst=worker:6
event=resp_rdma_read ts_ns=12850717 id=165 start_ns=10100769 dur_ns=2749948 clt=2 wrkr=5 slot=2 size=921608 src=worker:5 dst=client:2
event=req_send ts_ns=12850717 id=210 clt=2 wrkr=6 slot=6 size=17 src=client:2 dst=worker:6
event=resp_recv_ud ts_ns=12878976 id=209 clt=2 wrkr=6 slot=5 size=41 src=worker:6 dst=client:2
event=hand_send ts_ns=12887623 id=209 clt=2 wrkr=6 slot=5 size=10 src=client:2 dst=worker:6
event=resp_recv_ud ts_ns=12898289 id=210 clt=2 wrkr=6 slot=6 size=41 src=worker:6 dst=client:2
event=hand_send ts_ns=12906936 id=210 clt=2 wrkr=6 slot=6 size=10 src=client:2 dst=worker:6
event=resp_rdma_read ts_ns=12931384 id=170 start_ns=10389077 dur_ns=2542307 clt=2 wrkr=11 slot=6 size=921608 src=worker:11 dst=client:2
event=req_send ts_ns=12931384 id=213 clt=2 wrkr=6 slot=7 size=17 src=client:2 dst=worker:6
event=resp_rdma_read ts_ns=12977815 id=162 start_ns=10070857 dur_ns=2906958 clt=2 wrkr=7 slot=3 size=921608 src=worker:7 dst=client:2
event=req_send ts_ns=12977815 id=214 clt=2 wrkr=0 slot=7 size=17 src=client:2 dst=worker:0
event=resp_recv_ud ts_ns=12987244 id=213 clt=2 wrkr=6 slot=7 size=41 src=worker:6 dst=client:2
event=hand_send ts_ns=12995891 id=213 clt=2 wrkr=6 slot=7 size=10 src=client:2 dst=worker:6
event=resp_recv_ud ts_ns=13031728 id=214 clt=2 wrkr=0 slot=7 size=41 src=worker:0 dst=client:2
event=hand_send ts_ns=13040375 id=214 clt=2 wrkr=0 slot=7 size=10 src=client:2 dst=worker:0
event=resp_rdma_read ts_ns=13343126 id=167 start_ns=10287378 dur_ns=3055748 clt=2 wrkr=0 slot=4 size=921608 src=worker:0 dst=client:2
event=req_send ts_ns=13343126 id=216 clt=2 wrkr=7 slot=5 size=17 src=client:2 dst=worker:7
event=resp_recv_ud ts_ns=13378579 id=216 clt=2 wrkr=7 slot=5 size=41 src=worker:7 dst=client:2
event=hand_send ts_ns=13387226 id=216 clt=2 wrkr=7 slot=5 size=10 src=client:2 dst=worker:7
event=resp_rdma_read ts_ns=13397247 id=191 start_ns=11338940 dur_ns=2058307 clt=2 wrkr=1 slot=6 size=921608 src=worker:1 dst=client:2
event=req_send ts_ns=13397247 id=217 clt=2 wrkr=2 slot=6 size=17 src=client:2 dst=worker:2
event=resp_recv_ud ts_ns=13455450 id=217 clt=2 wrkr=2 slot=6 size=41 src=worker:2 dst=client:2
event=hand_send ts_ns=13464097 id=217 clt=2 wrkr=2 slot=6 size=10 src=client:2 dst=worker:2
event=resp_rdma_read ts_ns=13937842 id=187 start_ns=11143899 dur_ns=2793943 clt=2 wrkr=0 slot=5 size=921608 src=worker:0 dst=client:2
event=req_send ts_ns=13937842 id=228 clt=2 wrkr=10 slot=6 size=17 src=client:2 dst=worker:10
event=resp_recv_ud ts_ns=13994952 id=228 clt=2 wrkr=10 slot=6 size=41 src=worker:10 dst=client:2
event=hand_send ts_ns=14003599 id=228 clt=2 wrkr=10 slot=6 size=10 src=client:2 dst=worker:10
event=resp_rdma_read ts_ns=14144638 id=184 start_ns=10889513 dur_ns=3255125 clt=2 wrkr=7 slot=4 size=921608 src=worker:7 dst=client:2
event=req_send ts_ns=14144638 id=235 clt=2 wrkr=6 slot=8 size=17 src=client:2 dst=worker:6
event=resp_recv_ud ts_ns=14203804 id=235 clt=2 wrkr=6 slot=8 size=41 src=worker:6 dst=client:2
event=hand_send ts_ns=14212451 id=235 clt=2 wrkr=6 slot=8 size=10 src=client:2 dst=worker:6
event=resp_rdma_read ts_ns=14270597 id=189 start_ns=11285593 dur_ns=2985004 clt=2 wrkr=10 slot=5 size=921608 src=worker:10 dst=client:2
event=req_send ts_ns=14270597 id=236 clt=2 wrkr=0 slot=8 size=17 src=client:2 dst=worker:0
event=resp_rdma_read ts_ns=14278937 id=179 start_ns=10681362 dur_ns=3597575 clt=2 wrkr=2 slot=5 size=921608 src=worker:2 dst=client:2
event=req_send ts_ns=14278937 id=237 clt=2 wrkr=0 slot=9 size=17 src=client:2 dst=worker:0
event=resp_recv_ud ts_ns=14317526 id=236 clt=2 wrkr=0 slot=8 size=41 src=worker:0 dst=client:2
event=hand_send ts_ns=14326173 id=236 clt=2 wrkr=0 slot=8 size=10 src=client:2 dst=worker:0
event=resp_recv_ud ts_ns=14339277 id=237 clt=2 wrkr=0 slot=9 size=41 src=worker:0 dst=client:2
event=hand_send ts_ns=14347924 id=237 clt=2 wrkr=0 slot=9 size=10 src=client:2 dst=worker:0
event=resp_rdma_read ts_ns=14615160 id=203 start_ns=12112989 dur_ns=2502171 clt=2 wrkr=4 slot=8 size=921608 src=worker:4 dst=client:2
event=req_send ts_ns=14615160 id=245 clt=2 wrkr=8 slot=6 size=17 src=client:2 dst=worker:8
event=resp_recv_ud ts_ns=14678078 id=245 clt=2 wrkr=8 slot=6 size=41 src=worker:8 dst=client:2
event=hand_send ts_ns=14686725 id=245 clt=2 wrkr=8 slot=6 size=10 src=client:2 dst=worker:8
event=resp_rdma_read ts_ns=14777946 id=200 start_ns=11965398 dur_ns=2812548 clt=2 wrkr=5 slot=3 size=921608 src=worker:5 dst=client:2
event=req_send ts_ns=14777946 id=248 clt=2 wrkr=8 slot=7 size=17 src=client:2 dst=worker:8
event=resp_rdma_read ts_ns=14802180 id=198 start_ns=11912172 dur_ns=2890008 clt=2 wrkr=0 slot=6 size=921608 src=worker:0 dst=client:2
event=req_send ts_ns=14802180 id=249 clt=2 wrkr=0 slot=10 size=17 src=client:2 dst=worker:0
event=resp_recv_ud ts_ns=14842087 id=248 clt=2 wrkr=8 slot=7 size=41 src=worker:8 dst=client:2
event=hand_send ts_ns=14850734 id=248 clt=2 wrkr=8 slot=7 size=10 src=client:2 dst=worker:8
event=resp_recv_ud ts_ns=14861716 id=249 clt=2 wrkr=0 slot=10 size=41 src=worker:0 dst=client:2
event=hand_send ts_ns=14870363 id=249 clt=2 wrkr=0 slot=10 size=10 src=client:2 dst=worker:0
event=resp_rdma_read ts_ns=14934869 id=204 start_ns=12426825 dur_ns=2508044 clt=2 wrkr=9 slot=3 size=921608 src=worker:9 dst=client:2
event=req_send ts_ns=14934869 id=251 clt=2 wrkr=8 slot=8 size=17 src=client:2 dst=worker:8
event=resp_rdma_read ts_ns=14986853 id=202 start_ns=12095177 dur_ns=2891676 clt=2 wrkr=3 slot=3 size=921608 src=worker:3 dst=client:2
event=req_send ts_ns=14986853 id=252 clt=2 wrkr=11 slot=7 size=17 src=client:2 dst=worker:11
event=resp_recv_ud ts_ns=14995327 id=251 clt=2 wrkr=8 slot=8 size=41 src=worker:8 dst=client:2
event=hand_send ts_ns=15003974 id=251 clt=2 wrkr=8 slot=8 size=10 src=client:2 dst=worker:8
event=resp_recv_ud ts_ns=15050867 id=252 clt=2 wrkr=11 slot=7 size=41 src=worker:11 dst=client:2
event=hand_send ts_ns=15059514 id=252 clt=2 wrkr=11 slot=7 size=10 src=client:2 dst=worker:11
event=resp_rdma_read ts_ns=15109313 id=205 start_ns=12589638 dur_ns=2519675 clt=2 wrkr=9 slot=4 size=921608 src=worker:9 dst=client:2
event=req_send ts_ns=15109313 id=254 clt=2 wrkr=10 slot=7 size=17 src=client:2 dst=worker:10
event=resp_recv_ud ts_ns=15157402 id=254 clt=2 wrkr=10 slot=7 size=41 src=worker:10 dst=client:2
event=hand_send ts_ns=15166049 id=254 clt=2 wrkr=10 slot=7 size=10 src=client:2 dst=worker:10
event=resp_rdma_read ts_ns=15688165 id=209 start_ns=12887623 dur_ns=2800542 clt=2 wrkr=6 slot=5 size=921608 src=worker:6 dst=client:2
event=req_send ts_ns=15688165 id=260 clt=2 wrkr=7 slot=6 size=17 src=client:2 dst=worker:7
event=resp_recv_ud ts_ns=15742986 id=260 clt=2 wrkr=7 slot=6 size=41 src=worker:7 dst=client:2
event=hand_send ts_ns=15751633 id=260 clt=2 wrkr=7 slot=6 size=10 src=client:2 dst=worker:7
event=resp_rdma_read ts_ns=15756631 id=210 start_ns=12906936 dur_ns=2849695 clt=2 wrkr=6 slot=6 size=921608 src=worker:6 dst=client:2
event=req_send ts_ns=15756631 id=262 clt=2 wrkr=3 slot=4 size=17 src=client:2 dst=worker:3
event=resp_rdma_read ts_ns=15766274 id=213 start_ns=12995891 dur_ns=2770383 clt=2 wrkr=6 slot=7 size=921608 src=worker:6 dst=client:2
event=req_send ts_ns=15766274 id=263 clt=2 wrkr=4 slot=9 size=17 src=client:2 dst=worker:4
event=resp_recv_ud ts_ns=15811655 id=262 clt=2 wrkr=3 slot=4 size=41 src=worker:3 dst=client:2
event=hand_send ts_ns=15820302 id=262 clt=2 wrkr=3 slot=4 size=10 src=client:2 dst=worker:3
event=resp_recv_ud ts_ns=15821512 id=263 clt=2 wrkr=4 slot=9 size=41 src=worker:4 dst=client:2
event=hand_send ts_ns=15830159 id=263 clt=2 wrkr=4 slot=9 size=10 src=client:2 dst=worker:4
event=resp_rdma_read ts_ns=15991906 id=214 start_ns=13040375 dur_ns=2951531 clt=2 wrkr=0 slot=7 size=921608 src=worker:0 dst=client:2
event=req_send ts_ns=15991906 id=264 clt=2 wrkr=1 slot=7 size=17 src=client:2 dst=worker:1
event=resp_recv_ud ts_ns=16029435 id=264 clt=2 wrkr=1 slot=7 size=41 src=worker:1 dst=client:2
event=hand_send ts_ns=16038082 id=264 clt=2 wrkr=1 slot=7 size=10 src=client:2 dst=worker:1
event=resp_rdma_read ts_ns=16332007 id=216 start_ns=13387226 dur_ns=2944781 clt=2 wrkr=7 slot=5 size=921608 src=worker:7 dst=client:2
event=req_send ts_ns=16332007 id=266 clt=2 wrkr=2 slot=7 size=17 src=client:2 dst=worker:2
event=resp_recv_ud ts_ns=16367463 id=266 clt=2 wrkr=2 slot=7 size=41 src=worker:2 dst=client:2
event=hand_send ts_ns=16376110 id=266 clt=2 wrkr=2 slot=7 size=10 src=client:2 dst=worker:2
event=resp_rdma_read ts_ns=16453943 id=217 start_ns=13464097 dur_ns=2989846 clt=2 wrkr=2 slot=6 size=921608 src=worker:2 dst=client:2
event=req_send ts_ns=16453943 id=268 clt=2 wrkr=0 slot=11 size=17 src=client:2 dst=worker:0
event=resp_rdma_read ts_ns=16461540 id=228 start_ns=14003599 dur_ns=2457941 clt=2 wrkr=10 slot=6 size=921608 src=worker:10 dst=client:2
event=req_send ts_ns=16461540 id=270 clt=2 wrkr=2 slot=8 size=17 src=client:2 dst=worker:2
event=resp_recv_ud ts_ns=16505343 id=268 clt=2 wrkr=0 slot=11 size=41 src=worker:0 dst=client:2
event=hand_send ts_ns=16513990 id=268 clt=2 wrkr=0 slot=11 size=10 src=client:2 dst=worker:0
event=resp_recv_ud ts_ns=16519141 id=270 clt=2 wrkr=2 slot=8 size=41 src=worker:2 dst=client:2
event=hand_send ts_ns=16527788 id=270 clt=2 wrkr=2 slot=8 size=10 src=client:2 dst=worker:2
event=resp_rdma_read ts_ns=16898719 id=235 start_ns=14212451 dur_ns=2686268 clt=2 wrkr=6 slot=8 size=921608 src=worker:6 dst=client:2
event=req_send ts_ns=16898719 id=277 clt=2 wrkr=8 slot=9 size=17 src=client:2 dst=worker:8
event=resp_recv_ud ts_ns=16956883 id=277 clt=2 wrkr=8 slot=9 size=41 src=worker:8 dst=client:2
event=hand_send ts_ns=16965530 id=277 clt=2 wrkr=8 slot=9 size=10 src=client:2 dst=worker:8
event=resp_rdma_read ts_ns=17257767 id=237 start_ns=14347924 dur_ns=2909843 clt=2 wrkr=0 slot=9 size=921608 src=worker:0 dst=client:2
event=req_send ts_ns=17257767 id=285 clt=2 wrkr=1 slot=8 size=17 src=client:2 dst=worker:1
event=resp_rdma_read ts_ns=17295735 id=254 start_ns=15166049 dur_ns=2129686 clt=2 wrkr=10 slot=7 size=921608 src=worker:10 dst=client:2
event=req_send ts_ns=17295735 id=286 clt=2 wrkr=2 slot=9 size=17 src=client:2 dst=worker:2
event=resp_recv_ud ts_ns=17313752 id=285 clt=2 wrkr=1 slot=8 size=41 src=worker:1 dst=client:2
event=hand_send ts_ns=17322399 id=285 clt=2 wrkr=1 slot=8 size=10 src=client:2 dst=worker:1
event=resp_recv_ud ts_ns=17357654 id=286 clt=2 wrkr=2 slot=9 size=41 src=worker:2 dst=client:2
event=hand_send ts_ns=17366301 id=286 clt=2 wrkr=2 slot=9 size=10 src=client:2 dst=worker:2
event=resp_rdma_read ts_ns=17468380 id=236 start_ns=14326173 dur_ns=3142207 clt=2 wrkr=0 slot=8 size=921608 src=worker:0 dst=client:2
event=req_send ts_ns=17468380 id=287 clt=2 wrkr=1 slot=9 size=17 src=client:2 dst=worker:1
event=resp_recv_ud ts_ns=17507288 id=287 clt=2 wrkr=1 slot=9 size=41 src=worker:1 dst=client:2
event=hand_send ts_ns=17515935 id=287 clt=2 wrkr=1 slot=9 size=10 src=client:2 dst=worker:1
event=resp_rdma_read ts_ns=17662355 id=249 start_ns=14870363 dur_ns=2791992 clt=2 wrkr=0 slot=10 size=921608 src=worker:0 dst=client:2
event=req_send ts_ns=17662355 id=293 clt=2 wrkr=1 slot=10 size=17 src=client:2 dst=worker:1
event=resp_recv_ud ts_ns=17722818 id=293 clt=2 wrkr=1 slot=10 size=41 src=worker:1 dst=client:2
event=hand_send ts_ns=17731465 id=293 clt=2 wrkr=1 slot=10 size=10 src=client:2 dst=worker:1
event=resp_rdma_read ts_ns=17902512 id=245 start_ns=14686725 dur_ns=3215787 clt=2 wrkr=8 slot=6 size=921608 src=worker:8 dst=client:2
event=req_send ts_ns=17902512 id=296 clt=2 wrkr=8 slot=10 size=17 src=client:2 dst=worker:8
event=resp_recv_ud ts_ns=17958953 id=296 clt=2 wrkr=8 slot=10 size=41 src=worker:8 dst=client:2
event=hand_send ts_ns=17967600 id=296 clt=2 wrkr=8 slot=10 size=10 src=client:2 dst=worker:8
event=resp_rdma_read ts_ns=17992232 id=252 start_ns=15059514 dur_ns=2932718 clt=2 wrkr=11 slot=7 size=921608 src=worker:11 dst=client:2
event=req_send ts_ns=17992232 id=298 clt=2 wrkr=10 slot=8 size=17 src=client:2 dst=worker:10
event=resp_recv_ud ts_ns=18049961 id=298 clt=2 wrkr=10 slot=8 size=41 src=worker:10 dst=client:2
event=hand_send ts_ns=18058608 id=298 clt=2 wrkr=10 slot=8 size=10 src=client:2 dst=worker:10
event=resp_rdma_read ts_ns=18136986 id=248 start_ns=14850734 dur_ns=3286252 clt=2 wrkr=8 slot=7 size=921608 src=worker:8 dst=client:2
event=req_send ts_ns=18136986 id=301 clt=2 wrkr=3 slot=5 size=17 src=client:2 dst=worker:3
event=resp_recv_ud ts_ns=18183888 id=301 clt=2 wrkr=3 slot=5 size=41 src=worker:3 dst=client:2
event=resp_rdma_read ts_ns=18187844 id=251 start_ns=15003974 dur_ns=3183870 clt=2 wrkr=8 slot=8 size=921608 src=worker:8 dst=client:2
event=req_send ts_ns=18187844 id=302 clt=2 wrkr=3 slot=6 size=17 src=client:2 dst=worker:3
event=hand_send ts_ns=18192535 id=301 clt=2 wrkr=3 slot=5 size=10 src=client:2 dst=worker:3
event=resp_recv_ud ts_ns=18247668 id=302 clt=2 wrkr=3 slot=6 size=41 src=worker:3 dst=client:2
event=hand_send ts_ns=18256315 id=302 clt=2 wrkr=3 slot=6 size=10 src=client:2 dst=worker:3
event=resp_rdma_read ts_ns=18420506 id=260 start_ns=15751633 dur_ns=2668873 clt=2 wrkr=7 slot=6 size=921608 src=worker:7 dst=client:2
event=req_send ts_ns=18420506 id=306 clt=2 wrkr=10 slot=9 size=17 src=client:2 dst=worker:10
event=resp_rdma_read ts_ns=18442541 id=262 start_ns=15820302 dur_ns=2622239 clt=2 wrkr=3 slot=4 size=921608 src=worker:3 dst=client:2
event=req_send ts_ns=18442541 id=307 clt=2 wrkr=4 slot=10 size=17 src=client:2 dst=worker:4
event=resp_rdma_read ts_ns=18454414 id=263 start_ns=15830159 dur_ns=2624255 clt=2 wrkr=4 slot=9 size=921608 src=worker:4 dst=client:2
event=req_send ts_ns=18454414 id=308 clt=2 wrkr=1 slot=11 size=17 src=client:2 dst=worker:1
event=resp_recv_ud ts_ns=18482737 id=306 clt=2 wrkr=10 slot=9 size=41 src=worker:10 dst=client:2
event=hand_send ts_ns=18491384 id=306 clt=2 wrkr=10 slot=9 size=10 src=client:2 dst=worker:10
event=resp_recv_ud ts_ns=18497333 id=307 clt=2 wrkr=4 slot=10 size=41 src=worker:4 dst=client:2
event=hand_send ts_ns=18505980 id=307 clt=2 wrkr=4 slot=10 size=10 src=client:2 dst=worker:4
event=resp_recv_ud ts_ns=18516352 id=308 clt=2 wrkr=1 slot=11 size=41 src=worker:1 dst=client:2
event=hand_send ts_ns=18524999 id=308 clt=2 wrkr=1 slot=11 size=10 src=client:2 dst=worker:1
event=resp_rdma_read ts_ns=18851850 id=266 start_ns=16376110 dur_ns=2475740 clt=2 wrkr=2 slot=7 size=921608 src=worker:2 dst=client:2
event=req_send ts_ns=18851850 id=313 clt=2 wrkr=3 slot=7 size=17 src=client:2 dst=worker:3
event=resp_recv_ud ts_ns=18888465 id=313 clt=2 wrkr=3 slot=7 size=41 src=worker:3 dst=client:2
event=resp_rdma_read ts_ns=18894444 id=264 start_ns=16038082 dur_ns=2856362 clt=2 wrkr=1 slot=7 size=921608 src=worker:1 dst=client:2
event=req_send ts_ns=18894444 id=314 clt=2 wrkr=6 slot=9 size=17 src=client:2 dst=worker:6
event=hand_send ts_ns=18897112 id=313 clt=2 wrkr=3 slot=7 size=10 src=client:2 dst=worker:3
event=resp_recv_ud ts_ns=18938587 id=314 clt=2 wrkr=6 slot=9 size=41 src=worker:6 dst=client:2
event=hand_send ts_ns=18947234 id=314 clt=2 wrkr=6 slot=9 size=10 src=client:2 dst=worker:6
event=resp_rdma_read ts_ns=19334088 id=268 start_ns=16513990 dur_ns=2820098 clt=2 wrkr=0 slot=11 size=921608 src=worker:0 dst=client:2
event=req_send ts_ns=19334088 id=317 clt=2 wrkr=11 slot=8 size=17 src=client:2 dst=worker:11
event=resp_rdma_read ts_ns=19336351 id=270 start_ns=16527788 dur_ns=2808563 clt=2 wrkr=2 slot=8 size=921608 src=worker:2 dst=client:2
event=req_send ts_ns=19336351 id=318 clt=2 wrkr=6 slot=10 size=17 src=client:2 dst=worker:6
event=resp_recv_ud ts_ns=19379040 id=317 clt=2 wrkr=11 slot=8 size=41 src=worker:11 dst=client:2
event=hand_send ts_ns=19387687 id=317 clt=2 wrkr=11 slot=8 size=10 src=client:2 dst=worker:11
event=resp_recv_ud ts_ns=19391968 id=318 clt=2 wrkr=6 slot=10 size=41 src=worker:6 dst=client:2
event=hand_send ts_ns=19400615 id=318 clt=2 wrkr=6 slot=10 size=10 src=client:2 dst=worker:6
event=resp_rdma_read ts_ns=19779328 id=286 start_ns=17366301 dur_ns=2413027 clt=2 wrkr=2 slot=9 size=921608 src=worker:2 dst=client:2
event=req_send ts_ns=19779328 id=325 clt=2 wrkr=7 slot=7 size=17 src=client:2 dst=worker:7
event=resp_recv_ud ts_ns=19813679 id=325 clt=2 wrkr=7 slot=7 size=41 src=worker:7 dst=client:2
event=hand_send ts_ns=19822326 id=325 clt=2 wrkr=7 slot=7 size=10 src=client:2 dst=worker:7
event=resp_rdma_read ts_ns=19998211 id=277 start_ns=16965530 dur_ns=3032681 clt=2 wrkr=8 slot=9 size=921608 src=worker:8 dst=client:2
event=req_send ts_ns=19998211 id=329 clt=2 wrkr=7 slot=8 size=17 src=client:2 dst=worker:7
event=resp_recv_ud ts_ns=20053884 id=329 clt=2 wrkr=7 slot=8 size=41 src=worker:7 dst=client:2
event=hand_send ts_ns=20062531 id=329 clt=2 wrkr=7 slot=8 size=10 src=client:2 dst=worker:7
event=resp_rdma_read ts_ns=20300387 id=301 start_ns=18192535 dur_ns=2107852 clt=2 wrkr=3 slot=5 size=921608 src=worker:3 dst=client:2
event=req_send ts_ns=20300387 id=333 clt=2 wrkr=6 slot=11 size=17 src=client:2 dst=worker:6
event=resp_recv_ud ts_ns=20345603 id=333 clt=2 wrkr=6 slot=11 size=41 src=worker:6 dst=client:2
event=hand_send ts_ns=20354250 id=333 clt=2 wrkr=6 slot=11 size=10 src=client:2 dst=worker:6
event=resp_rdma_read ts_ns=20403764 id=285 start_ns=17322399 dur_ns=3081365 clt=2 wrkr=1 slot=8 size=921608 src=worker:1 dst=client:2
event=req_send ts_ns=20403764 id=336 clt=2 wrkr=8 slot=11 size=17 src=client:2 dst=worker:8
event=resp_recv_ud ts_ns=20456586 id=336 clt=2 wrkr=8 slot=11 size=41 src=worker:8 dst=client:2
event=hand_send ts_ns=20465233 id=336 clt=2 wrkr=8 slot=11 size=10 src=client:2 dst=worker:8
event=resp_rdma_read ts_ns=20488319 id=293 start_ns=17731465 dur_ns=2756854 clt=2 wrkr=1 slot=10 size=921608 src=worker:1 dst=client:2
event=req_send ts_ns=20488319 id=339 clt=2 wrkr=5 slot=4 size=17 src=client:2 dst=worker:5
event=resp_recv_ud ts_ns=20545187 id=339 clt=2 wrkr=5 slot=4 size=41 src=worker:5 dst=client:2
event=hand_send ts_ns=20553834 id=339 clt=2 wrkr=5 slot=4 size=10 src=client:2 dst=worker:5
event=resp_rdma_read ts_ns=20699475 id=296 start_ns=17967600 dur_ns=2731875 clt=2 wrkr=8 slot=10 size=921608 src=worker:8 dst=client:2
event=req_send ts_ns=20699475 id=346 clt=2 wrkr=0 slot=12 size=17 src=client:2 dst=worker:0
event=resp_rdma_read ts_ns=20750739 id=287 start_ns=17515935 dur_ns=3234804 clt=2 wrkr=1 slot=9 size=921608 src=worker:1 dst=client:2
event=req_send ts_ns=20750739 id=347 clt=2 wrkr=11 slot=9 size=17 src=client:2 dst=worker:11
event=resp_recv_ud ts_ns=20759101 id=346 clt=2 wrkr=0 slot=12 size=41 src=worker:0 dst=client:2
event=hand_send ts_ns=20767748 id=346 clt=2 wrkr=0 slot=12 size=10 src=client:2 dst=worker:0
event=resp_recv_ud ts_ns=20809836 id=347 clt=2 wrkr=11 slot=9 size=41 src=worker:11 dst=client:2
event=hand_send ts_ns=20818483 id=347 clt=2 wrkr=11 slot=9 size=10 src=client:2 dst=worker:11
event=resp_rdma_read ts_ns=21002299 id=308 start_ns=18524999 dur_ns=2477300 clt=2 wrkr=1 slot=11 size=921608 src=worker:1 dst=client:2
event=req_send ts_ns=21002299 id=352 clt=2 wrkr=10 slot=10 size=17 src=client:2 dst=worker:10
event=resp_recv_ud ts_ns=21063653 id=352 clt=2 wrkr=10 slot=10 size=41 src=worker:10 dst=client:2
event=hand_send ts_ns=21072300 id=352 clt=2 wrkr=10 slot=10 size=10 src=client:2 dst=worker:10
event=resp_rdma_read ts_ns=21080021 id=298 start_ns=18058608 dur_ns=3021413 clt=2 wrkr=10 slot=8 size=921608 src=worker:10 dst=client:2
event=req_send ts_ns=21080021 id=354 clt=2 wrkr=2 slot=10 size=17 src=client:2 dst=worker:2
event=resp_recv_ud ts_ns=21143504 id=354 clt=2 wrkr=2 slot=10 size=41 src=worker:2 dst=client:2
event=hand_send ts_ns=21152151 id=354 clt=2 wrkr=2 slot=10 size=10 src=client:2 dst=worker:2
event=resp_rdma_read ts_ns=21257966 id=314 start_ns=18947234 dur_ns=2310732 clt=2 wrkr=6 slot=9 size=921608 src=worker:6 dst=client:2
event=req_send ts_ns=21257966 id=356 clt=2 wrkr=11 slot=10 size=17 src=client:2 dst=worker:11
event=resp_rdma_read ts_ns=21291798 id=302 start_ns=18256315 dur_ns=3035483 clt=2 wrkr=3 slot=6 size=921608 src=worker:3 dst=client:2
event=req_send ts_ns=21291798 id=357 clt=2 wrkr=0 slot=13 size=17 src=client:2 dst=worker:0
event=resp_recv_ud ts_ns=21305275 id=356 clt=2 wrkr=11 slot=10 size=41 src=worker:11 dst=client:2
event=hand_send ts_ns=21313922 id=356 clt=2 wrkr=11 slot=10 size=10 src=client:2 dst=worker:11
event=resp_recv_ud ts_ns=21353070 id=357 clt=2 wrkr=0 slot=13 size=41 src=worker:0 dst=client:2
event=hand_send ts_ns=21361717 id=357 clt=2 wrkr=0 slot=13 size=10 src=client:2 dst=worker:0
event=resp_rdma_read ts_ns=21380154 id=306 start_ns=18491384 dur_ns=2888770 clt=2 wrkr=10 slot=9 size=921608 src=worker:10 dst=client:2
event=req_send ts_ns=21380154 id=358 clt=2 wrkr=2 slot=11 size=17 src=client:2 dst=worker:2
event=resp_recv_ud ts_ns=21427198 id=358 clt=2 wrkr=2 slot=11 size=41 src=worker:2 dst=client:2
event=hand_send ts_ns=21435845 id=358 clt=2 wrkr=2 slot=11 size=10 src=client:2 dst=worker:2
event=resp_rdma_read ts_ns=21563253 id=307 start_ns=18505980 dur_ns=3057273 clt=2 wrkr=4 slot=10 size=921608 src=worker:4 dst=client:2
event=req_send ts_ns=21563253 id=360 clt=2 wrkr=1 slot=12 size=17 src=client:2 dst=worker:1
event=resp_recv_ud ts_ns=21613606 id=360 clt=2 wrkr=1 slot=12 size=41 src=worker:1 dst=client:2
event=hand_send ts_ns=21622253 id=360 clt=2 wrkr=1 slot=12 size=10 src=client:2 dst=worker:1
event=resp_rdma_read ts_ns=21848339 id=317 start_ns=19387687 dur_ns=2460652 clt=2 wrkr=11 slot=8 size=921608 src=worker:11 dst=client:2
event=req_send ts_ns=21848339 id=364 clt=2 wrkr=0 slot=14 size=17 src=client:2 dst=worker:0
event=resp_recv_ud ts_ns=21896199 id=364 clt=2 wrkr=0 slot=14 size=41 src=worker:0 dst=client:2
event=hand_send ts_ns=21904846 id=364 clt=2 wrkr=0 slot=14 size=10 src=client:2 dst=worker:0
event=resp_rdma_read ts_ns=21959160 id=313 start_ns=18897112 dur_ns=3062048 clt=2 wrkr=3 slot=7 size=921608 src=worker:3 dst=client:2
event=req_send ts_ns=21959160 id=367 clt=2 wrkr=7 slot=9 size=17 src=client:2 dst=worker:7
event=resp_recv_ud ts_ns=22015599 id=367 clt=2 wrkr=7 slot=9 size=41 src=worker:7 dst=client:2
event=hand_send ts_ns=22024246 id=367 clt=2 wrkr=7 slot=9 size=10 src=client:2 dst=worker:7
event=resp_rdma_read ts_ns=22032651 id=318 start_ns=19400615 dur_ns=2632036 clt=2 wrkr=6 slot=10 size=921608 src=worker:6 dst=client:2
event=req_send ts_ns=22032651 id=368 clt=2 wrkr=5 slot=5 size=17 src=client:2 dst=worker:5
event=resp_recv_ud ts_ns=22086501 id=368 clt=2 wrkr=5 slot=5 size=41 src=worker:5 dst=client:2
event=hand_send ts_ns=22095148 id=368 clt=2 wrkr=5 slot=5 size=10 src=client:2 dst=worker:5
event=resp_rdma_read ts_ns=22338680 id=325 start_ns=19822326 dur_ns=2516354 clt=2 wrkr=7 slot=7 size=921608 src=worker:7 dst=client:2
event=req_send ts_ns=22338680 id=373 clt=2 wrkr=5 slot=6 size=17 src=client:2 dst=worker:5
event=resp_recv_ud ts_ns=22396761 id=373 clt=2 wrkr=5 slot=6 size=41 src=worker:5 dst=client:2
event=hand_send ts_ns=22405408 id=373 clt=2 wrkr=5 slot=6 size=10 src=client:2 dst=worker:5
event=resp_rdma_read ts_ns=22556840 id=333 start_ns=20354250 dur_ns=2202590 clt=2 wrkr=6 slot=11 size=921608 src=worker:6 dst=client:2
event=req_send ts_ns=22556840 id=376 clt=2 wrkr=5 slot=7 size=17 src=client:2 dst=worker:5
event=resp_recv_ud ts_ns=22598065 id=376 clt=2 wrkr=5 slot=7 size=41 src=worker:5 dst=client:2
event=hand_send ts_ns=22606712 id=376 clt=2 wrkr=5 slot=7 size=10 src=client:2 dst=worker:5
event=resp_rdma_read ts_ns=22648568 id=329 start_ns=20062531 dur_ns=2586037 clt=2 wrkr=7 slot=8 size=921608 src=worker:7 dst=client:2
event=req_send ts_ns=22648568 id=377 clt=2 wrkr=4 slot=11 size=17 src=client:2 dst=worker:4
event=resp_recv_ud ts_ns=22692710 id=377 clt=2 wrkr=4 slot=11 size=41 src=worker:4 dst=client:2
event=hand_send ts_ns=22701357 id=377 clt=2 wrkr=4 slot=11 size=10 src=client:2 dst=worker:4
event=resp_rdma_read ts_ns=23375790 id=336 start_ns=20465233 dur_ns=2910557 clt=2 wrkr=8 slot=11 size=921608 src=worker:8 dst=client:2
event=req_send ts_ns=23375790 id=385 clt=2 wrkr=6 slot=12 size=17 src=client:2 dst=worker:6
event=resp_recv_ud ts_ns=23431376 id=385 clt=2 wrkr=6 slot=12 size=41 src=worker:6 dst=client:2
event=hand_send ts_ns=23440023 id=385 clt=2 wrkr=6 slot=12 size=10 src=client:2 dst=worker:6
event=resp_rdma_read ts_ns=23530944 id=339 start_ns=20553834 dur_ns=2977110 clt=2 wrkr=5 slot=4 size=921608 src=worker:5 dst=client:2
event=req_send ts_ns=23530944 id=389 clt=2 wrkr=3 slot=8 size=17 src=client:2 dst=worker:3
event=resp_recv_ud ts_ns=23584819 id=389 clt=2 wrkr=3 slot=8 size=41 src=worker:3 dst=client:2
event=hand_send ts_ns=23593466 id=389 clt=2 wrkr=3 slot=8 size=10 src=client:2 dst=worker:3
event=resp_rdma_read ts_ns=23631964 id=358 start_ns=21435845 dur_ns=2196119 clt=2 wrkr=2 slot=11 size=921608 src=worker:2 dst=client:2
event=req_send ts_ns=23631964 id=391 clt=2 wrkr=0 slot=15 size=17 src=client:2 dst=worker:0
event=resp_recv_ud ts_ns=23689694 id=391 clt=2 wrkr=0 slot=15 size=41 src=worker:0 dst=client:2
event=hand_send ts_ns=23698341 id=391 clt=2 wrkr=0 slot=15 size=10 src=client:2 dst=worker:0
event=resp_rdma_read ts_ns=23858402 id=346 start_ns=20767748 dur_ns=3090654 clt=2 wrkr=0 slot=12 size=921608 src=worker:0 dst=client:2
event=req_send ts_ns=23858402 id=397 clt=2 wrkr=10 slot=11 size=17 src=client:2 dst=worker:10
event=resp_recv_ud ts_ns=23914135 id=397 clt=2 wrkr=10 slot=11 size=41 src=worker:10 dst=client:2
event=hand_send ts_ns=23922782 id=397 clt=2 wrkr=10 slot=11 size=10 src=client:2 dst=worker:10
event=resp_rdma_read ts_ns=24069214 id=354 start_ns=21152151 dur_ns=2917063 clt=2 wrkr=2 slot=10 size=921608 src=worker:2 dst=client:2
event=req_send ts_ns=24069214 id=403 clt=2 wrkr=3 slot=9 size=17 src=client:2 dst=worker:3
event=resp_rdma_read ts_ns=24084061 id=347 start_ns=20818483 dur_ns=3265578 clt=2 wrkr=11 slot=9 size=921608 src=worker:11 dst=client:2
event=req_send ts_ns=24084061 id=404 clt=2 wrkr=0 slot=0 size=17 src=client:2 dst=worker:0
event=resp_recv_ud ts_ns=24131886 id=403 clt=2 wrkr=3 slot=9 size=41 src=worker:3 dst=client:2
event=resp_rdma_read ts_ns=24137814 id=352 start_ns=21072300 dur_ns=3065514 clt=2 wrkr=10 slot=10 size=921608 src=worker:10 dst=client:2
event=req_send ts_ns=24137814 id=406 clt=2 wrkr=10 slot=12 size=17 src=client:2 dst=worker:10
event=hand_send ts_ns=24140533 id=403 clt=2 wrkr=3 slot=9 size=10 src=client:2 dst=worker:3
event=resp_recv_ud ts_ns=24146043 id=404 clt=2 wrkr=0 slot=0 size=41 src=worker:0 dst=client:2
event=hand_send ts_ns=24154690 id=404 clt=2 wrkr=0 slot=0 size=10 src=client:2 dst=worker:0
event=resp_recv_ud ts_ns=24201121 id=406 clt=2 wrkr=10 slot=12 size=41 src=worker:10 dst=client:2
event=hand_send ts_ns=24209768 id=406 clt=2 wrkr=10 slot=12 size=10 src=client:2 dst=worker:10
event=resp_rdma_read ts_ns=24366331 id=356 start_ns=21313922 dur_ns=3052409 clt=2 wrkr=11 slot=10 size=921608 src=worker:11 dst=client:2
event=req_send ts_ns=24366331 id=407 clt=2 wrkr=9 slot=5 size=17 src=client:2 dst=worker:9
event=resp_rdma_read ts_ns=24392596 id=360 start_ns=21622253 dur_ns=2770343 clt=2 wrkr=1 slot=12 size=921608 src=worker:1 dst=client:2
event=req_send ts_ns=24392596 id=408 clt=2 wrkr=3 slot=10 size=17 src=client:2 dst=worker:3
event=resp_recv_ud ts_ns=24406415 id=407 clt=2 wrkr=9 slot=5 size=41 src=worker:9 dst=client:2
event=hand_send ts_ns=24415062 id=407 clt=2 wrkr=9 slot=5 size=10 src=client:2 dst=worker:9
event=resp_recv_ud ts_ns=24455919 id=408 clt=2 wrkr=3 slot=10 size=41 src=worker:3 dst=client:2
event=hand_send ts_ns=24464566 id=408 clt=2 wrkr=3 slot=10 size=10 src=client:2 dst=worker:3
event=resp_rdma_read ts_ns=24510134 id=357 start_ns=21361717 dur_ns=3148417 clt=2 wrkr=0 slot=13 size=921608 src=worker:0 dst=client:2
event=req_send ts_ns=24510134 id=409 clt=2 wrkr=1 slot=13 size=17 src=client:2 dst=worker:1
event=resp_recv_ud ts_ns=24568903 id=409 clt=2 wrkr=1 slot=13 size=41 src=worker:1 dst=client:2
event=hand_send ts_ns=24577550 id=409 clt=2 wrkr=1 slot=13 size=10 src=client:2 dst=worker:1
event=resp_rdma_read ts_ns=24742777 id=364 start_ns=21904846 dur_ns=2837931 clt=2 wrkr=0 slot=14 size=921608 src=worker:0 dst=client:2
event=req_send ts_ns=24742777 id=414 clt=2 wrkr=2 slot=12 size=17 src=client:2 dst=worker:2
event=resp_recv_ud ts_ns=24790393 id=414 clt=2 wrkr=2 slot=12 size=41 src=worker:2 dst=client:2
event=hand_send ts_ns=24799040 id=414 clt=2 wrkr=2 slot=12 size=10 src=client:2 dst=worker:2
event=resp_rdma_read ts_ns=24876488 id=368 start_ns=22095148 dur_ns=2781340 clt=2 wrkr=5 slot=5 size=921608 src=worker:5 dst=client:2
event=req_send ts_ns=24876488 id=417 clt=2 wrkr=6 slot=13 size=17 src=client:2 dst=worker:6
event=resp_rdma_read ts_ns=24891856 id=367 start_ns=22024246 dur_ns=2867610 clt=2 wrkr=7 slot=9 size=921608 src=worker:7 dst=client:2
event=req_send ts_ns=24891856 id=418 clt=2 wrkr=4 slot=12 size=17 src=client:2 dst=worker:4
event=resp_recv_ud ts_ns=24930281 id=417 clt=2 wrkr=6 slot=13 size=41 src=worker:6 dst=client:2
event=hand_send ts_ns=24938928 id=417 clt=2 wrkr=6 slot=13 size=10 src=client:2 dst=worker:6
event=resp_recv_ud ts_ns=24948153 id=418 clt=2 wrkr=4 slot=12 size=41 src=worker:4 dst=client:2
event=hand_send ts_ns=24956800 id=418 clt=2 wrkr=4 slot=12 size=10 src=client:2 dst=worker:4
event=resp_rdma_read ts_ns=25003475 id=377 start_ns=22701357 dur_ns=2302118 clt=2 wrkr=4 slot=11 size=921608 src=worker:4 dst=client:2
event=req_send ts_ns=25003475 id=420 clt=2 wrkr=5 slot=8 size=17 src=client:2 dst=worker:5
event=resp_recv_ud ts_ns=25050227 id=420 clt=2 wrkr=5 slot=8 size=41 src=worker:5 dst=client:2
event=hand_send ts_ns=25058874 id=420 clt=2 wrkr=5 slot=8 size=10 src=client:2 dst=worker:5
event=resp_rdma_read ts_ns=25101070 id=376 start_ns=22606712 dur_ns=2494358 clt=2 wrkr=5 slot=7 size=921608 src=worker:5 dst=client:2
event=req_send ts_ns=25101070 id=421 clt=2 wrkr=11 slot=11 size=17 src=client:2 dst=worker:11
event=resp_recv_ud ts_ns=25144624 id=421 clt=2 wrkr=11 slot=11 size=41 src=worker:11 dst=client:2
event=hand_send ts_ns=25153271 id=421 clt=2 wrkr=11 slot=11 size=10 src=client:2 dst=worker:11
event=resp_rdma_read ts_ns=25348578 id=373 start_ns=22405408 dur_ns=2943170 clt=2 wrkr=5 slot=6 size=921608 src=worker:5 dst=client:2
event=req_send ts_ns=25348578 id=423 clt=2 wrkr=5 slot=9 size=17 src=client:2 dst=worker:5
event=resp_recv_ud ts_ns=25402958 id=423 clt=2 wrkr=5 slot=9 size=41 src=worker:5 dst=client:2
event=hand_send ts_ns=25411605 id=423 clt=2 wrkr=5 slot=9 size=10 src=client:2 dst=worker:5
event=resp_rdma_read ts_ns=26009093 id=389 start_ns=23593466 dur_ns=2415627 clt=2 wrkr=3 slot=8 size=921608 src=worker:3 dst=client:2
event=req_send ts_ns=26009093 id=433 clt=2 wrkr=8 slot=12 size=17 src=client:2 dst=worker:8
event=resp_recv_ud ts_ns=26054285 id=433 clt=2 wrkr=8 slot=12 size=41 src=worker:8 dst=client:2
event=hand_send ts_ns=26062932 id=433 clt=2 wrkr=8 slot=12 size=10 src=client:2 dst=worker:8
event=resp_rdma_read ts_ns=26283144 id=385 start_ns=23440023 dur_ns=2843121 clt=2 wrkr=6 slot=12 size=921608 src=worker:6 dst=client:2
event=req_send ts_ns=26283144 id=435 clt=2 wrkr=6 slot=14 size=17 src=client:2 dst=worker:6
event=resp_recv_ud ts_ns=26316967 id=435 clt=2 wrkr=6 slot=14 size=41 src=worker:6 dst=client:2
event=hand_send ts_ns=26325614 id=435 clt=2 wrkr=6 slot=14 size=10 src=client:2 dst=worker:6
event=resp_rdma_read ts_ns=26670440 id=391 start_ns=23698341 dur_ns=2972099 clt=2 wrkr=0 slot=15 size=921608 src=worker:0 dst=client:2
event=req_send ts_ns=26670440 id=439 clt=2 wrkr=11 slot=12 size=17 src=client:2 dst=worker:11
event=resp_recv_ud ts_ns=26703948 id=439 clt=2 wrkr=11 slot=12 size=41 src=worker:11 dst=client:2
event=hand_send ts_ns=26712595 id=439 clt=2 wrkr=11 slot=12 size=10 src=client:2 dst=worker:11
event=resp_rdma_read ts_ns=26919344 id=408 start_ns=24464566 dur_ns=2454778 clt=2 wrkr=3 slot=10 size=921608 src=worker:3 dst=client:2
event=req_send ts_ns=26919344 id=445 clt=2 wrkr=10 slot=13 size=17 src=client:2 dst=worker:10
event=resp_recv_ud ts_ns=26975366 id=445 clt=2 wrkr=10 slot=13 size=41 src=worker:10 dst=client:2
event=hand_send ts_ns=26984013 id=445 clt=2 wrkr=10 slot=13 size=10 src=client:2 dst=worker:10
event=resp_rdma_read ts_ns=27132058 id=397 start_ns=23922782 dur_ns=3209276 clt=2 wrkr=10 slot=11 size=921608 src=worker:10 dst=client:2
event=req_send ts_ns=27132058 id=449 clt=2 wrkr=8 slot=13 size=17 src=client:2 dst=worker:8
event=resp_recv_ud ts_ns=27190865 id=449 clt=2 wrkr=8 slot=13 size=41 src=worker:8 dst=client:2
event=hand_send ts_ns=27199512 id=449 clt=2 wrkr=8 slot=13 size=10 src=client:2 dst=worker:8
event=resp_rdma_read ts_ns=27267822 id=406 start_ns=24209768 dur_ns=3058054 clt=2 wrkr=10 slot=12 size=921608 src=worker:10 dst=client:2
event=req_send ts_ns=27267822 id=453 clt=2 wrkr=10 slot=14 size=17 src=client:2 dst=worker:10
event=resp_rdma_read ts_ns=27307727 id=418 start_ns=24956800 dur_ns=2350927 clt=2 wrkr=4 slot=12 size=921608 src=worker:4 dst=client:2
event=req_send ts_ns=27307727 id=456 clt=2 wrkr=5 slot=10 size=17 src=client:2 dst=worker:5
event=resp_recv_ud ts_ns=27326432 id=453 clt=2 wrkr=10 slot=14 size=41 src=worker:10 dst=client:2
event=hand_send ts_ns=27335079 id=453 clt=2 wrkr=10 slot=14 size=10 src=client:2 dst=worker:10
event=resp_recv_ud ts_ns=27368635 id=456 clt=2 wrkr=5 slot=10 size=41 src=worker:5 dst=client:2
event=hand_send ts_ns=27377282 id=456 clt=2 wrkr=5 slot=10 size=10 src=client:2 dst=worker:5
event=resp_rdma_read ts_ns=27422236 id=420 start_ns=25058874 dur_ns=2363362 clt=2 wrkr=5 slot=8 size=921608 src=worker:5 dst=client:2
event=req_send ts_ns=27422236 id=458 clt=2 wrkr=4 slot=13 size=17 src=client:2 dst=worker:4
event=resp_rdma_read ts_ns=27440547 id=421 start_ns=25153271 dur_ns=2287276 clt=2 wrkr=11 slot=11 size=921608 src=worker:11 dst=client:2
event=req_send ts_ns=27440547 id=459 clt=2 wrkr=8 slot=14 size=17 src=client:2 dst=worker:8
event=resp_rdma_read ts_ns=27482252 id=403 start_ns=24140533 dur_ns=3341719 clt=2 wrkr=3 slot=9 size=921608 src=worker:3 dst=client:2
event=req_send ts_ns=27482252 id=461 clt=2 wrkr=10 slot=15 size=17 src=client:2 dst=worker:10
event=resp_recv_ud ts_ns=27483758 id=458 clt=2 wrkr=4 slot=13 size=41 src=worker:4 dst=client:2
event=hand_send ts_ns=27492405 id=458 clt=2 wrkr=4 slot=13 size=10 src=client:2 dst=worker:4
event=resp_recv_ud ts_ns=27502347 id=459 clt=2 wrkr=8 slot=14 size=41 src=worker:8 dst=client:2
event=hand_send ts_ns=27510994 id=459 clt=2 wrkr=8 slot=14 size=10 src=client:2 dst=worker:8
event=resp_rdma_read ts_ns=27528796 id=409 start_ns=24577550 dur_ns=2951246 clt=2 wrkr=1 slot=13 size=921608 src=worker:1 dst=client:2
event=req_send ts_ns=27528796 id=463 clt=2 wrkr=9 slot=6 size=17 src=client:2 dst=worker:9
event=resp_rdma_read ts_ns=27538526 id=404 start_ns=24154690 dur_ns=3383836 clt=2 wrkr=0 slot=0 size=921608 src=worker:0 dst=client:2
event=req_send ts_ns=27538526 id=464 clt=2 wrkr=7 slot=10 size=17 src=client:2 dst=worker:7
event=resp_recv_ud ts_ns=27545589 id=461 clt=2 wrkr=10 slot=15 size=41 src=worker:10 dst=client:2
event=hand_send ts_ns=27554236 id=461 clt=2 wrkr=10 slot=15 size=10 src=client:2 dst=worker:10
event=resp_recv_ud ts_ns=27592834 id=463 clt=2 wrkr=9 slot=6 size=41 src=worker:9 dst=client:2
event=resp_rdma_read ts_ns=27593138 id=407 start_ns=24415062 dur_ns=3178076 clt=2 wrkr=9 slot=5 size=921608 src=worker:9 dst=client:2
event=req_send ts_ns=27593138 id=465 clt=2 wrkr=1 slot=14 size=17 src=client:2 dst=worker:1
event=hand_send ts_ns=27601481 id=463 clt=2 wrkr=9 slot=6 size=10 src=client:2 dst=worker:9
event=resp_recv_ud ts_ns=27602386 id=464 clt=2 wrkr=7 slot=10 size=41 src=worker:7 dst=client:2
event=hand_send ts_ns=27611033 id=464 clt=2 wrkr=7 slot=10 size=10 src=client:2 dst=worker:7
event=resp_recv_ud ts_ns=27657860 id=465 clt=2 wrkr=1 slot=14 size=41 src=worker:1 dst=client:2
event=hand_send ts_ns=27666507 id=465 clt=2 wrkr=1 slot=14 size=10 src=client:2 dst=worker:1
event=resp_rdma_read ts_ns=27716383 id=414 start_ns=24799040 dur_ns=2917343 clt=2 wrkr=2 slot=12 size=921608 src=worker:2 dst=client:2
event=req_send ts_ns=27716383 id=467 clt=2 wrkr=5 slot=11 size=17 src=client:2 dst=worker:5
event=resp_recv_ud ts_ns=27782668 id=467 clt=2 wrkr=5 slot=11 size=41 src=worker:5 dst=client:2
event=hand_send ts_ns=27791315 id=467 clt=2 wrkr=5 slot=11 size=10 src=client:2 dst=worker:5
event=resp_rdma_read ts_ns=27861150 id=417 start_ns=24938928 dur_ns=2922222 clt=2 wrkr=6 slot=13 size=921608 src=worker:6 dst=client:2
event=req_send ts_ns=27861150 id=469 clt=2 wrkr=4 slot=14 size=17 src=client:2 dst=worker:4
event=resp_recv_ud ts_ns=27921843 id=469 clt=2 wrkr=4 slot=14 size=41 src=worker:4 dst=client:2
event=hand_send ts_ns=27930490 id=469 clt=2 wrkr=4 slot=14 size=10 src=client:2 dst=worker:4
event=resp_rdma_read ts_ns=28277411 id=423 start_ns=25411605 dur_ns=2865806 clt=2 wrkr=5 slot=9 size=921608 src=worker:5 dst=client:2
event=req_send ts_ns=28277411 id=475 clt=2 wrkr=5 slot=12 size=17 src=client:2 dst=worker:5
event=resp_recv_ud ts_ns=28332937 id=475 clt=2 wrkr=5 slot=12 size=41 src=worker:5 dst=client:2
event=hand_send ts_ns=28341584 id=475 clt=2 wrkr=5 slot=12 size=10 src=client:2 dst=worker:5
event=resp_rdma_read ts_ns=28577546 id=433 start_ns=26062932 dur_ns=2514614 clt=2 wrkr=8 slot=12 size=921608 src=worker:8 dst=client:2
event=req_send ts_ns=28577546 id=479 clt=2 wrkr=5 slot=13 size=17 src=client:2 dst=worker:5
event=resp_recv_ud ts_ns=28613595 id=479 clt=2 wrkr=5 slot=13 size=41 src=worker:5 dst=client:2
event=hand_send ts_ns=28622242 id=479 clt=2 wrkr=5 slot=13 size=10 src=client:2 dst=worker:5
event=resp_rdma_read ts_ns=28758976 id=435 start_ns=26325614 dur_ns=2433362 clt=2 wrkr=6 slot=14 size=921608 src=worker:6 dst=client:2
event=req_send ts_ns=28758976 id=480 clt=2 wrkr=7 slot=11 size=17 src=client:2 dst=worker:7
event=resp_recv_ud ts_ns=28797176 id=480 clt=2 wrkr=7 slot=11 size=41 src=worker:7 dst=client:2
event=hand_send ts_ns=28805823 id=480 clt=2 wrkr=7 slot=11 size=10 src=client:2 dst=worker:7
event=resp_rdma_read ts_ns=29244822 id=439 start_ns=26712595 dur_ns=2532227 clt=2 wrkr=11 slot=12 size=921608 src=worker:11 dst=client:2
event=req_send ts_ns=29244822 id=485 clt=2 wrkr=4 slot=15 size=17 src=client:2 dst=worker:4
event=resp_recv_ud ts_ns=29279301 id=485 clt=2 wrkr=4 slot=15 size=41 src=worker:4 dst=client:2
event=hand_send ts_ns=29287948 id=485 clt=2 wrkr=4 slot=15 size=10 src=client:2 dst=worker:4
event=resp_rdma_read ts_ns=29760350 id=445 start_ns=26984013 dur_ns=2776337 clt=2 wrkr=10 slot=13 size=921608 src=worker:10 dst=client:2
event=req_send ts_ns=29760350 id=492 clt=2 wrkr=11 slot=13 size=17 src=client:2 dst=worker:11
event=resp_recv_ud ts_ns=29813034 id=492 clt=2 wrkr=11 slot=13 size=41 src=worker:11 dst=client:2
event=hand_send ts_ns=29821681 id=492 clt=2 wrkr=11 slot=13 size=10 src=client:2 dst=worker:11
event=resp_rdma_read ts_ns=30232373 id=449 start_ns=27199512 dur_ns=3032861 clt=2 wrkr=8 slot=13 size=921608 src=worker:8 dst=client:2
event=req_send ts_ns=30232373 id=499 clt=2 wrkr=1 slot=15 size=17 src=client:2 dst=worker:1
event=resp_recv_ud ts_ns=30277219 id=499 clt=2 wrkr=1 slot=15 size=41 src=worker:1 dst=client:2
event=hand_send ts_ns=30285866 id=499 clt=2 wrkr=1 slot=15 size=10 src=client:2 dst=worker:1
event=resp_rdma_read ts_ns=30302004 id=453 start_ns=27335079 dur_ns=2966925 clt=2 wrkr=10 slot=14 size=921608 src=worker:10 dst=client:2
event=req_send ts_ns=30302004 id=500 clt=2 wrkr=0 slot=1 size=17 src=client:2 dst=worker:0
event=resp_rdma_read ts_ns=30354377 id=465 start_ns=27666507 dur_ns=2687870 clt=2 wrkr=1 slot=14 size=921608 src=worker:1 dst=client:2
event=req_send ts_ns=30354377 id=502 clt=2 wrkr=7 slot=12 size=17 src=client:2 dst=worker:7
event=resp_recv_ud ts_ns=30357065 id=500 clt=2 wrkr=0 slot=1 size=41 src=worker:0 dst=client:2
event=hand_send ts_ns=30365712 id=500 clt=2 wrkr=0 slot=1 size=10 src=client:2 dst=worker:0
event=resp_recv_ud ts_ns=30402828 id=502 clt=2 wrkr=7 slot=12 size=41 src=worker:7 dst=client:2
event=hand_send ts_ns=30411475 id=502 clt=2 wrkr=7 slot=12 size=10 src=client:2 dst=worker:7
event=resp_rdma_read ts_ns=30458364 id=456 start_ns=27377282 dur_ns=3081082 clt=2 wrkr=5 slot=10 size=921608 src=worker:5 dst=client:2
event=req_send ts_ns=30458364 id=504 clt=2 wrkr=10 slot=0 size=17 src=client:2 dst=worker:10
event=resp_recv_ud ts_ns=30508989 id=504 clt=2 wrkr=10 slot=0 size=41 src=worker:10 dst=client:2
event=hand_send ts_ns=30517636 id=504 clt=2 wrkr=10 slot=0 size=10 src=client:2 dst=worker:10
event=resp_rdma_read ts_ns=30874605 id=459 start_ns=27510994 dur_ns=3363611 clt=2 wrkr=8 slot=14 size=921608 src=worker:8 dst=client:2
event=req_send ts_ns=30874605 id=511 clt=2 wrkr=9 slot=7 size=17 src=client:2 dst=worker:9
event=resp_rdma_read ts_ns=30912498 id=458 start_ns=27492405 dur_ns=3420093 clt=2 wrkr=4 slot=13 size=921608 src=worker:4 dst=client:2
event=req_send ts_ns=30912498 id=513 clt=2 wrkr=11 slot=14 size=17 src=client:2 dst=worker:11
event=resp_recv_ud ts_ns=30933561 id=511 clt=2 wrkr=9 slot=7 size=41 src=worker:9 dst=client:2
event=hand_send ts_ns=30942208 id=511 clt=2 wrkr=9 slot=7 size=10 src=client:2 dst=worker:9
event=resp_recv_ud ts_ns=30970695 id=513 clt=2 wrkr=11 slot=14 size=41 src=worker:11 dst=client:2
event=hand_send ts_ns=30979342 id=513 clt=2 wrkr=11 slot=14 size=10 src=client:2 dst=worker:11
event=resp_rdma_read ts_ns=31114333 id=461 start_ns=27554236 dur_ns=3560097 clt=2 wrkr=10 slot=15 size=921608 src=worker:10 dst=client:2
event=req_send ts_ns=31114333 id=516 clt=2 wrkr=4 slot=0 size=17 src=client:2 dst=worker:4
event=resp_rdma_read ts_ns=31128887 id=463 start_ns=27601481 dur_ns=3527406 clt=2 wrkr=9 slot=6 size=921608 src=worker:9 dst=client:2
event=req_send ts_ns=31128887 id=517 clt=2 wrkr=7 slot=13 size=17 src=client:2 dst=worker:7
event=resp_rdma_read ts_ns=31140946 id=464 start_ns=27611033 dur_ns=3529913 clt=2 wrkr=7 slot=10 size=921608 src=worker:7 dst=client:2
event=req_send ts_ns=31140946 id=518 clt=2 wrkr=2 slot=13 size=17 src=client:2 dst=worker:2
event=resp_rdma_read ts_ns=31151767 id=479 start_ns=28622242 dur_ns=2529525 clt=2 wrkr=5 slot=13 size=921608 src=worker:5 dst=client:2
event=req_send ts_ns=31151767 id=519 clt=2 wrkr=7 slot=14 size=17 src=client:2 dst=worker:7
event=resp_rdma_read ts_ns=31156602 id=475 start_ns=28341584 dur_ns=2815018 clt=2 wrkr=5 slot=12 size=921608 src=worker:5 dst=client:2
event=req_send ts_ns=31156602 id=520 clt=2 wrkr=3 slot=11 size=17 src=client:2 dst=worker:3
event=resp_recv_ud ts_ns=31173331 id=516 clt=2 wrkr=4 slot=0 size=41 src=worker:4 dst=client:2
event=resp_rdma_read ts_ns=31176659 id=469 start_ns=27930490 dur_ns=3246169 clt=2 wrkr=4 slot=14 size=921608 src=worker:4 dst=client:2
event=req_send ts_ns=31176659 id=521 clt=2 wrkr=3 slot=12 size=17 src=client:2 dst=worker:3
event=hand_send ts_ns=31181978 id=516 clt=2 wrkr=4 slot=0 size=10 src=client:2 dst=worker:4
event=resp_recv_ud ts_ns=31187987 id=517 clt=2 wrkr=7 slot=13 size=41 src=worker:7 dst=client:2
event=hand_send ts_ns=31196634 id=517 clt=2 wrkr=7 slot=13 size=10 src=client:2 dst=worker:7
event=resp_recv_ud ts_ns=31199998 id=518 clt=2 wrkr=2 slot=13 size=41 src=worker:2 dst=client:2
event=hand_send ts_ns=31208645 id=518 clt=2 wrkr=2 slot=13 size=10 src=client:2 dst=worker:2
event=resp_recv_ud ts_ns=31211905 id=519 clt=2 wrkr=7 slot=14 size=41 src=worker:7 dst=client:2
event=resp_recv_ud ts_ns=31216759 id=520 clt=2 wrkr=3 slot=11 size=41 src=worker:3 dst=client:2
event=hand_send ts_ns=31220552 id=519 clt=2 wrkr=7 slot=14 size=10 src=client:2 dst=worker:7
event=hand_send ts_ns=31225406 id=520 clt=2 wrkr=3 slot=11 size=10 src=client:2 dst=worker:3
event=resp_recv_ud ts_ns=31236440 id=521 clt=2 wrkr=3 slot=12 size=41 src=worker:3 dst=client:2
event=hand_send ts_ns=31245087 id=521 clt=2 wrkr=3 slot=12 size=10 src=client:2 dst=worker:3
event=resp_rdma_read ts_ns=31333470 id=467 start_ns=27791315 dur_ns=3542155 clt=2 wrkr=5 slot=11 size=921608 src=worker:5 dst=client:2
event=req_send ts_ns=31333470 id=526 clt=2 wrkr=3 slot=13 size=17 src=client:2 dst=worker:3
event=resp_rdma_read ts_ns=31388067 id=480 start_ns=28805823 dur_ns=2582244 clt=2 wrkr=7 slot=11 size=921608 src=worker:7 dst=client:2
event=req_send ts_ns=31388067 id=528 clt=2 wrkr=2 slot=14 size=17 src=client:2 dst=worker:2
event=resp_recv_ud ts_ns=31396651 id=526 clt=2 wrkr=3 slot=13 size=41 src=worker:3 dst=client:2
event=hand_send ts_ns=31405298 id=526 clt=2 wrkr=3 slot=13 size=10 src=client:2 dst=worker:3
event=resp_recv_ud ts_ns=31451710 id=528 clt=2 wrkr=2 slot=14 size=41 src=worker:2 dst=client:2
event=hand_send ts_ns=31460357 id=528 clt=2 wrkr=2 slot=14 size=10 src=client:2 dst=worker:2
event=resp_rdma_read ts_ns=31718537 id=485 start_ns=29287948 dur_ns=2430589 clt=2 wrkr=4 slot=15 size=921608 src=worker:4 dst=client:2
event=req_send ts_ns=31718537 id=534 clt=2 wrkr=3 slot=14 size=17 src=client:2 dst=worker:3
event=resp_recv_ud ts_ns=31768300 id=534 clt=2 wrkr=3 slot=14 size=41 src=worker:3 dst=client:2
event=hand_send ts_ns=31776947 id=534 clt=2 wrkr=3 slot=14 size=10 src=client:2 dst=worker:3
event=resp_rdma_read ts_ns=32678327 id=492 start_ns=29821681 dur_ns=2856646 clt=2 wrkr=11 slot=13 size=921608 src=worker:11 dst=client:2
event=req_send ts_ns=32678327 id=546 clt=2 wrkr=11 slot=15 size=17 src=client:2 dst=worker:11
event=resp_recv_ud ts_ns=32712626 id=546 clt=2 wrkr=11 slot=15 size=41 src=worker:11 dst=client:2
event=hand_send ts_ns=32721273 id=546 clt=2 wrkr=11 slot=15 size=10 src=client:2 dst=worker:11
event=resp_rdma_read ts_ns=33139219 id=499 start_ns=30285866 dur_ns=2853353 clt=2 wrkr=1 slot=15 size=921608 src=worker:1 dst=client:2
event=req_send ts_ns=33139219 id=549 clt=2 wrkr=7 slot=15 size=17 src=client:2 dst=worker:7
event=resp_recv_ud ts_ns=33176082 id=549 clt=2 wrkr=7 slot=15 size=41 src=worker:7 dst=client:2
event=hand_send ts_ns=33184729 id=549 clt=2 wrkr=7 slot=15 size=10 src=client:2 dst=worker:7
event=resp_rdma_read ts_ns=33220344 id=500 start_ns=30365712 dur_ns=2854632 clt=2 wrkr=0 slot=1 size=921608 src=worker:0 dst=client:2
event=req_send ts_ns=33220344 id=550 clt=2 wrkr=10 slot=1 size=17 src=client:2 dst=worker:10
event=resp_recv_ud ts_ns=33262355 id=550 clt=2 wrkr=10 slot=1 size=41 src=worker:10 dst=client:2
event=hand_send ts_ns=33271002 id=550 clt=2 wrkr=10 slot=1 size=10 src=client:2 dst=worker:10
event=resp_rdma_read ts_ns=33274686 id=502 start_ns=30411475 dur_ns=2863211 clt=2 wrkr=7 slot=12 size=921608 src=worker:7 dst=client:2
event=req_send ts_ns=33274686 id=552 clt=2 wrkr=11 slot=0 size=17 src=client:2 dst=worker:11
event=resp_recv_ud ts_ns=33330491 id=552 clt=2 wrkr=11 slot=0 size=41 src=worker:11 dst=client:2
event=hand_send ts_ns=33339138 id=552 clt=2 wrkr=11 slot=0 size=10 src=client:2 dst=worker:11
event=resp_rdma_read ts_ns=33458751 id=504 start_ns=30517636 dur_ns=2941115 clt=2 wrkr=10 slot=0 size=921608 src=worker:10 dst=client:2
event=req_send ts_ns=33458751 id=553 clt=2 wrkr=4 slot=1 size=17 src=client:2 dst=worker:4
event=resp_recv_ud ts_ns=33492292 id=553 clt=2 wrkr=4 slot=1 size=41 src=worker:4 dst=client:2
event=hand_send ts_ns=33500939 id=553 clt=2 wrkr=4 slot=1 size=10 src=client:2 dst=worker:4
event=resp_rdma_read ts_ns=33808869 id=511 start_ns=30942208 dur_ns=2866661 clt=2 wrkr=9 slot=7 size=921608 src=worker:9 dst=client:2
event=req_send ts_ns=33808869 id=560 clt=2 wrkr=7 slot=0 size=17 src=client:2 dst=worker:7
event=resp_rdma_read ts_ns=33820707 id=513 start_ns=30979342 dur_ns=2841365 clt=2 wrkr=11 slot=14 size=921608 src=worker:11 dst=client:2
event=req_send ts_ns=33820707 id=561 clt=2 wrkr=1 slot=0 size=17 src=client:2 dst=worker:1
event=resp_recv_ud ts_ns=33860664 id=560 clt=2 wrkr=7 slot=0 size=41 src=worker:7 dst=client:2
event=hand_send ts_ns=33869311 id=560 clt=2 wrkr=7 slot=0 size=10 src=client:2 dst=worker:7
event=resp_recv_ud ts_ns=33878540 id=561 clt=2 wrkr=1 slot=0 size=41 src=worker:1 dst=client:2
event=hand_send ts_ns=33887187 id=561 clt=2 wrkr=1 slot=0 size=10 src=client:2 dst=worker:1
event=resp_rdma_read ts_ns=34079024 id=516 start_ns=31181978 dur_ns=2897046 clt=2 wrkr=4 slot=0 size=921608 src=worker:4 dst=client:2
event=req_send ts_ns=34079024 id=564 clt=2 wrkr=9 slot=8 size=17 src=client:2 dst=worker:9
event=resp_recv_ud ts_ns=34135091 id=564 clt=2 wrkr=9 slot=8 size=41 src=worker:9 dst=client:2
event=hand_send ts_ns=34143738 id=564 clt=2 wrkr=9 slot=8 size=10 src=client:2 dst=worker:9
event=resp_rdma_read ts_ns=34251377 id=534 start_ns=31776947 dur_ns=2474430 clt=2 wrkr=3 slot=14 size=921608 src=worker:3 dst=client:2
event=req_send ts_ns=34251377 id=565 clt=2 wrkr=4 slot=2 size=17 src=client:2 dst=worker:4
event=resp_rdma_read ts_ns=34261344 id=518 start_ns=31208645 dur_ns=3052699 clt=2 wrkr=2 slot=13 size=921608 src=worker:2 dst=client:2
event=req_send ts_ns=34261344 id=566 clt=2 wrkr=7 slot=1 size=17 src=client:2 dst=worker:7
event=resp_recv_ud ts_ns=34289936 id=565 clt=2 wrkr=4 slot=2 size=41 src=worker:4 dst=client:2
event=hand_send ts_ns=34298583 id=565 clt=2 wrkr=4 slot=2 size=10 src=client:2 dst=worker:4
event=resp_recv_ud ts_ns=34309108 id=566 clt=2 wrkr=7 slot=1 size=41 src=worker:7 dst=client:2
event=hand_send ts_ns=34317755 id=566 clt=2 wrkr=7 slot=1 size=10 src=client:2 dst=worker:7
event=resp_rdma_read ts_ns=34402042 id=517 start_ns=31196634 dur_ns=3205408 clt=2 wrkr=7 slot=13 size=921608 src=worker:7 dst=client:2
event=req_send ts_ns=34402042 id=569 clt=2 wrkr=1 slot=1 size=17 src=client:2 dst=worker:1
event=resp_recv_ud ts_ns=34450384 id=569 clt=2 wrkr=1 slot=1 size=41 src=worker:1 dst=client:2
event=hand_send ts_ns=34459031 id=569 clt=2 wrkr=1 slot=1 size=10 src=client:2 dst=worker:1
event=resp_rdma_read ts_ns=34463619 id=520 start_ns=31225406 dur_ns=3238213 clt=2 wrkr=3 slot=11 size=921608 src=worker:3 dst=client:2
event=req_send ts_ns=34463619 id=570 clt=2 wrkr=11 slot=1 size=17 src=client:2 dst=worker:11
event=resp_rdma_read ts_ns=34493259 id=519 start_ns=31220552 dur_ns=3272707 clt=2 wrkr=7 slot=14 size=921608 src=worker:7 dst=client:2
event=req_send ts_ns=34493259 id=571 clt=2 wrkr=2 slot=15 size=17 src=client:2 dst=worker:2
event=resp_recv_ud ts_ns=34520730 id=570 clt=2 wrkr=11 slot=1 size=41 src=worker:11 dst=client:2
event=hand_send ts_ns=34529377 id=570 clt=2 wrkr=11 slot=1 size=10 src=client:2 dst=worker:11
event=resp_recv_ud ts_ns=34543964 id=571 clt=2 wrkr=2 slot=15 size=41 src=worker:2 dst=client:2
event=hand_send ts_ns=34552611 id=571 clt=2 wrkr=2 slot=15 size=10 src=client:2 dst=worker:2
event=resp_rdma_read ts_ns=34581027 id=521 start_ns=31245087 dur_ns=3335940 clt=2 wrkr=3 slot=12 size=921608 src=worker:3 dst=client:2
event=req_send ts_ns=34581027 id=573 clt=2 wrkr=0 slot=2 size=17 src=client:2 dst=worker:0
event=resp_recv_ud ts_ns=34638791 id=573 clt=2 wrkr=0 slot=2 size=41 src=worker:0 dst=client:2
event=hand_send ts_ns=34647438 id=573 clt=2 wrkr=0 slot=2 size=10 src=client:2 dst=worker:0
event=resp_rdma_read ts_ns=34874052 id=526 start_ns=31405298 dur_ns=3468754 clt=2 wrkr=3 slot=13 size=921608 src=worker:3 dst=client:2
event=req_send ts_ns=34874052 id=579 clt=2 wrkr=6 slot=15 size=17 src=client:2 dst=worker:6
event=resp_recv_ud ts_ns=34934479 id=579 clt=2 wrkr=6 slot=15 size=41 src=worker:6 dst=client:2
event=hand_send ts_ns=34943126 id=579 clt=2 wrkr=6 slot=15 size=10 src=client:2 dst=worker:6
event=resp_rdma_read ts_ns=35022046 id=528 start_ns=31460357 dur_ns=3561689 clt=2 wrkr=2 slot=14 size=921608 src=worker:2 dst=client:2
event=req_send ts_ns=35022046 id=584 clt=2 wrkr=8 slot=15 size=17 src=client:2 dst=worker:8
event=resp_recv_ud ts_ns=35083048 id=584 clt=2 wrkr=8 slot=15 size=41 src=worker:8 dst=client:2
event=hand_send ts_ns=35091695 id=584 clt=2 wrkr=8 slot=15 size=10 src=client:2 dst=worker:8
event=resp_rdma_read ts_ns=35235657 id=546 start_ns=32721273 dur_ns=2514384 clt=2 wrkr=11 slot=15 size=921608 src=worker:11 dst=client:2
event=req_send ts_ns=35235657 id=590 clt=2 wrkr=7 slot=2 size=17 src=client:2 dst=worker:7
event=resp_recv_ud ts_ns=35294554 id=590 clt=2 wrkr=7 slot=2 size=41 src=worker:7 dst=client:2
event=hand_send ts_ns=35303201 id=590 clt=2 wrkr=7 slot=2 size=10 src=client:2 dst=worker:7
event=resp_rdma_read ts_ns=35361253 id=550 start_ns=33271002 dur_ns=2090251 clt=2 wrkr=10 slot=1 size=921608 src=worker:10 dst=client:2
event=req_send ts_ns=35361253 id=594 clt=2 wrkr=1 slot=2 size=17 src=client:2 dst=worker:1
event=resp_recv_ud ts_ns=35427506 id=594 clt=2 wrkr=1 slot=2 size=41 src=worker:1 dst=client:2
event=hand_send ts_ns=35436153 id=594 clt=2 wrkr=1 slot=2 size=10 src=client:2 dst=worker:1
event=resp_rdma_read ts_ns=35610523 id=549 start_ns=33184729 dur_ns=2425794 clt=2 wrkr=7 slot=15 size=921608 src=worker:7 dst=client:2
event=req_send ts_ns=35610523 id=597 clt=2 wrkr=10 slot=2 size=17 src=client:2 dst=worker:10
event=resp_recv_ud ts_ns=35652898 id=597 clt=2 wrkr=10 slot=2 size=41 src=worker:10 dst=client:2
event=hand_send ts_ns=35661545 id=597 clt=2 wrkr=10 slot=2 size=10 src=client:2 dst=worker:10
event=resp_rdma_read ts_ns=35725614 id=552 start_ns=33339138 dur_ns=2386476 clt=2 wrkr=11 slot=0 size=921608 src=worker:11 dst=client:2
event=req_send ts_ns=35725614 id=598 clt=2 wrkr=4 slot=3 size=17 src=client:2 dst=worker:4
event=resp_recv_ud ts_ns=35768906 id=598 clt=2 wrkr=4 slot=3 size=41 src=worker:4 dst=client:2
event=hand_send ts_ns=35777553 id=598 clt=2 wrkr=4 slot=3 size=10 src=client:2 dst=worker:4
event=resp_rdma_read ts_ns=35946252 id=553 start_ns=33500939 dur_ns=2445313 clt=2 wrkr=4 slot=1 size=921608 src=worker:4 dst=client:2
event=req_send ts_ns=35946252 id=600 clt=2 wrkr=3 slot=15 size=17 src=client:2 dst=worker:3
event=resp_recv_ud ts_ns=36010731 id=600 clt=2 wrkr=3 slot=15 size=41 src=worker:3 dst=client:2
event=hand_send ts_ns=36019378 id=600 clt=2 wrkr=3 slot=15 size=10 src=client:2 dst=worker:3
event=resp_rdma_read ts_ns=36261417 id=561 start_ns=33887187 dur_ns=2374230 clt=2 wrkr=1 slot=0 size=921608 src=worker:1 dst=client:2
event=req_send ts_ns=36261417 id=604 clt=2 wrkr=1 slot=3 size=17 src=client:2 dst=worker:1
event=resp_recv_ud ts_ns=36298127 id=604 clt=2 wrkr=1 slot=3 size=41 src=worker:1 dst=client:2
event=hand_send ts_ns=36306774 id=604 clt=2 wrkr=1 slot=3 size=10 src=client:2 dst=worker:1
event=resp_rdma_read ts_ns=36661368 id=564 start_ns=34143738 dur_ns=2517630 clt=2 wrkr=9 slot=8 size=921608 src=worker:9 dst=client:2
event=req_send ts_ns=36661368 id=610 clt=2 wrkr=10 slot=3 size=17 src=client:2 dst=worker:10
event=resp_recv_ud ts_ns=36704587 id=610 clt=2 wrkr=10 slot=3 size=41 src=worker:10 dst=client:2
event=hand_send ts_ns=36713234 id=610 clt=2 wrkr=10 slot=3 size=10 src=client:2 dst=worker:10
event=resp_rdma_read ts_ns=36823508 id=560 start_ns=33869311 dur_ns=2954197 clt=2 wrkr=7 slot=0 size=921608 src=worker:7 dst=client:2
event=req_send ts_ns=36823508 id=612 clt=2 wrkr=5 slot=14 size=17 src=client:2 dst=worker:5
event=resp_recv_ud ts_ns=36867913 id=612 clt=2 wrkr=5 slot=14 size=41 src=worker:5 dst=client:2
event=hand_send ts_ns=36876560 id=612 clt=2 wrkr=5 slot=14 size=10 src=client:2 dst=worker:5
event=resp_rdma_read ts_ns=36905335 id=569 start_ns=34459031 dur_ns=2446304 clt=2 wrkr=1 slot=1 size=921608 src=worker:1 dst=client:2
event=req_send ts_ns=36905335 id=613 clt=2 wrkr=6 slot=0 size=17 src=client:2 dst=worker:6
event=resp_recv_ud ts_ns=36949425 id=613 clt=2 wrkr=6 slot=0 size=41 src=worker:6 dst=client:2
event=hand_send ts_ns=36958072 id=613 clt=2 wrkr=6 slot=0 size=10 src=client:2 dst=worker:6
event=resp_rdma_read ts_ns=37130333 id=565 start_ns=34298583 dur_ns=2831750 clt=2 wrkr=4 slot=2 size=921608 src=worker:4 dst=client:2
event=req_send ts_ns=37130333 id=615 clt=2 wrkr=5 slot=15 size=17 src=client:2 dst=worker:5
event=resp_recv_ud ts_ns=37168368 id=615 clt=2 wrkr=5 slot=15 size=41 src=worker:5 dst=client:2
event=hand_send ts_ns=37177015 id=615 clt=2 wrkr=5 slot=15 size=10 src=client:2 dst=worker:5
event=resp_rdma_read ts_ns=37231224 id=566 start_ns=34317755 dur_ns=2913469 clt=2 wrkr=7 slot=1 size=921608 src=worker:7 dst=client:2
event=req_send ts_ns=37231224 id=616 clt=2 wrkr=10 slot=4 size=17 src=client:2 dst=worker:10
event=resp_recv_ud ts_ns=37266942 id=616 clt=2 wrkr=10 slot=4 size=41 src=worker:10 dst=client:2
event=hand_send ts_ns=37275589 id=616 clt=2 wrkr=10 slot=4 size=10 src=client:2 dst=worker:10
event=resp_rdma_read ts_ns=37450922 id=571 start_ns=34552611 dur_ns=2898311 clt=2 wrkr=2 slot=15 size=921608 src=worker:2 dst=client:2
event=req_send ts_ns=37450922 id=622 clt=2 wrkr=1 slot=4 size=17 src=client:2 dst=worker:1
event=resp_rdma_read ts_ns=37475375 id=570 start_ns=34529377 dur_ns=2945998 clt=2 wrkr=11 slot=1 size=921608 src=worker:11 dst=client:2
event=req_send ts_ns=37475375 id=623 clt=2 wrkr=5 slot=0 size=17 src=client:2 dst=worker:5
event=resp_recv_ud ts_ns=37507689 id=622 clt=2 wrkr=1 slot=4 size=41 src=worker:1 dst=client:2
event=hand_send ts_ns=37516336 id=622 clt=2 wrkr=1 slot=4 size=10 src=client:2 dst=worker:1
event=resp_recv_ud ts_ns=37525464 id=623 clt=2 wrkr=5 slot=0 size=41 src=worker:5 dst=client:2
event=hand_send ts_ns=37534111 id=623 clt=2 wrkr=5 slot=0 size=10 src=client:2 dst=worker:5
event=resp_rdma_read ts_ns=37610860 id=573 start_ns=34647438 dur_ns=2963422 clt=2 wrkr=0 slot=2 size=921608 src=worker:0 dst=client:2
event=req_send ts_ns=37610860 id=624 clt=2 wrkr=9 slot=9 size=17 src=client:2 dst=worker:9
event=resp_recv_ud ts_ns=37646105 id=624 clt=2 wrkr=9 slot=9 size=41 src=worker:9 dst=client:2
event=hand_send ts_ns=37654752 id=624 clt=2 wrkr=9 slot=9 size=10 src=client:2 dst=worker:9
event=resp_rdma_read ts_ns=38111031 id=579 start_ns=34943126 dur_ns=3167905 clt=2 wrkr=6 slot=15 size=921608 src=worker:6 dst=client:2
event=req_send ts_ns=38111031 id=630 clt=2 wrkr=7 slot=3 size=17 src=client:2 dst=worker:7
event=resp_recv_ud ts_ns=38168173 id=630 clt=2 wrkr=7 slot=3 size=41 src=worker:7 dst=client:2
event=hand_send ts_ns=38176820 id=630 clt=2 wrkr=7 slot=3 size=10 src=client:2 dst=worker:7
event=resp_rdma_read ts_ns=38406775 id=584 start_ns=35091695 dur_ns=3315080 clt=2 wrkr=8 slot=15 size=921608 src=worker:8 dst=client:2
event=req_send ts_ns=38406775 id=635 clt=2 wrkr=1 slot=5 size=17 src=client:2 dst=worker:1
event=resp_recv_ud ts_ns=38461807 id=635 clt=2 wrkr=1 slot=5 size=41 src=worker:1 dst=client:2
event=hand_send ts_ns=38470454 id=635 clt=2 wrkr=1 slot=5 size=10 src=client:2 dst=worker:1
event=resp_rdma_read ts_ns=38583858 id=590 start_ns=35303201 dur_ns=3280657 clt=2 wrkr=7 slot=2 size=921608 src=worker:7 dst=client:2
event=req_send ts_ns=38583858 id=638 clt=2 wrkr=11 slot=2 size=17 src=client:2 dst=worker:11
event=resp_rdma_read ts_ns=38585231 id=598 start_ns=35777553 dur_ns=2807678 clt=2 wrkr=4 slot=3 size=921608 src=worker:4 dst=client:2
event=req_send ts_ns=38585231 id=639 clt=2 wrkr=1 slot=6 size=17 src=client:2 dst=worker:1
event=resp_recv_ud ts_ns=38641458 id=638 clt=2 wrkr=11 slot=2 size=41 src=worker:11 dst=client:2
event=resp_recv_ud ts_ns=38642886 id=639 clt=2 wrkr=1 slot=6 size=41 src=worker:1 dst=client:2
event=hand_send ts_ns=38650105 id=638 clt=2 wrkr=11 slot=2 size=10 src=client:2 dst=worker:11
event=hand_send ts_ns=38651533 id=639 clt=2 wrkr=1 slot=6 size=10 src=client:2 dst=worker:1
event=resp_rdma_read ts_ns=38655166 id=600 start_ns=36019378 dur_ns=2635788 clt=2 wrkr=3 slot=15 size=921608 src=worker:3 dst=client:2
event=req_send ts_ns=38655166 id=642 clt=2 wrkr=10 slot=5 size=17 src=client:2 dst=worker:10
event=resp_rdma_read ts_ns=38679195 id=597 start_ns=35661545 dur_ns=3017650 clt=2 wrkr=10 slot=2 size=921608 src=worker:10 dst=client:2
event=req_send ts_ns=38679195 id=644 clt=2 wrkr=6 slot=1 size=17 src=client:2 dst=worker:6
event=resp_recv_ud ts_ns=38712897 id=642 clt=2 wrkr=10 slot=5 size=41 src=worker:10 dst=client:2
event=hand_send ts_ns=38721544 id=642 clt=2 wrkr=10 slot=5 size=10 src=client:2 dst=worker:10
event=resp_recv_ud ts_ns=38737941 id=644 clt=2 wrkr=6 slot=1 size=41 src=worker:6 dst=client:2
event=hand_send ts_ns=38746588 id=644 clt=2 wrkr=6 slot=1 size=10 src=client:2 dst=worker:6
event=resp_rdma_read ts_ns=38908451 id=610 start_ns=36713234 dur_ns=2195217 clt=2 wrkr=10 slot=3 size=921608 src=worker:10 dst=client:2
event=resp_rdma_read ts_ns=38997831 id=612 start_ns=36876560 dur_ns=2121271 clt=2 wrkr=5 slot=14 size=921608 src=worker:5 dst=client:2
event=resp_rdma_read ts_ns=39058848 id=613 start_ns=36958072 dur_ns=2100776 clt=2 wrkr=6 slot=0 size=921608 src=worker:6 dst=client:2
event=resp_rdma_read ts_ns=39184210 id=604 start_ns=36306774 dur_ns=2877436 clt=2 wrkr=1 slot=3 size=921608 src=worker:1 dst=client:2
event=resp_rdma_read ts_ns=39310169 id=594 start_ns=35436153 dur_ns=3874016 clt=2 wrkr=1 slot=2 size=921608 src=worker:1 dst=client:2
event=resp_rdma_read ts_ns=39470869 id=615 start_ns=37177015 dur_ns=2293854 clt=2 wrkr=5 slot=15 size=921608 src=worker:5 dst=client:2
event=resp_rdma_read ts_ns=40017142 id=623 start_ns=37534111 dur_ns=2483031 clt=2 wrkr=5 slot=0 size=921608 src=worker:5 dst=client:2
event=resp_rdma_read ts_ns=40039298 id=616 start_ns=37275589 dur_ns=2763709 clt=2 wrkr=10 slot=4 size=921608 src=worker:10 dst=client:2
event=resp_rdma_read ts_ns=40192413 id=624 start_ns=37654752 dur_ns=2537661 clt=2 wrkr=9 slot=9 size=921608 src=worker:9 dst=client:2
event=resp_rdma_read ts_ns=40397024 id=622 start_ns=37516336 dur_ns=2880688 clt=2 wrkr=1 slot=4 size=921608 src=worker:1 dst=client:2
event=resp_rdma_read ts_ns=40999521 id=630 start_ns=38176820 dur_ns=2822701 clt=2 wrkr=7 slot=3 size=921608 src=worker:7 dst=client:2
event=resp_rdma_read ts_ns=41049325 id=635 start_ns=38470454 dur_ns=2578871 clt=2 wrkr=1 slot=5 size=921608 src=worker:1 dst=client:2
event=resp_rdma_read ts_ns=41656933 id=639 start_ns=38651533 dur_ns=3005400 clt=2 wrkr=1 slot=6 size=921608 src=worker:1 dst=client:2
event=resp_rdma_read ts_ns=41666522 id=638 start_ns=38650105 dur_ns=3016417 clt=2 wrkr=11 slot=2 size=921608 src=worker:11 dst=client:2
event=resp_rdma_read ts_ns=41882990 id=642 start_ns=38721544 dur_ns=3161446 clt=2 wrkr=10 slot=5 size=921608 src=worker:10 dst=client:2
event=resp_rdma_read ts_ns=41909386 id=644 start_ns=38746588 dur_ns=3162798 clt=2 wrkr=6 slot=1 size=921608 src=worker:6 dst=client:2
