event=req_send ts_ns=1 id=1 clt=1 wrkr=0 slot=0 size=17 src=client:1 dst=worker:0
event=req_send ts_ns=2501 id=4 clt=1 wrkr=1 slot=0 size=17 src=client:1 dst=worker:1
event=req_send ts_ns=5001 id=7 clt=1 wrkr=4 slot=0 size=17 src=client:1 dst=worker:4
event=req_send ts_ns=7501 id=10 clt=1 wrkr=2 slot=0 size=17 src=client:1 dst=worker:2
event=req_send ts_ns=10001 id=13 clt=1 wrkr=1 slot=1 size=17 src=client:1 dst=worker:1
event=req_send ts_ns=12501 id=16 clt=1 wrkr=6 slot=0 size=17 src=client:1 dst=worker:6
event=req_send ts_ns=15001 id=19 clt=1 wrkr=6 slot=1 size=17 src=client:1 dst=worker:6
event=req_send ts_ns=17501 id=22 clt=1 wrkr=8 slot=0 size=17 src=client:1 dst=worker:8
event=req_send ts_ns=20001 id=25 clt=1 wrkr=7 slot=0 size=17 src=client:1 dst=worker:7
event=req_send ts_ns=22501 id=28 clt=1 wrkr=9 slot=0 size=17 src=client:1 dst=worker:9
event=resp_recv_ud ts_ns=24158 id=1 clt=1 wrkr=0 slot=0 size=41 src=worker:0 dst=client:1
event=req_send ts_ns=25001 id=31 clt=1 wrkr=11 slot=0 size=17 src=client:1 dst=worker:11
event=req_send ts_ns=27501 id=34 clt=1 wrkr=3 slot=0 size=17 src=client:1 dst=worker:3
event=req_send ts_ns=30001 id=37 clt=1 wrkr=8 slot=1 size=17 src=client:1 dst=worker:8
event=req_send ts_ns=32501 id=40 clt=1 wrkr=4 slot=1 size=17 src=client:1 dst=worker:4
event=hand_send ts_ns=32805 id=1 clt=1 wrkr=0 slot=0 size=10 src=client:1 dst=worker:0
event=req_send ts_ns=35001 id=43 clt=1 wrkr=8 slot=2 size=17 src=client:1 dst=worker:8
event=req_send ts_ns=37501 id=46 clt=1 wrkr=10 slot=0 size=17 src=client:1 dst=worker:10
event=resp_recv_ud ts_ns=54552 id=4 clt=1 wrkr=1 slot=0 size=41 src=worker:1 dst=client:1
event=resp_recv_ud ts_ns=54877 id=7 clt=1 wrkr=4 slot=0 size=41 src=worker:4 dst=client:1
event=resp_recv_ud ts_ns=57832 id=10 clt=1 wrkr=2 slot=0 size=41 src=worker:2 dst=client:1
event=resp_recv_ud ts_ns=60931 id=13 clt=1 wrkr=1 slot=1 size=41 src=worker:1 dst=client:1
event=hand_send ts_ns=63199 id=4 clt=1 wrkr=1 slot=0 size=10 src=client:1 dst=worker:1
event=resp_recv_ud ts_ns=63259 id=16 clt=1 wrkr=6 slot=0 size=41 src=worker:6 dst=client:1
event=hand_send ts_ns=63524 id=7 clt=1 wrkr=4 slot=0 size=10 src=client:1 dst=worker:4
event=resp_recv_ud ts_ns=63669 id=19 clt=1 wrkr=6 slot=1 size=41 src=worker:6 dst=client:1
event=resp_recv_ud ts_ns=64784 id=22 clt=1 wrkr=8 slot=0 size=41 src=worker:8 dst=client:1
event=resp_recv_ud ts_ns=65925 id=25 clt=1 wrkr=7 slot=0 size=41 src=worker:7 dst=client:1
event=hand_send ts_ns=66479 id=10 clt=1 wrkr=2 slot=0 size=10 src=client:1 dst=worker:2
event=resp_recv_ud ts_ns=67255 id=28 clt=1 wrkr=9 slot=0 size=41 src=worker:9 dst=client:1
event=resp_recv_ud ts_ns=69069 id=31 clt=1 wrkr=11 slot=0 size=41 src=worker:11 dst=client:1
event=resp_recv_ud ts_ns=69302 id=34 clt=1 wrkr=3 slot=0 size=41 src=worker:3 dst=client:1
event=hand_send ts_ns=69578 id=13 clt=1 wrkr=1 slot=1 size=10 src=client:1 dst=worker:1
event=resp_recv_ud ts_ns=70430 id=37 clt=1 wrkr=8 slot=1 size=41 src=worker:8 dst=client:1
event=hand_send ts_ns=71906 id=16 clt=1 wrkr=6 slot=0 size=10 src=client:1 dst=worker:6
event=resp_recv_ud ts_ns=72137 id=40 clt=1 wrkr=4 slot=1 size=41 src=worker:4 dst=client:1
event=hand_send ts_ns=72316 id=19 clt=1 wrkr=6 slot=1 size=10 src=client:1 dst=worker:6
event=hand_send ts_ns=73431 id=22 clt=1 wrkr=8 slot=0 size=10 src=client:1 dst=worker:8
event=hand_send ts_ns=74572 id=25 clt=1 wrkr=7 slot=0 size=10 src=client:1 dst=worker:7
event=resp_recv_ud ts_ns=75074 id=43 clt=1 wrkr=8 slot=2 size=41 src=worker:8 dst=client:1
event=hand_send ts_ns=75902 id=28 clt=1 wrkr=9 slot=0 size=10 src=client:1 dst=worker:9
event=resp_recv_ud ts_ns=76805 id=46 clt=1 wrkr=10 slot=0 size=41 src=worker:10 dst=client:1
event=hand_send ts_ns=77716 id=31 clt=1 wrkr=11 slot=0 size=10 src=client:1 dst=worker:11
event=hand_send ts_ns=77949 id=34 clt=1 wrkr=3 slot=0 size=10 src=client:1 dst=worker:3
event=hand_send ts_ns=79077 id=37 clt=1 wrkr=8 slot=1 size=10 src=client:1 dst=worker:8
event=hand_send ts_ns=80784 id=40 clt=1 wrkr=4 slot=1 size=10 src=client:1 dst=worker:4
event=hand_send ts_ns=83721 id=43 clt=1 wrkr=8 slot=2 size=10 src=client:1 dst=worker:8
event=hand_send ts_ns=85452 id=46 clt=1 wrkr=10 slot=0 size=10 src=client:1 dst=worker:10
event=resp_rdma_read ts_ns=2763013 id=1 start_ns=32805 dur_ns=2730208 clt=1 wrkr=0 slot=0 size=921608 src=worker:0 dst=client:1
event=req_send ts_ns=2763013 id=48 clt=1 wrkr=9 slot=1 size=17 src=client:1 dst=worker:9
event=resp_recv_ud ts_ns=2806812 id=48 clt=1 wrkr=9 slot=1 size=41 src=worker:9 dst=client:1
event=hand_send ts_ns=2815459 id=48 clt=1 wrkr=9 slot=1 size=10 src=client:1 dst=worker:9
event=resp_rdma_read ts_ns=2883379 id=4 start_ns=63199 dur_ns=2820180 clt=1 wrkr=1 slot=0 size=921608 src=worker:1 dst=client:1
event=req_send ts_ns=2883379 id=53 clt=1 wrkr=11 slot=1 size=17 src=client:1 dst=worker:11
event=resp_rdma_read ts_ns=2895137 id=7 start_ns=63524 dur_ns=2831613 clt=1 wrkr=4 slot=0 size=921608 src=worker:4 dst=client:1
event=req_send ts_ns=2895137 id=54 clt=1 wrkr=1 slot=2 size=17 src=client:1 dst=worker:1
event=resp_recv_ud ts_ns=2951271 id=53 clt=1 wrkr=11 slot=1 size=41 src=worker:11 dst=client:1
event=hand_send ts_ns=2959918 id=53 clt=1 wrkr=11 slot=1 size=10 src=client:1 dst=worker:11
event=resp_recv_ud ts_ns=2963365 id=54 clt=1 wrkr=1 slot=2 size=41 src=worker:1 dst=client:1
event=hand_send ts_ns=2972012 id=54 clt=1 wrkr=1 slot=2 size=10 src=client:1 dst=worker:1
event=resp_rdma_read ts_ns=2999444 id=10 start_ns=66479 dur_ns=2932965 clt=1 wrkr=2 slot=0 size=921608 src=worker:2 dst=client:1
event=req_send ts_ns=2999444 id=56 clt=1 wrkr=10 slot=1 size=17 src=client:1 dst=worker:10
event=resp_rdma_read ts_ns=3021769 id=13 start_ns=69578 dur_ns=2952191 clt=1 wrkr=1 slot=1 size=921608 src=worker:1 dst=client:1
event=req_send ts_ns=3021769 id=57 clt=1 wrkr=1 slot=3 size=17 src=client:1 dst=worker:1
event=resp_recv_ud ts_ns=3066304 id=56 clt=1 wrkr=10 slot=1 size=41 src=worker:10 dst=client:1
event=hand_send ts_ns=3074951 id=56 clt=1 wrkr=10 slot=1 size=10 src=client:1 dst=worker:10
event=resp_recv_ud ts_ns=3084065 id=57 clt=1 wrkr=1 slot=3 size=41 src=worker:1 dst=client:1
event=hand_send ts_ns=3092712 id=57 clt=1 wrkr=1 slot=3 size=10 src=client:1 dst=worker:1
event=resp_rdma_read ts_ns=3128501 id=16 start_ns=71906 dur_ns=3056595 clt=1 wrkr=6 slot=0 size=921608 src=worker:6 dst=client:1
event=req_send ts_ns=3128501 id=61 clt=1 wrkr=8 slot=3 size=17 src=client:1 dst=worker:8
event=resp_rdma_read ts_ns=3139932 id=19 start_ns=72316 dur_ns=3067616 clt=1 wrkr=6 slot=1 size=921608 src=worker:6 dst=client:1
event=req_send ts_ns=3139932 id=62 clt=1 wrkr=9 slot=2 size=17 src=client:1 dst=worker:9
event=resp_recv_ud ts_ns=3189613 id=61 clt=1 wrkr=8 slot=3 size=41 src=worker:8 dst=client:1
event=hand_send ts_ns=3198260 id=61 clt=1 wrkr=8 slot=3 size=10 src=client:1 dst=worker:8
event=resp_rdma_read ts_ns=3202168 id=22 start_ns=73431 dur_ns=3128737 clt=1 wrkr=8 slot=0 size=921608 src=worker:8 dst=client:1
event=req_send ts_ns=3202168 id=63 clt=1 wrkr=5 slot=0 size=17 src=client:1 dst=worker:5
event=resp_recv_ud ts_ns=3203597 id=62 clt=1 wrkr=9 slot=2 size=41 src=worker:9 dst=client:1
event=hand_send ts_ns=3212244 id=62 clt=1 wrkr=9 slot=2 size=10 src=client:1 dst=worker:9
event=resp_rdma_read ts_ns=3244959 id=25 start_ns=74572 dur_ns=3170387 clt=1 wrkr=7 slot=0 size=921608 src=worker:7 dst=client:1
event=req_send ts_ns=3244959 id=65 clt=1 wrkr=7 slot=1 size=17 src=client:1 dst=worker:7
event=resp_recv_ud ts_ns=3264577 id=63 clt=1 wrkr=5 slot=0 size=41 src=worker:5 dst=client:1
event=hand_send ts_ns=3273224 id=63 clt=1 wrkr=5 slot=0 size=10 src=client:1 dst=worker:5
event=resp_recv_ud ts_ns=3309928 id=65 clt=1 wrkr=7 slot=1 size=41 src=worker:7 dst=client:1
event=hand_send ts_ns=3318575 id=65 clt=1 wrkr=7 slot=1 size=10 src=client:1 dst=worker:7
event=resp_rdma_read ts_ns=3370329 id=28 start_ns=75902 dur_ns=3294427 clt=1 wrkr=9 slot=0 size=921608 src=worker:9 dst=client:1
event=req_send ts_ns=3370329 id=69 clt=1 wrkr=6 slot=2 size=17 src=client:1 dst=worker:6
event=resp_recv_ud ts_ns=3436985 id=69 clt=1 wrkr=6 slot=2 size=41 src=worker:6 dst=client:1
event=hand_send ts_ns=3445632 id=69 clt=1 wrkr=6 slot=2 size=10 src=client:1 dst=worker:6
event=resp_rdma_read ts_ns=3508791 id=31 start_ns=77716 dur_ns=3431075 clt=1 wrkr=11 slot=0 size=921608 src=worker:11 dst=client:1
event=req_send ts_ns=3508791 id=72 clt=1 wrkr=9 slot=3 size=17 src=client:1 dst=worker:9
event=resp_recv_ud ts_ns=3569651 id=72 clt=1 wrkr=9 slot=3 size=41 src=worker:9 dst=client:1
event=hand_send ts_ns=3578298 id=72 clt=1 wrkr=9 slot=3 size=10 src=client:1 dst=worker:9
event=resp_rdma_read ts_ns=3590262 id=34 start_ns=77949 dur_ns=3512313 clt=1 wrkr=3 slot=0 size=921608 src=worker:3 dst=client:1
event=req_send ts_ns=3590262 id=74 clt=1 wrkr=0 slot=1 size=17 src=client:1 dst=worker:0
event=resp_recv_ud ts_ns=3658605 id=74 clt=1 wrkr=0 slot=1 size=41 src=worker:0 dst=client:1
event=hand_send ts_ns=3667252 id=74 clt=1 wrkr=0 slot=1 size=10 src=client:1 dst=worker:0
event=resp_rdma_read ts_ns=3724277 id=37 start_ns=79077 dur_ns=3645200 clt=1 wrkr=8 slot=1 size=921608 src=worker:8 dst=client:1
event=req_send ts_ns=3724277 id=75 clt=1 wrkr=0 slot=2 size=17 src=client:1 dst=worker:0
event=resp_recv_ud ts_ns=3780106 id=75 clt=1 wrkr=0 slot=2 size=41 src=worker:0 dst=client:1
event=hand_send ts_ns=3788753 id=75 clt=1 wrkr=0 slot=2 size=10 src=client:1 dst=worker:0
event=resp_rdma_read ts_ns=3934106 id=40 start_ns=80784 dur_ns=3853322 clt=1 wrkr=4 slot=1 size=921608 src=worker:4 dst=client:1
event=req_send ts_ns=3934106 id=79 clt=1 wrkr=1 slot=4 size=17 src=client:1 dst=worker:1
event=resp_recv_ud ts_ns=3990054 id=79 clt=1 wrkr=1 slot=4 size=41 src=worker:1 dst=client:1
event=hand_send ts_ns=3998701 id=79 clt=1 wrkr=1 slot=4 size=10 src=client:1 dst=worker:1
event=resp_rdma_read ts_ns=4233198 id=43 start_ns=83721 dur_ns=4149477 clt=1 wrkr=8 slot=2 size=921608 src=worker:8 dst=client:1
event=req_send ts_ns=4233198 id=82 clt=1 wrkr=10 slot=2 size=17 src=client:1 dst=worker:10
event=resp_recv_ud ts_ns=4268876 id=82 clt=1 wrkr=10 slot=2 size=41 src=worker:10 dst=client:1
event=hand_send ts_ns=4277523 id=82 clt=1 wrkr=10 slot=2 size=10 src=client:1 dst=worker:10
event=resp_rdma_read ts_ns=4561653 id=46 start_ns=85452 dur_ns=4476201 clt=1 wrkr=10 slot=0 size=921608 src=worker:10 dst=client:1
event=req_send ts_ns=4561653 id=85 clt=1 wrkr=1 slot=5 size=17 src=client:1 dst=worker:1
event=resp_recv_ud ts_ns=4595677 id=85 clt=1 wrkr=1 slot=5 size=41 src=worker:1 dst=client:1
event=hand_send ts_ns=4604324 id=85 clt=1 wrkr=1 slot=5 size=10 src=client:1 dst=worker:1
event=resp_rdma_read ts_ns=6107770 id=74 start_ns=3667252 dur_ns=2440518 clt=1 wrkr=0 slot=1 size=921608 src=worker:0 dst=client:1
event=req_send ts_ns=6107770 id=96 clt=1 wrkr=8 slot=4 size=17 src=client:1 dst=worker:8
event=resp_rdma_read ts_ns=6141040 id=57 start_ns=3092712 dur_ns=3048328 clt=1 wrkr=1 slot=3 size=921608 src=worker:1 dst=client:1
event=req_send ts_ns=6141040 id=97 clt=1 wrkr=3 slot=1 size=17 src=client:1 dst=worker:3
event=resp_recv_ud ts_ns=6142784 id=96 clt=1 wrkr=8 slot=4 size=41 src=worker:8 dst=client:1
event=hand_send ts_ns=6151431 id=96 clt=1 wrkr=8 slot=4 size=10 src=client:1 dst=worker:8
event=resp_rdma_read ts_ns=6174321 id=53 start_ns=2959918 dur_ns=3214403 clt=1 wrkr=11 slot=1 size=921608 src=worker:11 dst=client:1
event=req_send ts_ns=6174321 id=98 clt=1 wrkr=0 slot=3 size=17 src=client:1 dst=worker:0
event=resp_recv_ud ts_ns=6189286 id=97 clt=1 wrkr=3 slot=1 size=41 src=worker:3 dst=client:1
event=hand_send ts_ns=6197933 id=97 clt=1 wrkr=3 slot=1 size=10 src=client:1 dst=worker:3
event=resp_recv_ud ts_ns=6230552 id=98 clt=1 wrkr=0 slot=3 size=41 src=worker:0 dst=client:1
event=hand_send ts_ns=6239199 id=98 clt=1 wrkr=0 slot=3 size=10 src=client:1 dst=worker:0
event=resp_rdma_read ts_ns=6364466 id=48 start_ns=2815459 dur_ns=3549007 clt=1 wrkr=9 slot=1 size=921608 src=worker:9 dst=client:1
event=req_send ts_ns=6364466 id=101 clt=1 wrkr=2 slot=1 size=17 src=client:1 dst=worker:2
event=resp_rdma_read ts_ns=6374603 id=56 start_ns=3074951 dur_ns=3299652 clt=1 wrkr=10 slot=1 size=921608 src=worker:10 dst=client:1
event=req_send ts_ns=6374603 id=102 clt=1 wrkr=9 slot=4 size=17 src=client:1 dst=worker:9
event=resp_recv_ud ts_ns=6401809 id=101 clt=1 wrkr=2 slot=1 size=41 src=worker:2 dst=client:1
event=hand_send ts_ns=6410456 id=101 clt=1 wrkr=2 slot=1 size=10 src=client:1 dst=worker:2
event=resp_recv_ud ts_ns=6420699 id=102 clt=1 wrkr=9 slot=4 size=41 src=worker:9 dst=client:1
event=hand_send ts_ns=6429346 id=102 clt=1 wrkr=9 slot=4 size=10 src=client:1 dst=worker:9
event=resp_rdma_read ts_ns=6518305 id=54 start_ns=2972012 dur_ns=3546293 clt=1 wrkr=1 slot=2 size=921608 src=worker:1 dst=client:1
event=req_send ts_ns=6518305 id=108 clt=1 wrkr=7 slot=2 size=17 src=client:1 dst=worker:7
event=resp_recv_ud ts_ns=6577174 id=108 clt=1 wrkr=7 slot=2 size=41 src=worker:7 dst=client:1
event=hand_send ts_ns=6585821 id=108 clt=1 wrkr=7 slot=2 size=10 src=client:1 dst=worker:7
event=resp_rdma_read ts_ns=6722529 id=61 start_ns=3198260 dur_ns=3524269 clt=1 wrkr=8 slot=3 size=921608 src=worker:8 dst=client:1
event=req_send ts_ns=6722529 id=114 clt=1 wrkr=6 slot=3 size=17 src=client:1 dst=worker:6
event=resp_rdma_read ts_ns=6730450 id=82 start_ns=4277523 dur_ns=2452927 clt=1 wrkr=10 slot=2 size=921608 src=worker:10 dst=client:1
event=req_send ts_ns=6730450 id=115 clt=1 wrkr=11 slot=2 size=17 src=client:1 dst=worker:11
event=resp_rdma_read ts_ns=6758749 id=62 start_ns=3212244 dur_ns=3546505 clt=1 wrkr=9 slot=2 size=921608 src=worker:9 dst=client:1
event=req_send ts_ns=6758749 id=116 clt=1 wrkr=11 slot=3 size=17 src=client:1 dst=worker:11
event=resp_recv_ud ts_ns=6774830 id=114 clt=1 wrkr=6 slot=3 size=41 src=worker:6 dst=client:1
event=hand_send ts_ns=6783477 id=114 clt=1 wrkr=6 slot=3 size=10 src=client:1 dst=worker:6
event=resp_recv_ud ts_ns=6793038 id=115 clt=1 wrkr=11 slot=2 size=41 src=worker:11 dst=client:1
event=hand_send ts_ns=6801685 id=115 clt=1 wrkr=11 slot=2 size=10 src=client:1 dst=worker:11
event=resp_recv_ud ts_ns=6821398 id=116 clt=1 wrkr=11 slot=3 size=41 src=worker:11 dst=client:1
event=resp_rdma_read ts_ns=6821799 id=63 start_ns=3273224 dur_ns=3548575 clt=1 wrkr=5 slot=0 size=921608 src=worker:5 dst=client:1
event=req_send ts_ns=6821799 id=117 clt=1 wrkr=0 slot=4 size=17 src=client:1 dst=worker:0
event=hand_send ts_ns=6830045 id=116 clt=1 wrkr=11 slot=3 size=10 src=client:1 dst=worker:11
event=resp_recv_ud ts_ns=6885491 id=117 clt=1 wrkr=0 slot=4 size=41 src=worker:0 dst=client:1
event=hand_send ts_ns=6894138 id=117 clt=1 wrkr=0 slot=4 size=10 src=client:1 dst=worker:0
event=resp_rdma_read ts_ns=6896178 id=72 start_ns=3578298 dur_ns=3317880 clt=1 wrkr=9 slot=3 size=921608 src=worker:9 dst=client:1
event=req_send ts_ns=6896178 id=121 clt=1 wrkr=1 slot=6 size=17 src=client:1 dst=worker:1
event=resp_rdma_read ts_ns=6946508 id=69 start_ns=3445632 dur_ns=3500876 clt=1 wrkr=6 slot=2 size=921608 src=worker:6 dst=client:1
event=req_send ts_ns=6946508 id=123 clt=1 wrkr=3 slot=2 size=17 src=client:1 dst=worker:3
event=resp_recv_ud ts_ns=6960944 id=121 clt=1 wrkr=1 slot=6 size=41 src=worker:1 dst=client:1
event=resp_rdma_read ts_ns=6961877 id=75 start_ns=3788753 dur_ns=3173124 clt=1 wrkr=0 slot=2 size=921608 src=worker:0 dst=client:1
event=req_send ts_ns=6961877 id=124 clt=1 wrkr=0 slot=5 size=17 src=client:1 dst=worker:0
event=hand_send ts_ns=6969591 id=121 clt=1 wrkr=1 slot=6 size=10 src=client:1 dst=worker:1
event=resp_recv_ud ts_ns=7012075 id=123 clt=1 wrkr=3 slot=2 size=41 src=worker:3 dst=client:1
event=hand_send ts_ns=7020722 id=123 clt=1 wrkr=3 slot=2 size=10 src=client:1 dst=worker:3
event=resp_rdma_read ts_ns=7023272 id=79 start_ns=3998701 dur_ns=3024571 clt=1 wrkr=1 slot=4 size=921608 src=worker:1 dst=client:1
event=req_send ts_ns=7023272 id=126 clt=1 wrkr=11 slot=4 size=17 src=client:1 dst=worker:11
event=resp_recv_ud ts_ns=7027257 id=124 clt=1 wrkr=0 slot=5 size=41 src=worker:0 dst=client:1
event=hand_send ts_ns=7035904 id=124 clt=1 wrkr=0 slot=5 size=10 src=client:1 dst=worker:0
event=resp_rdma_read ts_ns=7040570 id=85 start_ns=4604324 dur_ns=2436246 clt=1 wrkr=1 slot=5 size=921608 src=worker:1 dst=client:1
event=req_send ts_ns=7040570 id=128 clt=1 wrkr=2 slot=2 size=17 src=client:1 dst=worker:2
event=resp_rdma_read ts_ns=7060398 id=65 start_ns=3318575 dur_ns=3741823 clt=1 wrkr=7 slot=1 size=921608 src=worker:7 dst=client:1
event=req_send ts_ns=7060398 id=129 clt=1 wrkr=11 slot=5 size=17 src=client:1 dst=worker:11
event=resp_recv_ud ts_ns=7090547 id=126 clt=1 wrkr=11 slot=4 size=41 src=worker:11 dst=client:1
event=hand_send ts_ns=7099194 id=126 clt=1 wrkr=11 slot=4 size=10 src=client:1 dst=worker:11
event=resp_recv_ud ts_ns=7107368 id=128 clt=1 wrkr=2 slot=2 size=41 src=worker:2 dst=client:1
event=hand_send ts_ns=7116015 id=128 clt=1 wrkr=2 slot=2 size=10 src=client:1 dst=worker:2
event=resp_recv_ud ts_ns=7128679 id=129 clt=1 wrkr=11 slot=5 size=41 src=worker:11 dst=client:1
event=hand_send ts_ns=7137326 id=129 clt=1 wrkr=11 slot=5 size=10 src=client:1 dst=worker:11
event=resp_rdma_read ts_ns=8933134 id=97 start_ns=6197933 dur_ns=2735201 clt=1 wrkr=3 slot=1 size=921608 src=worker:3 dst=client:1
event=req_send ts_ns=8933134 id=145 clt=1 wrkr=2 slot=3 size=17 src=client:1 dst=worker:2
event=resp_recv_ud ts_ns=8968740 id=145 clt=1 wrkr=2 slot=3 size=41 src=worker:2 dst=client:1
event=hand_send ts_ns=8977387 id=145 clt=1 wrkr=2 slot=3 size=10 src=client:1 dst=worker:2
event=resp_rdma_read ts_ns=9024528 id=96 start_ns=6151431 dur_ns=2873097 clt=1 wrkr=8 slot=4 size=921608 src=worker:8 dst=client:1
event=req_send ts_ns=9024528 id=146 clt=1 wrkr=2 slot=4 size=17 src=client:1 dst=worker:2
event=resp_recv_ud ts_ns=9060978 id=146 clt=1 wrkr=2 slot=4 size=41 src=worker:2 dst=client:1
event=hand_send ts_ns=9069625 id=146 clt=1 wrkr=2 slot=4 size=10 src=client:1 dst=worker:2
event=resp_rdma_read ts_ns=9144397 id=98 start_ns=6239199 dur_ns=2905198 clt=1 wrkr=0 slot=3 size=921608 src=worker:0 dst=client:1
event=req_send ts_ns=9144397 id=149 clt=1 wrkr=9 slot=5 size=17 src=client:1 dst=worker:9
event=resp_rdma_read ts_ns=9148572 id=102 start_ns=6429346 dur_ns=2719226 clt=1 wrkr=9 slot=4 size=921608 src=worker:9 dst=client:1
event=req_send ts_ns=9148572 id=150 clt=1 wrkr=4 slot=2 size=17 src=client:1 dst=worker:4
event=resp_recv_ud ts_ns=9194863 id=149 clt=1 wrkr=9 slot=5 size=41 src=worker:9 dst=client:1
event=hand_send ts_ns=9203510 id=149 clt=1 wrkr=9 slot=5 size=10 src=client:1 dst=worker:9
event=resp_recv_ud ts_ns=9203998 id=150 clt=1 wrkr=4 slot=2 size=41 src=worker:4 dst=client:1
event=hand_send ts_ns=9212645 id=150 clt=1 wrkr=4 slot=2 size=10 src=client:1 dst=worker:4
event=resp_rdma_read ts_ns=9299806 id=101 start_ns=6410456 dur_ns=2889350 clt=1 wrkr=2 slot=1 size=921608 src=worker:2 dst=client:1
event=req_send ts_ns=9299806 id=152 clt=1 wrkr=11 slot=6 size=17 src=client:1 dst=worker:11
event=resp_recv_ud ts_ns=9333507 id=152 clt=1 wrkr=11 slot=6 size=41 src=worker:11 dst=client:1
event=hand_send ts_ns=9342154 id=152 clt=1 wrkr=11 slot=6 size=10 src=client:1 dst=worker:11
event=resp_rdma_read ts_ns=9732152 id=108 start_ns=6585821 dur_ns=3146331 clt=1 wrkr=7 slot=2 size=921608 src=worker:7 dst=client:1
event=req_send ts_ns=9732152 id=157 clt=1 wrkr=8 slot=5 size=17 src=client:1 dst=worker:8
event=resp_recv_ud ts_ns=9779377 id=157 clt=1 wrkr=8 slot=5 size=41 src=worker:8 dst=client:1
event=hand_send ts_ns=9788024 id=157 clt=1 wrkr=8 slot=5 size=10 src=client:1 dst=worker:8
event=resp_rdma_read ts_ns=9949193 id=116 start_ns=6830045 dur_ns=3119148 clt=1 wrkr=11 slot=3 size=921608 src=worker:11 dst=client:1
event=req_send ts_ns=9949193 id=160 clt=1 wrkr=6 slot=4 size=17 src=client:1 dst=worker:6
event=resp_recv_ud ts_ns=10003248 id=160 clt=1 wrkr=6 slot=4 size=41 src=worker:6 dst=client:1
event=hand_send ts_ns=10011895 id=160 clt=1 wrkr=6 slot=4 size=10 src=client:1 dst=worker:6
event=resp_rdma_read ts_ns=10015189 id=114 start_ns=6783477 dur_ns=3231712 clt=1 wrkr=6 slot=3 size=921608 src=worker:6 dst=client:1
event=req_send ts_ns=10015189 id=163 clt=1 wrkr=9 slot=6 size=17 src=client:1 dst=worker:9
event=resp_recv_ud ts_ns=10071229 id=163 clt=1 wrkr=9 slot=6 size=41 src=worker:9 dst=client:1
event=hand_send ts_ns=10079876 id=163 clt=1 wrkr=9 slot=6 size=10 src=client:1 dst=worker:9
event=resp_rdma_read ts_ns=10287093 id=115 start_ns=6801685 dur_ns=3485408 clt=1 wrkr=11 slot=2 size=921608 src=worker:11 dst=client:1
event=req_send ts_ns=10287093 id=168 clt=1 wrkr=3 slot=3 size=17 src=client:1 dst=worker:3
event=resp_rdma_read ts_ns=10326229 id=121 start_ns=6969591 dur_ns=3356638 clt=1 wrkr=1 slot=6 size=921608 src=worker:1 dst=client:1
event=req_send ts_ns=10326229 id=171 clt=1 wrkr=5 slot=1 size=17 src=client:1 dst=worker:5
event=resp_recv_ud ts_ns=10342971 id=168 clt=1 wrkr=3 slot=3 size=41 src=worker:3 dst=client:1
event=hand_send ts_ns=10351618 id=168 clt=1 wrkr=3 slot=3 size=10 src=client:1 dst=worker:3
event=resp_recv_ud ts_ns=10385908 id=171 clt=1 wrkr=5 slot=1 size=41 src=worker:5 dst=client:1
event=hand_send ts_ns=10394555 id=171 clt=1 wrkr=5 slot=1 size=10 src=client:1 dst=worker:5
event=resp_rdma_read ts_ns=10454632 id=117 start_ns=6894138 dur_ns=3560494 clt=1 wrkr=0 slot=4 size=921608 src=worker:0 dst=client:1
event=req_send ts_ns=10454632 id=174 clt=1 wrkr=4 slot=3 size=17 src=client:1 dst=worker:4
event=resp_recv_ud ts_ns=10515912 id=174 clt=1 wrkr=4 slot=3 size=41 src=worker:4 dst=client:1
event=hand_send ts_ns=10524559 id=174 clt=1 wrkr=4 slot=3 size=10 src=client:1 dst=worker:4
event=resp_rdma_read ts_ns=10734129 id=123 start_ns=7020722 dur_ns=3713407 clt=1 wrkr=3 slot=2 size=921608 src=worker:3 dst=client:1
event=req_send ts_ns=10734129 id=183 clt=1 wrkr=6 slot=5 size=17 src=client:1 dst=worker:6
event=resp_recv_ud ts_ns=10799377 id=183 clt=1 wrkr=6 slot=5 size=41 src=worker:6 dst=client:1
event=hand_send ts_ns=10808024 id=183 clt=1 wrkr=6 slot=5 size=10 src=client:1 dst=worker:6
event=resp_rdma_read ts_ns=10822996 id=126 start_ns=7099194 dur_ns=3723802 clt=1 wrkr=11 slot=4 size=921608 src=worker:11 dst=client:1
event=req_send ts_ns=10822996 id=185 clt=1 wrkr=9 slot=7 size=17 src=client:1 dst=worker:9
event=resp_recv_ud ts_ns=10889678 id=185 clt=1 wrkr=9 slot=7 size=41 src=worker:9 dst=client:1
event=hand_send ts_ns=10898325 id=185 clt=1 wrkr=9 slot=7 size=10 src=client:1 dst=worker:9
event=resp_rdma_read ts_ns=11216568 id=124 start_ns=7035904 dur_ns=4180664 clt=1 wrkr=0 slot=5 size=921608 src=worker:0 dst=client:1
event=req_send ts_ns=11216568 id=188 clt=1 wrkr=8 slot=6 size=17 src=client:1 dst=worker:8
event=resp_rdma_read ts_ns=11220462 id=128 start_ns=7116015 dur_ns=4104447 clt=1 wrkr=2 slot=2 size=921608 src=worker:2 dst=client:1
event=req_send ts_ns=11220462 id=190 clt=1 wrkr=10 slot=3 size=17 src=client:1 dst=worker:10
event=resp_recv_ud ts_ns=11258337 id=188 clt=1 wrkr=8 slot=6 size=41 src=worker:8 dst=client:1
event=hand_send ts_ns=11266984 id=188 clt=1 wrkr=8 slot=6 size=10 src=client:1 dst=worker:8
event=resp_recv_ud ts_ns=11284285 id=190 clt=1 wrkr=10 slot=3 size=41 src=worker:10 dst=client:1
event=hand_send ts_ns=11292932 id=190 clt=1 wrkr=10 slot=3 size=10 src=client:1 dst=worker:10
event=resp_rdma_read ts_ns=11403566 id=145 start_ns=8977387 dur_ns=2426179 clt=1 wrkr=2 slot=3 size=921608 src=worker:2 dst=client:1
event=req_send ts_ns=11403566 id=192 clt=1 wrkr=3 slot=4 size=17 src=client:1 dst=worker:3
event=resp_recv_ud ts_ns=11440583 id=192 clt=1 wrkr=3 slot=4 size=41 src=worker:3 dst=client:1
event=hand_send ts_ns=11449230 id=192 clt=1 wrkr=3 slot=4 size=10 src=client:1 dst=worker:3
event=resp_rdma_read ts_ns=11556134 id=129 start_ns=7137326 dur_ns=4418808 clt=1 wrkr=11 slot=5 size=921608 src=worker:11 dst=client:1
event=req_send ts_ns=11556134 id=193 clt=1 wrkr=4 slot=4 size=17 src=client:1 dst=worker:4
event=resp_recv_ud ts_ns=11590759 id=193 clt=1 wrkr=4 slot=4 size=41 src=worker:4 dst=client:1
event=hand_send ts_ns=11599406 id=193 clt=1 wrkr=4 slot=4 size=10 src=client:1 dst=worker:4
event=resp_rdma_read ts_ns=11761918 id=146 start_ns=9069625 dur_ns=2692293 clt=1 wrkr=2 slot=4 size=921608 src=worker:2 dst=client:1
event=req_send ts_ns=11761918 id=194 clt=1 wrkr=4 slot=5 size=17 src=client:1 dst=worker:4
event=resp_rdma_read ts_ns=11778196 id=149 start_ns=9203510 dur_ns=2574686 clt=1 wrkr=9 slot=5 size=921608 src=worker:9 dst=client:1
event=req_send ts_ns=11778196 id=195 clt=1 wrkr=6 slot=6 size=17 src=client:1 dst=worker:6
event=resp_recv_ud ts_ns=11796399 id=194 clt=1 wrkr=4 slot=5 size=41 src=worker:4 dst=client:1
event=hand_send ts_ns=11805046 id=194 clt=1 wrkr=4 slot=5 size=10 src=client:1 dst=worker:4
event=resp_rdma_read ts_ns=11822301 id=150 start_ns=9212645 dur_ns=2609656 clt=1 wrkr=4 slot=2 size=921608 src=worker:4 dst=client:1
event=req_send ts_ns=11822301 id=196 clt=1 wrkr=11 slot=7 size=17 src=client:1 dst=worker:11
event=resp_rdma_read ts_ns=11825637 id=152 start_ns=9342154 dur_ns=2483483 clt=1 wrkr=11 slot=6 size=921608 src=worker:11 dst=client:1
event=req_send ts_ns=11825637 id=197 clt=1 wrkr=10 slot=4 size=17 src=client:1 dst=worker:10
event=resp_recv_ud ts_ns=11834976 id=195 clt=1 wrkr=6 slot=6 size=41 src=worker:6 dst=client:1
event=hand_send ts_ns=11843623 id=195 clt=1 wrkr=6 slot=6 size=10 src=client:1 dst=worker:6
event=resp_recv_ud ts_ns=11878689 id=196 clt=1 wrkr=11 slot=7 size=41 src=worker:11 dst=client:1
event=resp_recv_ud ts_ns=11882015 id=197 clt=1 wrkr=10 slot=4 size=41 src=worker:10 dst=client:1
event=hand_send ts_ns=11887336 id=196 clt=1 wrkr=11 slot=7 size=10 src=client:1 dst=worker:11
event=hand_send ts_ns=11890662 id=197 clt=1 wrkr=10 slot=4 size=10 src=client:1 dst=worker:10
event=resp_rdma_read ts_ns=11979718 id=157 start_ns=9788024 dur_ns=2191694 clt=1 wrkr=8 slot=5 size=921608 src=worker:8 dst=client:1
event=req_send ts_ns=11979718 id=201 clt=1 wrkr=2 slot=5 size=17 src=client:1 dst=worker:2
event=resp_recv_ud ts_ns=12028717 id=201 clt=1 wrkr=2 slot=5 size=41 src=worker:2 dst=client:1
event=hand_send ts_ns=12037364 id=201 clt=1 wrkr=2 slot=5 size=10 src=client:1 dst=worker:2
event=resp_rdma_read ts_ns=12626204 id=160 start_ns=10011895 dur_ns=2614309 clt=1 wrkr=6 slot=4 size=921608 src=worker:6 dst=client:1
event=req_send ts_ns=12626204 id=206 clt=1 wrkr=9 slot=8 size=17 src=client:1 dst=worker:9
event=resp_recv_ud ts_ns=12668871 id=206 clt=1 wrkr=9 slot=8 size=41 src=worker:9 dst=client:1
event=hand_send ts_ns=12677518 id=206 clt=1 wrkr=9 slot=8 size=10 src=client:1 dst=worker:9
event=resp_rdma_read ts_ns=13030571 id=163 start_ns=10079876 dur_ns=2950695 clt=1 wrkr=9 slot=6 size=921608 src=worker:9 dst=client:1
event=req_send ts_ns=13030571 id=215 clt=1 wrkr=0 slot=6 size=17 src=client:1 dst=worker:0
event=resp_recv_ud ts_ns=13081007 id=215 clt=1 wrkr=0 slot=6 size=41 src=worker:0 dst=client:1
event=hand_send ts_ns=13089654 id=215 clt=1 wrkr=0 slot=6 size=10 src=client:1 dst=worker:0
event=resp_rdma_read ts_ns=13426352 id=168 start_ns=10351618 dur_ns=3074734 clt=1 wrkr=3 slot=3 size=921608 src=worker:3 dst=client:1
event=req_send ts_ns=13426352 id=218 clt=1 wrkr=5 slot=2 size=17 src=client:1 dst=worker:5
event=resp_recv_ud ts_ns=13477071 id=218 clt=1 wrkr=5 slot=2 size=41 src=worker:5 dst=client:1
event=hand_send ts_ns=13485718 id=218 clt=1 wrkr=5 slot=2 size=10 src=client:1 dst=worker:5
event=resp_rdma_read ts_ns=13538034 id=171 start_ns=10394555 dur_ns=3143479 clt=1 wrkr=5 slot=1 size=921608 src=worker:5 dst=client:1
event=req_send ts_ns=13538034 id=221 clt=1 wrkr=11 slot=8 size=17 src=client:1 dst=worker:11
event=resp_recv_ud ts_ns=13596775 id=221 clt=1 wrkr=11 slot=8 size=41 src=worker:11 dst=client:1
event=resp_rdma_read ts_ns=13598607 id=174 start_ns=10524559 dur_ns=3074048 clt=1 wrkr=4 slot=3 size=921608 src=worker:4 dst=client:1
event=req_send ts_ns=13598607 id=224 clt=1 wrkr=6 slot=7 size=17 src=client:1 dst=worker:6
event=hand_send ts_ns=13605422 id=221 clt=1 wrkr=11 slot=8 size=10 src=client:1 dst=worker:11
event=resp_recv_ud ts_ns=13657109 id=224 clt=1 wrkr=6 slot=7 size=41 src=worker:6 dst=client:1
event=hand_send ts_ns=13665756 id=224 clt=1 wrkr=6 slot=7 size=10 src=client:1 dst=worker:6
event=resp_rdma_read ts_ns=13882125 id=192 start_ns=11449230 dur_ns=2432895 clt=1 wrkr=3 slot=4 size=921608 src=worker:3 dst=client:1
event=req_send ts_ns=13882125 id=226 clt=1 wrkr=1 slot=7 size=17 src=client:1 dst=worker:1
event=resp_rdma_read ts_ns=13910813 id=185 start_ns=10898325 dur_ns=3012488 clt=1 wrkr=9 slot=7 size=921608 src=worker:9 dst=client:1
event=req_send ts_ns=13910813 id=227 clt=1 wrkr=11 slot=9 size=17 src=client:1 dst=worker:11
event=resp_recv_ud ts_ns=13925060 id=226 clt=1 wrkr=1 slot=7 size=41 src=worker:1 dst=client:1
event=hand_send ts_ns=13933707 id=226 clt=1 wrkr=1 slot=7 size=10 src=client:1 dst=worker:1
event=resp_recv_ud ts_ns=13971073 id=227 clt=1 wrkr=11 slot=9 size=41 src=worker:11 dst=client:1
event=hand_send ts_ns=13979720 id=227 clt=1 wrkr=11 slot=9 size=10 src=client:1 dst=worker:11
event=resp_rdma_read ts_ns=14035395 id=183 start_ns=10808024 dur_ns=3227371 clt=1 wrkr=6 slot=5 size=921608 src=worker:6 dst=client:1
event=req_send ts_ns=14035395 id=230 clt=1 wrkr=4 slot=6 size=17 src=client:1 dst=worker:4
event=resp_rdma_read ts_ns=14076061 id=190 start_ns=11292932 dur_ns=2783129 clt=1 wrkr=10 slot=3 size=921608 src=worker:10 dst=client:1
event=req_send ts_ns=14076061 id=232 clt=1 wrkr=3 slot=5 size=17 src=client:1 dst=worker:3
event=resp_rdma_read ts_ns=14086752 id=193 start_ns=11599406 dur_ns=2487346 clt=1 wrkr=4 slot=4 size=921608 src=worker:4 dst=client:1
event=req_send ts_ns=14086752 id=233 clt=1 wrkr=9 slot=9 size=17 src=client:1 dst=worker:9
event=resp_recv_ud ts_ns=14096443 id=230 clt=1 wrkr=4 slot=6 size=41 src=worker:4 dst=client:1
event=hand_send ts_ns=14105090 id=230 clt=1 wrkr=4 slot=6 size=10 src=client:1 dst=worker:4
event=resp_recv_ud ts_ns=14136238 id=232 clt=1 wrkr=3 slot=5 size=41 src=worker:3 dst=client:1
event=hand_send ts_ns=14144885 id=232 clt=1 wrkr=3 slot=5 size=10 src=client:1 dst=worker:3
event=resp_recv_ud ts_ns=14146174 id=233 clt=1 wrkr=9 slot=9 size=41 src=worker:9 dst=client:1
event=hand_send ts_ns=14154821 id=233 clt=1 wrkr=9 slot=9 size=10 src=client:1 dst=worker:9
event=resp_rdma_read ts_ns=14326672 id=188 start_ns=11266984 dur_ns=3059688 clt=1 wrkr=8 slot=6 size=921608 src=worker:8 dst=client:1
event=req_send ts_ns=14326672 id=239 clt=1 wrkr=6 slot=8 size=17 src=client:1 dst=worker:6
event=resp_recv_ud ts_ns=14386685 id=239 clt=1 wrkr=6 slot=8 size=41 src=worker:6 dst=client:1
event=hand_send ts_ns=14395332 id=239 clt=1 wrkr=6 slot=8 size=10 src=client:1 dst=worker:6
event=resp_rdma_read ts_ns=14497598 id=196 start_ns=11887336 dur_ns=2610262 clt=1 wrkr=11 slot=7 size=921608 src=worker:11 dst=client:1
event=req_send ts_ns=14497598 id=242 clt=1 wrkr=5 slot=3 size=17 src=client:1 dst=worker:5
event=resp_rdma_read ts_ns=14549797 id=194 start_ns=11805046 dur_ns=2744751 clt=1 wrkr=4 slot=5 size=921608 src=worker:4 dst=client:1
event=req_send ts_ns=14549797 id=244 clt=1 wrkr=6 slot=9 size=17 src=client:1 dst=worker:6
event=resp_recv_ud ts_ns=14560395 id=242 clt=1 wrkr=5 slot=3 size=41 src=worker:5 dst=client:1
event=hand_send ts_ns=14569042 id=242 clt=1 wrkr=5 slot=3 size=10 src=client:1 dst=worker:5
event=resp_recv_ud ts_ns=14609686 id=244 clt=1 wrkr=6 slot=9 size=41 src=worker:6 dst=client:1
event=hand_send ts_ns=14618333 id=244 clt=1 wrkr=6 slot=9 size=10 src=client:1 dst=worker:6
event=resp_rdma_read ts_ns=14636573 id=195 start_ns=11843623 dur_ns=2792950 clt=1 wrkr=6 slot=6 size=921608 src=worker:6 dst=client:1
event=req_send ts_ns=14636573 id=246 clt=1 wrkr=9 slot=10 size=17 src=client:1 dst=worker:9
event=resp_recv_ud ts_ns=14695927 id=246 clt=1 wrkr=9 slot=10 size=41 src=worker:9 dst=client:1
event=hand_send ts_ns=14704574 id=246 clt=1 wrkr=9 slot=10 size=10 src=client:1 dst=worker:9
event=resp_rdma_read ts_ns=14727551 id=197 start_ns=11890662 dur_ns=2836889 clt=1 wrkr=10 slot=4 size=921608 src=worker:10 dst=client:1
event=req_send ts_ns=14727551 id=247 clt=1 wrkr=8 slot=7 size=17 src=client:1 dst=worker:8
event=resp_recv_ud ts_ns=14779935 id=247 clt=1 wrkr=8 slot=7 size=41 src=worker:8 dst=client:1
event=hand_send ts_ns=14788582 id=247 clt=1 wrkr=8 slot=7 size=10 src=client:1 dst=worker:8
event=resp_rdma_read ts_ns=14998222 id=201 start_ns=12037364 dur_ns=2960858 clt=1 wrkr=2 slot=5 size=921608 src=worker:2 dst=client:1
event=req_send ts_ns=14998222 id=253 clt=1 wrkr=5 slot=4 size=17 src=client:1 dst=worker:5
event=resp_recv_ud ts_ns=15062424 id=253 clt=1 wrkr=5 slot=4 size=41 src=worker:5 dst=client:1
event=hand_send ts_ns=15071071 id=253 clt=1 wrkr=5 slot=4 size=10 src=client:1 dst=worker:5
event=resp_rdma_read ts_ns=15424552 id=215 start_ns=13089654 dur_ns=2334898 clt=1 wrkr=0 slot=6 size=921608 src=worker:0 dst=client:1
event=req_send ts_ns=15424552 id=256 clt=1 wrkr=4 slot=7 size=17 src=client:1 dst=worker:4
event=resp_recv_ud ts_ns=15462717 id=256 clt=1 wrkr=4 slot=7 size=41 src=worker:4 dst=client:1
event=hand_send ts_ns=15471364 id=256 clt=1 wrkr=4 slot=7 size=10 src=client:1 dst=worker:4
event=resp_rdma_read ts_ns=15596868 id=206 start_ns=12677518 dur_ns=2919350 clt=1 wrkr=9 slot=8 size=921608 src=worker:9 dst=client:1
event=req_send ts_ns=15596868 id=257 clt=1 wrkr=2 slot=6 size=17 src=client:1 dst=worker:2
event=resp_recv_ud ts_ns=15632919 id=257 clt=1 wrkr=2 slot=6 size=41 src=worker:2 dst=client:1
event=hand_send ts_ns=15641566 id=257 clt=1 wrkr=2 slot=6 size=10 src=client:1 dst=worker:2
event=resp_rdma_read ts_ns=16500938 id=218 start_ns=13485718 dur_ns=3015220 clt=1 wrkr=5 slot=2 size=921608 src=worker:5 dst=client:1
event=req_send ts_ns=16500938 id=271 clt=1 wrkr=4 slot=8 size=17 src=client:1 dst=worker:4
event=resp_recv_ud ts_ns=16557396 id=271 clt=1 wrkr=4 slot=8 size=41 src=worker:4 dst=client:1
event=hand_send ts_ns=16566043 id=271 clt=1 wrkr=4 slot=8 size=10 src=client:1 dst=worker:4
event=resp_rdma_read ts_ns=16626410 id=221 start_ns=13605422 dur_ns=3020988 clt=1 wrkr=11 slot=8 size=921608 src=worker:11 dst=client:1
event=req_send ts_ns=16626410 id=273 clt=1 wrkr=5 slot=5 size=17 src=client:1 dst=worker:5
event=resp_rdma_read ts_ns=16669956 id=232 start_ns=14144885 dur_ns=2525071 clt=1 wrkr=3 slot=5 size=921608 src=worker:3 dst=client:1
event=req_send ts_ns=16669956 id=274 clt=1 wrkr=9 slot=11 size=17 src=client:1 dst=worker:9
event=resp_recv_ud ts_ns=16677477 id=273 clt=1 wrkr=5 slot=5 size=41 src=worker:5 dst=client:1
event=resp_rdma_read ts_ns=16683413 id=224 start_ns=13665756 dur_ns=3017657 clt=1 wrkr=6 slot=7 size=921608 src=worker:6 dst=client:1
event=req_send ts_ns=16683413 id=275 clt=1 wrkr=9 slot=12 size=17 src=client:1 dst=worker:9
event=hand_send ts_ns=16686124 id=273 clt=1 wrkr=5 slot=5 size=10 src=client:1 dst=worker:5
event=resp_recv_ud ts_ns=16724132 id=274 clt=1 wrkr=9 slot=11 size=41 src=worker:9 dst=client:1
event=hand_send ts_ns=16732779 id=274 clt=1 wrkr=9 slot=11 size=10 src=client:1 dst=worker:9
event=resp_recv_ud ts_ns=16740031 id=275 clt=1 wrkr=9 slot=12 size=41 src=worker:9 dst=client:1
event=hand_send ts_ns=16748678 id=275 clt=1 wrkr=9 slot=12 size=10 src=client:1 dst=worker:9
event=resp_rdma_read ts_ns=16892389 id=226 start_ns=13933707 dur_ns=2958682 clt=1 wrkr=1 slot=7 size=921608 src=worker:1 dst=client:1
event=req_send ts_ns=16892389 id=276 clt=1 wrkr=7 slot=3 size=17 src=client:1 dst=worker:7
event=resp_rdma_read ts_ns=16924612 id=230 start_ns=14105090 dur_ns=2819522 clt=1 wrkr=4 slot=6 size=921608 src=worker:4 dst=client:1
event=req_send ts_ns=16924612 id=278 clt=1 wrkr=3 slot=6 size=17 src=client:1 dst=worker:3
event=resp_recv_ud ts_ns=16930330 id=276 clt=1 wrkr=7 slot=3 size=41 src=worker:7 dst=client:1
event=hand_send ts_ns=16938977 id=276 clt=1 wrkr=7 slot=3 size=10 src=client:1 dst=worker:7
event=resp_recv_ud ts_ns=16977772 id=278 clt=1 wrkr=3 slot=6 size=41 src=worker:3 dst=client:1
event=hand_send ts_ns=16986419 id=278 clt=1 wrkr=3 slot=6 size=10 src=client:1 dst=worker:3
event=resp_rdma_read ts_ns=17089931 id=227 start_ns=13979720 dur_ns=3110211 clt=1 wrkr=11 slot=9 size=921608 src=worker:11 dst=client:1
event=req_send ts_ns=17089931 id=281 clt=1 wrkr=11 slot=10 size=17 src=client:1 dst=worker:11
event=resp_recv_ud ts_ns=17148252 id=281 clt=1 wrkr=11 slot=10 size=41 src=worker:11 dst=client:1
event=hand_send ts_ns=17156899 id=281 clt=1 wrkr=11 slot=10 size=10 src=client:1 dst=worker:11
event=resp_rdma_read ts_ns=17199562 id=233 start_ns=14154821 dur_ns=3044741 clt=1 wrkr=9 slot=9 size=921608 src=worker:9 dst=client:1
event=req_send ts_ns=17199562 id=284 clt=1 wrkr=10 slot=5 size=17 src=client:1 dst=worker:10
event=resp_recv_ud ts_ns=17260718 id=284 clt=1 wrkr=10 slot=5 size=41 src=worker:10 dst=client:1
event=hand_send ts_ns=17269365 id=284 clt=1 wrkr=10 slot=5 size=10 src=client:1 dst=worker:10
event=resp_rdma_read ts_ns=17568292 id=239 start_ns=14395332 dur_ns=3172960 clt=1 wrkr=6 slot=8 size=921608 src=worker:6 dst=client:1
event=req_send ts_ns=17568292 id=289 clt=1 wrkr=9 slot=13 size=17 src=client:1 dst=worker:9
event=resp_rdma_read ts_ns=17623993 id=253 start_ns=15071071 dur_ns=2552922 clt=1 wrkr=5 slot=4 size=921608 src=worker:5 dst=client:1
event=req_send ts_ns=17623993 id=290 clt=1 wrkr=10 slot=6 size=17 src=client:1 dst=worker:10
event=resp_recv_ud ts_ns=17628761 id=289 clt=1 wrkr=9 slot=13 size=41 src=worker:9 dst=client:1
event=hand_send ts_ns=17637408 id=289 clt=1 wrkr=9 slot=13 size=10 src=client:1 dst=worker:9
event=resp_rdma_read ts_ns=17654440 id=242 start_ns=14569042 dur_ns=3085398 clt=1 wrkr=5 slot=3 size=921608 src=worker:5 dst=client:1
event=req_send ts_ns=17654440 id=292 clt=1 wrkr=2 slot=7 size=17 src=client:1 dst=worker:2
event=resp_recv_ud ts_ns=17683578 id=290 clt=1 wrkr=10 slot=6 size=41 src=worker:10 dst=client:1
event=hand_send ts_ns=17692225 id=290 clt=1 wrkr=10 slot=6 size=10 src=client:1 dst=worker:10
event=resp_recv_ud ts_ns=17714532 id=292 clt=1 wrkr=2 slot=7 size=41 src=worker:2 dst=client:1
event=hand_send ts_ns=17723179 id=292 clt=1 wrkr=2 slot=7 size=10 src=client:1 dst=worker:2
event=resp_rdma_read ts_ns=17887628 id=244 start_ns=14618333 dur_ns=3269295 clt=1 wrkr=6 slot=9 size=921608 src=worker:6 dst=client:1
event=req_send ts_ns=17887628 id=295 clt=1 wrkr=1 slot=8 size=17 src=client:1 dst=worker:1
event=resp_recv_ud ts_ns=17941851 id=295 clt=1 wrkr=1 slot=8 size=41 src=worker:1 dst=client:1
event=hand_send ts_ns=17950498 id=295 clt=1 wrkr=1 slot=8 size=10 src=client:1 dst=worker:1
event=resp_rdma_read ts_ns=17979376 id=256 start_ns=15471364 dur_ns=2508012 clt=1 wrkr=4 slot=7 size=921608 src=worker:4 dst=client:1
event=req_send ts_ns=17979376 id=297 clt=1 wrkr=0 slot=7 size=17 src=client:1 dst=worker:0
event=resp_recv_ud ts_ns=18033183 id=297 clt=1 wrkr=0 slot=7 size=41 src=worker:0 dst=client:1
event=hand_send ts_ns=18041830 id=297 clt=1 wrkr=0 slot=7 size=10 src=client:1 dst=worker:0
event=resp_rdma_read ts_ns=18234185 id=246 start_ns=14704574 dur_ns=3529611 clt=1 wrkr=9 slot=10 size=921608 src=worker:9 dst=client:1
event=req_send ts_ns=18234185 id=303 clt=1 wrkr=5 slot=6 size=17 src=client:1 dst=worker:5
event=resp_recv_ud ts_ns=18294128 id=303 clt=1 wrkr=5 slot=6 size=41 src=worker:5 dst=client:1
event=hand_send ts_ns=18302775 id=303 clt=1 wrkr=5 slot=6 size=10 src=client:1 dst=worker:5
event=resp_rdma_read ts_ns=18319385 id=247 start_ns=14788582 dur_ns=3530803 clt=1 wrkr=8 slot=7 size=921608 src=worker:8 dst=client:1
event=req_send ts_ns=18319385 id=304 clt=1 wrkr=11 slot=11 size=17 src=client:1 dst=worker:11
event=resp_recv_ud ts_ns=18369554 id=304 clt=1 wrkr=11 slot=11 size=41 src=worker:11 dst=client:1
event=hand_send ts_ns=18378201 id=304 clt=1 wrkr=11 slot=11 size=10 src=client:1 dst=worker:11
event=resp_rdma_read ts_ns=18499605 id=257 start_ns=15641566 dur_ns=2858039 clt=1 wrkr=2 slot=6 size=921608 src=worker:2 dst=client:1
event=req_send ts_ns=18499605 id=309 clt=1 wrkr=5 slot=7 size=17 src=client:1 dst=worker:5
event=resp_recv_ud ts_ns=18560065 id=309 clt=1 wrkr=5 slot=7 size=41 src=worker:5 dst=client:1
event=hand_send ts_ns=18568712 id=309 clt=1 wrkr=5 slot=7 size=10 src=client:1 dst=worker:5
event=resp_rdma_read ts_ns=19243544 id=275 start_ns=16748678 dur_ns=2494866 clt=1 wrkr=9 slot=12 size=921608 src=worker:9 dst=client:1
event=req_send ts_ns=19243544 id=316 clt=1 wrkr=7 slot=4 size=17 src=client:1 dst=worker:7
event=resp_recv_ud ts_ns=19279901 id=316 clt=1 wrkr=7 slot=4 size=41 src=worker:7 dst=client:1
event=hand_send ts_ns=19288548 id=316 clt=1 wrkr=7 slot=4 size=10 src=client:1 dst=worker:7
event=resp_rdma_read ts_ns=19436710 id=271 start_ns=16566043 dur_ns=2870667 clt=1 wrkr=4 slot=8 size=921608 src=worker:4 dst=client:1
event=req_send ts_ns=19436710 id=320 clt=1 wrkr=10 slot=7 size=17 src=client:1 dst=worker:10
event=resp_rdma_read ts_ns=19458132 id=278 start_ns=16986419 dur_ns=2471713 clt=1 wrkr=3 slot=6 size=921608 src=worker:3 dst=client:1
event=req_send ts_ns=19458132 id=321 clt=1 wrkr=1 slot=9 size=17 src=client:1 dst=worker:1
event=resp_recv_ud ts_ns=19490433 id=320 clt=1 wrkr=10 slot=7 size=41 src=worker:10 dst=client:1
event=hand_send ts_ns=19499080 id=320 clt=1 wrkr=10 slot=7 size=10 src=client:1 dst=worker:10
event=resp_recv_ud ts_ns=19506318 id=321 clt=1 wrkr=1 slot=9 size=41 src=worker:1 dst=client:1
event=hand_send ts_ns=19514965 id=321 clt=1 wrkr=1 slot=9 size=10 src=client:1 dst=worker:1
event=resp_rdma_read ts_ns=19583960 id=273 start_ns=16686124 dur_ns=2897836 clt=1 wrkr=5 slot=5 size=921608 src=worker:5 dst=client:1
event=req_send ts_ns=19583960 id=323 clt=1 wrkr=1 slot=10 size=17 src=client:1 dst=worker:1
event=resp_rdma_read ts_ns=19621768 id=274 start_ns=16732779 dur_ns=2888989 clt=1 wrkr=9 slot=11 size=921608 src=worker:9 dst=client:1
event=req_send ts_ns=19621768 id=324 clt=1 wrkr=9 slot=14 size=17 src=client:1 dst=worker:9
event=resp_recv_ud ts_ns=19635185 id=323 clt=1 wrkr=1 slot=10 size=41 src=worker:1 dst=client:1
event=hand_send ts_ns=19643832 id=323 clt=1 wrkr=1 slot=10 size=10 src=client:1 dst=worker:1
event=resp_recv_ud ts_ns=19678697 id=324 clt=1 wrkr=9 slot=14 size=41 src=worker:9 dst=client:1
event=hand_send ts_ns=19687344 id=324 clt=1 wrkr=9 slot=14 size=10 src=client:1 dst=worker:9
event=resp_rdma_read ts_ns=19862706 id=276 start_ns=16938977 dur_ns=2923729 clt=1 wrkr=7 slot=3 size=921608 src=worker:7 dst=client:1
event=req_send ts_ns=19862706 id=327 clt=1 wrkr=0 slot=8 size=17 src=client:1 dst=worker:0
event=resp_recv_ud ts_ns=19920405 id=327 clt=1 wrkr=0 slot=8 size=41 src=worker:0 dst=client:1
event=hand_send ts_ns=19929052 id=327 clt=1 wrkr=0 slot=8 size=10 src=client:1 dst=worker:0
event=resp_rdma_read ts_ns=20224986 id=292 start_ns=17723179 dur_ns=2501807 clt=1 wrkr=2 slot=7 size=921608 src=worker:2 dst=client:1
event=req_send ts_ns=20224986 id=332 clt=1 wrkr=5 slot=8 size=17 src=client:1 dst=worker:5
event=resp_recv_ud ts_ns=20276928 id=332 clt=1 wrkr=5 slot=8 size=41 src=worker:5 dst=client:1
event=hand_send ts_ns=20285575 id=332 clt=1 wrkr=5 slot=8 size=10 src=client:1 dst=worker:5
event=resp_rdma_read ts_ns=20383978 id=281 start_ns=17156899 dur_ns=3227079 clt=1 wrkr=11 slot=10 size=921608 src=worker:11 dst=client:1
event=req_send ts_ns=20383978 id=335 clt=1 wrkr=8 slot=8 size=17 src=client:1 dst=worker:8
event=resp_recv_ud ts_ns=20440983 id=335 clt=1 wrkr=8 slot=8 size=41 src=worker:8 dst=client:1
event=hand_send ts_ns=20449630 id=335 clt=1 wrkr=8 slot=8 size=10 src=client:1 dst=worker:8
event=resp_rdma_read ts_ns=20481863 id=290 start_ns=17692225 dur_ns=2789638 clt=1 wrkr=10 slot=6 size=921608 src=worker:10 dst=client:1
event=req_send ts_ns=20481863 id=338 clt=1 wrkr=8 slot=9 size=17 src=client:1 dst=worker:8
event=resp_recv_ud ts_ns=20535110 id=338 clt=1 wrkr=8 slot=9 size=41 src=worker:8 dst=client:1
event=hand_send ts_ns=20543757 id=338 clt=1 wrkr=8 slot=9 size=10 src=client:1 dst=worker:8
event=resp_rdma_read ts_ns=20561517 id=309 start_ns=18568712 dur_ns=1992805 clt=1 wrkr=5 slot=7 size=921608 src=worker:5 dst=client:1
event=req_send ts_ns=20561517 id=340 clt=1 wrkr=9 slot=15 size=17 src=client:1 dst=worker:9
event=resp_rdma_read ts_ns=20577904 id=284 start_ns=17269365 dur_ns=3308539 clt=1 wrkr=10 slot=5 size=921608 src=worker:10 dst=client:1
event=req_send ts_ns=20577904 id=341 clt=1 wrkr=8 slot=10 size=17 src=client:1 dst=worker:8
event=resp_recv_ud ts_ns=20619011 id=340 clt=1 wrkr=9 slot=15 size=41 src=worker:9 dst=client:1
event=hand_send ts_ns=20627658 id=340 clt=1 wrkr=9 slot=15 size=10 src=client:1 dst=worker:9
event=resp_recv_ud ts_ns=20633045 id=341 clt=1 wrkr=8 slot=10 size=41 src=worker:8 dst=client:1
event=hand_send ts_ns=20641692 id=341 clt=1 wrkr=8 slot=10 size=10 src=client:1 dst=worker:8
event=resp_rdma_read ts_ns=20690400 id=289 start_ns=17637408 dur_ns=3052992 clt=1 wrkr=9 slot=13 size=921608 src=worker:9 dst=client:1
event=req_send ts_ns=20690400 id=345 clt=1 wrkr=1 slot=11 size=17 src=client:1 dst=worker:1
event=resp_recv_ud ts_ns=20743878 id=345 clt=1 wrkr=1 slot=11 size=41 src=worker:1 dst=client:1
event=hand_send ts_ns=20752525 id=345 clt=1 wrkr=1 slot=11 size=10 src=client:1 dst=worker:1
event=resp_rdma_read ts_ns=20758519 id=304 start_ns=18378201 dur_ns=2380318 clt=1 wrkr=11 slot=11 size=921608 src=worker:11 dst=client:1
event=req_send ts_ns=20758519 id=348 clt=1 wrkr=4 slot=9 size=17 src=client:1 dst=worker:4
event=resp_recv_ud ts_ns=20818485 id=348 clt=1 wrkr=4 slot=9 size=41 src=worker:4 dst=client:1
event=hand_send ts_ns=20827132 id=348 clt=1 wrkr=4 slot=9 size=10 src=client:1 dst=worker:4
event=resp_rdma_read ts_ns=20852888 id=295 start_ns=17950498 dur_ns=2902390 clt=1 wrkr=1 slot=8 size=921608 src=worker:1 dst=client:1
event=req_send ts_ns=20852888 id=350 clt=1 wrkr=8 slot=11 size=17 src=client:1 dst=worker:8
event=resp_recv_ud ts_ns=20913738 id=350 clt=1 wrkr=8 slot=11 size=41 src=worker:8 dst=client:1
event=hand_send ts_ns=20922385 id=350 clt=1 wrkr=8 slot=11 size=10 src=client:1 dst=worker:8
event=resp_rdma_read ts_ns=21023575 id=297 start_ns=18041830 dur_ns=2981745 clt=1 wrkr=0 slot=7 size=921608 src=worker:0 dst=client:1
event=req_send ts_ns=21023575 id=353 clt=1 wrkr=1 slot=12 size=17 src=client:1 dst=worker:1
event=resp_recv_ud ts_ns=21080503 id=353 clt=1 wrkr=1 slot=12 size=41 src=worker:1 dst=client:1
event=hand_send ts_ns=21089150 id=353 clt=1 wrkr=1 slot=12 size=10 src=client:1 dst=worker:1
event=resp_rdma_read ts_ns=21494839 id=303 start_ns=18302775 dur_ns=3192064 clt=1 wrkr=5 slot=6 size=921608 src=worker:5 dst=client:1
event=req_send ts_ns=21494839 id=359 clt=1 wrkr=6 slot=10 size=17 src=client:1 dst=worker:6
event=resp_recv_ud ts_ns=21534372 id=359 clt=1 wrkr=6 slot=10 size=41 src=worker:6 dst=client:1
event=hand_send ts_ns=21543019 id=359 clt=1 wrkr=6 slot=10 size=10 src=client:1 dst=worker:6
event=resp_rdma_read ts_ns=21799487 id=316 start_ns=19288548 dur_ns=2510939 clt=1 wrkr=7 slot=4 size=921608 src=worker:7 dst=client:1
event=req_send ts_ns=21799487 id=363 clt=1 wrkr=5 slot=9 size=17 src=client:1 dst=worker:5
event=resp_recv_ud ts_ns=21833630 id=363 clt=1 wrkr=5 slot=9 size=41 src=worker:5 dst=client:1
event=hand_send ts_ns=21842277 id=363 clt=1 wrkr=5 slot=9 size=10 src=client:1 dst=worker:5
event=resp_rdma_read ts_ns=21887349 id=324 start_ns=19687344 dur_ns=2200005 clt=1 wrkr=9 slot=14 size=921608 src=worker:9 dst=client:1
event=req_send ts_ns=21887349 id=365 clt=1 wrkr=7 slot=5 size=17 src=client:1 dst=worker:7
event=resp_recv_ud ts_ns=21941265 id=365 clt=1 wrkr=7 slot=5 size=41 src=worker:7 dst=client:1
event=hand_send ts_ns=21949912 id=365 clt=1 wrkr=7 slot=5 size=10 src=client:1 dst=worker:7
event=resp_rdma_read ts_ns=21958630 id=321 start_ns=19514965 dur_ns=2443665 clt=1 wrkr=1 slot=9 size=921608 src=worker:1 dst=client:1
event=req_send ts_ns=21958630 id=366 clt=1 wrkr=1 slot=13 size=17 src=client:1 dst=worker:1
event=resp_recv_ud ts_ns=22008389 id=366 clt=1 wrkr=1 slot=13 size=41 src=worker:1 dst=client:1
event=hand_send ts_ns=22017036 id=366 clt=1 wrkr=1 slot=13 size=10 src=client:1 dst=worker:1
event=resp_rdma_read ts_ns=22246855 id=320 start_ns=19499080 dur_ns=2747775 clt=1 wrkr=10 slot=7 size=921608 src=worker:10 dst=client:1
event=req_send ts_ns=22246855 id=371 clt=1 wrkr=8 slot=12 size=17 src=client:1 dst=worker:8
event=resp_recv_ud ts_ns=22299809 id=371 clt=1 wrkr=8 slot=12 size=41 src=worker:8 dst=client:1
event=hand_send ts_ns=22308456 id=371 clt=1 wrkr=8 slot=12 size=10 src=client:1 dst=worker:8
event=resp_rdma_read ts_ns=22362677 id=323 start_ns=19643832 dur_ns=2718845 clt=1 wrkr=1 slot=10 size=921608 src=worker:1 dst=client:1
event=req_send ts_ns=22362677 id=374 clt=1 wrkr=3 slot=7 size=17 src=client:1 dst=worker:3
event=resp_recv_ud ts_ns=22414168 id=374 clt=1 wrkr=3 slot=7 size=41 src=worker:3 dst=client:1
event=hand_send ts_ns=22422815 id=374 clt=1 wrkr=3 slot=7 size=10 src=client:1 dst=worker:3
event=resp_rdma_read ts_ns=22897290 id=327 start_ns=19929052 dur_ns=2968238 clt=1 wrkr=0 slot=8 size=921608 src=worker:0 dst=client:1
event=req_send ts_ns=22897290 id=379 clt=1 wrkr=11 slot=12 size=17 src=client:1 dst=worker:11
event=resp_recv_ud ts_ns=22933955 id=379 clt=1 wrkr=11 slot=12 size=41 src=worker:11 dst=client:1
event=hand_send ts_ns=22942602 id=379 clt=1 wrkr=11 slot=12 size=10 src=client:1 dst=worker:11
event=resp_rdma_read ts_ns=23091474 id=350 start_ns=20922385 dur_ns=2169089 clt=1 wrkr=8 slot=11 size=921608 src=worker:8 dst=client:1
event=req_send ts_ns=23091474 id=380 clt=1 wrkr=9 slot=0 size=17 src=client:1 dst=worker:9
event=resp_recv_ud ts_ns=23127721 id=380 clt=1 wrkr=9 slot=0 size=41 src=worker:9 dst=client:1
event=hand_send ts_ns=23136368 id=380 clt=1 wrkr=9 slot=0 size=10 src=client:1 dst=worker:9
event=resp_rdma_read ts_ns=23167626 id=332 start_ns=20285575 dur_ns=2882051 clt=1 wrkr=5 slot=8 size=921608 src=worker:5 dst=client:1
event=req_send ts_ns=23167626 id=382 clt=1 wrkr=11 slot=13 size=17 src=client:1 dst=worker:11
event=resp_recv_ud ts_ns=23220565 id=382 clt=1 wrkr=11 slot=13 size=41 src=worker:11 dst=client:1
event=hand_send ts_ns=23229212 id=382 clt=1 wrkr=11 slot=13 size=10 src=client:1 dst=worker:11
event=resp_rdma_read ts_ns=23294926 id=335 start_ns=20449630 dur_ns=2845296 clt=1 wrkr=8 slot=8 size=921608 src=worker:8 dst=client:1
event=req_send ts_ns=23294926 id=384 clt=1 wrkr=4 slot=10 size=17 src=client:1 dst=worker:4
event=resp_recv_ud ts_ns=23337311 id=384 clt=1 wrkr=4 slot=10 size=41 src=worker:4 dst=client:1
event=hand_send ts_ns=23345958 id=384 clt=1 wrkr=4 slot=10 size=10 src=client:1 dst=worker:4
event=resp_rdma_read ts_ns=23515806 id=338 start_ns=20543757 dur_ns=2972049 clt=1 wrkr=8 slot=9 size=921608 src=worker:8 dst=client:1
event=req_send ts_ns=23515806 id=388 clt=1 wrkr=7 slot=6 size=17 src=client:1 dst=worker:7
event=resp_recv_ud ts_ns=23565558 id=388 clt=1 wrkr=7 slot=6 size=41 src=worker:7 dst=client:1
event=hand_send ts_ns=23574205 id=388 clt=1 wrkr=7 slot=6 size=10 src=client:1 dst=worker:7
event=resp_rdma_read ts_ns=23658079 id=340 start_ns=20627658 dur_ns=3030421 clt=1 wrkr=9 slot=15 size=921608 src=worker:9 dst=client:1
event=req_send ts_ns=23658079 id=392 clt=1 wrkr=0 slot=9 size=17 src=client:1 dst=worker:0
event=resp_rdma_read ts_ns=23679067 id=341 start_ns=20641692 dur_ns=3037375 clt=1 wrkr=8 slot=10 size=921608 src=worker:8 dst=client:1
event=req_send ts_ns=23679067 id=393 clt=1 wrkr=5 slot=10 size=17 src=client:1 dst=worker:5
event=resp_rdma_read ts_ns=23703546 id=345 start_ns=20752525 dur_ns=2951021 clt=1 wrkr=1 slot=11 size=921608 src=worker:1 dst=client:1
event=req_send ts_ns=23703546 id=394 clt=1 wrkr=9 slot=1 size=17 src=client:1 dst=worker:9
event=resp_recv_ud ts_ns=23708822 id=392 clt=1 wrkr=0 slot=9 size=41 src=worker:0 dst=client:1
event=hand_send ts_ns=23717469 id=392 clt=1 wrkr=0 slot=9 size=10 src=client:1 dst=worker:0
event=resp_recv_ud ts_ns=23736618 id=393 clt=1 wrkr=5 slot=10 size=41 src=worker:5 dst=client:1
event=hand_send ts_ns=23745265 id=393 clt=1 wrkr=5 slot=10 size=10 src=client:1 dst=worker:5
event=resp_rdma_read ts_ns=23754505 id=353 start_ns=21089150 dur_ns=2665355 clt=1 wrkr=1 slot=12 size=921608 src=worker:1 dst=client:1
event=req_send ts_ns=23754505 id=395 clt=1 wrkr=2 slot=8 size=17 src=client:1 dst=worker:2
event=resp_recv_ud ts_ns=23760316 id=394 clt=1 wrkr=9 slot=1 size=41 src=worker:9 dst=client:1
event=hand_send ts_ns=23768963 id=394 clt=1 wrkr=9 slot=1 size=10 src=client:1 dst=worker:9
event=resp_recv_ud ts_ns=23810177 id=395 clt=1 wrkr=2 slot=8 size=41 src=worker:2 dst=client:1
event=hand_send ts_ns=23818824 id=395 clt=1 wrkr=2 slot=8 size=10 src=client:1 dst=worker:2
event=resp_rdma_read ts_ns=23963557 id=359 start_ns=21543019 dur_ns=2420538 clt=1 wrkr=6 slot=10 size=921608 src=worker:6 dst=client:1
event=req_send ts_ns=23963557 id=400 clt=1 wrkr=1 slot=14 size=17 src=client:1 dst=worker:1
event=resp_recv_ud ts_ns=24024302 id=400 clt=1 wrkr=1 slot=14 size=41 src=worker:1 dst=client:1
event=hand_send ts_ns=24032949 id=400 clt=1 wrkr=1 slot=14 size=10 src=client:1 dst=worker:1
event=resp_rdma_read ts_ns=24123198 id=348 start_ns=20827132 dur_ns=3296066 clt=1 wrkr=4 slot=9 size=921608 src=worker:4 dst=client:1
event=req_send ts_ns=24123198 id=405 clt=1 wrkr=9 slot=2 size=17 src=client:1 dst=worker:9
event=resp_recv_ud ts_ns=24187006 id=405 clt=1 wrkr=9 slot=2 size=41 src=worker:9 dst=client:1
event=hand_send ts_ns=24195653 id=405 clt=1 wrkr=9 slot=2 size=10 src=client:1 dst=worker:9
event=resp_rdma_read ts_ns=24616577 id=363 start_ns=21842277 dur_ns=2774300 clt=1 wrkr=5 slot=9 size=921608 src=worker:5 dst=client:1
event=req_send ts_ns=24616577 id=411 clt=1 wrkr=4 slot=11 size=17 src=client:1 dst=worker:4
event=resp_rdma_read ts_ns=24629229 id=365 start_ns=21949912 dur_ns=2679317 clt=1 wrkr=7 slot=5 size=921608 src=worker:7 dst=client:1
event=req_send ts_ns=24629229 id=413 clt=1 wrkr=1 slot=15 size=17 src=client:1 dst=worker:1
event=resp_recv_ud ts_ns=24670981 id=411 clt=1 wrkr=4 slot=11 size=41 src=worker:4 dst=client:1
event=hand_send ts_ns=24679628 id=411 clt=1 wrkr=4 slot=11 size=10 src=client:1 dst=worker:4
event=resp_recv_ud ts_ns=24690677 id=413 clt=1 wrkr=1 slot=15 size=41 src=worker:1 dst=client:1
event=hand_send ts_ns=24699324 id=413 clt=1 wrkr=1 slot=15 size=10 src=client:1 dst=worker:1
event=resp_rdma_read ts_ns=24786843 id=371 start_ns=22308456 dur_ns=2478387 clt=1 wrkr=8 slot=12 size=921608 src=worker:8 dst=client:1
event=req_send ts_ns=24786843 id=416 clt=1 wrkr=4 slot=12 size=17 src=client:1 dst=worker:4
event=resp_recv_ud ts_ns=24843914 id=416 clt=1 wrkr=4 slot=12 size=41 src=worker:4 dst=client:1
event=hand_send ts_ns=24852561 id=416 clt=1 wrkr=4 slot=12 size=10 src=client:1 dst=worker:4
event=resp_rdma_read ts_ns=24917566 id=366 start_ns=22017036 dur_ns=2900530 clt=1 wrkr=1 slot=13 size=921608 src=worker:1 dst=client:1
event=req_send ts_ns=24917566 id=419 clt=1 wrkr=10 slot=8 size=17 src=client:1 dst=worker:10
event=resp_recv_ud ts_ns=24974384 id=419 clt=1 wrkr=10 slot=8 size=41 src=worker:10 dst=client:1
event=hand_send ts_ns=24983031 id=419 clt=1 wrkr=10 slot=8 size=10 src=client:1 dst=worker:10
event=resp_rdma_read ts_ns=25397799 id=382 start_ns=23229212 dur_ns=2168587 clt=1 wrkr=11 slot=13 size=921608 src=worker:11 dst=client:1
event=req_send ts_ns=25397799 id=426 clt=1 wrkr=4 slot=13 size=17 src=client:1 dst=worker:4
event=resp_recv_ud ts_ns=25452860 id=426 clt=1 wrkr=4 slot=13 size=41 src=worker:4 dst=client:1
event=resp_rdma_read ts_ns=25456899 id=379 start_ns=22942602 dur_ns=2514297 clt=1 wrkr=11 slot=12 size=921608 src=worker:11 dst=client:1
event=req_send ts_ns=25456899 id=427 clt=1 wrkr=2 slot=9 size=17 src=client:1 dst=worker:2
event=hand_send ts_ns=25461507 id=426 clt=1 wrkr=4 slot=13 size=10 src=client:1 dst=worker:4
event=resp_recv_ud ts_ns=25513746 id=427 clt=1 wrkr=2 slot=9 size=41 src=worker:2 dst=client:1
event=hand_send ts_ns=25522393 id=427 clt=1 wrkr=2 slot=9 size=10 src=client:1 dst=worker:2
event=resp_rdma_read ts_ns=25532818 id=374 start_ns=22422815 dur_ns=3110003 clt=1 wrkr=3 slot=7 size=921608 src=worker:3 dst=client:1
event=req_send ts_ns=25532818 id=428 clt=1 wrkr=3 slot=8 size=17 src=client:1 dst=worker:3
event=resp_recv_ud ts_ns=25577049 id=428 clt=1 wrkr=3 slot=8 size=41 src=worker:3 dst=client:1
event=hand_send ts_ns=25585696 id=428 clt=1 wrkr=3 slot=8 size=10 src=client:1 dst=worker:3
event=resp_rdma_read ts_ns=25767258 id=384 start_ns=23345958 dur_ns=2421300 clt=1 wrkr=4 slot=10 size=921608 src=worker:4 dst=client:1
event=req_send ts_ns=25767258 id=429 clt=1 wrkr=5 slot=11 size=17 src=client:1 dst=worker:5
event=resp_recv_ud ts_ns=25801841 id=429 clt=1 wrkr=5 slot=11 size=41 src=worker:5 dst=client:1
event=hand_send ts_ns=25810488 id=429 clt=1 wrkr=5 slot=11 size=10 src=client:1 dst=worker:5
event=resp_rdma_read ts_ns=25982175 id=380 start_ns=23136368 dur_ns=2845807 clt=1 wrkr=9 slot=0 size=921608 src=worker:9 dst=client:1
event=req_send ts_ns=25982175 id=432 clt=1 wrkr=0 slot=10 size=17 src=client:1 dst=worker:0
event=resp_recv_ud ts_ns=26039743 id=432 clt=1 wrkr=0 slot=10 size=41 src=worker:0 dst=client:1
event=hand_send ts_ns=26048390 id=432 clt=1 wrkr=0 slot=10 size=10 src=client:1 dst=worker:0
event=resp_rdma_read ts_ns=26517142 id=388 start_ns=23574205 dur_ns=2942937 clt=1 wrkr=7 slot=6 size=921608 src=worker:7 dst=client:1
event=req_send ts_ns=26517142 id=438 clt=1 wrkr=10 slot=9 size=17 src=client:1 dst=worker:10
event=resp_recv_ud ts_ns=26567740 id=438 clt=1 wrkr=10 slot=9 size=41 src=worker:10 dst=client:1
event=hand_send ts_ns=26576387 id=438 clt=1 wrkr=10 slot=9 size=10 src=client:1 dst=worker:10
event=resp_rdma_read ts_ns=26763237 id=392 start_ns=23717469 dur_ns=3045768 clt=1 wrkr=0 slot=9 size=921608 src=worker:0 dst=client:1
event=req_send ts_ns=26763237 id=441 clt=1 wrkr=10 slot=10 size=17 src=client:1 dst=worker:10
event=resp_recv_ud ts_ns=26811109 id=441 clt=1 wrkr=10 slot=10 size=41 src=worker:10 dst=client:1
event=hand_send ts_ns=26819756 id=441 clt=1 wrkr=10 slot=10 size=10 src=client:1 dst=worker:10
event=resp_rdma_read ts_ns=26837558 id=393 start_ns=23745265 dur_ns=3092293 clt=1 wrkr=5 slot=10 size=921608 src=worker:5 dst=client:1
event=req_send ts_ns=26837558 id=442 clt=1 wrkr=5 slot=12 size=17 src=client:1 dst=worker:5
event=resp_rdma_read ts_ns=26858946 id=394 start_ns=23768963 dur_ns=3089983 clt=1 wrkr=9 slot=1 size=921608 src=worker:9 dst=client:1
event=req_send ts_ns=26858946 id=443 clt=1 wrkr=7 slot=7 size=17 src=client:1 dst=worker:7
event=resp_recv_ud ts_ns=26889844 id=442 clt=1 wrkr=5 slot=12 size=41 src=worker:5 dst=client:1
event=hand_send ts_ns=26898491 id=442 clt=1 wrkr=5 slot=12 size=10 src=client:1 dst=worker:5
event=resp_recv_ud ts_ns=26905733 id=443 clt=1 wrkr=7 slot=7 size=41 src=worker:7 dst=client:1
event=resp_rdma_read ts_ns=26908909 id=395 start_ns=23818824 dur_ns=3090085 clt=1 wrkr=2 slot=8 size=921608 src=worker:2 dst=client:1
event=req_send ts_ns=26908909 id=444 clt=1 wrkr=2 slot=10 size=17 src=client:1 dst=worker:2
event=hand_send ts_ns=26914380 id=443 clt=1 wrkr=7 slot=7 size=10 src=client:1 dst=worker:7
event=resp_rdma_read ts_ns=26934248 id=416 start_ns=24852561 dur_ns=2081687 clt=1 wrkr=4 slot=12 size=921608 src=worker:4 dst=client:1
event=req_send ts_ns=26934248 id=446 clt=1 wrkr=10 slot=11 size=17 src=client:1 dst=worker:10
event=resp_recv_ud ts_ns=26965030 id=444 clt=1 wrkr=2 slot=10 size=41 src=worker:2 dst=client:1
event=hand_send ts_ns=26973677 id=444 clt=1 wrkr=2 slot=10 size=10 src=client:1 dst=worker:2
event=resp_recv_ud ts_ns=26988694 id=446 clt=1 wrkr=10 slot=11 size=41 src=worker:10 dst=client:1
event=hand_send ts_ns=26997341 id=446 clt=1 wrkr=10 slot=11 size=10 src=client:1 dst=worker:10
event=resp_rdma_read ts_ns=26999451 id=400 start_ns=24032949 dur_ns=2966502 clt=1 wrkr=1 slot=14 size=921608 src=worker:1 dst=client:1
event=req_send ts_ns=26999451 id=447 clt=1 wrkr=4 slot=14 size=17 src=client:1 dst=worker:4
event=resp_recv_ud ts_ns=27055893 id=447 clt=1 wrkr=4 slot=14 size=41 src=worker:4 dst=client:1
event=hand_send ts_ns=27064540 id=447 clt=1 wrkr=4 slot=14 size=10 src=client:1 dst=worker:4
event=resp_rdma_read ts_ns=27273366 id=405 start_ns=24195653 dur_ns=3077713 clt=1 wrkr=9 slot=2 size=921608 src=worker:9 dst=client:1
event=req_send ts_ns=27273366 id=455 clt=1 wrkr=2 slot=11 size=17 src=client:1 dst=worker:2
event=resp_recv_ud ts_ns=27333299 id=455 clt=1 wrkr=2 slot=11 size=41 src=worker:2 dst=client:1
event=hand_send ts_ns=27341946 id=455 clt=1 wrkr=2 slot=11 size=10 src=client:1 dst=worker:2
event=resp_rdma_read ts_ns=27452406 id=413 start_ns=24699324 dur_ns=2753082 clt=1 wrkr=1 slot=15 size=921608 src=worker:1 dst=client:1
event=req_send ts_ns=27452406 id=460 clt=1 wrkr=5 slot=13 size=17 src=client:1 dst=worker:5
event=resp_recv_ud ts_ns=27515492 id=460 clt=1 wrkr=5 slot=13 size=41 src=worker:5 dst=client:1
event=resp_rdma_read ts_ns=27520714 id=411 start_ns=24679628 dur_ns=2841086 clt=1 wrkr=4 slot=11 size=921608 src=worker:4 dst=client:1
event=req_send ts_ns=27520714 id=462 clt=1 wrkr=3 slot=9 size=17 src=client:1 dst=worker:3
event=hand_send ts_ns=27524139 id=460 clt=1 wrkr=5 slot=13 size=10 src=client:1 dst=worker:5
event=resp_recv_ud ts_ns=27584288 id=462 clt=1 wrkr=3 slot=9 size=41 src=worker:3 dst=client:1
event=hand_send ts_ns=27592935 id=462 clt=1 wrkr=3 slot=9 size=10 src=client:1 dst=worker:3
event=resp_rdma_read ts_ns=27748743 id=428 start_ns=25585696 dur_ns=2163047 clt=1 wrkr=3 slot=8 size=921608 src=worker:3 dst=client:1
event=req_send ts_ns=27748743 id=468 clt=1 wrkr=1 slot=0 size=17 src=client:1 dst=worker:1
event=resp_recv_ud ts_ns=27799113 id=468 clt=1 wrkr=1 slot=0 size=41 src=worker:1 dst=client:1
event=hand_send ts_ns=27807760 id=468 clt=1 wrkr=1 slot=0 size=10 src=client:1 dst=worker:1
event=resp_rdma_read ts_ns=27943446 id=426 start_ns=25461507 dur_ns=2481939 clt=1 wrkr=4 slot=13 size=921608 src=worker:4 dst=client:1
event=req_send ts_ns=27943446 id=472 clt=1 wrkr=3 slot=10 size=17 src=client:1 dst=worker:3
event=resp_rdma_read ts_ns=28006305 id=419 start_ns=24983031 dur_ns=3023274 clt=1 wrkr=10 slot=8 size=921608 src=worker:10 dst=client:1
event=req_send ts_ns=28006305 id=473 clt=1 wrkr=0 slot=11 size=17 src=client:1 dst=worker:0
event=resp_recv_ud ts_ns=28009708 id=472 clt=1 wrkr=3 slot=10 size=41 src=worker:3 dst=client:1
event=hand_send ts_ns=28018355 id=472 clt=1 wrkr=3 slot=10 size=10 src=client:1 dst=worker:3
event=resp_recv_ud ts_ns=28062731 id=473 clt=1 wrkr=0 slot=11 size=41 src=worker:0 dst=client:1
event=hand_send ts_ns=28071378 id=473 clt=1 wrkr=0 slot=11 size=10 src=client:1 dst=worker:0
event=resp_rdma_read ts_ns=28281363 id=429 start_ns=25810488 dur_ns=2470875 clt=1 wrkr=5 slot=11 size=921608 src=worker:5 dst=client:1
event=req_send ts_ns=28281363 id=476 clt=1 wrkr=10 slot=12 size=17 src=client:1 dst=worker:10
event=resp_recv_ud ts_ns=28346612 id=476 clt=1 wrkr=10 slot=12 size=41 src=worker:10 dst=client:1
event=hand_send ts_ns=28355259 id=476 clt=1 wrkr=10 slot=12 size=10 src=client:1 dst=worker:10
event=resp_rdma_read ts_ns=28412586 id=427 start_ns=25522393 dur_ns=2890193 clt=1 wrkr=2 slot=9 size=921608 src=worker:2 dst=client:1
event=req_send ts_ns=28412586 id=477 clt=1 wrkr=10 slot=13 size=17 src=client:1 dst=worker:10
event=resp_recv_ud ts_ns=28463649 id=477 clt=1 wrkr=10 slot=13 size=41 src=worker:10 dst=client:1
event=hand_send ts_ns=28472296 id=477 clt=1 wrkr=10 slot=13 size=10 src=client:1 dst=worker:10
event=resp_rdma_read ts_ns=28772511 id=432 start_ns=26048390 dur_ns=2724121 clt=1 wrkr=0 slot=10 size=921608 src=worker:0 dst=client:1
event=req_send ts_ns=28772511 id=481 clt=1 wrkr=6 slot=11 size=17 src=client:1 dst=worker:6
event=resp_recv_ud ts_ns=28829004 id=481 clt=1 wrkr=6 slot=11 size=41 src=worker:6 dst=client:1
event=hand_send ts_ns=28837651 id=481 clt=1 wrkr=6 slot=11 size=10 src=client:1 dst=worker:6
event=resp_rdma_read ts_ns=28993155 id=438 start_ns=26576387 dur_ns=2416768 clt=1 wrkr=10 slot=9 size=921608 src=worker:10 dst=client:1
event=req_send ts_ns=28993155 id=484 clt=1 wrkr=11 slot=14 size=17 src=client:1 dst=worker:11
event=resp_recv_ud ts_ns=29028256 id=484 clt=1 wrkr=11 slot=14 size=41 src=worker:11 dst=client:1
event=hand_send ts_ns=29036903 id=484 clt=1 wrkr=11 slot=14 size=10 src=client:1 dst=worker:11
event=resp_rdma_read ts_ns=29647057 id=446 start_ns=26997341 dur_ns=2649716 clt=1 wrkr=10 slot=11 size=921608 src=worker:10 dst=client:1
event=req_send ts_ns=29647057 id=489 clt=1 wrkr=5 slot=14 size=17 src=client:1 dst=worker:5
event=resp_rdma_read ts_ns=29666204 id=447 start_ns=27064540 dur_ns=2601664 clt=1 wrkr=4 slot=14 size=921608 src=worker:4 dst=client:1
event=req_send ts_ns=29666204 id=490 clt=1 wrkr=10 slot=14 size=17 src=client:1 dst=worker:10
event=resp_rdma_read ts_ns=29668553 id=441 start_ns=26819756 dur_ns=2848797 clt=1 wrkr=10 slot=10 size=921608 src=worker:10 dst=client:1
event=req_send ts_ns=29668553 id=491 clt=1 wrkr=2 slot=12 size=17 src=client:1 dst=worker:2
event=resp_recv_ud ts_ns=29701193 id=489 clt=1 wrkr=5 slot=14 size=41 src=worker:5 dst=client:1
event=hand_send ts_ns=29709840 id=489 clt=1 wrkr=5 slot=14 size=10 src=client:1 dst=worker:5
event=resp_recv_ud ts_ns=29720202 id=490 clt=1 wrkr=10 slot=14 size=41 src=worker:10 dst=client:1
event=resp_recv_ud ts_ns=29724670 id=491 clt=1 wrkr=2 slot=12 size=41 src=worker:2 dst=client:1
event=hand_send ts_ns=29728849 id=490 clt=1 wrkr=10 slot=14 size=10 src=client:1 dst=worker:10
event=hand_send ts_ns=29733317 id=491 clt=1 wrkr=2 slot=12 size=10 src=client:1 dst=worker:2
event=resp_rdma_read ts_ns=29775552 id=442 start_ns=26898491 dur_ns=2877061 clt=1 wrkr=5 slot=12 size=921608 src=worker:5 dst=client:1
event=req_send ts_ns=29775552 id=493 clt=1 wrkr=4 slot=15 size=17 src=client:1 dst=worker:4
event=resp_rdma_read ts_ns=29802913 id=443 start_ns=26914380 dur_ns=2888533 clt=1 wrkr=7 slot=7 size=921608 src=worker:7 dst=client:1
event=req_send ts_ns=29802913 id=494 clt=1 wrkr=1 slot=1 size=17 src=client:1 dst=worker:1
event=resp_recv_ud ts_ns=29830626 id=493 clt=1 wrkr=4 slot=15 size=41 src=worker:4 dst=client:1
event=hand_send ts_ns=29839273 id=493 clt=1 wrkr=4 slot=15 size=10 src=client:1 dst=worker:4
event=resp_recv_ud ts_ns=29857353 id=494 clt=1 wrkr=1 slot=1 size=41 src=worker:1 dst=client:1
event=hand_send ts_ns=29866000 id=494 clt=1 wrkr=1 slot=1 size=10 src=client:1 dst=worker:1
event=resp_rdma_read ts_ns=29921197 id=444 start_ns=26973677 dur_ns=2947520 clt=1 wrkr=2 slot=10 size=921608 src=worker:2 dst=client:1
event=req_send ts_ns=29921197 id=495 clt=1 wrkr=3 slot=11 size=17 src=client:1 dst=worker:3
event=resp_recv_ud ts_ns=29960380 id=495 clt=1 wrkr=3 slot=11 size=41 src=worker:3 dst=client:1
event=hand_send ts_ns=29969027 id=495 clt=1 wrkr=3 slot=11 size=10 src=client:1 dst=worker:3
event=resp_rdma_read ts_ns=30143791 id=455 start_ns=27341946 dur_ns=2801845 clt=1 wrkr=2 slot=11 size=921608 src=worker:2 dst=client:1
event=req_send ts_ns=30143791 id=498 clt=1 wrkr=10 slot=15 size=17 src=client:1 dst=worker:10
event=resp_recv_ud ts_ns=30201977 id=498 clt=1 wrkr=10 slot=15 size=41 src=worker:10 dst=client:1
event=hand_send ts_ns=30210624 id=498 clt=1 wrkr=10 slot=15 size=10 src=client:1 dst=worker:10
event=resp_rdma_read ts_ns=30529295 id=473 start_ns=28071378 dur_ns=2457917 clt=1 wrkr=0 slot=11 size=921608 src=worker:0 dst=client:1
event=req_send ts_ns=30529295 id=505 clt=1 wrkr=11 slot=15 size=17 src=client:1 dst=worker:11
event=resp_recv_ud ts_ns=30573696 id=505 clt=1 wrkr=11 slot=15 size=41 src=worker:11 dst=client:1
event=hand_send ts_ns=30582343 id=505 clt=1 wrkr=11 slot=15 size=10 src=client:1 dst=worker:11
event=resp_rdma_read ts_ns=30647148 id=460 start_ns=27524139 dur_ns=3123009 clt=1 wrkr=5 slot=13 size=921608 src=worker:5 dst=client:1
event=req_send ts_ns=30647148 id=507 clt=1 wrkr=6 slot=12 size=17 src=client:1 dst=worker:6
event=resp_recv_ud ts_ns=30692129 id=507 clt=1 wrkr=6 slot=12 size=41 src=worker:6 dst=client:1
event=hand_send ts_ns=30700776 id=507 clt=1 wrkr=6 slot=12 size=10 src=client:1 dst=worker:6
event=resp_rdma_read ts_ns=30851180 id=468 start_ns=27807760 dur_ns=3043420 clt=1 wrkr=1 slot=0 size=921608 src=worker:1 dst=client:1
event=req_send ts_ns=30851180 id=509 clt=1 wrkr=8 slot=13 size=17 src=client:1 dst=worker:8
event=resp_rdma_read ts_ns=30876703 id=476 start_ns=28355259 dur_ns=2521444 clt=1 wrkr=10 slot=12 size=921608 src=worker:10 dst=client:1
event=req_send ts_ns=30876703 id=512 clt=1 wrkr=2 slot=13 size=17 src=client:1 dst=worker:2
event=resp_recv_ud ts_ns=30886565 id=509 clt=1 wrkr=8 slot=13 size=41 src=worker:8 dst=client:1
event=hand_send ts_ns=30895212 id=509 clt=1 wrkr=8 slot=13 size=10 src=client:1 dst=worker:8
event=resp_recv_ud ts_ns=30935222 id=512 clt=1 wrkr=2 slot=13 size=41 src=worker:2 dst=client:1
event=hand_send ts_ns=30943869 id=512 clt=1 wrkr=2 slot=13 size=10 src=client:1 dst=worker:2
event=resp_rdma_read ts_ns=30994681 id=462 start_ns=27592935 dur_ns=3401746 clt=1 wrkr=3 slot=9 size=921608 src=worker:3 dst=client:1
event=req_send ts_ns=30994681 id=514 clt=1 wrkr=9 slot=3 size=17 src=client:1 dst=worker:9
event=resp_recv_ud ts_ns=31049415 id=514 clt=1 wrkr=9 slot=3 size=41 src=worker:9 dst=client:1
event=hand_send ts_ns=31058062 id=514 clt=1 wrkr=9 slot=3 size=10 src=client:1 dst=worker:9
event=resp_rdma_read ts_ns=31223720 id=477 start_ns=28472296 dur_ns=2751424 clt=1 wrkr=10 slot=13 size=921608 src=worker:10 dst=client:1
event=req_send ts_ns=31223720 id=522 clt=1 wrkr=10 slot=0 size=17 src=client:1 dst=worker:10
event=resp_recv_ud ts_ns=31284406 id=522 clt=1 wrkr=10 slot=0 size=41 src=worker:10 dst=client:1
event=hand_send ts_ns=31293053 id=522 clt=1 wrkr=10 slot=0 size=10 src=client:1 dst=worker:10
event=resp_rdma_read ts_ns=31401928 id=481 start_ns=28837651 dur_ns=2564277 clt=1 wrkr=6 slot=11 size=921608 src=worker:6 dst=client:1
event=req_send ts_ns=31401928 id=529 clt=1 wrkr=1 slot=2 size=17 src=client:1 dst=worker:1
event=resp_rdma_read ts_ns=31438074 id=472 start_ns=28018355 dur_ns=3419719 clt=1 wrkr=3 slot=10 size=921608 src=worker:3 dst=client:1
event=req_send ts_ns=31438074 id=531 clt=1 wrkr=2 slot=14 size=17 src=client:1 dst=worker:2
event=resp_rdma_read ts_ns=31455764 id=484 start_ns=29036903 dur_ns=2418861 clt=1 wrkr=11 slot=14 size=921608 src=worker:11 dst=client:1
event=req_send ts_ns=31455764 id=532 clt=1 wrkr=9 slot=4 size=17 src=client:1 dst=worker:9
event=resp_recv_ud ts_ns=31466320 id=529 clt=1 wrkr=1 slot=2 size=41 src=worker:1 dst=client:1
event=hand_send ts_ns=31474967 id=529 clt=1 wrkr=1 slot=2 size=10 src=client:1 dst=worker:1
event=resp_recv_ud ts_ns=31503286 id=531 clt=1 wrkr=2 slot=14 size=41 src=worker:2 dst=client:1
event=hand_send ts_ns=31511933 id=531 clt=1 wrkr=2 slot=14 size=10 src=client:1 dst=worker:2
event=resp_recv_ud ts_ns=31521460 id=532 clt=1 wrkr=9 slot=4 size=41 src=worker:9 dst=client:1
event=hand_send ts_ns=31530107 id=532 clt=1 wrkr=9 slot=4 size=10 src=client:1 dst=worker:9
event=resp_rdma_read ts_ns=31920651 id=494 start_ns=29866000 dur_ns=2054651 clt=1 wrkr=1 slot=1 size=921608 src=worker:1 dst=client:1
event=req_send ts_ns=31920651 id=535 clt=1 wrkr=6 slot=13 size=17 src=client:1 dst=worker:6
event=resp_recv_ud ts_ns=31962401 id=535 clt=1 wrkr=6 slot=13 size=41 src=worker:6 dst=client:1
event=hand_send ts_ns=31971048 id=535 clt=1 wrkr=6 slot=13 size=10 src=client:1 dst=worker:6
event=resp_rdma_read ts_ns=32085205 id=490 start_ns=29728849 dur_ns=2356356 clt=1 wrkr=10 slot=14 size=921608 src=worker:10 dst=client:1
event=req_send ts_ns=32085205 id=537 clt=1 wrkr=5 slot=15 size=17 src=client:1 dst=worker:5
event=resp_recv_ud ts_ns=32124520 id=537 clt=1 wrkr=5 slot=15 size=41 src=worker:5 dst=client:1
event=hand_send ts_ns=32133167 id=537 clt=1 wrkr=5 slot=15 size=10 src=client:1 dst=worker:5
event=resp_rdma_read ts_ns=32134571 id=493 start_ns=29839273 dur_ns=2295298 clt=1 wrkr=4 slot=15 size=921608 src=worker:4 dst=client:1
event=req_send ts_ns=32134571 id=538 clt=1 wrkr=5 slot=0 size=17 src=client:1 dst=worker:5
event=resp_recv_ud ts_ns=32188403 id=538 clt=1 wrkr=5 slot=0 size=41 src=worker:5 dst=client:1
event=hand_send ts_ns=32197050 id=538 clt=1 wrkr=5 slot=0 size=10 src=client:1 dst=worker:5
event=resp_rdma_read ts_ns=32340717 id=495 start_ns=29969027 dur_ns=2371690 clt=1 wrkr=3 slot=11 size=921608 src=worker:3 dst=client:1
event=req_send ts_ns=32340717 id=539 clt=1 wrkr=10 slot=1 size=17 src=client:1 dst=worker:10
event=resp_recv_ud ts_ns=32377525 id=539 clt=1 wrkr=10 slot=1 size=41 src=worker:10 dst=client:1
event=hand_send ts_ns=32386172 id=539 clt=1 wrkr=10 slot=1 size=10 src=client:1 dst=worker:10
event=resp_rdma_read ts_ns=32460151 id=491 start_ns=29733317 dur_ns=2726834 clt=1 wrkr=2 slot=12 size=921608 src=worker:2 dst=client:1
event=req_send ts_ns=32460151 id=541 clt=1 wrkr=10 slot=2 size=17 src=client:1 dst=worker:10
event=resp_rdma_read ts_ns=32489362 id=498 start_ns=30210624 dur_ns=2278738 clt=1 wrkr=10 slot=15 size=921608 src=worker:10 dst=client:1
event=req_send ts_ns=32489362 id=544 clt=1 wrkr=8 slot=14 size=17 src=client:1 dst=worker:8
event=resp_recv_ud ts_ns=32516252 id=541 clt=1 wrkr=10 slot=2 size=41 src=worker:10 dst=client:1
event=hand_send ts_ns=32524899 id=541 clt=1 wrkr=10 slot=2 size=10 src=client:1 dst=worker:10
event=resp_rdma_read ts_ns=32538355 id=489 start_ns=29709840 dur_ns=2828515 clt=1 wrkr=5 slot=14 size=921608 src=worker:5 dst=client:1
event=req_send ts_ns=32538355 id=545 clt=1 wrkr=6 slot=14 size=17 src=client:1 dst=worker:6
event=resp_recv_ud ts_ns=32545132 id=544 clt=1 wrkr=8 slot=14 size=41 src=worker:8 dst=client:1
event=hand_send ts_ns=32553779 id=544 clt=1 wrkr=8 slot=14 size=10 src=client:1 dst=worker:8
event=resp_recv_ud ts_ns=32592573 id=545 clt=1 wrkr=6 slot=14 size=41 src=worker:6 dst=client:1
event=hand_send ts_ns=32601220 id=545 clt=1 wrkr=6 slot=14 size=10 src=client:1 dst=worker:6
event=resp_rdma_read ts_ns=33554545 id=505 start_ns=30582343 dur_ns=2972202 clt=1 wrkr=11 slot=15 size=921608 src=worker:11 dst=client:1
event=req_send ts_ns=33554545 id=555 clt=1 wrkr=5 slot=1 size=17 src=client:1 dst=worker:5
event=resp_recv_ud ts_ns=33606886 id=555 clt=1 wrkr=5 slot=1 size=41 src=worker:5 dst=client:1
event=hand_send ts_ns=33615533 id=555 clt=1 wrkr=5 slot=1 size=10 src=client:1 dst=worker:5
event=resp_rdma_read ts_ns=33681054 id=507 start_ns=30700776 dur_ns=2980278 clt=1 wrkr=6 slot=12 size=921608 src=worker:6 dst=client:1
event=req_send ts_ns=33681054 id=558 clt=1 wrkr=6 slot=15 size=17 src=client:1 dst=worker:6
event=resp_recv_ud ts_ns=33733971 id=558 clt=1 wrkr=6 slot=15 size=41 src=worker:6 dst=client:1
event=hand_send ts_ns=33742618 id=558 clt=1 wrkr=6 slot=15 size=10 src=client:1 dst=worker:6
event=resp_rdma_read ts_ns=33804751 id=509 start_ns=30895212 dur_ns=2909539 clt=1 wrkr=8 slot=13 size=921608 src=worker:8 dst=client:1
event=req_send ts_ns=33804751 id=559 clt=1 wrkr=2 slot=15 size=17 src=client:1 dst=worker:2
event=resp_recv_ud ts_ns=33842845 id=559 clt=1 wrkr=2 slot=15 size=41 src=worker:2 dst=client:1
event=hand_send ts_ns=33851492 id=559 clt=1 wrkr=2 slot=15 size=10 src=client:1 dst=worker:2
event=resp_rdma_read ts_ns=33935462 id=512 start_ns=30943869 dur_ns=2991593 clt=1 wrkr=2 slot=13 size=921608 src=worker:2 dst=client:1
event=req_send ts_ns=33935462 id=562 clt=1 wrkr=8 slot=15 size=17 src=client:1 dst=worker:8
event=resp_recv_ud ts_ns=33978507 id=562 clt=1 wrkr=8 slot=15 size=41 src=worker:8 dst=client:1
event=hand_send ts_ns=33987154 id=562 clt=1 wrkr=8 slot=15 size=10 src=client:1 dst=worker:8
event=resp_rdma_read ts_ns=34019093 id=514 start_ns=31058062 dur_ns=2961031 clt=1 wrkr=9 slot=3 size=921608 src=worker:9 dst=client:1
event=req_send ts_ns=34019093 id=563 clt=1 wrkr=10 slot=3 size=17 src=client:1 dst=worker:10
event=resp_recv_ud ts_ns=34064663 id=563 clt=1 wrkr=10 slot=3 size=41 src=worker:10 dst=client:1
event=hand_send ts_ns=34073310 id=563 clt=1 wrkr=10 slot=3 size=10 src=client:1 dst=worker:10
event=resp_rdma_read ts_ns=34307074 id=522 start_ns=31293053 dur_ns=3014021 clt=1 wrkr=10 slot=0 size=921608 src=worker:10 dst=client:1
event=req_send ts_ns=34307074 id=567 clt=1 wrkr=10 slot=4 size=17 src=client:1 dst=worker:10
event=resp_recv_ud ts_ns=34362237 id=567 clt=1 wrkr=10 slot=4 size=41 src=worker:10 dst=client:1
event=hand_send ts_ns=34370884 id=567 clt=1 wrkr=10 slot=4 size=10 src=client:1 dst=worker:10
event=resp_rdma_read ts_ns=34504373 id=538 start_ns=32197050 dur_ns=2307323 clt=1 wrkr=5 slot=0 size=921608 src=worker:5 dst=client:1
event=req_send ts_ns=34504373 id=572 clt=1 wrkr=5 slot=2 size=17 src=client:1 dst=worker:5
event=resp_recv_ud ts_ns=34561258 id=572 clt=1 wrkr=5 slot=2 size=41 src=worker:5 dst=client:1
event=hand_send ts_ns=34569905 id=572 clt=1 wrkr=5 slot=2 size=10 src=client:1 dst=worker:5
event=resp_rdma_read ts_ns=34634822 id=532 start_ns=31530107 dur_ns=3104715 clt=1 wrkr=9 slot=4 size=921608 src=worker:9 dst=client:1
event=req_send ts_ns=34634822 id=575 clt=1 wrkr=3 slot=12 size=17 src=client:1 dst=worker:3
event=resp_recv_ud ts_ns=34686403 id=575 clt=1 wrkr=3 slot=12 size=41 src=worker:3 dst=client:1
event=hand_send ts_ns=34695050 id=575 clt=1 wrkr=3 slot=12 size=10 src=client:1 dst=worker:3
event=resp_rdma_read ts_ns=34836795 id=537 start_ns=32133167 dur_ns=2703628 clt=1 wrkr=5 slot=15 size=921608 src=worker:5 dst=client:1
event=req_send ts_ns=34836795 id=578 clt=1 wrkr=7 slot=8 size=17 src=client:1 dst=worker:7
event=resp_rdma_read ts_ns=34877533 id=539 start_ns=32386172 dur_ns=2491361 clt=1 wrkr=10 slot=1 size=921608 src=worker:10 dst=client:1
event=req_send ts_ns=34877533 id=580 clt=1 wrkr=8 slot=0 size=17 src=client:1 dst=worker:8
event=resp_recv_ud ts_ns=34883210 id=578 clt=1 wrkr=7 slot=8 size=41 src=worker:7 dst=client:1
event=resp_rdma_read ts_ns=34883321 id=545 start_ns=32601220 dur_ns=2282101 clt=1 wrkr=6 slot=14 size=921608 src=worker:6 dst=client:1
event=req_send ts_ns=34883321 id=581 clt=1 wrkr=2 slot=0 size=17 src=client:1 dst=worker:2
event=hand_send ts_ns=34891857 id=578 clt=1 wrkr=7 slot=8 size=10 src=client:1 dst=worker:7
event=resp_rdma_read ts_ns=34926768 id=535 start_ns=31971048 dur_ns=2955720 clt=1 wrkr=6 slot=13 size=921608 src=worker:6 dst=client:1
event=req_send ts_ns=34926768 id=583 clt=1 wrkr=3 slot=13 size=17 src=client:1 dst=worker:3
event=resp_recv_ud ts_ns=34938345 id=580 clt=1 wrkr=8 slot=0 size=41 src=worker:8 dst=client:1
event=resp_recv_ud ts_ns=34943719 id=581 clt=1 wrkr=2 slot=0 size=41 src=worker:2 dst=client:1
event=hand_send ts_ns=34946992 id=580 clt=1 wrkr=8 slot=0 size=10 src=client:1 dst=worker:8
event=hand_send ts_ns=34952366 id=581 clt=1 wrkr=2 slot=0 size=10 src=client:1 dst=worker:2
event=resp_recv_ud ts_ns=34987265 id=583 clt=1 wrkr=3 slot=13 size=41 src=worker:3 dst=client:1
event=hand_send ts_ns=34995912 id=583 clt=1 wrkr=3 slot=13 size=10 src=client:1 dst=worker:3
event=resp_rdma_read ts_ns=35043758 id=529 start_ns=31474967 dur_ns=3568791 clt=1 wrkr=1 slot=2 size=921608 src=worker:1 dst=client:1
event=req_send ts_ns=35043758 id=585 clt=1 wrkr=0 slot=12 size=17 src=client:1 dst=worker:0
event=resp_rdma_read ts_ns=35074674 id=531 start_ns=31511933 dur_ns=3562741 clt=1 wrkr=2 slot=14 size=921608 src=worker:2 dst=client:1
event=req_send ts_ns=35074674 id=586 clt=1 wrkr=0 slot=13 size=17 src=client:1 dst=worker:0
event=resp_recv_ud ts_ns=35102435 id=585 clt=1 wrkr=0 slot=12 size=41 src=worker:0 dst=client:1
event=hand_send ts_ns=35111082 id=585 clt=1 wrkr=0 slot=12 size=10 src=client:1 dst=worker:0
event=resp_recv_ud ts_ns=35134115 id=586 clt=1 wrkr=0 slot=13 size=41 src=worker:0 dst=client:1
event=hand_send ts_ns=35142762 id=586 clt=1 wrkr=0 slot=13 size=10 src=client:1 dst=worker:0
event=resp_rdma_read ts_ns=35341482 id=541 start_ns=32524899 dur_ns=2816583 clt=1 wrkr=10 slot=2 size=921608 src=worker:10 dst=client:1
event=req_send ts_ns=35341482 id=592 clt=1 wrkr=1 slot=3 size=17 src=client:1 dst=worker:1
event=resp_rdma_read ts_ns=35381525 id=544 start_ns=32553779 dur_ns=2827746 clt=1 wrkr=8 slot=14 size=921608 src=worker:8 dst=client:1
event=req_send ts_ns=35381525 id=595 clt=1 wrkr=11 slot=0 size=17 src=client:1 dst=worker:11
event=resp_recv_ud ts_ns=35404992 id=592 clt=1 wrkr=1 slot=3 size=41 src=worker:1 dst=client:1
event=hand_send ts_ns=35413639 id=592 clt=1 wrkr=1 slot=3 size=10 src=client:1 dst=worker:1
event=resp_recv_ud ts_ns=35448351 id=595 clt=1 wrkr=11 slot=0 size=41 src=worker:11 dst=client:1
event=hand_send ts_ns=35456998 id=595 clt=1 wrkr=11 slot=0 size=10 src=client:1 dst=worker:11
event=resp_rdma_read ts_ns=36077181 id=558 start_ns=33742618 dur_ns=2334563 clt=1 wrkr=6 slot=15 size=921608 src=worker:6 dst=client:1
event=req_send ts_ns=36077181 id=602 clt=1 wrkr=11 slot=1 size=17 src=client:1 dst=worker:11
event=resp_recv_ud ts_ns=36133504 id=602 clt=1 wrkr=11 slot=1 size=41 src=worker:11 dst=client:1
event=hand_send ts_ns=36142151 id=602 clt=1 wrkr=11 slot=1 size=10 src=client:1 dst=worker:11
event=resp_rdma_read ts_ns=36269658 id=562 start_ns=33987154 dur_ns=2282504 clt=1 wrkr=8 slot=15 size=921608 src=worker:8 dst=client:1
event=req_send ts_ns=36269658 id=605 clt=1 wrkr=1 slot=4 size=17 src=client:1 dst=worker:1
event=resp_rdma_read ts_ns=36285100 id=555 start_ns=33615533 dur_ns=2669567 clt=1 wrkr=5 slot=1 size=921608 src=worker:5 dst=client:1
event=req_send ts_ns=36285100 id=606 clt=1 wrkr=10 slot=5 size=17 src=client:1 dst=worker:10
event=resp_recv_ud ts_ns=36322105 id=605 clt=1 wrkr=1 slot=4 size=41 src=worker:1 dst=client:1
event=hand_send ts_ns=36330752 id=605 clt=1 wrkr=1 slot=4 size=10 src=client:1 dst=worker:1
event=resp_recv_ud ts_ns=36340203 id=606 clt=1 wrkr=10 slot=5 size=41 src=worker:10 dst=client:1
event=hand_send ts_ns=36348850 id=606 clt=1 wrkr=10 slot=5 size=10 src=client:1 dst=worker:10
event=resp_rdma_read ts_ns=36545160 id=563 start_ns=34073310 dur_ns=2471850 clt=1 wrkr=10 slot=3 size=921608 src=worker:10 dst=client:1
event=req_send ts_ns=36545160 id=608 clt=1 wrkr=9 slot=5 size=17 src=client:1 dst=worker:9
event=resp_recv_ud ts_ns=36595446 id=608 clt=1 wrkr=9 slot=5 size=41 src=worker:9 dst=client:1
event=hand_send ts_ns=36604093 id=608 clt=1 wrkr=9 slot=5 size=10 src=client:1 dst=worker:9
event=resp_rdma_read ts_ns=36740850 id=559 start_ns=33851492 dur_ns=2889358 clt=1 wrkr=2 slot=15 size=921608 src=worker:2 dst=client:1
event=req_send ts_ns=36740850 id=611 clt=1 wrkr=0 slot=14 size=17 src=client:1 dst=worker:0
event=resp_recv_ud ts_ns=36785535 id=611 clt=1 wrkr=0 slot=14 size=41 src=worker:0 dst=client:1
event=hand_send ts_ns=36794182 id=611 clt=1 wrkr=0 slot=14 size=10 src=client:1 dst=worker:0
event=resp_rdma_read ts_ns=37043691 id=567 start_ns=34370884 dur_ns=2672807 clt=1 wrkr=10 slot=4 size=921608 src=worker:10 dst=client:1
event=req_send ts_ns=37043691 id=614 clt=1 wrkr=5 slot=3 size=17 src=client:1 dst=worker:5
event=resp_recv_ud ts_ns=37078040 id=614 clt=1 wrkr=5 slot=3 size=41 src=worker:5 dst=client:1
event=hand_send ts_ns=37086687 id=614 clt=1 wrkr=5 slot=3 size=10 src=client:1 dst=worker:5
event=resp_rdma_read ts_ns=37251784 id=572 start_ns=34569905 dur_ns=2681879 clt=1 wrkr=5 slot=2 size=921608 src=worker:5 dst=client:1
event=req_send ts_ns=37251784 id=617 clt=1 wrkr=0 slot=15 size=17 src=client:1 dst=worker:0
event=resp_rdma_read ts_ns=37256780 id=583 start_ns=34995912 dur_ns=2260868 clt=1 wrkr=3 slot=13 size=921608 src=worker:3 dst=client:1
event=req_send ts_ns=37256780 id=618 clt=1 wrkr=0 slot=0 size=17 src=client:1 dst=worker:0
event=resp_recv_ud ts_ns=37307389 id=617 clt=1 wrkr=0 slot=15 size=41 src=worker:0 dst=client:1
event=resp_recv_ud ts_ns=37313177 id=618 clt=1 wrkr=0 slot=0 size=41 src=worker:0 dst=client:1
event=hand_send ts_ns=37316036 id=617 clt=1 wrkr=0 slot=15 size=10 src=client:1 dst=worker:0
event=hand_send ts_ns=37321824 id=618 clt=1 wrkr=0 slot=0 size=10 src=client:1 dst=worker:0
event=resp_rdma_read ts_ns=37780979 id=575 start_ns=34695050 dur_ns=3085929 clt=1 wrkr=3 slot=12 size=921608 src=worker:3 dst=client:1
event=req_send ts_ns=37780979 id=626 clt=1 wrkr=7 slot=9 size=17 src=client:1 dst=worker:7
event=resp_recv_ud ts_ns=37821017 id=626 clt=1 wrkr=7 slot=9 size=41 src=worker:7 dst=client:1
event=hand_send ts_ns=37829664 id=626 clt=1 wrkr=7 slot=9 size=10 src=client:1 dst=worker:7
event=resp_rdma_read ts_ns=37974617 id=585 start_ns=35111082 dur_ns=2863535 clt=1 wrkr=0 slot=12 size=921608 src=worker:0 dst=client:1
event=req_send ts_ns=37974617 id=627 clt=1 wrkr=8 slot=1 size=17 src=client:1 dst=worker:8
event=resp_recv_ud ts_ns=38010138 id=627 clt=1 wrkr=8 slot=1 size=41 src=worker:8 dst=client:1
event=hand_send ts_ns=38018785 id=627 clt=1 wrkr=8 slot=1 size=10 src=client:1 dst=worker:8
event=resp_rdma_read ts_ns=38055994 id=578 start_ns=34891857 dur_ns=3164137 clt=1 wrkr=7 slot=8 size=921608 src=worker:7 dst=client:1
event=req_send ts_ns=38055994 id=628 clt=1 wrkr=0 slot=1 size=17 src=client:1 dst=worker:0
event=resp_recv_ud ts_ns=38107775 id=628 clt=1 wrkr=0 slot=1 size=41 src=worker:0 dst=client:1
event=hand_send ts_ns=38116422 id=628 clt=1 wrkr=0 slot=1 size=10 src=client:1 dst=worker:0
event=resp_rdma_read ts_ns=38168902 id=581 start_ns=34952366 dur_ns=3216536 clt=1 wrkr=2 slot=0 size=921608 src=worker:2 dst=client:1
event=req_send ts_ns=38168902 id=631 clt=1 wrkr=5 slot=4 size=17 src=client:1 dst=worker:5
event=resp_rdma_read ts_ns=38187448 id=580 start_ns=34946992 dur_ns=3240456 clt=1 wrkr=8 slot=0 size=921608 src=worker:8 dst=client:1
event=req_send ts_ns=38187448 id=632 clt=1 wrkr=8 slot=2 size=17 src=client:1 dst=worker:8
event=resp_recv_ud ts_ns=38221596 id=631 clt=1 wrkr=5 slot=4 size=41 src=worker:5 dst=client:1
event=hand_send ts_ns=38230243 id=631 clt=1 wrkr=5 slot=4 size=10 src=client:1 dst=worker:5
event=resp_recv_ud ts_ns=38238437 id=632 clt=1 wrkr=8 slot=2 size=41 src=worker:8 dst=client:1
event=hand_send ts_ns=38247084 id=632 clt=1 wrkr=8 slot=2 size=10 src=client:1 dst=worker:8
event=resp_rdma_read ts_ns=38358721 id=586 start_ns=35142762 dur_ns=3215959 clt=1 wrkr=0 slot=13 size=921608 src=worker:0 dst=client:1
event=req_send ts_ns=38358721 id=634 clt=1 wrkr=10 slot=6 size=17 src=client:1 dst=worker:10
event=resp_recv_ud ts_ns=38402304 id=634 clt=1 wrkr=10 slot=6 size=41 src=worker:10 dst=client:1
event=hand_send ts_ns=38410951 id=634 clt=1 wrkr=10 slot=6 size=10 src=client:1 dst=worker:10
event=resp_rdma_read ts_ns=38729985 id=602 start_ns=36142151 dur_ns=2587834 clt=1 wrkr=11 slot=1 size=921608 src=worker:11 dst=client:1
event=req_send ts_ns=38729985 id=645 clt=1 wrkr=6 slot=0 size=17 src=client:1 dst=worker:6
event=resp_rdma_read ts_ns=38735697 id=606 start_ns=36348850 dur_ns=2386847 clt=1 wrkr=10 slot=5 size=921608 src=worker:10 dst=client:1
event=resp_rdma_read ts_ns=38746443 id=595 start_ns=35456998 dur_ns=3289445 clt=1 wrkr=11 slot=0 size=921608 src=worker:11 dst=client:1
event=resp_recv_ud ts_ns=38789561 id=645 clt=1 wrkr=6 slot=0 size=41 src=worker:6 dst=client:1
event=hand_send ts_ns=38798208 id=645 clt=1 wrkr=6 slot=0 size=10 src=client:1 dst=worker:6
event=resp_rdma_read ts_ns=38936958 id=611 start_ns=36794182 dur_ns=2142776 clt=1 wrkr=0 slot=14 size=921608 src=worker:0 dst=client:1
event=resp_rdma_read ts_ns=39185613 id=605 start_ns=36330752 dur_ns=2854861 clt=1 wrkr=1 slot=4 size=921608 src=worker:1 dst=client:1
event=resp_rdma_read ts_ns=39229763 id=592 start_ns=35413639 dur_ns=3816124 clt=1 wrkr=1 slot=3 size=921608 src=worker:1 dst=client:1
event=resp_rdma_read ts_ns=39431860 id=608 start_ns=36604093 dur_ns=2827767 clt=1 wrkr=9 slot=5 size=921608 src=worker:9 dst=client:1
event=resp_rdma_read ts_ns=39538704 id=614 start_ns=37086687 dur_ns=2452017 clt=1 wrkr=5 slot=3 size=921608 src=worker:5 dst=client:1
event=resp_rdma_read ts_ns=39978386 id=618 start_ns=37321824 dur_ns=2656562 clt=1 wrkr=0 slot=0 size=921608 src=worker:0 dst=client:1
event=resp_rdma_read ts_ns=40084727 id=617 start_ns=37316036 dur_ns=2768691 clt=1 wrkr=0 slot=15 size=921608 src=worker:0 dst=client:1
event=resp_rdma_read ts_ns=40209213 id=626 start_ns=37829664 dur_ns=2379549 clt=1 wrkr=7 slot=9 size=921608 src=worker:7 dst=client:1
event=resp_rdma_read ts_ns=40426938 id=634 start_ns=38410951 dur_ns=2015987 clt=1 wrkr=10 slot=6 size=921608 src=worker:10 dst=client:1
event=resp_rdma_read ts_ns=40514274 id=627 start_ns=38018785 dur_ns=2495489 clt=1 wrkr=8 slot=1 size=921608 src=worker:8 dst=client:1
event=resp_rdma_read ts_ns=40668706 id=632 start_ns=38247084 dur_ns=2421622 clt=1 wrkr=8 slot=2 size=921608 src=worker:8 dst=client:1
event=resp_rdma_read ts_ns=40751110 id=628 start_ns=38116422 dur_ns=2634688 clt=1 wrkr=0 slot=1 size=921608 src=worker:0 dst=client:1
event=resp_rdma_read ts_ns=41003060 id=631 start_ns=38230243 dur_ns=2772817 clt=1 wrkr=5 slot=4 size=921608 src=worker:5 dst=client:1
event=resp_rdma_read ts_ns=41258201 id=645 start_ns=38798208 dur_ns=2459993 clt=1 wrkr=6 slot=0 size=921608 src=worker:6 dst=client:1
