event=req_send ts_ns=1 id=0 clt=0 wrkr=10 slot=0 size=17 src=client:0 dst=worker:10
event=req_send ts_ns=2501 id=3 clt=0 wrkr=4 slot=0 size=17 src=client:0 dst=worker:4
event=resp_recv_ud ts_ns=40643 id=0 clt=0 wrkr=10 slot=0 size=41 src=worker:10 dst=client:0
event=hand_send ts_ns=49290 id=0 clt=0 wrkr=10 slot=0 size=10 src=client:0 dst=worker:10
event=resp_recv_ud ts_ns=64939 id=3 clt=0 wrkr=4 slot=0 size=41 src=worker:4 dst=client:0
event=hand_send ts_ns=73586 id=3 clt=0 wrkr=4 slot=0 size=10 src=client:0 dst=worker:4
event=resp_rdma_read ts_ns=895332 id=0 start_ns=49290 dur_ns=846042 clt=0 wrkr=10 slot=0 size=307208 src=worker:10 dst=client:0
event=req_send ts_ns=895332 id=7 clt=0 wrkr=4 slot=1 size=17 src=client:0 dst=worker:4
event=resp_recv_ud ts_ns=934910 id=7 clt=0 wrkr=4 slot=1 size=41 src=worker:4 dst=client:0
event=hand_send ts_ns=943557 id=7 clt=0 wrkr=4 slot=1 size=10 src=client:0 dst=worker:4
event=resp_rdma_read ts_ns=1055224 id=3 start_ns=73586 dur_ns=981638 clt=0 wrkr=4 slot=0 size=307208 src=worker:4 dst=client:0
event=req_send ts_ns=1055224 id=11 clt=0 wrkr=5 slot=0 size=17 src=client:0 dst=worker:5
event=resp_recv_ud ts_ns=1114751 id=11 clt=0 wrkr=5 slot=0 size=41 src=worker:5 dst=client:0
event=hand_send ts_ns=1123398 id=11 clt=0 wrkr=5 slot=0 size=10 src=client:0 dst=worker:5
event=resp_rdma_read ts_ns=1872859 id=7 start_ns=943557 dur_ns=929302 clt=0 wrkr=4 slot=1 size=307208 src=worker:4 dst=client:0
event=req_send ts_ns=1872859 id=13 clt=0 wrkr=2 slot=0 size=17 src=client:0 dst=worker:2
event=resp_rdma_read ts_ns=1907438 id=11 start_ns=1123398 dur_ns=784040 clt=0 wrkr=5 slot=0 size=307208 src=worker:5 dst=client:0
event=req_send ts_ns=1907438 id=14 clt=0 wrkr=2 slot=1 size=17 src=client:0 dst=worker:2
event=resp_recv_ud ts_ns=1938221 id=13 clt=0 wrkr=2 slot=0 size=41 src=worker:2 dst=client:0
event=hand_send ts_ns=1946868 id=13 clt=0 wrkr=2 slot=0 size=10 src=client:0 dst=worker:2
event=resp_recv_ud ts_ns=1952331 id=14 clt=0 wrkr=2 slot=1 size=41 src=worker:2 dst=client:0
event=hand_send ts_ns=1960978 id=14 clt=0 wrkr=2 slot=1 size=10 src=client:0 dst=worker:2
event=resp_rdma_read ts_ns=2771040 id=14 start_ns=1960978 dur_ns=810062 clt=0 wrkr=2 slot=1 size=307208 src=worker:2 dst=client:0
event=req_send ts_ns=2771040 id=18 clt=0 wrkr=5 slot=1 size=17 src=client:0 dst=worker:5
event=resp_recv_ud ts_ns=2812767 id=18 clt=0 wrkr=5 slot=1 size=41 src=worker:5 dst=client:0
event=hand_send ts_ns=2821414 id=18 clt=0 wrkr=5 slot=1 size=10 src=client:0 dst=worker:5
event=resp_rdma_read ts_ns=2831630 id=13 start_ns=1946868 dur_ns=884762 clt=0 wrkr=2 slot=0 size=307208 src=worker:2 dst=client:0
event=req_send ts_ns=2831630 id=19 clt=0 wrkr=5 slot=0 size=17 src=client:0 dst=worker:5
event=resp_recv_ud ts_ns=2899132 id=19 clt=0 wrkr=5 slot=0 size=41 src=worker:5 dst=client:0
event=hand_send ts_ns=2907779 id=19 clt=0 wrkr=5 slot=0 size=10 src=client:0 dst=worker:5
event=resp_rdma_read ts_ns=3861189 id=19 start_ns=2907779 dur_ns=953410 clt=0 wrkr=5 slot=0 size=307208 src=worker:5 dst=client:0
event=req_send ts_ns=3861189 id=26 clt=0 wrkr=4 slot=0 size=17 src=client:0 dst=worker:4
event=resp_rdma_read ts_ns=3893864 id=18 start_ns=2821414 dur_ns=1072450 clt=0 wrkr=5 slot=1 size=307208 src=worker:5 dst=client:0
event=req_send ts_ns=3893864 id=27 clt=0 wrkr=8 slot=0 size=17 src=client:0 dst=worker:8
event=resp_recv_ud ts_ns=3901488 id=26 clt=0 wrkr=4 slot=0 size=41 src=worker:4 dst=client:0
event=hand_send ts_ns=3910135 id=26 clt=0 wrkr=4 slot=0 size=10 src=client:0 dst=worker:4
event=resp_recv_ud ts_ns=3952868 id=27 clt=0 wrkr=8 slot=0 size=41 src=worker:8 dst=client:0
event=hand_send ts_ns=3961515 id=27 clt=0 wrkr=8 slot=0 size=10 src=client:0 dst=worker:8
event=resp_rdma_read ts_ns=4711292 id=27 start_ns=3961515 dur_ns=749777 clt=0 wrkr=8 slot=0 size=307208 src=worker:8 dst=client:0
event=req_send ts_ns=4711292 id=32 clt=0 wrkr=8 slot=1 size=17 src=client:0 dst=worker:8
event=resp_recv_ud ts_ns=4753912 id=32 clt=0 wrkr=8 slot=1 size=41 src=worker:8 dst=client:0
event=hand_send ts_ns=4762559 id=32 clt=0 wrkr=8 slot=1 size=10 src=client:0 dst=worker:8
event=resp_rdma_read ts_ns=4949881 id=26 start_ns=3910135 dur_ns=1039746 clt=0 wrkr=4 slot=0 size=307208 src=worker:4 dst=client:0
event=req_send ts_ns=4949881 id=34 clt=0 wrkr=5 slot=1 size=17 src=client:0 dst=worker:5
event=resp_recv_ud ts_ns=5000635 id=34 clt=0 wrkr=5 slot=1 size=41 src=worker:5 dst=client:0
event=hand_send ts_ns=5009282 id=34 clt=0 wrkr=5 slot=1 size=10 src=client:0 dst=worker:5
event=resp_rdma_read ts_ns=5665303 id=32 start_ns=4762559 dur_ns=902744 clt=0 wrkr=8 slot=1 size=307208 src=worker:8 dst=client:0
event=req_send ts_ns=5665303 id=38 clt=0 wrkr=4 slot=1 size=17 src=client:0 dst=worker:4
event=resp_rdma_read ts_ns=5681647 id=34 start_ns=5009282 dur_ns=672365 clt=0 wrkr=5 slot=1 size=307208 src=worker:5 dst=client:0
event=req_send ts_ns=5681647 id=39 clt=0 wrkr=1 slot=0 size=17 src=client:0 dst=worker:1
event=resp_recv_ud ts_ns=5724241 id=38 clt=0 wrkr=4 slot=1 size=41 src=worker:4 dst=client:0
event=hand_send ts_ns=5732888 id=38 clt=0 wrkr=4 slot=1 size=10 src=client:0 dst=worker:4
event=resp_recv_ud ts_ns=5746088 id=39 clt=0 wrkr=1 slot=0 size=41 src=worker:1 dst=client:0
event=hand_send ts_ns=5754735 id=39 clt=0 wrkr=1 slot=0 size=10 src=client:0 dst=worker:1
event=resp_rdma_read ts_ns=6383414 id=39 start_ns=5754735 dur_ns=628679 clt=0 wrkr=1 slot=0 size=307208 src=worker:1 dst=client:0
event=req_send ts_ns=6383414 id=42 clt=0 wrkr=4 slot=0 size=17 src=client:0 dst=worker:4
event=resp_recv_ud ts_ns=6423531 id=42 clt=0 wrkr=4 slot=0 size=41 src=worker:4 dst=client:0
event=hand_send ts_ns=6432178 id=42 clt=0 wrkr=4 slot=0 size=10 src=client:0 dst=worker:4
event=resp_rdma_read ts_ns=6752186 id=38 start_ns=5732888 dur_ns=1019298 clt=0 wrkr=4 slot=1 size=307208 src=worker:4 dst=client:0
event=req_send ts_ns=6752186 id=45 clt=0 wrkr=10 slot=1 size=17 src=client:0 dst=worker:10
event=resp_recv_ud ts_ns=6792306 id=45 clt=0 wrkr=10 slot=1 size=41 src=worker:10 dst=client:0
event=hand_send ts_ns=6800953 id=45 clt=0 wrkr=10 slot=1 size=10 src=client:0 dst=worker:10
event=resp_rdma_read ts_ns=7346091 id=42 start_ns=6432178 dur_ns=913913 clt=0 wrkr=4 slot=0 size=307208 src=worker:4 dst=client:0
event=req_send ts_ns=7346091 id=49 clt=0 wrkr=1 slot=1 size=17 src=client:0 dst=worker:1
event=resp_recv_ud ts_ns=7393683 id=49 clt=0 wrkr=1 slot=1 size=41 src=worker:1 dst=client:0
event=hand_send ts_ns=7402330 id=49 clt=0 wrkr=1 slot=1 size=10 src=client:0 dst=worker:1
event=resp_rdma_read ts_ns=7810664 id=45 start_ns=6800953 dur_ns=1009711 clt=0 wrkr=10 slot=1 size=307208 src=worker:10 dst=client:0
event=req_send ts_ns=7810664 id=52 clt=0 wrkr=2 slot=0 size=17 src=client:0 dst=worker:2
event=resp_recv_ud ts_ns=7850638 id=52 clt=0 wrkr=2 slot=0 size=41 src=worker:2 dst=client:0
event=hand_send ts_ns=7859285 id=52 clt=0 wrkr=2 slot=0 size=10 src=client:0 dst=worker:2
event=resp_rdma_read ts_ns=8047328 id=49 start_ns=7402330 dur_ns=644998 clt=0 wrkr=1 slot=1 size=307208 src=worker:1 dst=client:0
event=req_send ts_ns=8047328 id=54 clt=0 wrkr=3 slot=0 size=17 src=client:0 dst=worker:3
event=resp_recv_ud ts_ns=8095742 id=54 clt=0 wrkr=3 slot=0 size=41 src=worker:3 dst=client:0
event=hand_send ts_ns=8104389 id=54 clt=0 wrkr=3 slot=0 size=10 src=client:0 dst=worker:3
event=resp_rdma_read ts_ns=8749508 id=54 start_ns=8104389 dur_ns=645119 clt=0 wrkr=3 slot=0 size=307208 src=worker:3 dst=client:0
event=req_send ts_ns=8749508 id=58 clt=0 wrkr=10 slot=0 size=17 src=client:0 dst=worker:10
event=resp_rdma_read ts_ns=8759867 id=52 start_ns=7859285 dur_ns=900582 clt=0 wrkr=2 slot=0 size=307208 src=worker:2 dst=client:0
event=req_send ts_ns=8759867 id=59 clt=0 wrkr=1 slot=0 size=17 src=client:0 dst=worker:1
event=resp_recv_ud ts_ns=8792554 id=58 clt=0 wrkr=10 slot=0 size=41 src=worker:10 dst=client:0
event=hand_send ts_ns=8801201 id=58 clt=0 wrkr=10 slot=0 size=10 src=client:0 dst=worker:10
event=resp_recv_ud ts_ns=8808992 id=59 clt=0 wrkr=1 slot=0 size=41 src=worker:1 dst=client:0
event=hand_send ts_ns=8817639 id=59 clt=0 wrkr=1 slot=0 size=10 src=client:0 dst=worker:1
event=resp_rdma_read ts_ns=9642042 id=59 start_ns=8817639 dur_ns=824403 clt=0 wrkr=1 slot=0 size=307208 src=worker:1 dst=client:0
event=req_send ts_ns=9642042 id=64 clt=0 wrkr=8 slot=0 size=17 src=client:0 dst=worker:8
event=resp_rdma_read ts_ns=9652814 id=58 start_ns=8801201 dur_ns=851613 clt=0 wrkr=10 slot=0 size=307208 src=worker:10 dst=client:0
event=req_send ts_ns=9652814 id=65 clt=0 wrkr=2 slot=1 size=17 src=client:0 dst=worker:2
event=resp_recv_ud ts_ns=9687378 id=64 clt=0 wrkr=8 slot=0 size=41 src=worker:8 dst=client:0
event=hand_send ts_ns=9696025 id=64 clt=0 wrkr=8 slot=0 size=10 src=client:0 dst=worker:8
event=resp_recv_ud ts_ns=9703624 id=65 clt=0 wrkr=2 slot=1 size=41 src=worker:2 dst=client:0
event=hand_send ts_ns=9712271 id=65 clt=0 wrkr=2 slot=1 size=10 src=client:0 dst=worker:2
event=resp_rdma_read ts_ns=10544628 id=65 start_ns=9712271 dur_ns=832357 clt=0 wrkr=2 slot=1 size=307208 src=worker:2 dst=client:0
event=req_send ts_ns=10544628 id=70 clt=0 wrkr=7 slot=0 size=17 src=client:0 dst=worker:7
event=resp_rdma_read ts_ns=10552296 id=64 start_ns=9696025 dur_ns=856271 clt=0 wrkr=8 slot=0 size=307208 src=worker:8 dst=client:0
event=req_send ts_ns=10552296 id=71 clt=0 wrkr=3 slot=1 size=17 src=client:0 dst=worker:3
event=resp_recv_ud ts_ns=10593685 id=70 clt=0 wrkr=7 slot=0 size=41 src=worker:7 dst=client:0
event=hand_send ts_ns=10602332 id=70 clt=0 wrkr=7 slot=0 size=10 src=client:0 dst=worker:7
event=resp_recv_ud ts_ns=10619799 id=71 clt=0 wrkr=3 slot=1 size=41 src=worker:3 dst=client:0
event=hand_send ts_ns=10628446 id=71 clt=0 wrkr=3 slot=1 size=10 src=client:0 dst=worker:3
event=resp_rdma_read ts_ns=11425053 id=71 start_ns=10628446 dur_ns=796607 clt=0 wrkr=3 slot=1 size=307208 src=worker:3 dst=client:0
event=req_send ts_ns=11425053 id=75 clt=0 wrkr=6 slot=0 size=17 src=client:0 dst=worker:6
event=resp_recv_ud ts_ns=11465533 id=75 clt=0 wrkr=6 slot=0 size=41 src=worker:6 dst=client:0
event=hand_send ts_ns=11474180 id=75 clt=0 wrkr=6 slot=0 size=10 src=client:0 dst=worker:6
event=resp_rdma_read ts_ns=11672048 id=70 start_ns=10602332 dur_ns=1069716 clt=0 wrkr=7 slot=0 size=307208 src=worker:7 dst=client:0
event=req_send ts_ns=11672048 id=77 clt=0 wrkr=0 slot=0 size=17 src=client:0 dst=worker:0
event=resp_recv_ud ts_ns=11713524 id=77 clt=0 wrkr=0 slot=0 size=41 src=worker:0 dst=client:0
event=hand_send ts_ns=11722171 id=77 clt=0 wrkr=0 slot=0 size=10 src=client:0 dst=worker:0
event=resp_rdma_read ts_ns=12382602 id=75 start_ns=11474180 dur_ns=908422 clt=0 wrkr=6 slot=0 size=307208 src=worker:6 dst=client:0
event=req_send ts_ns=12382602 id=81 clt=0 wrkr=10 slot=1 size=17 src=client:0 dst=worker:10
event=resp_recv_ud ts_ns=12423165 id=81 clt=0 wrkr=10 slot=1 size=41 src=worker:10 dst=client:0
event=hand_send ts_ns=12431812 id=81 clt=0 wrkr=10 slot=1 size=10 src=client:0 dst=worker:10
event=resp_rdma_read ts_ns=12627309 id=77 start_ns=11722171 dur_ns=905138 clt=0 wrkr=0 slot=0 size=307208 src=worker:0 dst=client:0
event=req_send ts_ns=12627309 id=83 clt=0 wrkr=11 slot=0 size=17 src=client:0 dst=worker:11
event=resp_recv_ud ts_ns=12668886 id=83 clt=0 wrkr=11 slot=0 size=41 src=worker:11 dst=client:0
event=hand_send ts_ns=12677533 id=83 clt=0 wrkr=11 slot=0 size=10 src=client:0 dst=worker:11
event=resp_rdma_read ts_ns=13338019 id=81 start_ns=12431812 dur_ns=906207 clt=0 wrkr=10 slot=1 size=307208 src=worker:10 dst=client:0
event=req_send ts_ns=13338019 id=87 clt=0 wrkr=2 slot=0 size=17 src=client:0 dst=worker:2
event=resp_recv_ud ts_ns=13378598 id=87 clt=0 wrkr=2 slot=0 size=41 src=worker:2 dst=client:0
event=hand_send ts_ns=13387245 id=87 clt=0 wrkr=2 slot=0 size=10 src=client:0 dst=worker:2
event=resp_rdma_read ts_ns=13583750 id=83 start_ns=12677533 dur_ns=906217 clt=0 wrkr=11 slot=0 size=307208 src=worker:11 dst=client:0
event=req_send ts_ns=13583750 id=89 clt=0 wrkr=5 slot=0 size=17 src=client:0 dst=worker:5
event=resp_recv_ud ts_ns=13625294 id=89 clt=0 wrkr=5 slot=0 size=41 src=worker:5 dst=client:0
event=hand_send ts_ns=13633941 id=89 clt=0 wrkr=5 slot=0 size=10 src=client:0 dst=worker:5
event=resp_rdma_read ts_ns=14293752 id=87 start_ns=13387245 dur_ns=906507 clt=0 wrkr=2 slot=0 size=307208 src=worker:2 dst=client:0
event=req_send ts_ns=14293752 id=93 clt=0 wrkr=9 slot=0 size=17 src=client:0 dst=worker:9
event=resp_recv_ud ts_ns=14334355 id=93 clt=0 wrkr=9 slot=0 size=41 src=worker:9 dst=client:0
event=hand_send ts_ns=14343002 id=93 clt=0 wrkr=9 slot=0 size=10 src=client:0 dst=worker:9
event=resp_rdma_read ts_ns=14540230 id=89 start_ns=13633941 dur_ns=906289 clt=0 wrkr=5 slot=0 size=307208 src=worker:5 dst=client:0
event=req_send ts_ns=14540230 id=95 clt=0 wrkr=7 slot=1 size=17 src=client:0 dst=worker:7
event=resp_recv_ud ts_ns=14581744 id=95 clt=0 wrkr=7 slot=1 size=41 src=worker:7 dst=client:0
event=hand_send ts_ns=14590391 id=95 clt=0 wrkr=7 slot=1 size=10 src=client:0 dst=worker:7
event=resp_rdma_read ts_ns=15249785 id=93 start_ns=14343002 dur_ns=906783 clt=0 wrkr=9 slot=0 size=307208 src=worker:9 dst=client:0
event=req_send ts_ns=15249785 id=99 clt=0 wrkr=3 slot=0 size=17 src=client:0 dst=worker:3
event=resp_recv_ud ts_ns=15290409 id=99 clt=0 wrkr=3 slot=0 size=41 src=worker:3 dst=client:0
event=hand_send ts_ns=15299056 id=99 clt=0 wrkr=3 slot=0 size=10 src=client:0 dst=worker:3
event=resp_rdma_read ts_ns=15496788 id=95 start_ns=14590391 dur_ns=906397 clt=0 wrkr=7 slot=1 size=307208 src=worker:7 dst=client:0
event=req_send ts_ns=15496788 id=101 clt=0 wrkr=8 slot=1 size=17 src=client:0 dst=worker:8
event=resp_recv_ud ts_ns=15538271 id=101 clt=0 wrkr=8 slot=1 size=41 src=worker:8 dst=client:0
event=hand_send ts_ns=15546918 id=101 clt=0 wrkr=8 slot=1 size=10 src=client:0 dst=worker:8
event=resp_rdma_read ts_ns=16206057 id=99 start_ns=15299056 dur_ns=907001 clt=0 wrkr=3 slot=0 size=307208 src=worker:3 dst=client:0
event=req_send ts_ns=16206057 id=105 clt=0 wrkr=10 slot=0 size=17 src=client:0 dst=worker:10
event=resp_recv_ud ts_ns=16246698 id=105 clt=0 wrkr=10 slot=0 size=41 src=worker:10 dst=client:0
event=hand_send ts_ns=16255345 id=105 clt=0 wrkr=10 slot=0 size=10 src=client:0 dst=worker:10
event=resp_rdma_read ts_ns=16453520 id=101 start_ns=15546918 dur_ns=906602 clt=0 wrkr=8 slot=1 size=307208 src=worker:8 dst=client:0
event=req_send ts_ns=16453520 id=107 clt=0 wrkr=10 slot=1 size=17 src=client:0 dst=worker:10
event=resp_recv_ud ts_ns=16494965 id=107 clt=0 wrkr=10 slot=1 size=41 src=worker:10 dst=client:0
event=hand_send ts_ns=16503612 id=107 clt=0 wrkr=10 slot=1 size=10 src=client:0 dst=worker:10
event=resp_rdma_read ts_ns=17162448 id=105 start_ns=16255345 dur_ns=907103 clt=0 wrkr=10 slot=0 size=307208 src=worker:10 dst=client:0
event=req_send ts_ns=17162448 id=111 clt=0 wrkr=8 slot=0 size=17 src=client:0 dst=worker:8
event=resp_recv_ud ts_ns=17203100 id=111 clt=0 wrkr=8 slot=0 size=41 src=worker:8 dst=client:0
event=hand_send ts_ns=17211747 id=111 clt=0 wrkr=8 slot=0 size=10 src=client:0 dst=worker:8
event=resp_rdma_read ts_ns=17410474 id=107 start_ns=16503612 dur_ns=906862 clt=0 wrkr=10 slot=1 size=307208 src=worker:10 dst=client:0
event=req_send ts_ns=17410474 id=113 clt=0 wrkr=5 slot=1 size=17 src=client:0 dst=worker:5
event=resp_recv_ud ts_ns=17451875 id=113 clt=0 wrkr=5 slot=1 size=41 src=worker:5 dst=client:0
event=hand_send ts_ns=17460522 id=113 clt=0 wrkr=5 slot=1 size=10 src=client:0 dst=worker:5
event=resp_rdma_read ts_ns=18118958 id=111 start_ns=17211747 dur_ns=907211 clt=0 wrkr=8 slot=0 size=307208 src=worker:8 dst=client:0
event=req_send ts_ns=18118958 id=117 clt=0 wrkr=10 slot=0 size=17 src=client:0 dst=worker:10
event=resp_recv_ud ts_ns=18159616 id=117 clt=0 wrkr=10 slot=0 size=41 src=worker:10 dst=client:0
event=hand_send ts_ns=18168263 id=117 clt=0 wrkr=10 slot=0 size=10 src=client:0 dst=worker:10
event=resp_rdma_read ts_ns=18367692 id=113 start_ns=17460522 dur_ns=907170 clt=0 wrkr=5 slot=1 size=307208 src=worker:5 dst=client:0
event=req_send ts_ns=18367692 id=119 clt=0 wrkr=9 slot=1 size=17 src=client:0 dst=worker:9
event=resp_recv_ud ts_ns=18409042 id=119 clt=0 wrkr=9 slot=1 size=41 src=worker:9 dst=client:0
event=hand_send ts_ns=18417689 id=119 clt=0 wrkr=9 slot=1 size=10 src=client:0 dst=worker:9
event=resp_rdma_read ts_ns=19075474 id=117 start_ns=18168263 dur_ns=907211 clt=0 wrkr=10 slot=0 size=307208 src=worker:10 dst=client:0
event=req_send ts_ns=19075474 id=123 clt=0 wrkr=4 slot=1 size=17 src=client:0 dst=worker:4
event=resp_recv_ud ts_ns=19116135 id=123 clt=0 wrkr=4 slot=1 size=41 src=worker:4 dst=client:0
event=hand_send ts_ns=19124782 id=123 clt=0 wrkr=4 slot=1 size=10 src=client:0 dst=worker:4
event=resp_rdma_read ts_ns=19325078 id=119 start_ns=18417689 dur_ns=907389 clt=0 wrkr=9 slot=1 size=307208 src=worker:9 dst=client:0
event=req_send ts_ns=19325078 id=125 clt=0 wrkr=2 slot=1 size=17 src=client:0 dst=worker:2
event=resp_recv_ud ts_ns=19366373 id=125 clt=0 wrkr=2 slot=1 size=41 src=worker:2 dst=client:0
event=hand_send ts_ns=19375020 id=125 clt=0 wrkr=2 slot=1 size=10 src=client:0 dst=worker:2
event=resp_rdma_read ts_ns=20031971 id=123 start_ns=19124782 dur_ns=907189 clt=0 wrkr=4 slot=1 size=307208 src=worker:4 dst=client:0
event=req_send ts_ns=20031971 id=129 clt=0 wrkr=1 slot=1 size=17 src=client:0 dst=worker:1
event=resp_recv_ud ts_ns=20072632 id=129 clt=0 wrkr=1 slot=1 size=41 src=worker:1 dst=client:0
event=hand_send ts_ns=20081279 id=129 clt=0 wrkr=1 slot=1 size=10 src=client:0 dst=worker:1
event=resp_rdma_read ts_ns=20282718 id=125 start_ns=19375020 dur_ns=907698 clt=0 wrkr=2 slot=1 size=307208 src=worker:2 dst=client:0
event=req_send ts_ns=20282718 id=131 clt=0 wrkr=0 slot=1 size=17 src=client:0 dst=worker:0
event=resp_recv_ud ts_ns=20323951 id=131 clt=0 wrkr=0 slot=1 size=41 src=worker:0 dst=client:0
event=hand_send ts_ns=20332598 id=131 clt=0 wrkr=0 slot=1 size=10 src=client:0 dst=worker:0
event=resp_rdma_read ts_ns=20988422 id=129 start_ns=20081279 dur_ns=907143 clt=0 wrkr=1 slot=1 size=307208 src=worker:1 dst=client:0
event=req_send ts_ns=20988422 id=135 clt=0 wrkr=8 slot=1 size=17 src=client:0 dst=worker:8
event=resp_recv_ud ts_ns=21029080 id=135 clt=0 wrkr=8 slot=1 size=41 src=worker:8 dst=client:0
event=hand_send ts_ns=21037727 id=135 clt=0 wrkr=8 slot=1 size=10 src=client:0 dst=worker:8
event=resp_rdma_read ts_ns=21240551 id=131 start_ns=20332598 dur_ns=907953 clt=0 wrkr=0 slot=1 size=307208 src=worker:0 dst=client:0
event=req_send ts_ns=21240551 id=137 clt=0 wrkr=10 slot=1 size=17 src=client:0 dst=worker:10
event=resp_recv_ud ts_ns=21281718 id=137 clt=0 wrkr=10 slot=1 size=41 src=worker:10 dst=client:0
event=hand_send ts_ns=21290365 id=137 clt=0 wrkr=10 slot=1 size=10 src=client:0 dst=worker:10
event=resp_rdma_read ts_ns=21944851 id=135 start_ns=21037727 dur_ns=907124 clt=0 wrkr=8 slot=1 size=307208 src=worker:8 dst=client:0
event=req_send ts_ns=21944851 id=141 clt=0 wrkr=8 slot=0 size=17 src=client:0 dst=worker:8
event=resp_recv_ud ts_ns=21985503 id=141 clt=0 wrkr=8 slot=0 size=41 src=worker:8 dst=client:0
event=hand_send ts_ns=21994150 id=141 clt=0 wrkr=8 slot=0 size=10 src=client:0 dst=worker:8
event=resp_rdma_read ts_ns=22198192 id=137 start_ns=21290365 dur_ns=907827 clt=0 wrkr=10 slot=1 size=307208 src=worker:10 dst=client:0
event=req_send ts_ns=22198192 id=143 clt=0 wrkr=11 slot=1 size=17 src=client:0 dst=worker:11
event=resp_recv_ud ts_ns=22239304 id=143 clt=0 wrkr=11 slot=1 size=41 src=worker:11 dst=client:0
event=hand_send ts_ns=22247951 id=143 clt=0 wrkr=11 slot=1 size=10 src=client:0 dst=worker:11
event=resp_rdma_read ts_ns=22901195 id=141 start_ns=21994150 dur_ns=907045 clt=0 wrkr=8 slot=0 size=307208 src=worker:8 dst=client:0
event=req_send ts_ns=22901195 id=147 clt=0 wrkr=2 slot=0 size=17 src=client:0 dst=worker:2
event=resp_recv_ud ts_ns=22941843 id=147 clt=0 wrkr=2 slot=0 size=41 src=worker:2 dst=client:0
event=hand_send ts_ns=22950490 id=147 clt=0 wrkr=2 slot=0 size=10 src=client:0 dst=worker:2
event=resp_rdma_read ts_ns=23155782 id=143 start_ns=22247951 dur_ns=907831 clt=0 wrkr=11 slot=1 size=307208 src=worker:11 dst=client:0
event=req_send ts_ns=23155782 id=149 clt=0 wrkr=11 slot=0 size=17 src=client:0 dst=worker:11
event=resp_recv_ud ts_ns=23196843 id=149 clt=0 wrkr=11 slot=0 size=41 src=worker:11 dst=client:0
event=hand_send ts_ns=23205490 id=149 clt=0 wrkr=11 slot=0 size=10 src=client:0 dst=worker:11
event=resp_rdma_read ts_ns=23857497 id=147 start_ns=22950490 dur_ns=907007 clt=0 wrkr=2 slot=0 size=307208 src=worker:2 dst=client:0
event=req_send ts_ns=23857497 id=153 clt=0 wrkr=9 slot=0 size=17 src=client:0 dst=worker:9
event=resp_recv_ud ts_ns=23898137 id=153 clt=0 wrkr=9 slot=0 size=41 src=worker:9 dst=client:0
event=hand_send ts_ns=23906784 id=153 clt=0 wrkr=9 slot=0 size=10 src=client:0 dst=worker:9
event=resp_rdma_read ts_ns=24113052 id=149 start_ns=23205490 dur_ns=907562 clt=0 wrkr=11 slot=0 size=307208 src=worker:11 dst=client:0
event=req_send ts_ns=24113052 id=155 clt=0 wrkr=11 slot=1 size=17 src=client:0 dst=worker:11
event=resp_recv_ud ts_ns=24154077 id=155 clt=0 wrkr=11 slot=1 size=41 src=worker:11 dst=client:0
event=hand_send ts_ns=24162724 id=155 clt=0 wrkr=11 slot=1 size=10 src=client:0 dst=worker:11
event=resp_rdma_read ts_ns=24813696 id=153 start_ns=23906784 dur_ns=906912 clt=0 wrkr=9 slot=0 size=307208 src=worker:9 dst=client:0
event=req_send ts_ns=24813696 id=159 clt=0 wrkr=9 slot=1 size=17 src=client:0 dst=worker:9
event=resp_recv_ud ts_ns=24854332 id=159 clt=0 wrkr=9 slot=1 size=41 src=worker:9 dst=client:0
event=hand_send ts_ns=24862979 id=159 clt=0 wrkr=9 slot=1 size=10 src=client:0 dst=worker:9
event=resp_rdma_read ts_ns=25070136 id=155 start_ns=24162724 dur_ns=907412 clt=0 wrkr=11 slot=1 size=307208 src=worker:11 dst=client:0
event=req_send ts_ns=25070136 id=161 clt=0 wrkr=3 slot=1 size=17 src=client:0 dst=worker:3
event=resp_recv_ud ts_ns=25111132 id=161 clt=0 wrkr=3 slot=1 size=41 src=worker:3 dst=client:0
event=hand_send ts_ns=25119779 id=161 clt=0 wrkr=3 slot=1 size=10 src=client:0 dst=worker:3
event=resp_rdma_read ts_ns=25769847 id=159 start_ns=24862979 dur_ns=906868 clt=0 wrkr=9 slot=1 size=307208 src=worker:9 dst=client:0
event=req_send ts_ns=25769847 id=165 clt=0 wrkr=8 slot=1 size=17 src=client:0 dst=worker:8
event=resp_recv_ud ts_ns=25810477 id=165 clt=0 wrkr=8 slot=1 size=41 src=worker:8 dst=client:0
event=hand_send ts_ns=25819124 id=165 clt=0 wrkr=8 slot=1 size=10 src=client:0 dst=worker:8
event=resp_rdma_read ts_ns=26027013 id=161 start_ns=25119779 dur_ns=907234 clt=0 wrkr=3 slot=1 size=307208 src=worker:3 dst=client:0
event=req_send ts_ns=26027013 id=167 clt=0 wrkr=0 slot=0 size=17 src=client:0 dst=worker:0
event=resp_recv_ud ts_ns=26067986 id=167 clt=0 wrkr=0 slot=0 size=41 src=worker:0 dst=client:0
event=hand_send ts_ns=26076633 id=167 clt=0 wrkr=0 slot=0 size=10 src=client:0 dst=worker:0
event=resp_rdma_read ts_ns=26725940 id=165 start_ns=25819124 dur_ns=906816 clt=0 wrkr=8 slot=1 size=307208 src=worker:8 dst=client:0
event=req_send ts_ns=26725940 id=171 clt=0 wrkr=6 slot=1 size=17 src=client:0 dst=worker:6
event=resp_recv_ud ts_ns=26766562 id=171 clt=0 wrkr=6 slot=1 size=41 src=worker:6 dst=client:0
event=hand_send ts_ns=26775209 id=171 clt=0 wrkr=6 slot=1 size=10 src=client:0 dst=worker:6
event=resp_rdma_read ts_ns=26983697 id=167 start_ns=26076633 dur_ns=907064 clt=0 wrkr=0 slot=0 size=307208 src=worker:0 dst=client:0
event=req_send ts_ns=26983697 id=173 clt=0 wrkr=7 slot=0 size=17 src=client:0 dst=worker:7
event=resp_recv_ud ts_ns=27024651 id=173 clt=0 wrkr=7 slot=0 size=41 src=worker:7 dst=client:0
event=hand_send ts_ns=27033298 id=173 clt=0 wrkr=7 slot=0 size=10 src=client:0 dst=worker:7
event=resp_rdma_read ts_ns=27681881 id=171 start_ns=26775209 dur_ns=906672 clt=0 wrkr=6 slot=1 size=307208 src=worker:6 dst=client:0
event=req_send ts_ns=27681881 id=177 clt=0 wrkr=4 slot=0 size=17 src=client:0 dst=worker:4
event=resp_recv_ud ts_ns=27722500 id=177 clt=0 wrkr=4 slot=0 size=41 src=worker:4 dst=client:0
event=hand_send ts_ns=27731147 id=177 clt=0 wrkr=4 slot=0 size=10 src=client:0 dst=worker:4
event=resp_rdma_read ts_ns=27940291 id=173 start_ns=27033298 dur_ns=906993 clt=0 wrkr=7 slot=0 size=307208 src=worker:7 dst=client:0
event=req_send ts_ns=27940291 id=179 clt=0 wrkr=4 slot=1 size=17 src=client:0 dst=worker:4
event=resp_recv_ud ts_ns=27981225 id=179 clt=0 wrkr=4 slot=1 size=41 src=worker:4 dst=client:0
event=hand_send ts_ns=27989872 id=179 clt=0 wrkr=4 slot=1 size=10 src=client:0 dst=worker:4
event=resp_rdma_read ts_ns=28637882 id=177 start_ns=27731147 dur_ns=906735 clt=0 wrkr=4 slot=0 size=307208 src=worker:4 dst=client:0
event=req_send ts_ns=28637882 id=183 clt=0 wrkr=10 slot=0 size=17 src=client:0 dst=worker:10
event=resp_recv_ud ts_ns=28678494 id=183 clt=0 wrkr=10 slot=0 size=41 src=worker:10 dst=client:0
event=hand_send ts_ns=28687141 id=183 clt=0 wrkr=10 slot=0 size=10 src=client:0 dst=worker:10
event=resp_rdma_read ts_ns=28896742 id=179 start_ns=27989872 dur_ns=906870 clt=0 wrkr=4 slot=1 size=307208 src=worker:4 dst=client:0
event=req_send ts_ns=28896742 id=185 clt=0 wrkr=9 slot=0 size=17 src=client:0 dst=worker:9
event=resp_recv_ud ts_ns=28937658 id=185 clt=0 wrkr=9 slot=0 size=41 src=worker:9 dst=client:0
event=hand_send ts_ns=28946305 id=185 clt=0 wrkr=9 slot=0 size=10 src=client:0 dst=worker:9
event=resp_rdma_read ts_ns=29593636 id=183 start_ns=28687141 dur_ns=906495 clt=0 wrkr=10 slot=0 size=307208 src=worker:10 dst=client:0
event=req_send ts_ns=29593636 id=189 clt=0 wrkr=7 slot=1 size=17 src=client:0 dst=worker:7
event=resp_recv_ud ts_ns=29634247 id=189 clt=0 wrkr=7 slot=1 size=41 src=worker:7 dst=client:0
event=hand_send ts_ns=29642894 id=189 clt=0 wrkr=7 slot=1 size=10 src=client:0 dst=worker:7
event=resp_rdma_read ts_ns=29852987 id=185 start_ns=28946305 dur_ns=906682 clt=0 wrkr=9 slot=0 size=307208 src=worker:9 dst=client:0
event=req_send ts_ns=29852987 id=191 clt=0 wrkr=7 slot=0 size=17 src=client:0 dst=worker:7
event=resp_recv_ud ts_ns=29893888 id=191 clt=0 wrkr=7 slot=0 size=41 src=worker:7 dst=client:0
event=hand_send ts_ns=29902535 id=191 clt=0 wrkr=7 slot=0 size=10 src=client:0 dst=worker:7
event=resp_rdma_read ts_ns=30549468 id=189 start_ns=29642894 dur_ns=906574 clt=0 wrkr=7 slot=1 size=307208 src=worker:7 dst=client:0
event=req_send ts_ns=30549468 id=195 clt=0 wrkr=8 slot=0 size=17 src=client:0 dst=worker:8
event=resp_recv_ud ts_ns=30590074 id=195 clt=0 wrkr=8 slot=0 size=41 src=worker:8 dst=client:0
event=hand_send ts_ns=30598721 id=195 clt=0 wrkr=8 slot=0 size=10 src=client:0 dst=worker:8
event=resp_rdma_read ts_ns=30809199 id=191 start_ns=29902535 dur_ns=906664 clt=0 wrkr=7 slot=0 size=307208 src=worker:7 dst=client:0
event=req_send ts_ns=30809199 id=197 clt=0 wrkr=6 slot=0 size=17 src=client:0 dst=worker:6
event=resp_recv_ud ts_ns=30850083 id=197 clt=0 wrkr=6 slot=0 size=41 src=worker:6 dst=client:0
event=hand_send ts_ns=30858730 id=197 clt=0 wrkr=6 slot=0 size=10 src=client:0 dst=worker:6
event=resp_rdma_read ts_ns=31505166 id=195 start_ns=30598721 dur_ns=906445 clt=0 wrkr=8 slot=0 size=307208 src=worker:8 dst=client:0
event=req_send ts_ns=31505166 id=201 clt=0 wrkr=8 slot=1 size=17 src=client:0 dst=worker:8
event=resp_recv_ud ts_ns=31545769 id=201 clt=0 wrkr=8 slot=1 size=41 src=worker:8 dst=client:0
event=hand_send ts_ns=31554416 id=201 clt=0 wrkr=8 slot=1 size=10 src=client:0 dst=worker:8
event=resp_rdma_read ts_ns=31765187 id=197 start_ns=30858730 dur_ns=906457 clt=0 wrkr=6 slot=0 size=307208 src=worker:6 dst=client:0
event=req_send ts_ns=31765187 id=203 clt=0 wrkr=8 slot=0 size=17 src=client:0 dst=worker:8
event=resp_recv_ud ts_ns=31806056 id=203 clt=0 wrkr=8 slot=0 size=41 src=worker:8 dst=client:0
event=hand_send ts_ns=31814703 id=203 clt=0 wrkr=8 slot=0 size=10 src=client:0 dst=worker:8
event=resp_rdma_read ts_ns=32460845 id=201 start_ns=31554416 dur_ns=906429 clt=0 wrkr=8 slot=1 size=307208 src=worker:8 dst=client:0
event=req_send ts_ns=32460845 id=207 clt=0 wrkr=0 slot=1 size=17 src=client:0 dst=worker:0
event=resp_recv_ud ts_ns=32501444 id=207 clt=0 wrkr=0 slot=1 size=41 src=worker:0 dst=client:0
event=hand_send ts_ns=32510091 id=207 clt=0 wrkr=0 slot=1 size=10 src=client:0 dst=worker:0
event=resp_rdma_read ts_ns=32721126 id=203 start_ns=31814703 dur_ns=906423 clt=0 wrkr=8 slot=0 size=307208 src=worker:8 dst=client:0
event=req_send ts_ns=32721126 id=209 clt=0 wrkr=5 slot=0 size=17 src=client:0 dst=worker:5
event=resp_recv_ud ts_ns=32761975 id=209 clt=0 wrkr=5 slot=0 size=41 src=worker:5 dst=client:0
event=hand_send ts_ns=32770622 id=209 clt=0 wrkr=5 slot=0 size=10 src=client:0 dst=worker:5
event=resp_rdma_read ts_ns=33416500 id=207 start_ns=32510091 dur_ns=906409 clt=0 wrkr=0 slot=1 size=307208 src=worker:0 dst=client:0
event=req_send ts_ns=33416500 id=213 clt=0 wrkr=7 slot=1 size=17 src=client:0 dst=worker:7
event=resp_recv_ud ts_ns=33457095 id=213 clt=0 wrkr=7 slot=1 size=41 src=worker:7 dst=client:0
event=hand_send ts_ns=33465742 id=213 clt=0 wrkr=7 slot=1 size=10 src=client:0 dst=worker:7
event=resp_rdma_read ts_ns=33676841 id=209 start_ns=32770622 dur_ns=906219 clt=0 wrkr=5 slot=0 size=307208 src=worker:5 dst=client:0
event=req_send ts_ns=33676841 id=215 clt=0 wrkr=11 slot=0 size=17 src=client:0 dst=worker:11
event=resp_recv_ud ts_ns=33717671 id=215 clt=0 wrkr=11 slot=0 size=41 src=worker:11 dst=client:0
event=hand_send ts_ns=33726318 id=215 clt=0 wrkr=11 slot=0 size=10 src=client:0 dst=worker:11
event=resp_rdma_read ts_ns=34372073 id=213 start_ns=33465742 dur_ns=906331 clt=0 wrkr=7 slot=1 size=307208 src=worker:7 dst=client:0
event=req_send ts_ns=34372073 id=219 clt=0 wrkr=3 slot=0 size=17 src=client:0 dst=worker:3
event=resp_recv_ud ts_ns=34412665 id=219 clt=0 wrkr=3 slot=0 size=41 src=worker:3 dst=client:0
event=hand_send ts_ns=34421312 id=219 clt=0 wrkr=3 slot=0 size=10 src=client:0 dst=worker:3
event=resp_rdma_read ts_ns=34632460 id=215 start_ns=33726318 dur_ns=906142 clt=0 wrkr=11 slot=0 size=307208 src=worker:11 dst=client:0
event=req_send ts_ns=34632460 id=221 clt=0 wrkr=3 slot=1 size=17 src=client:0 dst=worker:3
event=resp_recv_ud ts_ns=34673266 id=221 clt=0 wrkr=3 slot=1 size=41 src=worker:3 dst=client:0
event=hand_send ts_ns=34681913 id=221 clt=0 wrkr=3 slot=1 size=10 src=client:0 dst=worker:3
event=resp_rdma_read ts_ns=35327569 id=219 start_ns=34421312 dur_ns=906257 clt=0 wrkr=3 slot=0 size=307208 src=worker:3 dst=client:0
event=req_send ts_ns=35327569 id=225 clt=0 wrkr=8 slot=1 size=17 src=client:0 dst=worker:8
event=resp_recv_ud ts_ns=35368157 id=225 clt=0 wrkr=8 slot=1 size=41 src=worker:8 dst=client:0
event=hand_send ts_ns=35376804 id=225 clt=0 wrkr=8 slot=1 size=10 src=client:0 dst=worker:8
event=resp_rdma_read ts_ns=35587747 id=221 start_ns=34681913 dur_ns=905834 clt=0 wrkr=3 slot=1 size=307208 src=worker:3 dst=client:0
event=req_send ts_ns=35587747 id=227 clt=0 wrkr=0 slot=0 size=17 src=client:0 dst=worker:0
event=resp_recv_ud ts_ns=35628517 id=227 clt=0 wrkr=0 slot=0 size=41 src=worker:0 dst=client:0
event=hand_send ts_ns=35637164 id=227 clt=0 wrkr=0 slot=0 size=10 src=client:0 dst=worker:0
event=resp_rdma_read ts_ns=36282930 id=225 start_ns=35376804 dur_ns=906126 clt=0 wrkr=8 slot=1 size=307208 src=worker:8 dst=client:0
event=req_send ts_ns=36282930 id=231 clt=0 wrkr=9 slot=1 size=17 src=client:0 dst=worker:9
event=resp_recv_ud ts_ns=36323515 id=231 clt=0 wrkr=9 slot=1 size=41 src=worker:9 dst=client:0
event=hand_send ts_ns=36332162 id=231 clt=0 wrkr=9 slot=1 size=10 src=client:0 dst=worker:9
event=resp_rdma_read ts_ns=36542737 id=227 start_ns=35637164 dur_ns=905573 clt=0 wrkr=0 slot=0 size=307208 src=worker:0 dst=client:0
event=req_send ts_ns=36542737 id=233 clt=0 wrkr=9 slot=0 size=17 src=client:0 dst=worker:9
event=resp_recv_ud ts_ns=36583436 id=233 clt=0 wrkr=9 slot=0 size=41 src=worker:9 dst=client:0
event=hand_send ts_ns=36592083 id=233 clt=0 wrkr=9 slot=0 size=10 src=client:0 dst=worker:9
event=resp_rdma_read ts_ns=37238155 id=231 start_ns=36332162 dur_ns=905993 clt=0 wrkr=9 slot=1 size=307208 src=worker:9 dst=client:0
event=req_send ts_ns=37238155 id=237 clt=0 wrkr=6 slot=1 size=17 src=client:0 dst=worker:6
event=resp_recv_ud ts_ns=37278737 id=237 clt=0 wrkr=6 slot=1 size=41 src=worker:6 dst=client:0
event=hand_send ts_ns=37287384 id=237 clt=0 wrkr=6 slot=1 size=10 src=client:0 dst=worker:6
event=resp_rdma_read ts_ns=37497160 id=233 start_ns=36592083 dur_ns=905077 clt=0 wrkr=9 slot=0 size=307208 src=worker:9 dst=client:0
event=req_send ts_ns=37497160 id=239 clt=0 wrkr=7 slot=0 size=17 src=client:0 dst=worker:7
event=resp_recv_ud ts_ns=37537678 id=239 clt=0 wrkr=7 slot=0 size=41 src=worker:7 dst=client:0
event=hand_send ts_ns=37546325 id=239 clt=0 wrkr=7 slot=0 size=10 src=client:0 dst=worker:7
event=resp_rdma_read ts_ns=38193496 id=237 start_ns=37287384 dur_ns=906112 clt=0 wrkr=6 slot=1 size=307208 src=worker:6 dst=client:0
event=req_send ts_ns=38193496 id=244 clt=0 wrkr=5 slot=1 size=17 src=client:0 dst=worker:5
event=resp_recv_ud ts_ns=38236310 id=244 clt=0 wrkr=5 slot=1 size=41 src=worker:5 dst=client:0
event=hand_send ts_ns=38244957 id=244 clt=0 wrkr=5 slot=1 size=10 src=client:0 dst=worker:5
event=resp_rdma_read ts_ns=38450204 id=239 start_ns=37546325 dur_ns=903879 clt=0 wrkr=7 slot=0 size=307208 src=worker:7 dst=client:0
event=req_send ts_ns=38450204 id=245 clt=0 wrkr=5 slot=0 size=17 src=client:0 dst=worker:5
event=resp_recv_ud ts_ns=38490487 id=245 clt=0 wrkr=5 slot=0 size=41 src=worker:5 dst=client:0
event=hand_send ts_ns=38499134 id=245 clt=0 wrkr=5 slot=0 size=10 src=client:0 dst=worker:5
event=resp_rdma_read ts_ns=38966086 id=244 start_ns=38244957 dur_ns=721129 clt=0 wrkr=5 slot=1 size=307208 src=worker:5 dst=client:0
event=req_send ts_ns=38966086 id=248 clt=0 wrkr=5 slot=1 size=17 src=client:0 dst=worker:5
event=resp_recv_ud ts_ns=39006646 id=248 clt=0 wrkr=5 slot=1 size=41 src=worker:5 dst=client:0
event=hand_send ts_ns=39015293 id=248 clt=0 wrkr=5 slot=1 size=10 src=client:0 dst=worker:5
event=resp_rdma_read ts_ns=39408268 id=245 start_ns=38499134 dur_ns=909134 clt=0 wrkr=5 slot=0 size=307208 src=worker:5 dst=client:0
event=req_send ts_ns=39408268 id=251 clt=0 wrkr=1 slot=0 size=17 src=client:0 dst=worker:1
event=resp_recv_ud ts_ns=39449073 id=251 clt=0 wrkr=1 slot=0 size=41 src=worker:1 dst=client:0
event=hand_send ts_ns=39457720 id=251 clt=0 wrkr=1 slot=0 size=10 src=client:0 dst=worker:1
event=resp_rdma_read ts_ns=40026324 id=248 start_ns=39015293 dur_ns=1011031 clt=0 wrkr=5 slot=1 size=307208 src=worker:5 dst=client:0
event=req_send ts_ns=40026324 id=255 clt=0 wrkr=3 slot=0 size=17 src=client:0 dst=worker:3
event=resp_recv_ud ts_ns=40066341 id=255 clt=0 wrkr=3 slot=0 size=41 src=worker:3 dst=client:0
event=hand_send ts_ns=40074988 id=255 clt=0 wrkr=3 slot=0 size=10 src=client:0 dst=worker:3
event=resp_rdma_read ts_ns=40368097 id=251 start_ns=39457720 dur_ns=910377 clt=0 wrkr=1 slot=0 size=307208 src=worker:1 dst=client:0
event=req_send ts_ns=40368097 id=257 clt=0 wrkr=2 slot=1 size=17 src=client:0 dst=worker:2
event=resp_recv_ud ts_ns=40408849 id=257 clt=0 wrkr=2 slot=1 size=41 src=worker:2 dst=client:0
event=hand_send ts_ns=40417496 id=257 clt=0 wrkr=2 slot=1 size=10 src=client:0 dst=worker:2
event=resp_rdma_read ts_ns=40969717 id=255 start_ns=40074988 dur_ns=894729 clt=0 wrkr=3 slot=0 size=307208 src=worker:3 dst=client:0
event=req_send ts_ns=40969717 id=261 clt=0 wrkr=5 slot=0 size=17 src=client:0 dst=worker:5
event=resp_recv_ud ts_ns=41010034 id=261 clt=0 wrkr=5 slot=0 size=41 src=worker:5 dst=client:0
event=hand_send ts_ns=41018681 id=261 clt=0 wrkr=5 slot=0 size=10 src=client:0 dst=worker:5
event=resp_rdma_read ts_ns=41327151 id=257 start_ns=40417496 dur_ns=909655 clt=0 wrkr=2 slot=1 size=307208 src=worker:2 dst=client:0
event=req_send ts_ns=41327151 id=263 clt=0 wrkr=5 slot=1 size=17 src=client:0 dst=worker:5
event=resp_recv_ud ts_ns=41367778 id=263 clt=0 wrkr=5 slot=1 size=41 src=worker:5 dst=client:0
event=hand_send ts_ns=41376425 id=263 clt=0 wrkr=5 slot=1 size=10 src=client:0 dst=worker:5
event=resp_rdma_read ts_ns=41926215 id=261 start_ns=41018681 dur_ns=907534 clt=0 wrkr=5 slot=0 size=307208 src=worker:5 dst=client:0
event=req_send ts_ns=41926215 id=267 clt=0 wrkr=10 slot=1 size=17 src=client:0 dst=worker:10
event=resp_recv_ud ts_ns=41966581 id=267 clt=0 wrkr=10 slot=1 size=41 src=worker:10 dst=client:0
event=hand_send ts_ns=41975228 id=267 clt=0 wrkr=10 slot=1 size=10 src=client:0 dst=worker:10
event=resp_rdma_read ts_ns=42286568 id=263 start_ns=41376425 dur_ns=910143 clt=0 wrkr=5 slot=1 size=307208 src=worker:5 dst=client:0
event=req_send ts_ns=42286568 id=269 clt=0 wrkr=1 slot=1 size=17 src=client:0 dst=worker:1
event=resp_recv_ud ts_ns=42327099 id=269 clt=0 wrkr=1 slot=1 size=41 src=worker:1 dst=client:0
event=hand_send ts_ns=42335746 id=269 clt=0 wrkr=1 slot=1 size=10 src=client:0 dst=worker:1
event=resp_rdma_read ts_ns=42885784 id=267 start_ns=41975228 dur_ns=910556 clt=0 wrkr=10 slot=1 size=307208 src=worker:10 dst=client:0
event=req_send ts_ns=42885784 id=273 clt=0 wrkr=4 slot=0 size=17 src=client:0 dst=worker:4
event=resp_recv_ud ts_ns=42926112 id=273 clt=0 wrkr=4 slot=0 size=41 src=worker:4 dst=client:0
event=hand_send ts_ns=42934759 id=273 clt=0 wrkr=4 slot=0 size=10 src=client:0 dst=worker:4
event=resp_rdma_read ts_ns=43343497 id=269 start_ns=42335746 dur_ns=1007751 clt=0 wrkr=1 slot=1 size=307208 src=worker:1 dst=client:0
event=req_send ts_ns=43343497 id=276 clt=0 wrkr=6 slot=0 size=17 src=client:0 dst=worker:6
event=resp_recv_ud ts_ns=43384045 id=276 clt=0 wrkr=6 slot=0 size=41 src=worker:6 dst=client:0
event=hand_send ts_ns=43392692 id=276 clt=0 wrkr=6 slot=0 size=10 src=client:0 dst=worker:6
event=resp_rdma_read ts_ns=43856891 id=273 start_ns=42934759 dur_ns=922132 clt=0 wrkr=4 slot=0 size=307208 src=worker:4 dst=client:0
event=req_send ts_ns=43856891 id=279 clt=0 wrkr=5 slot=0 size=17 src=client:0 dst=worker:5
event=resp_recv_ud ts_ns=43897379 id=279 clt=0 wrkr=5 slot=0 size=41 src=worker:5 dst=client:0
event=hand_send ts_ns=43906026 id=279 clt=0 wrkr=5 slot=0 size=10 src=client:0 dst=worker:5
event=resp_rdma_read ts_ns=44295669 id=276 start_ns=43392692 dur_ns=902977 clt=0 wrkr=6 slot=0 size=307208 src=worker:6 dst=client:0
event=req_send ts_ns=44295669 id=283 clt=0 wrkr=6 slot=1 size=17 src=client:0 dst=worker:6
event=resp_recv_ud ts_ns=44344621 id=283 clt=0 wrkr=6 slot=1 size=41 src=worker:6 dst=client:0
event=hand_send ts_ns=44353268 id=283 clt=0 wrkr=6 slot=1 size=10 src=client:0 dst=worker:6
event=resp_rdma_read ts_ns=44813613 id=279 start_ns=43906026 dur_ns=907587 clt=0 wrkr=5 slot=0 size=307208 src=worker:5 dst=client:0
event=req_send ts_ns=44813613 id=285 clt=0 wrkr=11 slot=1 size=17 src=client:0 dst=worker:11
event=resp_recv_ud ts_ns=44854114 id=285 clt=0 wrkr=11 slot=1 size=41 src=worker:11 dst=client:0
event=hand_send ts_ns=44862761 id=285 clt=0 wrkr=11 slot=1 size=10 src=client:0 dst=worker:11
event=resp_rdma_read ts_ns=45003239 id=283 start_ns=44353268 dur_ns=649971 clt=0 wrkr=6 slot=1 size=307208 src=worker:6 dst=client:0
event=req_send ts_ns=45003239 id=289 clt=0 wrkr=5 slot=1 size=17 src=client:0 dst=worker:5
event=resp_recv_ud ts_ns=45070619 id=289 clt=0 wrkr=5 slot=1 size=41 src=worker:5 dst=client:0
event=hand_send ts_ns=45079266 id=289 clt=0 wrkr=5 slot=1 size=10 src=client:0 dst=worker:5
event=resp_rdma_read ts_ns=45774281 id=285 start_ns=44862761 dur_ns=911520 clt=0 wrkr=11 slot=1 size=307208 src=worker:11 dst=client:0
event=req_send ts_ns=45774281 id=291 clt=0 wrkr=2 slot=0 size=17 src=client:0 dst=worker:2
event=resp_recv_ud ts_ns=45813896 id=291 clt=0 wrkr=2 slot=0 size=41 src=worker:2 dst=client:0
event=hand_send ts_ns=45822543 id=291 clt=0 wrkr=2 slot=0 size=10 src=client:0 dst=worker:2
event=resp_rdma_read ts_ns=46012050 id=289 start_ns=45079266 dur_ns=932784 clt=0 wrkr=5 slot=1 size=307208 src=worker:5 dst=client:0
event=req_send ts_ns=46012050 id=294 clt=0 wrkr=11 slot=0 size=17 src=client:0 dst=worker:11
event=resp_recv_ud ts_ns=46053185 id=294 clt=0 wrkr=11 slot=0 size=41 src=worker:11 dst=client:0
event=hand_send ts_ns=46061832 id=294 clt=0 wrkr=11 slot=0 size=10 src=client:0 dst=worker:11
event=resp_rdma_read ts_ns=46821974 id=291 start_ns=45822543 dur_ns=999431 clt=0 wrkr=2 slot=0 size=307208 src=worker:2 dst=client:0
event=req_send ts_ns=46821974 id=299 clt=0 wrkr=6 slot=0 size=17 src=client:0 dst=worker:6
event=resp_recv_ud ts_ns=46876442 id=299 clt=0 wrkr=6 slot=0 size=41 src=worker:6 dst=client:0
event=hand_send ts_ns=46885089 id=299 clt=0 wrkr=6 slot=0 size=10 src=client:0 dst=worker:6
event=resp_rdma_read ts_ns=46980139 id=294 start_ns=46061832 dur_ns=918307 clt=0 wrkr=11 slot=0 size=307208 src=worker:11 dst=client:0
event=req_send ts_ns=46980139 id=301 clt=0 wrkr=10 slot=0 size=17 src=client:0 dst=worker:10
event=resp_recv_ud ts_ns=47036400 id=301 clt=0 wrkr=10 slot=0 size=41 src=worker:10 dst=client:0
event=hand_send ts_ns=47045047 id=301 clt=0 wrkr=10 slot=0 size=10 src=client:0 dst=worker:10
event=resp_rdma_read ts_ns=47792911 id=301 start_ns=47045047 dur_ns=747864 clt=0 wrkr=10 slot=0 size=307208 src=worker:10 dst=client:0
event=req_send ts_ns=47792911 id=305 clt=0 wrkr=11 slot=1 size=17 src=client:0 dst=worker:11
event=resp_recv_ud ts_ns=47858477 id=305 clt=0 wrkr=11 slot=1 size=41 src=worker:11 dst=client:0
event=hand_send ts_ns=47867124 id=305 clt=0 wrkr=11 slot=1 size=10 src=client:0 dst=worker:11
event=resp_rdma_read ts_ns=47988600 id=299 start_ns=46885089 dur_ns=1103511 clt=0 wrkr=6 slot=0 size=307208 src=worker:6 dst=client:0
event=req_send ts_ns=47988600 id=306 clt=0 wrkr=3 slot=1 size=17 src=client:0 dst=worker:3
event=resp_recv_ud ts_ns=48029256 id=306 clt=0 wrkr=3 slot=1 size=41 src=worker:3 dst=client:0
event=hand_send ts_ns=48037903 id=306 clt=0 wrkr=3 slot=1 size=10 src=client:0 dst=worker:3
event=resp_rdma_read ts_ns=48757572 id=305 start_ns=47867124 dur_ns=890448 clt=0 wrkr=11 slot=1 size=307208 src=worker:11 dst=client:0
event=req_send ts_ns=48757572 id=310 clt=0 wrkr=8 slot=0 size=17 src=client:0 dst=worker:8
event=resp_recv_ud ts_ns=48809558 id=310 clt=0 wrkr=8 slot=0 size=41 src=worker:8 dst=client:0
event=hand_send ts_ns=48818205 id=310 clt=0 wrkr=8 slot=0 size=10 src=client:0 dst=worker:8
event=resp_rdma_read ts_ns=48960850 id=306 start_ns=48037903 dur_ns=922947 clt=0 wrkr=3 slot=1 size=307208 src=worker:3 dst=client:0
event=req_send ts_ns=48960850 id=312 clt=0 wrkr=2 slot=1 size=17 src=client:0 dst=worker:2
event=resp_recv_ud ts_ns=49010414 id=312 clt=0 wrkr=2 slot=1 size=41 src=worker:2 dst=client:0
event=hand_send ts_ns=49019061 id=312 clt=0 wrkr=2 slot=1 size=10 src=client:0 dst=worker:2
event=resp_rdma_read ts_ns=49644371 id=310 start_ns=48818205 dur_ns=826166 clt=0 wrkr=8 slot=0 size=307208 src=worker:8 dst=client:0
event=req_send ts_ns=49644371 id=315 clt=0 wrkr=3 slot=0 size=17 src=client:0 dst=worker:3
event=resp_rdma_read ts_ns=49685494 id=312 start_ns=49019061 dur_ns=666433 clt=0 wrkr=2 slot=1 size=307208 src=worker:2 dst=client:0
event=req_send ts_ns=49685494 id=317 clt=0 wrkr=11 slot=0 size=17 src=client:0 dst=worker:11
event=resp_recv_ud ts_ns=49701488 id=315 clt=0 wrkr=3 slot=0 size=41 src=worker:3 dst=client:0
event=hand_send ts_ns=49710135 id=315 clt=0 wrkr=3 slot=0 size=10 src=client:0 dst=worker:3
event=resp_recv_ud ts_ns=49747024 id=317 clt=0 wrkr=11 slot=0 size=41 src=worker:11 dst=client:0
event=hand_send ts_ns=49755671 id=317 clt=0 wrkr=11 slot=0 size=10 src=client:0 dst=worker:11
event=resp_rdma_read ts_ns=50299503 id=317 start_ns=49755671 dur_ns=543832 clt=0 wrkr=11 slot=0 size=307208 src=worker:11 dst=client:0
event=req_send ts_ns=50299503 id=320 clt=0 wrkr=5 slot=0 size=17 src=client:0 dst=worker:5
event=resp_recv_ud ts_ns=50339081 id=320 clt=0 wrkr=5 slot=0 size=41 src=worker:5 dst=client:0
event=hand_send ts_ns=50347728 id=320 clt=0 wrkr=5 slot=0 size=10 src=client:0 dst=worker:5
event=resp_rdma_read ts_ns=50765837 id=315 start_ns=49710135 dur_ns=1055702 clt=0 wrkr=3 slot=0 size=307208 src=worker:3 dst=client:0
event=req_send ts_ns=50765837 id=323 clt=0 wrkr=2 slot=0 size=17 src=client:0 dst=worker:2
event=resp_recv_ud ts_ns=50806052 id=323 clt=0 wrkr=2 slot=0 size=41 src=worker:2 dst=client:0
event=hand_send ts_ns=50814699 id=323 clt=0 wrkr=2 slot=0 size=10 src=client:0 dst=worker:2
event=resp_rdma_read ts_ns=51260263 id=320 start_ns=50347728 dur_ns=912535 clt=0 wrkr=5 slot=0 size=307208 src=worker:5 dst=client:0
event=req_send ts_ns=51260263 id=326 clt=0 wrkr=10 slot=1 size=17 src=client:0 dst=worker:10
event=resp_recv_ud ts_ns=51301040 id=326 clt=0 wrkr=10 slot=1 size=41 src=worker:10 dst=client:0
event=hand_send ts_ns=51309687 id=326 clt=0 wrkr=10 slot=1 size=10 src=client:0 dst=worker:10
event=resp_rdma_read ts_ns=51715750 id=323 start_ns=50814699 dur_ns=901051 clt=0 wrkr=2 slot=0 size=307208 src=worker:2 dst=client:0
event=req_send ts_ns=51715750 id=329 clt=0 wrkr=11 slot=1 size=17 src=client:0 dst=worker:11
event=resp_recv_ud ts_ns=51756297 id=329 clt=0 wrkr=11 slot=1 size=41 src=worker:11 dst=client:0
event=hand_send ts_ns=51764944 id=329 clt=0 wrkr=11 slot=1 size=10 src=client:0 dst=worker:11
event=resp_rdma_read ts_ns=52216103 id=326 start_ns=51309687 dur_ns=906416 clt=0 wrkr=10 slot=1 size=307208 src=worker:10 dst=client:0
event=req_send ts_ns=52216103 id=332 clt=0 wrkr=9 slot=1 size=17 src=client:0 dst=worker:9
event=resp_recv_ud ts_ns=52256857 id=332 clt=0 wrkr=9 slot=1 size=41 src=worker:9 dst=client:0
event=hand_send ts_ns=52265504 id=332 clt=0 wrkr=9 slot=1 size=10 src=client:0 dst=worker:9
event=resp_rdma_read ts_ns=52671504 id=329 start_ns=51764944 dur_ns=906560 clt=0 wrkr=11 slot=1 size=307208 src=worker:11 dst=client:0
event=req_send ts_ns=52671504 id=335 clt=0 wrkr=2 slot=1 size=17 src=client:0 dst=worker:2
event=resp_recv_ud ts_ns=52712046 id=335 clt=0 wrkr=2 slot=1 size=41 src=worker:2 dst=client:0
event=hand_send ts_ns=52720693 id=335 clt=0 wrkr=2 slot=1 size=10 src=client:0 dst=worker:2
event=resp_rdma_read ts_ns=53171942 id=332 start_ns=52265504 dur_ns=906438 clt=0 wrkr=9 slot=1 size=307208 src=worker:9 dst=client:0
event=req_send ts_ns=53171942 id=338 clt=0 wrkr=6 slot=1 size=17 src=client:0 dst=worker:6
event=resp_recv_ud ts_ns=53212700 id=338 clt=0 wrkr=6 slot=1 size=41 src=worker:6 dst=client:0
event=hand_send ts_ns=53221347 id=338 clt=0 wrkr=6 slot=1 size=10 src=client:0 dst=worker:6
event=resp_rdma_read ts_ns=53627053 id=335 start_ns=52720693 dur_ns=906360 clt=0 wrkr=2 slot=1 size=307208 src=worker:2 dst=client:0
event=req_send ts_ns=53627053 id=341 clt=0 wrkr=3 slot=1 size=17 src=client:0 dst=worker:3
event=resp_recv_ud ts_ns=53667597 id=341 clt=0 wrkr=3 slot=1 size=41 src=worker:3 dst=client:0
event=hand_send ts_ns=53676244 id=341 clt=0 wrkr=3 slot=1 size=10 src=client:0 dst=worker:3
event=resp_rdma_read ts_ns=54127812 id=338 start_ns=53221347 dur_ns=906465 clt=0 wrkr=6 slot=1 size=307208 src=worker:6 dst=client:0
event=req_send ts_ns=54127812 id=344 clt=0 wrkr=7 slot=1 size=17 src=client:0 dst=worker:7
event=resp_recv_ud ts_ns=54168574 id=344 clt=0 wrkr=7 slot=1 size=41 src=worker:7 dst=client:0
event=hand_send ts_ns=54177221 id=344 clt=0 wrkr=7 slot=1 size=10 src=client:0 dst=worker:7
event=resp_rdma_read ts_ns=54582728 id=341 start_ns=53676244 dur_ns=906484 clt=0 wrkr=3 slot=1 size=307208 src=worker:3 dst=client:0
event=req_send ts_ns=54582728 id=347 clt=0 wrkr=1 slot=0 size=17 src=client:0 dst=worker:1
event=resp_recv_ud ts_ns=54623275 id=347 clt=0 wrkr=1 slot=0 size=41 src=worker:1 dst=client:0
event=hand_send ts_ns=54631922 id=347 clt=0 wrkr=1 slot=0 size=10 src=client:0 dst=worker:1
event=resp_rdma_read ts_ns=55083611 id=344 start_ns=54177221 dur_ns=906390 clt=0 wrkr=7 slot=1 size=307208 src=worker:7 dst=client:0
event=req_send ts_ns=55083611 id=350 clt=0 wrkr=10 slot=0 size=17 src=client:0 dst=worker:10
event=resp_recv_ud ts_ns=55124377 id=350 clt=0 wrkr=10 slot=0 size=41 src=worker:10 dst=client:0
event=hand_send ts_ns=55133024 id=350 clt=0 wrkr=10 slot=0 size=10 src=client:0 dst=worker:10
event=resp_rdma_read ts_ns=55538325 id=347 start_ns=54631922 dur_ns=906403 clt=0 wrkr=1 slot=0 size=307208 src=worker:1 dst=client:0
event=req_send ts_ns=55538325 id=353 clt=0 wrkr=4 slot=1 size=17 src=client:0 dst=worker:4
event=resp_recv_ud ts_ns=55578876 id=353 clt=0 wrkr=4 slot=1 size=41 src=worker:4 dst=client:0
event=hand_send ts_ns=55587523 id=353 clt=0 wrkr=4 slot=1 size=10 src=client:0 dst=worker:4
event=resp_rdma_read ts_ns=56039549 id=350 start_ns=55133024 dur_ns=906525 clt=0 wrkr=10 slot=0 size=307208 src=worker:10 dst=client:0
event=req_send ts_ns=56039549 id=356 clt=0 wrkr=1 slot=1 size=17 src=client:0 dst=worker:1
event=resp_recv_ud ts_ns=56080316 id=356 clt=0 wrkr=1 slot=1 size=41 src=worker:1 dst=client:0
event=hand_send ts_ns=56088963 id=356 clt=0 wrkr=1 slot=1 size=10 src=client:0 dst=worker:1
event=resp_rdma_read ts_ns=56494150 id=353 start_ns=55587523 dur_ns=906627 clt=0 wrkr=4 slot=1 size=307208 src=worker:4 dst=client:0
event=req_send ts_ns=56494150 id=359 clt=0 wrkr=3 slot=0 size=17 src=client:0 dst=worker:3
event=resp_recv_ud ts_ns=56534703 id=359 clt=0 wrkr=3 slot=0 size=41 src=worker:3 dst=client:0
event=hand_send ts_ns=56543350 id=359 clt=0 wrkr=3 slot=0 size=10 src=client:0 dst=worker:3
event=resp_rdma_read ts_ns=56995411 id=356 start_ns=56088963 dur_ns=906448 clt=0 wrkr=1 slot=1 size=307208 src=worker:1 dst=client:0
event=req_send ts_ns=56995411 id=362 clt=0 wrkr=8 slot=1 size=17 src=client:0 dst=worker:8
event=resp_recv_ud ts_ns=57036183 id=362 clt=0 wrkr=8 slot=1 size=41 src=worker:8 dst=client:0
event=hand_send ts_ns=57044830 id=362 clt=0 wrkr=8 slot=1 size=10 src=client:0 dst=worker:8
event=resp_rdma_read ts_ns=57450087 id=359 start_ns=56543350 dur_ns=906737 clt=0 wrkr=3 slot=0 size=307208 src=worker:3 dst=client:0
event=req_send ts_ns=57450087 id=365 clt=0 wrkr=5 slot=1 size=17 src=client:0 dst=worker:5
event=resp_recv_ud ts_ns=57490638 id=365 clt=0 wrkr=5 slot=1 size=41 src=worker:5 dst=client:0
event=hand_send ts_ns=57499285 id=365 clt=0 wrkr=5 slot=1 size=10 src=client:0 dst=worker:5
event=resp_rdma_read ts_ns=57951400 id=362 start_ns=57044830 dur_ns=906570 clt=0 wrkr=8 slot=1 size=307208 src=worker:8 dst=client:0
event=req_send ts_ns=57951400 id=368 clt=0 wrkr=7 slot=0 size=17 src=client:0 dst=worker:7
event=resp_recv_ud ts_ns=57992168 id=368 clt=0 wrkr=7 slot=0 size=41 src=worker:7 dst=client:0
event=hand_send ts_ns=58000815 id=368 clt=0 wrkr=7 slot=0 size=10 src=client:0 dst=worker:7
event=resp_rdma_read ts_ns=58405837 id=365 start_ns=57499285 dur_ns=906552 clt=0 wrkr=5 slot=1 size=307208 src=worker:5 dst=client:0
event=req_send ts_ns=58405837 id=371 clt=0 wrkr=11 slot=0 size=17 src=client:0 dst=worker:11
event=resp_recv_ud ts_ns=58446389 id=371 clt=0 wrkr=11 slot=0 size=41 src=worker:11 dst=client:0
event=hand_send ts_ns=58455036 id=371 clt=0 wrkr=11 slot=0 size=10 src=client:0 dst=worker:11
event=resp_rdma_read ts_ns=58907362 id=368 start_ns=58000815 dur_ns=906547 clt=0 wrkr=7 slot=0 size=307208 src=worker:7 dst=client:0
event=req_send ts_ns=58907362 id=374 clt=0 wrkr=5 slot=0 size=17 src=client:0 dst=worker:5
event=resp_recv_ud ts_ns=58948130 id=374 clt=0 wrkr=5 slot=0 size=41 src=worker:5 dst=client:0
event=hand_send ts_ns=58956777 id=374 clt=0 wrkr=5 slot=0 size=10 src=client:0 dst=worker:5
event=resp_rdma_read ts_ns=59361603 id=371 start_ns=58455036 dur_ns=906567 clt=0 wrkr=11 slot=0 size=307208 src=worker:11 dst=client:0
event=req_send ts_ns=59361603 id=377 clt=0 wrkr=5 slot=1 size=17 src=client:0 dst=worker:5
event=resp_recv_ud ts_ns=59402158 id=377 clt=0 wrkr=5 slot=1 size=41 src=worker:5 dst=client:0
event=hand_send ts_ns=59410805 id=377 clt=0 wrkr=5 slot=1 size=10 src=client:0 dst=worker:5
event=resp_rdma_read ts_ns=59863130 id=374 start_ns=58956777 dur_ns=906353 clt=0 wrkr=5 slot=0 size=307208 src=worker:5 dst=client:0
event=req_send ts_ns=59863130 id=380 clt=0 wrkr=0 slot=1 size=17 src=client:0 dst=worker:0
event=resp_recv_ud ts_ns=59903900 id=380 clt=0 wrkr=0 slot=1 size=41 src=worker:0 dst=client:0
event=hand_send ts_ns=59912547 id=380 clt=0 wrkr=0 slot=1 size=10 src=client:0 dst=worker:0
event=resp_rdma_read ts_ns=60317386 id=377 start_ns=59410805 dur_ns=906581 clt=0 wrkr=5 slot=1 size=307208 src=worker:5 dst=client:0
event=req_send ts_ns=60317386 id=383 clt=0 wrkr=1 slot=0 size=17 src=client:0 dst=worker:1
event=resp_recv_ud ts_ns=60357941 id=383 clt=0 wrkr=1 slot=0 size=41 src=worker:1 dst=client:0
event=hand_send ts_ns=60366588 id=383 clt=0 wrkr=1 slot=0 size=10 src=client:0 dst=worker:1
event=resp_rdma_read ts_ns=60819012 id=380 start_ns=59912547 dur_ns=906465 clt=0 wrkr=0 slot=1 size=307208 src=worker:0 dst=client:0
event=req_send ts_ns=60819012 id=386 clt=0 wrkr=8 slot=0 size=17 src=client:0 dst=worker:8
event=resp_recv_ud ts_ns=60859787 id=386 clt=0 wrkr=8 slot=0 size=41 src=worker:8 dst=client:0
event=hand_send ts_ns=60868434 id=386 clt=0 wrkr=8 slot=0 size=10 src=client:0 dst=worker:8
event=resp_rdma_read ts_ns=61273182 id=383 start_ns=60366588 dur_ns=906594 clt=0 wrkr=1 slot=0 size=307208 src=worker:1 dst=client:0
event=req_send ts_ns=61273182 id=389 clt=0 wrkr=9 slot=0 size=17 src=client:0 dst=worker:9
event=resp_recv_ud ts_ns=61313740 id=389 clt=0 wrkr=9 slot=0 size=41 src=worker:9 dst=client:0
event=hand_send ts_ns=61322387 id=389 clt=0 wrkr=9 slot=0 size=10 src=client:0 dst=worker:9
event=resp_rdma_read ts_ns=61774810 id=386 start_ns=60868434 dur_ns=906376 clt=0 wrkr=8 slot=0 size=307208 src=worker:8 dst=client:0
event=req_send ts_ns=61774810 id=392 clt=0 wrkr=11 slot=1 size=17 src=client:0 dst=worker:11
event=resp_recv_ud ts_ns=61815586 id=392 clt=0 wrkr=11 slot=1 size=41 src=worker:11 dst=client:0
event=hand_send ts_ns=61824233 id=392 clt=0 wrkr=11 slot=1 size=10 src=client:0 dst=worker:11
event=resp_rdma_read ts_ns=62228997 id=389 start_ns=61322387 dur_ns=906610 clt=0 wrkr=9 slot=0 size=307208 src=worker:9 dst=client:0
event=req_send ts_ns=62228997 id=395 clt=0 wrkr=0 slot=0 size=17 src=client:0 dst=worker:0
event=resp_recv_ud ts_ns=62269553 id=395 clt=0 wrkr=0 slot=0 size=41 src=worker:0 dst=client:0
event=hand_send ts_ns=62278200 id=395 clt=0 wrkr=0 slot=0 size=10 src=client:0 dst=worker:0
event=resp_rdma_read ts_ns=62730623 id=392 start_ns=61824233 dur_ns=906390 clt=0 wrkr=11 slot=1 size=307208 src=worker:11 dst=client:0
event=req_send ts_ns=62730623 id=398 clt=0 wrkr=0 slot=1 size=17 src=client:0 dst=worker:0
event=resp_recv_ud ts_ns=62771401 id=398 clt=0 wrkr=0 slot=1 size=41 src=worker:0 dst=client:0
event=hand_send ts_ns=62780048 id=398 clt=0 wrkr=0 slot=1 size=10 src=client:0 dst=worker:0
event=resp_rdma_read ts_ns=63184727 id=395 start_ns=62278200 dur_ns=906527 clt=0 wrkr=0 slot=0 size=307208 src=worker:0 dst=client:0
event=req_send ts_ns=63184727 id=401 clt=0 wrkr=2 slot=0 size=17 src=client:0 dst=worker:2
event=resp_recv_ud ts_ns=63225287 id=401 clt=0 wrkr=2 slot=0 size=41 src=worker:2 dst=client:0
event=hand_send ts_ns=63233934 id=401 clt=0 wrkr=2 slot=0 size=10 src=client:0 dst=worker:2
event=resp_rdma_read ts_ns=63686540 id=398 start_ns=62780048 dur_ns=906492 clt=0 wrkr=0 slot=1 size=307208 src=worker:0 dst=client:0
event=req_send ts_ns=63686540 id=404 clt=0 wrkr=5 slot=0 size=17 src=client:0 dst=worker:5
event=resp_recv_ud ts_ns=63727316 id=404 clt=0 wrkr=5 slot=0 size=41 src=worker:5 dst=client:0
event=hand_send ts_ns=63735963 id=404 clt=0 wrkr=5 slot=0 size=10 src=client:0 dst=worker:5
event=resp_rdma_read ts_ns=64140680 id=401 start_ns=63233934 dur_ns=906746 clt=0 wrkr=2 slot=0 size=307208 src=worker:2 dst=client:0
event=req_send ts_ns=64140680 id=407 clt=0 wrkr=8 slot=1 size=17 src=client:0 dst=worker:8
event=resp_recv_ud ts_ns=64181239 id=407 clt=0 wrkr=8 slot=1 size=41 src=worker:8 dst=client:0
event=hand_send ts_ns=64189886 id=407 clt=0 wrkr=8 slot=1 size=10 src=client:0 dst=worker:8
event=resp_rdma_read ts_ns=64642548 id=404 start_ns=63735963 dur_ns=906585 clt=0 wrkr=5 slot=0 size=307208 src=worker:5 dst=client:0
event=req_send ts_ns=64642548 id=410 clt=0 wrkr=2 slot=1 size=17 src=client:0 dst=worker:2
event=resp_recv_ud ts_ns=64683321 id=410 clt=0 wrkr=2 slot=1 size=41 src=worker:2 dst=client:0
event=hand_send ts_ns=64691968 id=410 clt=0 wrkr=2 slot=1 size=10 src=client:0 dst=worker:2
event=resp_rdma_read ts_ns=65096634 id=407 start_ns=64189886 dur_ns=906748 clt=0 wrkr=8 slot=1 size=307208 src=worker:8 dst=client:0
event=req_send ts_ns=65096634 id=413 clt=0 wrkr=6 slot=0 size=17 src=client:0 dst=worker:6
event=resp_recv_ud ts_ns=65137190 id=413 clt=0 wrkr=6 slot=0 size=41 src=worker:6 dst=client:0
event=hand_send ts_ns=65145837 id=413 clt=0 wrkr=6 slot=0 size=10 src=client:0 dst=worker:6
event=resp_rdma_read ts_ns=65598424 id=410 start_ns=64691968 dur_ns=906456 clt=0 wrkr=2 slot=1 size=307208 src=worker:2 dst=client:0
event=req_send ts_ns=65598424 id=416 clt=0 wrkr=1 slot=1 size=17 src=client:0 dst=worker:1
event=resp_recv_ud ts_ns=65639197 id=416 clt=0 wrkr=1 slot=1 size=41 src=worker:1 dst=client:0
event=hand_send ts_ns=65647844 id=416 clt=0 wrkr=1 slot=1 size=10 src=client:0 dst=worker:1
event=resp_rdma_read ts_ns=66052285 id=413 start_ns=65145837 dur_ns=906448 clt=0 wrkr=6 slot=0 size=307208 src=worker:6 dst=client:0
event=req_send ts_ns=66052285 id=419 clt=0 wrkr=6 slot=1 size=17 src=client:0 dst=worker:6
event=resp_recv_ud ts_ns=66092844 id=419 clt=0 wrkr=6 slot=1 size=41 src=worker:6 dst=client:0
event=hand_send ts_ns=66101491 id=419 clt=0 wrkr=6 slot=1 size=10 src=client:0 dst=worker:6
event=resp_rdma_read ts_ns=66554287 id=416 start_ns=65647844 dur_ns=906443 clt=0 wrkr=1 slot=1 size=307208 src=worker:1 dst=client:0
event=req_send ts_ns=66554287 id=422 clt=0 wrkr=0 slot=0 size=17 src=client:0 dst=worker:0
event=resp_recv_ud ts_ns=66595061 id=422 clt=0 wrkr=0 slot=0 size=41 src=worker:0 dst=client:0
event=hand_send ts_ns=66603708 id=422 clt=0 wrkr=0 slot=0 size=10 src=client:0 dst=worker:0
event=resp_rdma_read ts_ns=67008150 id=419 start_ns=66101491 dur_ns=906659 clt=0 wrkr=6 slot=1 size=307208 src=worker:6 dst=client:0
event=req_send ts_ns=67008150 id=425 clt=0 wrkr=2 slot=0 size=17 src=client:0 dst=worker:2
event=resp_recv_ud ts_ns=67048712 id=425 clt=0 wrkr=2 slot=0 size=41 src=worker:2 dst=client:0
event=hand_send ts_ns=67057359 id=425 clt=0 wrkr=2 slot=0 size=10 src=client:0 dst=worker:2
event=resp_rdma_read ts_ns=67510244 id=422 start_ns=66603708 dur_ns=906536 clt=0 wrkr=0 slot=0 size=307208 src=worker:0 dst=client:0
event=req_send ts_ns=67510244 id=428 clt=0 wrkr=7 slot=1 size=17 src=client:0 dst=worker:7
event=resp_recv_ud ts_ns=67551013 id=428 clt=0 wrkr=7 slot=1 size=41 src=worker:7 dst=client:0
event=hand_send ts_ns=67559660 id=428 clt=0 wrkr=7 slot=1 size=10 src=client:0 dst=worker:7
event=resp_rdma_read ts_ns=67964031 id=425 start_ns=67057359 dur_ns=906672 clt=0 wrkr=2 slot=0 size=307208 src=worker:2 dst=client:0
event=req_send ts_ns=67964031 id=431 clt=0 wrkr=11 slot=0 size=17 src=client:0 dst=worker:11
event=resp_recv_ud ts_ns=68004593 id=431 clt=0 wrkr=11 slot=0 size=41 src=worker:11 dst=client:0
event=hand_send ts_ns=68013240 id=431 clt=0 wrkr=11 slot=0 size=10 src=client:0 dst=worker:11
event=resp_rdma_read ts_ns=68466397 id=428 start_ns=67559660 dur_ns=906737 clt=0 wrkr=7 slot=1 size=307208 src=worker:7 dst=client:0
event=req_send ts_ns=68466397 id=434 clt=0 wrkr=0 slot=1 size=17 src=client:0 dst=worker:0
event=resp_recv_ud ts_ns=68507164 id=434 clt=0 wrkr=0 slot=1 size=41 src=worker:0 dst=client:0
event=hand_send ts_ns=68515811 id=434 clt=0 wrkr=0 slot=1 size=10 src=client:0 dst=worker:0
event=resp_rdma_read ts_ns=68919819 id=431 start_ns=68013240 dur_ns=906579 clt=0 wrkr=11 slot=0 size=307208 src=worker:11 dst=client:0
event=req_send ts_ns=68919819 id=437 clt=0 wrkr=2 slot=1 size=17 src=client:0 dst=worker:2
event=resp_recv_ud ts_ns=68960377 id=437 clt=0 wrkr=2 slot=1 size=41 src=worker:2 dst=client:0
event=hand_send ts_ns=68969024 id=437 clt=0 wrkr=2 slot=1 size=10 src=client:0 dst=worker:2
event=resp_rdma_read ts_ns=69422289 id=434 start_ns=68515811 dur_ns=906478 clt=0 wrkr=0 slot=1 size=307208 src=worker:0 dst=client:0
event=req_send ts_ns=69422289 id=440 clt=0 wrkr=7 slot=0 size=17 src=client:0 dst=worker:7
event=resp_recv_ud ts_ns=69463051 id=440 clt=0 wrkr=7 slot=0 size=41 src=worker:7 dst=client:0
event=hand_send ts_ns=69471698 id=440 clt=0 wrkr=7 slot=0 size=10 src=client:0 dst=worker:7
event=resp_rdma_read ts_ns=69875412 id=437 start_ns=68969024 dur_ns=906388 clt=0 wrkr=2 slot=1 size=307208 src=worker:2 dst=client:0
event=req_send ts_ns=69875412 id=443 clt=0 wrkr=0 slot=0 size=17 src=client:0 dst=worker:0
event=resp_recv_ud ts_ns=69915971 id=443 clt=0 wrkr=0 slot=0 size=41 src=worker:0 dst=client:0
event=hand_send ts_ns=69924618 id=443 clt=0 wrkr=0 slot=0 size=10 src=client:0 dst=worker:0
event=resp_rdma_read ts_ns=70378131 id=440 start_ns=69471698 dur_ns=906433 clt=0 wrkr=7 slot=0 size=307208 src=worker:7 dst=client:0
event=req_send ts_ns=70378131 id=446 clt=0 wrkr=9 slot=1 size=17 src=client:0 dst=worker:9
event=resp_recv_ud ts_ns=70418895 id=446 clt=0 wrkr=9 slot=1 size=41 src=worker:9 dst=client:0
event=hand_send ts_ns=70427542 id=446 clt=0 wrkr=9 slot=1 size=10 src=client:0 dst=worker:9
event=resp_rdma_read ts_ns=70831024 id=443 start_ns=69924618 dur_ns=906406 clt=0 wrkr=0 slot=0 size=307208 src=worker:0 dst=client:0
event=req_send ts_ns=70831024 id=449 clt=0 wrkr=1 slot=0 size=17 src=client:0 dst=worker:1
event=resp_recv_ud ts_ns=70871589 id=449 clt=0 wrkr=1 slot=0 size=41 src=worker:1 dst=client:0
event=hand_send ts_ns=70880236 id=449 clt=0 wrkr=1 slot=0 size=10 src=client:0 dst=worker:1
event=resp_rdma_read ts_ns=71334185 id=446 start_ns=70427542 dur_ns=906643 clt=0 wrkr=9 slot=1 size=307208 src=worker:9 dst=client:0
event=req_send ts_ns=71334185 id=452 clt=0 wrkr=0 slot=1 size=17 src=client:0 dst=worker:0
event=resp_recv_ud ts_ns=71374943 id=452 clt=0 wrkr=0 slot=1 size=41 src=worker:0 dst=client:0
event=hand_send ts_ns=71383590 id=452 clt=0 wrkr=0 slot=1 size=10 src=client:0 dst=worker:0
event=resp_rdma_read ts_ns=71786863 id=449 start_ns=70880236 dur_ns=906627 clt=0 wrkr=1 slot=0 size=307208 src=worker:1 dst=client:0
event=req_send ts_ns=71786863 id=455 clt=0 wrkr=0 slot=0 size=17 src=client:0 dst=worker:0
event=resp_recv_ud ts_ns=71827427 id=455 clt=0 wrkr=0 slot=0 size=41 src=worker:0 dst=client:0
event=hand_send ts_ns=71836074 id=455 clt=0 wrkr=0 slot=0 size=10 src=client:0 dst=worker:0
event=resp_rdma_read ts_ns=72290201 id=452 start_ns=71383590 dur_ns=906611 clt=0 wrkr=0 slot=1 size=307208 src=worker:0 dst=client:0
event=req_send ts_ns=72290201 id=458 clt=0 wrkr=7 slot=1 size=17 src=client:0 dst=worker:7
event=resp_recv_ud ts_ns=72330956 id=458 clt=0 wrkr=7 slot=1 size=41 src=worker:7 dst=client:0
event=hand_send ts_ns=72339603 id=458 clt=0 wrkr=7 slot=1 size=10 src=client:0 dst=worker:7
event=resp_rdma_read ts_ns=72742512 id=455 start_ns=71836074 dur_ns=906438 clt=0 wrkr=0 slot=0 size=307208 src=worker:0 dst=client:0
event=req_send ts_ns=72742512 id=461 clt=0 wrkr=8 slot=0 size=17 src=client:0 dst=worker:8
event=resp_recv_ud ts_ns=72783078 id=461 clt=0 wrkr=8 slot=0 size=41 src=worker:8 dst=client:0
event=hand_send ts_ns=72791725 id=461 clt=0 wrkr=8 slot=0 size=10 src=client:0 dst=worker:8
event=resp_rdma_read ts_ns=73245972 id=458 start_ns=72339603 dur_ns=906369 clt=0 wrkr=7 slot=1 size=307208 src=worker:7 dst=client:0
event=req_send ts_ns=73245972 id=464 clt=0 wrkr=1 slot=1 size=17 src=client:0 dst=worker:1
event=resp_recv_ud ts_ns=73286731 id=464 clt=0 wrkr=1 slot=1 size=41 src=worker:1 dst=client:0
event=hand_send ts_ns=73295378 id=464 clt=0 wrkr=1 slot=1 size=10 src=client:0 dst=worker:1
event=resp_rdma_read ts_ns=73698386 id=461 start_ns=72791725 dur_ns=906661 clt=0 wrkr=8 slot=0 size=307208 src=worker:8 dst=client:0
event=req_send ts_ns=73698386 id=467 clt=0 wrkr=8 slot=1 size=17 src=client:0 dst=worker:8
event=resp_recv_ud ts_ns=73738952 id=467 clt=0 wrkr=8 slot=1 size=41 src=worker:8 dst=client:0
event=hand_send ts_ns=73747599 id=467 clt=0 wrkr=8 slot=1 size=10 src=client:0 dst=worker:8
event=resp_rdma_read ts_ns=74201986 id=464 start_ns=73295378 dur_ns=906608 clt=0 wrkr=1 slot=1 size=307208 src=worker:1 dst=client:0
event=req_send ts_ns=74201986 id=470 clt=0 wrkr=3 slot=1 size=17 src=client:0 dst=worker:3
event=resp_recv_ud ts_ns=74242741 id=470 clt=0 wrkr=3 slot=1 size=41 src=worker:3 dst=client:0
event=hand_send ts_ns=74251388 id=470 clt=0 wrkr=3 slot=1 size=10 src=client:0 dst=worker:3
event=resp_rdma_read ts_ns=74654071 id=467 start_ns=73747599 dur_ns=906472 clt=0 wrkr=8 slot=1 size=307208 src=worker:8 dst=client:0
event=req_send ts_ns=74654071 id=473 clt=0 wrkr=2 slot=0 size=17 src=client:0 dst=worker:2
event=resp_recv_ud ts_ns=74694644 id=473 clt=0 wrkr=2 slot=0 size=41 src=worker:2 dst=client:0
event=hand_send ts_ns=74703291 id=473 clt=0 wrkr=2 slot=0 size=10 src=client:0 dst=worker:2
event=resp_rdma_read ts_ns=75158168 id=470 start_ns=74251388 dur_ns=906780 clt=0 wrkr=3 slot=1 size=307208 src=worker:3 dst=client:0
event=req_send ts_ns=75158168 id=476 clt=0 wrkr=5 slot=1 size=17 src=client:0 dst=worker:5
event=resp_recv_ud ts_ns=75198923 id=476 clt=0 wrkr=5 slot=1 size=41 src=worker:5 dst=client:0
event=hand_send ts_ns=75207570 id=476 clt=0 wrkr=5 slot=1 size=10 src=client:0 dst=worker:5
event=resp_rdma_read ts_ns=75609788 id=473 start_ns=74703291 dur_ns=906497 clt=0 wrkr=2 slot=0 size=307208 src=worker:2 dst=client:0
event=req_send ts_ns=75609788 id=479 clt=0 wrkr=11 slot=1 size=17 src=client:0 dst=worker:11
event=resp_recv_ud ts_ns=75650363 id=479 clt=0 wrkr=11 slot=1 size=41 src=worker:11 dst=client:0
event=hand_send ts_ns=75659010 id=479 clt=0 wrkr=11 slot=1 size=10 src=client:0 dst=worker:11
event=resp_rdma_read ts_ns=76114108 id=476 start_ns=75207570 dur_ns=906538 clt=0 wrkr=5 slot=1 size=307208 src=worker:5 dst=client:0
event=req_send ts_ns=76114108 id=482 clt=0 wrkr=4 slot=0 size=17 src=client:0 dst=worker:4
event=resp_recv_ud ts_ns=76154863 id=482 clt=0 wrkr=4 slot=0 size=41 src=worker:4 dst=client:0
event=hand_send ts_ns=76163510 id=482 clt=0 wrkr=4 slot=0 size=10 src=client:0 dst=worker:4
event=resp_rdma_read ts_ns=76565530 id=479 start_ns=75659010 dur_ns=906520 clt=0 wrkr=11 slot=1 size=307208 src=worker:11 dst=client:0
event=req_send ts_ns=76565530 id=485 clt=0 wrkr=11 slot=0 size=17 src=client:0 dst=worker:11
event=resp_recv_ud ts_ns=76606106 id=485 clt=0 wrkr=11 slot=0 size=41 src=worker:11 dst=client:0
event=hand_send ts_ns=76614753 id=485 clt=0 wrkr=11 slot=0 size=10 src=client:0 dst=worker:11
event=resp_rdma_read ts_ns=77070247 id=482 start_ns=76163510 dur_ns=906737 clt=0 wrkr=4 slot=0 size=307208 src=worker:4 dst=client:0
event=req_send ts_ns=77070247 id=488 clt=0 wrkr=0 slot=1 size=17 src=client:0 dst=worker:0
event=resp_recv_ud ts_ns=77110999 id=488 clt=0 wrkr=0 slot=1 size=41 src=worker:0 dst=client:0
event=hand_send ts_ns=77119646 id=488 clt=0 wrkr=0 slot=1 size=10 src=client:0 dst=worker:0
event=resp_rdma_read ts_ns=77521291 id=485 start_ns=76614753 dur_ns=906538 clt=0 wrkr=11 slot=0 size=307208 src=worker:11 dst=client:0
event=req_send ts_ns=77521291 id=491 clt=0 wrkr=5 slot=0 size=17 src=client:0 dst=worker:5
event=resp_recv_ud ts_ns=77561866 id=491 clt=0 wrkr=5 slot=0 size=41 src=worker:5 dst=client:0
event=hand_send ts_ns=77570513 id=491 clt=0 wrkr=5 slot=0 size=10 src=client:0 dst=worker:5
event=resp_rdma_read ts_ns=78026351 id=488 start_ns=77119646 dur_ns=906705 clt=0 wrkr=0 slot=1 size=307208 src=worker:0 dst=client:0
event=req_send ts_ns=78026351 id=494 clt=0 wrkr=11 slot=1 size=17 src=client:0 dst=worker:11
event=resp_recv_ud ts_ns=78067099 id=494 clt=0 wrkr=11 slot=1 size=41 src=worker:11 dst=client:0
event=hand_send ts_ns=78075746 id=494 clt=0 wrkr=11 slot=1 size=10 src=client:0 dst=worker:11
event=resp_rdma_read ts_ns=78477055 id=491 start_ns=77570513 dur_ns=906542 clt=0 wrkr=5 slot=0 size=307208 src=worker:5 dst=client:0
event=req_send ts_ns=78477055 id=497 clt=0 wrkr=10 slot=1 size=17 src=client:0 dst=worker:10
event=resp_recv_ud ts_ns=78517633 id=497 clt=0 wrkr=10 slot=1 size=41 src=worker:10 dst=client:0
event=hand_send ts_ns=78526280 id=497 clt=0 wrkr=10 slot=1 size=10 src=client:0 dst=worker:10
event=resp_rdma_read ts_ns=78982422 id=494 start_ns=78075746 dur_ns=906676 clt=0 wrkr=11 slot=1 size=307208 src=worker:11 dst=client:0
event=req_send ts_ns=78982422 id=500 clt=0 wrkr=3 slot=0 size=17 src=client:0 dst=worker:3
event=resp_recv_ud ts_ns=79023168 id=500 clt=0 wrkr=3 slot=0 size=41 src=worker:3 dst=client:0
event=hand_send ts_ns=79031815 id=500 clt=0 wrkr=3 slot=0 size=10 src=client:0 dst=worker:3
event=resp_rdma_read ts_ns=79432850 id=497 start_ns=78526280 dur_ns=906570 clt=0 wrkr=10 slot=1 size=307208 src=worker:10 dst=client:0
event=req_send ts_ns=79432850 id=503 clt=0 wrkr=6 slot=0 size=17 src=client:0 dst=worker:6
event=resp_recv_ud ts_ns=79473429 id=503 clt=0 wrkr=6 slot=0 size=41 src=worker:6 dst=client:0
event=hand_send ts_ns=79482076 id=503 clt=0 wrkr=6 slot=0 size=10 src=client:0 dst=worker:6
event=resp_rdma_read ts_ns=79938465 id=500 start_ns=79031815 dur_ns=906650 clt=0 wrkr=3 slot=0 size=307208 src=worker:3 dst=client:0
event=req_send ts_ns=79938465 id=506 clt=0 wrkr=0 slot=0 size=17 src=client:0 dst=worker:0
event=resp_recv_ud ts_ns=79979207 id=506 clt=0 wrkr=0 slot=0 size=41 src=worker:0 dst=client:0
event=hand_send ts_ns=79987854 id=506 clt=0 wrkr=0 slot=0 size=10 src=client:0 dst=worker:0
event=resp_rdma_read ts_ns=80388664 id=503 start_ns=79482076 dur_ns=906588 clt=0 wrkr=6 slot=0 size=307208 src=worker:6 dst=client:0
event=req_send ts_ns=80388664 id=509 clt=0 wrkr=9 slot=0 size=17 src=client:0 dst=worker:9
event=resp_recv_ud ts_ns=80429249 id=509 clt=0 wrkr=9 slot=0 size=41 src=worker:9 dst=client:0
event=hand_send ts_ns=80437896 id=509 clt=0 wrkr=9 slot=0 size=10 src=client:0 dst=worker:9
event=resp_rdma_read ts_ns=80894689 id=506 start_ns=79987854 dur_ns=906835 clt=0 wrkr=0 slot=0 size=307208 src=worker:0 dst=client:0
event=req_send ts_ns=80894689 id=512 clt=0 wrkr=0 slot=1 size=17 src=client:0 dst=worker:0
event=resp_recv_ud ts_ns=80935426 id=512 clt=0 wrkr=0 slot=1 size=41 src=worker:0 dst=client:0
event=hand_send ts_ns=80944073 id=512 clt=0 wrkr=0 slot=1 size=10 src=client:0 dst=worker:0
event=resp_rdma_read ts_ns=81344515 id=509 start_ns=80437896 dur_ns=906619 clt=0 wrkr=9 slot=0 size=307208 src=worker:9 dst=client:0
event=req_send ts_ns=81344515 id=515 clt=0 wrkr=4 slot=1 size=17 src=client:0 dst=worker:4
event=resp_recv_ud ts_ns=81385102 id=515 clt=0 wrkr=4 slot=1 size=41 src=worker:4 dst=client:0
event=hand_send ts_ns=81393749 id=515 clt=0 wrkr=4 slot=1 size=10 src=client:0 dst=worker:4
event=resp_rdma_read ts_ns=81850664 id=512 start_ns=80944073 dur_ns=906591 clt=0 wrkr=0 slot=1 size=307208 src=worker:0 dst=client:0
event=req_send ts_ns=81850664 id=518 clt=0 wrkr=8 slot=0 size=17 src=client:0 dst=worker:8
event=resp_recv_ud ts_ns=81891400 id=518 clt=0 wrkr=8 slot=0 size=41 src=worker:8 dst=client:0
event=hand_send ts_ns=81900047 id=518 clt=0 wrkr=8 slot=0 size=10 src=client:0 dst=worker:8
event=resp_rdma_read ts_ns=82300581 id=515 start_ns=81393749 dur_ns=906832 clt=0 wrkr=4 slot=1 size=307208 src=worker:4 dst=client:0
event=req_send ts_ns=82300581 id=521 clt=0 wrkr=4 slot=0 size=17 src=client:0 dst=worker:4
event=resp_recv_ud ts_ns=82341166 id=521 clt=0 wrkr=4 slot=0 size=41 src=worker:4 dst=client:0
event=hand_send ts_ns=82349813 id=521 clt=0 wrkr=4 slot=0 size=10 src=client:0 dst=worker:4
event=resp_rdma_read ts_ns=82806826 id=518 start_ns=81900047 dur_ns=906779 clt=0 wrkr=8 slot=0 size=307208 src=worker:8 dst=client:0
event=req_send ts_ns=82806826 id=524 clt=0 wrkr=7 slot=0 size=17 src=client:0 dst=worker:7
event=resp_recv_ud ts_ns=82847556 id=524 clt=0 wrkr=7 slot=0 size=41 src=worker:7 dst=client:0
event=hand_send ts_ns=82856203 id=524 clt=0 wrkr=7 slot=0 size=10 src=client:0 dst=worker:7
event=resp_rdma_read ts_ns=83256444 id=521 start_ns=82349813 dur_ns=906631 clt=0 wrkr=4 slot=0 size=307208 src=worker:4 dst=client:0
event=req_send ts_ns=83256444 id=527 clt=0 wrkr=5 slot=1 size=17 src=client:0 dst=worker:5
event=resp_recv_ud ts_ns=83297034 id=527 clt=0 wrkr=5 slot=1 size=41 src=worker:5 dst=client:0
event=hand_send ts_ns=83305681 id=527 clt=0 wrkr=5 slot=1 size=10 src=client:0 dst=worker:5
event=resp_rdma_read ts_ns=83762731 id=524 start_ns=82856203 dur_ns=906528 clt=0 wrkr=7 slot=0 size=307208 src=worker:7 dst=client:0
event=req_send ts_ns=83762731 id=530 clt=0 wrkr=7 slot=1 size=17 src=client:0 dst=worker:7
event=resp_recv_ud ts_ns=83803460 id=530 clt=0 wrkr=7 slot=1 size=41 src=worker:7 dst=client:0
event=hand_send ts_ns=83812107 id=530 clt=0 wrkr=7 slot=1 size=10 src=client:0 dst=worker:7
event=resp_rdma_read ts_ns=84212329 id=527 start_ns=83305681 dur_ns=906648 clt=0 wrkr=5 slot=1 size=307208 src=worker:5 dst=client:0
event=req_send ts_ns=84212329 id=533 clt=0 wrkr=6 slot=1 size=17 src=client:0 dst=worker:6
event=resp_recv_ud ts_ns=84252916 id=533 clt=0 wrkr=6 slot=1 size=41 src=worker:6 dst=client:0
event=hand_send ts_ns=84261563 id=533 clt=0 wrkr=6 slot=1 size=10 src=client:0 dst=worker:6
event=resp_rdma_read ts_ns=84718623 id=530 start_ns=83812107 dur_ns=906516 clt=0 wrkr=7 slot=1 size=307208 src=worker:7 dst=client:0
event=req_send ts_ns=84718623 id=536 clt=0 wrkr=11 slot=0 size=17 src=client:0 dst=worker:11
event=resp_recv_ud ts_ns=84759353 id=536 clt=0 wrkr=11 slot=0 size=41 src=worker:11 dst=client:0
event=hand_send ts_ns=84768000 id=536 clt=0 wrkr=11 slot=0 size=10 src=client:0 dst=worker:11
event=resp_rdma_read ts_ns=85168037 id=533 start_ns=84261563 dur_ns=906474 clt=0 wrkr=6 slot=1 size=307208 src=worker:6 dst=client:0
event=req_send ts_ns=85168037 id=539 clt=0 wrkr=10 slot=0 size=17 src=client:0 dst=worker:10
event=resp_recv_ud ts_ns=85208629 id=539 clt=0 wrkr=10 slot=0 size=41 src=worker:10 dst=client:0
event=hand_send ts_ns=85217276 id=539 clt=0 wrkr=10 slot=0 size=10 src=client:0 dst=worker:10
event=resp_rdma_read ts_ns=85674694 id=536 start_ns=84768000 dur_ns=906694 clt=0 wrkr=11 slot=0 size=307208 src=worker:11 dst=client:0
event=req_send ts_ns=85674694 id=542 clt=0 wrkr=5 slot=0 size=17 src=client:0 dst=worker:5
event=resp_recv_ud ts_ns=85715424 id=542 clt=0 wrkr=5 slot=0 size=41 src=worker:5 dst=client:0
event=hand_send ts_ns=85724071 id=542 clt=0 wrkr=5 slot=0 size=10 src=client:0 dst=worker:5
event=resp_rdma_read ts_ns=86124175 id=539 start_ns=85217276 dur_ns=906899 clt=0 wrkr=10 slot=0 size=307208 src=worker:10 dst=client:0
event=req_send ts_ns=86124175 id=545 clt=0 wrkr=1 slot=0 size=17 src=client:0 dst=worker:1
event=resp_recv_ud ts_ns=86164768 id=545 clt=0 wrkr=1 slot=0 size=41 src=worker:1 dst=client:0
event=hand_send ts_ns=86173415 id=545 clt=0 wrkr=1 slot=0 size=10 src=client:0 dst=worker:1
event=resp_rdma_read ts_ns=86630963 id=542 start_ns=85724071 dur_ns=906892 clt=0 wrkr=5 slot=0 size=307208 src=worker:5 dst=client:0
event=req_send ts_ns=86630963 id=548 clt=0 wrkr=4 slot=1 size=17 src=client:0 dst=worker:4
event=resp_recv_ud ts_ns=86671686 id=548 clt=0 wrkr=4 slot=1 size=41 src=worker:4 dst=client:0
event=hand_send ts_ns=86680333 id=548 clt=0 wrkr=4 slot=1 size=10 src=client:0 dst=worker:4
event=resp_rdma_read ts_ns=87080132 id=545 start_ns=86173415 dur_ns=906717 clt=0 wrkr=1 slot=0 size=307208 src=worker:1 dst=client:0
event=req_send ts_ns=87080132 id=551 clt=0 wrkr=8 slot=1 size=17 src=client:0 dst=worker:8
event=resp_recv_ud ts_ns=87120721 id=551 clt=0 wrkr=8 slot=1 size=41 src=worker:8 dst=client:0
event=hand_send ts_ns=87129368 id=551 clt=0 wrkr=8 slot=1 size=10 src=client:0 dst=worker:8
event=resp_rdma_read ts_ns=87586989 id=548 start_ns=86680333 dur_ns=906656 clt=0 wrkr=4 slot=1 size=307208 src=worker:4 dst=client:0
event=req_send ts_ns=87586989 id=554 clt=0 wrkr=11 slot=1 size=17 src=client:0 dst=worker:11
event=resp_recv_ud ts_ns=87627713 id=554 clt=0 wrkr=11 slot=1 size=41 src=worker:11 dst=client:0
event=hand_send ts_ns=87636360 id=554 clt=0 wrkr=11 slot=1 size=10 src=client:0 dst=worker:11
event=resp_rdma_read ts_ns=88035908 id=551 start_ns=87129368 dur_ns=906540 clt=0 wrkr=8 slot=1 size=307208 src=worker:8 dst=client:0
event=req_send ts_ns=88035908 id=557 clt=0 wrkr=0 slot=0 size=17 src=client:0 dst=worker:0
event=resp_recv_ud ts_ns=88076504 id=557 clt=0 wrkr=0 slot=0 size=41 src=worker:0 dst=client:0
event=hand_send ts_ns=88085151 id=557 clt=0 wrkr=0 slot=0 size=10 src=client:0 dst=worker:0
event=resp_rdma_read ts_ns=88543188 id=554 start_ns=87636360 dur_ns=906828 clt=0 wrkr=11 slot=1 size=307208 src=worker:11 dst=client:0
event=req_send ts_ns=88543188 id=560 clt=0 wrkr=10 slot=1 size=17 src=client:0 dst=worker:10
event=resp_recv_ud ts_ns=88583899 id=560 clt=0 wrkr=10 slot=1 size=41 src=worker:10 dst=client:0
event=hand_send ts_ns=88592546 id=560 clt=0 wrkr=10 slot=1 size=10 src=client:0 dst=worker:10
event=resp_rdma_read ts_ns=88991922 id=557 start_ns=88085151 dur_ns=906771 clt=0 wrkr=0 slot=0 size=307208 src=worker:0 dst=client:0
event=req_send ts_ns=88991922 id=563 clt=0 wrkr=1 slot=1 size=17 src=client:0 dst=worker:1
event=resp_recv_ud ts_ns=89032518 id=563 clt=0 wrkr=1 slot=1 size=41 src=worker:1 dst=client:0
event=hand_send ts_ns=89041165 id=563 clt=0 wrkr=1 slot=1 size=10 src=client:0 dst=worker:1
event=resp_rdma_read ts_ns=89499116 id=560 start_ns=88592546 dur_ns=906570 clt=0 wrkr=10 slot=1 size=307208 src=worker:10 dst=client:0
event=req_send ts_ns=89499116 id=566 clt=0 wrkr=2 slot=1 size=17 src=client:0 dst=worker:2
event=resp_recv_ud ts_ns=89539835 id=566 clt=0 wrkr=2 slot=1 size=41 src=worker:2 dst=client:0
event=hand_send ts_ns=89548482 id=566 clt=0 wrkr=2 slot=1 size=10 src=client:0 dst=worker:2
event=resp_rdma_read ts_ns=89947942 id=563 start_ns=89041165 dur_ns=906777 clt=0 wrkr=1 slot=1 size=307208 src=worker:1 dst=client:0
event=req_send ts_ns=89947942 id=569 clt=0 wrkr=7 slot=0 size=17 src=client:0 dst=worker:7
event=resp_recv_ud ts_ns=89988542 id=569 clt=0 wrkr=7 slot=0 size=41 src=worker:7 dst=client:0
event=hand_send ts_ns=89997189 id=569 clt=0 wrkr=7 slot=0 size=10 src=client:0 dst=worker:7
event=resp_rdma_read ts_ns=90455230 id=566 start_ns=89548482 dur_ns=906748 clt=0 wrkr=2 slot=1 size=307208 src=worker:2 dst=client:0
event=req_send ts_ns=90455230 id=572 clt=0 wrkr=8 slot=0 size=17 src=client:0 dst=worker:8
event=resp_recv_ud ts_ns=90495940 id=572 clt=0 wrkr=8 slot=0 size=41 src=worker:8 dst=client:0
event=hand_send ts_ns=90504587 id=572 clt=0 wrkr=8 slot=0 size=10 src=client:0 dst=worker:8
event=resp_rdma_read ts_ns=90903976 id=569 start_ns=89997189 dur_ns=906787 clt=0 wrkr=7 slot=0 size=307208 src=worker:7 dst=client:0
event=req_send ts_ns=90903976 id=575 clt=0 wrkr=0 slot=1 size=17 src=client:0 dst=worker:0
event=resp_recv_ud ts_ns=90944575 id=575 clt=0 wrkr=0 slot=1 size=41 src=worker:0 dst=client:0
event=hand_send ts_ns=90953222 id=575 clt=0 wrkr=0 slot=1 size=10 src=client:0 dst=worker:0
event=resp_rdma_read ts_ns=91411105 id=572 start_ns=90504587 dur_ns=906518 clt=0 wrkr=8 slot=0 size=307208 src=worker:8 dst=client:0
event=req_send ts_ns=91411105 id=578 clt=0 wrkr=9 slot=1 size=17 src=client:0 dst=worker:9
event=resp_recv_ud ts_ns=91451815 id=578 clt=0 wrkr=9 slot=1 size=41 src=worker:9 dst=client:0
event=hand_send ts_ns=91460462 id=578 clt=0 wrkr=9 slot=1 size=10 src=client:0 dst=worker:9
event=resp_rdma_read ts_ns=91860023 id=575 start_ns=90953222 dur_ns=906801 clt=0 wrkr=0 slot=1 size=307208 src=worker:0 dst=client:0
event=req_send ts_ns=91860023 id=581 clt=0 wrkr=6 slot=0 size=17 src=client:0 dst=worker:6
event=resp_recv_ud ts_ns=91900624 id=581 clt=0 wrkr=6 slot=0 size=41 src=worker:6 dst=client:0
event=hand_send ts_ns=91909271 id=581 clt=0 wrkr=6 slot=0 size=10 src=client:0 dst=worker:6
event=resp_rdma_read ts_ns=92367382 id=578 start_ns=91460462 dur_ns=906920 clt=0 wrkr=9 slot=1 size=307208 src=worker:9 dst=client:0
event=req_send ts_ns=92367382 id=584 clt=0 wrkr=9 slot=0 size=17 src=client:0 dst=worker:9
event=resp_recv_ud ts_ns=92408085 id=584 clt=0 wrkr=9 slot=0 size=41 src=worker:9 dst=client:0
event=hand_send ts_ns=92416732 id=584 clt=0 wrkr=9 slot=0 size=10 src=client:0 dst=worker:9
event=resp_rdma_read ts_ns=92815904 id=581 start_ns=91909271 dur_ns=906633 clt=0 wrkr=6 slot=0 size=307208 src=worker:6 dst=client:0
event=req_send ts_ns=92815904 id=587 clt=0 wrkr=11 slot=0 size=17 src=client:0 dst=worker:11
event=resp_recv_ud ts_ns=92856507 id=587 clt=0 wrkr=11 slot=0 size=41 src=worker:11 dst=client:0
event=hand_send ts_ns=92865154 id=587 clt=0 wrkr=11 slot=0 size=10 src=client:0 dst=worker:11
event=resp_rdma_read ts_ns=93323598 id=584 start_ns=92416732 dur_ns=906866 clt=0 wrkr=9 slot=0 size=307208 src=worker:9 dst=client:0
event=req_send ts_ns=93323598 id=590 clt=0 wrkr=8 slot=1 size=17 src=client:0 dst=worker:8
event=resp_recv_ud ts_ns=93364298 id=590 clt=0 wrkr=8 slot=1 size=41 src=worker:8 dst=client:0
event=hand_send ts_ns=93372945 id=590 clt=0 wrkr=8 slot=1 size=10 src=client:0 dst=worker:8
event=resp_rdma_read ts_ns=93771814 id=587 start_ns=92865154 dur_ns=906660 clt=0 wrkr=11 slot=0 size=307208 src=worker:11 dst=client:0
event=req_send ts_ns=93771814 id=593 clt=0 wrkr=2 slot=0 size=17 src=client:0 dst=worker:2
event=resp_recv_ud ts_ns=93812419 id=593 clt=0 wrkr=2 slot=0 size=41 src=worker:2 dst=client:0
event=hand_send ts_ns=93821066 id=593 clt=0 wrkr=2 slot=0 size=10 src=client:0 dst=worker:2
event=resp_rdma_read ts_ns=94279590 id=590 start_ns=93372945 dur_ns=906645 clt=0 wrkr=8 slot=1 size=307208 src=worker:8 dst=client:0
event=req_send ts_ns=94279590 id=596 clt=0 wrkr=1 slot=0 size=17 src=client:0 dst=worker:1
event=resp_recv_ud ts_ns=94320286 id=596 clt=0 wrkr=1 slot=0 size=41 src=worker:1 dst=client:0
event=hand_send ts_ns=94328933 id=596 clt=0 wrkr=1 slot=0 size=10 src=client:0 dst=worker:1
event=resp_rdma_read ts_ns=94727553 id=593 start_ns=93821066 dur_ns=906487 clt=0 wrkr=2 slot=0 size=307208 src=worker:2 dst=client:0
event=req_send ts_ns=94727553 id=599 clt=0 wrkr=4 slot=0 size=17 src=client:0 dst=worker:4
event=resp_recv_ud ts_ns=94768161 id=599 clt=0 wrkr=4 slot=0 size=41 src=worker:4 dst=client:0
event=hand_send ts_ns=94776808 id=599 clt=0 wrkr=4 slot=0 size=10 src=client:0 dst=worker:4
event=resp_rdma_read ts_ns=95235756 id=596 start_ns=94328933 dur_ns=906823 clt=0 wrkr=1 slot=0 size=307208 src=worker:1 dst=client:0
event=req_send ts_ns=95235756 id=602 clt=0 wrkr=2 slot=1 size=17 src=client:0 dst=worker:2
event=resp_recv_ud ts_ns=95276452 id=602 clt=0 wrkr=2 slot=1 size=41 src=worker:2 dst=client:0
event=hand_send ts_ns=95285099 id=602 clt=0 wrkr=2 slot=1 size=10 src=client:0 dst=worker:2
event=resp_rdma_read ts_ns=95683334 id=599 start_ns=94776808 dur_ns=906526 clt=0 wrkr=4 slot=0 size=307208 src=worker:4 dst=client:0
event=req_send ts_ns=95683334 id=605 clt=0 wrkr=1 slot=1 size=17 src=client:0 dst=worker:1
event=resp_recv_ud ts_ns=95723947 id=605 clt=0 wrkr=1 slot=1 size=41 src=worker:1 dst=client:0
event=hand_send ts_ns=95732594 id=605 clt=0 wrkr=1 slot=1 size=10 src=client:0 dst=worker:1
event=resp_rdma_read ts_ns=96191687 id=602 start_ns=95285099 dur_ns=906588 clt=0 wrkr=2 slot=1 size=307208 src=worker:2 dst=client:0
event=req_send ts_ns=96191687 id=608 clt=0 wrkr=3 slot=1 size=17 src=client:0 dst=worker:3
event=resp_recv_ud ts_ns=96232378 id=608 clt=0 wrkr=3 slot=1 size=41 src=worker:3 dst=client:0
event=hand_send ts_ns=96241025 id=608 clt=0 wrkr=3 slot=1 size=10 src=client:0 dst=worker:3
event=resp_rdma_read ts_ns=96639140 id=605 start_ns=95732594 dur_ns=906546 clt=0 wrkr=1 slot=1 size=307208 src=worker:1 dst=client:0
event=req_send ts_ns=96639140 id=611 clt=0 wrkr=0 slot=0 size=17 src=client:0 dst=worker:0
event=resp_recv_ud ts_ns=96679757 id=611 clt=0 wrkr=0 slot=0 size=41 src=worker:0 dst=client:0
event=hand_send ts_ns=96688404 id=611 clt=0 wrkr=0 slot=0 size=10 src=client:0 dst=worker:0
event=resp_rdma_read ts_ns=97147608 id=608 start_ns=96241025 dur_ns=906583 clt=0 wrkr=3 slot=1 size=307208 src=worker:3 dst=client:0
event=req_send ts_ns=97147608 id=614 clt=0 wrkr=8 slot=0 size=17 src=client:0 dst=worker:8
event=resp_recv_ud ts_ns=97188298 id=614 clt=0 wrkr=8 slot=0 size=41 src=worker:8 dst=client:0
event=hand_send ts_ns=97196945 id=614 clt=0 wrkr=8 slot=0 size=10 src=client:0 dst=worker:8
event=resp_rdma_read ts_ns=97595009 id=611 start_ns=96688404 dur_ns=906605 clt=0 wrkr=0 slot=0 size=307208 src=worker:0 dst=client:0
event=req_send ts_ns=97595009 id=617 clt=0 wrkr=8 slot=1 size=17 src=client:0 dst=worker:8
event=resp_recv_ud ts_ns=97635627 id=617 clt=0 wrkr=8 slot=1 size=41 src=worker:8 dst=client:0
event=hand_send ts_ns=97644274 id=617 clt=0 wrkr=8 slot=1 size=10 src=client:0 dst=worker:8
event=resp_rdma_read ts_ns=98103734 id=614 start_ns=97196945 dur_ns=906789 clt=0 wrkr=8 slot=0 size=307208 src=worker:8 dst=client:0
event=req_send ts_ns=98103734 id=620 clt=0 wrkr=7 slot=1 size=17 src=client:0 dst=worker:7
event=resp_recv_ud ts_ns=98144418 id=620 clt=0 wrkr=7 slot=1 size=41 src=worker:7 dst=client:0
event=hand_send ts_ns=98153065 id=620 clt=0 wrkr=7 slot=1 size=10 src=client:0 dst=worker:7
event=resp_rdma_read ts_ns=98550903 id=617 start_ns=97644274 dur_ns=906629 clt=0 wrkr=8 slot=1 size=307208 src=worker:8 dst=client:0
event=req_send ts_ns=98550903 id=623 clt=0 wrkr=8 slot=0 size=17 src=client:0 dst=worker:8
event=resp_recv_ud ts_ns=98591527 id=623 clt=0 wrkr=8 slot=0 size=41 src=worker:8 dst=client:0
event=hand_send ts_ns=98600174 id=623 clt=0 wrkr=8 slot=0 size=10 src=client:0 dst=worker:8
event=resp_rdma_read ts_ns=99059610 id=620 start_ns=98153065 dur_ns=906545 clt=0 wrkr=7 slot=1 size=307208 src=worker:7 dst=client:0
event=req_send ts_ns=99059610 id=626 clt=0 wrkr=2 slot=0 size=17 src=client:0 dst=worker:2
event=resp_recv_ud ts_ns=99100293 id=626 clt=0 wrkr=2 slot=0 size=41 src=worker:2 dst=client:0
event=hand_send ts_ns=99108940 id=626 clt=0 wrkr=2 slot=0 size=10 src=client:0 dst=worker:2
event=resp_rdma_read ts_ns=99507015 id=623 start_ns=98600174 dur_ns=906841 clt=0 wrkr=8 slot=0 size=307208 src=worker:8 dst=client:0
event=req_send ts_ns=99507015 id=629 clt=0 wrkr=8 slot=1 size=17 src=client:0 dst=worker:8
event=resp_recv_ud ts_ns=99547640 id=629 clt=0 wrkr=8 slot=1 size=41 src=worker:8 dst=client:0
event=hand_send ts_ns=99556287 id=629 clt=0 wrkr=8 slot=1 size=10 src=client:0 dst=worker:8
event=resp_rdma_read ts_ns=100015876 id=626 start_ns=99108940 dur_ns=906936 clt=0 wrkr=2 slot=0 size=307208 src=worker:2 dst=client:0
event=req_send ts_ns=100015876 id=632 clt=0 wrkr=3 slot=0 size=17 src=client:0 dst=worker:3
event=resp_recv_ud ts_ns=100056547 id=632 clt=0 wrkr=3 slot=0 size=41 src=worker:3 dst=client:0
event=hand_send ts_ns=100065194 id=632 clt=0 wrkr=3 slot=0 size=10 src=client:0 dst=worker:3
event=resp_rdma_read ts_ns=100463159 id=629 start_ns=99556287 dur_ns=906872 clt=0 wrkr=8 slot=1 size=307208 src=worker:8 dst=client:0
event=req_send ts_ns=100463159 id=635 clt=0 wrkr=3 slot=1 size=17 src=client:0 dst=worker:3
event=resp_recv_ud ts_ns=100503784 id=635 clt=0 wrkr=3 slot=1 size=41 src=worker:3 dst=client:0
event=hand_send ts_ns=100512431 id=635 clt=0 wrkr=3 slot=1 size=10 src=client:0 dst=worker:3
event=resp_rdma_read ts_ns=100971676 id=632 start_ns=100065194 dur_ns=906482 clt=0 wrkr=3 slot=0 size=307208 src=worker:3 dst=client:0
event=req_send ts_ns=100971676 id=638 clt=0 wrkr=4 slot=1 size=17 src=client:0 dst=worker:4
event=resp_recv_ud ts_ns=101012354 id=638 clt=0 wrkr=4 slot=1 size=41 src=worker:4 dst=client:0
event=hand_send ts_ns=101021001 id=638 clt=0 wrkr=4 slot=1 size=10 src=client:0 dst=worker:4
event=resp_rdma_read ts_ns=101419317 id=635 start_ns=100512431 dur_ns=906886 clt=0 wrkr=3 slot=1 size=307208 src=worker:3 dst=client:0
event=req_send ts_ns=101419317 id=641 clt=0 wrkr=10 slot=0 size=17 src=client:0 dst=worker:10
event=resp_recv_ud ts_ns=101459942 id=641 clt=0 wrkr=10 slot=0 size=41 src=worker:10 dst=client:0
event=hand_send ts_ns=101468589 id=641 clt=0 wrkr=10 slot=0 size=10 src=client:0 dst=worker:10
event=resp_rdma_read ts_ns=101927870 id=638 start_ns=101021001 dur_ns=906869 clt=0 wrkr=4 slot=1 size=307208 src=worker:4 dst=client:0
event=req_send ts_ns=101927870 id=644 clt=0 wrkr=11 slot=1 size=17 src=client:0 dst=worker:11
event=resp_recv_ud ts_ns=101968541 id=644 clt=0 wrkr=11 slot=1 size=41 src=worker:11 dst=client:0
event=hand_send ts_ns=101977188 id=644 clt=0 wrkr=11 slot=1 size=10 src=client:0 dst=worker:11
event=resp_rdma_read ts_ns=102375501 id=641 start_ns=101468589 dur_ns=906912 clt=0 wrkr=10 slot=0 size=307208 src=worker:10 dst=client:0
event=resp_rdma_read ts_ns=102883833 id=644 start_ns=101977188 dur_ns=906645 clt=0 wrkr=11 slot=1 size=307208 src=worker:11 dst=client:0
