event=req_send ts_ns=1 id=2 clt=2 wrkr=9 slot=0 size=17 src=client:2 dst=worker:9
event=req_send ts_ns=2501 id=5 clt=2 wrkr=1 slot=0 size=17 src=client:2 dst=worker:1
event=req_send ts_ns=5001 id=8 clt=2 wrkr=1 slot=1 size=17 src=client:2 dst=worker:1
event=req_send ts_ns=7501 id=11 clt=2 wrkr=10 slot=0 size=17 src=client:2 dst=worker:10
event=req_send ts_ns=10001 id=14 clt=2 wrkr=4 slot=0 size=17 src=client:2 dst=worker:4
event=req_send ts_ns=12501 id=17 clt=2 wrkr=2 slot=0 size=17 src=client:2 dst=worker:2
event=req_send ts_ns=15001 id=20 clt=2 wrkr=11 slot=0 size=17 src=client:2 dst=worker:11
event=req_send ts_ns=17501 id=23 clt=2 wrkr=6 slot=0 size=17 src=client:2 dst=worker:6
event=req_send ts_ns=20001 id=26 clt=2 wrkr=5 slot=0 size=17 src=client:2 dst=worker:5
event=req_send ts_ns=22501 id=29 clt=2 wrkr=10 slot=1 size=17 src=client:2 dst=worker:10
event=req_send ts_ns=25001 id=32 clt=2 wrkr=3 slot=0 size=17 src=client:2 dst=worker:3
event=req_send ts_ns=27501 id=35 clt=2 wrkr=1 slot=2 size=17 src=client:2 dst=worker:1
event=resp_recv_ud ts_ns=53984 id=5 clt=2 wrkr=1 slot=0 size=41 src=worker:1 dst=client:2
event=resp_recv_ud ts_ns=54159 id=8 clt=2 wrkr=1 slot=1 size=41 src=worker:1 dst=client:2
event=resp_recv_ud ts_ns=54772 id=2 clt=2 wrkr=9 slot=0 size=41 src=worker:9 dst=client:2
event=resp_recv_ud ts_ns=56478 id=11 clt=2 wrkr=10 slot=0 size=41 src=worker:10 dst=client:2
event=resp_recv_ud ts_ns=58549 id=14 clt=2 wrkr=4 slot=0 size=41 src=worker:4 dst=client:2
event=resp_recv_ud ts_ns=60147 id=17 clt=2 wrkr=2 slot=0 size=41 src=worker:2 dst=client:2
event=resp_recv_ud ts_ns=61466 id=20 clt=2 wrkr=11 slot=0 size=41 src=worker:11 dst=client:2
event=hand_send ts_ns=62631 id=5 clt=2 wrkr=1 slot=0 size=10 src=client:2 dst=worker:1
event=hand_send ts_ns=62806 id=8 clt=2 wrkr=1 slot=1 size=10 src=client:2 dst=worker:1
event=resp_recv_ud ts_ns=63233 id=23 clt=2 wrkr=6 slot=0 size=41 src=worker:6 dst=client:2
event=hand_send ts_ns=63419 id=2 clt=2 wrkr=9 slot=0 size=10 src=client:2 dst=worker:9
event=resp_recv_ud ts_ns=64655 id=26 clt=2 wrkr=5 slot=0 size=41 src=worker:5 dst=client:2
event=hand_send ts_ns=65125 id=11 clt=2 wrkr=10 slot=0 size=10 src=client:2 dst=worker:10
event=resp_recv_ud ts_ns=66584 id=29 clt=2 wrkr=10 slot=1 size=41 src=worker:10 dst=client:2
event=hand_send ts_ns=67196 id=14 clt=2 wrkr=4 slot=0 size=10 src=client:2 dst=worker:4
event=hand_send ts_ns=68794 id=17 clt=2 wrkr=2 slot=0 size=10 src=client:2 dst=worker:2
event=resp_recv_ud ts_ns=69017 id=32 clt=2 wrkr=3 slot=0 size=41 src=worker:3 dst=client:2
event=resp_recv_ud ts_ns=69678 id=35 clt=2 wrkr=1 slot=2 size=41 src=worker:1 dst=client:2
event=hand_send ts_ns=70113 id=20 clt=2 wrkr=11 slot=0 size=10 src=client:2 dst=worker:11
event=hand_send ts_ns=71880 id=23 clt=2 wrkr=6 slot=0 size=10 src=client:2 dst=worker:6
event=hand_send ts_ns=73302 id=26 clt=2 wrkr=5 slot=0 size=10 src=client:2 dst=worker:5
event=hand_send ts_ns=75231 id=29 clt=2 wrkr=10 slot=1 size=10 src=client:2 dst=worker:10
event=hand_send ts_ns=77664 id=32 clt=2 wrkr=3 slot=0 size=10 src=client:2 dst=worker:3
event=hand_send ts_ns=78325 id=35 clt=2 wrkr=1 slot=2 size=10 src=client:2 dst=worker:1
event=resp_rdma_read ts_ns=1658762 id=8 start_ns=62806 dur_ns=1595956 clt=2 wrkr=1 slot=1 size=512008 src=worker:1 dst=client:2
event=req_send ts_ns=1658762 id=38 clt=2 wrkr=4 slot=1 size=17 src=client:2 dst=worker:4
event=resp_rdma_read ts_ns=1669118 id=5 start_ns=62631 dur_ns=1606487 clt=2 wrkr=1 slot=0 size=512008 src=worker:1 dst=client:2
event=req_send ts_ns=1669118 id=39 clt=2 wrkr=8 slot=0 size=17 src=client:2 dst=worker:8
event=resp_rdma_read ts_ns=1709392 id=2 start_ns=63419 dur_ns=1645973 clt=2 wrkr=9 slot=0 size=512008 src=worker:9 dst=client:2
event=req_send ts_ns=1709392 id=41 clt=2 wrkr=0 slot=0 size=17 src=client:2 dst=worker:0
event=resp_recv_ud ts_ns=1725489 id=38 clt=2 wrkr=4 slot=1 size=41 src=worker:4 dst=client:2
event=hand_send ts_ns=1734136 id=38 clt=2 wrkr=4 slot=1 size=10 src=client:2 dst=worker:4
event=resp_recv_ud ts_ns=1737782 id=39 clt=2 wrkr=8 slot=0 size=41 src=worker:8 dst=client:2
event=hand_send ts_ns=1746429 id=39 clt=2 wrkr=8 slot=0 size=10 src=client:2 dst=worker:8
event=resp_recv_ud ts_ns=1778502 id=41 clt=2 wrkr=0 slot=0 size=41 src=worker:0 dst=client:2
event=hand_send ts_ns=1787149 id=41 clt=2 wrkr=0 slot=0 size=10 src=client:2 dst=worker:0
event=resp_rdma_read ts_ns=1795199 id=11 start_ns=65125 dur_ns=1730074 clt=2 wrkr=10 slot=0 size=512008 src=worker:10 dst=client:2
event=req_send ts_ns=1795199 id=44 clt=2 wrkr=6 slot=1 size=17 src=client:2 dst=worker:6
event=resp_rdma_read ts_ns=1840617 id=14 start_ns=67196 dur_ns=1773421 clt=2 wrkr=4 slot=0 size=512008 src=worker:4 dst=client:2
event=req_send ts_ns=1840617 id=46 clt=2 wrkr=8 slot=1 size=17 src=client:2 dst=worker:8
event=resp_recv_ud ts_ns=1866132 id=44 clt=2 wrkr=6 slot=1 size=41 src=worker:6 dst=client:2
event=hand_send ts_ns=1874779 id=44 clt=2 wrkr=6 slot=1 size=10 src=client:2 dst=worker:6
event=resp_rdma_read ts_ns=1883740 id=17 start_ns=68794 dur_ns=1814946 clt=2 wrkr=2 slot=0 size=512008 src=worker:2 dst=client:2
event=req_send ts_ns=1883740 id=48 clt=2 wrkr=11 slot=1 size=17 src=client:2 dst=worker:11
event=resp_rdma_read ts_ns=1898893 id=20 start_ns=70113 dur_ns=1828780 clt=2 wrkr=11 slot=0 size=512008 src=worker:11 dst=client:2
event=req_send ts_ns=1898893 id=49 clt=2 wrkr=4 slot=2 size=17 src=client:2 dst=worker:4
event=resp_recv_ud ts_ns=1911541 id=46 clt=2 wrkr=8 slot=1 size=41 src=worker:8 dst=client:2
event=hand_send ts_ns=1920188 id=46 clt=2 wrkr=8 slot=1 size=10 src=client:2 dst=worker:8
event=resp_recv_ud ts_ns=1954292 id=48 clt=2 wrkr=11 slot=1 size=41 src=worker:11 dst=client:2
event=resp_rdma_read ts_ns=1961023 id=23 start_ns=71880 dur_ns=1889143 clt=2 wrkr=6 slot=0 size=512008 src=worker:6 dst=client:2
event=req_send ts_ns=1961023 id=51 clt=2 wrkr=10 slot=2 size=17 src=client:2 dst=worker:10
event=hand_send ts_ns=1962939 id=48 clt=2 wrkr=11 slot=1 size=10 src=client:2 dst=worker:11
event=resp_recv_ud ts_ns=1969076 id=49 clt=2 wrkr=4 slot=2 size=41 src=worker:4 dst=client:2
event=hand_send ts_ns=1977723 id=49 clt=2 wrkr=4 slot=2 size=10 src=client:2 dst=worker:4
event=resp_rdma_read ts_ns=2023821 id=26 start_ns=73302 dur_ns=1950519 clt=2 wrkr=5 slot=0 size=512008 src=worker:5 dst=client:2
event=req_send ts_ns=2023821 id=54 clt=2 wrkr=6 slot=2 size=17 src=client:2 dst=worker:6
event=resp_recv_ud ts_ns=2032180 id=51 clt=2 wrkr=10 slot=2 size=41 src=worker:10 dst=client:2
event=hand_send ts_ns=2040827 id=51 clt=2 wrkr=10 slot=2 size=10 src=client:2 dst=worker:10
event=resp_recv_ud ts_ns=2094228 id=54 clt=2 wrkr=6 slot=2 size=41 src=worker:6 dst=client:2
event=hand_send ts_ns=2102875 id=54 clt=2 wrkr=6 slot=2 size=10 src=client:2 dst=worker:6
event=resp_rdma_read ts_ns=2186849 id=29 start_ns=75231 dur_ns=2111618 clt=2 wrkr=10 slot=1 size=512008 src=worker:10 dst=client:2
event=req_send ts_ns=2186849 id=58 clt=2 wrkr=3 slot=1 size=17 src=client:2 dst=worker:3
event=resp_recv_ud ts_ns=2257118 id=58 clt=2 wrkr=3 slot=1 size=41 src=worker:3 dst=client:2
event=hand_send ts_ns=2265765 id=58 clt=2 wrkr=3 slot=1 size=10 src=client:2 dst=worker:3
event=resp_rdma_read ts_ns=2392098 id=32 start_ns=77664 dur_ns=2314434 clt=2 wrkr=3 slot=0 size=512008 src=worker:3 dst=client:2
event=req_send ts_ns=2392098 id=61 clt=2 wrkr=0 slot=1 size=17 src=client:2 dst=worker:0
event=resp_recv_ud ts_ns=2449104 id=61 clt=2 wrkr=0 slot=1 size=41 src=worker:0 dst=client:2
event=hand_send ts_ns=2457751 id=61 clt=2 wrkr=0 slot=1 size=10 src=client:2 dst=worker:0
event=resp_rdma_read ts_ns=2557865 id=35 start_ns=78325 dur_ns=2479540 clt=2 wrkr=1 slot=2 size=512008 src=worker:1 dst=client:2
event=req_send ts_ns=2557865 id=63 clt=2 wrkr=11 slot=2 size=17 src=client:2 dst=worker:11
event=resp_recv_ud ts_ns=2605307 id=63 clt=2 wrkr=11 slot=2 size=41 src=worker:11 dst=client:2
event=hand_send ts_ns=2613954 id=63 clt=2 wrkr=11 slot=2 size=10 src=client:2 dst=worker:11
event=resp_rdma_read ts_ns=3801733 id=63 start_ns=2613954 dur_ns=1187779 clt=2 wrkr=11 slot=2 size=512008 src=worker:11 dst=client:2
event=req_send ts_ns=3801733 id=75 clt=2 wrkr=8 slot=2 size=17 src=client:2 dst=worker:8
event=resp_rdma_read ts_ns=3816962 id=54 start_ns=2102875 dur_ns=1714087 clt=2 wrkr=6 slot=2 size=512008 src=worker:6 dst=client:2
event=req_send ts_ns=3816962 id=76 clt=2 wrkr=7 slot=0 size=17 src=client:2 dst=worker:7
event=resp_recv_ud ts_ns=3857741 id=75 clt=2 wrkr=8 slot=2 size=41 src=worker:8 dst=client:2
event=hand_send ts_ns=3866388 id=75 clt=2 wrkr=8 slot=2 size=10 src=client:2 dst=worker:8
event=resp_recv_ud ts_ns=3871282 id=76 clt=2 wrkr=7 slot=0 size=41 src=worker:7 dst=client:2
event=hand_send ts_ns=3879929 id=76 clt=2 wrkr=7 slot=0 size=10 src=client:2 dst=worker:7
event=resp_rdma_read ts_ns=3986903 id=58 start_ns=2265765 dur_ns=1721138 clt=2 wrkr=3 slot=1 size=512008 src=worker:3 dst=client:2
event=req_send ts_ns=3986903 id=79 clt=2 wrkr=6 slot=3 size=17 src=client:2 dst=worker:6
event=resp_rdma_read ts_ns=4019473 id=61 start_ns=2457751 dur_ns=1561722 clt=2 wrkr=0 slot=1 size=512008 src=worker:0 dst=client:2
event=req_send ts_ns=4019473 id=80 clt=2 wrkr=6 slot=4 size=17 src=client:2 dst=worker:6
event=resp_recv_ud ts_ns=4042690 id=79 clt=2 wrkr=6 slot=3 size=41 src=worker:6 dst=client:2
event=hand_send ts_ns=4051337 id=79 clt=2 wrkr=6 slot=3 size=10 src=client:2 dst=worker:6
event=resp_recv_ud ts_ns=4075908 id=80 clt=2 wrkr=6 slot=4 size=41 src=worker:6 dst=client:2
event=hand_send ts_ns=4084555 id=80 clt=2 wrkr=6 slot=4 size=10 src=client:2 dst=worker:6
event=resp_rdma_read ts_ns=4373819 id=46 start_ns=1920188 dur_ns=2453631 clt=2 wrkr=8 slot=1 size=512008 src=worker:8 dst=client:2
event=req_send ts_ns=4373819 id=87 clt=2 wrkr=2 slot=1 size=17 src=client:2 dst=worker:2
event=resp_rdma_read ts_ns=4388666 id=48 start_ns=1962939 dur_ns=2425727 clt=2 wrkr=11 slot=1 size=512008 src=worker:11 dst=client:2
event=req_send ts_ns=4388666 id=89 clt=2 wrkr=1 slot=3 size=17 src=client:2 dst=worker:1
event=resp_recv_ud ts_ns=4434462 id=87 clt=2 wrkr=2 slot=1 size=41 src=worker:2 dst=client:2
event=hand_send ts_ns=4443109 id=87 clt=2 wrkr=2 slot=1 size=10 src=client:2 dst=worker:2
event=resp_recv_ud ts_ns=4451188 id=89 clt=2 wrkr=1 slot=3 size=41 src=worker:1 dst=client:2
event=hand_send ts_ns=4459835 id=89 clt=2 wrkr=1 slot=3 size=10 src=client:2 dst=worker:1
event=resp_rdma_read ts_ns=4468887 id=38 start_ns=1734136 dur_ns=2734751 clt=2 wrkr=4 slot=1 size=512008 src=worker:4 dst=client:2
event=req_send ts_ns=4468887 id=91 clt=2 wrkr=4 slot=3 size=17 src=client:2 dst=worker:4
event=resp_rdma_read ts_ns=4486364 id=39 start_ns=1746429 dur_ns=2739935 clt=2 wrkr=8 slot=0 size=512008 src=worker:8 dst=client:2
event=req_send ts_ns=4486364 id=92 clt=2 wrkr=8 slot=3 size=17 src=client:2 dst=worker:8
event=resp_rdma_read ts_ns=4492023 id=41 start_ns=1787149 dur_ns=2704874 clt=2 wrkr=0 slot=0 size=512008 src=worker:0 dst=client:2
event=req_send ts_ns=4492023 id=93 clt=2 wrkr=5 slot=1 size=17 src=client:2 dst=worker:5
event=resp_recv_ud ts_ns=4532091 id=91 clt=2 wrkr=4 slot=3 size=41 src=worker:4 dst=client:2
event=hand_send ts_ns=4540738 id=91 clt=2 wrkr=4 slot=3 size=10 src=client:2 dst=worker:4
event=resp_recv_ud ts_ns=4548196 id=92 clt=2 wrkr=8 slot=3 size=41 src=worker:8 dst=client:2
event=resp_recv_ud ts_ns=4556353 id=93 clt=2 wrkr=5 slot=1 size=41 src=worker:5 dst=client:2
event=hand_send ts_ns=4556843 id=92 clt=2 wrkr=8 slot=3 size=10 src=client:2 dst=worker:8
event=hand_send ts_ns=4565000 id=93 clt=2 wrkr=5 slot=1 size=10 src=client:2 dst=worker:5
event=resp_rdma_read ts_ns=4575227 id=44 start_ns=1874779 dur_ns=2700448 clt=2 wrkr=6 slot=1 size=512008 src=worker:6 dst=client:2
event=req_send ts_ns=4575227 id=99 clt=2 wrkr=8 slot=4 size=17 src=client:2 dst=worker:8
event=resp_recv_ud ts_ns=4641679 id=99 clt=2 wrkr=8 slot=4 size=41 src=worker:8 dst=client:2
event=hand_send ts_ns=4650326 id=99 clt=2 wrkr=8 slot=4 size=10 src=client:2 dst=worker:8
event=resp_rdma_read ts_ns=4693624 id=49 start_ns=1977723 dur_ns=2715901 clt=2 wrkr=4 slot=2 size=512008 src=worker:4 dst=client:2
event=req_send ts_ns=4693624 id=103 clt=2 wrkr=4 slot=4 size=17 src=client:2 dst=worker:4
event=resp_recv_ud ts_ns=4763929 id=103 clt=2 wrkr=4 slot=4 size=41 src=worker:4 dst=client:2
event=hand_send ts_ns=4772576 id=103 clt=2 wrkr=4 slot=4 size=10 src=client:2 dst=worker:4
event=resp_rdma_read ts_ns=4823096 id=51 start_ns=2040827 dur_ns=2782269 clt=2 wrkr=10 slot=2 size=512008 src=worker:10 dst=client:2
event=req_send ts_ns=4823096 id=106 clt=2 wrkr=2 slot=2 size=17 src=client:2 dst=worker:2
event=resp_recv_ud ts_ns=4894180 id=106 clt=2 wrkr=2 slot=2 size=41 src=worker:2 dst=client:2
event=hand_send ts_ns=4902827 id=106 clt=2 wrkr=2 slot=2 size=10 src=client:2 dst=worker:2
event=resp_rdma_read ts_ns=5279371 id=76 start_ns=3879929 dur_ns=1399442 clt=2 wrkr=7 slot=0 size=512008 src=worker:7 dst=client:2
event=req_send ts_ns=5279371 id=111 clt=2 wrkr=3 slot=2 size=17 src=client:2 dst=worker:3
event=resp_recv_ud ts_ns=5340574 id=111 clt=2 wrkr=3 slot=2 size=41 src=worker:3 dst=client:2
event=hand_send ts_ns=5349221 id=111 clt=2 wrkr=3 slot=2 size=10 src=client:2 dst=worker:3
event=resp_rdma_read ts_ns=5355857 id=75 start_ns=3866388 dur_ns=1489469 clt=2 wrkr=8 slot=2 size=512008 src=worker:8 dst=client:2
event=req_send ts_ns=5355857 id=112 clt=2 wrkr=10 slot=3 size=17 src=client:2 dst=worker:10
event=resp_recv_ud ts_ns=5410823 id=112 clt=2 wrkr=10 slot=3 size=41 src=worker:10 dst=client:2
event=hand_send ts_ns=5419470 id=112 clt=2 wrkr=10 slot=3 size=10 src=client:2 dst=worker:10
event=resp_rdma_read ts_ns=5545190 id=79 start_ns=4051337 dur_ns=1493853 clt=2 wrkr=6 slot=3 size=512008 src=worker:6 dst=client:2
event=req_send ts_ns=5545190 id=114 clt=2 wrkr=2 slot=3 size=17 src=client:2 dst=worker:2
event=resp_recv_ud ts_ns=5595088 id=114 clt=2 wrkr=2 slot=3 size=41 src=worker:2 dst=client:2
event=hand_send ts_ns=5603735 id=114 clt=2 wrkr=2 slot=3 size=10 src=client:2 dst=worker:2
event=resp_rdma_read ts_ns=5626485 id=80 start_ns=4084555 dur_ns=1541930 clt=2 wrkr=6 slot=4 size=512008 src=worker:6 dst=client:2
event=req_send ts_ns=5626485 id=115 clt=2 wrkr=1 slot=4 size=17 src=client:2 dst=worker:1
event=resp_recv_ud ts_ns=5670500 id=115 clt=2 wrkr=1 slot=4 size=41 src=worker:1 dst=client:2
event=hand_send ts_ns=5679147 id=115 clt=2 wrkr=1 slot=4 size=10 src=client:2 dst=worker:1
event=resp_rdma_read ts_ns=6362563 id=87 start_ns=4443109 dur_ns=1919454 clt=2 wrkr=2 slot=1 size=512008 src=worker:2 dst=client:2
event=req_send ts_ns=6362563 id=125 clt=2 wrkr=9 slot=1 size=17 src=client:2 dst=worker:9
event=resp_rdma_read ts_ns=6404342 id=103 start_ns=4772576 dur_ns=1631766 clt=2 wrkr=4 slot=4 size=512008 src=worker:4 dst=client:2
event=req_send ts_ns=6404342 id=126 clt=2 wrkr=8 slot=5 size=17 src=client:2 dst=worker:8
event=resp_recv_ud ts_ns=6406887 id=125 clt=2 wrkr=9 slot=1 size=41 src=worker:9 dst=client:2
event=hand_send ts_ns=6415534 id=125 clt=2 wrkr=9 slot=1 size=10 src=client:2 dst=worker:9
event=resp_recv_ud ts_ns=6455777 id=126 clt=2 wrkr=8 slot=5 size=41 src=worker:8 dst=client:2
event=hand_send ts_ns=6464424 id=126 clt=2 wrkr=8 slot=5 size=10 src=client:2 dst=worker:8
event=resp_rdma_read ts_ns=6476229 id=89 start_ns=4459835 dur_ns=2016394 clt=2 wrkr=1 slot=3 size=512008 src=worker:1 dst=client:2
event=req_send ts_ns=6476229 id=127 clt=2 wrkr=4 slot=5 size=17 src=client:2 dst=worker:4
event=resp_recv_ud ts_ns=6525277 id=127 clt=2 wrkr=4 slot=5 size=41 src=worker:4 dst=client:2
event=hand_send ts_ns=6533924 id=127 clt=2 wrkr=4 slot=5 size=10 src=client:2 dst=worker:4
event=resp_rdma_read ts_ns=6607614 id=106 start_ns=4902827 dur_ns=1704787 clt=2 wrkr=2 slot=2 size=512008 src=worker:2 dst=client:2
event=req_send ts_ns=6607614 id=130 clt=2 wrkr=4 slot=6 size=17 src=client:2 dst=worker:4
event=resp_rdma_read ts_ns=6657118 id=91 start_ns=4540738 dur_ns=2116380 clt=2 wrkr=4 slot=3 size=512008 src=worker:4 dst=client:2
event=req_send ts_ns=6657118 id=131 clt=2 wrkr=11 slot=3 size=17 src=client:2 dst=worker:11
event=resp_recv_ud ts_ns=6667193 id=130 clt=2 wrkr=4 slot=6 size=41 src=worker:4 dst=client:2
event=hand_send ts_ns=6675840 id=130 clt=2 wrkr=4 slot=6 size=10 src=client:2 dst=worker:4
event=resp_rdma_read ts_ns=6705053 id=92 start_ns=4556843 dur_ns=2148210 clt=2 wrkr=8 slot=3 size=512008 src=worker:8 dst=client:2
event=req_send ts_ns=6705053 id=133 clt=2 wrkr=2 slot=4 size=17 src=client:2 dst=worker:2
event=resp_recv_ud ts_ns=6713905 id=131 clt=2 wrkr=11 slot=3 size=41 src=worker:11 dst=client:2
event=hand_send ts_ns=6722552 id=131 clt=2 wrkr=11 slot=3 size=10 src=client:2 dst=worker:11
event=resp_rdma_read ts_ns=6733354 id=111 start_ns=5349221 dur_ns=1384133 clt=2 wrkr=3 slot=2 size=512008 src=worker:3 dst=client:2
event=req_send ts_ns=6733354 id=134 clt=2 wrkr=1 slot=5 size=17 src=client:2 dst=worker:1
event=resp_recv_ud ts_ns=6764882 id=133 clt=2 wrkr=2 slot=4 size=41 src=worker:2 dst=client:2
event=resp_rdma_read ts_ns=6771132 id=93 start_ns=4565000 dur_ns=2206132 clt=2 wrkr=5 slot=1 size=512008 src=worker:5 dst=client:2
event=req_send ts_ns=6771132 id=136 clt=2 wrkr=7 slot=1 size=17 src=client:2 dst=worker:7
event=hand_send ts_ns=6773529 id=133 clt=2 wrkr=2 slot=4 size=10 src=client:2 dst=worker:2
event=resp_rdma_read ts_ns=6776513 id=112 start_ns=5419470 dur_ns=1357043 clt=2 wrkr=10 slot=3 size=512008 src=worker:10 dst=client:2
event=req_send ts_ns=6776513 id=137 clt=2 wrkr=9 slot=2 size=17 src=client:2 dst=worker:9
event=resp_recv_ud ts_ns=6794106 id=134 clt=2 wrkr=1 slot=5 size=41 src=worker:1 dst=client:2
event=hand_send ts_ns=6802753 id=134 clt=2 wrkr=1 slot=5 size=10 src=client:2 dst=worker:1
event=resp_recv_ud ts_ns=6832567 id=136 clt=2 wrkr=7 slot=1 size=41 src=worker:7 dst=client:2
event=resp_recv_ud ts_ns=6837884 id=137 clt=2 wrkr=9 slot=2 size=41 src=worker:9 dst=client:2
event=hand_send ts_ns=6841214 id=136 clt=2 wrkr=7 slot=1 size=10 src=client:2 dst=worker:7
event=hand_send ts_ns=6846531 id=137 clt=2 wrkr=9 slot=2 size=10 src=client:2 dst=worker:9
event=resp_rdma_read ts_ns=6997014 id=114 start_ns=5603735 dur_ns=1393279 clt=2 wrkr=2 slot=3 size=512008 src=worker:2 dst=client:2
event=req_send ts_ns=6997014 id=140 clt=2 wrkr=10 slot=4 size=17 src=client:2 dst=worker:10
event=resp_recv_ud ts_ns=7045858 id=140 clt=2 wrkr=10 slot=4 size=41 src=worker:10 dst=client:2
event=hand_send ts_ns=7054505 id=140 clt=2 wrkr=10 slot=4 size=10 src=client:2 dst=worker:10
event=resp_rdma_read ts_ns=7228248 id=99 start_ns=4650326 dur_ns=2577922 clt=2 wrkr=8 slot=4 size=512008 src=worker:8 dst=client:2
event=req_send ts_ns=7228248 id=147 clt=2 wrkr=7 slot=2 size=17 src=client:2 dst=worker:7
event=resp_recv_ud ts_ns=7296704 id=147 clt=2 wrkr=7 slot=2 size=41 src=worker:7 dst=client:2
event=hand_send ts_ns=7305351 id=147 clt=2 wrkr=7 slot=2 size=10 src=client:2 dst=worker:7
event=resp_rdma_read ts_ns=7348403 id=115 start_ns=5679147 dur_ns=1669256 clt=2 wrkr=1 slot=4 size=512008 src=worker:1 dst=client:2
event=req_send ts_ns=7348403 id=151 clt=2 wrkr=4 slot=7 size=17 src=client:2 dst=worker:4
event=resp_recv_ud ts_ns=7419029 id=151 clt=2 wrkr=4 slot=7 size=41 src=worker:4 dst=client:2
event=hand_send ts_ns=7427676 id=151 clt=2 wrkr=4 slot=7 size=10 src=client:2 dst=worker:4
event=resp_rdma_read ts_ns=8125382 id=127 start_ns=6533924 dur_ns=1591458 clt=2 wrkr=4 slot=5 size=512008 src=worker:4 dst=client:2
event=req_send ts_ns=8125382 id=161 clt=2 wrkr=0 slot=2 size=17 src=client:2 dst=worker:0
event=resp_rdma_read ts_ns=8134291 id=125 start_ns=6415534 dur_ns=1718757 clt=2 wrkr=9 slot=1 size=512008 src=worker:9 dst=client:2
event=req_send ts_ns=8134291 id=163 clt=2 wrkr=11 slot=4 size=17 src=client:2 dst=worker:11
event=resp_rdma_read ts_ns=8149416 id=126 start_ns=6464424 dur_ns=1684992 clt=2 wrkr=8 slot=5 size=512008 src=worker:8 dst=client:2
event=req_send ts_ns=8149416 id=164 clt=2 wrkr=0 slot=3 size=17 src=client:2 dst=worker:0
event=resp_recv_ud ts_ns=8165600 id=161 clt=2 wrkr=0 slot=2 size=41 src=worker:0 dst=client:2
event=hand_send ts_ns=8174247 id=161 clt=2 wrkr=0 slot=2 size=10 src=client:2 dst=worker:0
event=resp_recv_ud ts_ns=8196084 id=163 clt=2 wrkr=11 slot=4 size=41 src=worker:11 dst=client:2
event=hand_send ts_ns=8204731 id=163 clt=2 wrkr=11 slot=4 size=10 src=client:2 dst=worker:11
event=resp_recv_ud ts_ns=8208542 id=164 clt=2 wrkr=0 slot=3 size=41 src=worker:0 dst=client:2
event=hand_send ts_ns=8217189 id=164 clt=2 wrkr=0 slot=3 size=10 src=client:2 dst=worker:0
event=resp_rdma_read ts_ns=8404661 id=130 start_ns=6675840 dur_ns=1728821 clt=2 wrkr=4 slot=6 size=512008 src=worker:4 dst=client:2
event=req_send ts_ns=8404661 id=165 clt=2 wrkr=11 slot=5 size=17 src=client:2 dst=worker:11
event=resp_recv_ud ts_ns=8440347 id=165 clt=2 wrkr=11 slot=5 size=41 src=worker:11 dst=client:2
event=hand_send ts_ns=8448994 id=165 clt=2 wrkr=11 slot=5 size=10 src=client:2 dst=worker:11
event=resp_rdma_read ts_ns=8458351 id=136 start_ns=6841214 dur_ns=1617137 clt=2 wrkr=7 slot=1 size=512008 src=worker:7 dst=client:2
event=req_send ts_ns=8458351 id=168 clt=2 wrkr=7 slot=3 size=17 src=client:2 dst=worker:7
event=resp_rdma_read ts_ns=8492516 id=131 start_ns=6722552 dur_ns=1769964 clt=2 wrkr=11 slot=3 size=512008 src=worker:11 dst=client:2
event=req_send ts_ns=8492516 id=169 clt=2 wrkr=5 slot=2 size=17 src=client:2 dst=worker:5
event=resp_recv_ud ts_ns=8515978 id=168 clt=2 wrkr=7 slot=3 size=41 src=worker:7 dst=client:2
event=hand_send ts_ns=8524625 id=168 clt=2 wrkr=7 slot=3 size=10 src=client:2 dst=worker:7
event=resp_recv_ud ts_ns=8550536 id=169 clt=2 wrkr=5 slot=2 size=41 src=worker:5 dst=client:2
event=hand_send ts_ns=8559183 id=169 clt=2 wrkr=5 slot=2 size=10 src=client:2 dst=worker:5
event=resp_rdma_read ts_ns=8662683 id=133 start_ns=6773529 dur_ns=1889154 clt=2 wrkr=2 slot=4 size=512008 src=worker:2 dst=client:2
event=req_send ts_ns=8662683 id=171 clt=2 wrkr=0 slot=4 size=17 src=client:2 dst=worker:0
event=resp_recv_ud ts_ns=8699259 id=171 clt=2 wrkr=0 slot=4 size=41 src=worker:0 dst=client:2
event=hand_send ts_ns=8707906 id=171 clt=2 wrkr=0 slot=4 size=10 src=client:2 dst=worker:0
event=resp_rdma_read ts_ns=8719762 id=134 start_ns=6802753 dur_ns=1917009 clt=2 wrkr=1 slot=5 size=512008 src=worker:1 dst=client:2
event=req_send ts_ns=8719762 id=172 clt=2 wrkr=11 slot=6 size=17 src=client:2 dst=worker:11
event=resp_recv_ud ts_ns=8767275 id=172 clt=2 wrkr=11 slot=6 size=41 src=worker:11 dst=client:2
event=hand_send ts_ns=8775922 id=172 clt=2 wrkr=11 slot=6 size=10 src=client:2 dst=worker:11
event=resp_rdma_read ts_ns=8786049 id=137 start_ns=6846531 dur_ns=1939518 clt=2 wrkr=9 slot=2 size=512008 src=worker:9 dst=client:2
event=req_send ts_ns=8786049 id=174 clt=2 wrkr=2 slot=5 size=17 src=client:2 dst=worker:2
event=resp_recv_ud ts_ns=8842405 id=174 clt=2 wrkr=2 slot=5 size=41 src=worker:2 dst=client:2
event=hand_send ts_ns=8851052 id=174 clt=2 wrkr=2 slot=5 size=10 src=client:2 dst=worker:2
event=resp_rdma_read ts_ns=9024225 id=140 start_ns=7054505 dur_ns=1969720 clt=2 wrkr=10 slot=4 size=512008 src=worker:10 dst=client:2
event=req_send ts_ns=9024225 id=177 clt=2 wrkr=7 slot=4 size=17 src=client:2 dst=worker:7
event=resp_recv_ud ts_ns=9082375 id=177 clt=2 wrkr=7 slot=4 size=41 src=worker:7 dst=client:2
event=hand_send ts_ns=9091022 id=177 clt=2 wrkr=7 slot=4 size=10 src=client:2 dst=worker:7
event=resp_rdma_read ts_ns=9507304 id=151 start_ns=7427676 dur_ns=2079628 clt=2 wrkr=4 slot=7 size=512008 src=worker:4 dst=client:2
event=req_send ts_ns=9507304 id=184 clt=2 wrkr=0 slot=5 size=17 src=client:2 dst=worker:0
event=resp_recv_ud ts_ns=9560382 id=184 clt=2 wrkr=0 slot=5 size=41 src=worker:0 dst=client:2
event=resp_rdma_read ts_ns=9564025 id=147 start_ns=7305351 dur_ns=2258674 clt=2 wrkr=7 slot=2 size=512008 src=worker:7 dst=client:2
event=req_send ts_ns=9564025 id=187 clt=2 wrkr=10 slot=5 size=17 src=client:2 dst=worker:10
event=hand_send ts_ns=9569029 id=184 clt=2 wrkr=0 slot=5 size=10 src=client:2 dst=worker:0
event=resp_recv_ud ts_ns=9622764 id=187 clt=2 wrkr=10 slot=5 size=41 src=worker:10 dst=client:2
event=hand_send ts_ns=9631411 id=187 clt=2 wrkr=10 slot=5 size=10 src=client:2 dst=worker:10
event=resp_rdma_read ts_ns=9687275 id=164 start_ns=8217189 dur_ns=1470086 clt=2 wrkr=0 slot=3 size=512008 src=worker:0 dst=client:2
event=req_send ts_ns=9687275 id=194 clt=2 wrkr=1 slot=6 size=17 src=client:2 dst=worker:1
event=resp_recv_ud ts_ns=9748824 id=194 clt=2 wrkr=1 slot=6 size=41 src=worker:1 dst=client:2
event=resp_rdma_read ts_ns=9753745 id=163 start_ns=8204731 dur_ns=1549014 clt=2 wrkr=11 slot=4 size=512008 src=worker:11 dst=client:2
event=req_send ts_ns=9753745 id=196 clt=2 wrkr=0 slot=6 size=17 src=client:2 dst=worker:0
event=hand_send ts_ns=9757471 id=194 clt=2 wrkr=1 slot=6 size=10 src=client:2 dst=worker:1
event=resp_recv_ud ts_ns=9818671 id=196 clt=2 wrkr=0 slot=6 size=41 src=worker:0 dst=client:2
event=hand_send ts_ns=9827318 id=196 clt=2 wrkr=0 slot=6 size=10 src=client:2 dst=worker:0
event=resp_rdma_read ts_ns=9835600 id=161 start_ns=8174247 dur_ns=1661353 clt=2 wrkr=0 slot=2 size=512008 src=worker:0 dst=client:2
event=req_send ts_ns=9835600 id=199 clt=2 wrkr=5 slot=3 size=17 src=client:2 dst=worker:5
event=resp_recv_ud ts_ns=9902226 id=199 clt=2 wrkr=5 slot=3 size=41 src=worker:5 dst=client:2
event=hand_send ts_ns=9910873 id=199 clt=2 wrkr=5 slot=3 size=10 src=client:2 dst=worker:5
event=resp_rdma_read ts_ns=9927769 id=169 start_ns=8559183 dur_ns=1368586 clt=2 wrkr=5 slot=2 size=512008 src=worker:5 dst=client:2
event=req_send ts_ns=9927769 id=201 clt=2 wrkr=3 slot=3 size=17 src=client:2 dst=worker:3
event=resp_rdma_read ts_ns=9979378 id=168 start_ns=8524625 dur_ns=1454753 clt=2 wrkr=7 slot=3 size=512008 src=worker:7 dst=client:2
event=req_send ts_ns=9979378 id=202 clt=2 wrkr=4 slot=8 size=17 src=client:2 dst=worker:4
event=resp_recv_ud ts_ns=9991746 id=201 clt=2 wrkr=3 slot=3 size=41 src=worker:3 dst=client:2
event=hand_send ts_ns=10000393 id=201 clt=2 wrkr=3 slot=3 size=10 src=client:2 dst=worker:3
event=resp_recv_ud ts_ns=10047867 id=202 clt=2 wrkr=4 slot=8 size=41 src=worker:4 dst=client:2
event=hand_send ts_ns=10056514 id=202 clt=2 wrkr=4 slot=8 size=10 src=client:2 dst=worker:4
event=resp_rdma_read ts_ns=10145500 id=165 start_ns=8448994 dur_ns=1696506 clt=2 wrkr=11 slot=5 size=512008 src=worker:11 dst=client:2
event=req_send ts_ns=10145500 id=204 clt=2 wrkr=9 slot=3 size=17 src=client:2 dst=worker:9
event=resp_recv_ud ts_ns=10209147 id=204 clt=2 wrkr=9 slot=3 size=41 src=worker:9 dst=client:2
event=hand_send ts_ns=10217794 id=204 clt=2 wrkr=9 slot=3 size=10 src=client:2 dst=worker:9
event=resp_rdma_read ts_ns=10296284 id=174 start_ns=8851052 dur_ns=1445232 clt=2 wrkr=2 slot=5 size=512008 src=worker:2 dst=client:2
event=req_send ts_ns=10296284 id=206 clt=2 wrkr=9 slot=4 size=17 src=client:2 dst=worker:9
event=resp_recv_ud ts_ns=10360489 id=206 clt=2 wrkr=9 slot=4 size=41 src=worker:9 dst=client:2
event=hand_send ts_ns=10369136 id=206 clt=2 wrkr=9 slot=4 size=10 src=client:2 dst=worker:9
event=resp_rdma_read ts_ns=10414945 id=177 start_ns=9091022 dur_ns=1323923 clt=2 wrkr=7 slot=4 size=512008 src=worker:7 dst=client:2
event=req_send ts_ns=10414945 id=208 clt=2 wrkr=6 slot=5 size=17 src=client:2 dst=worker:6
event=resp_recv_ud ts_ns=10461919 id=208 clt=2 wrkr=6 slot=5 size=41 src=worker:6 dst=client:2
event=hand_send ts_ns=10470566 id=208 clt=2 wrkr=6 slot=5 size=10 src=client:2 dst=worker:6
event=resp_rdma_read ts_ns=10519664 id=171 start_ns=8707906 dur_ns=1811758 clt=2 wrkr=0 slot=4 size=512008 src=worker:0 dst=client:2
event=req_send ts_ns=10519664 id=210 clt=2 wrkr=6 slot=6 size=17 src=client:2 dst=worker:6
event=resp_rdma_read ts_ns=10548185 id=172 start_ns=8775922 dur_ns=1772263 clt=2 wrkr=11 slot=6 size=512008 src=worker:11 dst=client:2
event=req_send ts_ns=10548185 id=211 clt=2 wrkr=6 slot=7 size=17 src=client:2 dst=worker:6
event=resp_recv_ud ts_ns=10577475 id=210 clt=2 wrkr=6 slot=6 size=41 src=worker:6 dst=client:2
event=hand_send ts_ns=10586122 id=210 clt=2 wrkr=6 slot=6 size=10 src=client:2 dst=worker:6
event=resp_recv_ud ts_ns=10604336 id=211 clt=2 wrkr=6 slot=7 size=41 src=worker:6 dst=client:2
event=hand_send ts_ns=10612983 id=211 clt=2 wrkr=6 slot=7 size=10 src=client:2 dst=worker:6
event=resp_rdma_read ts_ns=11117048 id=194 start_ns=9757471 dur_ns=1359577 clt=2 wrkr=1 slot=6 size=512008 src=worker:1 dst=client:2
event=req_send ts_ns=11117048 id=219 clt=2 wrkr=0 slot=7 size=17 src=client:2 dst=worker:0
event=resp_recv_ud ts_ns=11154458 id=219 clt=2 wrkr=0 slot=7 size=41 src=worker:0 dst=client:2
event=hand_send ts_ns=11163105 id=219 clt=2 wrkr=0 slot=7 size=10 src=client:2 dst=worker:0
event=resp_rdma_read ts_ns=11264812 id=184 start_ns=9569029 dur_ns=1695783 clt=2 wrkr=0 slot=5 size=512008 src=worker:0 dst=client:2
event=req_send ts_ns=11264812 id=221 clt=2 wrkr=7 slot=5 size=17 src=client:2 dst=worker:7
event=resp_recv_ud ts_ns=11320982 id=221 clt=2 wrkr=7 slot=5 size=41 src=worker:7 dst=client:2
event=hand_send ts_ns=11329629 id=221 clt=2 wrkr=7 slot=5 size=10 src=client:2 dst=worker:7
event=resp_rdma_read ts_ns=11418314 id=187 start_ns=9631411 dur_ns=1786903 clt=2 wrkr=10 slot=5 size=512008 src=worker:10 dst=client:2
event=req_send ts_ns=11418314 id=224 clt=2 wrkr=2 slot=6 size=17 src=client:2 dst=worker:2
event=resp_recv_ud ts_ns=11476038 id=224 clt=2 wrkr=2 slot=6 size=41 src=worker:2 dst=client:2
event=hand_send ts_ns=11484685 id=224 clt=2 wrkr=2 slot=6 size=10 src=client:2 dst=worker:2
event=resp_rdma_read ts_ns=11645790 id=202 start_ns=10056514 dur_ns=1589276 clt=2 wrkr=4 slot=8 size=512008 src=worker:4 dst=client:2
event=req_send ts_ns=11645790 id=229 clt=2 wrkr=10 slot=6 size=17 src=client:2 dst=worker:10
event=resp_rdma_read ts_ns=11649654 id=208 start_ns=10470566 dur_ns=1179088 clt=2 wrkr=6 slot=5 size=512008 src=worker:6 dst=client:2
event=req_send ts_ns=11649654 id=230 clt=2 wrkr=6 slot=8 size=17 src=client:2 dst=worker:6
event=resp_rdma_read ts_ns=11663858 id=204 start_ns=10217794 dur_ns=1446064 clt=2 wrkr=9 slot=3 size=512008 src=worker:9 dst=client:2
event=req_send ts_ns=11663858 id=231 clt=2 wrkr=0 slot=8 size=17 src=client:2 dst=worker:0
event=resp_recv_ud ts_ns=11704055 id=229 clt=2 wrkr=10 slot=6 size=41 src=worker:10 dst=client:2
event=resp_recv_ud ts_ns=11707562 id=230 clt=2 wrkr=6 slot=8 size=41 src=worker:6 dst=client:2
event=hand_send ts_ns=11712702 id=229 clt=2 wrkr=10 slot=6 size=10 src=client:2 dst=worker:10
event=hand_send ts_ns=11716209 id=230 clt=2 wrkr=6 slot=8 size=10 src=client:2 dst=worker:6
event=resp_recv_ud ts_ns=11720843 id=231 clt=2 wrkr=0 slot=8 size=41 src=worker:0 dst=client:2
event=hand_send ts_ns=11729490 id=231 clt=2 wrkr=0 slot=8 size=10 src=client:2 dst=worker:0
event=resp_rdma_read ts_ns=11782801 id=211 start_ns=10612983 dur_ns=1169818 clt=2 wrkr=6 slot=7 size=512008 src=worker:6 dst=client:2
event=req_send ts_ns=11782801 id=233 clt=2 wrkr=0 slot=9 size=17 src=client:2 dst=worker:0
event=resp_recv_ud ts_ns=11829411 id=233 clt=2 wrkr=0 slot=9 size=41 src=worker:0 dst=client:2
event=hand_send ts_ns=11838058 id=233 clt=2 wrkr=0 slot=9 size=10 src=client:2 dst=worker:0
event=resp_rdma_read ts_ns=11890428 id=210 start_ns=10586122 dur_ns=1304306 clt=2 wrkr=6 slot=6 size=512008 src=worker:6 dst=client:2
event=req_send ts_ns=11890428 id=236 clt=2 wrkr=8 slot=6 size=17 src=client:2 dst=worker:8
event=resp_recv_ud ts_ns=11948773 id=236 clt=2 wrkr=8 slot=6 size=41 src=worker:8 dst=client:2
event=hand_send ts_ns=11957420 id=236 clt=2 wrkr=8 slot=6 size=10 src=client:2 dst=worker:8
event=resp_rdma_read ts_ns=11963560 id=196 start_ns=9827318 dur_ns=2136242 clt=2 wrkr=0 slot=6 size=512008 src=worker:0 dst=client:2
event=req_send ts_ns=11963560 id=238 clt=2 wrkr=8 slot=7 size=17 src=client:2 dst=worker:8
event=resp_rdma_read ts_ns=11995826 id=206 start_ns=10369136 dur_ns=1626690 clt=2 wrkr=9 slot=4 size=512008 src=worker:9 dst=client:2
event=req_send ts_ns=11995826 id=239 clt=2 wrkr=0 slot=10 size=17 src=client:2 dst=worker:0
event=resp_recv_ud ts_ns=12027640 id=238 clt=2 wrkr=8 slot=7 size=41 src=worker:8 dst=client:2
event=hand_send ts_ns=12036287 id=238 clt=2 wrkr=8 slot=7 size=10 src=client:2 dst=worker:8
event=resp_recv_ud ts_ns=12048428 id=239 clt=2 wrkr=0 slot=10 size=41 src=worker:0 dst=client:2
event=hand_send ts_ns=12057075 id=239 clt=2 wrkr=0 slot=10 size=10 src=client:2 dst=worker:0
event=resp_rdma_read ts_ns=12140288 id=199 start_ns=9910873 dur_ns=2229415 clt=2 wrkr=5 slot=3 size=512008 src=worker:5 dst=client:2
event=req_send ts_ns=12140288 id=243 clt=2 wrkr=8 slot=8 size=17 src=client:2 dst=worker:8
event=resp_rdma_read ts_ns=12165158 id=201 start_ns=10000393 dur_ns=2164765 clt=2 wrkr=3 slot=3 size=512008 src=worker:3 dst=client:2
event=req_send ts_ns=12165158 id=245 clt=2 wrkr=11 slot=7 size=17 src=client:2 dst=worker:11
event=resp_recv_ud ts_ns=12206447 id=243 clt=2 wrkr=8 slot=8 size=41 src=worker:8 dst=client:2
event=hand_send ts_ns=12215094 id=243 clt=2 wrkr=8 slot=8 size=10 src=client:2 dst=worker:8
event=resp_recv_ud ts_ns=12231192 id=245 clt=2 wrkr=11 slot=7 size=41 src=worker:11 dst=client:2
event=hand_send ts_ns=12239839 id=245 clt=2 wrkr=11 slot=7 size=10 src=client:2 dst=worker:11
event=resp_rdma_read ts_ns=12707394 id=219 start_ns=11163105 dur_ns=1544289 clt=2 wrkr=0 slot=7 size=512008 src=worker:0 dst=client:2
event=req_send ts_ns=12707394 id=256 clt=2 wrkr=10 slot=7 size=17 src=client:2 dst=worker:10
event=resp_recv_ud ts_ns=12768508 id=256 clt=2 wrkr=10 slot=7 size=41 src=worker:10 dst=client:2
event=hand_send ts_ns=12777155 id=256 clt=2 wrkr=10 slot=7 size=10 src=client:2 dst=worker:10
event=resp_rdma_read ts_ns=12797476 id=221 start_ns=11329629 dur_ns=1467847 clt=2 wrkr=7 slot=5 size=512008 src=worker:7 dst=client:2
event=req_send ts_ns=12797476 id=257 clt=2 wrkr=7 slot=6 size=17 src=client:2 dst=worker:7
event=resp_recv_ud ts_ns=12845180 id=257 clt=2 wrkr=7 slot=6 size=41 src=worker:7 dst=client:2
event=hand_send ts_ns=12853827 id=257 clt=2 wrkr=7 slot=6 size=10 src=client:2 dst=worker:7
event=resp_rdma_read ts_ns=13062939 id=233 start_ns=11838058 dur_ns=1224881 clt=2 wrkr=0 slot=9 size=512008 src=worker:0 dst=client:2
event=req_send ts_ns=13062939 id=259 clt=2 wrkr=3 slot=4 size=17 src=client:2 dst=worker:3
event=resp_rdma_read ts_ns=13093548 id=224 start_ns=11484685 dur_ns=1608863 clt=2 wrkr=2 slot=6 size=512008 src=worker:2 dst=client:2
event=req_send ts_ns=13093548 id=261 clt=2 wrkr=4 slot=9 size=17 src=client:2 dst=worker:4
event=resp_recv_ud ts_ns=13122400 id=259 clt=2 wrkr=3 slot=4 size=41 src=worker:3 dst=client:2
event=hand_send ts_ns=13131047 id=259 clt=2 wrkr=3 slot=4 size=10 src=client:2 dst=worker:3
event=resp_recv_ud ts_ns=13152132 id=261 clt=2 wrkr=4 slot=9 size=41 src=worker:4 dst=client:2
event=hand_send ts_ns=13160779 id=261 clt=2 wrkr=4 slot=9 size=10 src=client:2 dst=worker:4
event=resp_rdma_read ts_ns=13333173 id=231 start_ns=11729490 dur_ns=1603683 clt=2 wrkr=0 slot=8 size=512008 src=worker:0 dst=client:2
event=req_send ts_ns=13333173 id=264 clt=2 wrkr=1 slot=7 size=17 src=client:2 dst=worker:1
event=resp_recv_ud ts_ns=13371628 id=264 clt=2 wrkr=1 slot=7 size=41 src=worker:1 dst=client:2
event=hand_send ts_ns=13380275 id=264 clt=2 wrkr=1 slot=7 size=10 src=client:2 dst=worker:1
event=resp_rdma_read ts_ns=13492698 id=230 start_ns=11716209 dur_ns=1776489 clt=2 wrkr=6 slot=8 size=512008 src=worker:6 dst=client:2
event=req_send ts_ns=13492698 id=267 clt=2 wrkr=2 slot=7 size=17 src=client:2 dst=worker:2
event=resp_rdma_read ts_ns=13512836 id=229 start_ns=11712702 dur_ns=1800134 clt=2 wrkr=10 slot=6 size=512008 src=worker:10 dst=client:2
event=req_send ts_ns=13512836 id=268 clt=2 wrkr=0 slot=11 size=17 src=client:2 dst=worker:0
event=resp_recv_ud ts_ns=13552470 id=267 clt=2 wrkr=2 slot=7 size=41 src=worker:2 dst=client:2
event=hand_send ts_ns=13561117 id=267 clt=2 wrkr=2 slot=7 size=10 src=client:2 dst=worker:2
event=resp_rdma_read ts_ns=13563269 id=239 start_ns=12057075 dur_ns=1506194 clt=2 wrkr=0 slot=10 size=512008 src=worker:0 dst=client:2
event=req_send ts_ns=13563269 id=270 clt=2 wrkr=2 slot=8 size=17 src=client:2 dst=worker:2
event=resp_recv_ud ts_ns=13570479 id=268 clt=2 wrkr=0 slot=11 size=41 src=worker:0 dst=client:2
event=hand_send ts_ns=13579126 id=268 clt=2 wrkr=0 slot=11 size=10 src=client:2 dst=worker:0
event=resp_recv_ud ts_ns=13622600 id=270 clt=2 wrkr=2 slot=8 size=41 src=worker:2 dst=client:2
event=hand_send ts_ns=13631247 id=270 clt=2 wrkr=2 slot=8 size=10 src=client:2 dst=worker:2
event=resp_rdma_read ts_ns=13733855 id=236 start_ns=11957420 dur_ns=1776435 clt=2 wrkr=8 slot=6 size=512008 src=worker:8 dst=client:2
event=req_send ts_ns=13733855 id=271 clt=2 wrkr=8 slot=9 size=17 src=client:2 dst=worker:8
event=resp_recv_ud ts_ns=13770972 id=271 clt=2 wrkr=8 slot=9 size=41 src=worker:8 dst=client:2
event=hand_send ts_ns=13779619 id=271 clt=2 wrkr=8 slot=9 size=10 src=client:2 dst=worker:8
event=resp_rdma_read ts_ns=14017042 id=238 start_ns=12036287 dur_ns=1980755 clt=2 wrkr=8 slot=7 size=512008 src=worker:8 dst=client:2
event=req_send ts_ns=14017042 id=275 clt=2 wrkr=1 slot=8 size=17 src=client:2 dst=worker:1
event=resp_recv_ud ts_ns=14068433 id=275 clt=2 wrkr=1 slot=8 size=41 src=worker:1 dst=client:2
event=hand_send ts_ns=14077080 id=275 clt=2 wrkr=1 slot=8 size=10 src=client:2 dst=worker:1
event=resp_rdma_read ts_ns=14151906 id=257 start_ns=12853827 dur_ns=1298079 clt=2 wrkr=7 slot=6 size=512008 src=worker:7 dst=client:2
event=req_send ts_ns=14151906 id=277 clt=2 wrkr=2 slot=9 size=17 src=client:2 dst=worker:2
event=resp_recv_ud ts_ns=14202525 id=277 clt=2 wrkr=2 slot=9 size=41 src=worker:2 dst=client:2
event=hand_send ts_ns=14211172 id=277 clt=2 wrkr=2 slot=9 size=10 src=client:2 dst=worker:2
event=resp_rdma_read ts_ns=14468371 id=256 start_ns=12777155 dur_ns=1691216 clt=2 wrkr=10 slot=7 size=512008 src=worker:10 dst=client:2
event=req_send ts_ns=14468371 id=286 clt=2 wrkr=1 slot=9 size=17 src=client:2 dst=worker:1
event=resp_rdma_read ts_ns=14510430 id=245 start_ns=12239839 dur_ns=2270591 clt=2 wrkr=11 slot=7 size=512008 src=worker:11 dst=client:2
event=req_send ts_ns=14510430 id=289 clt=2 wrkr=1 slot=10 size=17 src=client:2 dst=worker:1
event=resp_recv_ud ts_ns=14527403 id=286 clt=2 wrkr=1 slot=9 size=41 src=worker:1 dst=client:2
event=hand_send ts_ns=14536050 id=286 clt=2 wrkr=1 slot=9 size=10 src=client:2 dst=worker:1
event=resp_recv_ud ts_ns=14570803 id=289 clt=2 wrkr=1 slot=10 size=41 src=worker:1 dst=client:2
event=hand_send ts_ns=14579450 id=289 clt=2 wrkr=1 slot=10 size=10 src=client:2 dst=worker:1
event=resp_rdma_read ts_ns=14604058 id=243 start_ns=12215094 dur_ns=2388964 clt=2 wrkr=8 slot=8 size=512008 src=worker:8 dst=client:2
event=req_send ts_ns=14604058 id=293 clt=2 wrkr=8 slot=10 size=17 src=client:2 dst=worker:8
event=resp_recv_ud ts_ns=14668121 id=293 clt=2 wrkr=8 slot=10 size=41 src=worker:8 dst=client:2
event=resp_rdma_read ts_ns=14671915 id=261 start_ns=13160779 dur_ns=1511136 clt=2 wrkr=4 slot=9 size=512008 src=worker:4 dst=client:2
event=req_send ts_ns=14671915 id=295 clt=2 wrkr=10 slot=8 size=17 src=client:2 dst=worker:10
event=hand_send ts_ns=14676768 id=293 clt=2 wrkr=8 slot=10 size=10 src=client:2 dst=worker:8
event=resp_recv_ud ts_ns=14738416 id=295 clt=2 wrkr=10 slot=8 size=41 src=worker:10 dst=client:2
event=hand_send ts_ns=14747063 id=295 clt=2 wrkr=10 slot=8 size=10 src=client:2 dst=worker:10
event=resp_rdma_read ts_ns=14753560 id=259 start_ns=13131047 dur_ns=1622513 clt=2 wrkr=3 slot=4 size=512008 src=worker:3 dst=client:2
event=req_send ts_ns=14753560 id=297 clt=2 wrkr=3 slot=5 size=17 src=client:2 dst=worker:3
event=resp_recv_ud ts_ns=14818989 id=297 clt=2 wrkr=3 slot=5 size=41 src=worker:3 dst=client:2
event=hand_send ts_ns=14827636 id=297 clt=2 wrkr=3 slot=5 size=10 src=client:2 dst=worker:3
event=resp_rdma_read ts_ns=14944575 id=264 start_ns=13380275 dur_ns=1564300 clt=2 wrkr=1 slot=7 size=512008 src=worker:1 dst=client:2
event=req_send ts_ns=14944575 id=298 clt=2 wrkr=3 slot=6 size=17 src=client:2 dst=worker:3
event=resp_recv_ud ts_ns=14987831 id=298 clt=2 wrkr=3 slot=6 size=41 src=worker:3 dst=client:2
event=resp_rdma_read ts_ns=14992945 id=270 start_ns=13631247 dur_ns=1361698 clt=2 wrkr=2 slot=8 size=512008 src=worker:2 dst=client:2
event=req_send ts_ns=14992945 id=300 clt=2 wrkr=10 slot=9 size=17 src=client:2 dst=worker:10
event=hand_send ts_ns=14996478 id=298 clt=2 wrkr=3 slot=6 size=10 src=client:2 dst=worker:3
event=resp_recv_ud ts_ns=15040721 id=300 clt=2 wrkr=10 slot=9 size=41 src=worker:10 dst=client:2
event=hand_send ts_ns=15049368 id=300 clt=2 wrkr=10 slot=9 size=10 src=client:2 dst=worker:10
event=resp_rdma_read ts_ns=15234667 id=267 start_ns=13561117 dur_ns=1673550 clt=2 wrkr=2 slot=7 size=512008 src=worker:2 dst=client:2
event=req_send ts_ns=15234667 id=302 clt=2 wrkr=4 slot=10 size=17 src=client:2 dst=worker:4
event=resp_recv_ud ts_ns=15274520 id=302 clt=2 wrkr=4 slot=10 size=41 src=worker:4 dst=client:2
event=hand_send ts_ns=15283167 id=302 clt=2 wrkr=4 slot=10 size=10 src=client:2 dst=worker:4
event=resp_rdma_read ts_ns=15304699 id=271 start_ns=13779619 dur_ns=1525080 clt=2 wrkr=8 slot=9 size=512008 src=worker:8 dst=client:2
event=req_send ts_ns=15304699 id=306 clt=2 wrkr=1 slot=11 size=17 src=client:2 dst=worker:1
event=resp_rdma_read ts_ns=15338236 id=268 start_ns=13579126 dur_ns=1759110 clt=2 wrkr=0 slot=11 size=512008 src=worker:0 dst=client:2
event=req_send ts_ns=15338236 id=307 clt=2 wrkr=3 slot=7 size=17 src=client:2 dst=worker:3
event=resp_recv_ud ts_ns=15365562 id=306 clt=2 wrkr=1 slot=11 size=41 src=worker:1 dst=client:2
event=hand_send ts_ns=15374209 id=306 clt=2 wrkr=1 slot=11 size=10 src=client:2 dst=worker:1
event=resp_recv_ud ts_ns=15397241 id=307 clt=2 wrkr=3 slot=7 size=41 src=worker:3 dst=client:2
event=hand_send ts_ns=15405888 id=307 clt=2 wrkr=3 slot=7 size=10 src=client:2 dst=worker:3
event=resp_rdma_read ts_ns=15488971 id=275 start_ns=14077080 dur_ns=1411891 clt=2 wrkr=1 slot=8 size=512008 src=worker:1 dst=client:2
event=req_send ts_ns=15488971 id=309 clt=2 wrkr=6 slot=9 size=17 src=client:2 dst=worker:6
event=resp_recv_ud ts_ns=15527136 id=309 clt=2 wrkr=6 slot=9 size=41 src=worker:6 dst=client:2
event=hand_send ts_ns=15535783 id=309 clt=2 wrkr=6 slot=9 size=10 src=client:2 dst=worker:6
event=resp_rdma_read ts_ns=15594846 id=277 start_ns=14211172 dur_ns=1383674 clt=2 wrkr=2 slot=9 size=512008 src=worker:2 dst=client:2
event=req_send ts_ns=15594846 id=310 clt=2 wrkr=11 slot=8 size=17 src=client:2 dst=worker:11
event=resp_recv_ud ts_ns=15634290 id=310 clt=2 wrkr=11 slot=8 size=41 src=worker:11 dst=client:2
event=hand_send ts_ns=15642937 id=310 clt=2 wrkr=11 slot=8 size=10 src=client:2 dst=worker:11
event=resp_rdma_read ts_ns=16166422 id=293 start_ns=14676768 dur_ns=1489654 clt=2 wrkr=8 slot=10 size=512008 src=worker:8 dst=client:2
event=req_send ts_ns=16166422 id=318 clt=2 wrkr=6 slot=10 size=17 src=client:2 dst=worker:6
event=resp_recv_ud ts_ns=16224878 id=318 clt=2 wrkr=6 slot=10 size=41 src=worker:6 dst=client:2
event=hand_send ts_ns=16233525 id=318 clt=2 wrkr=6 slot=10 size=10 src=client:2 dst=worker:6
event=resp_rdma_read ts_ns=16443813 id=286 start_ns=14536050 dur_ns=1907763 clt=2 wrkr=1 slot=9 size=512008 src=worker:1 dst=client:2
event=req_send ts_ns=16443813 id=325 clt=2 wrkr=7 slot=7 size=17 src=client:2 dst=worker:7
event=resp_rdma_read ts_ns=16475541 id=297 start_ns=14827636 dur_ns=1647905 clt=2 wrkr=3 slot=5 size=512008 src=worker:3 dst=client:2
event=req_send ts_ns=16475541 id=326 clt=2 wrkr=7 slot=8 size=17 src=client:2 dst=worker:7
event=resp_recv_ud ts_ns=16503208 id=325 clt=2 wrkr=7 slot=7 size=41 src=worker:7 dst=client:2
event=hand_send ts_ns=16511855 id=325 clt=2 wrkr=7 slot=7 size=10 src=client:2 dst=worker:7
event=resp_recv_ud ts_ns=16535625 id=326 clt=2 wrkr=7 slot=8 size=41 src=worker:7 dst=client:2
event=hand_send ts_ns=16544272 id=326 clt=2 wrkr=7 slot=8 size=10 src=client:2 dst=worker:7
event=resp_rdma_read ts_ns=16571117 id=289 start_ns=14579450 dur_ns=1991667 clt=2 wrkr=1 slot=10 size=512008 src=worker:1 dst=client:2
event=req_send ts_ns=16571117 id=329 clt=2 wrkr=6 slot=11 size=17 src=client:2 dst=worker:6
event=resp_recv_ud ts_ns=16632551 id=329 clt=2 wrkr=6 slot=11 size=41 src=worker:6 dst=client:2
event=hand_send ts_ns=16641198 id=329 clt=2 wrkr=6 slot=11 size=10 src=client:2 dst=worker:6
event=resp_rdma_read ts_ns=16738632 id=300 start_ns=15049368 dur_ns=1689264 clt=2 wrkr=10 slot=9 size=512008 src=worker:10 dst=client:2
event=req_send ts_ns=16738632 id=332 clt=2 wrkr=8 slot=11 size=17 src=client:2 dst=worker:8
event=resp_recv_ud ts_ns=16789043 id=332 clt=2 wrkr=8 slot=11 size=41 src=worker:8 dst=client:2
event=hand_send ts_ns=16797690 id=332 clt=2 wrkr=8 slot=11 size=10 src=client:2 dst=worker:8
event=resp_rdma_read ts_ns=16923180 id=298 start_ns=14996478 dur_ns=1926702 clt=2 wrkr=3 slot=6 size=512008 src=worker:3 dst=client:2
event=req_send ts_ns=16923180 id=335 clt=2 wrkr=5 slot=4 size=17 src=client:2 dst=worker:5
event=resp_rdma_read ts_ns=16949206 id=295 start_ns=14747063 dur_ns=2202143 clt=2 wrkr=10 slot=8 size=512008 src=worker:10 dst=client:2
event=req_send ts_ns=16949206 id=339 clt=2 wrkr=0 slot=0 size=17 src=client:2 dst=worker:0
event=resp_rdma_read ts_ns=16973353 id=306 start_ns=15374209 dur_ns=1599144 clt=2 wrkr=1 slot=11 size=512008 src=worker:1 dst=client:2
event=req_send ts_ns=16973353 id=340 clt=2 wrkr=11 slot=9 size=17 src=client:2 dst=worker:11
event=resp_recv_ud ts_ns=16987394 id=335 clt=2 wrkr=5 slot=4 size=41 src=worker:5 dst=client:2
event=hand_send ts_ns=16996041 id=335 clt=2 wrkr=5 slot=4 size=10 src=client:2 dst=worker:5
event=resp_recv_ud ts_ns=17013608 id=339 clt=2 wrkr=0 slot=0 size=41 src=worker:0 dst=client:2
event=hand_send ts_ns=17022255 id=339 clt=2 wrkr=0 slot=0 size=10 src=client:2 dst=worker:0
event=resp_rdma_read ts_ns=17031504 id=309 start_ns=15535783 dur_ns=1495721 clt=2 wrkr=6 slot=9 size=512008 src=worker:6 dst=client:2
event=req_send ts_ns=17031504 id=343 clt=2 wrkr=10 slot=10 size=17 src=client:2 dst=worker:10
event=resp_recv_ud ts_ns=17038144 id=340 clt=2 wrkr=11 slot=9 size=41 src=worker:11 dst=client:2
event=resp_rdma_read ts_ns=17043397 id=307 start_ns=15405888 dur_ns=1637509 clt=2 wrkr=3 slot=7 size=512008 src=worker:3 dst=client:2
event=req_send ts_ns=17043397 id=344 clt=2 wrkr=2 slot=10 size=17 src=client:2 dst=worker:2
event=resp_rdma_read ts_ns=17045214 id=302 start_ns=15283167 dur_ns=1762047 clt=2 wrkr=4 slot=10 size=512008 src=worker:4 dst=client:2
event=req_send ts_ns=17045214 id=345 clt=2 wrkr=11 slot=10 size=17 src=client:2 dst=worker:11
event=hand_send ts_ns=17046791 id=340 clt=2 wrkr=11 slot=9 size=10 src=client:2 dst=worker:11
event=resp_recv_ud ts_ns=17095940 id=343 clt=2 wrkr=10 slot=10 size=41 src=worker:10 dst=client:2
event=hand_send ts_ns=17104587 id=343 clt=2 wrkr=10 slot=10 size=10 src=client:2 dst=worker:10
event=resp_recv_ud ts_ns=17108123 id=344 clt=2 wrkr=2 slot=10 size=41 src=worker:2 dst=client:2
event=resp_recv_ud ts_ns=17109271 id=345 clt=2 wrkr=11 slot=10 size=41 src=worker:11 dst=client:2
event=hand_send ts_ns=17116770 id=344 clt=2 wrkr=2 slot=10 size=10 src=client:2 dst=worker:2
event=hand_send ts_ns=17117918 id=345 clt=2 wrkr=11 slot=10 size=10 src=client:2 dst=worker:11
event=resp_rdma_read ts_ns=17364693 id=310 start_ns=15642937 dur_ns=1721756 clt=2 wrkr=11 slot=8 size=512008 src=worker:11 dst=client:2
event=req_send ts_ns=17364693 id=348 clt=2 wrkr=0 slot=1 size=17 src=client:2 dst=worker:0
event=resp_recv_ud ts_ns=17406624 id=348 clt=2 wrkr=0 slot=1 size=41 src=worker:0 dst=client:2
event=hand_send ts_ns=17415271 id=348 clt=2 wrkr=0 slot=1 size=10 src=client:2 dst=worker:0
event=resp_rdma_read ts_ns=17930969 id=318 start_ns=16233525 dur_ns=1697444 clt=2 wrkr=6 slot=10 size=512008 src=worker:6 dst=client:2
event=req_send ts_ns=17930969 id=354 clt=2 wrkr=2 slot=11 size=17 src=client:2 dst=worker:2
event=resp_recv_ud ts_ns=17988708 id=354 clt=2 wrkr=2 slot=11 size=41 src=worker:2 dst=client:2
event=hand_send ts_ns=17997355 id=354 clt=2 wrkr=2 slot=11 size=10 src=client:2 dst=worker:2
event=resp_rdma_read ts_ns=18104644 id=329 start_ns=16641198 dur_ns=1463446 clt=2 wrkr=6 slot=11 size=512008 src=worker:6 dst=client:2
event=req_send ts_ns=18104644 id=358 clt=2 wrkr=1 slot=0 size=17 src=client:2 dst=worker:1
event=resp_recv_ud ts_ns=18160376 id=358 clt=2 wrkr=1 slot=0 size=41 src=worker:1 dst=client:2
event=hand_send ts_ns=18169023 id=358 clt=2 wrkr=1 slot=0 size=10 src=client:2 dst=worker:1
event=resp_rdma_read ts_ns=18397551 id=325 start_ns=16511855 dur_ns=1885696 clt=2 wrkr=7 slot=7 size=512008 src=worker:7 dst=client:2
event=req_send ts_ns=18397551 id=364 clt=2 wrkr=0 slot=2 size=17 src=client:2 dst=worker:0
event=resp_rdma_read ts_ns=18436056 id=326 start_ns=16544272 dur_ns=1891784 clt=2 wrkr=7 slot=8 size=512008 src=worker:7 dst=client:2
event=req_send ts_ns=18436056 id=365 clt=2 wrkr=7 slot=9 size=17 src=client:2 dst=worker:7
event=resp_recv_ud ts_ns=18443766 id=364 clt=2 wrkr=0 slot=2 size=41 src=worker:0 dst=client:2
event=hand_send ts_ns=18452413 id=364 clt=2 wrkr=0 slot=2 size=10 src=client:2 dst=worker:0
event=resp_recv_ud ts_ns=18493556 id=365 clt=2 wrkr=7 slot=9 size=41 src=worker:7 dst=client:2
event=hand_send ts_ns=18502203 id=365 clt=2 wrkr=7 slot=9 size=10 src=client:2 dst=worker:7
event=resp_rdma_read ts_ns=18759476 id=332 start_ns=16797690 dur_ns=1961786 clt=2 wrkr=8 slot=11 size=512008 src=worker:8 dst=client:2
event=req_send ts_ns=18759476 id=369 clt=2 wrkr=5 slot=5 size=17 src=client:2 dst=worker:5
event=resp_recv_ud ts_ns=18802676 id=369 clt=2 wrkr=5 slot=5 size=41 src=worker:5 dst=client:2
event=hand_send ts_ns=18811323 id=369 clt=2 wrkr=5 slot=5 size=10 src=client:2 dst=worker:5
event=resp_rdma_read ts_ns=18901961 id=339 start_ns=17022255 dur_ns=1879706 clt=2 wrkr=0 slot=0 size=512008 src=worker:0 dst=client:2
event=req_send ts_ns=18901961 id=371 clt=2 wrkr=5 slot=6 size=17 src=client:2 dst=worker:5
event=resp_rdma_read ts_ns=18927941 id=335 start_ns=16996041 dur_ns=1931900 clt=2 wrkr=5 slot=4 size=512008 src=worker:5 dst=client:2
event=req_send ts_ns=18927941 id=374 clt=2 wrkr=5 slot=7 size=17 src=client:2 dst=worker:5
event=resp_recv_ud ts_ns=18962086 id=371 clt=2 wrkr=5 slot=6 size=41 src=worker:5 dst=client:2
event=hand_send ts_ns=18970733 id=371 clt=2 wrkr=5 slot=6 size=10 src=client:2 dst=worker:5
event=resp_rdma_read ts_ns=18975177 id=343 start_ns=17104587 dur_ns=1870590 clt=2 wrkr=10 slot=10 size=512008 src=worker:10 dst=client:2
event=req_send ts_ns=18975177 id=377 clt=2 wrkr=4 slot=11 size=17 src=client:2 dst=worker:4
event=resp_recv_ud ts_ns=18987739 id=374 clt=2 wrkr=5 slot=7 size=41 src=worker:5 dst=client:2
event=resp_rdma_read ts_ns=18992005 id=340 start_ns=17046791 dur_ns=1945214 clt=2 wrkr=11 slot=9 size=512008 src=worker:11 dst=client:2
event=req_send ts_ns=18992005 id=379 clt=2 wrkr=6 slot=0 size=17 src=client:2 dst=worker:6
event=hand_send ts_ns=18996386 id=374 clt=2 wrkr=5 slot=7 size=10 src=client:2 dst=worker:5
event=resp_recv_ud ts_ns=19032548 id=377 clt=2 wrkr=4 slot=11 size=41 src=worker:4 dst=client:2
event=hand_send ts_ns=19041195 id=377 clt=2 wrkr=4 slot=11 size=10 src=client:2 dst=worker:4
event=resp_recv_ud ts_ns=19049840 id=379 clt=2 wrkr=6 slot=0 size=41 src=worker:6 dst=client:2
event=hand_send ts_ns=19058487 id=379 clt=2 wrkr=6 slot=0 size=10 src=client:2 dst=worker:6
event=resp_rdma_read ts_ns=19239251 id=348 start_ns=17415271 dur_ns=1823980 clt=2 wrkr=0 slot=1 size=512008 src=worker:0 dst=client:2
event=req_send ts_ns=19239251 id=385 clt=2 wrkr=3 slot=8 size=17 src=client:2 dst=worker:3
event=resp_rdma_read ts_ns=19256631 id=345 start_ns=17117918 dur_ns=2138713 clt=2 wrkr=11 slot=10 size=512008 src=worker:11 dst=client:2
event=req_send ts_ns=19256631 id=387 clt=2 wrkr=0 slot=3 size=17 src=client:2 dst=worker:0
event=resp_rdma_read ts_ns=19295604 id=344 start_ns=17116770 dur_ns=2178834 clt=2 wrkr=2 slot=10 size=512008 src=worker:2 dst=client:2
event=req_send ts_ns=19295604 id=388 clt=2 wrkr=10 slot=11 size=17 src=client:2 dst=worker:10
event=resp_recv_ud ts_ns=19303313 id=385 clt=2 wrkr=3 slot=8 size=41 src=worker:3 dst=client:2
event=hand_send ts_ns=19311960 id=385 clt=2 wrkr=3 slot=8 size=10 src=client:2 dst=worker:3
event=resp_recv_ud ts_ns=19320442 id=387 clt=2 wrkr=0 slot=3 size=41 src=worker:0 dst=client:2
event=hand_send ts_ns=19329089 id=387 clt=2 wrkr=0 slot=3 size=10 src=client:2 dst=worker:0
event=resp_recv_ud ts_ns=19359666 id=388 clt=2 wrkr=10 slot=11 size=41 src=worker:10 dst=client:2
event=hand_send ts_ns=19368313 id=388 clt=2 wrkr=10 slot=11 size=10 src=client:2 dst=worker:10
event=resp_rdma_read ts_ns=19607702 id=354 start_ns=17997355 dur_ns=1610347 clt=2 wrkr=2 slot=11 size=512008 src=worker:2 dst=client:2
event=req_send ts_ns=19607702 id=392 clt=2 wrkr=3 slot=9 size=17 src=client:2 dst=worker:3
event=resp_recv_ud ts_ns=19673520 id=392 clt=2 wrkr=3 slot=9 size=41 src=worker:3 dst=client:2
event=hand_send ts_ns=19682167 id=392 clt=2 wrkr=3 slot=9 size=10 src=client:2 dst=worker:3
event=resp_rdma_read ts_ns=19840581 id=358 start_ns=18169023 dur_ns=1671558 clt=2 wrkr=1 slot=0 size=512008 src=worker:1 dst=client:2
event=req_send ts_ns=19840581 id=396 clt=2 wrkr=0 slot=4 size=17 src=client:2 dst=worker:0
event=resp_recv_ud ts_ns=19895176 id=396 clt=2 wrkr=0 slot=4 size=41 src=worker:0 dst=client:2
event=hand_send ts_ns=19903823 id=396 clt=2 wrkr=0 slot=4 size=10 src=client:2 dst=worker:0
event=resp_rdma_read ts_ns=20123127 id=365 start_ns=18502203 dur_ns=1620924 clt=2 wrkr=7 slot=9 size=512008 src=worker:7 dst=client:2
event=req_send ts_ns=20123127 id=402 clt=2 wrkr=10 slot=0 size=17 src=client:2 dst=worker:10
event=resp_recv_ud ts_ns=20176241 id=402 clt=2 wrkr=10 slot=0 size=41 src=worker:10 dst=client:2
event=hand_send ts_ns=20184888 id=402 clt=2 wrkr=10 slot=0 size=10 src=client:2 dst=worker:10
event=resp_rdma_read ts_ns=20223162 id=369 start_ns=18811323 dur_ns=1411839 clt=2 wrkr=5 slot=5 size=512008 src=worker:5 dst=client:2
event=req_send ts_ns=20223162 id=403 clt=2 wrkr=9 slot=5 size=17 src=client:2 dst=worker:9
event=resp_rdma_read ts_ns=20267115 id=364 start_ns=18452413 dur_ns=1814702 clt=2 wrkr=0 slot=2 size=512008 src=worker:0 dst=client:2
event=req_send ts_ns=20267115 id=404 clt=2 wrkr=3 slot=10 size=17 src=client:2 dst=worker:3
event=resp_recv_ud ts_ns=20269690 id=403 clt=2 wrkr=9 slot=5 size=41 src=worker:9 dst=client:2
event=hand_send ts_ns=20278337 id=403 clt=2 wrkr=9 slot=5 size=10 src=client:2 dst=worker:9
event=resp_recv_ud ts_ns=20321654 id=404 clt=2 wrkr=3 slot=10 size=41 src=worker:3 dst=client:2
event=hand_send ts_ns=20330301 id=404 clt=2 wrkr=3 slot=10 size=10 src=client:2 dst=worker:3
event=resp_rdma_read ts_ns=20635013 id=371 start_ns=18970733 dur_ns=1664280 clt=2 wrkr=5 slot=6 size=512008 src=worker:5 dst=client:2
event=req_send ts_ns=20635013 id=409 clt=2 wrkr=1 slot=1 size=17 src=client:2 dst=worker:1
event=resp_recv_ud ts_ns=20696134 id=409 clt=2 wrkr=1 slot=1 size=41 src=worker:1 dst=client:2
event=hand_send ts_ns=20704781 id=409 clt=2 wrkr=1 slot=1 size=10 src=client:2 dst=worker:1
event=resp_rdma_read ts_ns=20727812 id=374 start_ns=18996386 dur_ns=1731426 clt=2 wrkr=5 slot=7 size=512008 src=worker:5 dst=client:2
event=req_send ts_ns=20727812 id=412 clt=2 wrkr=2 slot=0 size=17 src=client:2 dst=worker:2
event=resp_recv_ud ts_ns=20787488 id=412 clt=2 wrkr=2 slot=0 size=41 src=worker:2 dst=client:2
event=resp_rdma_read ts_ns=20794960 id=377 start_ns=19041195 dur_ns=1753765 clt=2 wrkr=4 slot=11 size=512008 src=worker:4 dst=client:2
event=req_send ts_ns=20794960 id=414 clt=2 wrkr=6 slot=1 size=17 src=client:2 dst=worker:6
event=hand_send ts_ns=20796135 id=412 clt=2 wrkr=2 slot=0 size=10 src=client:2 dst=worker:2
event=resp_recv_ud ts_ns=20853232 id=414 clt=2 wrkr=6 slot=1 size=41 src=worker:6 dst=client:2
event=hand_send ts_ns=20861879 id=414 clt=2 wrkr=6 slot=1 size=10 src=client:2 dst=worker:6
event=resp_rdma_read ts_ns=20905015 id=379 start_ns=19058487 dur_ns=1846528 clt=2 wrkr=6 slot=0 size=512008 src=worker:6 dst=client:2
event=req_send ts_ns=20905015 id=417 clt=2 wrkr=4 slot=0 size=17 src=client:2 dst=worker:4
event=resp_recv_ud ts_ns=20967134 id=417 clt=2 wrkr=4 slot=0 size=41 src=worker:4 dst=client:2
event=hand_send ts_ns=20975781 id=417 clt=2 wrkr=4 slot=0 size=10 src=client:2 dst=worker:4
event=resp_rdma_read ts_ns=21161756 id=392 start_ns=19682167 dur_ns=1479589 clt=2 wrkr=3 slot=9 size=512008 src=worker:3 dst=client:2
event=req_send ts_ns=21161756 id=421 clt=2 wrkr=5 slot=8 size=17 src=client:2 dst=worker:5
event=resp_recv_ud ts_ns=21211789 id=421 clt=2 wrkr=5 slot=8 size=41 src=worker:5 dst=client:2
event=hand_send ts_ns=21220436 id=421 clt=2 wrkr=5 slot=8 size=10 src=client:2 dst=worker:5
event=resp_rdma_read ts_ns=21317523 id=385 start_ns=19311960 dur_ns=2005563 clt=2 wrkr=3 slot=8 size=512008 src=worker:3 dst=client:2
event=req_send ts_ns=21317523 id=424 clt=2 wrkr=11 slot=11 size=17 src=client:2 dst=worker:11
event=resp_recv_ud ts_ns=21381191 id=424 clt=2 wrkr=11 slot=11 size=41 src=worker:11 dst=client:2
event=hand_send ts_ns=21389838 id=424 clt=2 wrkr=11 slot=11 size=10 src=client:2 dst=worker:11
event=resp_rdma_read ts_ns=21515258 id=402 start_ns=20184888 dur_ns=1330370 clt=2 wrkr=10 slot=0 size=512008 src=worker:10 dst=client:2
event=req_send ts_ns=21515258 id=430 clt=2 wrkr=5 slot=9 size=17 src=client:2 dst=worker:5
event=resp_rdma_read ts_ns=21518888 id=387 start_ns=19329089 dur_ns=2189799 clt=2 wrkr=0 slot=3 size=512008 src=worker:0 dst=client:2
event=req_send ts_ns=21518888 id=431 clt=2 wrkr=8 slot=0 size=17 src=client:2 dst=worker:8
event=resp_rdma_read ts_ns=21564030 id=396 start_ns=19903823 dur_ns=1660207 clt=2 wrkr=0 slot=4 size=512008 src=worker:0 dst=client:2
event=req_send ts_ns=21564030 id=433 clt=2 wrkr=6 slot=2 size=17 src=client:2 dst=worker:6
event=resp_recv_ud ts_ns=21574375 id=430 clt=2 wrkr=5 slot=9 size=41 src=worker:5 dst=client:2
event=resp_recv_ud ts_ns=21578656 id=431 clt=2 wrkr=8 slot=0 size=41 src=worker:8 dst=client:2
event=resp_rdma_read ts_ns=21579435 id=388 start_ns=19368313 dur_ns=2211122 clt=2 wrkr=10 slot=11 size=512008 src=worker:10 dst=client:2
event=req_send ts_ns=21579435 id=434 clt=2 wrkr=11 slot=0 size=17 src=client:2 dst=worker:11
event=hand_send ts_ns=21583022 id=430 clt=2 wrkr=5 slot=9 size=10 src=client:2 dst=worker:5
event=hand_send ts_ns=21587303 id=431 clt=2 wrkr=8 slot=0 size=10 src=client:2 dst=worker:8
event=resp_recv_ud ts_ns=21623985 id=433 clt=2 wrkr=6 slot=2 size=41 src=worker:6 dst=client:2
event=hand_send ts_ns=21632632 id=433 clt=2 wrkr=6 slot=2 size=10 src=client:2 dst=worker:6
event=resp_recv_ud ts_ns=21638319 id=434 clt=2 wrkr=11 slot=0 size=41 src=worker:11 dst=client:2
event=hand_send ts_ns=21646966 id=434 clt=2 wrkr=11 slot=0 size=10 src=client:2 dst=worker:11
event=resp_rdma_read ts_ns=21823498 id=404 start_ns=20330301 dur_ns=1493197 clt=2 wrkr=3 slot=10 size=512008 src=worker:3 dst=client:2
event=req_send ts_ns=21823498 id=437 clt=2 wrkr=10 slot=1 size=17 src=client:2 dst=worker:10
event=resp_recv_ud ts_ns=21866324 id=437 clt=2 wrkr=10 slot=1 size=41 src=worker:10 dst=client:2
event=hand_send ts_ns=21874971 id=437 clt=2 wrkr=10 slot=1 size=10 src=client:2 dst=worker:10
event=resp_rdma_read ts_ns=22123019 id=403 start_ns=20278337 dur_ns=1844682 clt=2 wrkr=9 slot=5 size=512008 src=worker:9 dst=client:2
event=req_send ts_ns=22123019 id=441 clt=2 wrkr=8 slot=1 size=17 src=client:2 dst=worker:8
event=resp_recv_ud ts_ns=22162278 id=441 clt=2 wrkr=8 slot=1 size=41 src=worker:8 dst=client:2
event=hand_send ts_ns=22170925 id=441 clt=2 wrkr=8 slot=1 size=10 src=client:2 dst=worker:8
event=resp_rdma_read ts_ns=22373591 id=412 start_ns=20796135 dur_ns=1577456 clt=2 wrkr=2 slot=0 size=512008 src=worker:2 dst=client:2
event=req_send ts_ns=22373591 id=447 clt=2 wrkr=10 slot=2 size=17 src=client:2 dst=worker:10
event=resp_recv_ud ts_ns=22432884 id=447 clt=2 wrkr=10 slot=2 size=41 src=worker:10 dst=client:2
event=hand_send ts_ns=22441531 id=447 clt=2 wrkr=10 slot=2 size=10 src=client:2 dst=worker:10
event=resp_rdma_read ts_ns=22459514 id=409 start_ns=20704781 dur_ns=1754733 clt=2 wrkr=1 slot=1 size=512008 src=worker:1 dst=client:2
event=req_send ts_ns=22459514 id=448 clt=2 wrkr=5 slot=10 size=17 src=client:2 dst=worker:5
event=resp_recv_ud ts_ns=22517778 id=448 clt=2 wrkr=5 slot=10 size=41 src=worker:5 dst=client:2
event=hand_send ts_ns=22526425 id=448 clt=2 wrkr=5 slot=10 size=10 src=client:2 dst=worker:5
event=resp_rdma_read ts_ns=22552745 id=421 start_ns=21220436 dur_ns=1332309 clt=2 wrkr=5 slot=8 size=512008 src=worker:5 dst=client:2
event=req_send ts_ns=22552745 id=450 clt=2 wrkr=4 slot=1 size=17 src=client:2 dst=worker:4
event=resp_rdma_read ts_ns=22594950 id=414 start_ns=20861879 dur_ns=1733071 clt=2 wrkr=6 slot=1 size=512008 src=worker:6 dst=client:2
event=req_send ts_ns=22594950 id=451 clt=2 wrkr=8 slot=2 size=17 src=client:2 dst=worker:8
event=resp_recv_ud ts_ns=22608796 id=450 clt=2 wrkr=4 slot=1 size=41 src=worker:4 dst=client:2
event=hand_send ts_ns=22617443 id=450 clt=2 wrkr=4 slot=1 size=10 src=client:2 dst=worker:4
event=resp_recv_ud ts_ns=22654664 id=451 clt=2 wrkr=8 slot=2 size=41 src=worker:8 dst=client:2
event=hand_send ts_ns=22663311 id=451 clt=2 wrkr=8 slot=2 size=10 src=client:2 dst=worker:8
event=resp_rdma_read ts_ns=22742473 id=417 start_ns=20975781 dur_ns=1766692 clt=2 wrkr=4 slot=0 size=512008 src=worker:4 dst=client:2
event=req_send ts_ns=22742473 id=453 clt=2 wrkr=10 slot=3 size=17 src=client:2 dst=worker:10
event=resp_recv_ud ts_ns=22800003 id=453 clt=2 wrkr=10 slot=3 size=41 src=worker:10 dst=client:2
event=hand_send ts_ns=22808650 id=453 clt=2 wrkr=10 slot=3 size=10 src=client:2 dst=worker:10
event=resp_rdma_read ts_ns=23105667 id=424 start_ns=21389838 dur_ns=1715829 clt=2 wrkr=11 slot=11 size=512008 src=worker:11 dst=client:2
event=req_send ts_ns=23105667 id=462 clt=2 wrkr=9 slot=6 size=17 src=client:2 dst=worker:9
event=resp_recv_ud ts_ns=23171687 id=462 clt=2 wrkr=9 slot=6 size=41 src=worker:9 dst=client:2
event=hand_send ts_ns=23180334 id=462 clt=2 wrkr=9 slot=6 size=10 src=client:2 dst=worker:9
event=resp_rdma_read ts_ns=23263854 id=434 start_ns=21646966 dur_ns=1616888 clt=2 wrkr=11 slot=0 size=512008 src=worker:11 dst=client:2
event=req_send ts_ns=23263854 id=467 clt=2 wrkr=7 slot=10 size=17 src=client:2 dst=worker:7
event=resp_rdma_read ts_ns=23304932 id=430 start_ns=21583022 dur_ns=1721910 clt=2 wrkr=5 slot=9 size=512008 src=worker:5 dst=client:2
event=req_send ts_ns=23304932 id=468 clt=2 wrkr=1 slot=2 size=17 src=client:2 dst=worker:1
event=resp_recv_ud ts_ns=23332163 id=467 clt=2 wrkr=7 slot=10 size=41 src=worker:7 dst=client:2
event=hand_send ts_ns=23340810 id=467 clt=2 wrkr=7 slot=10 size=10 src=client:2 dst=worker:7
event=resp_recv_ud ts_ns=23373953 id=468 clt=2 wrkr=1 slot=2 size=41 src=worker:1 dst=client:2
event=hand_send ts_ns=23382600 id=468 clt=2 wrkr=1 slot=2 size=10 src=client:2 dst=worker:1
event=resp_rdma_read ts_ns=23405816 id=431 start_ns=21587303 dur_ns=1818513 clt=2 wrkr=8 slot=0 size=512008 src=worker:8 dst=client:2
event=req_send ts_ns=23405816 id=470 clt=2 wrkr=5 slot=11 size=17 src=client:2 dst=worker:5
event=resp_rdma_read ts_ns=23439976 id=437 start_ns=21874971 dur_ns=1565005 clt=2 wrkr=10 slot=1 size=512008 src=worker:10 dst=client:2
event=req_send ts_ns=23439976 id=471 clt=2 wrkr=4 slot=2 size=17 src=client:2 dst=worker:4
event=resp_recv_ud ts_ns=23472443 id=470 clt=2 wrkr=5 slot=11 size=41 src=worker:5 dst=client:2
event=hand_send ts_ns=23481090 id=470 clt=2 wrkr=5 slot=11 size=10 src=client:2 dst=worker:5
event=resp_recv_ud ts_ns=23502736 id=471 clt=2 wrkr=4 slot=2 size=41 src=worker:4 dst=client:2
event=hand_send ts_ns=23511383 id=471 clt=2 wrkr=4 slot=2 size=10 src=client:2 dst=worker:4
event=resp_rdma_read ts_ns=23545485 id=433 start_ns=21632632 dur_ns=1912853 clt=2 wrkr=6 slot=2 size=512008 src=worker:6 dst=client:2
event=req_send ts_ns=23545485 id=474 clt=2 wrkr=5 slot=0 size=17 src=client:2 dst=worker:5
event=resp_recv_ud ts_ns=23613430 id=474 clt=2 wrkr=5 slot=0 size=41 src=worker:5 dst=client:2
event=hand_send ts_ns=23622077 id=474 clt=2 wrkr=5 slot=0 size=10 src=client:2 dst=worker:5
event=resp_rdma_read ts_ns=23924360 id=441 start_ns=22170925 dur_ns=1753435 clt=2 wrkr=8 slot=1 size=512008 src=worker:8 dst=client:2
event=req_send ts_ns=23924360 id=478 clt=2 wrkr=5 slot=1 size=17 src=client:2 dst=worker:5
event=resp_recv_ud ts_ns=23987306 id=478 clt=2 wrkr=5 slot=1 size=41 src=worker:5 dst=client:2
event=hand_send ts_ns=23995953 id=478 clt=2 wrkr=5 slot=1 size=10 src=client:2 dst=worker:5
event=resp_rdma_read ts_ns=24142196 id=447 start_ns=22441531 dur_ns=1700665 clt=2 wrkr=10 slot=2 size=512008 src=worker:10 dst=client:2
event=req_send ts_ns=24142196 id=484 clt=2 wrkr=7 slot=11 size=17 src=client:2 dst=worker:7
event=resp_recv_ud ts_ns=24194486 id=484 clt=2 wrkr=7 slot=11 size=41 src=worker:7 dst=client:2
event=hand_send ts_ns=24203133 id=484 clt=2 wrkr=7 slot=11 size=10 src=client:2 dst=worker:7
event=resp_rdma_read ts_ns=24244948 id=448 start_ns=22526425 dur_ns=1718523 clt=2 wrkr=5 slot=10 size=512008 src=worker:5 dst=client:2
event=req_send ts_ns=24244948 id=486 clt=2 wrkr=4 slot=3 size=17 src=client:2 dst=worker:4
event=resp_recv_ud ts_ns=24296880 id=486 clt=2 wrkr=4 slot=3 size=41 src=worker:4 dst=client:2
event=hand_send ts_ns=24305527 id=486 clt=2 wrkr=4 slot=3 size=10 src=client:2 dst=worker:4
event=resp_rdma_read ts_ns=24362166 id=450 start_ns=22617443 dur_ns=1744723 clt=2 wrkr=4 slot=1 size=512008 src=worker:4 dst=client:2
event=req_send ts_ns=24362166 id=488 clt=2 wrkr=11 slot=1 size=17 src=client:2 dst=worker:11
event=resp_recv_ud ts_ns=24415710 id=488 clt=2 wrkr=11 slot=1 size=41 src=worker:11 dst=client:2
event=hand_send ts_ns=24424357 id=488 clt=2 wrkr=11 slot=1 size=10 src=client:2 dst=worker:11
event=resp_rdma_read ts_ns=24424916 id=451 start_ns=22663311 dur_ns=1761605 clt=2 wrkr=8 slot=2 size=512008 src=worker:8 dst=client:2
event=req_send ts_ns=24424916 id=489 clt=2 wrkr=1 slot=3 size=17 src=client:2 dst=worker:1
event=resp_recv_ud ts_ns=24481848 id=489 clt=2 wrkr=1 slot=3 size=41 src=worker:1 dst=client:2
event=hand_send ts_ns=24490495 id=489 clt=2 wrkr=1 slot=3 size=10 src=client:2 dst=worker:1
event=resp_rdma_read ts_ns=24658272 id=453 start_ns=22808650 dur_ns=1849622 clt=2 wrkr=10 slot=3 size=512008 src=worker:10 dst=client:2
event=req_send ts_ns=24658272 id=492 clt=2 wrkr=0 slot=5 size=17 src=client:2 dst=worker:0
event=resp_recv_ud ts_ns=24716290 id=492 clt=2 wrkr=0 slot=5 size=41 src=worker:0 dst=client:2
event=hand_send ts_ns=24724937 id=492 clt=2 wrkr=0 slot=5 size=10 src=client:2 dst=worker:0
event=resp_rdma_read ts_ns=25252801 id=462 start_ns=23180334 dur_ns=2072467 clt=2 wrkr=9 slot=6 size=512008 src=worker:9 dst=client:2
event=req_send ts_ns=25252801 id=501 clt=2 wrkr=7 slot=0 size=17 src=client:2 dst=worker:7
event=resp_recv_ud ts_ns=25307837 id=501 clt=2 wrkr=7 slot=0 size=41 src=worker:7 dst=client:2
event=hand_send ts_ns=25316484 id=501 clt=2 wrkr=7 slot=0 size=10 src=client:2 dst=worker:7
event=resp_rdma_read ts_ns=25543669 id=484 start_ns=24203133 dur_ns=1340536 clt=2 wrkr=7 slot=11 size=512008 src=worker:7 dst=client:2
event=req_send ts_ns=25543669 id=503 clt=2 wrkr=10 slot=4 size=17 src=client:2 dst=worker:10
event=resp_recv_ud ts_ns=25580214 id=503 clt=2 wrkr=10 slot=4 size=41 src=worker:10 dst=client:2
event=hand_send ts_ns=25588861 id=503 clt=2 wrkr=10 slot=4 size=10 src=client:2 dst=worker:10
event=resp_rdma_read ts_ns=25686572 id=478 start_ns=23995953 dur_ns=1690619 clt=2 wrkr=5 slot=1 size=512008 src=worker:5 dst=client:2
event=req_send ts_ns=25686572 id=506 clt=2 wrkr=9 slot=7 size=17 src=client:2 dst=worker:9
event=resp_recv_ud ts_ns=25740402 id=506 clt=2 wrkr=9 slot=7 size=41 src=worker:9 dst=client:2
event=hand_send ts_ns=25749049 id=506 clt=2 wrkr=9 slot=7 size=10 src=client:2 dst=worker:9
event=resp_rdma_read ts_ns=25835420 id=468 start_ns=23382600 dur_ns=2452820 clt=2 wrkr=1 slot=2 size=512008 src=worker:1 dst=client:2
event=req_send ts_ns=25835420 id=510 clt=2 wrkr=11 slot=2 size=17 src=client:2 dst=worker:11
event=resp_rdma_read ts_ns=25845770 id=467 start_ns=23340810 dur_ns=2504960 clt=2 wrkr=7 slot=10 size=512008 src=worker:7 dst=client:2
event=req_send ts_ns=25845770 id=512 clt=2 wrkr=4 slot=4 size=17 src=client:2 dst=worker:4
event=resp_rdma_read ts_ns=25850257 id=488 start_ns=24424357 dur_ns=1425900 clt=2 wrkr=11 slot=1 size=512008 src=worker:11 dst=client:2
event=req_send ts_ns=25850257 id=513 clt=2 wrkr=7 slot=1 size=17 src=client:2 dst=worker:7
event=resp_recv_ud ts_ns=25889828 id=510 clt=2 wrkr=11 slot=2 size=41 src=worker:11 dst=client:2
event=hand_send ts_ns=25898475 id=510 clt=2 wrkr=11 slot=2 size=10 src=client:2 dst=worker:11
event=resp_recv_ud ts_ns=25904889 id=512 clt=2 wrkr=4 slot=4 size=41 src=worker:4 dst=client:2
event=resp_rdma_read ts_ns=25907235 id=474 start_ns=23622077 dur_ns=2285158 clt=2 wrkr=5 slot=0 size=512008 src=worker:5 dst=client:2
event=req_send ts_ns=25907235 id=516 clt=2 wrkr=2 slot=1 size=17 src=client:2 dst=worker:2
event=resp_recv_ud ts_ns=25909684 id=513 clt=2 wrkr=7 slot=1 size=41 src=worker:7 dst=client:2
event=hand_send ts_ns=25913536 id=512 clt=2 wrkr=4 slot=4 size=10 src=client:2 dst=worker:4
event=hand_send ts_ns=25918331 id=513 clt=2 wrkr=7 slot=1 size=10 src=client:2 dst=worker:7
event=resp_recv_ud ts_ns=25967697 id=516 clt=2 wrkr=2 slot=1 size=41 src=worker:2 dst=client:2
event=hand_send ts_ns=25976344 id=516 clt=2 wrkr=2 slot=1 size=10 src=client:2 dst=worker:2
event=resp_rdma_read ts_ns=25992488 id=489 start_ns=24490495 dur_ns=1501993 clt=2 wrkr=1 slot=3 size=512008 src=worker:1 dst=client:2
event=req_send ts_ns=25992488 id=519 clt=2 wrkr=7 slot=2 size=17 src=client:2 dst=worker:7
event=resp_rdma_read ts_ns=26022043 id=486 start_ns=24305527 dur_ns=1716516 clt=2 wrkr=4 slot=3 size=512008 src=worker:4 dst=client:2
event=req_send ts_ns=26022043 id=520 clt=2 wrkr=3 slot=11 size=17 src=client:2 dst=worker:3
event=resp_rdma_read ts_ns=26042040 id=471 start_ns=23511383 dur_ns=2530657 clt=2 wrkr=4 slot=2 size=512008 src=worker:4 dst=client:2
event=req_send ts_ns=26042040 id=521 clt=2 wrkr=3 slot=0 size=17 src=client:2 dst=worker:3
event=resp_recv_ud ts_ns=26055167 id=519 clt=2 wrkr=7 slot=2 size=41 src=worker:7 dst=client:2
event=hand_send ts_ns=26063814 id=519 clt=2 wrkr=7 slot=2 size=10 src=client:2 dst=worker:7
event=resp_recv_ud ts_ns=26086533 id=520 clt=2 wrkr=3 slot=11 size=41 src=worker:3 dst=client:2
event=hand_send ts_ns=26095180 id=520 clt=2 wrkr=3 slot=11 size=10 src=client:2 dst=worker:3
event=resp_recv_ud ts_ns=26106853 id=521 clt=2 wrkr=3 slot=0 size=41 src=worker:3 dst=client:2
event=hand_send ts_ns=26115500 id=521 clt=2 wrkr=3 slot=0 size=10 src=client:2 dst=worker:3
event=resp_rdma_read ts_ns=26132537 id=470 start_ns=23481090 dur_ns=2651447 clt=2 wrkr=5 slot=11 size=512008 src=worker:5 dst=client:2
event=req_send ts_ns=26132537 id=523 clt=2 wrkr=3 slot=1 size=17 src=client:2 dst=worker:3
event=resp_rdma_read ts_ns=26145671 id=492 start_ns=24724937 dur_ns=1420734 clt=2 wrkr=0 slot=5 size=512008 src=worker:0 dst=client:2
event=req_send ts_ns=26145671 id=525 clt=2 wrkr=2 slot=2 size=17 src=client:2 dst=worker:2
event=resp_recv_ud ts_ns=26199975 id=523 clt=2 wrkr=3 slot=1 size=41 src=worker:3 dst=client:2
event=hand_send ts_ns=26208622 id=523 clt=2 wrkr=3 slot=1 size=10 src=client:2 dst=worker:3
event=resp_recv_ud ts_ns=26212843 id=525 clt=2 wrkr=2 slot=2 size=41 src=worker:2 dst=client:2
event=hand_send ts_ns=26221490 id=525 clt=2 wrkr=2 slot=2 size=10 src=client:2 dst=worker:2
event=resp_rdma_read ts_ns=26755911 id=501 start_ns=25316484 dur_ns=1439427 clt=2 wrkr=7 slot=0 size=512008 src=worker:7 dst=client:2
event=req_send ts_ns=26755911 id=534 clt=2 wrkr=3 slot=2 size=17 src=client:2 dst=worker:3
event=resp_recv_ud ts_ns=26821580 id=534 clt=2 wrkr=3 slot=2 size=41 src=worker:3 dst=client:2
event=hand_send ts_ns=26830227 id=534 clt=2 wrkr=3 slot=2 size=10 src=client:2 dst=worker:3
event=resp_rdma_read ts_ns=27275090 id=503 start_ns=25588861 dur_ns=1686229 clt=2 wrkr=10 slot=4 size=512008 src=worker:10 dst=client:2
event=req_send ts_ns=27275090 id=540 clt=2 wrkr=11 slot=3 size=17 src=client:2 dst=worker:11
event=resp_recv_ud ts_ns=27328822 id=540 clt=2 wrkr=11 slot=3 size=41 src=worker:11 dst=client:2
event=hand_send ts_ns=27337469 id=540 clt=2 wrkr=11 slot=3 size=10 src=client:2 dst=worker:11
event=resp_rdma_read ts_ns=27412756 id=506 start_ns=25749049 dur_ns=1663707 clt=2 wrkr=9 slot=7 size=512008 src=worker:9 dst=client:2
event=req_send ts_ns=27412756 id=542 clt=2 wrkr=7 slot=3 size=17 src=client:2 dst=worker:7
event=resp_recv_ud ts_ns=27459781 id=542 clt=2 wrkr=7 slot=3 size=41 src=worker:7 dst=client:2
event=hand_send ts_ns=27468428 id=542 clt=2 wrkr=7 slot=3 size=10 src=client:2 dst=worker:7
event=resp_rdma_read ts_ns=27698018 id=510 start_ns=25898475 dur_ns=1799543 clt=2 wrkr=11 slot=2 size=512008 src=worker:11 dst=client:2
event=req_send ts_ns=27698018 id=546 clt=2 wrkr=10 slot=5 size=17 src=client:2 dst=worker:10
event=resp_recv_ud ts_ns=27752491 id=546 clt=2 wrkr=10 slot=5 size=41 src=worker:10 dst=client:2
event=hand_send ts_ns=27761138 id=546 clt=2 wrkr=10 slot=5 size=10 src=client:2 dst=worker:10
event=resp_rdma_read ts_ns=27805728 id=512 start_ns=25913536 dur_ns=1892192 clt=2 wrkr=4 slot=4 size=512008 src=worker:4 dst=client:2
event=req_send ts_ns=27805728 id=549 clt=2 wrkr=11 slot=4 size=17 src=client:2 dst=worker:11
event=resp_rdma_read ts_ns=27824077 id=513 start_ns=25918331 dur_ns=1905746 clt=2 wrkr=7 slot=1 size=512008 src=worker:7 dst=client:2
event=req_send ts_ns=27824077 id=550 clt=2 wrkr=4 slot=5 size=17 src=client:2 dst=worker:4
event=resp_recv_ud ts_ns=27863603 id=549 clt=2 wrkr=11 slot=4 size=41 src=worker:11 dst=client:2
event=hand_send ts_ns=27872250 id=549 clt=2 wrkr=11 slot=4 size=10 src=client:2 dst=worker:11
event=resp_rdma_read ts_ns=27875239 id=516 start_ns=25976344 dur_ns=1898895 clt=2 wrkr=2 slot=1 size=512008 src=worker:2 dst=client:2
event=req_send ts_ns=27875239 id=552 clt=2 wrkr=7 slot=4 size=17 src=client:2 dst=worker:7
event=resp_recv_ud ts_ns=27877160 id=550 clt=2 wrkr=4 slot=5 size=41 src=worker:4 dst=client:2
event=hand_send ts_ns=27885807 id=550 clt=2 wrkr=4 slot=5 size=10 src=client:2 dst=worker:4
event=resp_recv_ud ts_ns=27933000 id=552 clt=2 wrkr=7 slot=4 size=41 src=worker:7 dst=client:2
event=hand_send ts_ns=27941647 id=552 clt=2 wrkr=7 slot=4 size=10 src=client:2 dst=worker:7
event=resp_rdma_read ts_ns=28127774 id=523 start_ns=26208622 dur_ns=1919152 clt=2 wrkr=3 slot=1 size=512008 src=worker:3 dst=client:2
event=req_send ts_ns=28127774 id=556 clt=2 wrkr=1 slot=4 size=17 src=client:2 dst=worker:1
event=resp_recv_ud ts_ns=28189767 id=556 clt=2 wrkr=1 slot=4 size=41 src=worker:1 dst=client:2
event=resp_rdma_read ts_ns=28194704 id=520 start_ns=26095180 dur_ns=2099524 clt=2 wrkr=3 slot=11 size=512008 src=worker:3 dst=client:2
event=req_send ts_ns=28194704 id=557 clt=2 wrkr=9 slot=8 size=17 src=client:2 dst=worker:9
event=hand_send ts_ns=28198414 id=556 clt=2 wrkr=1 slot=4 size=10 src=client:2 dst=worker:1
event=resp_rdma_read ts_ns=28228936 id=519 start_ns=26063814 dur_ns=2165122 clt=2 wrkr=7 slot=2 size=512008 src=worker:7 dst=client:2
event=req_send ts_ns=28228936 id=558 clt=2 wrkr=4 slot=6 size=17 src=client:2 dst=worker:4
event=resp_recv_ud ts_ns=28256309 id=557 clt=2 wrkr=9 slot=8 size=41 src=worker:9 dst=client:2
event=hand_send ts_ns=28264956 id=557 clt=2 wrkr=9 slot=8 size=10 src=client:2 dst=worker:9
event=resp_recv_ud ts_ns=28291107 id=558 clt=2 wrkr=4 slot=6 size=41 src=worker:4 dst=client:2
event=hand_send ts_ns=28299754 id=558 clt=2 wrkr=4 slot=6 size=10 src=client:2 dst=worker:4
event=resp_rdma_read ts_ns=28365688 id=521 start_ns=26115500 dur_ns=2250188 clt=2 wrkr=3 slot=0 size=512008 src=worker:3 dst=client:2
event=req_send ts_ns=28365688 id=559 clt=2 wrkr=7 slot=5 size=17 src=client:2 dst=worker:7
event=resp_recv_ud ts_ns=28410698 id=559 clt=2 wrkr=7 slot=5 size=41 src=worker:7 dst=client:2
event=hand_send ts_ns=28419345 id=559 clt=2 wrkr=7 slot=5 size=10 src=client:2 dst=worker:7
event=resp_rdma_read ts_ns=28526220 id=534 start_ns=26830227 dur_ns=1695993 clt=2 wrkr=3 slot=2 size=512008 src=worker:3 dst=client:2
event=req_send ts_ns=28526220 id=563 clt=2 wrkr=1 slot=5 size=17 src=client:2 dst=worker:1
event=resp_rdma_read ts_ns=28547375 id=525 start_ns=26221490 dur_ns=2325885 clt=2 wrkr=2 slot=2 size=512008 src=worker:2 dst=client:2
event=req_send ts_ns=28547375 id=564 clt=2 wrkr=11 slot=5 size=17 src=client:2 dst=worker:11
event=resp_recv_ud ts_ns=28588290 id=563 clt=2 wrkr=1 slot=5 size=41 src=worker:1 dst=client:2
event=hand_send ts_ns=28596937 id=563 clt=2 wrkr=1 slot=5 size=10 src=client:2 dst=worker:1
event=resp_recv_ud ts_ns=28609002 id=564 clt=2 wrkr=11 slot=5 size=41 src=worker:11 dst=client:2
event=hand_send ts_ns=28617649 id=564 clt=2 wrkr=11 slot=5 size=10 src=client:2 dst=worker:11
event=resp_rdma_read ts_ns=28633044 id=540 start_ns=27337469 dur_ns=1295575 clt=2 wrkr=11 slot=3 size=512008 src=worker:11 dst=client:2
event=req_send ts_ns=28633044 id=571 clt=2 wrkr=2 slot=3 size=17 src=client:2 dst=worker:2
event=resp_recv_ud ts_ns=28693862 id=571 clt=2 wrkr=2 slot=3 size=41 src=worker:2 dst=client:2
event=hand_send ts_ns=28702509 id=571 clt=2 wrkr=2 slot=3 size=10 src=client:2 dst=worker:2
event=resp_rdma_read ts_ns=28740111 id=542 start_ns=27468428 dur_ns=1271683 clt=2 wrkr=7 slot=3 size=512008 src=worker:7 dst=client:2
event=req_send ts_ns=28740111 id=573 clt=2 wrkr=0 slot=6 size=17 src=client:2 dst=worker:0
event=resp_recv_ud ts_ns=28797266 id=573 clt=2 wrkr=0 slot=6 size=41 src=worker:0 dst=client:2
event=hand_send ts_ns=28805913 id=573 clt=2 wrkr=0 slot=6 size=10 src=client:2 dst=worker:0
event=resp_rdma_read ts_ns=29428627 id=546 start_ns=27761138 dur_ns=1667489 clt=2 wrkr=10 slot=5 size=512008 src=worker:10 dst=client:2
event=req_send ts_ns=29428627 id=582 clt=2 wrkr=6 slot=3 size=17 src=client:2 dst=worker:6
event=resp_recv_ud ts_ns=29480194 id=582 clt=2 wrkr=6 slot=3 size=41 src=worker:6 dst=client:2
event=hand_send ts_ns=29488841 id=582 clt=2 wrkr=6 slot=3 size=10 src=client:2 dst=worker:6
event=resp_rdma_read ts_ns=29510520 id=552 start_ns=27941647 dur_ns=1568873 clt=2 wrkr=7 slot=4 size=512008 src=worker:7 dst=client:2
event=req_send ts_ns=29510520 id=584 clt=2 wrkr=8 slot=3 size=17 src=client:2 dst=worker:8
event=resp_rdma_read ts_ns=29537359 id=549 start_ns=27872250 dur_ns=1665109 clt=2 wrkr=11 slot=4 size=512008 src=worker:11 dst=client:2
event=req_send ts_ns=29537359 id=586 clt=2 wrkr=7 slot=6 size=17 src=client:2 dst=worker:7
event=resp_recv_ud ts_ns=29565854 id=584 clt=2 wrkr=8 slot=3 size=41 src=worker:8 dst=client:2
event=hand_send ts_ns=29574501 id=584 clt=2 wrkr=8 slot=3 size=10 src=client:2 dst=worker:8
event=resp_recv_ud ts_ns=29596202 id=586 clt=2 wrkr=7 slot=6 size=41 src=worker:7 dst=client:2
event=hand_send ts_ns=29604849 id=586 clt=2 wrkr=7 slot=6 size=10 src=client:2 dst=worker:7
event=resp_rdma_read ts_ns=29649209 id=550 start_ns=27885807 dur_ns=1763402 clt=2 wrkr=4 slot=5 size=512008 src=worker:4 dst=client:2
event=req_send ts_ns=29649209 id=590 clt=2 wrkr=1 slot=6 size=17 src=client:2 dst=worker:1
event=resp_rdma_read ts_ns=29655226 id=558 start_ns=28299754 dur_ns=1355472 clt=2 wrkr=4 slot=6 size=512008 src=worker:4 dst=client:2
event=req_send ts_ns=29655226 id=591 clt=2 wrkr=10 slot=6 size=17 src=client:2 dst=worker:10
event=resp_rdma_read ts_ns=29657539 id=556 start_ns=28198414 dur_ns=1459125 clt=2 wrkr=1 slot=4 size=512008 src=worker:1 dst=client:2
event=req_send ts_ns=29657539 id=592 clt=2 wrkr=4 slot=7 size=17 src=client:2 dst=worker:4
event=resp_recv_ud ts_ns=29709941 id=590 clt=2 wrkr=1 slot=6 size=41 src=worker:1 dst=client:2
event=resp_recv_ud ts_ns=29716255 id=591 clt=2 wrkr=10 slot=6 size=41 src=worker:10 dst=client:2
event=resp_recv_ud ts_ns=29718292 id=592 clt=2 wrkr=4 slot=7 size=41 src=worker:4 dst=client:2
event=hand_send ts_ns=29718588 id=590 clt=2 wrkr=1 slot=6 size=10 src=client:2 dst=worker:1
event=hand_send ts_ns=29724902 id=591 clt=2 wrkr=10 slot=6 size=10 src=client:2 dst=worker:10
event=hand_send ts_ns=29726939 id=592 clt=2 wrkr=4 slot=7 size=10 src=client:2 dst=worker:4
event=resp_rdma_read ts_ns=29944624 id=557 start_ns=28264956 dur_ns=1679668 clt=2 wrkr=9 slot=8 size=512008 src=worker:9 dst=client:2
event=req_send ts_ns=29944624 id=594 clt=2 wrkr=3 slot=3 size=17 src=client:2 dst=worker:3
event=resp_recv_ud ts_ns=30007934 id=594 clt=2 wrkr=3 slot=3 size=41 src=worker:3 dst=client:2
event=hand_send ts_ns=30016581 id=594 clt=2 wrkr=3 slot=3 size=10 src=client:2 dst=worker:3
event=resp_rdma_read ts_ns=30097030 id=573 start_ns=28805913 dur_ns=1291117 clt=2 wrkr=0 slot=6 size=512008 src=worker:0 dst=client:2
event=req_send ts_ns=30097030 id=595 clt=2 wrkr=1 slot=7 size=17 src=client:2 dst=worker:1
event=resp_recv_ud ts_ns=30136829 id=595 clt=2 wrkr=1 slot=7 size=41 src=worker:1 dst=client:2
event=hand_send ts_ns=30145476 id=595 clt=2 wrkr=1 slot=7 size=10 src=client:2 dst=worker:1
event=resp_rdma_read ts_ns=30291245 id=559 start_ns=28419345 dur_ns=1871900 clt=2 wrkr=7 slot=5 size=512008 src=worker:7 dst=client:2
event=req_send ts_ns=30291245 id=599 clt=2 wrkr=10 slot=7 size=17 src=client:2 dst=worker:10
event=resp_recv_ud ts_ns=30352603 id=599 clt=2 wrkr=10 slot=7 size=41 src=worker:10 dst=client:2
event=hand_send ts_ns=30361250 id=599 clt=2 wrkr=10 slot=7 size=10 src=client:2 dst=worker:10
event=resp_rdma_read ts_ns=30370353 id=563 start_ns=28596937 dur_ns=1773416 clt=2 wrkr=1 slot=5 size=512008 src=worker:1 dst=client:2
event=req_send ts_ns=30370353 id=601 clt=2 wrkr=5 slot=2 size=17 src=client:2 dst=worker:5
event=resp_recv_ud ts_ns=30428997 id=601 clt=2 wrkr=5 slot=2 size=41 src=worker:5 dst=client:2
event=hand_send ts_ns=30437644 id=601 clt=2 wrkr=5 slot=2 size=10 src=client:2 dst=worker:5
event=resp_rdma_read ts_ns=30439955 id=564 start_ns=28617649 dur_ns=1822306 clt=2 wrkr=11 slot=5 size=512008 src=worker:11 dst=client:2
event=req_send ts_ns=30439955 id=602 clt=2 wrkr=6 slot=4 size=17 src=client:2 dst=worker:6
event=resp_recv_ud ts_ns=30497593 id=602 clt=2 wrkr=6 slot=4 size=41 src=worker:6 dst=client:2
event=hand_send ts_ns=30506240 id=602 clt=2 wrkr=6 slot=4 size=10 src=client:2 dst=worker:6
event=resp_rdma_read ts_ns=30661553 id=571 start_ns=28702509 dur_ns=1959044 clt=2 wrkr=2 slot=3 size=512008 src=worker:2 dst=client:2
event=req_send ts_ns=30661553 id=610 clt=2 wrkr=5 slot=3 size=17 src=client:2 dst=worker:5
event=resp_recv_ud ts_ns=30723104 id=610 clt=2 wrkr=5 slot=3 size=41 src=worker:5 dst=client:2
event=hand_send ts_ns=30731751 id=610 clt=2 wrkr=5 slot=3 size=10 src=client:2 dst=worker:5
event=resp_rdma_read ts_ns=31221883 id=582 start_ns=29488841 dur_ns=1733042 clt=2 wrkr=6 slot=3 size=512008 src=worker:6 dst=client:2
event=req_send ts_ns=31221883 id=619 clt=2 wrkr=10 slot=8 size=17 src=client:2 dst=worker:10
event=resp_rdma_read ts_ns=31265528 id=584 start_ns=29574501 dur_ns=1691027 clt=2 wrkr=8 slot=3 size=512008 src=worker:8 dst=client:2
event=req_send ts_ns=31265528 id=620 clt=2 wrkr=1 slot=8 size=17 src=client:2 dst=worker:1
event=resp_recv_ud ts_ns=31277981 id=619 clt=2 wrkr=10 slot=8 size=41 src=worker:10 dst=client:2
event=hand_send ts_ns=31286628 id=619 clt=2 wrkr=10 slot=8 size=10 src=client:2 dst=worker:10
event=resp_rdma_read ts_ns=31294155 id=586 start_ns=29604849 dur_ns=1689306 clt=2 wrkr=7 slot=6 size=512008 src=worker:7 dst=client:2
event=req_send ts_ns=31294155 id=622 clt=2 wrkr=5 slot=4 size=17 src=client:2 dst=worker:5
event=resp_recv_ud ts_ns=31328381 id=620 clt=2 wrkr=1 slot=8 size=41 src=worker:1 dst=client:2
event=hand_send ts_ns=31337028 id=620 clt=2 wrkr=1 slot=8 size=10 src=client:2 dst=worker:1
event=resp_recv_ud ts_ns=31355336 id=622 clt=2 wrkr=5 slot=4 size=41 src=worker:5 dst=client:2
event=hand_send ts_ns=31363983 id=622 clt=2 wrkr=5 slot=4 size=10 src=client:2 dst=worker:5
event=resp_rdma_read ts_ns=31391996 id=590 start_ns=29718588 dur_ns=1673408 clt=2 wrkr=1 slot=6 size=512008 src=worker:1 dst=client:2
event=req_send ts_ns=31391996 id=625 clt=2 wrkr=9 slot=9 size=17 src=client:2 dst=worker:9
event=resp_rdma_read ts_ns=31396507 id=591 start_ns=29724902 dur_ns=1671605 clt=2 wrkr=10 slot=6 size=512008 src=worker:10 dst=client:2
event=req_send ts_ns=31396507 id=626 clt=2 wrkr=7 slot=7 size=17 src=client:2 dst=worker:7
event=resp_recv_ud ts_ns=31445909 id=625 clt=2 wrkr=9 slot=9 size=41 src=worker:9 dst=client:2
event=resp_rdma_read ts_ns=31451089 id=594 start_ns=30016581 dur_ns=1434508 clt=2 wrkr=3 slot=3 size=512008 src=worker:3 dst=client:2
event=req_send ts_ns=31451089 id=628 clt=2 wrkr=1 slot=9 size=17 src=client:2 dst=worker:1
event=hand_send ts_ns=31454556 id=625 clt=2 wrkr=9 slot=9 size=10 src=client:2 dst=worker:9
event=resp_recv_ud ts_ns=31456657 id=626 clt=2 wrkr=7 slot=7 size=41 src=worker:7 dst=client:2
event=hand_send ts_ns=31465304 id=626 clt=2 wrkr=7 slot=7 size=10 src=client:2 dst=worker:7
event=resp_recv_ud ts_ns=31511768 id=628 clt=2 wrkr=1 slot=9 size=41 src=worker:1 dst=client:2
event=hand_send ts_ns=31520415 id=628 clt=2 wrkr=1 slot=9 size=10 src=client:2 dst=worker:1
event=resp_rdma_read ts_ns=31641484 id=592 start_ns=29726939 dur_ns=1914545 clt=2 wrkr=4 slot=7 size=512008 src=worker:4 dst=client:2
event=req_send ts_ns=31641484 id=631 clt=2 wrkr=11 slot=6 size=17 src=client:2 dst=worker:11
event=resp_recv_ud ts_ns=31705359 id=631 clt=2 wrkr=11 slot=6 size=41 src=worker:11 dst=client:2
event=hand_send ts_ns=31714006 id=631 clt=2 wrkr=11 slot=6 size=10 src=client:2 dst=worker:11
event=resp_rdma_read ts_ns=31715585 id=599 start_ns=30361250 dur_ns=1354335 clt=2 wrkr=10 slot=7 size=512008 src=worker:10 dst=client:2
event=req_send ts_ns=31715585 id=632 clt=2 wrkr=1 slot=10 size=17 src=client:2 dst=worker:1
event=resp_recv_ud ts_ns=31779587 id=632 clt=2 wrkr=1 slot=10 size=41 src=worker:1 dst=client:2
event=hand_send ts_ns=31788234 id=632 clt=2 wrkr=1 slot=10 size=10 src=client:2 dst=worker:1
event=resp_rdma_read ts_ns=31887168 id=601 start_ns=30437644 dur_ns=1449524 clt=2 wrkr=5 slot=2 size=512008 src=worker:5 dst=client:2
event=req_send ts_ns=31887168 id=634 clt=2 wrkr=10 slot=9 size=17 src=client:2 dst=worker:10
event=resp_rdma_read ts_ns=31894245 id=595 start_ns=30145476 dur_ns=1748769 clt=2 wrkr=1 slot=7 size=512008 src=worker:1 dst=client:2
event=req_send ts_ns=31894245 id=635 clt=2 wrkr=6 slot=5 size=17 src=client:2 dst=worker:6
event=resp_recv_ud ts_ns=31940036 id=634 clt=2 wrkr=10 slot=9 size=41 src=worker:10 dst=client:2
event=hand_send ts_ns=31948683 id=634 clt=2 wrkr=10 slot=9 size=10 src=client:2 dst=worker:10
event=resp_recv_ud ts_ns=31958738 id=635 clt=2 wrkr=6 slot=5 size=41 src=worker:6 dst=client:2
event=hand_send ts_ns=31967385 id=635 clt=2 wrkr=6 slot=5 size=10 src=client:2 dst=worker:6
event=resp_rdma_read ts_ns=32261096 id=602 start_ns=30506240 dur_ns=1754856 clt=2 wrkr=6 slot=4 size=512008 src=worker:6 dst=client:2
event=resp_rdma_read ts_ns=32719341 id=610 start_ns=30731751 dur_ns=1987590 clt=2 wrkr=5 slot=3 size=512008 src=worker:5 dst=client:2
event=resp_rdma_read ts_ns=32887739 id=619 start_ns=31286628 dur_ns=1601111 clt=2 wrkr=10 slot=8 size=512008 src=worker:10 dst=client:2
event=resp_rdma_read ts_ns=32921558 id=620 start_ns=31337028 dur_ns=1584530 clt=2 wrkr=1 slot=8 size=512008 src=worker:1 dst=client:2
event=resp_rdma_read ts_ns=32941347 id=622 start_ns=31363983 dur_ns=1577364 clt=2 wrkr=5 slot=4 size=512008 src=worker:5 dst=client:2
event=resp_rdma_read ts_ns=33042453 id=625 start_ns=31454556 dur_ns=1587897 clt=2 wrkr=9 slot=9 size=512008 src=worker:9 dst=client:2
event=resp_rdma_read ts_ns=33298695 id=631 start_ns=31714006 dur_ns=1584689 clt=2 wrkr=11 slot=6 size=512008 src=worker:11 dst=client:2
event=resp_rdma_read ts_ns=33316398 id=628 start_ns=31520415 dur_ns=1795983 clt=2 wrkr=1 slot=9 size=512008 src=worker:1 dst=client:2
event=resp_rdma_read ts_ns=33350237 id=626 start_ns=31465304 dur_ns=1884933 clt=2 wrkr=7 slot=7 size=512008 src=worker:7 dst=client:2
event=resp_rdma_read ts_ns=33471968 id=635 start_ns=31967385 dur_ns=1504583 clt=2 wrkr=6 slot=5 size=512008 src=worker:6 dst=client:2
event=resp_rdma_read ts_ns=33675893 id=632 start_ns=31788234 dur_ns=1887659 clt=2 wrkr=1 slot=10 size=512008 src=worker:1 dst=client:2
event=resp_rdma_read ts_ns=33736657 id=634 start_ns=31948683 dur_ns=1787974 clt=2 wrkr=10 slot=9 size=512008 src=worker:10 dst=client:2
