event=req_send ts_ns=1 id=1 clt=1 wrkr=0 slot=0 size=17 src=client:1 dst=worker:0
event=req_send ts_ns=2501 id=4 clt=1 wrkr=1 slot=0 size=17 src=client:1 dst=worker:1
event=req_send ts_ns=5001 id=7 clt=1 wrkr=4 slot=0 size=17 src=client:1 dst=worker:4
event=req_send ts_ns=7501 id=10 clt=1 wrkr=2 slot=0 size=17 src=client:1 dst=worker:2
event=req_send ts_ns=10001 id=13 clt=1 wrkr=1 slot=1 size=17 src=client:1 dst=worker:1
event=req_send ts_ns=12501 id=16 clt=1 wrkr=6 slot=0 size=17 src=client:1 dst=worker:6
event=req_send ts_ns=15001 id=19 clt=1 wrkr=6 slot=1 size=17 src=client:1 dst=worker:6
event=req_send ts_ns=17501 id=22 clt=1 wrkr=8 slot=0 size=17 src=client:1 dst=worker:8
event=req_send ts_ns=20001 id=25 clt=1 wrkr=7 slot=0 size=17 src=client:1 dst=worker:7
event=req_send ts_ns=22501 id=28 clt=1 wrkr=9 slot=0 size=17 src=client:1 dst=worker:9
event=resp_recv_ud ts_ns=24158 id=1 clt=1 wrkr=0 slot=0 size=41 src=worker:0 dst=client:1
event=req_send ts_ns=25001 id=31 clt=1 wrkr=11 slot=0 size=17 src=client:1 dst=worker:11
event=req_send ts_ns=27501 id=34 clt=1 wrkr=3 slot=0 size=17 src=client:1 dst=worker:3
event=hand_send ts_ns=32805 id=1 clt=1 wrkr=0 slot=0 size=10 src=client:1 dst=worker:0
event=resp_recv_ud ts_ns=54552 id=4 clt=1 wrkr=1 slot=0 size=41 src=worker:1 dst=client:1
event=resp_recv_ud ts_ns=54877 id=7 clt=1 wrkr=4 slot=0 size=41 src=worker:4 dst=client:1
event=resp_recv_ud ts_ns=56706 id=10 clt=1 wrkr=2 slot=0 size=41 src=worker:2 dst=client:1
event=resp_recv_ud ts_ns=58853 id=13 clt=1 wrkr=1 slot=1 size=41 src=worker:1 dst=client:1
event=resp_recv_ud ts_ns=60575 id=16 clt=1 wrkr=6 slot=0 size=41 src=worker:6 dst=client:1
event=resp_recv_ud ts_ns=61525 id=19 clt=1 wrkr=6 slot=1 size=41 src=worker:6 dst=client:1
event=resp_recv_ud ts_ns=63134 id=22 clt=1 wrkr=8 slot=0 size=41 src=worker:8 dst=client:1
event=hand_send ts_ns=63199 id=4 clt=1 wrkr=1 slot=0 size=10 src=client:1 dst=worker:1
event=hand_send ts_ns=63524 id=7 clt=1 wrkr=4 slot=0 size=10 src=client:1 dst=worker:4
event=resp_recv_ud ts_ns=64513 id=25 clt=1 wrkr=7 slot=0 size=41 src=worker:7 dst=client:1
event=hand_send ts_ns=65353 id=10 clt=1 wrkr=2 slot=0 size=10 src=client:1 dst=worker:2
event=resp_recv_ud ts_ns=66387 id=28 clt=1 wrkr=9 slot=0 size=41 src=worker:9 dst=client:1
event=hand_send ts_ns=67500 id=13 clt=1 wrkr=1 slot=1 size=10 src=client:1 dst=worker:1
event=resp_recv_ud ts_ns=68744 id=31 clt=1 wrkr=11 slot=0 size=41 src=worker:11 dst=client:1
event=resp_recv_ud ts_ns=69053 id=34 clt=1 wrkr=3 slot=0 size=41 src=worker:3 dst=client:1
event=hand_send ts_ns=69222 id=16 clt=1 wrkr=6 slot=0 size=10 src=client:1 dst=worker:6
event=hand_send ts_ns=70172 id=19 clt=1 wrkr=6 slot=1 size=10 src=client:1 dst=worker:6
event=hand_send ts_ns=71781 id=22 clt=1 wrkr=8 slot=0 size=10 src=client:1 dst=worker:8
event=hand_send ts_ns=73160 id=25 clt=1 wrkr=7 slot=0 size=10 src=client:1 dst=worker:7
event=hand_send ts_ns=75034 id=28 clt=1 wrkr=9 slot=0 size=10 src=client:1 dst=worker:9
event=hand_send ts_ns=77391 id=31 clt=1 wrkr=11 slot=0 size=10 src=client:1 dst=worker:11
event=hand_send ts_ns=77700 id=34 clt=1 wrkr=3 slot=0 size=10 src=client:1 dst=worker:3
event=resp_rdma_read ts_ns=1610622 id=1 start_ns=32805 dur_ns=1577817 clt=1 wrkr=0 slot=0 size=512008 src=worker:0 dst=client:1
event=req_send ts_ns=1610622 id=36 clt=1 wrkr=8 slot=1 size=17 src=client:1 dst=worker:8
event=resp_recv_ud ts_ns=1654398 id=36 clt=1 wrkr=8 slot=1 size=41 src=worker:8 dst=client:1
event=hand_send ts_ns=1663045 id=36 clt=1 wrkr=8 slot=1 size=10 src=client:1 dst=worker:8
event=resp_rdma_read ts_ns=1684582 id=4 start_ns=63199 dur_ns=1621383 clt=1 wrkr=1 slot=0 size=512008 src=worker:1 dst=client:1
event=req_send ts_ns=1684582 id=40 clt=1 wrkr=4 slot=1 size=17 src=client:1 dst=worker:4
event=resp_rdma_read ts_ns=1732749 id=7 start_ns=63524 dur_ns=1669225 clt=1 wrkr=4 slot=0 size=512008 src=worker:4 dst=client:1
event=req_send ts_ns=1732749 id=42 clt=1 wrkr=8 slot=2 size=17 src=client:1 dst=worker:8
event=resp_recv_ud ts_ns=1753593 id=40 clt=1 wrkr=4 slot=1 size=41 src=worker:4 dst=client:1
event=hand_send ts_ns=1762240 id=40 clt=1 wrkr=4 slot=1 size=10 src=client:1 dst=worker:4
event=resp_rdma_read ts_ns=1780603 id=10 start_ns=65353 dur_ns=1715250 clt=1 wrkr=2 slot=0 size=512008 src=worker:2 dst=client:1
event=req_send ts_ns=1780603 id=43 clt=1 wrkr=10 slot=0 size=17 src=client:1 dst=worker:10
event=resp_recv_ud ts_ns=1802653 id=42 clt=1 wrkr=8 slot=2 size=41 src=worker:8 dst=client:1
event=hand_send ts_ns=1811300 id=42 clt=1 wrkr=8 slot=2 size=10 src=client:1 dst=worker:8
event=resp_rdma_read ts_ns=1827272 id=13 start_ns=67500 dur_ns=1759772 clt=1 wrkr=1 slot=1 size=512008 src=worker:1 dst=client:1
event=req_send ts_ns=1827272 id=45 clt=1 wrkr=9 slot=1 size=17 src=client:1 dst=worker:9
event=resp_recv_ud ts_ns=1851569 id=43 clt=1 wrkr=10 slot=0 size=41 src=worker:10 dst=client:1
event=hand_send ts_ns=1860216 id=43 clt=1 wrkr=10 slot=0 size=10 src=client:1 dst=worker:10
event=resp_rdma_read ts_ns=1872210 id=16 start_ns=69222 dur_ns=1802988 clt=1 wrkr=6 slot=0 size=512008 src=worker:6 dst=client:1
event=req_send ts_ns=1872210 id=47 clt=1 wrkr=11 slot=1 size=17 src=client:1 dst=worker:11
event=resp_recv_ud ts_ns=1898442 id=45 clt=1 wrkr=9 slot=1 size=41 src=worker:9 dst=client:1
event=hand_send ts_ns=1907089 id=45 clt=1 wrkr=9 slot=1 size=10 src=client:1 dst=worker:9
event=resp_rdma_read ts_ns=1920318 id=19 start_ns=70172 dur_ns=1850146 clt=1 wrkr=6 slot=1 size=512008 src=worker:6 dst=client:1
event=req_send ts_ns=1920318 id=50 clt=1 wrkr=1 slot=2 size=17 src=client:1 dst=worker:1
event=resp_recv_ud ts_ns=1943479 id=47 clt=1 wrkr=11 slot=1 size=41 src=worker:11 dst=client:1
event=hand_send ts_ns=1952126 id=47 clt=1 wrkr=11 slot=1 size=10 src=client:1 dst=worker:11
event=resp_rdma_read ts_ns=1982538 id=22 start_ns=71781 dur_ns=1910757 clt=1 wrkr=8 slot=0 size=512008 src=worker:8 dst=client:1
event=req_send ts_ns=1982538 id=52 clt=1 wrkr=10 slot=1 size=17 src=client:1 dst=worker:10
event=resp_recv_ud ts_ns=1991472 id=50 clt=1 wrkr=1 slot=2 size=41 src=worker:1 dst=client:1
event=hand_send ts_ns=2000119 id=50 clt=1 wrkr=1 slot=2 size=10 src=client:1 dst=worker:1
event=resp_rdma_read ts_ns=2000549 id=25 start_ns=73160 dur_ns=1927389 clt=1 wrkr=7 slot=0 size=512008 src=worker:7 dst=client:1
event=req_send ts_ns=2000549 id=53 clt=1 wrkr=1 slot=3 size=17 src=client:1 dst=worker:1
event=resp_recv_ud ts_ns=2051911 id=52 clt=1 wrkr=10 slot=1 size=41 src=worker:10 dst=client:1
event=hand_send ts_ns=2060558 id=52 clt=1 wrkr=10 slot=1 size=10 src=client:1 dst=worker:10
event=resp_recv_ud ts_ns=2071504 id=53 clt=1 wrkr=1 slot=3 size=41 src=worker:1 dst=client:1
event=hand_send ts_ns=2080151 id=53 clt=1 wrkr=1 slot=3 size=10 src=client:1 dst=worker:1
event=resp_rdma_read ts_ns=2137084 id=28 start_ns=75034 dur_ns=2062050 clt=1 wrkr=9 slot=0 size=512008 src=worker:9 dst=client:1
event=req_send ts_ns=2137084 id=57 clt=1 wrkr=8 slot=3 size=17 src=client:1 dst=worker:8
event=resp_recv_ud ts_ns=2207353 id=57 clt=1 wrkr=8 slot=3 size=41 src=worker:8 dst=client:1
event=hand_send ts_ns=2216000 id=57 clt=1 wrkr=8 slot=3 size=10 src=client:1 dst=worker:8
event=resp_rdma_read ts_ns=2329850 id=31 start_ns=77391 dur_ns=2252459 clt=1 wrkr=11 slot=0 size=512008 src=worker:11 dst=client:1
event=req_send ts_ns=2329850 id=60 clt=1 wrkr=9 slot=2 size=17 src=client:1 dst=worker:9
event=resp_recv_ud ts_ns=2393704 id=60 clt=1 wrkr=9 slot=2 size=41 src=worker:9 dst=client:1
event=hand_send ts_ns=2402351 id=60 clt=1 wrkr=9 slot=2 size=10 src=client:1 dst=worker:9
event=resp_rdma_read ts_ns=2463103 id=34 start_ns=77700 dur_ns=2385403 clt=1 wrkr=3 slot=0 size=512008 src=worker:3 dst=client:1
event=req_send ts_ns=2463103 id=62 clt=1 wrkr=5 slot=0 size=17 src=client:1 dst=worker:5
event=resp_recv_ud ts_ns=2521754 id=62 clt=1 wrkr=5 slot=0 size=41 src=worker:5 dst=client:1
event=hand_send ts_ns=2530401 id=62 clt=1 wrkr=5 slot=0 size=10 src=client:1 dst=worker:5
event=resp_rdma_read ts_ns=3791444 id=36 start_ns=1663045 dur_ns=2128399 clt=1 wrkr=8 slot=1 size=512008 src=worker:8 dst=client:1
event=req_send ts_ns=3791444 id=74 clt=1 wrkr=7 slot=1 size=17 src=client:1 dst=worker:7
event=resp_recv_ud ts_ns=3845967 id=74 clt=1 wrkr=7 slot=1 size=41 src=worker:7 dst=client:1
event=hand_send ts_ns=3854614 id=74 clt=1 wrkr=7 slot=1 size=10 src=client:1 dst=worker:7
event=resp_rdma_read ts_ns=3973748 id=62 start_ns=2530401 dur_ns=1443347 clt=1 wrkr=5 slot=0 size=512008 src=worker:5 dst=client:1
event=req_send ts_ns=3973748 id=78 clt=1 wrkr=6 slot=2 size=17 src=client:1 dst=worker:6
event=resp_recv_ud ts_ns=4030731 id=78 clt=1 wrkr=6 slot=2 size=41 src=worker:6 dst=client:1
event=hand_send ts_ns=4039378 id=78 clt=1 wrkr=6 slot=2 size=10 src=client:1 dst=worker:6
event=resp_rdma_read ts_ns=4062237 id=57 start_ns=2216000 dur_ns=1846237 clt=1 wrkr=8 slot=3 size=512008 src=worker:8 dst=client:1
event=req_send ts_ns=4062237 id=81 clt=1 wrkr=9 slot=3 size=17 src=client:1 dst=worker:9
event=resp_recv_ud ts_ns=4119013 id=81 clt=1 wrkr=9 slot=3 size=41 src=worker:9 dst=client:1
event=hand_send ts_ns=4127660 id=81 clt=1 wrkr=9 slot=3 size=10 src=client:1 dst=worker:9
event=resp_rdma_read ts_ns=4202623 id=45 start_ns=1907089 dur_ns=2295534 clt=1 wrkr=9 slot=1 size=512008 src=worker:9 dst=client:1
event=req_send ts_ns=4202623 id=83 clt=1 wrkr=0 slot=1 size=17 src=client:1 dst=worker:0
event=resp_recv_ud ts_ns=4259950 id=83 clt=1 wrkr=0 slot=1 size=41 src=worker:0 dst=client:1
event=hand_send ts_ns=4268597 id=83 clt=1 wrkr=0 slot=1 size=10 src=client:1 dst=worker:0
event=resp_rdma_read ts_ns=4380684 id=60 start_ns=2402351 dur_ns=1978333 clt=1 wrkr=9 slot=2 size=512008 src=worker:9 dst=client:1
event=req_send ts_ns=4380684 id=88 clt=1 wrkr=0 slot=2 size=17 src=client:1 dst=worker:0
event=resp_recv_ud ts_ns=4443247 id=88 clt=1 wrkr=0 slot=2 size=41 src=worker:0 dst=client:1
event=hand_send ts_ns=4451894 id=88 clt=1 wrkr=0 slot=2 size=10 src=client:1 dst=worker:0
event=resp_rdma_read ts_ns=4506474 id=43 start_ns=1860216 dur_ns=2646258 clt=1 wrkr=10 slot=0 size=512008 src=worker:10 dst=client:1
event=req_send ts_ns=4506474 id=94 clt=1 wrkr=1 slot=4 size=17 src=client:1 dst=worker:1
event=resp_rdma_read ts_ns=4555130 id=40 start_ns=1762240 dur_ns=2792890 clt=1 wrkr=4 slot=1 size=512008 src=worker:4 dst=client:1
event=req_send ts_ns=4555130 id=96 clt=1 wrkr=10 slot=2 size=17 src=client:1 dst=worker:10
event=resp_recv_ud ts_ns=4570280 id=94 clt=1 wrkr=1 slot=4 size=41 src=worker:1 dst=client:1
event=resp_rdma_read ts_ns=4571955 id=52 start_ns=2060558 dur_ns=2511397 clt=1 wrkr=10 slot=1 size=512008 src=worker:10 dst=client:1
event=req_send ts_ns=4571955 id=98 clt=1 wrkr=1 slot=5 size=17 src=client:1 dst=worker:1
event=hand_send ts_ns=4578927 id=94 clt=1 wrkr=1 slot=4 size=10 src=client:1 dst=worker:1
event=resp_recv_ud ts_ns=4620112 id=96 clt=1 wrkr=10 slot=2 size=41 src=worker:10 dst=client:1
event=hand_send ts_ns=4628759 id=96 clt=1 wrkr=10 slot=2 size=10 src=client:1 dst=worker:10
event=resp_recv_ud ts_ns=4638668 id=98 clt=1 wrkr=1 slot=5 size=41 src=worker:1 dst=client:1
event=hand_send ts_ns=4647315 id=98 clt=1 wrkr=1 slot=5 size=10 src=client:1 dst=worker:1
event=resp_rdma_read ts_ns=4649488 id=42 start_ns=1811300 dur_ns=2838188 clt=1 wrkr=8 slot=2 size=512008 src=worker:8 dst=client:1
event=req_send ts_ns=4649488 id=100 clt=1 wrkr=8 slot=4 size=17 src=client:1 dst=worker:8
event=resp_rdma_read ts_ns=4670044 id=50 start_ns=2000119 dur_ns=2669925 clt=1 wrkr=1 slot=2 size=512008 src=worker:1 dst=client:1
event=req_send ts_ns=4670044 id=102 clt=1 wrkr=3 slot=1 size=17 src=client:1 dst=worker:3
event=resp_rdma_read ts_ns=4696366 id=47 start_ns=1952126 dur_ns=2744240 clt=1 wrkr=11 slot=1 size=512008 src=worker:11 dst=client:1
event=req_send ts_ns=4696366 id=104 clt=1 wrkr=0 slot=3 size=17 src=client:1 dst=worker:0
event=resp_recv_ud ts_ns=4718197 id=100 clt=1 wrkr=8 slot=4 size=41 src=worker:8 dst=client:1
event=hand_send ts_ns=4726844 id=100 clt=1 wrkr=8 slot=4 size=10 src=client:1 dst=worker:8
event=resp_recv_ud ts_ns=4739584 id=102 clt=1 wrkr=3 slot=1 size=41 src=worker:3 dst=client:1
event=hand_send ts_ns=4748231 id=102 clt=1 wrkr=3 slot=1 size=10 src=client:1 dst=worker:3
event=resp_recv_ud ts_ns=4767092 id=104 clt=1 wrkr=0 slot=3 size=41 src=worker:0 dst=client:1
event=hand_send ts_ns=4775739 id=104 clt=1 wrkr=0 slot=3 size=10 src=client:1 dst=worker:0
event=resp_rdma_read ts_ns=4940084 id=53 start_ns=2080151 dur_ns=2859933 clt=1 wrkr=1 slot=3 size=512008 src=worker:1 dst=client:1
event=req_send ts_ns=4940084 id=107 clt=1 wrkr=2 slot=1 size=17 src=client:1 dst=worker:2
event=resp_recv_ud ts_ns=4992015 id=107 clt=1 wrkr=2 slot=1 size=41 src=worker:2 dst=client:1
event=hand_send ts_ns=5000662 id=107 clt=1 wrkr=2 slot=1 size=10 src=client:1 dst=worker:2
event=resp_rdma_read ts_ns=5276015 id=74 start_ns=3854614 dur_ns=1421401 clt=1 wrkr=7 slot=1 size=512008 src=worker:7 dst=client:1
event=req_send ts_ns=5276015 id=110 clt=1 wrkr=9 slot=4 size=17 src=client:1 dst=worker:9
event=resp_recv_ud ts_ns=5321184 id=110 clt=1 wrkr=9 slot=4 size=41 src=worker:9 dst=client:1
event=hand_send ts_ns=5329831 id=110 clt=1 wrkr=9 slot=4 size=10 src=client:1 dst=worker:9
event=resp_rdma_read ts_ns=5733205 id=78 start_ns=4039378 dur_ns=1693827 clt=1 wrkr=6 slot=2 size=512008 src=worker:6 dst=client:1
event=req_send ts_ns=5733205 id=117 clt=1 wrkr=7 slot=2 size=17 src=client:1 dst=worker:7
event=resp_recv_ud ts_ns=5784667 id=117 clt=1 wrkr=7 slot=2 size=41 src=worker:7 dst=client:1
event=hand_send ts_ns=5793314 id=117 clt=1 wrkr=7 slot=2 size=10 src=client:1 dst=worker:7
event=resp_rdma_read ts_ns=5897958 id=81 start_ns=4127660 dur_ns=1770298 clt=1 wrkr=9 slot=3 size=512008 src=worker:9 dst=client:1
event=req_send ts_ns=5897958 id=118 clt=1 wrkr=6 slot=3 size=17 src=client:1 dst=worker:6
event=resp_recv_ud ts_ns=5932908 id=118 clt=1 wrkr=6 slot=3 size=41 src=worker:6 dst=client:1
event=hand_send ts_ns=5941555 id=118 clt=1 wrkr=6 slot=3 size=10 src=client:1 dst=worker:6
event=resp_rdma_read ts_ns=6073430 id=83 start_ns=4268597 dur_ns=1804833 clt=1 wrkr=0 slot=1 size=512008 src=worker:0 dst=client:1
event=req_send ts_ns=6073430 id=120 clt=1 wrkr=11 slot=2 size=17 src=client:1 dst=worker:11
event=resp_recv_ud ts_ns=6108806 id=120 clt=1 wrkr=11 slot=2 size=41 src=worker:11 dst=client:1
event=hand_send ts_ns=6117453 id=120 clt=1 wrkr=11 slot=2 size=10 src=client:1 dst=worker:11
event=resp_rdma_read ts_ns=6221303 id=88 start_ns=4451894 dur_ns=1769409 clt=1 wrkr=0 slot=2 size=512008 src=worker:0 dst=client:1
event=req_send ts_ns=6221303 id=122 clt=1 wrkr=11 slot=3 size=17 src=client:1 dst=worker:11
event=resp_rdma_read ts_ns=6266563 id=107 start_ns=5000662 dur_ns=1265901 clt=1 wrkr=2 slot=1 size=512008 src=worker:2 dst=client:1
event=req_send ts_ns=6266563 id=124 clt=1 wrkr=0 slot=4 size=17 src=client:1 dst=worker:0
event=resp_recv_ud ts_ns=6271900 id=122 clt=1 wrkr=11 slot=3 size=41 src=worker:11 dst=client:1
event=hand_send ts_ns=6280547 id=122 clt=1 wrkr=11 slot=3 size=10 src=client:1 dst=worker:11
event=resp_recv_ud ts_ns=6322908 id=124 clt=1 wrkr=0 slot=4 size=41 src=worker:0 dst=client:1
event=hand_send ts_ns=6331555 id=124 clt=1 wrkr=0 slot=4 size=10 src=client:1 dst=worker:0
event=resp_rdma_read ts_ns=6541939 id=94 start_ns=4578927 dur_ns=1963012 clt=1 wrkr=1 slot=4 size=512008 src=worker:1 dst=client:1
event=req_send ts_ns=6541939 id=128 clt=1 wrkr=1 slot=6 size=17 src=client:1 dst=worker:1
event=resp_recv_ud ts_ns=6594420 id=128 clt=1 wrkr=1 slot=6 size=41 src=worker:1 dst=client:1
event=hand_send ts_ns=6603067 id=128 clt=1 wrkr=1 slot=6 size=10 src=client:1 dst=worker:1
event=resp_rdma_read ts_ns=6912172 id=96 start_ns=4628759 dur_ns=2283413 clt=1 wrkr=10 slot=2 size=512008 src=worker:10 dst=client:1
event=req_send ts_ns=6912172 id=139 clt=1 wrkr=3 slot=2 size=17 src=client:1 dst=worker:3
event=resp_recv_ud ts_ns=6965315 id=139 clt=1 wrkr=3 slot=2 size=41 src=worker:3 dst=client:1
event=hand_send ts_ns=6973962 id=139 clt=1 wrkr=3 slot=2 size=10 src=client:1 dst=worker:3
event=resp_rdma_read ts_ns=7088503 id=110 start_ns=5329831 dur_ns=1758672 clt=1 wrkr=9 slot=4 size=512008 src=worker:9 dst=client:1
event=req_send ts_ns=7088503 id=142 clt=1 wrkr=0 slot=5 size=17 src=client:1 dst=worker:0
event=resp_rdma_read ts_ns=7129117 id=98 start_ns=4647315 dur_ns=2481802 clt=1 wrkr=1 slot=5 size=512008 src=worker:1 dst=client:1
event=req_send ts_ns=7129117 id=143 clt=1 wrkr=11 slot=4 size=17 src=client:1 dst=worker:11
event=resp_recv_ud ts_ns=7151968 id=142 clt=1 wrkr=0 slot=5 size=41 src=worker:0 dst=client:1
event=resp_rdma_read ts_ns=7156631 id=117 start_ns=5793314 dur_ns=1363317 clt=1 wrkr=7 slot=2 size=512008 src=worker:7 dst=client:1
event=req_send ts_ns=7156631 id=145 clt=1 wrkr=2 slot=2 size=17 src=client:1 dst=worker:2
event=hand_send ts_ns=7160615 id=142 clt=1 wrkr=0 slot=5 size=10 src=client:1 dst=worker:0
event=resp_recv_ud ts_ns=7194266 id=143 clt=1 wrkr=11 slot=4 size=41 src=worker:11 dst=client:1
event=hand_send ts_ns=7202913 id=143 clt=1 wrkr=11 slot=4 size=10 src=client:1 dst=worker:11
event=resp_recv_ud ts_ns=7222575 id=145 clt=1 wrkr=2 slot=2 size=41 src=worker:2 dst=client:1
event=hand_send ts_ns=7231222 id=145 clt=1 wrkr=2 slot=2 size=10 src=client:1 dst=worker:2
event=resp_rdma_read ts_ns=7232162 id=100 start_ns=4726844 dur_ns=2505318 clt=1 wrkr=8 slot=4 size=512008 src=worker:8 dst=client:1
event=req_send ts_ns=7232162 id=148 clt=1 wrkr=11 slot=5 size=17 src=client:1 dst=worker:11
event=resp_recv_ud ts_ns=7300363 id=148 clt=1 wrkr=11 slot=5 size=41 src=worker:11 dst=client:1
event=hand_send ts_ns=7309010 id=148 clt=1 wrkr=11 slot=5 size=10 src=client:1 dst=worker:11
event=resp_rdma_read ts_ns=7482130 id=124 start_ns=6331555 dur_ns=1150575 clt=1 wrkr=0 slot=4 size=512008 src=worker:0 dst=client:1
event=req_send ts_ns=7482130 id=152 clt=1 wrkr=2 slot=3 size=17 src=client:1 dst=worker:2
event=resp_rdma_read ts_ns=7498512 id=104 start_ns=4775739 dur_ns=2722773 clt=1 wrkr=0 slot=3 size=512008 src=worker:0 dst=client:1
event=req_send ts_ns=7498512 id=153 clt=1 wrkr=2 slot=4 size=17 src=client:1 dst=worker:2
event=resp_rdma_read ts_ns=7499100 id=102 start_ns=4748231 dur_ns=2750869 clt=1 wrkr=3 slot=1 size=512008 src=worker:3 dst=client:1
event=req_send ts_ns=7499100 id=154 clt=1 wrkr=9 slot=5 size=17 src=client:1 dst=worker:9
event=resp_recv_ud ts_ns=7532159 id=152 clt=1 wrkr=2 slot=3 size=41 src=worker:2 dst=client:1
event=hand_send ts_ns=7540806 id=152 clt=1 wrkr=2 slot=3 size=10 src=client:1 dst=worker:2
event=resp_rdma_read ts_ns=7549676 id=120 start_ns=6117453 dur_ns=1432223 clt=1 wrkr=11 slot=2 size=512008 src=worker:11 dst=client:1
event=req_send ts_ns=7549676 id=156 clt=1 wrkr=4 slot=2 size=17 src=client:1 dst=worker:4
event=resp_recv_ud ts_ns=7566027 id=153 clt=1 wrkr=2 slot=4 size=41 src=worker:2 dst=client:1
event=resp_recv_ud ts_ns=7567575 id=154 clt=1 wrkr=9 slot=5 size=41 src=worker:9 dst=client:1
event=hand_send ts_ns=7574674 id=153 clt=1 wrkr=2 slot=4 size=10 src=client:1 dst=worker:2
event=hand_send ts_ns=7576222 id=154 clt=1 wrkr=9 slot=5 size=10 src=client:1 dst=worker:9
event=resp_recv_ud ts_ns=7616733 id=156 clt=1 wrkr=4 slot=2 size=41 src=worker:4 dst=client:1
event=hand_send ts_ns=7625380 id=156 clt=1 wrkr=4 slot=2 size=10 src=client:1 dst=worker:4
event=resp_rdma_read ts_ns=7636691 id=118 start_ns=5941555 dur_ns=1695136 clt=1 wrkr=6 slot=3 size=512008 src=worker:6 dst=client:1
event=req_send ts_ns=7636691 id=157 clt=1 wrkr=11 slot=6 size=17 src=client:1 dst=worker:11
event=resp_recv_ud ts_ns=7697149 id=157 clt=1 wrkr=11 slot=6 size=41 src=worker:11 dst=client:1
event=hand_send ts_ns=7705796 id=157 clt=1 wrkr=11 slot=6 size=10 src=client:1 dst=worker:11
event=resp_rdma_read ts_ns=7916507 id=122 start_ns=6280547 dur_ns=1635960 clt=1 wrkr=11 slot=3 size=512008 src=worker:11 dst=client:1
event=req_send ts_ns=7916507 id=160 clt=1 wrkr=8 slot=5 size=17 src=client:1 dst=worker:8
event=resp_recv_ud ts_ns=7968110 id=160 clt=1 wrkr=8 slot=5 size=41 src=worker:8 dst=client:1
event=hand_send ts_ns=7976757 id=160 clt=1 wrkr=8 slot=5 size=10 src=client:1 dst=worker:8
event=resp_rdma_read ts_ns=8128154 id=128 start_ns=6603067 dur_ns=1525087 clt=1 wrkr=1 slot=6 size=512008 src=worker:1 dst=client:1
event=req_send ts_ns=8128154 id=162 clt=1 wrkr=6 slot=4 size=17 src=client:1 dst=worker:6
event=resp_recv_ud ts_ns=8187698 id=162 clt=1 wrkr=6 slot=4 size=41 src=worker:6 dst=client:1
event=hand_send ts_ns=8196345 id=162 clt=1 wrkr=6 slot=4 size=10 src=client:1 dst=worker:6
event=resp_rdma_read ts_ns=8420977 id=139 start_ns=6973962 dur_ns=1447015 clt=1 wrkr=3 slot=2 size=512008 src=worker:3 dst=client:1
event=req_send ts_ns=8420977 id=166 clt=1 wrkr=9 slot=6 size=17 src=client:1 dst=worker:9
event=resp_recv_ud ts_ns=8479343 id=166 clt=1 wrkr=9 slot=6 size=41 src=worker:9 dst=client:1
event=hand_send ts_ns=8487990 id=166 clt=1 wrkr=9 slot=6 size=10 src=client:1 dst=worker:9
event=resp_rdma_read ts_ns=9238911 id=160 start_ns=7976757 dur_ns=1262154 clt=1 wrkr=8 slot=5 size=512008 src=worker:8 dst=client:1
event=req_send ts_ns=9238911 id=180 clt=1 wrkr=3 slot=3 size=17 src=client:1 dst=worker:3
event=resp_rdma_read ts_ns=9271296 id=142 start_ns=7160615 dur_ns=2110681 clt=1 wrkr=0 slot=5 size=512008 src=worker:0 dst=client:1
event=req_send ts_ns=9271296 id=181 clt=1 wrkr=5 slot=1 size=17 src=client:1 dst=worker:5
event=resp_rdma_read ts_ns=9283717 id=145 start_ns=7231222 dur_ns=2052495 clt=1 wrkr=2 slot=2 size=512008 src=worker:2 dst=client:1
event=req_send ts_ns=9283717 id=182 clt=1 wrkr=4 slot=3 size=17 src=client:1 dst=worker:4
event=resp_recv_ud ts_ns=9299269 id=180 clt=1 wrkr=3 slot=3 size=41 src=worker:3 dst=client:1
event=hand_send ts_ns=9307916 id=180 clt=1 wrkr=3 slot=3 size=10 src=client:1 dst=worker:3
event=resp_recv_ud ts_ns=9327596 id=181 clt=1 wrkr=5 slot=1 size=41 src=worker:5 dst=client:1
event=hand_send ts_ns=9336243 id=181 clt=1 wrkr=5 slot=1 size=10 src=client:1 dst=worker:5
event=resp_recv_ud ts_ns=9341983 id=182 clt=1 wrkr=4 slot=3 size=41 src=worker:4 dst=client:1
event=hand_send ts_ns=9350630 id=182 clt=1 wrkr=4 slot=3 size=10 src=client:1 dst=worker:4
event=resp_rdma_read ts_ns=9519576 id=157 start_ns=7705796 dur_ns=1813780 clt=1 wrkr=11 slot=6 size=512008 src=worker:11 dst=client:1
event=req_send ts_ns=9519576 id=185 clt=1 wrkr=6 slot=5 size=17 src=client:1 dst=worker:6
event=resp_rdma_read ts_ns=9544454 id=143 start_ns=7202913 dur_ns=2341541 clt=1 wrkr=11 slot=4 size=512008 src=worker:11 dst=client:1
event=req_send ts_ns=9544454 id=186 clt=1 wrkr=9 slot=7 size=17 src=client:1 dst=worker:9
event=resp_recv_ud ts_ns=9577473 id=185 clt=1 wrkr=6 slot=5 size=41 src=worker:6 dst=client:1
event=hand_send ts_ns=9586120 id=185 clt=1 wrkr=6 slot=5 size=10 src=client:1 dst=worker:6
event=resp_recv_ud ts_ns=9602903 id=186 clt=1 wrkr=9 slot=7 size=41 src=worker:9 dst=client:1
event=resp_rdma_read ts_ns=9603334 id=152 start_ns=7540806 dur_ns=2062528 clt=1 wrkr=2 slot=3 size=512008 src=worker:2 dst=client:1
event=req_send ts_ns=9603334 id=188 clt=1 wrkr=8 slot=6 size=17 src=client:1 dst=worker:8
event=hand_send ts_ns=9611550 id=186 clt=1 wrkr=9 slot=7 size=10 src=client:1 dst=worker:9
event=resp_rdma_read ts_ns=9627071 id=153 start_ns=7574674 dur_ns=2052397 clt=1 wrkr=2 slot=4 size=512008 src=worker:2 dst=client:1
event=req_send ts_ns=9627071 id=189 clt=1 wrkr=10 slot=3 size=17 src=client:1 dst=worker:10
event=resp_rdma_read ts_ns=9627322 id=148 start_ns=7309010 dur_ns=2318312 clt=1 wrkr=11 slot=5 size=512008 src=worker:11 dst=client:1
event=req_send ts_ns=9627322 id=190 clt=1 wrkr=3 slot=4 size=17 src=client:1 dst=worker:3
event=resp_rdma_read ts_ns=9630052 id=156 start_ns=7625380 dur_ns=2004672 clt=1 wrkr=4 slot=2 size=512008 src=worker:4 dst=client:1
event=req_send ts_ns=9630052 id=191 clt=1 wrkr=4 slot=4 size=17 src=client:1 dst=worker:4
event=resp_rdma_read ts_ns=9648276 id=154 start_ns=7576222 dur_ns=2072054 clt=1 wrkr=9 slot=5 size=512008 src=worker:9 dst=client:1
event=req_send ts_ns=9648276 id=192 clt=1 wrkr=4 slot=5 size=17 src=client:1 dst=worker:4
event=resp_recv_ud ts_ns=9662642 id=188 clt=1 wrkr=8 slot=6 size=41 src=worker:8 dst=client:1
event=hand_send ts_ns=9671289 id=188 clt=1 wrkr=8 slot=6 size=10 src=client:1 dst=worker:8
event=resp_recv_ud ts_ns=9686119 id=189 clt=1 wrkr=10 slot=3 size=41 src=worker:10 dst=client:1
event=resp_recv_ud ts_ns=9687285 id=190 clt=1 wrkr=3 slot=4 size=41 src=worker:3 dst=client:1
event=resp_recv_ud ts_ns=9690446 id=191 clt=1 wrkr=4 slot=4 size=41 src=worker:4 dst=client:1
event=hand_send ts_ns=9694766 id=189 clt=1 wrkr=10 slot=3 size=10 src=client:1 dst=worker:10
event=hand_send ts_ns=9695932 id=190 clt=1 wrkr=3 slot=4 size=10 src=client:1 dst=worker:3
event=hand_send ts_ns=9699093 id=191 clt=1 wrkr=4 slot=4 size=10 src=client:1 dst=worker:4
event=resp_recv_ud ts_ns=9708169 id=192 clt=1 wrkr=4 slot=5 size=41 src=worker:4 dst=client:1
event=hand_send ts_ns=9716816 id=192 clt=1 wrkr=4 slot=5 size=10 src=client:1 dst=worker:4
event=resp_rdma_read ts_ns=9831105 id=162 start_ns=8196345 dur_ns=1634760 clt=1 wrkr=6 slot=4 size=512008 src=worker:6 dst=client:1
event=req_send ts_ns=9831105 id=198 clt=1 wrkr=6 slot=6 size=17 src=client:1 dst=worker:6
event=resp_recv_ud ts_ns=9896768 id=198 clt=1 wrkr=6 slot=6 size=41 src=worker:6 dst=client:1
event=hand_send ts_ns=9905415 id=198 clt=1 wrkr=6 slot=6 size=10 src=client:1 dst=worker:6
event=resp_rdma_read ts_ns=10102382 id=166 start_ns=8487990 dur_ns=1614392 clt=1 wrkr=9 slot=6 size=512008 src=worker:9 dst=client:1
event=req_send ts_ns=10102382 id=203 clt=1 wrkr=11 slot=7 size=17 src=client:1 dst=worker:11
event=resp_recv_ud ts_ns=10154576 id=203 clt=1 wrkr=11 slot=7 size=41 src=worker:11 dst=client:1
event=hand_send ts_ns=10163223 id=203 clt=1 wrkr=11 slot=7 size=10 src=client:1 dst=worker:11
event=resp_rdma_read ts_ns=10719278 id=180 start_ns=9307916 dur_ns=1411362 clt=1 wrkr=3 slot=3 size=512008 src=worker:3 dst=client:1
event=req_send ts_ns=10719278 id=213 clt=1 wrkr=10 slot=4 size=17 src=client:1 dst=worker:10
event=resp_recv_ud ts_ns=10771820 id=213 clt=1 wrkr=10 slot=4 size=41 src=worker:10 dst=client:1
event=hand_send ts_ns=10780467 id=213 clt=1 wrkr=10 slot=4 size=10 src=client:1 dst=worker:10
event=resp_rdma_read ts_ns=10820508 id=182 start_ns=9350630 dur_ns=1469878 clt=1 wrkr=4 slot=3 size=512008 src=worker:4 dst=client:1
event=req_send ts_ns=10820508 id=215 clt=1 wrkr=2 slot=5 size=17 src=client:1 dst=worker:2
event=resp_recv_ud ts_ns=10880419 id=215 clt=1 wrkr=2 slot=5 size=41 src=worker:2 dst=client:1
event=resp_rdma_read ts_ns=10883886 id=181 start_ns=9336243 dur_ns=1547643 clt=1 wrkr=5 slot=1 size=512008 src=worker:5 dst=client:1
event=req_send ts_ns=10883886 id=217 clt=1 wrkr=9 slot=8 size=17 src=client:1 dst=worker:9
event=hand_send ts_ns=10889066 id=215 clt=1 wrkr=2 slot=5 size=10 src=client:1 dst=worker:2
event=resp_recv_ud ts_ns=10943226 id=217 clt=1 wrkr=9 slot=8 size=41 src=worker:9 dst=client:1
event=hand_send ts_ns=10951873 id=217 clt=1 wrkr=9 slot=8 size=10 src=client:1 dst=worker:9
event=resp_rdma_read ts_ns=11372896 id=185 start_ns=9586120 dur_ns=1786776 clt=1 wrkr=6 slot=5 size=512008 src=worker:6 dst=client:1
event=req_send ts_ns=11372896 id=222 clt=1 wrkr=0 slot=6 size=17 src=client:1 dst=worker:0
event=resp_rdma_read ts_ns=11401331 id=186 start_ns=9611550 dur_ns=1789781 clt=1 wrkr=9 slot=7 size=512008 src=worker:9 dst=client:1
event=req_send ts_ns=11401331 id=223 clt=1 wrkr=5 slot=2 size=17 src=client:1 dst=worker:5
event=resp_recv_ud ts_ns=11431269 id=222 clt=1 wrkr=0 slot=6 size=41 src=worker:0 dst=client:1
event=hand_send ts_ns=11439916 id=222 clt=1 wrkr=0 slot=6 size=10 src=client:1 dst=worker:0
event=resp_recv_ud ts_ns=11451904 id=223 clt=1 wrkr=5 slot=2 size=41 src=worker:5 dst=client:1
event=hand_send ts_ns=11460551 id=223 clt=1 wrkr=5 slot=2 size=10 src=client:1 dst=worker:5
event=resp_rdma_read ts_ns=11499465 id=192 start_ns=9716816 dur_ns=1782649 clt=1 wrkr=4 slot=5 size=512008 src=worker:4 dst=client:1
event=req_send ts_ns=11499465 id=225 clt=1 wrkr=11 slot=8 size=17 src=client:1 dst=worker:11
event=resp_recv_ud ts_ns=11547332 id=225 clt=1 wrkr=11 slot=8 size=41 src=worker:11 dst=client:1
event=resp_rdma_read ts_ns=11552031 id=188 start_ns=9671289 dur_ns=1880742 clt=1 wrkr=8 slot=6 size=512008 src=worker:8 dst=client:1
event=req_send ts_ns=11552031 id=226 clt=1 wrkr=6 slot=7 size=17 src=client:1 dst=worker:6
event=hand_send ts_ns=11555979 id=225 clt=1 wrkr=11 slot=8 size=10 src=client:1 dst=worker:11
event=resp_rdma_read ts_ns=11594385 id=190 start_ns=9695932 dur_ns=1898453 clt=1 wrkr=3 slot=4 size=512008 src=worker:3 dst=client:1
event=req_send ts_ns=11594385 id=227 clt=1 wrkr=1 slot=7 size=17 src=client:1 dst=worker:1
event=resp_recv_ud ts_ns=11605511 id=226 clt=1 wrkr=6 slot=7 size=41 src=worker:6 dst=client:1
event=resp_rdma_read ts_ns=11610257 id=189 start_ns=9694766 dur_ns=1915491 clt=1 wrkr=10 slot=3 size=512008 src=worker:10 dst=client:1
event=req_send ts_ns=11610257 id=228 clt=1 wrkr=11 slot=9 size=17 src=client:1 dst=worker:11
event=hand_send ts_ns=11614158 id=226 clt=1 wrkr=6 slot=7 size=10 src=client:1 dst=worker:6
event=resp_recv_ud ts_ns=11650147 id=227 clt=1 wrkr=1 slot=7 size=41 src=worker:1 dst=client:1
event=hand_send ts_ns=11658794 id=227 clt=1 wrkr=1 slot=7 size=10 src=client:1 dst=worker:1
event=resp_recv_ud ts_ns=11666489 id=228 clt=1 wrkr=11 slot=9 size=41 src=worker:11 dst=client:1
event=resp_rdma_read ts_ns=11668984 id=191 start_ns=9699093 dur_ns=1969891 clt=1 wrkr=4 slot=4 size=512008 src=worker:4 dst=client:1
event=req_send ts_ns=11668984 id=232 clt=1 wrkr=4 slot=6 size=17 src=client:1 dst=worker:4
event=hand_send ts_ns=11675136 id=228 clt=1 wrkr=11 slot=9 size=10 src=client:1 dst=worker:11
event=resp_recv_ud ts_ns=11727401 id=232 clt=1 wrkr=4 slot=6 size=41 src=worker:4 dst=client:1
event=hand_send ts_ns=11736048 id=232 clt=1 wrkr=4 slot=6 size=10 src=client:1 dst=worker:4
event=resp_rdma_read ts_ns=12087991 id=213 start_ns=10780467 dur_ns=1307524 clt=1 wrkr=10 slot=4 size=512008 src=worker:10 dst=client:1
event=req_send ts_ns=12087991 id=241 clt=1 wrkr=3 slot=5 size=17 src=client:1 dst=worker:3
event=resp_rdma_read ts_ns=12152377 id=198 start_ns=9905415 dur_ns=2246962 clt=1 wrkr=6 slot=6 size=512008 src=worker:6 dst=client:1
event=req_send ts_ns=12152377 id=244 clt=1 wrkr=9 slot=9 size=17 src=client:1 dst=worker:9
event=resp_recv_ud ts_ns=12153954 id=241 clt=1 wrkr=3 slot=5 size=41 src=worker:3 dst=client:1
event=hand_send ts_ns=12162601 id=241 clt=1 wrkr=3 slot=5 size=10 src=client:1 dst=worker:3
event=resp_rdma_read ts_ns=12178946 id=203 start_ns=10163223 dur_ns=2015723 clt=1 wrkr=11 slot=7 size=512008 src=worker:11 dst=client:1
event=req_send ts_ns=12178946 id=246 clt=1 wrkr=6 slot=8 size=17 src=client:1 dst=worker:6
event=resp_recv_ud ts_ns=12218013 id=244 clt=1 wrkr=9 slot=9 size=41 src=worker:9 dst=client:1
event=hand_send ts_ns=12226660 id=244 clt=1 wrkr=9 slot=9 size=10 src=client:1 dst=worker:9
event=resp_recv_ud ts_ns=12245920 id=246 clt=1 wrkr=6 slot=8 size=41 src=worker:6 dst=client:1
event=hand_send ts_ns=12254567 id=246 clt=1 wrkr=6 slot=8 size=10 src=client:1 dst=worker:6
event=resp_rdma_read ts_ns=12602378 id=215 start_ns=10889066 dur_ns=1713312 clt=1 wrkr=2 slot=5 size=512008 src=worker:2 dst=client:1
event=req_send ts_ns=12602378 id=252 clt=1 wrkr=5 slot=3 size=17 src=client:1 dst=worker:5
event=resp_recv_ud ts_ns=12664903 id=252 clt=1 wrkr=5 slot=3 size=41 src=worker:5 dst=client:1
event=resp_rdma_read ts_ns=12672345 id=225 start_ns=11555979 dur_ns=1116366 clt=1 wrkr=11 slot=8 size=512008 src=worker:11 dst=client:1
event=req_send ts_ns=12672345 id=254 clt=1 wrkr=6 slot=9 size=17 src=client:1 dst=worker:6
event=hand_send ts_ns=12673550 id=252 clt=1 wrkr=5 slot=3 size=10 src=client:1 dst=worker:5
event=resp_rdma_read ts_ns=12695680 id=217 start_ns=10951873 dur_ns=1743807 clt=1 wrkr=9 slot=8 size=512008 src=worker:9 dst=client:1
event=req_send ts_ns=12695680 id=255 clt=1 wrkr=9 slot=10 size=17 src=client:1 dst=worker:9
event=resp_recv_ud ts_ns=12735141 id=254 clt=1 wrkr=6 slot=9 size=41 src=worker:6 dst=client:1
event=hand_send ts_ns=12743788 id=254 clt=1 wrkr=6 slot=9 size=10 src=client:1 dst=worker:6
event=resp_recv_ud ts_ns=12754855 id=255 clt=1 wrkr=9 slot=10 size=41 src=worker:9 dst=client:1
event=hand_send ts_ns=12763502 id=255 clt=1 wrkr=9 slot=10 size=10 src=client:1 dst=worker:9
event=resp_rdma_read ts_ns=13090048 id=222 start_ns=11439916 dur_ns=1650132 clt=1 wrkr=0 slot=6 size=512008 src=worker:0 dst=client:1
event=req_send ts_ns=13090048 id=260 clt=1 wrkr=8 slot=7 size=17 src=client:1 dst=worker:8
event=resp_rdma_read ts_ns=13134952 id=223 start_ns=11460551 dur_ns=1674401 clt=1 wrkr=5 slot=2 size=512008 src=worker:5 dst=client:1
event=req_send ts_ns=13134952 id=262 clt=1 wrkr=5 slot=4 size=17 src=client:1 dst=worker:5
event=resp_recv_ud ts_ns=13137191 id=260 clt=1 wrkr=8 slot=7 size=41 src=worker:8 dst=client:1
event=hand_send ts_ns=13145838 id=260 clt=1 wrkr=8 slot=7 size=10 src=client:1 dst=worker:8
event=resp_rdma_read ts_ns=13189599 id=226 start_ns=11614158 dur_ns=1575441 clt=1 wrkr=6 slot=7 size=512008 src=worker:6 dst=client:1
event=req_send ts_ns=13189599 id=263 clt=1 wrkr=4 slot=7 size=17 src=client:1 dst=worker:4
event=resp_recv_ud ts_ns=13194199 id=262 clt=1 wrkr=5 slot=4 size=41 src=worker:5 dst=client:1
event=hand_send ts_ns=13202846 id=262 clt=1 wrkr=5 slot=4 size=10 src=client:1 dst=worker:5
event=resp_recv_ud ts_ns=13245391 id=263 clt=1 wrkr=4 slot=7 size=41 src=worker:4 dst=client:1
event=hand_send ts_ns=13254038 id=263 clt=1 wrkr=4 slot=7 size=10 src=client:1 dst=worker:4
event=resp_rdma_read ts_ns=13405395 id=227 start_ns=11658794 dur_ns=1746601 clt=1 wrkr=1 slot=7 size=512008 src=worker:1 dst=client:1
event=req_send ts_ns=13405395 id=265 clt=1 wrkr=2 slot=6 size=17 src=client:1 dst=worker:2
event=resp_rdma_read ts_ns=13450470 id=228 start_ns=11675136 dur_ns=1775334 clt=1 wrkr=11 slot=9 size=512008 src=worker:11 dst=client:1
event=req_send ts_ns=13450470 id=266 clt=1 wrkr=4 slot=8 size=17 src=client:1 dst=worker:4
event=resp_recv_ud ts_ns=13453153 id=265 clt=1 wrkr=2 slot=6 size=41 src=worker:2 dst=client:1
event=hand_send ts_ns=13461800 id=265 clt=1 wrkr=2 slot=6 size=10 src=client:1 dst=worker:2
event=resp_recv_ud ts_ns=13505514 id=266 clt=1 wrkr=4 slot=8 size=41 src=worker:4 dst=client:1
event=hand_send ts_ns=13514161 id=266 clt=1 wrkr=4 slot=8 size=10 src=client:1 dst=worker:4
event=resp_rdma_read ts_ns=13535146 id=232 start_ns=11736048 dur_ns=1799098 clt=1 wrkr=4 slot=6 size=512008 src=worker:4 dst=client:1
event=req_send ts_ns=13535146 id=269 clt=1 wrkr=5 slot=5 size=17 src=client:1 dst=worker:5
event=resp_recv_ud ts_ns=13596244 id=269 clt=1 wrkr=5 slot=5 size=41 src=worker:5 dst=client:1
event=hand_send ts_ns=13604891 id=269 clt=1 wrkr=5 slot=5 size=10 src=client:1 dst=worker:5
event=resp_rdma_read ts_ns=14346645 id=255 start_ns=12763502 dur_ns=1583143 clt=1 wrkr=9 slot=10 size=512008 src=worker:9 dst=client:1
event=req_send ts_ns=14346645 id=278 clt=1 wrkr=9 slot=11 size=17 src=client:1 dst=worker:9
event=resp_recv_ud ts_ns=14384452 id=278 clt=1 wrkr=9 slot=11 size=41 src=worker:9 dst=client:1
event=hand_send ts_ns=14393099 id=278 clt=1 wrkr=9 slot=11 size=10 src=client:1 dst=worker:9
event=resp_rdma_read ts_ns=14402407 id=254 start_ns=12743788 dur_ns=1658619 clt=1 wrkr=6 slot=9 size=512008 src=worker:6 dst=client:1
event=req_send ts_ns=14402407 id=282 clt=1 wrkr=9 slot=0 size=17 src=client:1 dst=worker:9
event=resp_rdma_read ts_ns=14421143 id=241 start_ns=12162601 dur_ns=2258542 clt=1 wrkr=3 slot=5 size=512008 src=worker:3 dst=client:1
event=req_send ts_ns=14421143 id=284 clt=1 wrkr=7 slot=3 size=17 src=client:1 dst=worker:7
event=resp_rdma_read ts_ns=14433592 id=252 start_ns=12673550 dur_ns=1760042 clt=1 wrkr=5 slot=3 size=512008 src=worker:5 dst=client:1
event=req_send ts_ns=14433592 id=285 clt=1 wrkr=3 slot=6 size=17 src=client:1 dst=worker:3
event=resp_recv_ud ts_ns=14459503 id=282 clt=1 wrkr=9 slot=0 size=41 src=worker:9 dst=client:1
event=hand_send ts_ns=14468150 id=282 clt=1 wrkr=9 slot=0 size=10 src=client:1 dst=worker:9
event=resp_recv_ud ts_ns=14479125 id=284 clt=1 wrkr=7 slot=3 size=41 src=worker:7 dst=client:1
event=hand_send ts_ns=14487772 id=284 clt=1 wrkr=7 slot=3 size=10 src=client:1 dst=worker:7
event=resp_recv_ud ts_ns=14490840 id=285 clt=1 wrkr=3 slot=6 size=41 src=worker:3 dst=client:1
event=hand_send ts_ns=14499487 id=285 clt=1 wrkr=3 slot=6 size=10 src=client:1 dst=worker:3
event=resp_rdma_read ts_ns=14526646 id=246 start_ns=12254567 dur_ns=2272079 clt=1 wrkr=6 slot=8 size=512008 src=worker:6 dst=client:1
event=req_send ts_ns=14526646 id=291 clt=1 wrkr=11 slot=10 size=17 src=client:1 dst=worker:11
event=resp_recv_ud ts_ns=14587812 id=291 clt=1 wrkr=11 slot=10 size=41 src=worker:11 dst=client:1
event=hand_send ts_ns=14596459 id=291 clt=1 wrkr=11 slot=10 size=10 src=client:1 dst=worker:11
event=resp_rdma_read ts_ns=14643508 id=263 start_ns=13254038 dur_ns=1389470 clt=1 wrkr=4 slot=7 size=512008 src=worker:4 dst=client:1
event=req_send ts_ns=14643508 id=294 clt=1 wrkr=10 slot=5 size=17 src=client:1 dst=worker:10
event=resp_recv_ud ts_ns=14709360 id=294 clt=1 wrkr=10 slot=5 size=41 src=worker:10 dst=client:1
event=hand_send ts_ns=14718007 id=294 clt=1 wrkr=10 slot=5 size=10 src=client:1 dst=worker:10
event=resp_rdma_read ts_ns=14730727 id=244 start_ns=12226660 dur_ns=2504067 clt=1 wrkr=9 slot=9 size=512008 src=worker:9 dst=client:1
event=req_send ts_ns=14730727 id=296 clt=1 wrkr=9 slot=1 size=17 src=client:1 dst=worker:9
event=resp_recv_ud ts_ns=14795956 id=296 clt=1 wrkr=9 slot=1 size=41 src=worker:9 dst=client:1
event=hand_send ts_ns=14804603 id=296 clt=1 wrkr=9 slot=1 size=10 src=client:1 dst=worker:9
event=resp_rdma_read ts_ns=14956564 id=260 start_ns=13145838 dur_ns=1810726 clt=1 wrkr=8 slot=7 size=512008 src=worker:8 dst=client:1
event=req_send ts_ns=14956564 id=299 clt=1 wrkr=10 slot=6 size=17 src=client:1 dst=worker:10
event=resp_recv_ud ts_ns=15023227 id=299 clt=1 wrkr=10 slot=6 size=41 src=worker:10 dst=client:1
event=hand_send ts_ns=15031874 id=299 clt=1 wrkr=10 slot=6 size=10 src=client:1 dst=worker:10
event=resp_rdma_read ts_ns=15064010 id=262 start_ns=13202846 dur_ns=1861164 clt=1 wrkr=5 slot=4 size=512008 src=worker:5 dst=client:1
event=req_send ts_ns=15064010 id=301 clt=1 wrkr=2 slot=7 size=17 src=client:1 dst=worker:2
event=resp_recv_ud ts_ns=15122165 id=301 clt=1 wrkr=2 slot=7 size=41 src=worker:2 dst=client:1
event=hand_send ts_ns=15130812 id=301 clt=1 wrkr=2 slot=7 size=10 src=client:1 dst=worker:2
event=resp_rdma_read ts_ns=15260715 id=266 start_ns=13514161 dur_ns=1746554 clt=1 wrkr=4 slot=8 size=512008 src=worker:4 dst=client:1
event=req_send ts_ns=15260715 id=303 clt=1 wrkr=1 slot=8 size=17 src=client:1 dst=worker:1
event=resp_rdma_read ts_ns=15295129 id=265 start_ns=13461800 dur_ns=1833329 clt=1 wrkr=2 slot=6 size=512008 src=worker:2 dst=client:1
event=req_send ts_ns=15295129 id=305 clt=1 wrkr=0 slot=7 size=17 src=client:1 dst=worker:0
event=resp_recv_ud ts_ns=15324366 id=303 clt=1 wrkr=1 slot=8 size=41 src=worker:1 dst=client:1
event=hand_send ts_ns=15333013 id=303 clt=1 wrkr=1 slot=8 size=10 src=client:1 dst=worker:1
event=resp_recv_ud ts_ns=15350515 id=305 clt=1 wrkr=0 slot=7 size=41 src=worker:0 dst=client:1
event=resp_rdma_read ts_ns=15355303 id=269 start_ns=13604891 dur_ns=1750412 clt=1 wrkr=5 slot=5 size=512008 src=worker:5 dst=client:1
event=req_send ts_ns=15355303 id=308 clt=1 wrkr=5 slot=6 size=17 src=client:1 dst=worker:5
event=hand_send ts_ns=15359162 id=305 clt=1 wrkr=0 slot=7 size=10 src=client:1 dst=worker:0
event=resp_recv_ud ts_ns=15412134 id=308 clt=1 wrkr=5 slot=6 size=41 src=worker:5 dst=client:1
event=hand_send ts_ns=15420781 id=308 clt=1 wrkr=5 slot=6 size=10 src=client:1 dst=worker:5
event=resp_rdma_read ts_ns=16024606 id=278 start_ns=14393099 dur_ns=1631507 clt=1 wrkr=9 slot=11 size=512008 src=worker:9 dst=client:1
event=req_send ts_ns=16024606 id=315 clt=1 wrkr=11 slot=11 size=17 src=client:1 dst=worker:11
event=resp_recv_ud ts_ns=16081691 id=315 clt=1 wrkr=11 slot=11 size=41 src=worker:11 dst=client:1
event=hand_send ts_ns=16090338 id=315 clt=1 wrkr=11 slot=11 size=10 src=client:1 dst=worker:11
event=resp_rdma_read ts_ns=16242835 id=282 start_ns=14468150 dur_ns=1774685 clt=1 wrkr=9 slot=0 size=512008 src=worker:9 dst=client:1
event=req_send ts_ns=16242835 id=320 clt=1 wrkr=5 slot=7 size=17 src=client:1 dst=worker:5
event=resp_rdma_read ts_ns=16290028 id=284 start_ns=14487772 dur_ns=1802256 clt=1 wrkr=7 slot=3 size=512008 src=worker:7 dst=client:1
event=req_send ts_ns=16290028 id=321 clt=1 wrkr=7 slot=4 size=17 src=client:1 dst=worker:7
event=resp_recv_ud ts_ns=16296434 id=320 clt=1 wrkr=5 slot=7 size=41 src=worker:5 dst=client:1
event=hand_send ts_ns=16305081 id=320 clt=1 wrkr=5 slot=7 size=10 src=client:1 dst=worker:5
event=resp_recv_ud ts_ns=16344329 id=321 clt=1 wrkr=7 slot=4 size=41 src=worker:7 dst=client:1
event=hand_send ts_ns=16352976 id=321 clt=1 wrkr=7 slot=4 size=10 src=client:1 dst=worker:7
event=resp_rdma_read ts_ns=16386145 id=285 start_ns=14499487 dur_ns=1886658 clt=1 wrkr=3 slot=6 size=512008 src=worker:3 dst=client:1
event=req_send ts_ns=16386145 id=323 clt=1 wrkr=10 slot=7 size=17 src=client:1 dst=worker:10
event=resp_recv_ud ts_ns=16436875 id=323 clt=1 wrkr=10 slot=7 size=41 src=worker:10 dst=client:1
event=hand_send ts_ns=16445522 id=323 clt=1 wrkr=10 slot=7 size=10 src=client:1 dst=worker:10
event=resp_rdma_read ts_ns=16576459 id=301 start_ns=15130812 dur_ns=1445647 clt=1 wrkr=2 slot=7 size=512008 src=worker:2 dst=client:1
event=req_send ts_ns=16576459 id=330 clt=1 wrkr=1 slot=9 size=17 src=client:1 dst=worker:1
event=resp_rdma_read ts_ns=16635425 id=291 start_ns=14596459 dur_ns=2038966 clt=1 wrkr=11 slot=10 size=512008 src=worker:11 dst=client:1
event=req_send ts_ns=16635425 id=331 clt=1 wrkr=1 slot=10 size=17 src=client:1 dst=worker:1
event=resp_recv_ud ts_ns=16638861 id=330 clt=1 wrkr=1 slot=9 size=41 src=worker:1 dst=client:1
event=hand_send ts_ns=16647508 id=330 clt=1 wrkr=1 slot=9 size=10 src=client:1 dst=worker:1
event=resp_recv_ud ts_ns=16697076 id=331 clt=1 wrkr=1 slot=10 size=41 src=worker:1 dst=client:1
event=hand_send ts_ns=16705723 id=331 clt=1 wrkr=1 slot=10 size=10 src=client:1 dst=worker:1
event=resp_rdma_read ts_ns=16780848 id=299 start_ns=15031874 dur_ns=1748974 clt=1 wrkr=10 slot=6 size=512008 src=worker:10 dst=client:1
event=req_send ts_ns=16780848 id=333 clt=1 wrkr=9 slot=2 size=17 src=client:1 dst=worker:9
event=resp_recv_ud ts_ns=16842162 id=333 clt=1 wrkr=9 slot=2 size=41 src=worker:9 dst=client:1
event=hand_send ts_ns=16850809 id=333 clt=1 wrkr=9 slot=2 size=10 src=client:1 dst=worker:9
event=resp_rdma_read ts_ns=16911847 id=294 start_ns=14718007 dur_ns=2193840 clt=1 wrkr=10 slot=5 size=512008 src=worker:10 dst=client:1
event=req_send ts_ns=16911847 id=334 clt=1 wrkr=0 slot=8 size=17 src=client:1 dst=worker:0
event=resp_rdma_read ts_ns=16929699 id=305 start_ns=15359162 dur_ns=1570537 clt=1 wrkr=0 slot=7 size=512008 src=worker:0 dst=client:1
event=req_send ts_ns=16929699 id=336 clt=1 wrkr=5 slot=8 size=17 src=client:1 dst=worker:5
event=resp_rdma_read ts_ns=16948166 id=308 start_ns=15420781 dur_ns=1527385 clt=1 wrkr=5 slot=6 size=512008 src=worker:5 dst=client:1
event=req_send ts_ns=16948166 id=338 clt=1 wrkr=8 slot=8 size=17 src=client:1 dst=worker:8
event=resp_recv_ud ts_ns=16960495 id=334 clt=1 wrkr=0 slot=8 size=41 src=worker:0 dst=client:1
event=hand_send ts_ns=16969142 id=334 clt=1 wrkr=0 slot=8 size=10 src=client:1 dst=worker:0
event=resp_rdma_read ts_ns=16988888 id=296 start_ns=14804603 dur_ns=2184285 clt=1 wrkr=9 slot=1 size=512008 src=worker:9 dst=client:1
event=req_send ts_ns=16988888 id=341 clt=1 wrkr=8 slot=9 size=17 src=client:1 dst=worker:8
event=resp_recv_ud ts_ns=16994996 id=336 clt=1 wrkr=5 slot=8 size=41 src=worker:5 dst=client:1
event=hand_send ts_ns=17003643 id=336 clt=1 wrkr=5 slot=8 size=10 src=client:1 dst=worker:5
event=resp_recv_ud ts_ns=17011111 id=338 clt=1 wrkr=8 slot=8 size=41 src=worker:8 dst=client:1
event=hand_send ts_ns=17019758 id=338 clt=1 wrkr=8 slot=8 size=10 src=client:1 dst=worker:8
event=resp_rdma_read ts_ns=17020567 id=303 start_ns=15333013 dur_ns=1687554 clt=1 wrkr=1 slot=8 size=512008 src=worker:1 dst=client:1
event=req_send ts_ns=17020567 id=342 clt=1 wrkr=9 slot=3 size=17 src=client:1 dst=worker:9
event=resp_recv_ud ts_ns=17052811 id=341 clt=1 wrkr=8 slot=9 size=41 src=worker:8 dst=client:1
event=hand_send ts_ns=17061458 id=341 clt=1 wrkr=8 slot=9 size=10 src=client:1 dst=worker:8
event=resp_recv_ud ts_ns=17084889 id=342 clt=1 wrkr=9 slot=3 size=41 src=worker:9 dst=client:1
event=hand_send ts_ns=17093536 id=342 clt=1 wrkr=9 slot=3 size=10 src=client:1 dst=worker:9
event=resp_rdma_read ts_ns=17366681 id=315 start_ns=16090338 dur_ns=1276343 clt=1 wrkr=11 slot=11 size=512008 src=worker:11 dst=client:1
event=req_send ts_ns=17366681 id=349 clt=1 wrkr=8 slot=10 size=17 src=client:1 dst=worker:8
event=resp_recv_ud ts_ns=17426429 id=349 clt=1 wrkr=8 slot=10 size=41 src=worker:8 dst=client:1
event=hand_send ts_ns=17435076 id=349 clt=1 wrkr=8 slot=10 size=10 src=client:1 dst=worker:8
event=resp_rdma_read ts_ns=18027953 id=320 start_ns=16305081 dur_ns=1722872 clt=1 wrkr=5 slot=7 size=512008 src=worker:5 dst=client:1
event=req_send ts_ns=18027953 id=356 clt=1 wrkr=1 slot=11 size=17 src=client:1 dst=worker:1
event=resp_rdma_read ts_ns=18038000 id=321 start_ns=16352976 dur_ns=1685024 clt=1 wrkr=7 slot=4 size=512008 src=worker:7 dst=client:1
event=req_send ts_ns=18038000 id=357 clt=1 wrkr=4 slot=9 size=17 src=client:1 dst=worker:4
event=resp_recv_ud ts_ns=18077756 id=356 clt=1 wrkr=1 slot=11 size=41 src=worker:1 dst=client:1
event=hand_send ts_ns=18086403 id=356 clt=1 wrkr=1 slot=11 size=10 src=client:1 dst=worker:1
event=resp_recv_ud ts_ns=18093977 id=357 clt=1 wrkr=4 slot=9 size=41 src=worker:4 dst=client:1
event=hand_send ts_ns=18102624 id=357 clt=1 wrkr=4 slot=9 size=10 src=client:1 dst=worker:4
event=resp_rdma_read ts_ns=18145440 id=323 start_ns=16445522 dur_ns=1699918 clt=1 wrkr=10 slot=7 size=512008 src=worker:10 dst=client:1
event=req_send ts_ns=18145440 id=360 clt=1 wrkr=8 slot=11 size=17 src=client:1 dst=worker:8
event=resp_recv_ud ts_ns=18202694 id=360 clt=1 wrkr=8 slot=11 size=41 src=worker:8 dst=client:1
event=hand_send ts_ns=18211341 id=360 clt=1 wrkr=8 slot=11 size=10 src=client:1 dst=worker:8
event=resp_rdma_read ts_ns=18298459 id=333 start_ns=16850809 dur_ns=1447650 clt=1 wrkr=9 slot=2 size=512008 src=worker:9 dst=client:1
event=req_send ts_ns=18298459 id=362 clt=1 wrkr=1 slot=0 size=17 src=client:1 dst=worker:1
event=resp_rdma_read ts_ns=18302715 id=331 start_ns=16705723 dur_ns=1596992 clt=1 wrkr=1 slot=10 size=512008 src=worker:1 dst=client:1
event=req_send ts_ns=18302715 id=363 clt=1 wrkr=6 slot=10 size=17 src=client:1 dst=worker:6
event=resp_recv_ud ts_ns=18346525 id=362 clt=1 wrkr=1 slot=0 size=41 src=worker:1 dst=client:1
event=hand_send ts_ns=18355172 id=362 clt=1 wrkr=1 slot=0 size=10 src=client:1 dst=worker:1
event=resp_recv_ud ts_ns=18362378 id=363 clt=1 wrkr=6 slot=10 size=41 src=worker:6 dst=client:1
event=hand_send ts_ns=18371025 id=363 clt=1 wrkr=6 slot=10 size=10 src=client:1 dst=worker:6
event=resp_rdma_read ts_ns=18645402 id=330 start_ns=16647508 dur_ns=1997894 clt=1 wrkr=1 slot=9 size=512008 src=worker:1 dst=client:1
event=req_send ts_ns=18645402 id=368 clt=1 wrkr=5 slot=9 size=17 src=client:1 dst=worker:5
event=resp_recv_ud ts_ns=18693249 id=368 clt=1 wrkr=5 slot=9 size=41 src=worker:5 dst=client:1
event=hand_send ts_ns=18701896 id=368 clt=1 wrkr=5 slot=9 size=10 src=client:1 dst=worker:5
event=resp_rdma_read ts_ns=18915030 id=336 start_ns=17003643 dur_ns=1911387 clt=1 wrkr=5 slot=8 size=512008 src=worker:5 dst=client:1
event=req_send ts_ns=18915030 id=372 clt=1 wrkr=7 slot=5 size=17 src=client:1 dst=worker:7
event=resp_rdma_read ts_ns=18923430 id=338 start_ns=17019758 dur_ns=1903672 clt=1 wrkr=8 slot=8 size=512008 src=worker:8 dst=client:1
event=req_send ts_ns=18923430 id=373 clt=1 wrkr=1 slot=1 size=17 src=client:1 dst=worker:1
event=resp_rdma_read ts_ns=18968244 id=334 start_ns=16969142 dur_ns=1999102 clt=1 wrkr=0 slot=8 size=512008 src=worker:0 dst=client:1
event=req_send ts_ns=18968244 id=376 clt=1 wrkr=8 slot=0 size=17 src=client:1 dst=worker:8
event=resp_recv_ud ts_ns=18973679 id=372 clt=1 wrkr=7 slot=5 size=41 src=worker:7 dst=client:1
event=hand_send ts_ns=18982326 id=372 clt=1 wrkr=7 slot=5 size=10 src=client:1 dst=worker:7
event=resp_recv_ud ts_ns=18983846 id=373 clt=1 wrkr=1 slot=1 size=41 src=worker:1 dst=client:1
event=resp_rdma_read ts_ns=18986441 id=341 start_ns=17061458 dur_ns=1924983 clt=1 wrkr=8 slot=9 size=512008 src=worker:8 dst=client:1
event=req_send ts_ns=18986441 id=378 clt=1 wrkr=3 slot=7 size=17 src=client:1 dst=worker:3
event=hand_send ts_ns=18992493 id=373 clt=1 wrkr=1 slot=1 size=10 src=client:1 dst=worker:1
event=resp_rdma_read ts_ns=19003415 id=349 start_ns=17435076 dur_ns=1568339 clt=1 wrkr=8 slot=10 size=512008 src=worker:8 dst=client:1
event=req_send ts_ns=19003415 id=380 clt=1 wrkr=11 slot=0 size=17 src=client:1 dst=worker:11
event=resp_recv_ud ts_ns=19025889 id=376 clt=1 wrkr=8 slot=0 size=41 src=worker:8 dst=client:1
event=hand_send ts_ns=19034536 id=376 clt=1 wrkr=8 slot=0 size=10 src=client:1 dst=worker:8
event=resp_recv_ud ts_ns=19044108 id=378 clt=1 wrkr=3 slot=7 size=41 src=worker:3 dst=client:1
event=hand_send ts_ns=19052755 id=378 clt=1 wrkr=3 slot=7 size=10 src=client:1 dst=worker:3
event=resp_recv_ud ts_ns=19061356 id=380 clt=1 wrkr=11 slot=0 size=41 src=worker:11 dst=client:1
event=hand_send ts_ns=19070003 id=380 clt=1 wrkr=11 slot=0 size=10 src=client:1 dst=worker:11
event=resp_rdma_read ts_ns=19148913 id=342 start_ns=17093536 dur_ns=2055377 clt=1 wrkr=9 slot=3 size=512008 src=worker:9 dst=client:1
event=req_send ts_ns=19148913 id=383 clt=1 wrkr=9 slot=4 size=17 src=client:1 dst=worker:9
event=resp_recv_ud ts_ns=19194994 id=383 clt=1 wrkr=9 slot=4 size=41 src=worker:9 dst=client:1
event=hand_send ts_ns=19203641 id=383 clt=1 wrkr=9 slot=4 size=10 src=client:1 dst=worker:9
event=resp_rdma_read ts_ns=19716382 id=360 start_ns=18211341 dur_ns=1505041 clt=1 wrkr=8 slot=11 size=512008 src=worker:8 dst=client:1
event=req_send ts_ns=19716382 id=393 clt=1 wrkr=11 slot=1 size=17 src=client:1 dst=worker:11
event=resp_rdma_read ts_ns=19737900 id=356 start_ns=18086403 dur_ns=1651497 clt=1 wrkr=1 slot=11 size=512008 src=worker:1 dst=client:1
event=req_send ts_ns=19737900 id=394 clt=1 wrkr=4 slot=10 size=17 src=client:1 dst=worker:4
event=resp_rdma_read ts_ns=19778822 id=357 start_ns=18102624 dur_ns=1676198 clt=1 wrkr=4 slot=9 size=512008 src=worker:4 dst=client:1
event=req_send ts_ns=19778822 id=395 clt=1 wrkr=7 slot=6 size=17 src=client:1 dst=worker:7
event=resp_recv_ud ts_ns=19778957 id=393 clt=1 wrkr=11 slot=1 size=41 src=worker:11 dst=client:1
event=hand_send ts_ns=19787604 id=393 clt=1 wrkr=11 slot=1 size=10 src=client:1 dst=worker:11
event=resp_recv_ud ts_ns=19796183 id=394 clt=1 wrkr=4 slot=10 size=41 src=worker:4 dst=client:1
event=hand_send ts_ns=19804830 id=394 clt=1 wrkr=4 slot=10 size=10 src=client:1 dst=worker:4
event=resp_recv_ud ts_ns=19842354 id=395 clt=1 wrkr=7 slot=6 size=41 src=worker:7 dst=client:1
event=hand_send ts_ns=19851001 id=395 clt=1 wrkr=7 slot=6 size=10 src=client:1 dst=worker:7
event=resp_rdma_read ts_ns=19854306 id=363 start_ns=18371025 dur_ns=1483281 clt=1 wrkr=6 slot=10 size=512008 src=worker:6 dst=client:1
event=req_send ts_ns=19854306 id=397 clt=1 wrkr=0 slot=9 size=17 src=client:1 dst=worker:0
event=resp_recv_ud ts_ns=19914458 id=397 clt=1 wrkr=0 slot=9 size=41 src=worker:0 dst=client:1
event=hand_send ts_ns=19923105 id=397 clt=1 wrkr=0 slot=9 size=10 src=client:1 dst=worker:0
event=resp_rdma_read ts_ns=19983778 id=368 start_ns=18701896 dur_ns=1281882 clt=1 wrkr=5 slot=9 size=512008 src=worker:5 dst=client:1
event=req_send ts_ns=19983778 id=398 clt=1 wrkr=5 slot=10 size=17 src=client:1 dst=worker:5
event=resp_recv_ud ts_ns=20021736 id=398 clt=1 wrkr=5 slot=10 size=41 src=worker:5 dst=client:1
event=hand_send ts_ns=20030383 id=398 clt=1 wrkr=5 slot=10 size=10 src=client:1 dst=worker:5
event=resp_rdma_read ts_ns=20066350 id=362 start_ns=18355172 dur_ns=1711178 clt=1 wrkr=1 slot=0 size=512008 src=worker:1 dst=client:1
event=req_send ts_ns=20066350 id=400 clt=1 wrkr=9 slot=5 size=17 src=client:1 dst=worker:9
event=resp_recv_ud ts_ns=20122415 id=400 clt=1 wrkr=9 slot=5 size=41 src=worker:9 dst=client:1
event=hand_send ts_ns=20131062 id=400 clt=1 wrkr=9 slot=5 size=10 src=client:1 dst=worker:9
event=resp_rdma_read ts_ns=20615640 id=383 start_ns=19203641 dur_ns=1411999 clt=1 wrkr=9 slot=4 size=512008 src=worker:9 dst=client:1
event=req_send ts_ns=20615640 id=406 clt=1 wrkr=2 slot=8 size=17 src=client:1 dst=worker:2
event=resp_recv_ud ts_ns=20655815 id=406 clt=1 wrkr=2 slot=8 size=41 src=worker:2 dst=client:1
event=resp_rdma_read ts_ns=20662087 id=373 start_ns=18992493 dur_ns=1669594 clt=1 wrkr=1 slot=1 size=512008 src=worker:1 dst=client:1
event=req_send ts_ns=20662087 id=410 clt=1 wrkr=1 slot=2 size=17 src=client:1 dst=worker:1
event=resp_rdma_read ts_ns=20662814 id=372 start_ns=18982326 dur_ns=1680488 clt=1 wrkr=7 slot=5 size=512008 src=worker:7 dst=client:1
event=req_send ts_ns=20662814 id=411 clt=1 wrkr=9 slot=6 size=17 src=client:1 dst=worker:9
event=hand_send ts_ns=20664462 id=406 clt=1 wrkr=2 slot=8 size=10 src=client:1 dst=worker:2
event=resp_recv_ud ts_ns=20722876 id=410 clt=1 wrkr=1 slot=2 size=41 src=worker:1 dst=client:1
event=resp_recv_ud ts_ns=20722880 id=411 clt=1 wrkr=9 slot=6 size=41 src=worker:9 dst=client:1
event=hand_send ts_ns=20731523 id=410 clt=1 wrkr=1 slot=2 size=10 src=client:1 dst=worker:1
event=hand_send ts_ns=20731527 id=411 clt=1 wrkr=9 slot=6 size=10 src=client:1 dst=worker:9
event=resp_rdma_read ts_ns=20829357 id=376 start_ns=19034536 dur_ns=1794821 clt=1 wrkr=8 slot=0 size=512008 src=worker:8 dst=client:1
event=req_send ts_ns=20829357 id=415 clt=1 wrkr=4 slot=11 size=17 src=client:1 dst=worker:4
event=resp_rdma_read ts_ns=20833252 id=378 start_ns=19052755 dur_ns=1780497 clt=1 wrkr=3 slot=7 size=512008 src=worker:3 dst=client:1
event=req_send ts_ns=20833252 id=416 clt=1 wrkr=1 slot=3 size=17 src=client:1 dst=worker:1
event=resp_recv_ud ts_ns=20890546 id=415 clt=1 wrkr=4 slot=11 size=41 src=worker:4 dst=client:1
event=resp_recv_ud ts_ns=20894786 id=416 clt=1 wrkr=1 slot=3 size=41 src=worker:1 dst=client:1
event=hand_send ts_ns=20899193 id=415 clt=1 wrkr=4 slot=11 size=10 src=client:1 dst=worker:4
event=hand_send ts_ns=20903433 id=416 clt=1 wrkr=1 slot=3 size=10 src=client:1 dst=worker:1
event=resp_rdma_read ts_ns=20919236 id=380 start_ns=19070003 dur_ns=1849233 clt=1 wrkr=11 slot=0 size=512008 src=worker:11 dst=client:1
event=req_send ts_ns=20919236 id=418 clt=1 wrkr=4 slot=0 size=17 src=client:1 dst=worker:4
event=resp_recv_ud ts_ns=20980646 id=418 clt=1 wrkr=4 slot=0 size=41 src=worker:4 dst=client:1
event=hand_send ts_ns=20989293 id=418 clt=1 wrkr=4 slot=0 size=10 src=client:1 dst=worker:4
event=resp_rdma_read ts_ns=21289645 id=397 start_ns=19923105 dur_ns=1366540 clt=1 wrkr=0 slot=9 size=512008 src=worker:0 dst=client:1
event=req_send ts_ns=21289645 id=423 clt=1 wrkr=10 slot=8 size=17 src=client:1 dst=worker:10
event=resp_rdma_read ts_ns=21339424 id=394 start_ns=19804830 dur_ns=1534594 clt=1 wrkr=4 slot=10 size=512008 src=worker:4 dst=client:1
event=req_send ts_ns=21339424 id=425 clt=1 wrkr=4 slot=1 size=17 src=client:1 dst=worker:4
event=resp_recv_ud ts_ns=21353156 id=423 clt=1 wrkr=10 slot=8 size=41 src=worker:10 dst=client:1
event=hand_send ts_ns=21361803 id=423 clt=1 wrkr=10 slot=8 size=10 src=client:1 dst=worker:10
event=resp_recv_ud ts_ns=21401522 id=425 clt=1 wrkr=4 slot=1 size=41 src=worker:4 dst=client:1
event=hand_send ts_ns=21410169 id=425 clt=1 wrkr=4 slot=1 size=10 src=client:1 dst=worker:4
event=resp_rdma_read ts_ns=21435643 id=393 start_ns=19787604 dur_ns=1648039 clt=1 wrkr=11 slot=1 size=512008 src=worker:11 dst=client:1
event=req_send ts_ns=21435643 id=428 clt=1 wrkr=2 slot=9 size=17 src=client:1 dst=worker:2
event=resp_recv_ud ts_ns=21494792 id=428 clt=1 wrkr=2 slot=9 size=41 src=worker:2 dst=client:1
event=hand_send ts_ns=21503439 id=428 clt=1 wrkr=2 slot=9 size=10 src=client:1 dst=worker:2
event=resp_rdma_read ts_ns=21618963 id=395 start_ns=19851001 dur_ns=1767962 clt=1 wrkr=7 slot=6 size=512008 src=worker:7 dst=client:1
event=req_send ts_ns=21618963 id=435 clt=1 wrkr=3 slot=8 size=17 src=client:1 dst=worker:3
event=resp_recv_ud ts_ns=21680416 id=435 clt=1 wrkr=3 slot=8 size=41 src=worker:3 dst=client:1
event=hand_send ts_ns=21689063 id=435 clt=1 wrkr=3 slot=8 size=10 src=client:1 dst=worker:3
event=resp_rdma_read ts_ns=21696532 id=398 start_ns=20030383 dur_ns=1666149 clt=1 wrkr=5 slot=10 size=512008 src=worker:5 dst=client:1
event=req_send ts_ns=21696532 id=436 clt=1 wrkr=5 slot=11 size=17 src=client:1 dst=worker:5
event=resp_recv_ud ts_ns=21757633 id=436 clt=1 wrkr=5 slot=11 size=41 src=worker:5 dst=client:1
event=hand_send ts_ns=21766280 id=436 clt=1 wrkr=5 slot=11 size=10 src=client:1 dst=worker:5
event=resp_rdma_read ts_ns=21920033 id=400 start_ns=20131062 dur_ns=1788971 clt=1 wrkr=9 slot=5 size=512008 src=worker:9 dst=client:1
event=req_send ts_ns=21920033 id=440 clt=1 wrkr=0 slot=10 size=17 src=client:1 dst=worker:0
event=resp_recv_ud ts_ns=21983695 id=440 clt=1 wrkr=0 slot=10 size=41 src=worker:0 dst=client:1
event=hand_send ts_ns=21992342 id=440 clt=1 wrkr=0 slot=10 size=10 src=client:1 dst=worker:0
event=resp_rdma_read ts_ns=22150845 id=411 start_ns=20731527 dur_ns=1419318 clt=1 wrkr=9 slot=6 size=512008 src=worker:9 dst=client:1
event=req_send ts_ns=22150845 id=442 clt=1 wrkr=10 slot=9 size=17 src=client:1 dst=worker:10
event=resp_recv_ud ts_ns=22211215 id=442 clt=1 wrkr=10 slot=9 size=41 src=worker:10 dst=client:1
event=hand_send ts_ns=22219862 id=442 clt=1 wrkr=10 slot=9 size=10 src=client:1 dst=worker:10
event=resp_rdma_read ts_ns=22367414 id=406 start_ns=20664462 dur_ns=1702952 clt=1 wrkr=2 slot=8 size=512008 src=worker:2 dst=client:1
event=req_send ts_ns=22367414 id=446 clt=1 wrkr=10 slot=10 size=17 src=client:1 dst=worker:10
event=resp_recv_ud ts_ns=22424861 id=446 clt=1 wrkr=10 slot=10 size=41 src=worker:10 dst=client:1
event=hand_send ts_ns=22433508 id=446 clt=1 wrkr=10 slot=10 size=10 src=client:1 dst=worker:10
event=resp_rdma_read ts_ns=22483645 id=410 start_ns=20731523 dur_ns=1752122 clt=1 wrkr=1 slot=2 size=512008 src=worker:1 dst=client:1
event=req_send ts_ns=22483645 id=449 clt=1 wrkr=5 slot=0 size=17 src=client:1 dst=worker:5
event=resp_recv_ud ts_ns=22535642 id=449 clt=1 wrkr=5 slot=0 size=41 src=worker:5 dst=client:1
event=hand_send ts_ns=22544289 id=449 clt=1 wrkr=5 slot=0 size=10 src=client:1 dst=worker:5
event=resp_rdma_read ts_ns=22794069 id=416 start_ns=20903433 dur_ns=1890636 clt=1 wrkr=1 slot=3 size=512008 src=worker:1 dst=client:1
event=req_send ts_ns=22794069 id=454 clt=1 wrkr=7 slot=7 size=17 src=client:1 dst=worker:7
event=resp_rdma_read ts_ns=22815401 id=415 start_ns=20899193 dur_ns=1916208 clt=1 wrkr=4 slot=11 size=512008 src=worker:4 dst=client:1
event=req_send ts_ns=22815401 id=455 clt=1 wrkr=2 slot=10 size=17 src=client:1 dst=worker:2
event=resp_rdma_read ts_ns=22849743 id=418 start_ns=20989293 dur_ns=1860450 clt=1 wrkr=4 slot=0 size=512008 src=worker:4 dst=client:1
event=req_send ts_ns=22849743 id=457 clt=1 wrkr=10 slot=11 size=17 src=client:1 dst=worker:10
event=resp_recv_ud ts_ns=22853991 id=454 clt=1 wrkr=7 slot=7 size=41 src=worker:7 dst=client:1
event=hand_send ts_ns=22862638 id=454 clt=1 wrkr=7 slot=7 size=10 src=client:1 dst=worker:7
event=resp_recv_ud ts_ns=22878083 id=455 clt=1 wrkr=2 slot=10 size=41 src=worker:2 dst=client:1
event=hand_send ts_ns=22886730 id=455 clt=1 wrkr=2 slot=10 size=10 src=client:1 dst=worker:2
event=resp_recv_ud ts_ns=22912594 id=457 clt=1 wrkr=10 slot=11 size=41 src=worker:10 dst=client:1
event=hand_send ts_ns=22921241 id=457 clt=1 wrkr=10 slot=11 size=10 src=client:1 dst=worker:10
event=resp_rdma_read ts_ns=22962888 id=425 start_ns=21410169 dur_ns=1552719 clt=1 wrkr=4 slot=1 size=512008 src=worker:4 dst=client:1
event=req_send ts_ns=22962888 id=459 clt=1 wrkr=4 slot=2 size=17 src=client:1 dst=worker:4
event=resp_recv_ud ts_ns=23014429 id=459 clt=1 wrkr=4 slot=2 size=41 src=worker:4 dst=client:1
event=hand_send ts_ns=23023076 id=459 clt=1 wrkr=4 slot=2 size=10 src=client:1 dst=worker:4
event=resp_rdma_read ts_ns=23095388 id=423 start_ns=21361803 dur_ns=1733585 clt=1 wrkr=10 slot=8 size=512008 src=worker:10 dst=client:1
event=req_send ts_ns=23095388 id=460 clt=1 wrkr=2 slot=11 size=17 src=client:1 dst=worker:2
event=resp_recv_ud ts_ns=23140691 id=460 clt=1 wrkr=2 slot=11 size=41 src=worker:2 dst=client:1
event=hand_send ts_ns=23149338 id=460 clt=1 wrkr=2 slot=11 size=10 src=client:1 dst=worker:2
event=resp_rdma_read ts_ns=23199194 id=435 start_ns=21689063 dur_ns=1510131 clt=1 wrkr=3 slot=8 size=512008 src=worker:3 dst=client:1
event=req_send ts_ns=23199194 id=465 clt=1 wrkr=5 slot=1 size=17 src=client:1 dst=worker:5
event=resp_rdma_read ts_ns=23253032 id=428 start_ns=21503439 dur_ns=1749593 clt=1 wrkr=2 slot=9 size=512008 src=worker:2 dst=client:1
event=req_send ts_ns=23253032 id=466 clt=1 wrkr=3 slot=9 size=17 src=client:1 dst=worker:3
event=resp_recv_ud ts_ns=23265546 id=465 clt=1 wrkr=5 slot=1 size=41 src=worker:5 dst=client:1
event=hand_send ts_ns=23274193 id=465 clt=1 wrkr=5 slot=1 size=10 src=client:1 dst=worker:5
event=resp_recv_ud ts_ns=23320942 id=466 clt=1 wrkr=3 slot=9 size=41 src=worker:3 dst=client:1
event=hand_send ts_ns=23329589 id=466 clt=1 wrkr=3 slot=9 size=10 src=client:1 dst=worker:3
event=resp_rdma_read ts_ns=23365822 id=436 start_ns=21766280 dur_ns=1599542 clt=1 wrkr=5 slot=11 size=512008 src=worker:5 dst=client:1
event=req_send ts_ns=23365822 id=469 clt=1 wrkr=1 slot=4 size=17 src=client:1 dst=worker:1
event=resp_recv_ud ts_ns=23435237 id=469 clt=1 wrkr=1 slot=4 size=41 src=worker:1 dst=client:1
event=hand_send ts_ns=23443884 id=469 clt=1 wrkr=1 slot=4 size=10 src=client:1 dst=worker:1
event=resp_rdma_read ts_ns=23528843 id=442 start_ns=22219862 dur_ns=1308981 clt=1 wrkr=10 slot=9 size=512008 src=worker:10 dst=client:1
event=req_send ts_ns=23528843 id=473 clt=1 wrkr=3 slot=10 size=17 src=client:1 dst=worker:3
event=resp_recv_ud ts_ns=23597691 id=473 clt=1 wrkr=3 slot=10 size=41 src=worker:3 dst=client:1
event=hand_send ts_ns=23606338 id=473 clt=1 wrkr=3 slot=10 size=10 src=client:1 dst=worker:3
event=resp_rdma_read ts_ns=23625299 id=440 start_ns=21992342 dur_ns=1632957 clt=1 wrkr=0 slot=10 size=512008 src=worker:0 dst=client:1
event=req_send ts_ns=23625299 id=476 clt=1 wrkr=0 slot=11 size=17 src=client:1 dst=worker:0
event=resp_recv_ud ts_ns=23694728 id=476 clt=1 wrkr=0 slot=11 size=41 src=worker:0 dst=client:1
event=hand_send ts_ns=23703375 id=476 clt=1 wrkr=0 slot=11 size=10 src=client:1 dst=worker:0
event=resp_rdma_read ts_ns=23944894 id=446 start_ns=22433508 dur_ns=1511386 clt=1 wrkr=10 slot=10 size=512008 src=worker:10 dst=client:1
event=req_send ts_ns=23944894 id=479 clt=1 wrkr=10 slot=0 size=17 src=client:1 dst=worker:10
event=resp_recv_ud ts_ns=24004747 id=479 clt=1 wrkr=10 slot=0 size=41 src=worker:10 dst=client:1
event=hand_send ts_ns=24013394 id=479 clt=1 wrkr=10 slot=0 size=10 src=client:1 dst=worker:10
event=resp_rdma_read ts_ns=24037295 id=449 start_ns=22544289 dur_ns=1493006 clt=1 wrkr=5 slot=0 size=512008 src=worker:5 dst=client:1
event=req_send ts_ns=24037295 id=481 clt=1 wrkr=10 slot=1 size=17 src=client:1 dst=worker:10
event=resp_recv_ud ts_ns=24098045 id=481 clt=1 wrkr=10 slot=1 size=41 src=worker:10 dst=client:1
event=hand_send ts_ns=24106692 id=481 clt=1 wrkr=10 slot=1 size=10 src=client:1 dst=worker:10
event=resp_rdma_read ts_ns=24224757 id=455 start_ns=22886730 dur_ns=1338027 clt=1 wrkr=2 slot=10 size=512008 src=worker:2 dst=client:1
event=req_send ts_ns=24224757 id=485 clt=1 wrkr=6 slot=11 size=17 src=client:1 dst=worker:6
event=resp_recv_ud ts_ns=24281042 id=485 clt=1 wrkr=6 slot=11 size=41 src=worker:6 dst=client:1
event=hand_send ts_ns=24289689 id=485 clt=1 wrkr=6 slot=11 size=10 src=client:1 dst=worker:6
event=resp_rdma_read ts_ns=24614699 id=459 start_ns=23023076 dur_ns=1591623 clt=1 wrkr=4 slot=2 size=512008 src=worker:4 dst=client:1
event=req_send ts_ns=24614699 id=490 clt=1 wrkr=11 slot=2 size=17 src=client:1 dst=worker:11
event=resp_recv_ud ts_ns=24651592 id=490 clt=1 wrkr=11 slot=2 size=41 src=worker:11 dst=client:1
event=hand_send ts_ns=24660239 id=490 clt=1 wrkr=11 slot=2 size=10 src=client:1 dst=worker:11
event=resp_rdma_read ts_ns=24797507 id=454 start_ns=22862638 dur_ns=1934869 clt=1 wrkr=7 slot=7 size=512008 src=worker:7 dst=client:1
event=req_send ts_ns=24797507 id=493 clt=1 wrkr=5 slot=2 size=17 src=client:1 dst=worker:5
event=resp_recv_ud ts_ns=24835314 id=493 clt=1 wrkr=5 slot=2 size=41 src=worker:5 dst=client:1
event=hand_send ts_ns=24843961 id=493 clt=1 wrkr=5 slot=2 size=10 src=client:1 dst=worker:5
event=resp_rdma_read ts_ns=24873576 id=457 start_ns=22921241 dur_ns=1952335 clt=1 wrkr=10 slot=11 size=512008 src=worker:10 dst=client:1
event=req_send ts_ns=24873576 id=494 clt=1 wrkr=10 slot=2 size=17 src=client:1 dst=worker:10
event=resp_recv_ud ts_ns=24918647 id=494 clt=1 wrkr=10 slot=2 size=41 src=worker:10 dst=client:1
event=hand_send ts_ns=24927294 id=494 clt=1 wrkr=10 slot=2 size=10 src=client:1 dst=worker:10
event=resp_rdma_read ts_ns=25025271 id=460 start_ns=23149338 dur_ns=1875933 clt=1 wrkr=2 slot=11 size=512008 src=worker:2 dst=client:1
event=req_send ts_ns=25025271 id=496 clt=1 wrkr=2 slot=0 size=17 src=client:1 dst=worker:2
event=resp_recv_ud ts_ns=25072174 id=496 clt=1 wrkr=2 slot=0 size=41 src=worker:2 dst=client:1
event=hand_send ts_ns=25080821 id=496 clt=1 wrkr=2 slot=0 size=10 src=client:1 dst=worker:2
event=resp_rdma_read ts_ns=25435501 id=476 start_ns=23703375 dur_ns=1732126 clt=1 wrkr=0 slot=11 size=512008 src=worker:0 dst=client:1
event=req_send ts_ns=25435501 id=502 clt=1 wrkr=4 slot=3 size=17 src=client:1 dst=worker:4
event=resp_recv_ud ts_ns=25470532 id=502 clt=1 wrkr=4 slot=3 size=41 src=worker:4 dst=client:1
event=hand_send ts_ns=25479179 id=502 clt=1 wrkr=4 slot=3 size=10 src=client:1 dst=worker:4
event=resp_rdma_read ts_ns=25596112 id=466 start_ns=23329589 dur_ns=2266523 clt=1 wrkr=3 slot=9 size=512008 src=worker:3 dst=client:1
event=req_send ts_ns=25596112 id=504 clt=1 wrkr=1 slot=5 size=17 src=client:1 dst=worker:1
event=resp_recv_ud ts_ns=25648590 id=504 clt=1 wrkr=1 slot=5 size=41 src=worker:1 dst=client:1
event=hand_send ts_ns=25657237 id=504 clt=1 wrkr=1 slot=5 size=10 src=client:1 dst=worker:1
event=resp_rdma_read ts_ns=25699450 id=481 start_ns=24106692 dur_ns=1592758 clt=1 wrkr=10 slot=1 size=512008 src=worker:10 dst=client:1
event=req_send ts_ns=25699450 id=507 clt=1 wrkr=3 slot=11 size=17 src=client:1 dst=worker:3
event=resp_rdma_read ts_ns=25751855 id=465 start_ns=23274193 dur_ns=2477662 clt=1 wrkr=5 slot=1 size=512008 src=worker:5 dst=client:1
event=req_send ts_ns=25751855 id=508 clt=1 wrkr=10 slot=3 size=17 src=client:1 dst=worker:10
event=resp_recv_ud ts_ns=25757814 id=507 clt=1 wrkr=3 slot=11 size=41 src=worker:3 dst=client:1
event=hand_send ts_ns=25766461 id=507 clt=1 wrkr=3 slot=11 size=10 src=client:1 dst=worker:3
event=resp_recv_ud ts_ns=25810143 id=508 clt=1 wrkr=10 slot=3 size=41 src=worker:10 dst=client:1
event=resp_rdma_read ts_ns=25813372 id=479 start_ns=24013394 dur_ns=1799978 clt=1 wrkr=10 slot=0 size=512008 src=worker:10 dst=client:1
event=req_send ts_ns=25813372 id=509 clt=1 wrkr=11 slot=3 size=17 src=client:1 dst=worker:11
event=hand_send ts_ns=25818790 id=508 clt=1 wrkr=10 slot=3 size=10 src=client:1 dst=worker:10
event=resp_recv_ud ts_ns=25868096 id=509 clt=1 wrkr=11 slot=3 size=41 src=worker:11 dst=client:1
event=hand_send ts_ns=25876743 id=509 clt=1 wrkr=11 slot=3 size=10 src=client:1 dst=worker:11
event=resp_rdma_read ts_ns=25877350 id=473 start_ns=23606338 dur_ns=2271012 clt=1 wrkr=3 slot=10 size=512008 src=worker:3 dst=client:1
event=req_send ts_ns=25877350 id=515 clt=1 wrkr=6 slot=0 size=17 src=client:1 dst=worker:6
event=resp_rdma_read ts_ns=25927460 id=485 start_ns=24289689 dur_ns=1637771 clt=1 wrkr=6 slot=11 size=512008 src=worker:6 dst=client:1
event=req_send ts_ns=25927460 id=517 clt=1 wrkr=8 slot=1 size=17 src=client:1 dst=worker:8
event=resp_recv_ud ts_ns=25937091 id=515 clt=1 wrkr=6 slot=0 size=41 src=worker:6 dst=client:1
event=hand_send ts_ns=25945738 id=515 clt=1 wrkr=6 slot=0 size=10 src=client:1 dst=worker:6
event=resp_recv_ud ts_ns=25985817 id=517 clt=1 wrkr=8 slot=1 size=41 src=worker:8 dst=client:1
event=hand_send ts_ns=25994464 id=517 clt=1 wrkr=8 slot=1 size=10 src=client:1 dst=worker:8
event=resp_rdma_read ts_ns=26088041 id=469 start_ns=23443884 dur_ns=2644157 clt=1 wrkr=1 slot=4 size=512008 src=worker:1 dst=client:1
event=req_send ts_ns=26088041 id=522 clt=1 wrkr=2 slot=1 size=17 src=client:1 dst=worker:2
event=resp_rdma_read ts_ns=26138068 id=494 start_ns=24927294 dur_ns=1210774 clt=1 wrkr=10 slot=2 size=512008 src=worker:10 dst=client:1
event=req_send ts_ns=26138068 id=524 clt=1 wrkr=9 slot=7 size=17 src=client:1 dst=worker:9
event=resp_recv_ud ts_ns=26154210 id=522 clt=1 wrkr=2 slot=1 size=41 src=worker:2 dst=client:1
event=hand_send ts_ns=26162857 id=522 clt=1 wrkr=2 slot=1 size=10 src=client:1 dst=worker:2
event=resp_recv_ud ts_ns=26205658 id=524 clt=1 wrkr=9 slot=7 size=41 src=worker:9 dst=client:1
event=hand_send ts_ns=26214305 id=524 clt=1 wrkr=9 slot=7 size=10 src=client:1 dst=worker:9
event=resp_rdma_read ts_ns=26274684 id=490 start_ns=24660239 dur_ns=1614445 clt=1 wrkr=11 slot=2 size=512008 src=worker:11 dst=client:1
event=req_send ts_ns=26274684 id=528 clt=1 wrkr=10 slot=4 size=17 src=client:1 dst=worker:10
event=resp_rdma_read ts_ns=26301099 id=493 start_ns=24843961 dur_ns=1457138 clt=1 wrkr=5 slot=2 size=512008 src=worker:5 dst=client:1
event=req_send ts_ns=26301099 id=529 clt=1 wrkr=1 slot=6 size=17 src=client:1 dst=worker:1
event=resp_recv_ud ts_ns=26343688 id=528 clt=1 wrkr=10 slot=4 size=41 src=worker:10 dst=client:1
event=resp_rdma_read ts_ns=26349162 id=496 start_ns=25080821 dur_ns=1268341 clt=1 wrkr=2 slot=0 size=512008 src=worker:2 dst=client:1
event=req_send ts_ns=26349162 id=530 clt=1 wrkr=2 slot=2 size=17 src=client:1 dst=worker:2
event=hand_send ts_ns=26352335 id=528 clt=1 wrkr=10 slot=4 size=10 src=client:1 dst=worker:10
event=resp_recv_ud ts_ns=26369651 id=529 clt=1 wrkr=1 slot=6 size=41 src=worker:1 dst=client:1
event=hand_send ts_ns=26378298 id=529 clt=1 wrkr=1 slot=6 size=10 src=client:1 dst=worker:1
event=resp_recv_ud ts_ns=26419146 id=530 clt=1 wrkr=2 slot=2 size=41 src=worker:2 dst=client:1
event=hand_send ts_ns=26427793 id=530 clt=1 wrkr=2 slot=2 size=10 src=client:1 dst=worker:2
event=resp_rdma_read ts_ns=26945441 id=502 start_ns=25479179 dur_ns=1466262 clt=1 wrkr=4 slot=3 size=512008 src=worker:4 dst=client:1
event=req_send ts_ns=26945441 id=538 clt=1 wrkr=9 slot=8 size=17 src=client:1 dst=worker:9
event=resp_recv_ud ts_ns=27005036 id=538 clt=1 wrkr=9 slot=8 size=41 src=worker:9 dst=client:1
event=hand_send ts_ns=27013683 id=538 clt=1 wrkr=9 slot=8 size=10 src=client:1 dst=worker:9
event=resp_rdma_read ts_ns=27337544 id=504 start_ns=25657237 dur_ns=1680307 clt=1 wrkr=1 slot=5 size=512008 src=worker:1 dst=client:1
event=req_send ts_ns=27337544 id=541 clt=1 wrkr=6 slot=1 size=17 src=client:1 dst=worker:6
event=resp_recv_ud ts_ns=27393805 id=541 clt=1 wrkr=6 slot=1 size=41 src=worker:6 dst=client:1
event=hand_send ts_ns=27402452 id=541 clt=1 wrkr=6 slot=1 size=10 src=client:1 dst=worker:6
event=resp_rdma_read ts_ns=27505033 id=507 start_ns=25766461 dur_ns=1738572 clt=1 wrkr=3 slot=11 size=512008 src=worker:3 dst=client:1
event=req_send ts_ns=27505033 id=543 clt=1 wrkr=5 slot=3 size=17 src=client:1 dst=worker:5
event=resp_recv_ud ts_ns=27550008 id=543 clt=1 wrkr=5 slot=3 size=41 src=worker:5 dst=client:1
event=hand_send ts_ns=27558655 id=543 clt=1 wrkr=5 slot=3 size=10 src=client:1 dst=worker:5
event=resp_rdma_read ts_ns=27568253 id=508 start_ns=25818790 dur_ns=1749463 clt=1 wrkr=10 slot=3 size=512008 src=worker:10 dst=client:1
event=req_send ts_ns=27568253 id=544 clt=1 wrkr=5 slot=4 size=17 src=client:1 dst=worker:5
event=resp_recv_ud ts_ns=27621213 id=544 clt=1 wrkr=5 slot=4 size=41 src=worker:5 dst=client:1
event=hand_send ts_ns=27629860 id=544 clt=1 wrkr=5 slot=4 size=10 src=client:1 dst=worker:5
event=resp_rdma_read ts_ns=27693384 id=509 start_ns=25876743 dur_ns=1816641 clt=1 wrkr=11 slot=3 size=512008 src=worker:11 dst=client:1
event=req_send ts_ns=27693384 id=545 clt=1 wrkr=10 slot=5 size=17 src=client:1 dst=worker:10
event=resp_recv_ud ts_ns=27732125 id=545 clt=1 wrkr=10 slot=5 size=41 src=worker:10 dst=client:1
event=hand_send ts_ns=27740772 id=545 clt=1 wrkr=10 slot=5 size=10 src=client:1 dst=worker:10
event=resp_rdma_read ts_ns=27800343 id=515 start_ns=25945738 dur_ns=1854605 clt=1 wrkr=6 slot=0 size=512008 src=worker:6 dst=client:1
event=req_send ts_ns=27800343 id=548 clt=1 wrkr=10 slot=6 size=17 src=client:1 dst=worker:10
event=resp_recv_ud ts_ns=27856474 id=548 clt=1 wrkr=10 slot=6 size=41 src=worker:10 dst=client:1
event=hand_send ts_ns=27865121 id=548 clt=1 wrkr=10 slot=6 size=10 src=client:1 dst=worker:10
event=resp_rdma_read ts_ns=28047937 id=517 start_ns=25994464 dur_ns=2053473 clt=1 wrkr=8 slot=1 size=512008 src=worker:8 dst=client:1
event=req_send ts_ns=28047937 id=554 clt=1 wrkr=8 slot=2 size=17 src=client:1 dst=worker:8
event=resp_recv_ud ts_ns=28090677 id=554 clt=1 wrkr=8 slot=2 size=41 src=worker:8 dst=client:1
event=hand_send ts_ns=28099324 id=554 clt=1 wrkr=8 slot=2 size=10 src=client:1 dst=worker:8
event=resp_rdma_read ts_ns=28376638 id=538 start_ns=27013683 dur_ns=1362955 clt=1 wrkr=9 slot=8 size=512008 src=worker:9 dst=client:1
event=req_send ts_ns=28376638 id=560 clt=1 wrkr=6 slot=2 size=17 src=client:1 dst=worker:6
event=resp_rdma_read ts_ns=28396801 id=522 start_ns=26162857 dur_ns=2233944 clt=1 wrkr=2 slot=1 size=512008 src=worker:2 dst=client:1
event=req_send ts_ns=28396801 id=561 clt=1 wrkr=5 slot=5 size=17 src=client:1 dst=worker:5
event=resp_recv_ud ts_ns=28437721 id=560 clt=1 wrkr=6 slot=2 size=41 src=worker:6 dst=client:1
event=hand_send ts_ns=28446368 id=560 clt=1 wrkr=6 slot=2 size=10 src=client:1 dst=worker:6
event=resp_recv_ud ts_ns=28458280 id=561 clt=1 wrkr=5 slot=5 size=41 src=worker:5 dst=client:1
event=hand_send ts_ns=28466927 id=561 clt=1 wrkr=5 slot=5 size=10 src=client:1 dst=worker:5
event=resp_rdma_read ts_ns=28547409 id=529 start_ns=26378298 dur_ns=2169111 clt=1 wrkr=1 slot=6 size=512008 src=worker:1 dst=client:1
event=req_send ts_ns=28547409 id=565 clt=1 wrkr=6 slot=3 size=17 src=client:1 dst=worker:6
event=resp_recv_ud ts_ns=28607222 id=565 clt=1 wrkr=6 slot=3 size=41 src=worker:6 dst=client:1
event=resp_rdma_read ts_ns=28613983 id=524 start_ns=26214305 dur_ns=2399678 clt=1 wrkr=9 slot=7 size=512008 src=worker:9 dst=client:1
event=req_send ts_ns=28613983 id=569 clt=1 wrkr=2 slot=3 size=17 src=client:1 dst=worker:2
event=hand_send ts_ns=28615869 id=565 clt=1 wrkr=6 slot=3 size=10 src=client:1 dst=worker:6
event=resp_recv_ud ts_ns=28674967 id=569 clt=1 wrkr=2 slot=3 size=41 src=worker:2 dst=client:1
event=hand_send ts_ns=28683614 id=569 clt=1 wrkr=2 slot=3 size=10 src=client:1 dst=worker:2
event=resp_rdma_read ts_ns=28926720 id=528 start_ns=26352335 dur_ns=2574385 clt=1 wrkr=10 slot=4 size=512008 src=worker:10 dst=client:1
event=req_send ts_ns=28926720 id=575 clt=1 wrkr=8 slot=3 size=17 src=client:1 dst=worker:8
event=resp_rdma_read ts_ns=28957485 id=530 start_ns=26427793 dur_ns=2529692 clt=1 wrkr=2 slot=2 size=512008 src=worker:2 dst=client:1
event=req_send ts_ns=28957485 id=576 clt=1 wrkr=10 slot=7 size=17 src=client:1 dst=worker:10
event=resp_recv_ud ts_ns=28971010 id=575 clt=1 wrkr=8 slot=3 size=41 src=worker:8 dst=client:1
event=hand_send ts_ns=28979657 id=575 clt=1 wrkr=8 slot=3 size=10 src=client:1 dst=worker:8
event=resp_rdma_read ts_ns=28983481 id=544 start_ns=27629860 dur_ns=1353621 clt=1 wrkr=5 slot=4 size=512008 src=worker:5 dst=client:1
event=req_send ts_ns=28983481 id=578 clt=1 wrkr=10 slot=8 size=17 src=client:1 dst=worker:10
event=resp_recv_ud ts_ns=29021825 id=576 clt=1 wrkr=10 slot=7 size=41 src=worker:10 dst=client:1
event=hand_send ts_ns=29030472 id=576 clt=1 wrkr=10 slot=7 size=10 src=client:1 dst=worker:10
event=resp_recv_ud ts_ns=29047250 id=578 clt=1 wrkr=10 slot=8 size=41 src=worker:10 dst=client:1
event=hand_send ts_ns=29055897 id=578 clt=1 wrkr=10 slot=8 size=10 src=client:1 dst=worker:10
event=resp_rdma_read ts_ns=29083101 id=543 start_ns=27558655 dur_ns=1524446 clt=1 wrkr=5 slot=3 size=512008 src=worker:5 dst=client:1
event=req_send ts_ns=29083101 id=579 clt=1 wrkr=5 slot=6 size=17 src=client:1 dst=worker:5
event=resp_rdma_read ts_ns=29131441 id=541 start_ns=27402452 dur_ns=1728989 clt=1 wrkr=6 slot=1 size=512008 src=worker:6 dst=client:1
event=req_send ts_ns=29131441 id=580 clt=1 wrkr=3 slot=0 size=17 src=client:1 dst=worker:3
event=resp_recv_ud ts_ns=29133018 id=579 clt=1 wrkr=5 slot=6 size=41 src=worker:5 dst=client:1
event=hand_send ts_ns=29141665 id=579 clt=1 wrkr=5 slot=6 size=10 src=client:1 dst=worker:5
event=resp_recv_ud ts_ns=29187056 id=580 clt=1 wrkr=3 slot=0 size=41 src=worker:3 dst=client:1
event=hand_send ts_ns=29195703 id=580 clt=1 wrkr=3 slot=0 size=10 src=client:1 dst=worker:3
event=resp_rdma_read ts_ns=29390116 id=545 start_ns=27740772 dur_ns=1649344 clt=1 wrkr=10 slot=5 size=512008 src=worker:10 dst=client:1
event=req_send ts_ns=29390116 id=581 clt=1 wrkr=7 slot=8 size=17 src=client:1 dst=worker:7
event=resp_recv_ud ts_ns=29429841 id=581 clt=1 wrkr=7 slot=8 size=41 src=worker:7 dst=client:1
event=hand_send ts_ns=29438488 id=581 clt=1 wrkr=7 slot=8 size=10 src=client:1 dst=worker:7
event=resp_rdma_read ts_ns=29526007 id=554 start_ns=28099324 dur_ns=1426683 clt=1 wrkr=8 slot=2 size=512008 src=worker:8 dst=client:1
event=req_send ts_ns=29526007 id=585 clt=1 wrkr=8 slot=4 size=17 src=client:1 dst=worker:8
event=resp_rdma_read ts_ns=29575524 id=548 start_ns=27865121 dur_ns=1710403 clt=1 wrkr=10 slot=6 size=512008 src=worker:10 dst=client:1
event=req_send ts_ns=29575524 id=588 clt=1 wrkr=2 slot=4 size=17 src=client:1 dst=worker:2
event=resp_recv_ud ts_ns=29584799 id=585 clt=1 wrkr=8 slot=4 size=41 src=worker:8 dst=client:1
event=hand_send ts_ns=29593446 id=585 clt=1 wrkr=8 slot=4 size=10 src=client:1 dst=worker:8
event=resp_recv_ud ts_ns=29634162 id=588 clt=1 wrkr=2 slot=4 size=41 src=worker:2 dst=client:1
event=hand_send ts_ns=29642809 id=588 clt=1 wrkr=2 slot=4 size=10 src=client:1 dst=worker:2
event=resp_rdma_read ts_ns=30117075 id=561 start_ns=28466927 dur_ns=1650148 clt=1 wrkr=5 slot=5 size=512008 src=worker:5 dst=client:1
event=req_send ts_ns=30117075 id=596 clt=1 wrkr=3 slot=1 size=17 src=client:1 dst=worker:3
event=resp_recv_ud ts_ns=30180566 id=596 clt=1 wrkr=3 slot=1 size=41 src=worker:3 dst=client:1
event=hand_send ts_ns=30189213 id=596 clt=1 wrkr=3 slot=1 size=10 src=client:1 dst=worker:3
event=resp_rdma_read ts_ns=30236364 id=560 start_ns=28446368 dur_ns=1789996 clt=1 wrkr=6 slot=2 size=512008 src=worker:6 dst=client:1
event=req_send ts_ns=30236364 id=597 clt=1 wrkr=0 slot=0 size=17 src=client:1 dst=worker:0
event=resp_recv_ud ts_ns=30280481 id=597 clt=1 wrkr=0 slot=0 size=41 src=worker:0 dst=client:1
event=hand_send ts_ns=30289128 id=597 clt=1 wrkr=0 slot=0 size=10 src=client:1 dst=worker:0
event=resp_rdma_read ts_ns=30358288 id=565 start_ns=28615869 dur_ns=1742419 clt=1 wrkr=6 slot=3 size=512008 src=worker:6 dst=client:1
event=req_send ts_ns=30358288 id=600 clt=1 wrkr=0 slot=1 size=17 src=client:1 dst=worker:0
event=resp_recv_ud ts_ns=30418346 id=600 clt=1 wrkr=0 slot=1 size=41 src=worker:0 dst=client:1
event=hand_send ts_ns=30426993 id=600 clt=1 wrkr=0 slot=1 size=10 src=client:1 dst=worker:0
event=resp_rdma_read ts_ns=30555366 id=580 start_ns=29195703 dur_ns=1359663 clt=1 wrkr=3 slot=0 size=512008 src=worker:3 dst=client:1
event=req_send ts_ns=30555366 id=605 clt=1 wrkr=1 slot=7 size=17 src=client:1 dst=worker:1
event=resp_rdma_read ts_ns=30583242 id=569 start_ns=28683614 dur_ns=1899628 clt=1 wrkr=2 slot=3 size=512008 src=worker:2 dst=client:1
event=req_send ts_ns=30583242 id=606 clt=1 wrkr=11 slot=4 size=17 src=client:1 dst=worker:11
event=resp_recv_ud ts_ns=30614971 id=605 clt=1 wrkr=1 slot=7 size=41 src=worker:1 dst=client:1
event=hand_send ts_ns=30623618 id=605 clt=1 wrkr=1 slot=7 size=10 src=client:1 dst=worker:1
event=resp_recv_ud ts_ns=30639882 id=606 clt=1 wrkr=11 slot=4 size=41 src=worker:11 dst=client:1
event=hand_send ts_ns=30648529 id=606 clt=1 wrkr=11 slot=4 size=10 src=client:1 dst=worker:11
event=resp_rdma_read ts_ns=30951183 id=575 start_ns=28979657 dur_ns=1971526 clt=1 wrkr=8 slot=3 size=512008 src=worker:8 dst=client:1
event=req_send ts_ns=30951183 id=613 clt=1 wrkr=11 slot=5 size=17 src=client:1 dst=worker:11
event=resp_rdma_read ts_ns=30974312 id=576 start_ns=29030472 dur_ns=1943840 clt=1 wrkr=10 slot=7 size=512008 src=worker:10 dst=client:1
event=req_send ts_ns=30974312 id=614 clt=1 wrkr=1 slot=8 size=17 src=client:1 dst=worker:1
event=resp_recv_ud ts_ns=30991221 id=613 clt=1 wrkr=11 slot=5 size=41 src=worker:11 dst=client:1
event=hand_send ts_ns=30999868 id=613 clt=1 wrkr=11 slot=5 size=10 src=client:1 dst=worker:11
event=resp_rdma_read ts_ns=31010584 id=578 start_ns=29055897 dur_ns=1954687 clt=1 wrkr=10 slot=8 size=512008 src=worker:10 dst=client:1
event=req_send ts_ns=31010584 id=615 clt=1 wrkr=10 slot=9 size=17 src=client:1 dst=worker:10
event=resp_recv_ud ts_ns=31039241 id=614 clt=1 wrkr=1 slot=8 size=41 src=worker:1 dst=client:1
event=resp_rdma_read ts_ns=31040470 id=579 start_ns=29141665 dur_ns=1898805 clt=1 wrkr=5 slot=6 size=512008 src=worker:5 dst=client:1
event=req_send ts_ns=31040470 id=616 clt=1 wrkr=9 slot=9 size=17 src=client:1 dst=worker:9
event=hand_send ts_ns=31047888 id=614 clt=1 wrkr=1 slot=8 size=10 src=client:1 dst=worker:1
event=resp_recv_ud ts_ns=31075210 id=615 clt=1 wrkr=10 slot=9 size=41 src=worker:10 dst=client:1
event=hand_send ts_ns=31083857 id=615 clt=1 wrkr=10 slot=9 size=10 src=client:1 dst=worker:10
event=resp_recv_ud ts_ns=31093699 id=616 clt=1 wrkr=9 slot=9 size=41 src=worker:9 dst=client:1
event=hand_send ts_ns=31102346 id=616 clt=1 wrkr=9 slot=9 size=10 src=client:1 dst=worker:9
event=resp_rdma_read ts_ns=31197681 id=581 start_ns=29438488 dur_ns=1759193 clt=1 wrkr=7 slot=8 size=512008 src=worker:7 dst=client:1
event=req_send ts_ns=31197681 id=618 clt=1 wrkr=0 slot=2 size=17 src=client:1 dst=worker:0
event=resp_recv_ud ts_ns=31260300 id=618 clt=1 wrkr=0 slot=2 size=41 src=worker:0 dst=client:1
event=hand_send ts_ns=31268947 id=618 clt=1 wrkr=0 slot=2 size=10 src=client:1 dst=worker:0
event=resp_rdma_read ts_ns=31283497 id=585 start_ns=29593446 dur_ns=1690051 clt=1 wrkr=8 slot=4 size=512008 src=worker:8 dst=client:1
event=req_send ts_ns=31283497 id=621 clt=1 wrkr=5 slot=7 size=17 src=client:1 dst=worker:5
event=resp_rdma_read ts_ns=31334902 id=588 start_ns=29642809 dur_ns=1692093 clt=1 wrkr=2 slot=4 size=512008 src=worker:2 dst=client:1
event=req_send ts_ns=31334902 id=623 clt=1 wrkr=0 slot=3 size=17 src=client:1 dst=worker:0
event=resp_recv_ud ts_ns=31344553 id=621 clt=1 wrkr=5 slot=7 size=41 src=worker:5 dst=client:1
event=hand_send ts_ns=31353200 id=621 clt=1 wrkr=5 slot=7 size=10 src=client:1 dst=worker:5
event=resp_recv_ud ts_ns=31395119 id=623 clt=1 wrkr=0 slot=3 size=41 src=worker:0 dst=client:1
event=hand_send ts_ns=31403766 id=623 clt=1 wrkr=0 slot=3 size=10 src=client:1 dst=worker:0
event=resp_rdma_read ts_ns=31584239 id=596 start_ns=30189213 dur_ns=1395026 clt=1 wrkr=3 slot=1 size=512008 src=worker:3 dst=client:1
event=req_send ts_ns=31584239 id=629 clt=1 wrkr=0 slot=4 size=17 src=client:1 dst=worker:0
event=resp_recv_ud ts_ns=31627683 id=629 clt=1 wrkr=0 slot=4 size=41 src=worker:0 dst=client:1
event=hand_send ts_ns=31636330 id=629 clt=1 wrkr=0 slot=4 size=10 src=client:1 dst=worker:0
event=resp_rdma_read ts_ns=31638934 id=597 start_ns=30289128 dur_ns=1349806 clt=1 wrkr=0 slot=0 size=512008 src=worker:0 dst=client:1
event=req_send ts_ns=31638934 id=630 clt=1 wrkr=7 slot=9 size=17 src=client:1 dst=worker:7
event=resp_recv_ud ts_ns=31697870 id=630 clt=1 wrkr=7 slot=9 size=41 src=worker:7 dst=client:1
event=hand_send ts_ns=31706517 id=630 clt=1 wrkr=7 slot=9 size=10 src=client:1 dst=worker:7
event=resp_rdma_read ts_ns=32051476 id=600 start_ns=30426993 dur_ns=1624483 clt=1 wrkr=0 slot=1 size=512008 src=worker:0 dst=client:1
event=req_send ts_ns=32051476 id=636 clt=1 wrkr=8 slot=5 size=17 src=client:1 dst=worker:8
event=resp_recv_ud ts_ns=32093845 id=636 clt=1 wrkr=8 slot=5 size=41 src=worker:8 dst=client:1
event=hand_send ts_ns=32102492 id=636 clt=1 wrkr=8 slot=5 size=10 src=client:1 dst=worker:8
event=resp_rdma_read ts_ns=32480232 id=605 start_ns=30623618 dur_ns=1856614 clt=1 wrkr=1 slot=7 size=512008 src=worker:1 dst=client:1
event=req_send ts_ns=32480232 id=641 clt=1 wrkr=0 slot=5 size=17 src=client:1 dst=worker:0
event=resp_rdma_read ts_ns=32487353 id=606 start_ns=30648529 dur_ns=1838824 clt=1 wrkr=11 slot=4 size=512008 src=worker:11 dst=client:1
event=req_send ts_ns=32487353 id=643 clt=1 wrkr=5 slot=8 size=17 src=client:1 dst=worker:5
event=resp_recv_ud ts_ns=32528393 id=641 clt=1 wrkr=0 slot=5 size=41 src=worker:0 dst=client:1
event=hand_send ts_ns=32537040 id=641 clt=1 wrkr=0 slot=5 size=10 src=client:1 dst=worker:0
event=resp_recv_ud ts_ns=32544986 id=643 clt=1 wrkr=5 slot=8 size=41 src=worker:5 dst=client:1
event=hand_send ts_ns=32553633 id=643 clt=1 wrkr=5 slot=8 size=10 src=client:1 dst=worker:5
event=resp_rdma_read ts_ns=32700009 id=616 start_ns=31102346 dur_ns=1597663 clt=1 wrkr=9 slot=9 size=512008 src=worker:9 dst=client:1
event=req_send ts_ns=32700009 id=645 clt=1 wrkr=8 slot=6 size=17 src=client:1 dst=worker:8
event=resp_recv_ud ts_ns=32737832 id=645 clt=1 wrkr=8 slot=6 size=41 src=worker:8 dst=client:1
event=hand_send ts_ns=32746479 id=645 clt=1 wrkr=8 slot=6 size=10 src=client:1 dst=worker:8
event=resp_rdma_read ts_ns=32803373 id=613 start_ns=30999868 dur_ns=1803505 clt=1 wrkr=11 slot=5 size=512008 src=worker:11 dst=client:1
event=req_send ts_ns=32803373 id=646 clt=1 wrkr=10 slot=10 size=17 src=client:1 dst=worker:10
event=resp_recv_ud ts_ns=32840802 id=646 clt=1 wrkr=10 slot=10 size=41 src=worker:10 dst=client:1
event=hand_send ts_ns=32849449 id=646 clt=1 wrkr=10 slot=10 size=10 src=client:1 dst=worker:10
event=resp_rdma_read ts_ns=32878035 id=615 start_ns=31083857 dur_ns=1794178 clt=1 wrkr=10 slot=9 size=512008 src=worker:10 dst=client:1
event=req_send ts_ns=32878035 id=647 clt=1 wrkr=6 slot=4 size=17 src=client:1 dst=worker:6
event=resp_recv_ud ts_ns=32923091 id=647 clt=1 wrkr=6 slot=4 size=41 src=worker:6 dst=client:1
event=hand_send ts_ns=32931738 id=647 clt=1 wrkr=6 slot=4 size=10 src=client:1 dst=worker:6
event=resp_rdma_read ts_ns=32998982 id=614 start_ns=31047888 dur_ns=1951094 clt=1 wrkr=1 slot=8 size=512008 src=worker:1 dst=client:1
event=resp_rdma_read ts_ns=33063887 id=621 start_ns=31353200 dur_ns=1710687 clt=1 wrkr=5 slot=7 size=512008 src=worker:5 dst=client:1
event=resp_rdma_read ts_ns=33071147 id=618 start_ns=31268947 dur_ns=1802200 clt=1 wrkr=0 slot=2 size=512008 src=worker:0 dst=client:1
event=resp_rdma_read ts_ns=33230900 id=623 start_ns=31403766 dur_ns=1827134 clt=1 wrkr=0 slot=3 size=512008 src=worker:0 dst=client:1
event=resp_rdma_read ts_ns=33306710 id=629 start_ns=31636330 dur_ns=1670380 clt=1 wrkr=0 slot=4 size=512008 src=worker:0 dst=client:1
event=resp_rdma_read ts_ns=33485342 id=630 start_ns=31706517 dur_ns=1778825 clt=1 wrkr=7 slot=9 size=512008 src=worker:7 dst=client:1
event=resp_rdma_read ts_ns=33792323 id=636 start_ns=32102492 dur_ns=1689831 clt=1 wrkr=8 slot=5 size=512008 src=worker:8 dst=client:1
event=resp_rdma_read ts_ns=34133862 id=641 start_ns=32537040 dur_ns=1596822 clt=1 wrkr=0 slot=5 size=512008 src=worker:0 dst=client:1
event=resp_rdma_read ts_ns=34156827 id=645 start_ns=32746479 dur_ns=1410348 clt=1 wrkr=8 slot=6 size=512008 src=worker:8 dst=client:1
event=resp_rdma_read ts_ns=34186138 id=647 start_ns=32931738 dur_ns=1254400 clt=1 wrkr=6 slot=4 size=512008 src=worker:6 dst=client:1
event=resp_rdma_read ts_ns=34216362 id=643 start_ns=32553633 dur_ns=1662729 clt=1 wrkr=5 slot=8 size=512008 src=worker:5 dst=client:1
event=resp_rdma_read ts_ns=34285325 id=646 start_ns=32849449 dur_ns=1435876 clt=1 wrkr=10 slot=10 size=512008 src=worker:10 dst=client:1
