event=req_send ts_ns=1 id=2 clt=2 wrkr=9 slot=0 size=17 src=client:2 dst=worker:9
event=req_send ts_ns=2501 id=5 clt=2 wrkr=1 slot=0 size=17 src=client:2 dst=worker:1
event=req_send ts_ns=5001 id=8 clt=2 wrkr=1 slot=1 size=17 src=client:2 dst=worker:1
event=req_send ts_ns=7501 id=11 clt=2 wrkr=10 slot=0 size=17 src=client:2 dst=worker:10
event=req_send ts_ns=10001 id=14 clt=2 wrkr=4 slot=0 size=17 src=client:2 dst=worker:4
event=req_send ts_ns=12501 id=17 clt=2 wrkr=2 slot=0 size=17 src=client:2 dst=worker:2
event=req_send ts_ns=15001 id=20 clt=2 wrkr=11 slot=0 size=17 src=client:2 dst=worker:11
event=req_send ts_ns=17501 id=23 clt=2 wrkr=6 slot=0 size=17 src=client:2 dst=worker:6
event=req_send ts_ns=20001 id=26 clt=2 wrkr=5 slot=0 size=17 src=client:2 dst=worker:5
event=req_send ts_ns=22501 id=29 clt=2 wrkr=10 slot=1 size=17 src=client:2 dst=worker:10
event=req_send ts_ns=25001 id=32 clt=2 wrkr=3 slot=0 size=17 src=client:2 dst=worker:3
event=req_send ts_ns=27501 id=35 clt=2 wrkr=1 slot=2 size=17 src=client:2 dst=worker:1
event=req_send ts_ns=30001 id=38 clt=2 wrkr=4 slot=1 size=17 src=client:2 dst=worker:4
event=req_send ts_ns=32501 id=41 clt=2 wrkr=8 slot=0 size=17 src=client:2 dst=worker:8
event=req_send ts_ns=35001 id=44 clt=2 wrkr=0 slot=0 size=17 src=client:2 dst=worker:0
event=req_send ts_ns=37501 id=47 clt=2 wrkr=6 slot=1 size=17 src=client:2 dst=worker:6
event=resp_recv_ud ts_ns=53984 id=5 clt=2 wrkr=1 slot=0 size=41 src=worker:1 dst=client:2
event=resp_recv_ud ts_ns=54159 id=8 clt=2 wrkr=1 slot=1 size=41 src=worker:1 dst=client:2
event=resp_recv_ud ts_ns=54772 id=2 clt=2 wrkr=9 slot=0 size=41 src=worker:9 dst=client:2
event=resp_recv_ud ts_ns=57385 id=11 clt=2 wrkr=10 slot=0 size=41 src=worker:10 dst=client:2
event=resp_recv_ud ts_ns=60415 id=14 clt=2 wrkr=4 slot=0 size=41 src=worker:4 dst=client:2
event=hand_send ts_ns=62631 id=5 clt=2 wrkr=1 slot=0 size=10 src=client:2 dst=worker:1
event=resp_recv_ud ts_ns=62697 id=17 clt=2 wrkr=2 slot=0 size=41 src=worker:2 dst=client:2
event=hand_send ts_ns=62806 id=8 clt=2 wrkr=1 slot=1 size=10 src=client:2 dst=worker:1
event=hand_send ts_ns=63419 id=2 clt=2 wrkr=9 slot=0 size=10 src=client:2 dst=worker:9
event=resp_recv_ud ts_ns=63448 id=20 clt=2 wrkr=11 slot=0 size=41 src=worker:11 dst=client:2
event=resp_recv_ud ts_ns=64684 id=23 clt=2 wrkr=6 slot=0 size=41 src=worker:6 dst=client:2
event=hand_send ts_ns=66032 id=11 clt=2 wrkr=10 slot=0 size=10 src=client:2 dst=worker:10
event=resp_recv_ud ts_ns=66078 id=26 clt=2 wrkr=5 slot=0 size=41 src=worker:5 dst=client:2
event=resp_recv_ud ts_ns=67398 id=29 clt=2 wrkr=10 slot=1 size=41 src=worker:10 dst=client:2
event=hand_send ts_ns=69062 id=14 clt=2 wrkr=4 slot=0 size=10 src=client:2 dst=worker:4
event=resp_recv_ud ts_ns=69283 id=32 clt=2 wrkr=3 slot=0 size=41 src=worker:3 dst=client:2
event=resp_recv_ud ts_ns=69906 id=35 clt=2 wrkr=1 slot=2 size=41 src=worker:1 dst=client:2
event=resp_recv_ud ts_ns=71197 id=38 clt=2 wrkr=4 slot=1 size=41 src=worker:4 dst=client:2
event=hand_send ts_ns=71344 id=17 clt=2 wrkr=2 slot=0 size=10 src=client:2 dst=worker:2
event=hand_send ts_ns=72095 id=20 clt=2 wrkr=11 slot=0 size=10 src=client:2 dst=worker:11
event=resp_recv_ud ts_ns=72918 id=41 clt=2 wrkr=8 slot=0 size=41 src=worker:8 dst=client:2
event=hand_send ts_ns=73331 id=23 clt=2 wrkr=6 slot=0 size=10 src=client:2 dst=worker:6
event=hand_send ts_ns=74725 id=26 clt=2 wrkr=5 slot=0 size=10 src=client:2 dst=worker:5
event=resp_recv_ud ts_ns=75732 id=44 clt=2 wrkr=0 slot=0 size=41 src=worker:0 dst=client:2
event=hand_send ts_ns=76045 id=29 clt=2 wrkr=10 slot=1 size=10 src=client:2 dst=worker:10
event=resp_recv_ud ts_ns=77675 id=47 clt=2 wrkr=6 slot=1 size=41 src=worker:6 dst=client:2
event=hand_send ts_ns=77930 id=32 clt=2 wrkr=3 slot=0 size=10 src=client:2 dst=worker:3
event=hand_send ts_ns=78553 id=35 clt=2 wrkr=1 slot=2 size=10 src=client:2 dst=worker:1
event=hand_send ts_ns=79844 id=38 clt=2 wrkr=4 slot=1 size=10 src=client:2 dst=worker:4
event=hand_send ts_ns=81565 id=41 clt=2 wrkr=8 slot=0 size=10 src=client:2 dst=worker:8
event=hand_send ts_ns=84379 id=44 clt=2 wrkr=0 slot=0 size=10 src=client:2 dst=worker:0
event=hand_send ts_ns=86322 id=47 clt=2 wrkr=6 slot=1 size=10 src=client:2 dst=worker:6
event=resp_rdma_read ts_ns=754086 id=8 start_ns=62806 dur_ns=691280 clt=2 wrkr=1 slot=1 size=204808 src=worker:1 dst=client:2
event=req_send ts_ns=754086 id=50 clt=2 wrkr=8 slot=1 size=17 src=client:2 dst=worker:8
event=resp_rdma_read ts_ns=756834 id=5 start_ns=62631 dur_ns=694203 clt=2 wrkr=1 slot=0 size=204808 src=worker:1 dst=client:2
event=req_send ts_ns=756834 id=51 clt=2 wrkr=11 slot=1 size=17 src=client:2 dst=worker:11
event=resp_rdma_read ts_ns=770337 id=2 start_ns=63419 dur_ns=706918 clt=2 wrkr=9 slot=0 size=204808 src=worker:9 dst=client:2
event=req_send ts_ns=770337 id=52 clt=2 wrkr=4 slot=2 size=17 src=client:2 dst=worker:4
event=resp_rdma_read ts_ns=794516 id=11 start_ns=66032 dur_ns=728484 clt=2 wrkr=10 slot=0 size=204808 src=worker:10 dst=client:2
event=req_send ts_ns=794516 id=55 clt=2 wrkr=10 slot=2 size=17 src=client:2 dst=worker:10
event=resp_rdma_read ts_ns=813517 id=14 start_ns=69062 dur_ns=744455 clt=2 wrkr=4 slot=0 size=204808 src=worker:4 dst=client:2
event=req_send ts_ns=813517 id=58 clt=2 wrkr=6 slot=2 size=17 src=client:2 dst=worker:6
event=resp_recv_ud ts_ns=823386 id=50 clt=2 wrkr=8 slot=1 size=41 src=worker:8 dst=client:2
event=resp_recv_ud ts_ns=826655 id=51 clt=2 wrkr=11 slot=1 size=41 src=worker:11 dst=client:2
event=resp_rdma_read ts_ns=831977 id=17 start_ns=71344 dur_ns=760633 clt=2 wrkr=2 slot=0 size=204808 src=worker:2 dst=client:2
event=req_send ts_ns=831977 id=59 clt=2 wrkr=3 slot=1 size=17 src=client:2 dst=worker:3
event=hand_send ts_ns=832033 id=50 clt=2 wrkr=8 slot=1 size=10 src=client:2 dst=worker:8
event=hand_send ts_ns=835302 id=51 clt=2 wrkr=11 slot=1 size=10 src=client:2 dst=worker:11
event=resp_rdma_read ts_ns=836899 id=20 start_ns=72095 dur_ns=764804 clt=2 wrkr=11 slot=0 size=204808 src=worker:11 dst=client:2
event=req_send ts_ns=836899 id=60 clt=2 wrkr=0 slot=1 size=17 src=client:2 dst=worker:0
event=resp_recv_ud ts_ns=840411 id=52 clt=2 wrkr=4 slot=2 size=41 src=worker:4 dst=client:2
event=hand_send ts_ns=849058 id=52 clt=2 wrkr=4 slot=2 size=10 src=client:2 dst=worker:4
event=resp_rdma_read ts_ns=864463 id=23 start_ns=73331 dur_ns=791132 clt=2 wrkr=6 slot=0 size=204808 src=worker:6 dst=client:2
event=req_send ts_ns=864463 id=64 clt=2 wrkr=11 slot=2 size=17 src=client:2 dst=worker:11
event=resp_recv_ud ts_ns=864474 id=55 clt=2 wrkr=10 slot=2 size=41 src=worker:10 dst=client:2
event=hand_send ts_ns=873121 id=55 clt=2 wrkr=10 slot=2 size=10 src=client:2 dst=worker:10
event=resp_rdma_read ts_ns=879820 id=26 start_ns=74725 dur_ns=805095 clt=2 wrkr=5 slot=0 size=204808 src=worker:5 dst=client:2
event=req_send ts_ns=879820 id=66 clt=2 wrkr=8 slot=2 size=17 src=client:2 dst=worker:8
event=resp_recv_ud ts_ns=883066 id=58 clt=2 wrkr=6 slot=2 size=41 src=worker:6 dst=client:2
event=hand_send ts_ns=891713 id=58 clt=2 wrkr=6 slot=2 size=10 src=client:2 dst=worker:6
event=resp_recv_ud ts_ns=901305 id=59 clt=2 wrkr=3 slot=1 size=41 src=worker:3 dst=client:2
event=resp_recv_ud ts_ns=905951 id=60 clt=2 wrkr=0 slot=1 size=41 src=worker:0 dst=client:2
event=hand_send ts_ns=909952 id=59 clt=2 wrkr=3 slot=1 size=10 src=client:2 dst=worker:3
event=resp_rdma_read ts_ns=913743 id=29 start_ns=76045 dur_ns=837698 clt=2 wrkr=10 slot=1 size=204808 src=worker:10 dst=client:2
event=req_send ts_ns=913743 id=70 clt=2 wrkr=7 slot=0 size=17 src=client:2 dst=worker:7
event=hand_send ts_ns=914598 id=60 clt=2 wrkr=0 slot=1 size=10 src=client:2 dst=worker:0
event=resp_recv_ud ts_ns=932276 id=64 clt=2 wrkr=11 slot=2 size=41 src=worker:11 dst=client:2
event=hand_send ts_ns=940923 id=64 clt=2 wrkr=11 slot=2 size=10 src=client:2 dst=worker:11
event=resp_recv_ud ts_ns=947816 id=66 clt=2 wrkr=8 slot=2 size=41 src=worker:8 dst=client:2
event=resp_rdma_read ts_ns=949446 id=32 start_ns=77930 dur_ns=871516 clt=2 wrkr=3 slot=0 size=204808 src=worker:3 dst=client:2
event=req_send ts_ns=949446 id=73 clt=2 wrkr=6 slot=3 size=17 src=client:2 dst=worker:6
event=hand_send ts_ns=956463 id=66 clt=2 wrkr=8 slot=2 size=10 src=client:2 dst=worker:8
event=resp_recv_ud ts_ns=982579 id=70 clt=2 wrkr=7 slot=0 size=41 src=worker:7 dst=client:2
event=hand_send ts_ns=991226 id=70 clt=2 wrkr=7 slot=0 size=10 src=client:2 dst=worker:7
event=resp_rdma_read ts_ns=991703 id=35 start_ns=78553 dur_ns=913150 clt=2 wrkr=1 slot=2 size=204808 src=worker:1 dst=client:2
event=req_send ts_ns=991703 id=75 clt=2 wrkr=6 slot=4 size=17 src=client:2 dst=worker:6
event=resp_rdma_read ts_ns=1010108 id=38 start_ns=79844 dur_ns=930264 clt=2 wrkr=4 slot=1 size=204808 src=worker:4 dst=client:2
event=req_send ts_ns=1010108 id=77 clt=2 wrkr=2 slot=1 size=17 src=client:2 dst=worker:2
event=resp_recv_ud ts_ns=1019440 id=73 clt=2 wrkr=6 slot=3 size=41 src=worker:6 dst=client:2
event=hand_send ts_ns=1028087 id=73 clt=2 wrkr=6 slot=3 size=10 src=client:2 dst=worker:6
event=resp_recv_ud ts_ns=1062811 id=75 clt=2 wrkr=6 slot=4 size=41 src=worker:6 dst=client:2
event=resp_rdma_read ts_ns=1063180 id=41 start_ns=81565 dur_ns=981615 clt=2 wrkr=8 slot=0 size=204808 src=worker:8 dst=client:2
event=req_send ts_ns=1063180 id=80 clt=2 wrkr=1 slot=3 size=17 src=client:2 dst=worker:1
event=hand_send ts_ns=1071458 id=75 clt=2 wrkr=6 slot=4 size=10 src=client:2 dst=worker:6
event=resp_recv_ud ts_ns=1080488 id=77 clt=2 wrkr=2 slot=1 size=41 src=worker:2 dst=client:2
event=hand_send ts_ns=1089135 id=77 clt=2 wrkr=2 slot=1 size=10 src=client:2 dst=worker:2
event=resp_recv_ud ts_ns=1134115 id=80 clt=2 wrkr=1 slot=3 size=41 src=worker:1 dst=client:2
event=resp_rdma_read ts_ns=1139991 id=44 start_ns=84379 dur_ns=1055612 clt=2 wrkr=0 slot=0 size=204808 src=worker:0 dst=client:2
event=req_send ts_ns=1139991 id=83 clt=2 wrkr=4 slot=3 size=17 src=client:2 dst=worker:4
event=hand_send ts_ns=1142762 id=80 clt=2 wrkr=1 slot=3 size=10 src=client:2 dst=worker:1
event=resp_recv_ud ts_ns=1211443 id=83 clt=2 wrkr=4 slot=3 size=41 src=worker:4 dst=client:2
event=hand_send ts_ns=1220090 id=83 clt=2 wrkr=4 slot=3 size=10 src=client:2 dst=worker:4
event=resp_rdma_read ts_ns=1224912 id=47 start_ns=86322 dur_ns=1138590 clt=2 wrkr=6 slot=1 size=204808 src=worker:6 dst=client:2
event=req_send ts_ns=1224912 id=86 clt=2 wrkr=8 slot=3 size=17 src=client:2 dst=worker:8
event=resp_recv_ud ts_ns=1296414 id=86 clt=2 wrkr=8 slot=3 size=41 src=worker:8 dst=client:2
event=hand_send ts_ns=1305061 id=86 clt=2 wrkr=8 slot=3 size=10 src=client:2 dst=worker:8
event=resp_rdma_read ts_ns=1882143 id=50 start_ns=832033 dur_ns=1050110 clt=2 wrkr=8 slot=1 size=204808 src=worker:8 dst=client:2
event=req_send ts_ns=1882143 id=96 clt=2 wrkr=5 slot=1 size=17 src=client:2 dst=worker:5
event=resp_rdma_read ts_ns=1905929 id=51 start_ns=835302 dur_ns=1070627 clt=2 wrkr=11 slot=1 size=204808 src=worker:11 dst=client:2
event=req_send ts_ns=1905929 id=97 clt=2 wrkr=8 slot=4 size=17 src=client:2 dst=worker:8
event=resp_recv_ud ts_ns=1924820 id=96 clt=2 wrkr=5 slot=1 size=41 src=worker:5 dst=client:2
event=hand_send ts_ns=1933467 id=96 clt=2 wrkr=5 slot=1 size=10 src=client:2 dst=worker:5
event=resp_rdma_read ts_ns=1944687 id=58 start_ns=891713 dur_ns=1052974 clt=2 wrkr=6 slot=2 size=204808 src=worker:6 dst=client:2
event=req_send ts_ns=1944687 id=99 clt=2 wrkr=4 slot=4 size=17 src=client:2 dst=worker:4
event=resp_rdma_read ts_ns=1953051 id=52 start_ns=849058 dur_ns=1103993 clt=2 wrkr=4 slot=2 size=204808 src=worker:4 dst=client:2
event=req_send ts_ns=1953051 id=102 clt=2 wrkr=2 slot=2 size=17 src=client:2 dst=worker:2
event=resp_rdma_read ts_ns=1972905 id=55 start_ns=873121 dur_ns=1099784 clt=2 wrkr=10 slot=2 size=204808 src=worker:10 dst=client:2
event=req_send ts_ns=1972905 id=104 clt=2 wrkr=3 slot=2 size=17 src=client:2 dst=worker:3
event=resp_recv_ud ts_ns=1973434 id=97 clt=2 wrkr=8 slot=4 size=41 src=worker:8 dst=client:2
event=hand_send ts_ns=1982081 id=97 clt=2 wrkr=8 slot=4 size=10 src=client:2 dst=worker:8
event=resp_rdma_read ts_ns=2007424 id=59 start_ns=909952 dur_ns=1097472 clt=2 wrkr=3 slot=1 size=204808 src=worker:3 dst=client:2
event=req_send ts_ns=2007424 id=108 clt=2 wrkr=10 slot=3 size=17 src=client:2 dst=worker:10
event=resp_recv_ud ts_ns=2012176 id=99 clt=2 wrkr=4 slot=4 size=41 src=worker:4 dst=client:2
event=resp_recv_ud ts_ns=2020369 id=102 clt=2 wrkr=2 slot=2 size=41 src=worker:2 dst=client:2
event=hand_send ts_ns=2020823 id=99 clt=2 wrkr=4 slot=4 size=10 src=client:2 dst=worker:4
event=resp_rdma_read ts_ns=2023278 id=60 start_ns=914598 dur_ns=1108680 clt=2 wrkr=0 slot=1 size=204808 src=worker:0 dst=client:2
event=req_send ts_ns=2023278 id=110 clt=2 wrkr=2 slot=3 size=17 src=client:2 dst=worker:2
event=hand_send ts_ns=2029016 id=102 clt=2 wrkr=2 slot=2 size=10 src=client:2 dst=worker:2
event=resp_recv_ud ts_ns=2040655 id=104 clt=2 wrkr=3 slot=2 size=41 src=worker:3 dst=client:2
event=hand_send ts_ns=2049302 id=104 clt=2 wrkr=3 slot=2 size=10 src=client:2 dst=worker:3
event=resp_recv_ud ts_ns=2076791 id=108 clt=2 wrkr=10 slot=3 size=41 src=worker:10 dst=client:2
event=hand_send ts_ns=2085438 id=108 clt=2 wrkr=10 slot=3 size=10 src=client:2 dst=worker:10
event=resp_recv_ud ts_ns=2093654 id=110 clt=2 wrkr=2 slot=3 size=41 src=worker:2 dst=client:2
event=resp_rdma_read ts_ns=2098030 id=75 start_ns=1071458 dur_ns=1026572 clt=2 wrkr=6 slot=4 size=204808 src=worker:6 dst=client:2
event=req_send ts_ns=2098030 id=113 clt=2 wrkr=1 slot=4 size=17 src=client:2 dst=worker:1
event=hand_send ts_ns=2102301 id=110 clt=2 wrkr=2 slot=3 size=10 src=client:2 dst=worker:2
event=resp_rdma_read ts_ns=2118486 id=64 start_ns=940923 dur_ns=1177563 clt=2 wrkr=11 slot=2 size=204808 src=worker:11 dst=client:2
event=req_send ts_ns=2118486 id=115 clt=2 wrkr=9 slot=1 size=17 src=client:2 dst=worker:9
event=resp_rdma_read ts_ns=2127700 id=66 start_ns=956463 dur_ns=1171237 clt=2 wrkr=8 slot=2 size=204808 src=worker:8 dst=client:2
event=req_send ts_ns=2127700 id=116 clt=2 wrkr=8 slot=5 size=17 src=client:2 dst=worker:8
event=resp_rdma_read ts_ns=2163017 id=73 start_ns=1028087 dur_ns=1134930 clt=2 wrkr=6 slot=3 size=204808 src=worker:6 dst=client:2
event=req_send ts_ns=2163017 id=118 clt=2 wrkr=4 slot=5 size=17 src=client:2 dst=worker:4
event=resp_recv_ud ts_ns=2169478 id=113 clt=2 wrkr=1 slot=4 size=41 src=worker:1 dst=client:2
event=hand_send ts_ns=2178125 id=113 clt=2 wrkr=1 slot=4 size=10 src=client:2 dst=worker:1
event=resp_rdma_read ts_ns=2181418 id=70 start_ns=991226 dur_ns=1190192 clt=2 wrkr=7 slot=0 size=204808 src=worker:7 dst=client:2
event=req_send ts_ns=2181418 id=121 clt=2 wrkr=4 slot=6 size=17 src=client:2 dst=worker:4
event=resp_recv_ud ts_ns=2189995 id=115 clt=2 wrkr=9 slot=1 size=41 src=worker:9 dst=client:2
event=hand_send ts_ns=2198642 id=115 clt=2 wrkr=9 slot=1 size=10 src=client:2 dst=worker:9
event=resp_recv_ud ts_ns=2198830 id=116 clt=2 wrkr=8 slot=5 size=41 src=worker:8 dst=client:2
event=hand_send ts_ns=2207477 id=116 clt=2 wrkr=8 slot=5 size=10 src=client:2 dst=worker:8
event=resp_recv_ud ts_ns=2234070 id=118 clt=2 wrkr=4 slot=5 size=41 src=worker:4 dst=client:2
event=hand_send ts_ns=2242717 id=118 clt=2 wrkr=4 slot=5 size=10 src=client:2 dst=worker:4
event=resp_recv_ud ts_ns=2252441 id=121 clt=2 wrkr=4 slot=6 size=41 src=worker:4 dst=client:2
event=hand_send ts_ns=2261088 id=121 clt=2 wrkr=4 slot=6 size=10 src=client:2 dst=worker:4
event=resp_rdma_read ts_ns=2387852 id=77 start_ns=1089135 dur_ns=1298717 clt=2 wrkr=2 slot=1 size=204808 src=worker:2 dst=client:2
event=req_send ts_ns=2387852 id=128 clt=2 wrkr=11 slot=3 size=17 src=client:2 dst=worker:11
event=resp_rdma_read ts_ns=2415530 id=80 start_ns=1142762 dur_ns=1272768 clt=2 wrkr=1 slot=3 size=204808 src=worker:1 dst=client:2
event=req_send ts_ns=2415530 id=129 clt=2 wrkr=2 slot=4 size=17 src=client:2 dst=worker:2
event=resp_rdma_read ts_ns=2432674 id=83 start_ns=1220090 dur_ns=1212584 clt=2 wrkr=4 slot=3 size=204808 src=worker:4 dst=client:2
event=req_send ts_ns=2432674 id=131 clt=2 wrkr=1 slot=5 size=17 src=client:2 dst=worker:1
event=resp_recv_ud ts_ns=2459556 id=128 clt=2 wrkr=11 slot=3 size=41 src=worker:11 dst=client:2
event=hand_send ts_ns=2468203 id=128 clt=2 wrkr=11 slot=3 size=10 src=client:2 dst=worker:11
event=resp_recv_ud ts_ns=2486384 id=129 clt=2 wrkr=2 slot=4 size=41 src=worker:2 dst=client:2
event=hand_send ts_ns=2495031 id=129 clt=2 wrkr=2 slot=4 size=10 src=client:2 dst=worker:2
event=resp_rdma_read ts_ns=2496995 id=86 start_ns=1305061 dur_ns=1191934 clt=2 wrkr=8 slot=3 size=204808 src=worker:8 dst=client:2
event=req_send ts_ns=2496995 id=133 clt=2 wrkr=7 slot=1 size=17 src=client:2 dst=worker:7
event=resp_recv_ud ts_ns=2504637 id=131 clt=2 wrkr=1 slot=5 size=41 src=worker:1 dst=client:2
event=hand_send ts_ns=2513284 id=131 clt=2 wrkr=1 slot=5 size=10 src=client:2 dst=worker:1
event=resp_recv_ud ts_ns=2568418 id=133 clt=2 wrkr=7 slot=1 size=41 src=worker:7 dst=client:2
event=hand_send ts_ns=2577065 id=133 clt=2 wrkr=7 slot=1 size=10 src=client:2 dst=worker:7
event=resp_rdma_read ts_ns=2821165 id=96 start_ns=1933467 dur_ns=887698 clt=2 wrkr=5 slot=1 size=204808 src=worker:5 dst=client:2
event=req_send ts_ns=2821165 id=144 clt=2 wrkr=9 slot=2 size=17 src=client:2 dst=worker:9
event=resp_recv_ud ts_ns=2885130 id=144 clt=2 wrkr=9 slot=2 size=41 src=worker:9 dst=client:2
event=hand_send ts_ns=2893777 id=144 clt=2 wrkr=9 slot=2 size=10 src=client:2 dst=worker:9
event=resp_rdma_read ts_ns=3088936 id=97 start_ns=1982081 dur_ns=1106855 clt=2 wrkr=8 slot=4 size=204808 src=worker:8 dst=client:2
event=req_send ts_ns=3088936 id=145 clt=2 wrkr=10 slot=4 size=17 src=client:2 dst=worker:10
event=resp_recv_ud ts_ns=3129628 id=145 clt=2 wrkr=10 slot=4 size=41 src=worker:10 dst=client:2
event=resp_rdma_read ts_ns=3135163 id=99 start_ns=2020823 dur_ns=1114340 clt=2 wrkr=4 slot=4 size=204808 src=worker:4 dst=client:2
event=req_send ts_ns=3135163 id=146 clt=2 wrkr=7 slot=2 size=17 src=client:2 dst=worker:7
event=hand_send ts_ns=3138275 id=145 clt=2 wrkr=10 slot=4 size=10 src=client:2 dst=worker:10
event=resp_recv_ud ts_ns=3187865 id=146 clt=2 wrkr=7 slot=2 size=41 src=worker:7 dst=client:2
event=resp_rdma_read ts_ns=3192916 id=102 start_ns=2029016 dur_ns=1163900 clt=2 wrkr=2 slot=2 size=204808 src=worker:2 dst=client:2
event=req_send ts_ns=3192916 id=151 clt=2 wrkr=4 slot=7 size=17 src=client:2 dst=worker:4
event=hand_send ts_ns=3196512 id=146 clt=2 wrkr=7 slot=2 size=10 src=client:2 dst=worker:7
event=resp_rdma_read ts_ns=3211089 id=104 start_ns=2049302 dur_ns=1161787 clt=2 wrkr=3 slot=2 size=204808 src=worker:3 dst=client:2
event=req_send ts_ns=3211089 id=152 clt=2 wrkr=0 slot=2 size=17 src=client:2 dst=worker:0
event=resp_recv_ud ts_ns=3255611 id=151 clt=2 wrkr=4 slot=7 size=41 src=worker:4 dst=client:2
event=hand_send ts_ns=3264258 id=151 clt=2 wrkr=4 slot=7 size=10 src=client:2 dst=worker:4
event=resp_recv_ud ts_ns=3272471 id=152 clt=2 wrkr=0 slot=2 size=41 src=worker:0 dst=client:2
event=hand_send ts_ns=3281118 id=152 clt=2 wrkr=0 slot=2 size=10 src=client:2 dst=worker:0
event=resp_rdma_read ts_ns=3334213 id=118 start_ns=2242717 dur_ns=1091496 clt=2 wrkr=4 slot=5 size=204808 src=worker:4 dst=client:2
event=req_send ts_ns=3334213 id=156 clt=2 wrkr=11 slot=4 size=17 src=client:2 dst=worker:11
event=resp_rdma_read ts_ns=3345352 id=108 start_ns=2085438 dur_ns=1259914 clt=2 wrkr=10 slot=3 size=204808 src=worker:10 dst=client:2
event=req_send ts_ns=3345352 id=158 clt=2 wrkr=0 slot=3 size=17 src=client:2 dst=worker:0
event=resp_rdma_read ts_ns=3354398 id=116 start_ns=2207477 dur_ns=1146921 clt=2 wrkr=8 slot=5 size=204808 src=worker:8 dst=client:2
event=req_send ts_ns=3354398 id=159 clt=2 wrkr=11 slot=5 size=17 src=client:2 dst=worker:11
event=resp_rdma_read ts_ns=3361480 id=110 start_ns=2102301 dur_ns=1259179 clt=2 wrkr=2 slot=3 size=204808 src=worker:2 dst=client:2
event=req_send ts_ns=3361480 id=160 clt=2 wrkr=7 slot=3 size=17 src=client:2 dst=worker:7
event=resp_recv_ud ts_ns=3389432 id=156 clt=2 wrkr=11 slot=4 size=41 src=worker:11 dst=client:2
event=hand_send ts_ns=3398079 id=156 clt=2 wrkr=11 slot=4 size=10 src=client:2 dst=worker:11
event=resp_recv_ud ts_ns=3404455 id=158 clt=2 wrkr=0 slot=3 size=41 src=worker:0 dst=client:2
event=hand_send ts_ns=3413102 id=158 clt=2 wrkr=0 slot=3 size=10 src=client:2 dst=worker:0
event=resp_recv_ud ts_ns=3413315 id=159 clt=2 wrkr=11 slot=5 size=41 src=worker:11 dst=client:2
event=resp_rdma_read ts_ns=3419381 id=115 start_ns=2198642 dur_ns=1220739 clt=2 wrkr=9 slot=1 size=204808 src=worker:9 dst=client:2
event=req_send ts_ns=3419381 id=165 clt=2 wrkr=5 slot=2 size=17 src=client:2 dst=worker:5
event=resp_rdma_read ts_ns=3419610 id=113 start_ns=2178125 dur_ns=1241485 clt=2 wrkr=1 slot=4 size=204808 src=worker:1 dst=client:2
event=req_send ts_ns=3419610 id=166 clt=2 wrkr=0 slot=4 size=17 src=client:2 dst=worker:0
event=resp_recv_ud ts_ns=3420548 id=160 clt=2 wrkr=7 slot=3 size=41 src=worker:7 dst=client:2
event=hand_send ts_ns=3421962 id=159 clt=2 wrkr=11 slot=5 size=10 src=client:2 dst=worker:11
event=hand_send ts_ns=3429195 id=160 clt=2 wrkr=7 slot=3 size=10 src=client:2 dst=worker:7
event=resp_recv_ud ts_ns=3479879 id=166 clt=2 wrkr=0 slot=4 size=41 src=worker:0 dst=client:2
event=resp_recv_ud ts_ns=3480082 id=165 clt=2 wrkr=5 slot=2 size=41 src=worker:5 dst=client:2
event=hand_send ts_ns=3488526 id=166 clt=2 wrkr=0 slot=4 size=10 src=client:2 dst=worker:0
event=hand_send ts_ns=3488729 id=165 clt=2 wrkr=5 slot=2 size=10 src=client:2 dst=worker:5
event=resp_rdma_read ts_ns=3552795 id=121 start_ns=2261088 dur_ns=1291707 clt=2 wrkr=4 slot=6 size=204808 src=worker:4 dst=client:2
event=req_send ts_ns=3552795 id=172 clt=2 wrkr=11 slot=6 size=17 src=client:2 dst=worker:11
event=resp_recv_ud ts_ns=3617959 id=172 clt=2 wrkr=11 slot=6 size=41 src=worker:11 dst=client:2
event=hand_send ts_ns=3626606 id=172 clt=2 wrkr=11 slot=6 size=10 src=client:2 dst=worker:11
event=resp_rdma_read ts_ns=3670179 id=144 start_ns=2893777 dur_ns=776402 clt=2 wrkr=9 slot=2 size=204808 src=worker:9 dst=client:2
event=req_send ts_ns=3670179 id=175 clt=2 wrkr=2 slot=5 size=17 src=client:2 dst=worker:2
event=resp_rdma_read ts_ns=3706016 id=129 start_ns=2495031 dur_ns=1210985 clt=2 wrkr=2 slot=4 size=204808 src=worker:2 dst=client:2
event=req_send ts_ns=3706016 id=178 clt=2 wrkr=7 slot=4 size=17 src=client:2 dst=worker:7
event=resp_recv_ud ts_ns=3738028 id=175 clt=2 wrkr=2 slot=5 size=41 src=worker:2 dst=client:2
event=resp_rdma_read ts_ns=3741462 id=128 start_ns=2468203 dur_ns=1273259 clt=2 wrkr=11 slot=3 size=204808 src=worker:11 dst=client:2
event=req_send ts_ns=3741462 id=179 clt=2 wrkr=0 slot=5 size=17 src=client:2 dst=worker:0
event=hand_send ts_ns=3746675 id=175 clt=2 wrkr=2 slot=5 size=10 src=client:2 dst=worker:2
event=resp_recv_ud ts_ns=3774361 id=178 clt=2 wrkr=7 slot=4 size=41 src=worker:7 dst=client:2
event=hand_send ts_ns=3783008 id=178 clt=2 wrkr=7 slot=4 size=10 src=client:2 dst=worker:7
event=resp_rdma_read ts_ns=3803509 id=131 start_ns=2513284 dur_ns=1290225 clt=2 wrkr=1 slot=5 size=204808 src=worker:1 dst=client:2
event=req_send ts_ns=3803509 id=182 clt=2 wrkr=10 slot=5 size=17 src=client:2 dst=worker:10
event=resp_recv_ud ts_ns=3810879 id=179 clt=2 wrkr=0 slot=5 size=41 src=worker:0 dst=client:2
event=resp_rdma_read ts_ns=3815246 id=133 start_ns=2577065 dur_ns=1238181 clt=2 wrkr=7 slot=1 size=204808 src=worker:7 dst=client:2
event=req_send ts_ns=3815246 id=184 clt=2 wrkr=1 slot=6 size=17 src=client:2 dst=worker:1
event=hand_send ts_ns=3819526 id=179 clt=2 wrkr=0 slot=5 size=10 src=client:2 dst=worker:0
event=resp_recv_ud ts_ns=3873875 id=182 clt=2 wrkr=10 slot=5 size=41 src=worker:10 dst=client:2
event=hand_send ts_ns=3882522 id=182 clt=2 wrkr=10 slot=5 size=10 src=client:2 dst=worker:10
event=resp_recv_ud ts_ns=3885927 id=184 clt=2 wrkr=1 slot=6 size=41 src=worker:1 dst=client:2
event=hand_send ts_ns=3894574 id=184 clt=2 wrkr=1 slot=6 size=10 src=client:2 dst=worker:1
event=resp_rdma_read ts_ns=3899764 id=152 start_ns=3281118 dur_ns=618646 clt=2 wrkr=0 slot=2 size=204808 src=worker:0 dst=client:2
event=req_send ts_ns=3899764 id=189 clt=2 wrkr=0 slot=6 size=17 src=client:2 dst=worker:0
event=resp_rdma_read ts_ns=3961747 id=145 start_ns=3138275 dur_ns=823472 clt=2 wrkr=10 slot=4 size=204808 src=worker:10 dst=client:2
event=req_send ts_ns=3961747 id=191 clt=2 wrkr=5 slot=3 size=17 src=client:2 dst=worker:5
event=resp_recv_ud ts_ns=3971504 id=189 clt=2 wrkr=0 slot=6 size=41 src=worker:0 dst=client:2
event=resp_rdma_read ts_ns=3972838 id=146 start_ns=3196512 dur_ns=776326 clt=2 wrkr=7 slot=2 size=204808 src=worker:7 dst=client:2
event=req_send ts_ns=3972838 id=196 clt=2 wrkr=3 slot=3 size=17 src=client:2 dst=worker:3
event=hand_send ts_ns=3980151 id=189 clt=2 wrkr=0 slot=6 size=10 src=client:2 dst=worker:0
event=resp_rdma_read ts_ns=3989030 id=151 start_ns=3264258 dur_ns=724772 clt=2 wrkr=4 slot=7 size=204808 src=worker:4 dst=client:2
event=req_send ts_ns=3989030 id=197 clt=2 wrkr=4 slot=8 size=17 src=client:2 dst=worker:4
event=resp_recv_ud ts_ns=4032933 id=191 clt=2 wrkr=5 slot=3 size=41 src=worker:5 dst=client:2
event=hand_send ts_ns=4041580 id=191 clt=2 wrkr=5 slot=3 size=10 src=client:2 dst=worker:5
event=resp_recv_ud ts_ns=4043834 id=196 clt=2 wrkr=3 slot=3 size=41 src=worker:3 dst=client:2
event=hand_send ts_ns=4052481 id=196 clt=2 wrkr=3 slot=3 size=10 src=client:2 dst=worker:3
event=resp_recv_ud ts_ns=4058121 id=197 clt=2 wrkr=4 slot=8 size=41 src=worker:4 dst=client:2
event=hand_send ts_ns=4066768 id=197 clt=2 wrkr=4 slot=8 size=10 src=client:2 dst=worker:4
event=resp_rdma_read ts_ns=4197538 id=156 start_ns=3398079 dur_ns=799459 clt=2 wrkr=11 slot=4 size=204808 src=worker:11 dst=client:2
event=req_send ts_ns=4197538 id=204 clt=2 wrkr=9 slot=3 size=17 src=client:2 dst=worker:9
event=resp_rdma_read ts_ns=4206929 id=159 start_ns=3421962 dur_ns=784967 clt=2 wrkr=11 slot=5 size=204808 src=worker:11 dst=client:2
event=req_send ts_ns=4206929 id=205 clt=2 wrkr=9 slot=4 size=17 src=client:2 dst=worker:9
event=resp_rdma_read ts_ns=4221589 id=158 start_ns=3413102 dur_ns=808487 clt=2 wrkr=0 slot=3 size=204808 src=worker:0 dst=client:2
event=req_send ts_ns=4221589 id=207 clt=2 wrkr=6 slot=5 size=17 src=client:2 dst=worker:6
event=resp_rdma_read ts_ns=4260973 id=160 start_ns=3429195 dur_ns=831778 clt=2 wrkr=7 slot=3 size=204808 src=worker:7 dst=client:2
event=req_send ts_ns=4260973 id=208 clt=2 wrkr=6 slot=6 size=17 src=client:2 dst=worker:6
event=resp_recv_ud ts_ns=4267723 id=204 clt=2 wrkr=9 slot=3 size=41 src=worker:9 dst=client:2
event=hand_send ts_ns=4276370 id=204 clt=2 wrkr=9 slot=3 size=10 src=client:2 dst=worker:9
event=resp_recv_ud ts_ns=4278732 id=205 clt=2 wrkr=9 slot=4 size=41 src=worker:9 dst=client:2
event=hand_send ts_ns=4287379 id=205 clt=2 wrkr=9 slot=4 size=10 src=client:2 dst=worker:9
event=resp_recv_ud ts_ns=4293340 id=207 clt=2 wrkr=6 slot=5 size=41 src=worker:6 dst=client:2
event=hand_send ts_ns=4301987 id=207 clt=2 wrkr=6 slot=5 size=10 src=client:2 dst=worker:6
event=resp_recv_ud ts_ns=4332855 id=208 clt=2 wrkr=6 slot=6 size=41 src=worker:6 dst=client:2
event=hand_send ts_ns=4341502 id=208 clt=2 wrkr=6 slot=6 size=10 src=client:2 dst=worker:6
event=resp_rdma_read ts_ns=4359004 id=166 start_ns=3488526 dur_ns=870478 clt=2 wrkr=0 slot=4 size=204808 src=worker:0 dst=client:2
event=req_send ts_ns=4359004 id=213 clt=2 wrkr=6 slot=7 size=17 src=client:2 dst=worker:6
event=resp_rdma_read ts_ns=4372673 id=165 start_ns=3488729 dur_ns=883944 clt=2 wrkr=5 slot=2 size=204808 src=worker:5 dst=client:2
event=req_send ts_ns=4372673 id=215 clt=2 wrkr=0 slot=7 size=17 src=client:2 dst=worker:0
event=resp_recv_ud ts_ns=4431231 id=213 clt=2 wrkr=6 slot=7 size=41 src=worker:6 dst=client:2
event=hand_send ts_ns=4439878 id=213 clt=2 wrkr=6 slot=7 size=10 src=client:2 dst=worker:6
event=resp_recv_ud ts_ns=4444466 id=215 clt=2 wrkr=0 slot=7 size=41 src=worker:0 dst=client:2
event=hand_send ts_ns=4453113 id=215 clt=2 wrkr=0 slot=7 size=10 src=client:2 dst=worker:0
event=resp_rdma_read ts_ns=4626888 id=172 start_ns=3626606 dur_ns=1000282 clt=2 wrkr=11 slot=6 size=204808 src=worker:11 dst=client:2
event=req_send ts_ns=4626888 id=221 clt=2 wrkr=7 slot=5 size=17 src=client:2 dst=worker:7
event=resp_recv_ud ts_ns=4696907 id=221 clt=2 wrkr=7 slot=5 size=41 src=worker:7 dst=client:2
event=hand_send ts_ns=4705554 id=221 clt=2 wrkr=7 slot=5 size=10 src=client:2 dst=worker:7
event=resp_rdma_read ts_ns=4885242 id=175 start_ns=3746675 dur_ns=1138567 clt=2 wrkr=2 slot=5 size=204808 src=worker:2 dst=client:2
event=req_send ts_ns=4885242 id=223 clt=2 wrkr=2 slot=6 size=17 src=client:2 dst=worker:2
event=resp_recv_ud ts_ns=4925900 id=223 clt=2 wrkr=2 slot=6 size=41 src=worker:2 dst=client:2
event=hand_send ts_ns=4934547 id=223 clt=2 wrkr=2 slot=6 size=10 src=client:2 dst=worker:2
event=resp_rdma_read ts_ns=4947226 id=178 start_ns=3783008 dur_ns=1164218 clt=2 wrkr=7 slot=4 size=204808 src=worker:7 dst=client:2
event=req_send ts_ns=4947226 id=226 clt=2 wrkr=10 slot=6 size=17 src=client:2 dst=worker:10
event=resp_recv_ud ts_ns=5011970 id=226 clt=2 wrkr=10 slot=6 size=41 src=worker:10 dst=client:2
event=hand_send ts_ns=5020617 id=226 clt=2 wrkr=10 slot=6 size=10 src=client:2 dst=worker:10
event=resp_rdma_read ts_ns=5051406 id=179 start_ns=3819526 dur_ns=1231880 clt=2 wrkr=0 slot=5 size=204808 src=worker:0 dst=client:2
event=req_send ts_ns=5051406 id=228 clt=2 wrkr=6 slot=8 size=17 src=client:2 dst=worker:6
event=resp_rdma_read ts_ns=5108249 id=182 start_ns=3882522 dur_ns=1225727 clt=2 wrkr=10 slot=5 size=204808 src=worker:10 dst=client:2
event=req_send ts_ns=5108249 id=231 clt=2 wrkr=0 slot=8 size=17 src=client:2 dst=worker:0
event=resp_recv_ud ts_ns=5109756 id=228 clt=2 wrkr=6 slot=8 size=41 src=worker:6 dst=client:2
event=hand_send ts_ns=5118403 id=228 clt=2 wrkr=6 slot=8 size=10 src=client:2 dst=worker:6
event=resp_recv_ud ts_ns=5164807 id=231 clt=2 wrkr=0 slot=8 size=41 src=worker:0 dst=client:2
event=hand_send ts_ns=5173454 id=231 clt=2 wrkr=0 slot=8 size=10 src=client:2 dst=worker:0
event=resp_rdma_read ts_ns=5179500 id=184 start_ns=3894574 dur_ns=1284926 clt=2 wrkr=1 slot=6 size=204808 src=worker:1 dst=client:2
event=req_send ts_ns=5179500 id=235 clt=2 wrkr=0 slot=9 size=17 src=client:2 dst=worker:0
event=resp_rdma_read ts_ns=5213002 id=191 start_ns=4041580 dur_ns=1171422 clt=2 wrkr=5 slot=3 size=204808 src=worker:5 dst=client:2
event=req_send ts_ns=5213002 id=236 clt=2 wrkr=8 slot=6 size=17 src=client:2 dst=worker:8
event=resp_rdma_read ts_ns=5213959 id=189 start_ns=3980151 dur_ns=1233808 clt=2 wrkr=0 slot=6 size=204808 src=worker:0 dst=client:2
event=req_send ts_ns=5213959 id=237 clt=2 wrkr=8 slot=7 size=17 src=client:2 dst=worker:8
event=resp_recv_ud ts_ns=5236465 id=235 clt=2 wrkr=0 slot=9 size=41 src=worker:0 dst=client:2
event=hand_send ts_ns=5245112 id=235 clt=2 wrkr=0 slot=9 size=10 src=client:2 dst=worker:0
event=resp_recv_ud ts_ns=5270674 id=236 clt=2 wrkr=8 slot=6 size=41 src=worker:8 dst=client:2
event=resp_recv_ud ts_ns=5271651 id=237 clt=2 wrkr=8 slot=7 size=41 src=worker:8 dst=client:2
event=hand_send ts_ns=5279321 id=236 clt=2 wrkr=8 slot=6 size=10 src=client:2 dst=worker:8
event=hand_send ts_ns=5280298 id=237 clt=2 wrkr=8 slot=7 size=10 src=client:2 dst=worker:8
event=resp_rdma_read ts_ns=5328519 id=197 start_ns=4066768 dur_ns=1261751 clt=2 wrkr=4 slot=8 size=204808 src=worker:4 dst=client:2
event=req_send ts_ns=5328519 id=247 clt=2 wrkr=0 slot=10 size=17 src=client:2 dst=worker:0
event=resp_rdma_read ts_ns=5339681 id=196 start_ns=4052481 dur_ns=1287200 clt=2 wrkr=3 slot=3 size=204808 src=worker:3 dst=client:2
event=req_send ts_ns=5339681 id=248 clt=2 wrkr=8 slot=8 size=17 src=client:2 dst=worker:8
event=resp_rdma_read ts_ns=5356093 id=213 start_ns=4439878 dur_ns=916215 clt=2 wrkr=6 slot=7 size=204808 src=worker:6 dst=client:2
event=req_send ts_ns=5356093 id=249 clt=2 wrkr=11 slot=7 size=17 src=client:2 dst=worker:11
event=resp_recv_ud ts_ns=5389943 id=247 clt=2 wrkr=0 slot=10 size=41 src=worker:0 dst=client:2
event=hand_send ts_ns=5398590 id=247 clt=2 wrkr=0 slot=10 size=10 src=client:2 dst=worker:0
event=resp_recv_ud ts_ns=5400827 id=248 clt=2 wrkr=8 slot=8 size=41 src=worker:8 dst=client:2
event=hand_send ts_ns=5409474 id=248 clt=2 wrkr=8 slot=8 size=10 src=client:2 dst=worker:8
event=resp_rdma_read ts_ns=5413068 id=221 start_ns=4705554 dur_ns=707514 clt=2 wrkr=7 slot=5 size=204808 src=worker:7 dst=client:2
event=req_send ts_ns=5413068 id=253 clt=2 wrkr=10 slot=7 size=17 src=client:2 dst=worker:10
event=resp_recv_ud ts_ns=5417913 id=249 clt=2 wrkr=11 slot=7 size=41 src=worker:11 dst=client:2
event=hand_send ts_ns=5426560 id=249 clt=2 wrkr=11 slot=7 size=10 src=client:2 dst=worker:11
event=resp_recv_ud ts_ns=5477215 id=253 clt=2 wrkr=10 slot=7 size=41 src=worker:10 dst=client:2
event=hand_send ts_ns=5485862 id=253 clt=2 wrkr=10 slot=7 size=10 src=client:2 dst=worker:10
event=resp_rdma_read ts_ns=5523337 id=205 start_ns=4287379 dur_ns=1235958 clt=2 wrkr=9 slot=4 size=204808 src=worker:9 dst=client:2
event=req_send ts_ns=5523337 id=256 clt=2 wrkr=7 slot=6 size=17 src=client:2 dst=worker:7
event=resp_rdma_read ts_ns=5533650 id=204 start_ns=4276370 dur_ns=1257280 clt=2 wrkr=9 slot=3 size=204808 src=worker:9 dst=client:2
event=req_send ts_ns=5533650 id=257 clt=2 wrkr=3 slot=4 size=17 src=client:2 dst=worker:3
event=resp_rdma_read ts_ns=5555945 id=207 start_ns=4301987 dur_ns=1253958 clt=2 wrkr=6 slot=5 size=204808 src=worker:6 dst=client:2
event=req_send ts_ns=5555945 id=258 clt=2 wrkr=4 slot=9 size=17 src=client:2 dst=worker:4
event=resp_recv_ud ts_ns=5591236 id=256 clt=2 wrkr=7 slot=6 size=41 src=worker:7 dst=client:2
event=hand_send ts_ns=5599883 id=256 clt=2 wrkr=7 slot=6 size=10 src=client:2 dst=worker:7
event=resp_recv_ud ts_ns=5601700 id=257 clt=2 wrkr=3 slot=4 size=41 src=worker:3 dst=client:2
event=resp_rdma_read ts_ns=5608619 id=208 start_ns=4341502 dur_ns=1267117 clt=2 wrkr=6 slot=6 size=204808 src=worker:6 dst=client:2
event=req_send ts_ns=5608619 id=262 clt=2 wrkr=1 slot=7 size=17 src=client:2 dst=worker:1
event=hand_send ts_ns=5610347 id=257 clt=2 wrkr=3 slot=4 size=10 src=client:2 dst=worker:3
event=resp_recv_ud ts_ns=5622944 id=258 clt=2 wrkr=4 slot=9 size=41 src=worker:4 dst=client:2
event=hand_send ts_ns=5631591 id=258 clt=2 wrkr=4 slot=9 size=10 src=client:2 dst=worker:4
event=resp_recv_ud ts_ns=5677708 id=262 clt=2 wrkr=1 slot=7 size=41 src=worker:1 dst=client:2
event=resp_rdma_read ts_ns=5684286 id=215 start_ns=4453113 dur_ns=1231173 clt=2 wrkr=0 slot=7 size=204808 src=worker:0 dst=client:2
event=req_send ts_ns=5684286 id=267 clt=2 wrkr=2 slot=7 size=17 src=client:2 dst=worker:2
event=hand_send ts_ns=5686355 id=262 clt=2 wrkr=1 slot=7 size=10 src=client:2 dst=worker:1
event=resp_rdma_read ts_ns=5729076 id=223 start_ns=4934547 dur_ns=794529 clt=2 wrkr=2 slot=6 size=204808 src=worker:2 dst=client:2
event=req_send ts_ns=5729076 id=269 clt=2 wrkr=0 slot=11 size=17 src=client:2 dst=worker:0
event=resp_recv_ud ts_ns=5755169 id=267 clt=2 wrkr=2 slot=7 size=41 src=worker:2 dst=client:2
event=hand_send ts_ns=5763816 id=267 clt=2 wrkr=2 slot=7 size=10 src=client:2 dst=worker:2
event=resp_rdma_read ts_ns=5790125 id=226 start_ns=5020617 dur_ns=769508 clt=2 wrkr=10 slot=6 size=204808 src=worker:10 dst=client:2
event=req_send ts_ns=5790125 id=271 clt=2 wrkr=2 slot=8 size=17 src=client:2 dst=worker:2
event=resp_recv_ud ts_ns=5800790 id=269 clt=2 wrkr=0 slot=11 size=41 src=worker:0 dst=client:2
event=hand_send ts_ns=5809437 id=269 clt=2 wrkr=0 slot=11 size=10 src=client:2 dst=worker:0
event=resp_rdma_read ts_ns=5842303 id=228 start_ns=5118403 dur_ns=723900 clt=2 wrkr=6 slot=8 size=204808 src=worker:6 dst=client:2
event=req_send ts_ns=5842303 id=274 clt=2 wrkr=8 slot=9 size=17 src=client:2 dst=worker:8
event=resp_recv_ud ts_ns=5858659 id=271 clt=2 wrkr=2 slot=8 size=41 src=worker:2 dst=client:2
event=hand_send ts_ns=5867306 id=271 clt=2 wrkr=2 slot=8 size=10 src=client:2 dst=worker:2
event=resp_recv_ud ts_ns=5912347 id=274 clt=2 wrkr=8 slot=9 size=41 src=worker:8 dst=client:2
event=resp_rdma_read ts_ns=5918704 id=231 start_ns=5173454 dur_ns=745250 clt=2 wrkr=0 slot=8 size=204808 src=worker:0 dst=client:2
event=req_send ts_ns=5918704 id=279 clt=2 wrkr=1 slot=8 size=17 src=client:2 dst=worker:1
event=hand_send ts_ns=5920994 id=274 clt=2 wrkr=8 slot=9 size=10 src=client:2 dst=worker:8
event=resp_recv_ud ts_ns=5990417 id=279 clt=2 wrkr=1 slot=8 size=41 src=worker:1 dst=client:2
event=hand_send ts_ns=5999064 id=279 clt=2 wrkr=1 slot=8 size=10 src=client:2 dst=worker:1
event=resp_rdma_read ts_ns=6022752 id=235 start_ns=5245112 dur_ns=777640 clt=2 wrkr=0 slot=9 size=204808 src=worker:0 dst=client:2
event=req_send ts_ns=6022752 id=283 clt=2 wrkr=2 slot=9 size=17 src=client:2 dst=worker:2
event=resp_rdma_read ts_ns=6060033 id=237 start_ns=5280298 dur_ns=779735 clt=2 wrkr=8 slot=7 size=204808 src=worker:8 dst=client:2
event=req_send ts_ns=6060033 id=284 clt=2 wrkr=1 slot=9 size=17 src=client:2 dst=worker:1
event=resp_rdma_read ts_ns=6060579 id=236 start_ns=5279321 dur_ns=781258 clt=2 wrkr=8 slot=6 size=204808 src=worker:8 dst=client:2
event=req_send ts_ns=6060579 id=285 clt=2 wrkr=1 slot=10 size=17 src=client:2 dst=worker:1
event=resp_recv_ud ts_ns=6094978 id=283 clt=2 wrkr=2 slot=9 size=41 src=worker:2 dst=client:2
event=hand_send ts_ns=6103625 id=283 clt=2 wrkr=2 slot=9 size=10 src=client:2 dst=worker:2
event=resp_recv_ud ts_ns=6131865 id=284 clt=2 wrkr=1 slot=9 size=41 src=worker:1 dst=client:2
event=resp_recv_ud ts_ns=6132597 id=285 clt=2 wrkr=1 slot=10 size=41 src=worker:1 dst=client:2
event=hand_send ts_ns=6140512 id=284 clt=2 wrkr=1 slot=9 size=10 src=client:2 dst=worker:1
event=hand_send ts_ns=6141244 id=285 clt=2 wrkr=1 slot=10 size=10 src=client:2 dst=worker:1
event=resp_rdma_read ts_ns=6297302 id=247 start_ns=5398590 dur_ns=898712 clt=2 wrkr=0 slot=10 size=204808 src=worker:0 dst=client:2
event=req_send ts_ns=6297302 id=295 clt=2 wrkr=8 slot=10 size=17 src=client:2 dst=worker:8
event=resp_rdma_read ts_ns=6329707 id=248 start_ns=5409474 dur_ns=920233 clt=2 wrkr=8 slot=8 size=204808 src=worker:8 dst=client:2
event=req_send ts_ns=6329707 id=296 clt=2 wrkr=10 slot=8 size=17 src=client:2 dst=worker:10
event=resp_recv_ud ts_ns=6369577 id=295 clt=2 wrkr=8 slot=10 size=41 src=worker:8 dst=client:2
event=resp_rdma_read ts_ns=6370798 id=249 start_ns=5426560 dur_ns=944238 clt=2 wrkr=11 slot=7 size=204808 src=worker:11 dst=client:2
event=req_send ts_ns=6370798 id=299 clt=2 wrkr=3 slot=5 size=17 src=client:2 dst=worker:3
event=hand_send ts_ns=6378224 id=295 clt=2 wrkr=8 slot=10 size=10 src=client:2 dst=worker:8
event=resp_recv_ud ts_ns=6400933 id=296 clt=2 wrkr=10 slot=8 size=41 src=worker:10 dst=client:2
event=hand_send ts_ns=6409580 id=296 clt=2 wrkr=10 slot=8 size=10 src=client:2 dst=worker:10
event=resp_recv_ud ts_ns=6442685 id=299 clt=2 wrkr=3 slot=5 size=41 src=worker:3 dst=client:2
event=hand_send ts_ns=6451332 id=299 clt=2 wrkr=3 slot=5 size=10 src=client:2 dst=worker:3
event=resp_rdma_read ts_ns=6490788 id=253 start_ns=5485862 dur_ns=1004926 clt=2 wrkr=10 slot=7 size=204808 src=worker:10 dst=client:2
event=req_send ts_ns=6490788 id=302 clt=2 wrkr=3 slot=6 size=17 src=client:2 dst=worker:3
event=resp_recv_ud ts_ns=6562053 id=302 clt=2 wrkr=3 slot=6 size=41 src=worker:3 dst=client:2
event=hand_send ts_ns=6570700 id=302 clt=2 wrkr=3 slot=6 size=10 src=client:2 dst=worker:3
event=resp_rdma_read ts_ns=6611444 id=262 start_ns=5686355 dur_ns=925089 clt=2 wrkr=1 slot=7 size=204808 src=worker:1 dst=client:2
event=req_send ts_ns=6611444 id=304 clt=2 wrkr=10 slot=9 size=17 src=client:2 dst=worker:10
event=resp_rdma_read ts_ns=6647899 id=256 start_ns=5599883 dur_ns=1048016 clt=2 wrkr=7 slot=6 size=204808 src=worker:7 dst=client:2
event=req_send ts_ns=6647899 id=307 clt=2 wrkr=4 slot=10 size=17 src=client:2 dst=worker:4
event=resp_rdma_read ts_ns=6656554 id=257 start_ns=5610347 dur_ns=1046207 clt=2 wrkr=3 slot=4 size=204808 src=worker:3 dst=client:2
event=req_send ts_ns=6656554 id=308 clt=2 wrkr=1 slot=11 size=17 src=client:2 dst=worker:1
event=resp_recv_ud ts_ns=6680726 id=304 clt=2 wrkr=10 slot=9 size=41 src=worker:10 dst=client:2
event=hand_send ts_ns=6689373 id=304 clt=2 wrkr=10 slot=9 size=10 src=client:2 dst=worker:10
event=resp_recv_ud ts_ns=6717512 id=307 clt=2 wrkr=4 slot=10 size=41 src=worker:4 dst=client:2
event=hand_send ts_ns=6726159 id=307 clt=2 wrkr=4 slot=10 size=10 src=client:2 dst=worker:4
event=resp_recv_ud ts_ns=6726197 id=308 clt=2 wrkr=1 slot=11 size=41 src=worker:1 dst=client:2
event=hand_send ts_ns=6734844 id=308 clt=2 wrkr=1 slot=11 size=10 src=client:2 dst=worker:1
event=resp_rdma_read ts_ns=6736053 id=258 start_ns=5631591 dur_ns=1104462 clt=2 wrkr=4 slot=9 size=204808 src=worker:4 dst=client:2
event=req_send ts_ns=6736053 id=309 clt=2 wrkr=3 slot=7 size=17 src=client:2 dst=worker:3
event=resp_recv_ud ts_ns=6806879 id=309 clt=2 wrkr=3 slot=7 size=41 src=worker:3 dst=client:2
event=hand_send ts_ns=6815526 id=309 clt=2 wrkr=3 slot=7 size=10 src=client:2 dst=worker:3
event=resp_rdma_read ts_ns=6896085 id=283 start_ns=6103625 dur_ns=792460 clt=2 wrkr=2 slot=9 size=204808 src=worker:2 dst=client:2
event=req_send ts_ns=6896085 id=313 clt=2 wrkr=6 slot=9 size=17 src=client:2 dst=worker:6
event=resp_recv_ud ts_ns=6963246 id=313 clt=2 wrkr=6 slot=9 size=41 src=worker:6 dst=client:2
event=resp_rdma_read ts_ns=6966262 id=267 start_ns=5763816 dur_ns=1202446 clt=2 wrkr=2 slot=7 size=204808 src=worker:2 dst=client:2
event=req_send ts_ns=6966262 id=319 clt=2 wrkr=11 slot=8 size=17 src=client:2 dst=worker:11
event=hand_send ts_ns=6971893 id=313 clt=2 wrkr=6 slot=9 size=10 src=client:2 dst=worker:6
event=resp_rdma_read ts_ns=7002662 id=284 start_ns=6140512 dur_ns=862150 clt=2 wrkr=1 slot=9 size=204808 src=worker:1 dst=client:2
event=req_send ts_ns=7002662 id=320 clt=2 wrkr=6 slot=10 size=17 src=client:2 dst=worker:6
event=resp_rdma_read ts_ns=7025393 id=269 start_ns=5809437 dur_ns=1215956 clt=2 wrkr=0 slot=11 size=204808 src=worker:0 dst=client:2
event=req_send ts_ns=7025393 id=322 clt=2 wrkr=7 slot=7 size=17 src=client:2 dst=worker:7
event=resp_recv_ud ts_ns=7030245 id=319 clt=2 wrkr=11 slot=8 size=41 src=worker:11 dst=client:2
event=hand_send ts_ns=7038892 id=319 clt=2 wrkr=11 slot=8 size=10 src=client:2 dst=worker:11
event=resp_recv_ud ts_ns=7065442 id=320 clt=2 wrkr=6 slot=10 size=41 src=worker:6 dst=client:2
event=hand_send ts_ns=7074089 id=320 clt=2 wrkr=6 slot=10 size=10 src=client:2 dst=worker:6
event=resp_recv_ud ts_ns=7087355 id=322 clt=2 wrkr=7 slot=7 size=41 src=worker:7 dst=client:2
event=hand_send ts_ns=7096002 id=322 clt=2 wrkr=7 slot=7 size=10 src=client:2 dst=worker:7
event=resp_rdma_read ts_ns=7141028 id=271 start_ns=5867306 dur_ns=1273722 clt=2 wrkr=2 slot=8 size=204808 src=worker:2 dst=client:2
event=req_send ts_ns=7141028 id=326 clt=2 wrkr=7 slot=8 size=17 src=client:2 dst=worker:7
event=resp_recv_ud ts_ns=7206443 id=326 clt=2 wrkr=7 slot=8 size=41 src=worker:7 dst=client:2
event=hand_send ts_ns=7215090 id=326 clt=2 wrkr=7 slot=8 size=10 src=client:2 dst=worker:7
event=resp_rdma_read ts_ns=7228740 id=274 start_ns=5920994 dur_ns=1307746 clt=2 wrkr=8 slot=9 size=204808 src=worker:8 dst=client:2
event=req_send ts_ns=7228740 id=330 clt=2 wrkr=6 slot=11 size=17 src=client:2 dst=worker:6
event=resp_recv_ud ts_ns=7296310 id=330 clt=2 wrkr=6 slot=11 size=41 src=worker:6 dst=client:2
event=hand_send ts_ns=7304957 id=330 clt=2 wrkr=6 slot=11 size=10 src=client:2 dst=worker:6
event=resp_rdma_read ts_ns=7322387 id=279 start_ns=5999064 dur_ns=1323323 clt=2 wrkr=1 slot=8 size=204808 src=worker:1 dst=client:2
event=req_send ts_ns=7322387 id=334 clt=2 wrkr=8 slot=11 size=17 src=client:2 dst=worker:8
event=resp_recv_ud ts_ns=7391141 id=334 clt=2 wrkr=8 slot=11 size=41 src=worker:8 dst=client:2
event=resp_rdma_read ts_ns=7399458 id=285 start_ns=6141244 dur_ns=1258214 clt=2 wrkr=1 slot=10 size=204808 src=worker:1 dst=client:2
event=req_send ts_ns=7399458 id=337 clt=2 wrkr=5 slot=4 size=17 src=client:2 dst=worker:5
event=hand_send ts_ns=7399788 id=334 clt=2 wrkr=8 slot=11 size=10 src=client:2 dst=worker:8
event=resp_recv_ud ts_ns=7469568 id=337 clt=2 wrkr=5 slot=4 size=41 src=worker:5 dst=client:2
event=hand_send ts_ns=7478215 id=337 clt=2 wrkr=5 slot=4 size=10 src=client:2 dst=worker:5
event=resp_rdma_read ts_ns=7632424 id=304 start_ns=6689373 dur_ns=943051 clt=2 wrkr=10 slot=9 size=204808 src=worker:10 dst=client:2
event=req_send ts_ns=7632424 id=345 clt=2 wrkr=0 slot=12 size=17 src=client:2 dst=worker:0
event=resp_rdma_read ts_ns=7666802 id=302 start_ns=6570700 dur_ns=1096102 clt=2 wrkr=3 slot=6 size=204808 src=worker:3 dst=client:2
event=req_send ts_ns=7666802 id=347 clt=2 wrkr=11 slot=9 size=17 src=client:2 dst=worker:11
event=resp_rdma_read ts_ns=7687954 id=295 start_ns=6378224 dur_ns=1309730 clt=2 wrkr=8 slot=10 size=204808 src=worker:8 dst=client:2
event=req_send ts_ns=7687954 id=349 clt=2 wrkr=10 slot=10 size=17 src=client:2 dst=worker:10
event=resp_recv_ud ts_ns=7703342 id=345 clt=2 wrkr=0 slot=12 size=41 src=worker:0 dst=client:2
event=hand_send ts_ns=7711989 id=345 clt=2 wrkr=0 slot=12 size=10 src=client:2 dst=worker:0
event=resp_rdma_read ts_ns=7712402 id=296 start_ns=6409580 dur_ns=1302822 clt=2 wrkr=10 slot=8 size=204808 src=worker:10 dst=client:2
event=req_send ts_ns=7712402 id=351 clt=2 wrkr=2 slot=10 size=17 src=client:2 dst=worker:2
event=resp_rdma_read ts_ns=7713047 id=309 start_ns=6815526 dur_ns=897521 clt=2 wrkr=3 slot=7 size=204808 src=worker:3 dst=client:2
event=req_send ts_ns=7713047 id=352 clt=2 wrkr=11 slot=10 size=17 src=client:2 dst=worker:11
event=resp_recv_ud ts_ns=7737918 id=347 clt=2 wrkr=11 slot=9 size=41 src=worker:11 dst=client:2
event=resp_rdma_read ts_ns=7744124 id=299 start_ns=6451332 dur_ns=1292792 clt=2 wrkr=3 slot=5 size=204808 src=worker:3 dst=client:2
event=req_send ts_ns=7744124 id=354 clt=2 wrkr=0 slot=13 size=17 src=client:2 dst=worker:0
event=hand_send ts_ns=7746565 id=347 clt=2 wrkr=11 slot=9 size=10 src=client:2 dst=worker:11
event=resp_recv_ud ts_ns=7759069 id=349 clt=2 wrkr=10 slot=10 size=41 src=worker:10 dst=client:2
event=hand_send ts_ns=7767716 id=349 clt=2 wrkr=10 slot=10 size=10 src=client:2 dst=worker:10
event=resp_recv_ud ts_ns=7783361 id=351 clt=2 wrkr=2 slot=10 size=41 src=worker:2 dst=client:2
event=resp_recv_ud ts_ns=7783861 id=352 clt=2 wrkr=11 slot=10 size=41 src=worker:11 dst=client:2
event=hand_send ts_ns=7792008 id=351 clt=2 wrkr=2 slot=10 size=10 src=client:2 dst=worker:2
event=hand_send ts_ns=7792508 id=352 clt=2 wrkr=11 slot=10 size=10 src=client:2 dst=worker:11
event=resp_rdma_read ts_ns=7804505 id=313 start_ns=6971893 dur_ns=832612 clt=2 wrkr=6 slot=9 size=204808 src=worker:6 dst=client:2
event=req_send ts_ns=7804505 id=359 clt=2 wrkr=2 slot=11 size=17 src=client:2 dst=worker:2
event=resp_recv_ud ts_ns=7815045 id=354 clt=2 wrkr=0 slot=13 size=41 src=worker:0 dst=client:2
event=hand_send ts_ns=7823692 id=354 clt=2 wrkr=0 slot=13 size=10 src=client:2 dst=worker:0
event=resp_rdma_read ts_ns=7864260 id=308 start_ns=6734844 dur_ns=1129416 clt=2 wrkr=1 slot=11 size=204808 src=worker:1 dst=client:2
event=req_send ts_ns=7864260 id=362 clt=2 wrkr=1 slot=12 size=17 src=client:2 dst=worker:1
event=resp_recv_ud ts_ns=7876712 id=359 clt=2 wrkr=2 slot=11 size=41 src=worker:2 dst=client:2
event=hand_send ts_ns=7885359 id=359 clt=2 wrkr=2 slot=11 size=10 src=client:2 dst=worker:2
event=resp_rdma_read ts_ns=7906928 id=319 start_ns=7038892 dur_ns=868036 clt=2 wrkr=11 slot=8 size=204808 src=worker:11 dst=client:2
event=req_send ts_ns=7906928 id=365 clt=2 wrkr=0 slot=14 size=17 src=client:2 dst=worker:0
event=resp_rdma_read ts_ns=7918469 id=307 start_ns=6726159 dur_ns=1192310 clt=2 wrkr=4 slot=10 size=204808 src=worker:4 dst=client:2
event=req_send ts_ns=7918469 id=366 clt=2 wrkr=7 slot=9 size=17 src=client:2 dst=worker:7
event=resp_recv_ud ts_ns=7935567 id=362 clt=2 wrkr=1 slot=12 size=41 src=worker:1 dst=client:2
event=hand_send ts_ns=7944214 id=362 clt=2 wrkr=1 slot=12 size=10 src=client:2 dst=worker:1
event=resp_rdma_read ts_ns=7954589 id=320 start_ns=7074089 dur_ns=880500 clt=2 wrkr=6 slot=10 size=204808 src=worker:6 dst=client:2
event=req_send ts_ns=7954589 id=368 clt=2 wrkr=5 slot=5 size=17 src=client:2 dst=worker:5
event=resp_recv_ud ts_ns=7978446 id=365 clt=2 wrkr=0 slot=14 size=41 src=worker:0 dst=client:2
event=hand_send ts_ns=7987093 id=365 clt=2 wrkr=0 slot=14 size=10 src=client:2 dst=worker:0
event=resp_recv_ud ts_ns=7989512 id=366 clt=2 wrkr=7 slot=9 size=41 src=worker:7 dst=client:2
event=hand_send ts_ns=7998159 id=366 clt=2 wrkr=7 slot=9 size=10 src=client:2 dst=worker:7
event=resp_recv_ud ts_ns=8026301 id=368 clt=2 wrkr=5 slot=5 size=41 src=worker:5 dst=client:2
event=hand_send ts_ns=8034948 id=368 clt=2 wrkr=5 slot=5 size=10 src=client:2 dst=worker:5
event=resp_rdma_read ts_ns=8035848 id=322 start_ns=7096002 dur_ns=939846 clt=2 wrkr=7 slot=7 size=204808 src=worker:7 dst=client:2
event=req_send ts_ns=8035848 id=370 clt=2 wrkr=5 slot=6 size=17 src=client:2 dst=worker:5
event=resp_recv_ud ts_ns=8107508 id=370 clt=2 wrkr=5 slot=6 size=41 src=worker:5 dst=client:2
event=hand_send ts_ns=8116155 id=370 clt=2 wrkr=5 slot=6 size=10 src=client:2 dst=worker:5
event=resp_rdma_read ts_ns=8155543 id=326 start_ns=7215090 dur_ns=940453 clt=2 wrkr=7 slot=8 size=204808 src=worker:7 dst=client:2
event=req_send ts_ns=8155543 id=372 clt=2 wrkr=5 slot=7 size=17 src=client:2 dst=worker:5
event=resp_recv_ud ts_ns=8212675 id=372 clt=2 wrkr=5 slot=7 size=41 src=worker:5 dst=client:2
event=hand_send ts_ns=8221322 id=372 clt=2 wrkr=5 slot=7 size=10 src=client:2 dst=worker:5
event=resp_rdma_read ts_ns=8415695 id=330 start_ns=7304957 dur_ns=1110738 clt=2 wrkr=6 slot=11 size=204808 src=worker:6 dst=client:2
event=req_send ts_ns=8415695 id=380 clt=2 wrkr=4 slot=11 size=17 src=client:2 dst=worker:4
event=resp_recv_ud ts_ns=8478780 id=380 clt=2 wrkr=4 slot=11 size=41 src=worker:4 dst=client:2
event=hand_send ts_ns=8487427 id=380 clt=2 wrkr=4 slot=11 size=10 src=client:2 dst=worker:4
event=resp_rdma_read ts_ns=8596592 id=334 start_ns=7399788 dur_ns=1196804 clt=2 wrkr=8 slot=11 size=204808 src=worker:8 dst=client:2
event=req_send ts_ns=8596592 id=384 clt=2 wrkr=6 slot=12 size=17 src=client:2 dst=worker:6
event=resp_recv_ud ts_ns=8658009 id=384 clt=2 wrkr=6 slot=12 size=41 src=worker:6 dst=client:2
event=hand_send ts_ns=8666656 id=384 clt=2 wrkr=6 slot=12 size=10 src=client:2 dst=worker:6
event=resp_rdma_read ts_ns=8702535 id=337 start_ns=7478215 dur_ns=1224320 clt=2 wrkr=5 slot=4 size=204808 src=worker:5 dst=client:2
event=req_send ts_ns=8702535 id=387 clt=2 wrkr=3 slot=8 size=17 src=client:2 dst=worker:3
event=resp_recv_ud ts_ns=8765437 id=387 clt=2 wrkr=3 slot=8 size=41 src=worker:3 dst=client:2
event=hand_send ts_ns=8774084 id=387 clt=2 wrkr=3 slot=8 size=10 src=client:2 dst=worker:3
event=resp_rdma_read ts_ns=8905319 id=345 start_ns=7711989 dur_ns=1193330 clt=2 wrkr=0 slot=12 size=204808 src=worker:0 dst=client:2
event=req_send ts_ns=8905319 id=390 clt=2 wrkr=0 slot=15 size=17 src=client:2 dst=worker:0
event=resp_rdma_read ts_ns=8943966 id=347 start_ns=7746565 dur_ns=1197401 clt=2 wrkr=11 slot=9 size=204808 src=worker:11 dst=client:2
event=req_send ts_ns=8943966 id=393 clt=2 wrkr=10 slot=11 size=17 src=client:2 dst=worker:10
event=resp_rdma_read ts_ns=8964328 id=351 start_ns=7792008 dur_ns=1172320 clt=2 wrkr=2 slot=10 size=204808 src=worker:2 dst=client:2
event=req_send ts_ns=8964328 id=395 clt=2 wrkr=3 slot=9 size=17 src=client:2 dst=worker:3
event=resp_recv_ud ts_ns=8970099 id=390 clt=2 wrkr=0 slot=15 size=41 src=worker:0 dst=client:2
event=hand_send ts_ns=8978746 id=390 clt=2 wrkr=0 slot=15 size=10 src=client:2 dst=worker:0
event=resp_rdma_read ts_ns=8988058 id=349 start_ns=7767716 dur_ns=1220342 clt=2 wrkr=10 slot=10 size=204808 src=worker:10 dst=client:2
event=req_send ts_ns=8988058 id=398 clt=2 wrkr=0 slot=0 size=17 src=client:2 dst=worker:0
event=resp_recv_ud ts_ns=9008308 id=393 clt=2 wrkr=10 slot=11 size=41 src=worker:10 dst=client:2
event=hand_send ts_ns=9016955 id=393 clt=2 wrkr=10 slot=11 size=10 src=client:2 dst=worker:10
event=resp_rdma_read ts_ns=9022672 id=359 start_ns=7885359 dur_ns=1137313 clt=2 wrkr=2 slot=11 size=204808 src=worker:2 dst=client:2
event=req_send ts_ns=9022672 id=401 clt=2 wrkr=10 slot=12 size=17 src=client:2 dst=worker:10
event=resp_recv_ud ts_ns=9029152 id=395 clt=2 wrkr=3 slot=9 size=41 src=worker:3 dst=client:2
event=hand_send ts_ns=9037799 id=395 clt=2 wrkr=3 slot=9 size=10 src=client:2 dst=worker:3
event=resp_rdma_read ts_ns=9045397 id=352 start_ns=7792508 dur_ns=1252889 clt=2 wrkr=11 slot=10 size=204808 src=worker:11 dst=client:2
event=req_send ts_ns=9045397 id=402 clt=2 wrkr=9 slot=5 size=17 src=client:2 dst=worker:9
event=resp_recv_ud ts_ns=9053133 id=398 clt=2 wrkr=0 slot=0 size=41 src=worker:0 dst=client:2
event=hand_send ts_ns=9061780 id=398 clt=2 wrkr=0 slot=0 size=10 src=client:2 dst=worker:0
event=resp_recv_ud ts_ns=9088518 id=401 clt=2 wrkr=10 slot=12 size=41 src=worker:10 dst=client:2
event=resp_rdma_read ts_ns=9097132 id=354 start_ns=7823692 dur_ns=1273440 clt=2 wrkr=0 slot=13 size=204808 src=worker:0 dst=client:2
event=req_send ts_ns=9097132 id=404 clt=2 wrkr=3 slot=10 size=17 src=client:2 dst=worker:3
event=hand_send ts_ns=9097165 id=401 clt=2 wrkr=10 slot=12 size=10 src=client:2 dst=worker:10
event=resp_recv_ud ts_ns=9112762 id=402 clt=2 wrkr=9 slot=5 size=41 src=worker:9 dst=client:2
event=hand_send ts_ns=9121409 id=402 clt=2 wrkr=9 slot=5 size=10 src=client:2 dst=worker:9
event=resp_recv_ud ts_ns=9165740 id=404 clt=2 wrkr=3 slot=10 size=41 src=worker:3 dst=client:2
event=hand_send ts_ns=9174387 id=404 clt=2 wrkr=3 slot=10 size=10 src=client:2 dst=worker:3
event=resp_rdma_read ts_ns=9176286 id=362 start_ns=7944214 dur_ns=1232072 clt=2 wrkr=1 slot=12 size=204808 src=worker:1 dst=client:2
event=req_send ts_ns=9176286 id=411 clt=2 wrkr=1 slot=13 size=17 src=client:2 dst=worker:1
event=resp_rdma_read ts_ns=9211323 id=368 start_ns=8034948 dur_ns=1176375 clt=2 wrkr=5 slot=5 size=204808 src=worker:5 dst=client:2
event=req_send ts_ns=9211323 id=416 clt=2 wrkr=2 slot=12 size=17 src=client:2 dst=worker:2
event=resp_rdma_read ts_ns=9232574 id=365 start_ns=7987093 dur_ns=1245481 clt=2 wrkr=0 slot=14 size=204808 src=worker:0 dst=client:2
event=req_send ts_ns=9232574 id=418 clt=2 wrkr=6 slot=13 size=17 src=client:2 dst=worker:6
event=resp_recv_ud ts_ns=9246627 id=411 clt=2 wrkr=1 slot=13 size=41 src=worker:1 dst=client:2
event=hand_send ts_ns=9255274 id=411 clt=2 wrkr=1 slot=13 size=10 src=client:2 dst=worker:1
event=resp_rdma_read ts_ns=9270716 id=380 start_ns=8487427 dur_ns=783289 clt=2 wrkr=4 slot=11 size=204808 src=worker:4 dst=client:2
event=req_send ts_ns=9270716 id=423 clt=2 wrkr=4 slot=12 size=17 src=client:2 dst=worker:4
event=resp_rdma_read ts_ns=9279863 id=370 start_ns=8116155 dur_ns=1163708 clt=2 wrkr=5 slot=6 size=204808 src=worker:5 dst=client:2
event=req_send ts_ns=9279863 id=425 clt=2 wrkr=5 slot=8 size=17 src=client:2 dst=worker:5
event=resp_recv_ud ts_ns=9281355 id=416 clt=2 wrkr=2 slot=12 size=41 src=worker:2 dst=client:2
event=resp_rdma_read ts_ns=9287841 id=372 start_ns=8221322 dur_ns=1066519 clt=2 wrkr=5 slot=7 size=204808 src=worker:5 dst=client:2
event=req_send ts_ns=9287841 id=426 clt=2 wrkr=11 slot=11 size=17 src=client:2 dst=worker:11
event=hand_send ts_ns=9290002 id=416 clt=2 wrkr=2 slot=12 size=10 src=client:2 dst=worker:2
event=resp_recv_ud ts_ns=9302158 id=418 clt=2 wrkr=6 slot=13 size=41 src=worker:6 dst=client:2
event=hand_send ts_ns=9310805 id=418 clt=2 wrkr=6 slot=13 size=10 src=client:2 dst=worker:6
event=resp_rdma_read ts_ns=9321633 id=366 start_ns=7998159 dur_ns=1323474 clt=2 wrkr=7 slot=9 size=204808 src=worker:7 dst=client:2
event=req_send ts_ns=9321633 id=427 clt=2 wrkr=5 slot=9 size=17 src=client:2 dst=worker:5
event=resp_recv_ud ts_ns=9341515 id=423 clt=2 wrkr=4 slot=12 size=41 src=worker:4 dst=client:2
event=resp_recv_ud ts_ns=9349315 id=425 clt=2 wrkr=5 slot=8 size=41 src=worker:5 dst=client:2
event=hand_send ts_ns=9350162 id=423 clt=2 wrkr=4 slot=12 size=10 src=client:2 dst=worker:4
event=resp_recv_ud ts_ns=9356866 id=426 clt=2 wrkr=11 slot=11 size=41 src=worker:11 dst=client:2
event=hand_send ts_ns=9357962 id=425 clt=2 wrkr=5 slot=8 size=10 src=client:2 dst=worker:5
event=hand_send ts_ns=9365513 id=426 clt=2 wrkr=11 slot=11 size=10 src=client:2 dst=worker:11
event=resp_recv_ud ts_ns=9392750 id=427 clt=2 wrkr=5 slot=9 size=41 src=worker:5 dst=client:2
event=hand_send ts_ns=9401397 id=427 clt=2 wrkr=5 slot=9 size=10 src=client:2 dst=worker:5
event=resp_rdma_read ts_ns=9455117 id=387 start_ns=8774084 dur_ns=681033 clt=2 wrkr=3 slot=8 size=204808 src=worker:3 dst=client:2
event=req_send ts_ns=9455117 id=431 clt=2 wrkr=8 slot=12 size=17 src=client:2 dst=worker:8
event=resp_rdma_read ts_ns=9497225 id=384 start_ns=8666656 dur_ns=830569 clt=2 wrkr=6 slot=12 size=204808 src=worker:6 dst=client:2
event=req_send ts_ns=9497225 id=433 clt=2 wrkr=6 slot=14 size=17 src=client:2 dst=worker:6
event=resp_recv_ud ts_ns=9525325 id=431 clt=2 wrkr=8 slot=12 size=41 src=worker:8 dst=client:2
event=hand_send ts_ns=9533972 id=431 clt=2 wrkr=8 slot=12 size=10 src=client:2 dst=worker:8
event=resp_recv_ud ts_ns=9568567 id=433 clt=2 wrkr=6 slot=14 size=41 src=worker:6 dst=client:2
event=hand_send ts_ns=9577214 id=433 clt=2 wrkr=6 slot=14 size=10 src=client:2 dst=worker:6
event=resp_rdma_read ts_ns=9900920 id=390 start_ns=8978746 dur_ns=922174 clt=2 wrkr=0 slot=15 size=204808 src=worker:0 dst=client:2
event=req_send ts_ns=9900920 id=438 clt=2 wrkr=11 slot=12 size=17 src=client:2 dst=worker:11
event=resp_recv_ud ts_ns=9941202 id=438 clt=2 wrkr=11 slot=12 size=41 src=worker:11 dst=client:2
event=hand_send ts_ns=9949849 id=438 clt=2 wrkr=11 slot=12 size=10 src=client:2 dst=worker:11
event=resp_rdma_read ts_ns=9996205 id=395 start_ns=9037799 dur_ns=958406 clt=2 wrkr=3 slot=9 size=204808 src=worker:3 dst=client:2
event=req_send ts_ns=9996205 id=442 clt=2 wrkr=10 slot=13 size=17 src=client:2 dst=worker:10
event=resp_rdma_read ts_ns=9999631 id=393 start_ns=9016955 dur_ns=982676 clt=2 wrkr=10 slot=11 size=204808 src=worker:10 dst=client:2
event=req_send ts_ns=9999631 id=443 clt=2 wrkr=8 slot=13 size=17 src=client:2 dst=worker:8
event=resp_recv_ud ts_ns=10056756 id=442 clt=2 wrkr=10 slot=13 size=41 src=worker:10 dst=client:2
event=resp_recv_ud ts_ns=10061421 id=443 clt=2 wrkr=8 slot=13 size=41 src=worker:8 dst=client:2
event=hand_send ts_ns=10065403 id=442 clt=2 wrkr=10 slot=13 size=10 src=client:2 dst=worker:10
event=hand_send ts_ns=10070068 id=443 clt=2 wrkr=8 slot=13 size=10 src=client:2 dst=worker:8
event=resp_rdma_read ts_ns=10143197 id=398 start_ns=9061780 dur_ns=1081417 clt=2 wrkr=0 slot=0 size=204808 src=worker:0 dst=client:2
event=req_send ts_ns=10143197 id=447 clt=2 wrkr=10 slot=14 size=17 src=client:2 dst=worker:10
event=resp_rdma_read ts_ns=10189238 id=402 start_ns=9121409 dur_ns=1067829 clt=2 wrkr=9 slot=5 size=204808 src=worker:9 dst=client:2
event=req_send ts_ns=10189238 id=449 clt=2 wrkr=5 slot=10 size=17 src=client:2 dst=worker:5
event=resp_recv_ud ts_ns=10198462 id=447 clt=2 wrkr=10 slot=14 size=41 src=worker:10 dst=client:2
event=hand_send ts_ns=10207109 id=447 clt=2 wrkr=10 slot=14 size=10 src=client:2 dst=worker:10
event=resp_rdma_read ts_ns=10235644 id=401 start_ns=9097165 dur_ns=1138479 clt=2 wrkr=10 slot=12 size=204808 src=worker:10 dst=client:2
event=req_send ts_ns=10235644 id=450 clt=2 wrkr=4 slot=13 size=17 src=client:2 dst=worker:4
event=resp_recv_ud ts_ns=10244741 id=449 clt=2 wrkr=5 slot=10 size=41 src=worker:5 dst=client:2
event=hand_send ts_ns=10253388 id=449 clt=2 wrkr=5 slot=10 size=10 src=client:2 dst=worker:5
event=resp_recv_ud ts_ns=10294372 id=450 clt=2 wrkr=4 slot=13 size=41 src=worker:4 dst=client:2
event=hand_send ts_ns=10303019 id=450 clt=2 wrkr=4 slot=13 size=10 src=client:2 dst=worker:4
event=resp_rdma_read ts_ns=10321340 id=404 start_ns=9174387 dur_ns=1146953 clt=2 wrkr=3 slot=10 size=204808 src=worker:3 dst=client:2
event=req_send ts_ns=10321340 id=455 clt=2 wrkr=8 slot=14 size=17 src=client:2 dst=worker:8
event=resp_rdma_read ts_ns=10332946 id=411 start_ns=9255274 dur_ns=1077672 clt=2 wrkr=1 slot=13 size=204808 src=worker:1 dst=client:2
event=req_send ts_ns=10332946 id=458 clt=2 wrkr=10 slot=15 size=17 src=client:2 dst=worker:10
event=resp_recv_ud ts_ns=10381199 id=455 clt=2 wrkr=8 slot=14 size=41 src=worker:8 dst=client:2
event=hand_send ts_ns=10389846 id=455 clt=2 wrkr=8 slot=14 size=10 src=client:2 dst=worker:8
event=resp_recv_ud ts_ns=10392564 id=458 clt=2 wrkr=10 slot=15 size=41 src=worker:10 dst=client:2
event=resp_rdma_read ts_ns=10400896 id=433 start_ns=9577214 dur_ns=823682 clt=2 wrkr=6 slot=14 size=204808 src=worker:6 dst=client:2
event=req_send ts_ns=10400896 id=463 clt=2 wrkr=9 slot=6 size=17 src=client:2 dst=worker:9
event=hand_send ts_ns=10401211 id=458 clt=2 wrkr=10 slot=15 size=10 src=client:2 dst=worker:10
event=resp_rdma_read ts_ns=10435224 id=431 start_ns=9533972 dur_ns=901252 clt=2 wrkr=8 slot=12 size=204808 src=worker:8 dst=client:2
event=req_send ts_ns=10435224 id=464 clt=2 wrkr=7 slot=10 size=17 src=client:2 dst=worker:7
event=resp_rdma_read ts_ns=10451349 id=423 start_ns=9350162 dur_ns=1101187 clt=2 wrkr=4 slot=12 size=204808 src=worker:4 dst=client:2
event=req_send ts_ns=10451349 id=465 clt=2 wrkr=1 slot=14 size=17 src=client:2 dst=worker:1
event=resp_recv_ud ts_ns=10462629 id=463 clt=2 wrkr=9 slot=6 size=41 src=worker:9 dst=client:2
event=hand_send ts_ns=10471276 id=463 clt=2 wrkr=9 slot=6 size=10 src=client:2 dst=worker:9
event=resp_rdma_read ts_ns=10477941 id=427 start_ns=9401397 dur_ns=1076544 clt=2 wrkr=5 slot=9 size=204808 src=worker:5 dst=client:2
event=req_send ts_ns=10477941 id=468 clt=2 wrkr=5 slot=11 size=17 src=client:2 dst=worker:5
event=resp_rdma_read ts_ns=10481599 id=418 start_ns=9310805 dur_ns=1170794 clt=2 wrkr=6 slot=13 size=204808 src=worker:6 dst=client:2
event=req_send ts_ns=10481599 id=469 clt=2 wrkr=4 slot=14 size=17 src=client:2 dst=worker:4
event=resp_rdma_read ts_ns=10489662 id=416 start_ns=9290002 dur_ns=1199660 clt=2 wrkr=2 slot=12 size=204808 src=worker:2 dst=client:2
event=req_send ts_ns=10489662 id=471 clt=2 wrkr=5 slot=12 size=17 src=client:2 dst=worker:5
event=resp_recv_ud ts_ns=10498488 id=464 clt=2 wrkr=7 slot=10 size=41 src=worker:7 dst=client:2
event=hand_send ts_ns=10507135 id=464 clt=2 wrkr=7 slot=10 size=10 src=client:2 dst=worker:7
event=resp_recv_ud ts_ns=10515198 id=465 clt=2 wrkr=1 slot=14 size=41 src=worker:1 dst=client:2
event=hand_send ts_ns=10523845 id=465 clt=2 wrkr=1 slot=14 size=10 src=client:2 dst=worker:1
event=resp_recv_ud ts_ns=10543188 id=468 clt=2 wrkr=5 slot=11 size=41 src=worker:5 dst=client:2
event=resp_recv_ud ts_ns=10547495 id=469 clt=2 wrkr=4 slot=14 size=41 src=worker:4 dst=client:2
event=hand_send ts_ns=10551835 id=468 clt=2 wrkr=5 slot=11 size=10 src=client:2 dst=worker:5
event=resp_recv_ud ts_ns=10555457 id=471 clt=2 wrkr=5 slot=12 size=41 src=worker:5 dst=client:2
event=hand_send ts_ns=10556142 id=469 clt=2 wrkr=4 slot=14 size=10 src=client:2 dst=worker:4
event=hand_send ts_ns=10564104 id=471 clt=2 wrkr=5 slot=12 size=10 src=client:2 dst=worker:5
event=resp_rdma_read ts_ns=10603780 id=426 start_ns=9365513 dur_ns=1238267 clt=2 wrkr=11 slot=11 size=204808 src=worker:11 dst=client:2
event=req_send ts_ns=10603780 id=478 clt=2 wrkr=5 slot=13 size=17 src=client:2 dst=worker:5
event=resp_rdma_read ts_ns=10650012 id=425 start_ns=9357962 dur_ns=1292050 clt=2 wrkr=5 slot=8 size=204808 src=worker:5 dst=client:2
event=req_send ts_ns=10650012 id=480 clt=2 wrkr=7 slot=11 size=17 src=client:2 dst=worker:7
event=resp_rdma_read ts_ns=10658343 id=442 start_ns=10065403 dur_ns=592940 clt=2 wrkr=10 slot=13 size=204808 src=worker:10 dst=client:2
event=req_send ts_ns=10658343 id=482 clt=2 wrkr=4 slot=15 size=17 src=client:2 dst=worker:4
event=resp_recv_ud ts_ns=10674023 id=478 clt=2 wrkr=5 slot=13 size=41 src=worker:5 dst=client:2
event=hand_send ts_ns=10682670 id=478 clt=2 wrkr=5 slot=13 size=10 src=client:2 dst=worker:5
event=resp_recv_ud ts_ns=10721184 id=480 clt=2 wrkr=7 slot=11 size=41 src=worker:7 dst=client:2
event=resp_recv_ud ts_ns=10728729 id=482 clt=2 wrkr=4 slot=15 size=41 src=worker:4 dst=client:2
event=hand_send ts_ns=10729831 id=480 clt=2 wrkr=7 slot=11 size=10 src=client:2 dst=worker:7
event=hand_send ts_ns=10737376 id=482 clt=2 wrkr=4 slot=15 size=10 src=client:2 dst=worker:4
event=resp_rdma_read ts_ns=10779556 id=438 start_ns=9949849 dur_ns=829707 clt=2 wrkr=11 slot=12 size=204808 src=worker:11 dst=client:2
event=req_send ts_ns=10779556 id=488 clt=2 wrkr=11 slot=13 size=17 src=client:2 dst=worker:11
event=resp_rdma_read ts_ns=10790876 id=443 start_ns=10070068 dur_ns=720808 clt=2 wrkr=8 slot=13 size=204808 src=worker:8 dst=client:2
event=req_send ts_ns=10790876 id=491 clt=2 wrkr=1 slot=15 size=17 src=client:2 dst=worker:1
event=resp_recv_ud ts_ns=10850492 id=488 clt=2 wrkr=11 slot=13 size=41 src=worker:11 dst=client:2
event=hand_send ts_ns=10859139 id=488 clt=2 wrkr=11 slot=13 size=10 src=client:2 dst=worker:11
event=resp_recv_ud ts_ns=10862492 id=491 clt=2 wrkr=1 slot=15 size=41 src=worker:1 dst=client:2
event=hand_send ts_ns=10871139 id=491 clt=2 wrkr=1 slot=15 size=10 src=client:2 dst=worker:1
event=resp_rdma_read ts_ns=10956188 id=447 start_ns=10207109 dur_ns=749079 clt=2 wrkr=10 slot=14 size=204808 src=worker:10 dst=client:2
event=req_send ts_ns=10956188 id=496 clt=2 wrkr=0 slot=1 size=17 src=client:2 dst=worker:0
event=resp_rdma_read ts_ns=10999137 id=449 start_ns=10253388 dur_ns=745749 clt=2 wrkr=5 slot=10 size=204808 src=worker:5 dst=client:2
event=req_send ts_ns=10999137 id=497 clt=2 wrkr=7 slot=12 size=17 src=client:2 dst=worker:7
event=resp_recv_ud ts_ns=11020897 id=496 clt=2 wrkr=0 slot=1 size=41 src=worker:0 dst=client:2
event=hand_send ts_ns=11029544 id=496 clt=2 wrkr=0 slot=1 size=10 src=client:2 dst=worker:0
event=resp_recv_ud ts_ns=11069149 id=497 clt=2 wrkr=7 slot=12 size=41 src=worker:7 dst=client:2
event=hand_send ts_ns=11077796 id=497 clt=2 wrkr=7 slot=12 size=10 src=client:2 dst=worker:7
event=resp_rdma_read ts_ns=11086496 id=450 start_ns=10303019 dur_ns=783477 clt=2 wrkr=4 slot=13 size=204808 src=worker:4 dst=client:2
event=req_send ts_ns=11086496 id=498 clt=2 wrkr=10 slot=0 size=17 src=client:2 dst=worker:10
event=resp_recv_ud ts_ns=11145972 id=498 clt=2 wrkr=10 slot=0 size=41 src=worker:10 dst=client:2
event=hand_send ts_ns=11154619 id=498 clt=2 wrkr=10 slot=0 size=10 src=client:2 dst=worker:10
event=resp_rdma_read ts_ns=11214919 id=455 start_ns=10389846 dur_ns=825073 clt=2 wrkr=8 slot=14 size=204808 src=worker:8 dst=client:2
event=req_send ts_ns=11214919 id=504 clt=2 wrkr=9 slot=7 size=17 src=client:2 dst=worker:9
event=resp_rdma_read ts_ns=11268723 id=458 start_ns=10401211 dur_ns=867512 clt=2 wrkr=10 slot=15 size=204808 src=worker:10 dst=client:2
event=req_send ts_ns=11268723 id=506 clt=2 wrkr=11 slot=14 size=17 src=client:2 dst=worker:11
event=resp_recv_ud ts_ns=11277548 id=504 clt=2 wrkr=9 slot=7 size=41 src=worker:9 dst=client:2
event=hand_send ts_ns=11286195 id=504 clt=2 wrkr=9 slot=7 size=10 src=client:2 dst=worker:9
event=resp_recv_ud ts_ns=11326679 id=506 clt=2 wrkr=11 slot=14 size=41 src=worker:11 dst=client:2
event=hand_send ts_ns=11335326 id=506 clt=2 wrkr=11 slot=14 size=10 src=client:2 dst=worker:11
event=resp_rdma_read ts_ns=11436294 id=463 start_ns=10471276 dur_ns=965018 clt=2 wrkr=9 slot=6 size=204808 src=worker:9 dst=client:2
event=req_send ts_ns=11436294 id=511 clt=2 wrkr=4 slot=0 size=17 src=client:2 dst=worker:4
event=resp_rdma_read ts_ns=11485979 id=464 start_ns=10507135 dur_ns=978844 clt=2 wrkr=7 slot=10 size=204808 src=worker:7 dst=client:2
event=req_send ts_ns=11485979 id=512 clt=2 wrkr=7 slot=13 size=17 src=client:2 dst=worker:7
event=resp_recv_ud ts_ns=11492441 id=511 clt=2 wrkr=4 slot=0 size=41 src=worker:4 dst=client:2
event=hand_send ts_ns=11501088 id=511 clt=2 wrkr=4 slot=0 size=10 src=client:2 dst=worker:4
event=resp_rdma_read ts_ns=11532047 id=465 start_ns=10523845 dur_ns=1008202 clt=2 wrkr=1 slot=14 size=204808 src=worker:1 dst=client:2
event=req_send ts_ns=11532047 id=513 clt=2 wrkr=2 slot=13 size=17 src=client:2 dst=worker:2
event=resp_recv_ud ts_ns=11543315 id=512 clt=2 wrkr=7 slot=13 size=41 src=worker:7 dst=client:2
event=hand_send ts_ns=11551962 id=512 clt=2 wrkr=7 slot=13 size=10 src=client:2 dst=worker:7
event=resp_rdma_read ts_ns=11579788 id=469 start_ns=10556142 dur_ns=1023646 clt=2 wrkr=4 slot=14 size=204808 src=worker:4 dst=client:2
event=req_send ts_ns=11579788 id=516 clt=2 wrkr=7 slot=14 size=17 src=client:2 dst=worker:7
event=resp_rdma_read ts_ns=11592000 id=468 start_ns=10551835 dur_ns=1040165 clt=2 wrkr=5 slot=11 size=204808 src=worker:5 dst=client:2
event=req_send ts_ns=11592000 id=517 clt=2 wrkr=3 slot=11 size=17 src=client:2 dst=worker:3
event=resp_recv_ud ts_ns=11594092 id=513 clt=2 wrkr=2 slot=13 size=41 src=worker:2 dst=client:2
event=hand_send ts_ns=11602739 id=513 clt=2 wrkr=2 slot=13 size=10 src=client:2 dst=worker:2
event=resp_recv_ud ts_ns=11640403 id=516 clt=2 wrkr=7 slot=14 size=41 src=worker:7 dst=client:2
event=hand_send ts_ns=11649050 id=516 clt=2 wrkr=7 slot=14 size=10 src=client:2 dst=worker:7
event=resp_recv_ud ts_ns=11654010 id=517 clt=2 wrkr=3 slot=11 size=41 src=worker:3 dst=client:2
event=hand_send ts_ns=11662657 id=517 clt=2 wrkr=3 slot=11 size=10 src=client:2 dst=worker:3
event=resp_rdma_read ts_ns=11678638 id=478 start_ns=10682670 dur_ns=995968 clt=2 wrkr=5 slot=13 size=204808 src=worker:5 dst=client:2
event=req_send ts_ns=11678638 id=519 clt=2 wrkr=3 slot=12 size=17 src=client:2 dst=worker:3
event=resp_rdma_read ts_ns=11710525 id=471 start_ns=10564104 dur_ns=1146421 clt=2 wrkr=5 slot=12 size=204808 src=worker:5 dst=client:2
event=req_send ts_ns=11710525 id=520 clt=2 wrkr=3 slot=13 size=17 src=client:2 dst=worker:3
event=resp_recv_ud ts_ns=11742940 id=519 clt=2 wrkr=3 slot=12 size=41 src=worker:3 dst=client:2
event=hand_send ts_ns=11751587 id=519 clt=2 wrkr=3 slot=12 size=10 src=client:2 dst=worker:3
event=resp_recv_ud ts_ns=11776163 id=520 clt=2 wrkr=3 slot=13 size=41 src=worker:3 dst=client:2
event=hand_send ts_ns=11784810 id=520 clt=2 wrkr=3 slot=13 size=10 src=client:2 dst=worker:3
event=resp_rdma_read ts_ns=11966175 id=497 start_ns=11077796 dur_ns=888379 clt=2 wrkr=7 slot=12 size=204808 src=worker:7 dst=client:2
event=req_send ts_ns=11966175 id=527 clt=2 wrkr=2 slot=14 size=17 src=client:2 dst=worker:2
event=resp_rdma_read ts_ns=11983630 id=480 start_ns=10729831 dur_ns=1253799 clt=2 wrkr=7 slot=11 size=204808 src=worker:7 dst=client:2
event=req_send ts_ns=11983630 id=528 clt=2 wrkr=3 slot=14 size=17 src=client:2 dst=worker:3
event=resp_rdma_read ts_ns=12007103 id=482 start_ns=10737376 dur_ns=1269727 clt=2 wrkr=4 slot=15 size=204808 src=worker:4 dst=client:2
event=req_send ts_ns=12007103 id=535 clt=2 wrkr=11 slot=15 size=17 src=client:2 dst=worker:11
event=resp_rdma_read ts_ns=12016075 id=498 start_ns=11154619 dur_ns=861456 clt=2 wrkr=10 slot=0 size=204808 src=worker:10 dst=client:2
event=req_send ts_ns=12016075 id=538 clt=2 wrkr=7 slot=15 size=17 src=client:2 dst=worker:7
event=resp_recv_ud ts_ns=12033435 id=527 clt=2 wrkr=2 slot=14 size=41 src=worker:2 dst=client:2
event=resp_rdma_read ts_ns=12034140 id=504 start_ns=11286195 dur_ns=747945 clt=2 wrkr=9 slot=7 size=204808 src=worker:9 dst=client:2
event=req_send ts_ns=12034140 id=541 clt=2 wrkr=10 slot=1 size=17 src=client:2 dst=worker:10
event=hand_send ts_ns=12042082 id=527 clt=2 wrkr=2 slot=14 size=10 src=client:2 dst=worker:2
event=resp_recv_ud ts_ns=12050371 id=528 clt=2 wrkr=3 slot=14 size=41 src=worker:3 dst=client:2
event=resp_rdma_read ts_ns=12054897 id=496 start_ns=11029544 dur_ns=1025353 clt=2 wrkr=0 slot=1 size=204808 src=worker:0 dst=client:2
event=req_send ts_ns=12054897 id=543 clt=2 wrkr=11 slot=0 size=17 src=client:2 dst=worker:11
event=hand_send ts_ns=12059018 id=528 clt=2 wrkr=3 slot=14 size=10 src=client:2 dst=worker:3
event=resp_recv_ud ts_ns=12072467 id=535 clt=2 wrkr=11 slot=15 size=41 src=worker:11 dst=client:2
event=hand_send ts_ns=12081114 id=535 clt=2 wrkr=11 slot=15 size=10 src=client:2 dst=worker:11
event=resp_recv_ud ts_ns=12081582 id=538 clt=2 wrkr=7 slot=15 size=41 src=worker:7 dst=client:2
event=resp_rdma_read ts_ns=12085792 id=506 start_ns=11335326 dur_ns=750466 clt=2 wrkr=11 slot=14 size=204808 src=worker:11 dst=client:2
event=req_send ts_ns=12085792 id=546 clt=2 wrkr=4 slot=1 size=17 src=client:2 dst=worker:4
event=hand_send ts_ns=12090229 id=538 clt=2 wrkr=7 slot=15 size=10 src=client:2 dst=worker:7
event=resp_recv_ud ts_ns=12099174 id=541 clt=2 wrkr=10 slot=1 size=41 src=worker:10 dst=client:2
event=hand_send ts_ns=12107821 id=541 clt=2 wrkr=10 slot=1 size=10 src=client:2 dst=worker:10
event=resp_recv_ud ts_ns=12119019 id=543 clt=2 wrkr=11 slot=0 size=41 src=worker:11 dst=client:2
event=resp_rdma_read ts_ns=12123774 id=488 start_ns=10859139 dur_ns=1264635 clt=2 wrkr=11 slot=13 size=204808 src=worker:11 dst=client:2
event=req_send ts_ns=12123774 id=548 clt=2 wrkr=7 slot=0 size=17 src=client:2 dst=worker:7
event=hand_send ts_ns=12127666 id=543 clt=2 wrkr=11 slot=0 size=10 src=client:2 dst=worker:11
event=resp_recv_ud ts_ns=12152671 id=546 clt=2 wrkr=4 slot=1 size=41 src=worker:4 dst=client:2
event=hand_send ts_ns=12161318 id=546 clt=2 wrkr=4 slot=1 size=10 src=client:2 dst=worker:4
event=resp_rdma_read ts_ns=12181830 id=491 start_ns=10871139 dur_ns=1310691 clt=2 wrkr=1 slot=15 size=204808 src=worker:1 dst=client:2
event=req_send ts_ns=12181830 id=554 clt=2 wrkr=1 slot=0 size=17 src=client:2 dst=worker:1
event=resp_recv_ud ts_ns=12194085 id=548 clt=2 wrkr=7 slot=0 size=41 src=worker:7 dst=client:2
event=hand_send ts_ns=12202732 id=548 clt=2 wrkr=7 slot=0 size=10 src=client:2 dst=worker:7
event=resp_recv_ud ts_ns=12252259 id=554 clt=2 wrkr=1 slot=0 size=41 src=worker:1 dst=client:2
event=hand_send ts_ns=12260906 id=554 clt=2 wrkr=1 slot=0 size=10 src=client:2 dst=worker:1
event=resp_rdma_read ts_ns=12311500 id=511 start_ns=11501088 dur_ns=810412 clt=2 wrkr=4 slot=0 size=204808 src=worker:4 dst=client:2
event=req_send ts_ns=12311500 id=559 clt=2 wrkr=9 slot=8 size=17 src=client:2 dst=worker:9
event=resp_rdma_read ts_ns=12316430 id=512 start_ns=11551962 dur_ns=764468 clt=2 wrkr=7 slot=13 size=204808 src=worker:7 dst=client:2
event=req_send ts_ns=12316430 id=560 clt=2 wrkr=4 slot=2 size=17 src=client:2 dst=worker:4
event=resp_recv_ud ts_ns=12382360 id=559 clt=2 wrkr=9 slot=8 size=41 src=worker:9 dst=client:2
event=resp_recv_ud ts_ns=12388274 id=560 clt=2 wrkr=4 slot=2 size=41 src=worker:4 dst=client:2
event=hand_send ts_ns=12391007 id=559 clt=2 wrkr=9 slot=8 size=10 src=client:2 dst=worker:9
event=hand_send ts_ns=12396921 id=560 clt=2 wrkr=4 slot=2 size=10 src=client:2 dst=worker:4
event=resp_rdma_read ts_ns=12450401 id=513 start_ns=11602739 dur_ns=847662 clt=2 wrkr=2 slot=13 size=204808 src=worker:2 dst=client:2
event=req_send ts_ns=12450401 id=562 clt=2 wrkr=7 slot=1 size=17 src=client:2 dst=worker:7
event=resp_rdma_read ts_ns=12460768 id=517 start_ns=11662657 dur_ns=798111 clt=2 wrkr=3 slot=11 size=204808 src=worker:3 dst=client:2
event=req_send ts_ns=12460768 id=564 clt=2 wrkr=1 slot=1 size=17 src=client:2 dst=worker:1
event=resp_recv_ud ts_ns=12508727 id=562 clt=2 wrkr=7 slot=1 size=41 src=worker:7 dst=client:2
event=hand_send ts_ns=12517374 id=562 clt=2 wrkr=7 slot=1 size=10 src=client:2 dst=worker:7
event=resp_rdma_read ts_ns=12523836 id=516 start_ns=11649050 dur_ns=874786 clt=2 wrkr=7 slot=14 size=204808 src=worker:7 dst=client:2
event=req_send ts_ns=12523836 id=566 clt=2 wrkr=11 slot=1 size=17 src=client:2 dst=worker:11
event=resp_recv_ud ts_ns=12530640 id=564 clt=2 wrkr=1 slot=1 size=41 src=worker:1 dst=client:2
event=hand_send ts_ns=12539287 id=564 clt=2 wrkr=1 slot=1 size=10 src=client:2 dst=worker:1
event=resp_recv_ud ts_ns=12592307 id=566 clt=2 wrkr=11 slot=1 size=41 src=worker:11 dst=client:2
event=hand_send ts_ns=12600954 id=566 clt=2 wrkr=11 slot=1 size=10 src=client:2 dst=worker:11
event=resp_rdma_read ts_ns=12665150 id=519 start_ns=11751587 dur_ns=913563 clt=2 wrkr=3 slot=12 size=204808 src=worker:3 dst=client:2
event=req_send ts_ns=12665150 id=567 clt=2 wrkr=2 slot=15 size=17 src=client:2 dst=worker:2
event=resp_recv_ud ts_ns=12709720 id=567 clt=2 wrkr=2 slot=15 size=41 src=worker:2 dst=client:2
event=resp_rdma_read ts_ns=12714856 id=520 start_ns=11784810 dur_ns=930046 clt=2 wrkr=3 slot=13 size=204808 src=worker:3 dst=client:2
event=req_send ts_ns=12714856 id=570 clt=2 wrkr=0 slot=2 size=17 src=client:2 dst=worker:0
event=hand_send ts_ns=12718367 id=567 clt=2 wrkr=2 slot=15 size=10 src=client:2 dst=worker:2
event=resp_recv_ud ts_ns=12781931 id=570 clt=2 wrkr=0 slot=2 size=41 src=worker:0 dst=client:2
event=hand_send ts_ns=12790578 id=570 clt=2 wrkr=0 slot=2 size=10 src=client:2 dst=worker:0
event=resp_rdma_read ts_ns=12964865 id=528 start_ns=12059018 dur_ns=905847 clt=2 wrkr=3 slot=14 size=204808 src=worker:3 dst=client:2
event=req_send ts_ns=12964865 id=577 clt=2 wrkr=6 slot=15 size=17 src=client:2 dst=worker:6
event=resp_rdma_read ts_ns=12968116 id=527 start_ns=12042082 dur_ns=926034 clt=2 wrkr=2 slot=14 size=204808 src=worker:2 dst=client:2
event=req_send ts_ns=12968116 id=578 clt=2 wrkr=8 slot=15 size=17 src=client:2 dst=worker:8
event=resp_recv_ud ts_ns=13024232 id=577 clt=2 wrkr=6 slot=15 size=41 src=worker:6 dst=client:2
event=resp_recv_ud ts_ns=13029778 id=578 clt=2 wrkr=8 slot=15 size=41 src=worker:8 dst=client:2
event=hand_send ts_ns=13032879 id=577 clt=2 wrkr=6 slot=15 size=10 src=client:2 dst=worker:6
event=hand_send ts_ns=13038425 id=578 clt=2 wrkr=8 slot=15 size=10 src=client:2 dst=worker:8
event=resp_rdma_read ts_ns=13043267 id=535 start_ns=12081114 dur_ns=962153 clt=2 wrkr=11 slot=15 size=204808 src=worker:11 dst=client:2
event=req_send ts_ns=13043267 id=581 clt=2 wrkr=7 slot=2 size=17 src=client:2 dst=worker:7
event=resp_recv_ud ts_ns=13106052 id=581 clt=2 wrkr=7 slot=2 size=41 src=worker:7 dst=client:2
event=hand_send ts_ns=13114699 id=581 clt=2 wrkr=7 slot=2 size=10 src=client:2 dst=worker:7
event=resp_rdma_read ts_ns=13202188 id=538 start_ns=12090229 dur_ns=1111959 clt=2 wrkr=7 slot=15 size=204808 src=worker:7 dst=client:2
event=req_send ts_ns=13202188 id=586 clt=2 wrkr=1 slot=2 size=17 src=client:2 dst=worker:1
event=resp_rdma_read ts_ns=13219403 id=541 start_ns=12107821 dur_ns=1111582 clt=2 wrkr=10 slot=1 size=204808 src=worker:10 dst=client:2
event=req_send ts_ns=13219403 id=588 clt=2 wrkr=10 slot=2 size=17 src=client:2 dst=worker:10
event=resp_recv_ud ts_ns=13267265 id=586 clt=2 wrkr=1 slot=2 size=41 src=worker:1 dst=client:2
event=hand_send ts_ns=13275912 id=586 clt=2 wrkr=1 slot=2 size=10 src=client:2 dst=worker:1
event=resp_recv_ud ts_ns=13286019 id=588 clt=2 wrkr=10 slot=2 size=41 src=worker:10 dst=client:2
event=hand_send ts_ns=13294666 id=588 clt=2 wrkr=10 slot=2 size=10 src=client:2 dst=worker:10
event=resp_rdma_read ts_ns=13351442 id=543 start_ns=12127666 dur_ns=1223776 clt=2 wrkr=11 slot=0 size=204808 src=worker:11 dst=client:2
event=req_send ts_ns=13351442 id=592 clt=2 wrkr=4 slot=3 size=17 src=client:2 dst=worker:4
event=resp_rdma_read ts_ns=13378176 id=546 start_ns=12161318 dur_ns=1216858 clt=2 wrkr=4 slot=1 size=204808 src=worker:4 dst=client:2
event=req_send ts_ns=13378176 id=595 clt=2 wrkr=3 slot=15 size=17 src=client:2 dst=worker:3
event=resp_rdma_read ts_ns=13390022 id=560 start_ns=12396921 dur_ns=993101 clt=2 wrkr=4 slot=2 size=204808 src=worker:4 dst=client:2
event=req_send ts_ns=13390022 id=597 clt=2 wrkr=1 slot=3 size=17 src=client:2 dst=worker:1
event=resp_rdma_read ts_ns=13396669 id=566 start_ns=12600954 dur_ns=795715 clt=2 wrkr=11 slot=1 size=204808 src=worker:11 dst=client:2
event=req_send ts_ns=13396669 id=598 clt=2 wrkr=10 slot=3 size=17 src=client:2 dst=worker:10
event=resp_rdma_read ts_ns=13402900 id=554 start_ns=12260906 dur_ns=1141994 clt=2 wrkr=1 slot=0 size=204808 src=worker:1 dst=client:2
event=req_send ts_ns=13402900 id=599 clt=2 wrkr=5 slot=14 size=17 src=client:2 dst=worker:5
event=resp_recv_ud ts_ns=13420198 id=592 clt=2 wrkr=4 slot=3 size=41 src=worker:4 dst=client:2
event=hand_send ts_ns=13428845 id=592 clt=2 wrkr=4 slot=3 size=10 src=client:2 dst=worker:4
event=resp_rdma_read ts_ns=13434970 id=548 start_ns=12202732 dur_ns=1232238 clt=2 wrkr=7 slot=0 size=204808 src=worker:7 dst=client:2
event=req_send ts_ns=13434970 id=601 clt=2 wrkr=6 slot=0 size=17 src=client:2 dst=worker:6
event=resp_recv_ud ts_ns=13447158 id=595 clt=2 wrkr=3 slot=15 size=41 src=worker:3 dst=client:2
event=hand_send ts_ns=13455805 id=595 clt=2 wrkr=3 slot=15 size=10 src=client:2 dst=worker:3
event=resp_recv_ud ts_ns=13458980 id=597 clt=2 wrkr=1 slot=3 size=41 src=worker:1 dst=client:2
event=resp_recv_ud ts_ns=13465119 id=598 clt=2 wrkr=10 slot=3 size=41 src=worker:10 dst=client:2
event=hand_send ts_ns=13467627 id=597 clt=2 wrkr=1 slot=3 size=10 src=client:2 dst=worker:1
event=resp_recv_ud ts_ns=13471523 id=599 clt=2 wrkr=5 slot=14 size=41 src=worker:5 dst=client:2
event=hand_send ts_ns=13473766 id=598 clt=2 wrkr=10 slot=3 size=10 src=client:2 dst=worker:10
event=hand_send ts_ns=13480170 id=599 clt=2 wrkr=5 slot=14 size=10 src=client:2 dst=worker:5
event=resp_recv_ud ts_ns=13504096 id=601 clt=2 wrkr=6 slot=0 size=41 src=worker:6 dst=client:2
event=hand_send ts_ns=13512743 id=601 clt=2 wrkr=6 slot=0 size=10 src=client:2 dst=worker:6
event=resp_rdma_read ts_ns=13548798 id=559 start_ns=12391007 dur_ns=1157791 clt=2 wrkr=9 slot=8 size=204808 src=worker:9 dst=client:2
event=req_send ts_ns=13548798 id=607 clt=2 wrkr=5 slot=15 size=17 src=client:2 dst=worker:5
event=resp_rdma_read ts_ns=13608459 id=567 start_ns=12718367 dur_ns=890092 clt=2 wrkr=2 slot=15 size=204808 src=worker:2 dst=client:2
event=req_send ts_ns=13608459 id=612 clt=2 wrkr=10 slot=4 size=17 src=client:2 dst=worker:10
event=resp_recv_ud ts_ns=13621226 id=607 clt=2 wrkr=5 slot=15 size=41 src=worker:5 dst=client:2
event=hand_send ts_ns=13629873 id=607 clt=2 wrkr=5 slot=15 size=10 src=client:2 dst=worker:5
event=resp_rdma_read ts_ns=13649467 id=570 start_ns=12790578 dur_ns=858889 clt=2 wrkr=0 slot=2 size=204808 src=worker:0 dst=client:2
event=req_send ts_ns=13649467 id=615 clt=2 wrkr=1 slot=4 size=17 src=client:2 dst=worker:1
event=resp_rdma_read ts_ns=13650984 id=562 start_ns=12517374 dur_ns=1133610 clt=2 wrkr=7 slot=1 size=204808 src=worker:7 dst=client:2
event=req_send ts_ns=13650984 id=616 clt=2 wrkr=5 slot=0 size=17 src=client:2 dst=worker:5
event=resp_recv_ud ts_ns=13679790 id=612 clt=2 wrkr=10 slot=4 size=41 src=worker:10 dst=client:2
event=hand_send ts_ns=13688437 id=612 clt=2 wrkr=10 slot=4 size=10 src=client:2 dst=worker:10
event=resp_recv_ud ts_ns=13721247 id=615 clt=2 wrkr=1 slot=4 size=41 src=worker:1 dst=client:2
event=resp_recv_ud ts_ns=13722647 id=616 clt=2 wrkr=5 slot=0 size=41 src=worker:5 dst=client:2
event=hand_send ts_ns=13729894 id=615 clt=2 wrkr=1 slot=4 size=10 src=client:2 dst=worker:1
event=hand_send ts_ns=13731294 id=616 clt=2 wrkr=5 slot=0 size=10 src=client:2 dst=worker:5
event=resp_rdma_read ts_ns=13802065 id=564 start_ns=12539287 dur_ns=1262778 clt=2 wrkr=1 slot=1 size=204808 src=worker:1 dst=client:2
event=req_send ts_ns=13802065 id=622 clt=2 wrkr=9 slot=9 size=17 src=client:2 dst=worker:9
event=resp_recv_ud ts_ns=13873951 id=622 clt=2 wrkr=9 slot=9 size=41 src=worker:9 dst=client:2
event=hand_send ts_ns=13882598 id=622 clt=2 wrkr=9 slot=9 size=10 src=client:2 dst=worker:9
event=resp_rdma_read ts_ns=13884745 id=577 start_ns=13032879 dur_ns=851866 clt=2 wrkr=6 slot=15 size=204808 src=worker:6 dst=client:2
event=req_send ts_ns=13884745 id=626 clt=2 wrkr=7 slot=3 size=17 src=client:2 dst=worker:7
event=resp_rdma_read ts_ns=13896446 id=578 start_ns=13038425 dur_ns=858021 clt=2 wrkr=8 slot=15 size=204808 src=worker:8 dst=client:2
event=req_send ts_ns=13896446 id=627 clt=2 wrkr=1 slot=5 size=17 src=client:2 dst=worker:1
event=resp_recv_ud ts_ns=13957142 id=626 clt=2 wrkr=7 slot=3 size=41 src=worker:7 dst=client:2
event=hand_send ts_ns=13965789 id=626 clt=2 wrkr=7 slot=3 size=10 src=client:2 dst=worker:7
event=resp_recv_ud ts_ns=13968106 id=627 clt=2 wrkr=1 slot=5 size=41 src=worker:1 dst=client:2
event=hand_send ts_ns=13976753 id=627 clt=2 wrkr=1 slot=5 size=10 src=client:2 dst=worker:1
event=resp_rdma_read ts_ns=13992940 id=581 start_ns=13114699 dur_ns=878241 clt=2 wrkr=7 slot=2 size=204808 src=worker:7 dst=client:2
event=req_send ts_ns=13992940 id=629 clt=2 wrkr=11 slot=2 size=17 src=client:2 dst=worker:11
event=resp_recv_ud ts_ns=14062347 id=629 clt=2 wrkr=11 slot=2 size=41 src=worker:11 dst=client:2
event=hand_send ts_ns=14070994 id=629 clt=2 wrkr=11 slot=2 size=10 src=client:2 dst=worker:11
event=resp_rdma_read ts_ns=14256356 id=586 start_ns=13275912 dur_ns=980444 clt=2 wrkr=1 slot=2 size=204808 src=worker:1 dst=client:2
event=req_send ts_ns=14256356 id=636 clt=2 wrkr=1 slot=6 size=17 src=client:2 dst=worker:1
event=resp_rdma_read ts_ns=14305512 id=588 start_ns=13294666 dur_ns=1010846 clt=2 wrkr=10 slot=2 size=204808 src=worker:10 dst=client:2
event=req_send ts_ns=14305512 id=638 clt=2 wrkr=10 slot=5 size=17 src=client:2 dst=worker:10
event=resp_recv_ud ts_ns=14312706 id=636 clt=2 wrkr=1 slot=6 size=41 src=worker:1 dst=client:2
event=hand_send ts_ns=14321353 id=636 clt=2 wrkr=1 slot=6 size=10 src=client:2 dst=worker:1
event=resp_recv_ud ts_ns=14372950 id=638 clt=2 wrkr=10 slot=5 size=41 src=worker:10 dst=client:2
event=hand_send ts_ns=14381597 id=638 clt=2 wrkr=10 slot=5 size=10 src=client:2 dst=worker:10
event=resp_rdma_read ts_ns=14527244 id=592 start_ns=13428845 dur_ns=1098399 clt=2 wrkr=4 slot=3 size=204808 src=worker:4 dst=client:2
event=req_send ts_ns=14527244 id=641 clt=2 wrkr=6 slot=1 size=17 src=client:2 dst=worker:6
event=resp_rdma_read ts_ns=14575078 id=595 start_ns=13455805 dur_ns=1119273 clt=2 wrkr=3 slot=15 size=204808 src=worker:3 dst=client:2
event=resp_recv_ud ts_ns=14589367 id=641 clt=2 wrkr=6 slot=1 size=41 src=worker:6 dst=client:2
event=hand_send ts_ns=14598014 id=641 clt=2 wrkr=6 slot=1 size=10 src=client:2 dst=worker:6
event=resp_rdma_read ts_ns=14673276 id=597 start_ns=13467627 dur_ns=1205649 clt=2 wrkr=1 slot=3 size=204808 src=worker:1 dst=client:2
event=resp_rdma_read ts_ns=14697431 id=599 start_ns=13480170 dur_ns=1217261 clt=2 wrkr=5 slot=14 size=204808 src=worker:5 dst=client:2
event=resp_rdma_read ts_ns=14746364 id=598 start_ns=13473766 dur_ns=1272598 clt=2 wrkr=10 slot=3 size=204808 src=worker:10 dst=client:2
event=resp_rdma_read ts_ns=14792422 id=601 start_ns=13512743 dur_ns=1279679 clt=2 wrkr=6 slot=0 size=204808 src=worker:6 dst=client:2
event=resp_rdma_read ts_ns=14827796 id=607 start_ns=13629873 dur_ns=1197923 clt=2 wrkr=5 slot=15 size=204808 src=worker:5 dst=client:2
event=resp_rdma_read ts_ns=14930593 id=615 start_ns=13729894 dur_ns=1200699 clt=2 wrkr=1 slot=4 size=204808 src=worker:1 dst=client:2
event=resp_rdma_read ts_ns=14954550 id=612 start_ns=13688437 dur_ns=1266113 clt=2 wrkr=10 slot=4 size=204808 src=worker:10 dst=client:2
event=resp_rdma_read ts_ns=15005327 id=616 start_ns=13731294 dur_ns=1274033 clt=2 wrkr=5 slot=0 size=204808 src=worker:5 dst=client:2
event=resp_rdma_read ts_ns=15126956 id=627 start_ns=13976753 dur_ns=1150203 clt=2 wrkr=1 slot=5 size=204808 src=worker:1 dst=client:2
event=resp_rdma_read ts_ns=15140664 id=638 start_ns=14381597 dur_ns=759067 clt=2 wrkr=10 slot=5 size=204808 src=worker:10 dst=client:2
event=resp_rdma_read ts_ns=15171621 id=622 start_ns=13882598 dur_ns=1289023 clt=2 wrkr=9 slot=9 size=204808 src=worker:9 dst=client:2
event=resp_rdma_read ts_ns=15192558 id=636 start_ns=14321353 dur_ns=871205 clt=2 wrkr=1 slot=6 size=204808 src=worker:1 dst=client:2
event=resp_rdma_read ts_ns=15229212 id=626 start_ns=13965789 dur_ns=1263423 clt=2 wrkr=7 slot=3 size=204808 src=worker:7 dst=client:2
event=resp_rdma_read ts_ns=15286568 id=629 start_ns=14070994 dur_ns=1215574 clt=2 wrkr=11 slot=2 size=204808 src=worker:11 dst=client:2
event=resp_rdma_read ts_ns=15341673 id=641 start_ns=14598014 dur_ns=743659 clt=2 wrkr=6 slot=1 size=204808 src=worker:6 dst=client:2
