event=req_send ts_ns=1 id=2 clt=2 wrkr=9 slot=0 size=17 src=client:2 dst=worker:9
event=req_send ts_ns=2501 id=5 clt=2 wrkr=1 slot=0 size=17 src=client:2 dst=worker:1
event=req_send ts_ns=5001 id=8 clt=2 wrkr=1 slot=1 size=17 src=client:2 dst=worker:1
event=req_send ts_ns=7501 id=11 clt=2 wrkr=10 slot=0 size=17 src=client:2 dst=worker:10
event=req_send ts_ns=10001 id=14 clt=2 wrkr=4 slot=0 size=17 src=client:2 dst=worker:4
event=req_send ts_ns=12501 id=17 clt=2 wrkr=2 slot=0 size=17 src=client:2 dst=worker:2
event=req_send ts_ns=15001 id=20 clt=2 wrkr=11 slot=0 size=17 src=client:2 dst=worker:11
event=req_send ts_ns=17501 id=23 clt=2 wrkr=6 slot=0 size=17 src=client:2 dst=worker:6
event=req_send ts_ns=20001 id=26 clt=2 wrkr=5 slot=0 size=17 src=client:2 dst=worker:5
event=req_send ts_ns=22501 id=29 clt=2 wrkr=10 slot=1 size=17 src=client:2 dst=worker:10
event=req_send ts_ns=25001 id=32 clt=2 wrkr=3 slot=0 size=17 src=client:2 dst=worker:3
event=req_send ts_ns=27501 id=35 clt=2 wrkr=1 slot=2 size=17 src=client:2 dst=worker:1
event=resp_recv_ud ts_ns=53984 id=5 clt=2 wrkr=1 slot=0 size=41 src=worker:1 dst=client:2
event=resp_recv_ud ts_ns=54159 id=8 clt=2 wrkr=1 slot=1 size=41 src=worker:1 dst=client:2
event=resp_recv_ud ts_ns=54772 id=2 clt=2 wrkr=9 slot=0 size=41 src=worker:9 dst=client:2
event=resp_recv_ud ts_ns=56478 id=11 clt=2 wrkr=10 slot=0 size=41 src=worker:10 dst=client:2
event=resp_recv_ud ts_ns=58549 id=14 clt=2 wrkr=4 slot=0 size=41 src=worker:4 dst=client:2
event=resp_recv_ud ts_ns=60147 id=17 clt=2 wrkr=2 slot=0 size=41 src=worker:2 dst=client:2
event=resp_recv_ud ts_ns=61466 id=20 clt=2 wrkr=11 slot=0 size=41 src=worker:11 dst=client:2
event=hand_send ts_ns=62631 id=5 clt=2 wrkr=1 slot=0 size=10 src=client:2 dst=worker:1
event=hand_send ts_ns=62806 id=8 clt=2 wrkr=1 slot=1 size=10 src=client:2 dst=worker:1
event=resp_recv_ud ts_ns=63233 id=23 clt=2 wrkr=6 slot=0 size=41 src=worker:6 dst=client:2
event=hand_send ts_ns=63419 id=2 clt=2 wrkr=9 slot=0 size=10 src=client:2 dst=worker:9
event=resp_recv_ud ts_ns=64655 id=26 clt=2 wrkr=5 slot=0 size=41 src=worker:5 dst=client:2
event=hand_send ts_ns=65125 id=11 clt=2 wrkr=10 slot=0 size=10 src=client:2 dst=worker:10
event=resp_recv_ud ts_ns=66584 id=29 clt=2 wrkr=10 slot=1 size=41 src=worker:10 dst=client:2
event=hand_send ts_ns=67196 id=14 clt=2 wrkr=4 slot=0 size=10 src=client:2 dst=worker:4
event=hand_send ts_ns=68794 id=17 clt=2 wrkr=2 slot=0 size=10 src=client:2 dst=worker:2
event=resp_recv_ud ts_ns=69017 id=32 clt=2 wrkr=3 slot=0 size=41 src=worker:3 dst=client:2
event=resp_recv_ud ts_ns=69678 id=35 clt=2 wrkr=1 slot=2 size=41 src=worker:1 dst=client:2
event=hand_send ts_ns=70113 id=20 clt=2 wrkr=11 slot=0 size=10 src=client:2 dst=worker:11
event=hand_send ts_ns=71880 id=23 clt=2 wrkr=6 slot=0 size=10 src=client:2 dst=worker:6
event=hand_send ts_ns=73302 id=26 clt=2 wrkr=5 slot=0 size=10 src=client:2 dst=worker:5
event=hand_send ts_ns=75231 id=29 clt=2 wrkr=10 slot=1 size=10 src=client:2 dst=worker:10
event=hand_send ts_ns=77664 id=32 clt=2 wrkr=3 slot=0 size=10 src=client:2 dst=worker:3
event=hand_send ts_ns=78325 id=35 clt=2 wrkr=1 slot=2 size=10 src=client:2 dst=worker:1
event=resp_rdma_read ts_ns=442254 id=8 start_ns=62806 dur_ns=379448 clt=2 wrkr=1 slot=1 size=102408 src=worker:1 dst=client:2
event=req_send ts_ns=442254 id=38 clt=2 wrkr=4 slot=1 size=17 src=client:2 dst=worker:4
event=resp_rdma_read ts_ns=443853 id=5 start_ns=62631 dur_ns=381222 clt=2 wrkr=1 slot=0 size=102408 src=worker:1 dst=client:2
event=req_send ts_ns=443853 id=39 clt=2 wrkr=8 slot=0 size=17 src=client:2 dst=worker:8
event=resp_rdma_read ts_ns=454237 id=2 start_ns=63419 dur_ns=390818 clt=2 wrkr=9 slot=0 size=102408 src=worker:9 dst=client:2
event=req_send ts_ns=454237 id=41 clt=2 wrkr=0 slot=0 size=17 src=client:2 dst=worker:0
event=resp_rdma_read ts_ns=474206 id=11 start_ns=65125 dur_ns=409081 clt=2 wrkr=10 slot=0 size=102408 src=worker:10 dst=client:2
event=req_send ts_ns=474206 id=44 clt=2 wrkr=6 slot=1 size=17 src=client:2 dst=worker:6
event=resp_rdma_read ts_ns=486285 id=14 start_ns=67196 dur_ns=419089 clt=2 wrkr=4 slot=0 size=102408 src=worker:4 dst=client:2
event=req_send ts_ns=486285 id=46 clt=2 wrkr=8 slot=1 size=17 src=client:2 dst=worker:8
event=resp_rdma_read ts_ns=497535 id=17 start_ns=68794 dur_ns=428741 clt=2 wrkr=2 slot=0 size=102408 src=worker:2 dst=client:2
event=req_send ts_ns=497535 id=48 clt=2 wrkr=11 slot=1 size=17 src=client:2 dst=worker:11
event=resp_rdma_read ts_ns=503215 id=20 start_ns=70113 dur_ns=433102 clt=2 wrkr=11 slot=0 size=102408 src=worker:11 dst=client:2
event=req_send ts_ns=503215 id=49 clt=2 wrkr=4 slot=2 size=17 src=client:2 dst=worker:4
event=resp_recv_ud ts_ns=511531 id=38 clt=2 wrkr=4 slot=1 size=41 src=worker:4 dst=client:2
event=resp_recv_ud ts_ns=513254 id=39 clt=2 wrkr=8 slot=0 size=41 src=worker:8 dst=client:2
event=resp_rdma_read ts_ns=518504 id=23 start_ns=71880 dur_ns=446624 clt=2 wrkr=6 slot=0 size=102408 src=worker:6 dst=client:2
event=req_send ts_ns=518504 id=51 clt=2 wrkr=10 slot=2 size=17 src=client:2 dst=worker:10
event=hand_send ts_ns=520178 id=38 clt=2 wrkr=4 slot=1 size=10 src=client:2 dst=worker:4
event=hand_send ts_ns=521901 id=39 clt=2 wrkr=8 slot=0 size=10 src=client:2 dst=worker:8
event=resp_recv_ud ts_ns=523252 id=41 clt=2 wrkr=0 slot=0 size=41 src=worker:0 dst=client:2
event=hand_send ts_ns=531899 id=41 clt=2 wrkr=0 slot=0 size=10 src=client:2 dst=worker:0
event=resp_rdma_read ts_ns=533130 id=26 start_ns=73302 dur_ns=459828 clt=2 wrkr=5 slot=0 size=102408 src=worker:5 dst=client:2
event=req_send ts_ns=533130 id=54 clt=2 wrkr=6 slot=2 size=17 src=client:2 dst=worker:6
event=resp_recv_ud ts_ns=542147 id=44 clt=2 wrkr=6 slot=1 size=41 src=worker:6 dst=client:2
event=hand_send ts_ns=550794 id=44 clt=2 wrkr=6 slot=1 size=10 src=client:2 dst=worker:6
event=resp_recv_ud ts_ns=552711 id=46 clt=2 wrkr=8 slot=1 size=41 src=worker:8 dst=client:2
event=hand_send ts_ns=561358 id=46 clt=2 wrkr=8 slot=1 size=10 src=client:2 dst=worker:8
event=resp_recv_ud ts_ns=562849 id=48 clt=2 wrkr=11 slot=1 size=41 src=worker:11 dst=client:2
event=resp_recv_ud ts_ns=568726 id=49 clt=2 wrkr=4 slot=2 size=41 src=worker:4 dst=client:2
event=resp_rdma_read ts_ns=571280 id=29 start_ns=75231 dur_ns=496049 clt=2 wrkr=10 slot=1 size=102408 src=worker:10 dst=client:2
event=req_send ts_ns=571280 id=58 clt=2 wrkr=3 slot=1 size=17 src=client:2 dst=worker:3
event=hand_send ts_ns=571496 id=48 clt=2 wrkr=11 slot=1 size=10 src=client:2 dst=worker:11
event=hand_send ts_ns=577373 id=49 clt=2 wrkr=4 slot=2 size=10 src=client:2 dst=worker:4
event=resp_recv_ud ts_ns=584285 id=51 clt=2 wrkr=10 slot=2 size=41 src=worker:10 dst=client:2
event=hand_send ts_ns=592932 id=51 clt=2 wrkr=10 slot=2 size=10 src=client:2 dst=worker:10
event=resp_recv_ud ts_ns=597596 id=54 clt=2 wrkr=6 slot=2 size=41 src=worker:6 dst=client:2
event=hand_send ts_ns=606243 id=54 clt=2 wrkr=6 slot=2 size=10 src=client:2 dst=worker:6
event=resp_rdma_read ts_ns=617005 id=32 start_ns=77664 dur_ns=539341 clt=2 wrkr=3 slot=0 size=102408 src=worker:3 dst=client:2
event=req_send ts_ns=617005 id=61 clt=2 wrkr=0 slot=1 size=17 src=client:2 dst=worker:0
event=resp_recv_ud ts_ns=637361 id=58 clt=2 wrkr=3 slot=1 size=41 src=worker:3 dst=client:2
event=hand_send ts_ns=646008 id=58 clt=2 wrkr=3 slot=1 size=10 src=client:2 dst=worker:3
event=resp_rdma_read ts_ns=652516 id=35 start_ns=78325 dur_ns=574191 clt=2 wrkr=1 slot=2 size=102408 src=worker:1 dst=client:2
event=req_send ts_ns=652516 id=63 clt=2 wrkr=11 slot=2 size=17 src=client:2 dst=worker:11
event=resp_recv_ud ts_ns=684854 id=61 clt=2 wrkr=0 slot=1 size=41 src=worker:0 dst=client:2
event=hand_send ts_ns=693501 id=61 clt=2 wrkr=0 slot=1 size=10 src=client:2 dst=worker:0
event=resp_recv_ud ts_ns=721947 id=63 clt=2 wrkr=11 slot=2 size=41 src=worker:11 dst=client:2
event=hand_send ts_ns=730594 id=63 clt=2 wrkr=11 slot=2 size=10 src=client:2 dst=worker:11
event=resp_rdma_read ts_ns=996644 id=38 start_ns=520178 dur_ns=476466 clt=2 wrkr=4 slot=1 size=102408 src=worker:4 dst=client:2
event=req_send ts_ns=996644 id=73 clt=2 wrkr=8 slot=2 size=17 src=client:2 dst=worker:8
event=resp_rdma_read ts_ns=1002590 id=39 start_ns=521901 dur_ns=480689 clt=2 wrkr=8 slot=0 size=102408 src=worker:8 dst=client:2
event=req_send ts_ns=1002590 id=74 clt=2 wrkr=7 slot=0 size=17 src=client:2 dst=worker:7
event=resp_rdma_read ts_ns=1017431 id=41 start_ns=531899 dur_ns=485532 clt=2 wrkr=0 slot=0 size=102408 src=worker:0 dst=client:2
event=req_send ts_ns=1017431 id=75 clt=2 wrkr=6 slot=3 size=17 src=client:2 dst=worker:6
event=resp_rdma_read ts_ns=1057045 id=44 start_ns=550794 dur_ns=506251 clt=2 wrkr=6 slot=1 size=102408 src=worker:6 dst=client:2
event=req_send ts_ns=1057045 id=80 clt=2 wrkr=6 slot=4 size=17 src=client:2 dst=worker:6
event=resp_recv_ud ts_ns=1065208 id=73 clt=2 wrkr=8 slot=2 size=41 src=worker:8 dst=client:2
event=resp_recv_ud ts_ns=1072171 id=74 clt=2 wrkr=7 slot=0 size=41 src=worker:7 dst=client:2
event=hand_send ts_ns=1073855 id=73 clt=2 wrkr=8 slot=2 size=10 src=client:2 dst=worker:8
event=hand_send ts_ns=1080818 id=74 clt=2 wrkr=7 slot=0 size=10 src=client:2 dst=worker:7
event=resp_recv_ud ts_ns=1087281 id=75 clt=2 wrkr=6 slot=3 size=41 src=worker:6 dst=client:2
event=hand_send ts_ns=1095928 id=75 clt=2 wrkr=6 slot=3 size=10 src=client:2 dst=worker:6
event=resp_rdma_read ts_ns=1102789 id=46 start_ns=561358 dur_ns=541431 clt=2 wrkr=8 slot=1 size=102408 src=worker:8 dst=client:2
event=req_send ts_ns=1102789 id=82 clt=2 wrkr=2 slot=1 size=17 src=client:2 dst=worker:2
event=resp_rdma_read ts_ns=1113769 id=48 start_ns=571496 dur_ns=542273 clt=2 wrkr=11 slot=1 size=102408 src=worker:11 dst=client:2
event=req_send ts_ns=1113769 id=83 clt=2 wrkr=1 slot=3 size=17 src=client:2 dst=worker:1
event=resp_recv_ud ts_ns=1127716 id=80 clt=2 wrkr=6 slot=4 size=41 src=worker:6 dst=client:2
event=resp_rdma_read ts_ns=1131534 id=49 start_ns=577373 dur_ns=554161 clt=2 wrkr=4 slot=2 size=102408 src=worker:4 dst=client:2
event=req_send ts_ns=1131534 id=85 clt=2 wrkr=4 slot=3 size=17 src=client:2 dst=worker:4
event=hand_send ts_ns=1136363 id=80 clt=2 wrkr=6 slot=4 size=10 src=client:2 dst=worker:6
event=resp_rdma_read ts_ns=1154493 id=51 start_ns=592932 dur_ns=561561 clt=2 wrkr=10 slot=2 size=102408 src=worker:10 dst=client:2
event=req_send ts_ns=1154493 id=87 clt=2 wrkr=8 slot=3 size=17 src=client:2 dst=worker:8
event=resp_recv_ud ts_ns=1172103 id=82 clt=2 wrkr=2 slot=1 size=41 src=worker:2 dst=client:2
event=hand_send ts_ns=1180750 id=82 clt=2 wrkr=2 slot=1 size=10 src=client:2 dst=worker:2
event=resp_recv_ud ts_ns=1182758 id=83 clt=2 wrkr=1 slot=3 size=41 src=worker:1 dst=client:2
event=hand_send ts_ns=1191405 id=83 clt=2 wrkr=1 slot=3 size=10 src=client:2 dst=worker:1
event=resp_recv_ud ts_ns=1201962 id=85 clt=2 wrkr=4 slot=3 size=41 src=worker:4 dst=client:2
event=resp_rdma_read ts_ns=1203724 id=54 start_ns=606243 dur_ns=597481 clt=2 wrkr=6 slot=2 size=102408 src=worker:6 dst=client:2
event=req_send ts_ns=1203724 id=90 clt=2 wrkr=5 slot=1 size=17 src=client:2 dst=worker:5
event=hand_send ts_ns=1210609 id=85 clt=2 wrkr=4 slot=3 size=10 src=client:2 dst=worker:4
event=resp_recv_ud ts_ns=1224565 id=87 clt=2 wrkr=8 slot=3 size=41 src=worker:8 dst=client:2
event=hand_send ts_ns=1233212 id=87 clt=2 wrkr=8 slot=3 size=10 src=client:2 dst=worker:8
event=resp_recv_ud ts_ns=1274462 id=90 clt=2 wrkr=5 slot=1 size=41 src=worker:5 dst=client:2
event=hand_send ts_ns=1283109 id=90 clt=2 wrkr=5 slot=1 size=10 src=client:2 dst=worker:5
event=resp_rdma_read ts_ns=1288990 id=58 start_ns=646008 dur_ns=642982 clt=2 wrkr=3 slot=1 size=102408 src=worker:3 dst=client:2
event=req_send ts_ns=1288990 id=94 clt=2 wrkr=8 slot=4 size=17 src=client:2 dst=worker:8
event=resp_rdma_read ts_ns=1344358 id=61 start_ns=693501 dur_ns=650857 clt=2 wrkr=0 slot=1 size=102408 src=worker:0 dst=client:2
event=req_send ts_ns=1344358 id=97 clt=2 wrkr=4 slot=4 size=17 src=client:2 dst=worker:4
event=resp_recv_ud ts_ns=1360033 id=94 clt=2 wrkr=8 slot=4 size=41 src=worker:8 dst=client:2
event=hand_send ts_ns=1368680 id=94 clt=2 wrkr=8 slot=4 size=10 src=client:2 dst=worker:8
event=resp_rdma_read ts_ns=1372588 id=63 start_ns=730594 dur_ns=641994 clt=2 wrkr=11 slot=2 size=102408 src=worker:11 dst=client:2
event=req_send ts_ns=1372588 id=99 clt=2 wrkr=2 slot=2 size=17 src=client:2 dst=worker:2
event=resp_recv_ud ts_ns=1416193 id=97 clt=2 wrkr=4 slot=4 size=41 src=worker:4 dst=client:2
event=hand_send ts_ns=1424840 id=97 clt=2 wrkr=4 slot=4 size=10 src=client:2 dst=worker:4
event=resp_recv_ud ts_ns=1444325 id=99 clt=2 wrkr=2 slot=2 size=41 src=worker:2 dst=client:2
event=hand_send ts_ns=1452972 id=99 clt=2 wrkr=2 slot=2 size=10 src=client:2 dst=worker:2
event=resp_rdma_read ts_ns=1660329 id=74 start_ns=1080818 dur_ns=579511 clt=2 wrkr=7 slot=0 size=102408 src=worker:7 dst=client:2
event=req_send ts_ns=1660329 id=108 clt=2 wrkr=3 slot=2 size=17 src=client:2 dst=worker:3
event=resp_rdma_read ts_ns=1682367 id=73 start_ns=1073855 dur_ns=608512 clt=2 wrkr=8 slot=2 size=102408 src=worker:8 dst=client:2
event=req_send ts_ns=1682367 id=109 clt=2 wrkr=10 slot=3 size=17 src=client:2 dst=worker:10
event=resp_recv_ud ts_ns=1718442 id=108 clt=2 wrkr=3 slot=2 size=41 src=worker:3 dst=client:2
event=hand_send ts_ns=1727089 id=108 clt=2 wrkr=3 slot=2 size=10 src=client:2 dst=worker:3
event=resp_rdma_read ts_ns=1735804 id=75 start_ns=1095928 dur_ns=639876 clt=2 wrkr=6 slot=3 size=102408 src=worker:6 dst=client:2
event=req_send ts_ns=1735804 id=112 clt=2 wrkr=2 slot=3 size=17 src=client:2 dst=worker:2
event=resp_recv_ud ts_ns=1736976 id=109 clt=2 wrkr=10 slot=3 size=41 src=worker:10 dst=client:2
event=hand_send ts_ns=1745623 id=109 clt=2 wrkr=10 slot=3 size=10 src=client:2 dst=worker:10
event=resp_rdma_read ts_ns=1797767 id=80 start_ns=1136363 dur_ns=661404 clt=2 wrkr=6 slot=4 size=102408 src=worker:6 dst=client:2
event=req_send ts_ns=1797767 id=116 clt=2 wrkr=1 slot=4 size=17 src=client:2 dst=worker:1
event=resp_recv_ud ts_ns=1805816 id=112 clt=2 wrkr=2 slot=3 size=41 src=worker:2 dst=client:2
event=hand_send ts_ns=1814463 id=112 clt=2 wrkr=2 slot=3 size=10 src=client:2 dst=worker:2
event=resp_rdma_read ts_ns=1817555 id=83 start_ns=1191405 dur_ns=626150 clt=2 wrkr=1 slot=3 size=102408 src=worker:1 dst=client:2
event=req_send ts_ns=1817555 id=117 clt=2 wrkr=9 slot=1 size=17 src=client:2 dst=worker:9
event=resp_rdma_read ts_ns=1824870 id=82 start_ns=1180750 dur_ns=644120 clt=2 wrkr=2 slot=1 size=102408 src=worker:2 dst=client:2
event=req_send ts_ns=1824870 id=118 clt=2 wrkr=8 slot=5 size=17 src=client:2 dst=worker:8
event=resp_recv_ud ts_ns=1868565 id=116 clt=2 wrkr=1 slot=4 size=41 src=worker:1 dst=client:2
event=resp_rdma_read ts_ns=1870565 id=85 start_ns=1210609 dur_ns=659956 clt=2 wrkr=4 slot=3 size=102408 src=worker:4 dst=client:2
event=req_send ts_ns=1870565 id=122 clt=2 wrkr=4 slot=5 size=17 src=client:2 dst=worker:4
event=hand_send ts_ns=1877212 id=116 clt=2 wrkr=1 slot=4 size=10 src=client:2 dst=worker:1
event=resp_recv_ud ts_ns=1888781 id=117 clt=2 wrkr=9 slot=1 size=41 src=worker:9 dst=client:2
event=resp_rdma_read ts_ns=1892497 id=87 start_ns=1233212 dur_ns=659285 clt=2 wrkr=8 slot=3 size=102408 src=worker:8 dst=client:2
event=req_send ts_ns=1892497 id=123 clt=2 wrkr=4 slot=6 size=17 src=client:2 dst=worker:4
event=resp_recv_ud ts_ns=1896116 id=118 clt=2 wrkr=8 slot=5 size=41 src=worker:8 dst=client:2
event=hand_send ts_ns=1897428 id=117 clt=2 wrkr=9 slot=1 size=10 src=client:2 dst=worker:9
event=hand_send ts_ns=1904763 id=118 clt=2 wrkr=8 slot=5 size=10 src=client:2 dst=worker:8
event=resp_rdma_read ts_ns=1938574 id=90 start_ns=1283109 dur_ns=655465 clt=2 wrkr=5 slot=1 size=102408 src=worker:5 dst=client:2
event=req_send ts_ns=1938574 id=124 clt=2 wrkr=11 slot=3 size=17 src=client:2 dst=worker:11
event=resp_recv_ud ts_ns=1941574 id=122 clt=2 wrkr=4 slot=5 size=41 src=worker:4 dst=client:2
event=hand_send ts_ns=1950221 id=122 clt=2 wrkr=4 slot=5 size=10 src=client:2 dst=worker:4
event=resp_recv_ud ts_ns=1962966 id=123 clt=2 wrkr=4 slot=6 size=41 src=worker:4 dst=client:2
event=hand_send ts_ns=1971613 id=123 clt=2 wrkr=4 slot=6 size=10 src=client:2 dst=worker:4
event=resp_recv_ud ts_ns=2010089 id=124 clt=2 wrkr=11 slot=3 size=41 src=worker:11 dst=client:2
event=hand_send ts_ns=2018736 id=124 clt=2 wrkr=11 slot=3 size=10 src=client:2 dst=worker:11
event=resp_rdma_read ts_ns=2020840 id=94 start_ns=1368680 dur_ns=652160 clt=2 wrkr=8 slot=4 size=102408 src=worker:8 dst=client:2
event=req_send ts_ns=2020840 id=133 clt=2 wrkr=2 slot=4 size=17 src=client:2 dst=worker:2
event=resp_rdma_read ts_ns=2086913 id=97 start_ns=1424840 dur_ns=662073 clt=2 wrkr=4 slot=4 size=102408 src=worker:4 dst=client:2
event=req_send ts_ns=2086913 id=137 clt=2 wrkr=1 slot=5 size=17 src=client:2 dst=worker:1
event=resp_recv_ud ts_ns=2090807 id=133 clt=2 wrkr=2 slot=4 size=41 src=worker:2 dst=client:2
event=hand_send ts_ns=2099454 id=133 clt=2 wrkr=2 slot=4 size=10 src=client:2 dst=worker:2
event=resp_rdma_read ts_ns=2103944 id=99 start_ns=1452972 dur_ns=650972 clt=2 wrkr=2 slot=2 size=102408 src=worker:2 dst=client:2
event=req_send ts_ns=2103944 id=138 clt=2 wrkr=7 slot=1 size=17 src=client:2 dst=worker:7
event=resp_recv_ud ts_ns=2157268 id=137 clt=2 wrkr=1 slot=5 size=41 src=worker:1 dst=client:2
event=hand_send ts_ns=2165915 id=137 clt=2 wrkr=1 slot=5 size=10 src=client:2 dst=worker:1
event=resp_recv_ud ts_ns=2173826 id=138 clt=2 wrkr=7 slot=1 size=41 src=worker:7 dst=client:2
event=hand_send ts_ns=2182473 id=138 clt=2 wrkr=7 slot=1 size=10 src=client:2 dst=worker:7
event=resp_rdma_read ts_ns=2315335 id=108 start_ns=1727089 dur_ns=588246 clt=2 wrkr=3 slot=2 size=102408 src=worker:3 dst=client:2
event=req_send ts_ns=2315335 id=144 clt=2 wrkr=9 slot=2 size=17 src=client:2 dst=worker:9
event=resp_recv_ud ts_ns=2366460 id=144 clt=2 wrkr=9 slot=2 size=41 src=worker:9 dst=client:2
event=hand_send ts_ns=2375107 id=144 clt=2 wrkr=9 slot=2 size=10 src=client:2 dst=worker:9
event=resp_rdma_read ts_ns=2403593 id=117 start_ns=1897428 dur_ns=506165 clt=2 wrkr=9 slot=1 size=102408 src=worker:9 dst=client:2
event=req_send ts_ns=2403593 id=145 clt=2 wrkr=10 slot=4 size=17 src=client:2 dst=worker:10
event=resp_rdma_read ts_ns=2403855 id=109 start_ns=1745623 dur_ns=658232 clt=2 wrkr=10 slot=3 size=102408 src=worker:10 dst=client:2
event=req_send ts_ns=2403855 id=146 clt=2 wrkr=7 slot=2 size=17 src=client:2 dst=worker:7
event=resp_rdma_read ts_ns=2431882 id=112 start_ns=1814463 dur_ns=617419 clt=2 wrkr=2 slot=3 size=102408 src=worker:2 dst=client:2
event=req_send ts_ns=2431882 id=148 clt=2 wrkr=4 slot=7 size=17 src=client:2 dst=worker:4
event=resp_recv_ud ts_ns=2472608 id=145 clt=2 wrkr=10 slot=4 size=41 src=worker:10 dst=client:2
event=resp_recv_ud ts_ns=2473157 id=146 clt=2 wrkr=7 slot=2 size=41 src=worker:7 dst=client:2
event=hand_send ts_ns=2481255 id=145 clt=2 wrkr=10 slot=4 size=10 src=client:2 dst=worker:10
event=hand_send ts_ns=2481804 id=146 clt=2 wrkr=7 slot=2 size=10 src=client:2 dst=worker:7
event=resp_recv_ud ts_ns=2500392 id=148 clt=2 wrkr=4 slot=7 size=41 src=worker:4 dst=client:2
event=hand_send ts_ns=2509039 id=148 clt=2 wrkr=4 slot=7 size=10 src=client:2 dst=worker:4
event=resp_rdma_read ts_ns=2539055 id=116 start_ns=1877212 dur_ns=661843 clt=2 wrkr=1 slot=4 size=102408 src=worker:1 dst=client:2
event=req_send ts_ns=2539055 id=154 clt=2 wrkr=0 slot=2 size=17 src=client:2 dst=worker:0
event=resp_rdma_read ts_ns=2596844 id=118 start_ns=1904763 dur_ns=692081 clt=2 wrkr=8 slot=5 size=102408 src=worker:8 dst=client:2
event=req_send ts_ns=2596844 id=156 clt=2 wrkr=11 slot=4 size=17 src=client:2 dst=worker:11
event=resp_rdma_read ts_ns=2608353 id=124 start_ns=2018736 dur_ns=589617 clt=2 wrkr=11 slot=3 size=102408 src=worker:11 dst=client:2
event=req_send ts_ns=2608353 id=157 clt=2 wrkr=0 slot=3 size=17 src=client:2 dst=worker:0
event=resp_recv_ud ts_ns=2609821 id=154 clt=2 wrkr=0 slot=2 size=41 src=worker:0 dst=client:2
event=resp_rdma_read ts_ns=2615113 id=123 start_ns=1971613 dur_ns=643500 clt=2 wrkr=4 slot=6 size=102408 src=worker:4 dst=client:2
event=req_send ts_ns=2615113 id=159 clt=2 wrkr=11 slot=5 size=17 src=client:2 dst=worker:11
event=hand_send ts_ns=2618468 id=154 clt=2 wrkr=0 slot=2 size=10 src=client:2 dst=worker:0
event=resp_rdma_read ts_ns=2635726 id=122 start_ns=1950221 dur_ns=685505 clt=2 wrkr=4 slot=5 size=102408 src=worker:4 dst=client:2
event=req_send ts_ns=2635726 id=160 clt=2 wrkr=7 slot=3 size=17 src=client:2 dst=worker:7
event=resp_recv_ud ts_ns=2667993 id=156 clt=2 wrkr=11 slot=4 size=41 src=worker:11 dst=client:2
event=hand_send ts_ns=2676640 id=156 clt=2 wrkr=11 slot=4 size=10 src=client:2 dst=worker:11
event=resp_recv_ud ts_ns=2679447 id=157 clt=2 wrkr=0 slot=3 size=41 src=worker:0 dst=client:2
event=resp_recv_ud ts_ns=2685797 id=159 clt=2 wrkr=11 slot=5 size=41 src=worker:11 dst=client:2
event=hand_send ts_ns=2688094 id=157 clt=2 wrkr=0 slot=3 size=10 src=client:2 dst=worker:0
event=hand_send ts_ns=2694444 id=159 clt=2 wrkr=11 slot=5 size=10 src=client:2 dst=worker:11
event=resp_rdma_read ts_ns=2695228 id=144 start_ns=2375107 dur_ns=320121 clt=2 wrkr=9 slot=2 size=102408 src=worker:9 dst=client:2
event=req_send ts_ns=2695228 id=167 clt=2 wrkr=5 slot=2 size=17 src=client:2 dst=worker:5
event=resp_recv_ud ts_ns=2706313 id=160 clt=2 wrkr=7 slot=3 size=41 src=worker:7 dst=client:2
event=hand_send ts_ns=2714960 id=160 clt=2 wrkr=7 slot=3 size=10 src=client:2 dst=worker:7
event=resp_rdma_read ts_ns=2722206 id=138 start_ns=2182473 dur_ns=539733 clt=2 wrkr=7 slot=1 size=102408 src=worker:7 dst=client:2
event=req_send ts_ns=2722206 id=168 clt=2 wrkr=0 slot=4 size=17 src=client:2 dst=worker:0
event=resp_rdma_read ts_ns=2752515 id=133 start_ns=2099454 dur_ns=653061 clt=2 wrkr=2 slot=4 size=102408 src=worker:2 dst=client:2
event=req_send ts_ns=2752515 id=170 clt=2 wrkr=11 slot=6 size=17 src=client:2 dst=worker:11
event=resp_recv_ud ts_ns=2764200 id=167 clt=2 wrkr=5 slot=2 size=41 src=worker:5 dst=client:2
event=hand_send ts_ns=2772847 id=167 clt=2 wrkr=5 slot=2 size=10 src=client:2 dst=worker:5
event=resp_recv_ud ts_ns=2791724 id=168 clt=2 wrkr=0 slot=4 size=41 src=worker:0 dst=client:2
event=hand_send ts_ns=2800371 id=168 clt=2 wrkr=0 slot=4 size=10 src=client:2 dst=worker:0
event=resp_recv_ud ts_ns=2821870 id=170 clt=2 wrkr=11 slot=6 size=41 src=worker:11 dst=client:2
event=hand_send ts_ns=2830517 id=170 clt=2 wrkr=11 slot=6 size=10 src=client:2 dst=worker:11
event=resp_rdma_read ts_ns=2835242 id=137 start_ns=2165915 dur_ns=669327 clt=2 wrkr=1 slot=5 size=102408 src=worker:1 dst=client:2
event=req_send ts_ns=2835242 id=174 clt=2 wrkr=2 slot=5 size=17 src=client:2 dst=worker:2
event=resp_recv_ud ts_ns=2906850 id=174 clt=2 wrkr=2 slot=5 size=41 src=worker:2 dst=client:2
event=hand_send ts_ns=2915497 id=174 clt=2 wrkr=2 slot=5 size=10 src=client:2 dst=worker:2
event=resp_rdma_read ts_ns=3097465 id=145 start_ns=2481255 dur_ns=616210 clt=2 wrkr=10 slot=4 size=102408 src=worker:10 dst=client:2
event=req_send ts_ns=3097465 id=181 clt=2 wrkr=7 slot=4 size=17 src=client:2 dst=worker:7
event=resp_rdma_read ts_ns=3116263 id=146 start_ns=2481804 dur_ns=634459 clt=2 wrkr=7 slot=2 size=102408 src=worker:7 dst=client:2
event=req_send ts_ns=3116263 id=182 clt=2 wrkr=0 slot=5 size=17 src=client:2 dst=worker:0
event=resp_recv_ud ts_ns=3141103 id=181 clt=2 wrkr=7 slot=4 size=41 src=worker:7 dst=client:2
event=hand_send ts_ns=3149750 id=181 clt=2 wrkr=7 slot=4 size=10 src=client:2 dst=worker:7
event=resp_recv_ud ts_ns=3185306 id=182 clt=2 wrkr=0 slot=5 size=41 src=worker:0 dst=client:2
event=resp_rdma_read ts_ns=3186827 id=148 start_ns=2509039 dur_ns=677788 clt=2 wrkr=4 slot=7 size=102408 src=worker:4 dst=client:2
event=req_send ts_ns=3186827 id=184 clt=2 wrkr=10 slot=5 size=17 src=client:2 dst=worker:10
event=hand_send ts_ns=3193953 id=182 clt=2 wrkr=0 slot=5 size=10 src=client:2 dst=worker:0
event=resp_rdma_read ts_ns=3234279 id=156 start_ns=2676640 dur_ns=557639 clt=2 wrkr=11 slot=4 size=102408 src=worker:11 dst=client:2
event=req_send ts_ns=3234279 id=190 clt=2 wrkr=1 slot=6 size=17 src=client:2 dst=worker:1
event=resp_recv_ud ts_ns=3251854 id=184 clt=2 wrkr=10 slot=5 size=41 src=worker:10 dst=client:2
event=hand_send ts_ns=3260501 id=184 clt=2 wrkr=10 slot=5 size=10 src=client:2 dst=worker:10
event=resp_rdma_read ts_ns=3284534 id=157 start_ns=2688094 dur_ns=596440 clt=2 wrkr=0 slot=3 size=102408 src=worker:0 dst=client:2
event=req_send ts_ns=3284534 id=192 clt=2 wrkr=0 slot=6 size=17 src=client:2 dst=worker:0
event=resp_rdma_read ts_ns=3294688 id=154 start_ns=2618468 dur_ns=676220 clt=2 wrkr=0 slot=2 size=102408 src=worker:0 dst=client:2
event=req_send ts_ns=3294688 id=193 clt=2 wrkr=5 slot=3 size=17 src=client:2 dst=worker:5
event=resp_recv_ud ts_ns=3296998 id=190 clt=2 wrkr=1 slot=6 size=41 src=worker:1 dst=client:2
event=hand_send ts_ns=3305645 id=190 clt=2 wrkr=1 slot=6 size=10 src=client:2 dst=worker:1
event=resp_rdma_read ts_ns=3323034 id=160 start_ns=2714960 dur_ns=608074 clt=2 wrkr=7 slot=3 size=102408 src=worker:7 dst=client:2
event=req_send ts_ns=3323034 id=194 clt=2 wrkr=3 slot=3 size=17 src=client:2 dst=worker:3
event=resp_recv_ud ts_ns=3344504 id=192 clt=2 wrkr=0 slot=6 size=41 src=worker:0 dst=client:2
event=resp_rdma_read ts_ns=3349368 id=159 start_ns=2694444 dur_ns=654924 clt=2 wrkr=11 slot=5 size=102408 src=worker:11 dst=client:2
event=req_send ts_ns=3349368 id=197 clt=2 wrkr=4 slot=8 size=17 src=client:2 dst=worker:4
event=hand_send ts_ns=3353151 id=192 clt=2 wrkr=0 slot=6 size=10 src=client:2 dst=worker:0
event=resp_recv_ud ts_ns=3354773 id=193 clt=2 wrkr=5 slot=3 size=41 src=worker:5 dst=client:2
event=hand_send ts_ns=3363420 id=193 clt=2 wrkr=5 slot=3 size=10 src=client:2 dst=worker:5
event=resp_recv_ud ts_ns=3384793 id=194 clt=2 wrkr=3 slot=3 size=41 src=worker:3 dst=client:2
event=hand_send ts_ns=3393440 id=194 clt=2 wrkr=3 slot=3 size=10 src=client:2 dst=worker:3
event=resp_rdma_read ts_ns=3406765 id=167 start_ns=2772847 dur_ns=633918 clt=2 wrkr=5 slot=2 size=102408 src=worker:5 dst=client:2
event=req_send ts_ns=3406765 id=203 clt=2 wrkr=9 slot=3 size=17 src=client:2 dst=worker:9
event=resp_recv_ud ts_ns=3411857 id=197 clt=2 wrkr=4 slot=8 size=41 src=worker:4 dst=client:2
event=hand_send ts_ns=3420504 id=197 clt=2 wrkr=4 slot=8 size=10 src=client:2 dst=worker:4
event=resp_recv_ud ts_ns=3471519 id=203 clt=2 wrkr=9 slot=3 size=41 src=worker:9 dst=client:2
event=resp_rdma_read ts_ns=3477477 id=170 start_ns=2830517 dur_ns=646960 clt=2 wrkr=11 slot=6 size=102408 src=worker:11 dst=client:2
event=req_send ts_ns=3477477 id=206 clt=2 wrkr=9 slot=4 size=17 src=client:2 dst=worker:9
event=hand_send ts_ns=3480166 id=203 clt=2 wrkr=9 slot=3 size=10 src=client:2 dst=worker:9
event=resp_rdma_read ts_ns=3483331 id=168 start_ns=2800371 dur_ns=682960 clt=2 wrkr=0 slot=4 size=102408 src=worker:0 dst=client:2
event=req_send ts_ns=3483331 id=208 clt=2 wrkr=6 slot=5 size=17 src=client:2 dst=worker:6
event=resp_recv_ud ts_ns=3546836 id=206 clt=2 wrkr=9 slot=4 size=41 src=worker:9 dst=client:2
event=resp_recv_ud ts_ns=3552343 id=208 clt=2 wrkr=6 slot=5 size=41 src=worker:6 dst=client:2
event=hand_send ts_ns=3555483 id=206 clt=2 wrkr=9 slot=4 size=10 src=client:2 dst=worker:9
event=resp_rdma_read ts_ns=3560165 id=174 start_ns=2915497 dur_ns=644668 clt=2 wrkr=2 slot=5 size=102408 src=worker:2 dst=client:2
event=req_send ts_ns=3560165 id=212 clt=2 wrkr=6 slot=6 size=17 src=client:2 dst=worker:6
event=hand_send ts_ns=3560990 id=208 clt=2 wrkr=6 slot=5 size=10 src=client:2 dst=worker:6
event=resp_rdma_read ts_ns=3629287 id=181 start_ns=3149750 dur_ns=479537 clt=2 wrkr=7 slot=4 size=102408 src=worker:7 dst=client:2
event=req_send ts_ns=3629287 id=217 clt=2 wrkr=6 slot=7 size=17 src=client:2 dst=worker:6
event=resp_recv_ud ts_ns=3631441 id=212 clt=2 wrkr=6 slot=6 size=41 src=worker:6 dst=client:2
event=hand_send ts_ns=3640088 id=212 clt=2 wrkr=6 slot=6 size=10 src=client:2 dst=worker:6
event=resp_rdma_read ts_ns=3647755 id=182 start_ns=3193953 dur_ns=453802 clt=2 wrkr=0 slot=5 size=102408 src=worker:0 dst=client:2
event=req_send ts_ns=3647755 id=218 clt=2 wrkr=0 slot=7 size=17 src=client:2 dst=worker:0
event=resp_rdma_read ts_ns=3675493 id=184 start_ns=3260501 dur_ns=414992 clt=2 wrkr=10 slot=5 size=102408 src=worker:10 dst=client:2
event=req_send ts_ns=3675493 id=220 clt=2 wrkr=7 slot=5 size=17 src=client:2 dst=worker:7
event=resp_recv_ud ts_ns=3700816 id=217 clt=2 wrkr=6 slot=7 size=41 src=worker:6 dst=client:2
event=hand_send ts_ns=3709463 id=217 clt=2 wrkr=6 slot=7 size=10 src=client:2 dst=worker:6
event=resp_recv_ud ts_ns=3717985 id=218 clt=2 wrkr=0 slot=7 size=41 src=worker:0 dst=client:2
event=hand_send ts_ns=3726632 id=218 clt=2 wrkr=0 slot=7 size=10 src=client:2 dst=worker:0
event=resp_recv_ud ts_ns=3745523 id=220 clt=2 wrkr=7 slot=5 size=41 src=worker:7 dst=client:2
event=hand_send ts_ns=3754170 id=220 clt=2 wrkr=7 slot=5 size=10 src=client:2 dst=worker:7
event=resp_rdma_read ts_ns=3760739 id=190 start_ns=3305645 dur_ns=455094 clt=2 wrkr=1 slot=6 size=102408 src=worker:1 dst=client:2
event=req_send ts_ns=3760739 id=226 clt=2 wrkr=2 slot=6 size=17 src=client:2 dst=worker:2
event=resp_rdma_read ts_ns=3806417 id=192 start_ns=3353151 dur_ns=453266 clt=2 wrkr=0 slot=6 size=102408 src=worker:0 dst=client:2
event=req_send ts_ns=3806417 id=228 clt=2 wrkr=10 slot=6 size=17 src=client:2 dst=worker:10
event=resp_recv_ud ts_ns=3832178 id=226 clt=2 wrkr=2 slot=6 size=41 src=worker:2 dst=client:2
event=hand_send ts_ns=3840825 id=226 clt=2 wrkr=2 slot=6 size=10 src=client:2 dst=worker:2
event=resp_rdma_read ts_ns=3843108 id=193 start_ns=3363420 dur_ns=479688 clt=2 wrkr=5 slot=3 size=102408 src=worker:5 dst=client:2
event=req_send ts_ns=3843108 id=229 clt=2 wrkr=6 slot=8 size=17 src=client:2 dst=worker:6
event=resp_recv_ud ts_ns=3878614 id=228 clt=2 wrkr=10 slot=6 size=41 src=worker:10 dst=client:2
event=resp_rdma_read ts_ns=3879913 id=194 start_ns=3393440 dur_ns=486473 clt=2 wrkr=3 slot=3 size=102408 src=worker:3 dst=client:2
event=req_send ts_ns=3879913 id=230 clt=2 wrkr=0 slot=8 size=17 src=client:2 dst=worker:0
event=hand_send ts_ns=3887261 id=228 clt=2 wrkr=10 slot=6 size=10 src=client:2 dst=worker:10
event=resp_recv_ud ts_ns=3915252 id=229 clt=2 wrkr=6 slot=8 size=41 src=worker:6 dst=client:2
event=hand_send ts_ns=3923899 id=229 clt=2 wrkr=6 slot=8 size=10 src=client:2 dst=worker:6
event=resp_rdma_read ts_ns=3949951 id=197 start_ns=3420504 dur_ns=529447 clt=2 wrkr=4 slot=8 size=102408 src=worker:4 dst=client:2
event=req_send ts_ns=3949951 id=233 clt=2 wrkr=0 slot=9 size=17 src=client:2 dst=worker:0
event=resp_recv_ud ts_ns=3951667 id=230 clt=2 wrkr=0 slot=8 size=41 src=worker:0 dst=client:2
event=hand_send ts_ns=3960314 id=230 clt=2 wrkr=0 slot=8 size=10 src=client:2 dst=worker:0
event=resp_recv_ud ts_ns=4020908 id=233 clt=2 wrkr=0 slot=9 size=41 src=worker:0 dst=client:2
event=hand_send ts_ns=4029555 id=233 clt=2 wrkr=0 slot=9 size=10 src=client:2 dst=worker:0
event=resp_rdma_read ts_ns=4106694 id=203 start_ns=3480166 dur_ns=626528 clt=2 wrkr=9 slot=3 size=102408 src=worker:9 dst=client:2
event=req_send ts_ns=4106694 id=239 clt=2 wrkr=8 slot=6 size=17 src=client:2 dst=worker:8
event=resp_recv_ud ts_ns=4176838 id=239 clt=2 wrkr=8 slot=6 size=41 src=worker:8 dst=client:2
event=resp_rdma_read ts_ns=4181599 id=206 start_ns=3555483 dur_ns=626116 clt=2 wrkr=9 slot=4 size=102408 src=worker:9 dst=client:2
event=req_send ts_ns=4181599 id=242 clt=2 wrkr=8 slot=7 size=17 src=client:2 dst=worker:8
event=hand_send ts_ns=4185485 id=239 clt=2 wrkr=8 slot=6 size=10 src=client:2 dst=worker:8
event=resp_rdma_read ts_ns=4240690 id=208 start_ns=3560990 dur_ns=679700 clt=2 wrkr=6 slot=5 size=102408 src=worker:6 dst=client:2
event=req_send ts_ns=4240690 id=246 clt=2 wrkr=0 slot=10 size=17 src=client:2 dst=worker:0
event=resp_rdma_read ts_ns=4246950 id=226 start_ns=3840825 dur_ns=406125 clt=2 wrkr=2 slot=6 size=102408 src=worker:2 dst=client:2
event=req_send ts_ns=4246950 id=247 clt=2 wrkr=8 slot=8 size=17 src=client:2 dst=worker:8
event=resp_recv_ud ts_ns=4252609 id=242 clt=2 wrkr=8 slot=7 size=41 src=worker:8 dst=client:2
event=hand_send ts_ns=4261256 id=242 clt=2 wrkr=8 slot=7 size=10 src=client:2 dst=worker:8
event=resp_rdma_read ts_ns=4298247 id=212 start_ns=3640088 dur_ns=658159 clt=2 wrkr=6 slot=6 size=102408 src=worker:6 dst=client:2
event=req_send ts_ns=4298247 id=251 clt=2 wrkr=11 slot=7 size=17 src=client:2 dst=worker:11
event=resp_recv_ud ts_ns=4311938 id=246 clt=2 wrkr=0 slot=10 size=41 src=worker:0 dst=client:2
event=resp_recv_ud ts_ns=4317944 id=247 clt=2 wrkr=8 slot=8 size=41 src=worker:8 dst=client:2
event=hand_send ts_ns=4320585 id=246 clt=2 wrkr=0 slot=10 size=10 src=client:2 dst=worker:0
event=hand_send ts_ns=4326591 id=247 clt=2 wrkr=8 slot=8 size=10 src=client:2 dst=worker:8
event=resp_rdma_read ts_ns=4346547 id=217 start_ns=3709463 dur_ns=637084 clt=2 wrkr=6 slot=7 size=102408 src=worker:6 dst=client:2
event=req_send ts_ns=4346547 id=256 clt=2 wrkr=10 slot=7 size=17 src=client:2 dst=worker:10
event=resp_recv_ud ts_ns=4367252 id=251 clt=2 wrkr=11 slot=7 size=41 src=worker:11 dst=client:2
event=hand_send ts_ns=4375899 id=251 clt=2 wrkr=11 slot=7 size=10 src=client:2 dst=worker:11
event=resp_rdma_read ts_ns=4383858 id=218 start_ns=3726632 dur_ns=657226 clt=2 wrkr=0 slot=7 size=102408 src=worker:0 dst=client:2
event=req_send ts_ns=4383858 id=257 clt=2 wrkr=7 slot=6 size=17 src=client:2 dst=worker:7
event=resp_rdma_read ts_ns=4411869 id=220 start_ns=3754170 dur_ns=657699 clt=2 wrkr=7 slot=5 size=102408 src=worker:7 dst=client:2
event=req_send ts_ns=4411869 id=258 clt=2 wrkr=3 slot=4 size=17 src=client:2 dst=worker:3
event=resp_recv_ud ts_ns=4416997 id=256 clt=2 wrkr=10 slot=7 size=41 src=worker:10 dst=client:2
event=hand_send ts_ns=4425644 id=256 clt=2 wrkr=10 slot=7 size=10 src=client:2 dst=worker:10
event=resp_recv_ud ts_ns=4454936 id=257 clt=2 wrkr=7 slot=6 size=41 src=worker:7 dst=client:2
event=hand_send ts_ns=4463583 id=257 clt=2 wrkr=7 slot=6 size=10 src=client:2 dst=worker:7
event=resp_recv_ud ts_ns=4483008 id=258 clt=2 wrkr=3 slot=4 size=41 src=worker:3 dst=client:2
event=hand_send ts_ns=4491655 id=258 clt=2 wrkr=3 slot=4 size=10 src=client:2 dst=worker:3
event=resp_rdma_read ts_ns=4545512 id=228 start_ns=3887261 dur_ns=658251 clt=2 wrkr=10 slot=6 size=102408 src=worker:10 dst=client:2
event=req_send ts_ns=4545512 id=264 clt=2 wrkr=4 slot=9 size=17 src=client:2 dst=worker:4
event=resp_rdma_read ts_ns=4593266 id=229 start_ns=3923899 dur_ns=669367 clt=2 wrkr=6 slot=8 size=102408 src=worker:6 dst=client:2
event=req_send ts_ns=4593266 id=265 clt=2 wrkr=1 slot=7 size=17 src=client:2 dst=worker:1
event=resp_recv_ud ts_ns=4615964 id=264 clt=2 wrkr=4 slot=9 size=41 src=worker:4 dst=client:2
event=hand_send ts_ns=4624611 id=264 clt=2 wrkr=4 slot=9 size=10 src=client:2 dst=worker:4
event=resp_rdma_read ts_ns=4640265 id=230 start_ns=3960314 dur_ns=679951 clt=2 wrkr=0 slot=8 size=102408 src=worker:0 dst=client:2
event=req_send ts_ns=4640265 id=267 clt=2 wrkr=2 slot=7 size=17 src=client:2 dst=worker:2
event=resp_recv_ud ts_ns=4664491 id=265 clt=2 wrkr=1 slot=7 size=41 src=worker:1 dst=client:2
event=hand_send ts_ns=4673138 id=265 clt=2 wrkr=1 slot=7 size=10 src=client:2 dst=worker:1
event=resp_rdma_read ts_ns=4686894 id=233 start_ns=4029555 dur_ns=657339 clt=2 wrkr=0 slot=9 size=102408 src=worker:0 dst=client:2
event=req_send ts_ns=4686894 id=270 clt=2 wrkr=0 slot=11 size=17 src=client:2 dst=worker:0
event=resp_recv_ud ts_ns=4711608 id=267 clt=2 wrkr=2 slot=7 size=41 src=worker:2 dst=client:2
event=hand_send ts_ns=4720255 id=267 clt=2 wrkr=2 slot=7 size=10 src=client:2 dst=worker:2
event=resp_recv_ud ts_ns=4758749 id=270 clt=2 wrkr=0 slot=11 size=41 src=worker:0 dst=client:2
event=hand_send ts_ns=4767396 id=270 clt=2 wrkr=0 slot=11 size=10 src=client:2 dst=worker:0
event=resp_rdma_read ts_ns=4808451 id=239 start_ns=4185485 dur_ns=622966 clt=2 wrkr=8 slot=6 size=102408 src=worker:8 dst=client:2
event=req_send ts_ns=4808451 id=275 clt=2 wrkr=2 slot=8 size=17 src=client:2 dst=worker:2
event=resp_recv_ud ts_ns=4879557 id=275 clt=2 wrkr=2 slot=8 size=41 src=worker:2 dst=client:2
event=hand_send ts_ns=4888204 id=275 clt=2 wrkr=2 slot=8 size=10 src=client:2 dst=worker:2
event=resp_rdma_read ts_ns=4903925 id=242 start_ns=4261256 dur_ns=642669 clt=2 wrkr=8 slot=7 size=102408 src=worker:8 dst=client:2
event=req_send ts_ns=4903925 id=279 clt=2 wrkr=8 slot=9 size=17 src=client:2 dst=worker:8
event=resp_rdma_read ts_ns=4927205 id=246 start_ns=4320585 dur_ns=606620 clt=2 wrkr=0 slot=10 size=102408 src=worker:0 dst=client:2
event=req_send ts_ns=4927205 id=282 clt=2 wrkr=1 slot=8 size=17 src=client:2 dst=worker:1
event=resp_rdma_read ts_ns=4953777 id=247 start_ns=4326591 dur_ns=627186 clt=2 wrkr=8 slot=8 size=102408 src=worker:8 dst=client:2
event=req_send ts_ns=4953777 id=283 clt=2 wrkr=2 slot=9 size=17 src=client:2 dst=worker:2
event=resp_recv_ud ts_ns=4975826 id=279 clt=2 wrkr=8 slot=9 size=41 src=worker:8 dst=client:2
event=hand_send ts_ns=4984473 id=279 clt=2 wrkr=8 slot=9 size=10 src=client:2 dst=worker:8
event=resp_recv_ud ts_ns=4997879 id=282 clt=2 wrkr=1 slot=8 size=41 src=worker:1 dst=client:2
event=hand_send ts_ns=5006526 id=282 clt=2 wrkr=1 slot=8 size=10 src=client:2 dst=worker:1
event=resp_rdma_read ts_ns=5023183 id=251 start_ns=4375899 dur_ns=647284 clt=2 wrkr=11 slot=7 size=102408 src=worker:11 dst=client:2
event=req_send ts_ns=5023183 id=287 clt=2 wrkr=1 slot=9 size=17 src=client:2 dst=worker:1
event=resp_recv_ud ts_ns=5025083 id=283 clt=2 wrkr=2 slot=9 size=41 src=worker:2 dst=client:2
event=hand_send ts_ns=5033730 id=283 clt=2 wrkr=2 slot=9 size=10 src=client:2 dst=worker:2
event=resp_recv_ud ts_ns=5093622 id=287 clt=2 wrkr=1 slot=9 size=41 src=worker:1 dst=client:2
event=hand_send ts_ns=5102269 id=287 clt=2 wrkr=1 slot=9 size=10 src=client:2 dst=worker:1
event=resp_rdma_read ts_ns=5103020 id=256 start_ns=4425644 dur_ns=677376 clt=2 wrkr=10 slot=7 size=102408 src=worker:10 dst=client:2
event=req_send ts_ns=5103020 id=292 clt=2 wrkr=1 slot=10 size=17 src=client:2 dst=worker:1
event=resp_rdma_read ts_ns=5132054 id=258 start_ns=4491655 dur_ns=640399 clt=2 wrkr=3 slot=4 size=102408 src=worker:3 dst=client:2
event=req_send ts_ns=5132054 id=294 clt=2 wrkr=8 slot=10 size=17 src=client:2 dst=worker:8
event=resp_rdma_read ts_ns=5156543 id=257 start_ns=4463583 dur_ns=692960 clt=2 wrkr=7 slot=6 size=102408 src=worker:7 dst=client:2
event=req_send ts_ns=5156543 id=296 clt=2 wrkr=10 slot=8 size=17 src=client:2 dst=worker:10
event=resp_recv_ud ts_ns=5174419 id=292 clt=2 wrkr=1 slot=10 size=41 src=worker:1 dst=client:2
event=hand_send ts_ns=5183066 id=292 clt=2 wrkr=1 slot=10 size=10 src=client:2 dst=worker:1
event=resp_recv_ud ts_ns=5202553 id=294 clt=2 wrkr=8 slot=10 size=41 src=worker:8 dst=client:2
event=hand_send ts_ns=5211200 id=294 clt=2 wrkr=8 slot=10 size=10 src=client:2 dst=worker:8
event=resp_rdma_read ts_ns=5216798 id=267 start_ns=4720255 dur_ns=496543 clt=2 wrkr=2 slot=7 size=102408 src=worker:2 dst=client:2
event=req_send ts_ns=5216798 id=299 clt=2 wrkr=3 slot=5 size=17 src=client:2 dst=worker:3
event=resp_recv_ud ts_ns=5226934 id=296 clt=2 wrkr=10 slot=8 size=41 src=worker:10 dst=client:2
event=hand_send ts_ns=5235581 id=296 clt=2 wrkr=10 slot=8 size=10 src=client:2 dst=worker:10
event=resp_recv_ud ts_ns=5288100 id=299 clt=2 wrkr=3 slot=5 size=41 src=worker:3 dst=client:2
event=resp_rdma_read ts_ns=5288641 id=264 start_ns=4624611 dur_ns=664030 clt=2 wrkr=4 slot=9 size=102408 src=worker:4 dst=client:2
event=req_send ts_ns=5288641 id=302 clt=2 wrkr=3 slot=6 size=17 src=client:2 dst=worker:3
event=hand_send ts_ns=5296747 id=299 clt=2 wrkr=3 slot=5 size=10 src=client:2 dst=worker:3
event=resp_rdma_read ts_ns=5323559 id=265 start_ns=4673138 dur_ns=650421 clt=2 wrkr=1 slot=7 size=102408 src=worker:1 dst=client:2
event=req_send ts_ns=5323559 id=303 clt=2 wrkr=10 slot=9 size=17 src=client:2 dst=worker:10
event=resp_recv_ud ts_ns=5360470 id=302 clt=2 wrkr=3 slot=6 size=41 src=worker:3 dst=client:2
event=hand_send ts_ns=5369117 id=302 clt=2 wrkr=3 slot=6 size=10 src=client:2 dst=worker:3
event=resp_recv_ud ts_ns=5395322 id=303 clt=2 wrkr=10 slot=9 size=41 src=worker:10 dst=client:2
event=hand_send ts_ns=5403969 id=303 clt=2 wrkr=10 slot=9 size=10 src=client:2 dst=worker:10
event=resp_rdma_read ts_ns=5447457 id=270 start_ns=4767396 dur_ns=680061 clt=2 wrkr=0 slot=11 size=102408 src=worker:0 dst=client:2
event=req_send ts_ns=5447457 id=306 clt=2 wrkr=4 slot=10 size=17 src=client:2 dst=worker:4
event=resp_recv_ud ts_ns=5516213 id=306 clt=2 wrkr=4 slot=10 size=41 src=worker:4 dst=client:2
event=hand_send ts_ns=5524860 id=306 clt=2 wrkr=4 slot=10 size=10 src=client:2 dst=worker:4
event=resp_rdma_read ts_ns=5541034 id=275 start_ns=4888204 dur_ns=652830 clt=2 wrkr=2 slot=8 size=102408 src=worker:2 dst=client:2
event=req_send ts_ns=5541034 id=311 clt=2 wrkr=1 slot=11 size=17 src=client:2 dst=worker:1
event=resp_recv_ud ts_ns=5612975 id=311 clt=2 wrkr=1 slot=11 size=41 src=worker:1 dst=client:2
event=hand_send ts_ns=5621622 id=311 clt=2 wrkr=1 slot=11 size=10 src=client:2 dst=worker:1
event=resp_rdma_read ts_ns=5621885 id=279 start_ns=4984473 dur_ns=637412 clt=2 wrkr=8 slot=9 size=102408 src=worker:8 dst=client:2
event=req_send ts_ns=5621885 id=314 clt=2 wrkr=3 slot=7 size=17 src=client:2 dst=worker:3
event=resp_rdma_read ts_ns=5681286 id=283 start_ns=5033730 dur_ns=647556 clt=2 wrkr=2 slot=9 size=102408 src=worker:2 dst=client:2
event=req_send ts_ns=5681286 id=319 clt=2 wrkr=6 slot=9 size=17 src=client:2 dst=worker:6
event=resp_rdma_read ts_ns=5684235 id=282 start_ns=5006526 dur_ns=677709 clt=2 wrkr=1 slot=8 size=102408 src=worker:1 dst=client:2
event=req_send ts_ns=5684235 id=320 clt=2 wrkr=11 slot=8 size=17 src=client:2 dst=worker:11
event=resp_recv_ud ts_ns=5694097 id=314 clt=2 wrkr=3 slot=7 size=41 src=worker:3 dst=client:2
event=hand_send ts_ns=5702744 id=314 clt=2 wrkr=3 slot=7 size=10 src=client:2 dst=worker:3
event=resp_recv_ud ts_ns=5752334 id=319 clt=2 wrkr=6 slot=9 size=41 src=worker:6 dst=client:2
event=resp_recv_ud ts_ns=5754804 id=320 clt=2 wrkr=11 slot=8 size=41 src=worker:11 dst=client:2
event=hand_send ts_ns=5760981 id=319 clt=2 wrkr=6 slot=9 size=10 src=client:2 dst=worker:6
event=hand_send ts_ns=5763451 id=320 clt=2 wrkr=11 slot=8 size=10 src=client:2 dst=worker:11
event=resp_rdma_read ts_ns=5769944 id=287 start_ns=5102269 dur_ns=667675 clt=2 wrkr=1 slot=9 size=102408 src=worker:1 dst=client:2
event=req_send ts_ns=5769944 id=326 clt=2 wrkr=6 slot=10 size=17 src=client:2 dst=worker:6
event=resp_rdma_read ts_ns=5822089 id=292 start_ns=5183066 dur_ns=639023 clt=2 wrkr=1 slot=10 size=102408 src=worker:1 dst=client:2
event=req_send ts_ns=5822089 id=327 clt=2 wrkr=7 slot=7 size=17 src=client:2 dst=worker:7
event=resp_recv_ud ts_ns=5841053 id=326 clt=2 wrkr=6 slot=10 size=41 src=worker:6 dst=client:2
event=hand_send ts_ns=5849700 id=326 clt=2 wrkr=6 slot=10 size=10 src=client:2 dst=worker:6
event=resp_rdma_read ts_ns=5860934 id=296 start_ns=5235581 dur_ns=625353 clt=2 wrkr=10 slot=8 size=102408 src=worker:10 dst=client:2
event=req_send ts_ns=5860934 id=330 clt=2 wrkr=7 slot=8 size=17 src=client:2 dst=worker:7
event=resp_recv_ud ts_ns=5893136 id=327 clt=2 wrkr=7 slot=7 size=41 src=worker:7 dst=client:2
event=hand_send ts_ns=5901783 id=327 clt=2 wrkr=7 slot=7 size=10 src=client:2 dst=worker:7
event=resp_rdma_read ts_ns=5903717 id=294 start_ns=5211200 dur_ns=692517 clt=2 wrkr=8 slot=10 size=102408 src=worker:8 dst=client:2
event=req_send ts_ns=5903717 id=333 clt=2 wrkr=6 slot=11 size=17 src=client:2 dst=worker:6
event=resp_recv_ud ts_ns=5932387 id=330 clt=2 wrkr=7 slot=8 size=41 src=worker:7 dst=client:2
event=hand_send ts_ns=5941034 id=330 clt=2 wrkr=7 slot=8 size=10 src=client:2 dst=worker:7
event=resp_recv_ud ts_ns=5975520 id=333 clt=2 wrkr=6 slot=11 size=41 src=worker:6 dst=client:2
event=resp_rdma_read ts_ns=5980472 id=302 start_ns=5369117 dur_ns=611355 clt=2 wrkr=3 slot=6 size=102408 src=worker:3 dst=client:2
event=req_send ts_ns=5980472 id=338 clt=2 wrkr=8 slot=11 size=17 src=client:2 dst=worker:8
event=hand_send ts_ns=5984167 id=333 clt=2 wrkr=6 slot=11 size=10 src=client:2 dst=worker:6
event=resp_rdma_read ts_ns=5989091 id=299 start_ns=5296747 dur_ns=692344 clt=2 wrkr=3 slot=5 size=102408 src=worker:3 dst=client:2
event=req_send ts_ns=5989091 id=339 clt=2 wrkr=5 slot=4 size=17 src=client:2 dst=worker:5
event=resp_recv_ud ts_ns=6051858 id=338 clt=2 wrkr=8 slot=11 size=41 src=worker:8 dst=client:2
event=resp_recv_ud ts_ns=6060281 id=339 clt=2 wrkr=5 slot=4 size=41 src=worker:5 dst=client:2
event=hand_send ts_ns=6060505 id=338 clt=2 wrkr=8 slot=11 size=10 src=client:2 dst=worker:8
event=hand_send ts_ns=6068928 id=339 clt=2 wrkr=5 slot=4 size=10 src=client:2 dst=worker:5
event=resp_rdma_read ts_ns=6070437 id=303 start_ns=5403969 dur_ns=666468 clt=2 wrkr=10 slot=9 size=102408 src=worker:10 dst=client:2
event=req_send ts_ns=6070437 id=340 clt=2 wrkr=0 slot=0 size=17 src=client:2 dst=worker:0
event=resp_rdma_read ts_ns=6123597 id=311 start_ns=5621622 dur_ns=501975 clt=2 wrkr=1 slot=11 size=102408 src=worker:1 dst=client:2
event=req_send ts_ns=6123597 id=343 clt=2 wrkr=11 slot=9 size=17 src=client:2 dst=worker:11
event=resp_recv_ud ts_ns=6142564 id=340 clt=2 wrkr=0 slot=0 size=41 src=worker:0 dst=client:2
event=hand_send ts_ns=6151211 id=340 clt=2 wrkr=0 slot=0 size=10 src=client:2 dst=worker:0
event=resp_rdma_read ts_ns=6192115 id=306 start_ns=5524860 dur_ns=667255 clt=2 wrkr=4 slot=10 size=102408 src=worker:4 dst=client:2
event=req_send ts_ns=6192115 id=345 clt=2 wrkr=10 slot=10 size=17 src=client:2 dst=worker:10
event=resp_recv_ud ts_ns=6194480 id=343 clt=2 wrkr=11 slot=9 size=41 src=worker:11 dst=client:2
event=hand_send ts_ns=6203127 id=343 clt=2 wrkr=11 slot=9 size=10 src=client:2 dst=worker:11
event=resp_recv_ud ts_ns=6264042 id=345 clt=2 wrkr=10 slot=10 size=41 src=worker:10 dst=client:2
event=hand_send ts_ns=6272689 id=345 clt=2 wrkr=10 slot=10 size=10 src=client:2 dst=worker:10
event=resp_rdma_read ts_ns=6319864 id=314 start_ns=5702744 dur_ns=617120 clt=2 wrkr=3 slot=7 size=102408 src=worker:3 dst=client:2
event=req_send ts_ns=6319864 id=350 clt=2 wrkr=2 slot=10 size=17 src=client:2 dst=worker:2
event=resp_rdma_read ts_ns=6388856 id=319 start_ns=5760981 dur_ns=627875 clt=2 wrkr=6 slot=9 size=102408 src=worker:6 dst=client:2
event=req_send ts_ns=6388856 id=354 clt=2 wrkr=11 slot=10 size=17 src=client:2 dst=worker:11
event=resp_recv_ud ts_ns=6391291 id=350 clt=2 wrkr=2 slot=10 size=41 src=worker:2 dst=client:2
event=hand_send ts_ns=6399938 id=350 clt=2 wrkr=2 slot=10 size=10 src=client:2 dst=worker:2
event=resp_rdma_read ts_ns=6429092 id=320 start_ns=5763451 dur_ns=665641 clt=2 wrkr=11 slot=8 size=102408 src=worker:11 dst=client:2
event=req_send ts_ns=6429092 id=356 clt=2 wrkr=0 slot=1 size=17 src=client:2 dst=worker:0
event=resp_recv_ud ts_ns=6460100 id=354 clt=2 wrkr=11 slot=10 size=41 src=worker:11 dst=client:2
event=hand_send ts_ns=6468747 id=354 clt=2 wrkr=11 slot=10 size=10 src=client:2 dst=worker:11
event=resp_recv_ud ts_ns=6500573 id=356 clt=2 wrkr=0 slot=1 size=41 src=worker:0 dst=client:2
event=hand_send ts_ns=6509220 id=356 clt=2 wrkr=0 slot=1 size=10 src=client:2 dst=worker:0
event=resp_rdma_read ts_ns=6519114 id=326 start_ns=5849700 dur_ns=669414 clt=2 wrkr=6 slot=10 size=102408 src=worker:6 dst=client:2
event=req_send ts_ns=6519114 id=362 clt=2 wrkr=2 slot=11 size=17 src=client:2 dst=worker:2
event=resp_rdma_read ts_ns=6533800 id=327 start_ns=5901783 dur_ns=632017 clt=2 wrkr=7 slot=7 size=102408 src=worker:7 dst=client:2
event=req_send ts_ns=6533800 id=363 clt=2 wrkr=1 slot=0 size=17 src=client:2 dst=worker:1
event=resp_rdma_read ts_ns=6577324 id=338 start_ns=6060505 dur_ns=516819 clt=2 wrkr=8 slot=11 size=102408 src=worker:8 dst=client:2
event=req_send ts_ns=6577324 id=364 clt=2 wrkr=0 slot=2 size=17 src=client:2 dst=worker:0
event=resp_rdma_read ts_ns=6586040 id=330 start_ns=5941034 dur_ns=645006 clt=2 wrkr=7 slot=8 size=102408 src=worker:7 dst=client:2
event=req_send ts_ns=6586040 id=365 clt=2 wrkr=7 slot=9 size=17 src=client:2 dst=worker:7
event=resp_recv_ud ts_ns=6590740 id=362 clt=2 wrkr=2 slot=11 size=41 src=worker:2 dst=client:2
event=hand_send ts_ns=6599387 id=362 clt=2 wrkr=2 slot=11 size=10 src=client:2 dst=worker:2
event=resp_recv_ud ts_ns=6604556 id=363 clt=2 wrkr=1 slot=0 size=41 src=worker:1 dst=client:2
event=hand_send ts_ns=6613203 id=363 clt=2 wrkr=1 slot=0 size=10 src=client:2 dst=worker:1
event=resp_rdma_read ts_ns=6622093 id=333 start_ns=5984167 dur_ns=637926 clt=2 wrkr=6 slot=11 size=102408 src=worker:6 dst=client:2
event=req_send ts_ns=6622093 id=369 clt=2 wrkr=5 slot=5 size=17 src=client:2 dst=worker:5
event=resp_recv_ud ts_ns=6648100 id=364 clt=2 wrkr=0 slot=2 size=41 src=worker:0 dst=client:2
event=resp_recv_ud ts_ns=6656638 id=365 clt=2 wrkr=7 slot=9 size=41 src=worker:7 dst=client:2
event=hand_send ts_ns=6656747 id=364 clt=2 wrkr=0 slot=2 size=10 src=client:2 dst=worker:0
event=hand_send ts_ns=6665285 id=365 clt=2 wrkr=7 slot=9 size=10 src=client:2 dst=worker:7
event=resp_rdma_read ts_ns=6692631 id=339 start_ns=6068928 dur_ns=623703 clt=2 wrkr=5 slot=4 size=102408 src=worker:5 dst=client:2
event=req_send ts_ns=6692631 id=372 clt=2 wrkr=5 slot=6 size=17 src=client:2 dst=worker:5
event=resp_recv_ud ts_ns=6693583 id=369 clt=2 wrkr=5 slot=5 size=41 src=worker:5 dst=client:2
event=hand_send ts_ns=6702230 id=369 clt=2 wrkr=5 slot=5 size=10 src=client:2 dst=worker:5
event=resp_recv_ud ts_ns=6763295 id=372 clt=2 wrkr=5 slot=6 size=41 src=worker:5 dst=client:2
event=hand_send ts_ns=6771942 id=372 clt=2 wrkr=5 slot=6 size=10 src=client:2 dst=worker:5
event=resp_rdma_read ts_ns=6820513 id=340 start_ns=6151211 dur_ns=669302 clt=2 wrkr=0 slot=0 size=102408 src=worker:0 dst=client:2
event=req_send ts_ns=6820513 id=379 clt=2 wrkr=5 slot=7 size=17 src=client:2 dst=worker:5
event=resp_recv_ud ts_ns=6891912 id=379 clt=2 wrkr=5 slot=7 size=41 src=worker:5 dst=client:2
event=hand_send ts_ns=6900559 id=379 clt=2 wrkr=5 slot=7 size=10 src=client:2 dst=worker:5
event=resp_rdma_read ts_ns=6911502 id=343 start_ns=6203127 dur_ns=708375 clt=2 wrkr=11 slot=9 size=102408 src=worker:11 dst=client:2
event=req_send ts_ns=6911502 id=380 clt=2 wrkr=4 slot=11 size=17 src=client:2 dst=worker:4
event=resp_rdma_read ts_ns=6922616 id=345 start_ns=6272689 dur_ns=649927 clt=2 wrkr=10 slot=10 size=102408 src=worker:10 dst=client:2
event=req_send ts_ns=6922616 id=381 clt=2 wrkr=6 slot=0 size=17 src=client:2 dst=worker:6
event=resp_recv_ud ts_ns=6979352 id=380 clt=2 wrkr=4 slot=11 size=41 src=worker:4 dst=client:2
event=hand_send ts_ns=6987999 id=380 clt=2 wrkr=4 slot=11 size=10 src=client:2 dst=worker:4
event=resp_recv_ud ts_ns=6993457 id=381 clt=2 wrkr=6 slot=0 size=41 src=worker:6 dst=client:2
event=hand_send ts_ns=7002104 id=381 clt=2 wrkr=6 slot=0 size=10 src=client:2 dst=worker:6
event=resp_rdma_read ts_ns=7079186 id=350 start_ns=6399938 dur_ns=679248 clt=2 wrkr=2 slot=10 size=102408 src=worker:2 dst=client:2
event=req_send ts_ns=7079186 id=387 clt=2 wrkr=3 slot=8 size=17 src=client:2 dst=worker:3
event=resp_rdma_read ts_ns=7113059 id=354 start_ns=6468747 dur_ns=644312 clt=2 wrkr=11 slot=10 size=102408 src=worker:11 dst=client:2
event=req_send ts_ns=7113059 id=390 clt=2 wrkr=0 slot=3 size=17 src=client:2 dst=worker:0
event=resp_recv_ud ts_ns=7150509 id=387 clt=2 wrkr=3 slot=8 size=41 src=worker:3 dst=client:2
event=hand_send ts_ns=7159156 id=387 clt=2 wrkr=3 slot=8 size=10 src=client:2 dst=worker:3
event=resp_rdma_read ts_ns=7163088 id=356 start_ns=6509220 dur_ns=653868 clt=2 wrkr=0 slot=1 size=102408 src=worker:0 dst=client:2
event=req_send ts_ns=7163088 id=392 clt=2 wrkr=10 slot=11 size=17 src=client:2 dst=worker:10
event=resp_recv_ud ts_ns=7184480 id=390 clt=2 wrkr=0 slot=3 size=41 src=worker:0 dst=client:2
event=hand_send ts_ns=7193127 id=390 clt=2 wrkr=0 slot=3 size=10 src=client:2 dst=worker:0
event=resp_recv_ud ts_ns=7235183 id=392 clt=2 wrkr=10 slot=11 size=41 src=worker:10 dst=client:2
event=resp_rdma_read ts_ns=7236148 id=362 start_ns=6599387 dur_ns=636761 clt=2 wrkr=2 slot=11 size=102408 src=worker:2 dst=client:2
event=req_send ts_ns=7236148 id=397 clt=2 wrkr=3 slot=9 size=17 src=client:2 dst=worker:3
event=hand_send ts_ns=7243830 id=392 clt=2 wrkr=10 slot=11 size=10 src=client:2 dst=worker:10
event=resp_rdma_read ts_ns=7257091 id=363 start_ns=6613203 dur_ns=643888 clt=2 wrkr=1 slot=0 size=102408 src=worker:1 dst=client:2
event=req_send ts_ns=7257091 id=399 clt=2 wrkr=0 slot=4 size=17 src=client:2 dst=worker:0
event=resp_rdma_read ts_ns=7272216 id=364 start_ns=6656747 dur_ns=615469 clt=2 wrkr=0 slot=2 size=102408 src=worker:0 dst=client:2
event=req_send ts_ns=7272216 id=400 clt=2 wrkr=10 slot=0 size=17 src=client:2 dst=worker:10
event=resp_recv_ud ts_ns=7307255 id=397 clt=2 wrkr=3 slot=9 size=41 src=worker:3 dst=client:2
event=hand_send ts_ns=7315902 id=397 clt=2 wrkr=3 slot=9 size=10 src=client:2 dst=worker:3
event=resp_recv_ud ts_ns=7328376 id=399 clt=2 wrkr=0 slot=4 size=41 src=worker:0 dst=client:2
event=resp_rdma_read ts_ns=7336478 id=365 start_ns=6665285 dur_ns=671193 clt=2 wrkr=7 slot=9 size=102408 src=worker:7 dst=client:2
event=req_send ts_ns=7336478 id=402 clt=2 wrkr=9 slot=5 size=17 src=client:2 dst=worker:9
event=hand_send ts_ns=7337023 id=399 clt=2 wrkr=0 slot=4 size=10 src=client:2 dst=worker:0
event=resp_recv_ud ts_ns=7343304 id=400 clt=2 wrkr=10 slot=0 size=41 src=worker:10 dst=client:2
event=hand_send ts_ns=7351951 id=400 clt=2 wrkr=10 slot=0 size=10 src=client:2 dst=worker:10
event=resp_rdma_read ts_ns=7372169 id=369 start_ns=6702230 dur_ns=669939 clt=2 wrkr=5 slot=5 size=102408 src=worker:5 dst=client:2
event=req_send ts_ns=7372169 id=405 clt=2 wrkr=3 slot=10 size=17 src=client:2 dst=worker:3
event=resp_rdma_read ts_ns=7400327 id=372 start_ns=6771942 dur_ns=628385 clt=2 wrkr=5 slot=6 size=102408 src=worker:5 dst=client:2
event=req_send ts_ns=7400327 id=408 clt=2 wrkr=1 slot=1 size=17 src=client:2 dst=worker:1
event=resp_recv_ud ts_ns=7408197 id=402 clt=2 wrkr=9 slot=5 size=41 src=worker:9 dst=client:2
event=hand_send ts_ns=7416844 id=402 clt=2 wrkr=9 slot=5 size=10 src=client:2 dst=worker:9
event=resp_recv_ud ts_ns=7444205 id=405 clt=2 wrkr=3 slot=10 size=41 src=worker:3 dst=client:2
event=hand_send ts_ns=7452852 id=405 clt=2 wrkr=3 slot=10 size=10 src=client:2 dst=worker:3
event=resp_recv_ud ts_ns=7470351 id=408 clt=2 wrkr=1 slot=1 size=41 src=worker:1 dst=client:2
event=hand_send ts_ns=7478998 id=408 clt=2 wrkr=1 slot=1 size=10 src=client:2 dst=worker:1
event=resp_rdma_read ts_ns=7507143 id=379 start_ns=6900559 dur_ns=606584 clt=2 wrkr=5 slot=7 size=102408 src=worker:5 dst=client:2
event=req_send ts_ns=7507143 id=413 clt=2 wrkr=2 slot=0 size=17 src=client:2 dst=worker:2
event=resp_rdma_read ts_ns=7507699 id=380 start_ns=6987999 dur_ns=519700 clt=2 wrkr=4 slot=11 size=102408 src=worker:4 dst=client:2
event=req_send ts_ns=7507699 id=414 clt=2 wrkr=6 slot=1 size=17 src=client:2 dst=worker:6
event=resp_recv_ud ts_ns=7578939 id=413 clt=2 wrkr=2 slot=0 size=41 src=worker:2 dst=client:2
event=resp_recv_ud ts_ns=7579070 id=414 clt=2 wrkr=6 slot=1 size=41 src=worker:6 dst=client:2
event=hand_send ts_ns=7587586 id=413 clt=2 wrkr=2 slot=0 size=10 src=client:2 dst=worker:2
event=hand_send ts_ns=7587717 id=414 clt=2 wrkr=6 slot=1 size=10 src=client:2 dst=worker:6
event=resp_rdma_read ts_ns=7613743 id=381 start_ns=7002104 dur_ns=611639 clt=2 wrkr=6 slot=0 size=102408 src=worker:6 dst=client:2
event=req_send ts_ns=7613743 id=417 clt=2 wrkr=4 slot=0 size=17 src=client:2 dst=worker:4
event=resp_rdma_read ts_ns=7647827 id=387 start_ns=7159156 dur_ns=488671 clt=2 wrkr=3 slot=8 size=102408 src=worker:3 dst=client:2
event=req_send ts_ns=7647827 id=418 clt=2 wrkr=5 slot=8 size=17 src=client:2 dst=worker:5
event=resp_recv_ud ts_ns=7685580 id=417 clt=2 wrkr=4 slot=0 size=41 src=worker:4 dst=client:2
event=hand_send ts_ns=7694227 id=417 clt=2 wrkr=4 slot=0 size=10 src=client:2 dst=worker:4
event=resp_recv_ud ts_ns=7718286 id=418 clt=2 wrkr=5 slot=8 size=41 src=worker:5 dst=client:2
event=hand_send ts_ns=7726933 id=418 clt=2 wrkr=5 slot=8 size=10 src=client:2 dst=worker:5
event=resp_rdma_read ts_ns=7837647 id=390 start_ns=7193127 dur_ns=644520 clt=2 wrkr=0 slot=3 size=102408 src=worker:0 dst=client:2
event=req_send ts_ns=7837647 id=424 clt=2 wrkr=11 slot=11 size=17 src=client:2 dst=worker:11
event=resp_rdma_read ts_ns=7899566 id=392 start_ns=7243830 dur_ns=655736 clt=2 wrkr=10 slot=11 size=102408 src=worker:10 dst=client:2
event=req_send ts_ns=7899566 id=428 clt=2 wrkr=5 slot=9 size=17 src=client:2 dst=worker:5
event=resp_recv_ud ts_ns=7905359 id=424 clt=2 wrkr=11 slot=11 size=41 src=worker:11 dst=client:2
event=hand_send ts_ns=7914006 id=424 clt=2 wrkr=11 slot=11 size=10 src=client:2 dst=worker:11
event=resp_rdma_read ts_ns=7941566 id=397 start_ns=7315902 dur_ns=625664 clt=2 wrkr=3 slot=9 size=102408 src=worker:3 dst=client:2
event=req_send ts_ns=7941566 id=432 clt=2 wrkr=8 slot=0 size=17 src=client:2 dst=worker:8
event=resp_rdma_read ts_ns=7963769 id=399 start_ns=7337023 dur_ns=626746 clt=2 wrkr=0 slot=4 size=102408 src=worker:0 dst=client:2
event=req_send ts_ns=7963769 id=433 clt=2 wrkr=6 slot=2 size=17 src=client:2 dst=worker:6
event=resp_recv_ud ts_ns=7971149 id=428 clt=2 wrkr=5 slot=9 size=41 src=worker:5 dst=client:2
event=hand_send ts_ns=7979796 id=428 clt=2 wrkr=5 slot=9 size=10 src=client:2 dst=worker:5
event=resp_rdma_read ts_ns=8010163 id=400 start_ns=7351951 dur_ns=658212 clt=2 wrkr=10 slot=0 size=102408 src=worker:10 dst=client:2
event=req_send ts_ns=8010163 id=436 clt=2 wrkr=11 slot=0 size=17 src=client:2 dst=worker:11
event=resp_recv_ud ts_ns=8012407 id=432 clt=2 wrkr=8 slot=0 size=41 src=worker:8 dst=client:2
event=hand_send ts_ns=8021054 id=432 clt=2 wrkr=8 slot=0 size=10 src=client:2 dst=worker:8
event=resp_recv_ud ts_ns=8034025 id=433 clt=2 wrkr=6 slot=2 size=41 src=worker:6 dst=client:2
event=hand_send ts_ns=8042672 id=433 clt=2 wrkr=6 slot=2 size=10 src=client:2 dst=worker:6
event=resp_rdma_read ts_ns=8056914 id=402 start_ns=7416844 dur_ns=640070 clt=2 wrkr=9 slot=5 size=102408 src=worker:9 dst=client:2
event=req_send ts_ns=8056914 id=437 clt=2 wrkr=10 slot=1 size=17 src=client:2 dst=worker:10
event=resp_recv_ud ts_ns=8081073 id=436 clt=2 wrkr=11 slot=0 size=41 src=worker:11 dst=client:2
event=hand_send ts_ns=8089720 id=436 clt=2 wrkr=11 slot=0 size=10 src=client:2 dst=worker:11
event=resp_rdma_read ts_ns=8111914 id=405 start_ns=7452852 dur_ns=659062 clt=2 wrkr=3 slot=10 size=102408 src=worker:3 dst=client:2
event=req_send ts_ns=8111914 id=442 clt=2 wrkr=8 slot=1 size=17 src=client:2 dst=worker:8
event=resp_recv_ud ts_ns=8128673 id=437 clt=2 wrkr=10 slot=1 size=41 src=worker:10 dst=client:2
event=hand_send ts_ns=8137320 id=437 clt=2 wrkr=10 slot=1 size=10 src=client:2 dst=worker:10
event=resp_rdma_read ts_ns=8141913 id=408 start_ns=7478998 dur_ns=662915 clt=2 wrkr=1 slot=1 size=102408 src=worker:1 dst=client:2
event=req_send ts_ns=8141913 id=445 clt=2 wrkr=10 slot=2 size=17 src=client:2 dst=worker:10
event=resp_recv_ud ts_ns=8182855 id=442 clt=2 wrkr=8 slot=1 size=41 src=worker:8 dst=client:2
event=hand_send ts_ns=8191502 id=442 clt=2 wrkr=8 slot=1 size=10 src=client:2 dst=worker:8
event=resp_recv_ud ts_ns=8212689 id=445 clt=2 wrkr=10 slot=2 size=41 src=worker:10 dst=client:2
event=hand_send ts_ns=8221336 id=445 clt=2 wrkr=10 slot=2 size=10 src=client:2 dst=worker:10
event=resp_rdma_read ts_ns=8255070 id=413 start_ns=7587586 dur_ns=667484 clt=2 wrkr=2 slot=0 size=102408 src=worker:2 dst=client:2
event=req_send ts_ns=8255070 id=451 clt=2 wrkr=5 slot=10 size=17 src=client:2 dst=worker:5
event=resp_rdma_read ts_ns=8263042 id=414 start_ns=7587717 dur_ns=675325 clt=2 wrkr=6 slot=1 size=102408 src=worker:6 dst=client:2
event=req_send ts_ns=8263042 id=452 clt=2 wrkr=4 slot=1 size=17 src=client:2 dst=worker:4
event=resp_recv_ud ts_ns=8326669 id=451 clt=2 wrkr=5 slot=10 size=41 src=worker:5 dst=client:2
event=resp_rdma_read ts_ns=8332534 id=417 start_ns=7694227 dur_ns=638307 clt=2 wrkr=4 slot=0 size=102408 src=worker:4 dst=client:2
event=req_send ts_ns=8332534 id=454 clt=2 wrkr=8 slot=2 size=17 src=client:2 dst=worker:8
event=resp_recv_ud ts_ns=8334642 id=452 clt=2 wrkr=4 slot=1 size=41 src=worker:4 dst=client:2
event=hand_send ts_ns=8335316 id=451 clt=2 wrkr=5 slot=10 size=10 src=client:2 dst=worker:5
event=hand_send ts_ns=8343289 id=452 clt=2 wrkr=4 slot=1 size=10 src=client:2 dst=worker:4
event=resp_rdma_read ts_ns=8346298 id=418 start_ns=7726933 dur_ns=619365 clt=2 wrkr=5 slot=8 size=102408 src=worker:5 dst=client:2
event=req_send ts_ns=8346298 id=455 clt=2 wrkr=10 slot=3 size=17 src=client:2 dst=worker:10
event=resp_recv_ud ts_ns=8404074 id=454 clt=2 wrkr=8 slot=2 size=41 src=worker:8 dst=client:2
event=hand_send ts_ns=8412721 id=454 clt=2 wrkr=8 slot=2 size=10 src=client:2 dst=worker:8
event=resp_recv_ud ts_ns=8417146 id=455 clt=2 wrkr=10 slot=3 size=41 src=worker:10 dst=client:2
event=hand_send ts_ns=8425793 id=455 clt=2 wrkr=10 slot=3 size=10 src=client:2 dst=worker:10
event=resp_rdma_read ts_ns=8541479 id=424 start_ns=7914006 dur_ns=627473 clt=2 wrkr=11 slot=11 size=102408 src=worker:11 dst=client:2
event=req_send ts_ns=8541479 id=461 clt=2 wrkr=9 slot=6 size=17 src=client:2 dst=worker:9
event=resp_rdma_read ts_ns=8553868 id=433 start_ns=8042672 dur_ns=511196 clt=2 wrkr=6 slot=2 size=102408 src=worker:6 dst=client:2
event=req_send ts_ns=8553868 id=462 clt=2 wrkr=7 slot=10 size=17 src=client:2 dst=worker:7
event=resp_rdma_read ts_ns=8582785 id=428 start_ns=7979796 dur_ns=602989 clt=2 wrkr=5 slot=9 size=102408 src=worker:5 dst=client:2
event=req_send ts_ns=8582785 id=466 clt=2 wrkr=1 slot=2 size=17 src=client:2 dst=worker:1
event=resp_recv_ud ts_ns=8612624 id=461 clt=2 wrkr=9 slot=6 size=41 src=worker:9 dst=client:2
event=hand_send ts_ns=8621271 id=461 clt=2 wrkr=9 slot=6 size=10 src=client:2 dst=worker:9
event=resp_recv_ud ts_ns=8624892 id=462 clt=2 wrkr=7 slot=10 size=41 src=worker:7 dst=client:2
event=hand_send ts_ns=8633539 id=462 clt=2 wrkr=7 slot=10 size=10 src=client:2 dst=worker:7
event=resp_recv_ud ts_ns=8653485 id=466 clt=2 wrkr=1 slot=2 size=41 src=worker:1 dst=client:2
event=hand_send ts_ns=8662132 id=466 clt=2 wrkr=1 slot=2 size=10 src=client:2 dst=worker:1
event=resp_rdma_read ts_ns=8710452 id=436 start_ns=8089720 dur_ns=620732 clt=2 wrkr=11 slot=0 size=102408 src=worker:11 dst=client:2
event=req_send ts_ns=8710452 id=469 clt=2 wrkr=5 slot=11 size=17 src=client:2 dst=worker:5
event=resp_rdma_read ts_ns=8718976 id=432 start_ns=8021054 dur_ns=697922 clt=2 wrkr=8 slot=0 size=102408 src=worker:8 dst=client:2
event=req_send ts_ns=8718976 id=470 clt=2 wrkr=4 slot=2 size=17 src=client:2 dst=worker:4
event=resp_rdma_read ts_ns=8754759 id=437 start_ns=8137320 dur_ns=617439 clt=2 wrkr=10 slot=1 size=102408 src=worker:10 dst=client:2
event=req_send ts_ns=8754759 id=473 clt=2 wrkr=5 slot=0 size=17 src=client:2 dst=worker:5
event=resp_recv_ud ts_ns=8781218 id=469 clt=2 wrkr=5 slot=11 size=41 src=worker:5 dst=client:2
event=hand_send ts_ns=8789865 id=469 clt=2 wrkr=5 slot=11 size=10 src=client:2 dst=worker:5
event=resp_recv_ud ts_ns=8790766 id=470 clt=2 wrkr=4 slot=2 size=41 src=worker:4 dst=client:2
event=hand_send ts_ns=8799413 id=470 clt=2 wrkr=4 slot=2 size=10 src=client:2 dst=worker:4
event=resp_recv_ud ts_ns=8825939 id=473 clt=2 wrkr=5 slot=0 size=41 src=worker:5 dst=client:2
event=hand_send ts_ns=8834586 id=473 clt=2 wrkr=5 slot=0 size=10 src=client:2 dst=worker:5
event=resp_rdma_read ts_ns=8876035 id=442 start_ns=8191502 dur_ns=684533 clt=2 wrkr=8 slot=1 size=102408 src=worker:8 dst=client:2
event=req_send ts_ns=8876035 id=479 clt=2 wrkr=5 slot=1 size=17 src=client:2 dst=worker:5
event=resp_rdma_read ts_ns=8901095 id=445 start_ns=8221336 dur_ns=679759 clt=2 wrkr=10 slot=2 size=102408 src=worker:10 dst=client:2
event=req_send ts_ns=8901095 id=481 clt=2 wrkr=7 slot=11 size=17 src=client:2 dst=worker:7
event=resp_recv_ud ts_ns=8947974 id=479 clt=2 wrkr=5 slot=1 size=41 src=worker:5 dst=client:2
event=hand_send ts_ns=8956621 id=479 clt=2 wrkr=5 slot=1 size=10 src=client:2 dst=worker:5
event=resp_recv_ud ts_ns=8972427 id=481 clt=2 wrkr=7 slot=11 size=41 src=worker:7 dst=client:2
event=hand_send ts_ns=8981074 id=481 clt=2 wrkr=7 slot=11 size=10 src=client:2 dst=worker:7
event=resp_rdma_read ts_ns=8984132 id=455 start_ns=8425793 dur_ns=558339 clt=2 wrkr=10 slot=3 size=102408 src=worker:10 dst=client:2
event=req_send ts_ns=8984132 id=487 clt=2 wrkr=4 slot=3 size=17 src=client:2 dst=worker:4
event=resp_rdma_read ts_ns=8994977 id=451 start_ns=8335316 dur_ns=659661 clt=2 wrkr=5 slot=10 size=102408 src=worker:5 dst=client:2
event=req_send ts_ns=8994977 id=488 clt=2 wrkr=11 slot=1 size=17 src=client:2 dst=worker:11
event=resp_rdma_read ts_ns=9040445 id=452 start_ns=8343289 dur_ns=697156 clt=2 wrkr=4 slot=1 size=102408 src=worker:4 dst=client:2
event=req_send ts_ns=9040445 id=489 clt=2 wrkr=1 slot=3 size=17 src=client:2 dst=worker:1
event=resp_recv_ud ts_ns=9054968 id=487 clt=2 wrkr=4 slot=3 size=41 src=worker:4 dst=client:2
event=hand_send ts_ns=9063615 id=487 clt=2 wrkr=4 slot=3 size=10 src=client:2 dst=worker:4
event=resp_recv_ud ts_ns=9065702 id=488 clt=2 wrkr=11 slot=1 size=41 src=worker:11 dst=client:2
event=hand_send ts_ns=9074349 id=488 clt=2 wrkr=11 slot=1 size=10 src=client:2 dst=worker:11
event=resp_rdma_read ts_ns=9091093 id=454 start_ns=8412721 dur_ns=678372 clt=2 wrkr=8 slot=2 size=102408 src=worker:8 dst=client:2
event=req_send ts_ns=9091093 id=491 clt=2 wrkr=0 slot=5 size=17 src=client:2 dst=worker:0
event=resp_recv_ud ts_ns=9111615 id=489 clt=2 wrkr=1 slot=3 size=41 src=worker:1 dst=client:2
event=hand_send ts_ns=9120262 id=489 clt=2 wrkr=1 slot=3 size=10 src=client:2 dst=worker:1
event=resp_recv_ud ts_ns=9161871 id=491 clt=2 wrkr=0 slot=5 size=41 src=worker:0 dst=client:2
event=hand_send ts_ns=9170518 id=491 clt=2 wrkr=0 slot=5 size=10 src=client:2 dst=worker:0
event=resp_rdma_read ts_ns=9300092 id=461 start_ns=8621271 dur_ns=678821 clt=2 wrkr=9 slot=6 size=102408 src=worker:9 dst=client:2
event=req_send ts_ns=9300092 id=498 clt=2 wrkr=7 slot=0 size=17 src=client:2 dst=worker:7
event=resp_rdma_read ts_ns=9316031 id=462 start_ns=8633539 dur_ns=682492 clt=2 wrkr=7 slot=10 size=102408 src=worker:7 dst=client:2
event=req_send ts_ns=9316031 id=499 clt=2 wrkr=10 slot=4 size=17 src=client:2 dst=worker:10
event=resp_rdma_read ts_ns=9360123 id=466 start_ns=8662132 dur_ns=697991 clt=2 wrkr=1 slot=2 size=102408 src=worker:1 dst=client:2
event=req_send ts_ns=9360123 id=502 clt=2 wrkr=9 slot=7 size=17 src=client:2 dst=worker:9
event=resp_recv_ud ts_ns=9371622 id=498 clt=2 wrkr=7 slot=0 size=41 src=worker:7 dst=client:2
event=hand_send ts_ns=9380269 id=498 clt=2 wrkr=7 slot=0 size=10 src=client:2 dst=worker:7
event=resp_recv_ud ts_ns=9387837 id=499 clt=2 wrkr=10 slot=4 size=41 src=worker:10 dst=client:2
event=hand_send ts_ns=9396484 id=499 clt=2 wrkr=10 slot=4 size=10 src=client:2 dst=worker:10
event=resp_recv_ud ts_ns=9431530 id=502 clt=2 wrkr=9 slot=7 size=41 src=worker:9 dst=client:2
event=hand_send ts_ns=9440177 id=502 clt=2 wrkr=9 slot=7 size=10 src=client:2 dst=worker:9
event=resp_rdma_read ts_ns=9440458 id=469 start_ns=8789865 dur_ns=650593 clt=2 wrkr=5 slot=11 size=102408 src=worker:5 dst=client:2
event=req_send ts_ns=9440458 id=505 clt=2 wrkr=11 slot=2 size=17 src=client:2 dst=worker:11
event=resp_rdma_read ts_ns=9457438 id=470 start_ns=8799413 dur_ns=658025 clt=2 wrkr=4 slot=2 size=102408 src=worker:4 dst=client:2
event=req_send ts_ns=9457438 id=506 clt=2 wrkr=4 slot=4 size=17 src=client:2 dst=worker:4
event=resp_recv_ud ts_ns=9511893 id=505 clt=2 wrkr=11 slot=2 size=41 src=worker:11 dst=client:2
event=resp_rdma_read ts_ns=9512310 id=481 start_ns=8981074 dur_ns=531236 clt=2 wrkr=7 slot=11 size=102408 src=worker:7 dst=client:2
event=req_send ts_ns=9512310 id=510 clt=2 wrkr=7 slot=1 size=17 src=client:2 dst=worker:7
event=resp_rdma_read ts_ns=9519083 id=473 start_ns=8834586 dur_ns=684497 clt=2 wrkr=5 slot=0 size=102408 src=worker:5 dst=client:2
event=req_send ts_ns=9519083 id=511 clt=2 wrkr=2 slot=1 size=17 src=client:2 dst=worker:2
event=hand_send ts_ns=9520540 id=505 clt=2 wrkr=11 slot=2 size=10 src=client:2 dst=worker:11
event=resp_recv_ud ts_ns=9529008 id=506 clt=2 wrkr=4 slot=4 size=41 src=worker:4 dst=client:2
event=hand_send ts_ns=9537655 id=506 clt=2 wrkr=4 slot=4 size=10 src=client:2 dst=worker:4
event=resp_rdma_read ts_ns=9570742 id=479 start_ns=8956621 dur_ns=614121 clt=2 wrkr=5 slot=1 size=102408 src=worker:5 dst=client:2
event=req_send ts_ns=9570742 id=516 clt=2 wrkr=7 slot=2 size=17 src=client:2 dst=worker:7
event=resp_recv_ud ts_ns=9583212 id=510 clt=2 wrkr=7 slot=1 size=41 src=worker:7 dst=client:2
event=resp_recv_ud ts_ns=9590435 id=511 clt=2 wrkr=2 slot=1 size=41 src=worker:2 dst=client:2
event=hand_send ts_ns=9591859 id=510 clt=2 wrkr=7 slot=1 size=10 src=client:2 dst=worker:7
event=hand_send ts_ns=9599082 id=511 clt=2 wrkr=2 slot=1 size=10 src=client:2 dst=worker:2
event=resp_recv_ud ts_ns=9640653 id=516 clt=2 wrkr=7 slot=2 size=41 src=worker:7 dst=client:2
event=hand_send ts_ns=9649300 id=516 clt=2 wrkr=7 slot=2 size=10 src=client:2 dst=worker:7
event=resp_rdma_read ts_ns=9745810 id=487 start_ns=9063615 dur_ns=682195 clt=2 wrkr=4 slot=3 size=102408 src=worker:4 dst=client:2
event=req_send ts_ns=9745810 id=525 clt=2 wrkr=3 slot=11 size=17 src=client:2 dst=worker:3
event=resp_rdma_read ts_ns=9767644 id=488 start_ns=9074349 dur_ns=693295 clt=2 wrkr=11 slot=1 size=102408 src=worker:11 dst=client:2
event=req_send ts_ns=9767644 id=526 clt=2 wrkr=3 slot=0 size=17 src=client:2 dst=worker:3
event=resp_rdma_read ts_ns=9794827 id=489 start_ns=9120262 dur_ns=674565 clt=2 wrkr=1 slot=3 size=102408 src=worker:1 dst=client:2
event=req_send ts_ns=9794827 id=527 clt=2 wrkr=3 slot=1 size=17 src=client:2 dst=worker:3
event=resp_recv_ud ts_ns=9817479 id=525 clt=2 wrkr=3 slot=11 size=41 src=worker:3 dst=client:2
event=hand_send ts_ns=9826126 id=525 clt=2 wrkr=3 slot=11 size=10 src=client:2 dst=worker:3
event=resp_recv_ud ts_ns=9838522 id=526 clt=2 wrkr=3 slot=0 size=41 src=worker:3 dst=client:2
event=resp_rdma_read ts_ns=9843663 id=491 start_ns=9170518 dur_ns=673145 clt=2 wrkr=0 slot=5 size=102408 src=worker:0 dst=client:2
event=req_send ts_ns=9843663 id=530 clt=2 wrkr=2 slot=2 size=17 src=client:2 dst=worker:2
event=hand_send ts_ns=9847169 id=526 clt=2 wrkr=3 slot=0 size=10 src=client:2 dst=worker:3
event=resp_recv_ud ts_ns=9866011 id=527 clt=2 wrkr=3 slot=1 size=41 src=worker:3 dst=client:2
event=hand_send ts_ns=9874658 id=527 clt=2 wrkr=3 slot=1 size=10 src=client:2 dst=worker:3
event=resp_recv_ud ts_ns=9915046 id=530 clt=2 wrkr=2 slot=2 size=41 src=worker:2 dst=client:2
event=hand_send ts_ns=9923693 id=530 clt=2 wrkr=2 slot=2 size=10 src=client:2 dst=worker:2
event=resp_rdma_read ts_ns=9999207 id=498 start_ns=9380269 dur_ns=618938 clt=2 wrkr=7 slot=0 size=102408 src=worker:7 dst=client:2
event=req_send ts_ns=9999207 id=534 clt=2 wrkr=3 slot=2 size=17 src=client:2 dst=worker:3
event=resp_recv_ud ts_ns=10067602 id=534 clt=2 wrkr=3 slot=2 size=41 src=worker:3 dst=client:2
event=hand_send ts_ns=10076249 id=534 clt=2 wrkr=3 slot=2 size=10 src=client:2 dst=worker:3
event=resp_rdma_read ts_ns=10084948 id=499 start_ns=9396484 dur_ns=688464 clt=2 wrkr=10 slot=4 size=102408 src=worker:10 dst=client:2
event=req_send ts_ns=10084948 id=537 clt=2 wrkr=11 slot=3 size=17 src=client:2 dst=worker:11
event=resp_rdma_read ts_ns=10119169 id=502 start_ns=9440177 dur_ns=678992 clt=2 wrkr=9 slot=7 size=102408 src=worker:9 dst=client:2
event=req_send ts_ns=10119169 id=539 clt=2 wrkr=7 slot=3 size=17 src=client:2 dst=worker:7
event=resp_recv_ud ts_ns=10156738 id=537 clt=2 wrkr=11 slot=3 size=41 src=worker:11 dst=client:2
event=resp_rdma_read ts_ns=10162866 id=506 start_ns=9537655 dur_ns=625211 clt=2 wrkr=4 slot=4 size=102408 src=worker:4 dst=client:2
event=req_send ts_ns=10162866 id=542 clt=2 wrkr=10 slot=5 size=17 src=client:2 dst=worker:10
event=hand_send ts_ns=10165385 id=537 clt=2 wrkr=11 slot=3 size=10 src=client:2 dst=worker:11
event=resp_rdma_read ts_ns=10167052 id=505 start_ns=9520540 dur_ns=646512 clt=2 wrkr=11 slot=2 size=102408 src=worker:11 dst=client:2
event=req_send ts_ns=10167052 id=543 clt=2 wrkr=11 slot=4 size=17 src=client:2 dst=worker:11
event=resp_recv_ud ts_ns=10190898 id=539 clt=2 wrkr=7 slot=3 size=41 src=worker:7 dst=client:2
event=hand_send ts_ns=10199545 id=539 clt=2 wrkr=7 slot=3 size=10 src=client:2 dst=worker:7
event=resp_rdma_read ts_ns=10213767 id=516 start_ns=9649300 dur_ns=564467 clt=2 wrkr=7 slot=2 size=102408 src=worker:7 dst=client:2
event=req_send ts_ns=10213767 id=545 clt=2 wrkr=4 slot=5 size=17 src=client:2 dst=worker:4
event=resp_rdma_read ts_ns=10224905 id=511 start_ns=9599082 dur_ns=625823 clt=2 wrkr=2 slot=1 size=102408 src=worker:2 dst=client:2
event=req_send ts_ns=10224905 id=546 clt=2 wrkr=7 slot=4 size=17 src=client:2 dst=worker:7
event=resp_rdma_read ts_ns=10230072 id=510 start_ns=9591859 dur_ns=638213 clt=2 wrkr=7 slot=1 size=102408 src=worker:7 dst=client:2
event=req_send ts_ns=10230072 id=547 clt=2 wrkr=1 slot=4 size=17 src=client:2 dst=worker:1
event=resp_recv_ud ts_ns=10234744 id=542 clt=2 wrkr=10 slot=5 size=41 src=worker:10 dst=client:2
event=resp_recv_ud ts_ns=10238847 id=543 clt=2 wrkr=11 slot=4 size=41 src=worker:11 dst=client:2
event=hand_send ts_ns=10243391 id=542 clt=2 wrkr=10 slot=5 size=10 src=client:2 dst=worker:10
event=hand_send ts_ns=10247494 id=543 clt=2 wrkr=11 slot=4 size=10 src=client:2 dst=worker:11
event=resp_recv_ud ts_ns=10284958 id=545 clt=2 wrkr=4 slot=5 size=41 src=worker:4 dst=client:2
event=hand_send ts_ns=10293605 id=545 clt=2 wrkr=4 slot=5 size=10 src=client:2 dst=worker:4
event=resp_recv_ud ts_ns=10295226 id=546 clt=2 wrkr=7 slot=4 size=41 src=worker:7 dst=client:2
event=resp_recv_ud ts_ns=10299703 id=547 clt=2 wrkr=1 slot=4 size=41 src=worker:1 dst=client:2
event=hand_send ts_ns=10303873 id=546 clt=2 wrkr=7 slot=4 size=10 src=client:2 dst=worker:7
event=hand_send ts_ns=10308350 id=547 clt=2 wrkr=1 slot=4 size=10 src=client:2 dst=worker:1
event=resp_rdma_read ts_ns=10496008 id=525 start_ns=9826126 dur_ns=669882 clt=2 wrkr=3 slot=11 size=102408 src=worker:3 dst=client:2
event=req_send ts_ns=10496008 id=561 clt=2 wrkr=9 slot=8 size=17 src=client:2 dst=worker:9
event=resp_rdma_read ts_ns=10522043 id=530 start_ns=9923693 dur_ns=598350 clt=2 wrkr=2 slot=2 size=102408 src=worker:2 dst=client:2
event=req_send ts_ns=10522043 id=562 clt=2 wrkr=4 slot=6 size=17 src=client:2 dst=worker:4
event=resp_rdma_read ts_ns=10540561 id=527 start_ns=9874658 dur_ns=665903 clt=2 wrkr=3 slot=1 size=102408 src=worker:3 dst=client:2
event=req_send ts_ns=10540561 id=563 clt=2 wrkr=7 slot=5 size=17 src=client:2 dst=worker:7
event=resp_rdma_read ts_ns=10546295 id=526 start_ns=9847169 dur_ns=699126 clt=2 wrkr=3 slot=0 size=102408 src=worker:3 dst=client:2
event=req_send ts_ns=10546295 id=566 clt=2 wrkr=1 slot=5 size=17 src=client:2 dst=worker:1
event=resp_recv_ud ts_ns=10567183 id=561 clt=2 wrkr=9 slot=8 size=41 src=worker:9 dst=client:2
event=hand_send ts_ns=10575830 id=561 clt=2 wrkr=9 slot=8 size=10 src=client:2 dst=worker:9
event=resp_recv_ud ts_ns=10591468 id=562 clt=2 wrkr=4 slot=6 size=41 src=worker:4 dst=client:2
event=hand_send ts_ns=10600115 id=562 clt=2 wrkr=4 slot=6 size=10 src=client:2 dst=worker:4
event=resp_recv_ud ts_ns=10612491 id=563 clt=2 wrkr=7 slot=5 size=41 src=worker:7 dst=client:2
event=resp_recv_ud ts_ns=10617412 id=566 clt=2 wrkr=1 slot=5 size=41 src=worker:1 dst=client:2
event=hand_send ts_ns=10621138 id=563 clt=2 wrkr=7 slot=5 size=10 src=client:2 dst=worker:7
event=hand_send ts_ns=10626059 id=566 clt=2 wrkr=1 slot=5 size=10 src=client:2 dst=worker:1
event=resp_rdma_read ts_ns=10717184 id=534 start_ns=10076249 dur_ns=640935 clt=2 wrkr=3 slot=2 size=102408 src=worker:3 dst=client:2
event=req_send ts_ns=10717184 id=570 clt=2 wrkr=11 slot=5 size=17 src=client:2 dst=worker:11
event=resp_rdma_read ts_ns=10748872 id=537 start_ns=10165385 dur_ns=583487 clt=2 wrkr=11 slot=3 size=102408 src=worker:11 dst=client:2
event=req_send ts_ns=10748872 id=571 clt=2 wrkr=2 slot=3 size=17 src=client:2 dst=worker:2
event=resp_recv_ud ts_ns=10788052 id=570 clt=2 wrkr=11 slot=5 size=41 src=worker:11 dst=client:2
event=hand_send ts_ns=10796699 id=570 clt=2 wrkr=11 slot=5 size=10 src=client:2 dst=worker:11
event=resp_recv_ud ts_ns=10820129 id=571 clt=2 wrkr=2 slot=3 size=41 src=worker:2 dst=client:2
event=resp_rdma_read ts_ns=10828611 id=539 start_ns=10199545 dur_ns=629066 clt=2 wrkr=7 slot=3 size=102408 src=worker:7 dst=client:2
event=req_send ts_ns=10828611 id=575 clt=2 wrkr=0 slot=6 size=17 src=client:2 dst=worker:0
event=hand_send ts_ns=10828776 id=571 clt=2 wrkr=2 slot=3 size=10 src=client:2 dst=worker:2
event=resp_rdma_read ts_ns=10860740 id=542 start_ns=10243391 dur_ns=617349 clt=2 wrkr=10 slot=5 size=102408 src=worker:10 dst=client:2
event=req_send ts_ns=10860740 id=576 clt=2 wrkr=6 slot=3 size=17 src=client:2 dst=worker:6
event=resp_rdma_read ts_ns=10861033 id=543 start_ns=10247494 dur_ns=613539 clt=2 wrkr=11 slot=4 size=102408 src=worker:11 dst=client:2
event=req_send ts_ns=10861033 id=577 clt=2 wrkr=8 slot=3 size=17 src=client:2 dst=worker:8
event=resp_rdma_read ts_ns=10891253 id=545 start_ns=10293605 dur_ns=597648 clt=2 wrkr=4 slot=5 size=102408 src=worker:4 dst=client:2
event=req_send ts_ns=10891253 id=579 clt=2 wrkr=7 slot=6 size=17 src=client:2 dst=worker:7
event=resp_recv_ud ts_ns=10900521 id=575 clt=2 wrkr=0 slot=6 size=41 src=worker:0 dst=client:2
event=resp_rdma_read ts_ns=10907781 id=546 start_ns=10303873 dur_ns=603908 clt=2 wrkr=7 slot=4 size=102408 src=worker:7 dst=client:2
event=req_send ts_ns=10907781 id=582 clt=2 wrkr=1 slot=6 size=17 src=client:2 dst=worker:1
event=hand_send ts_ns=10909168 id=575 clt=2 wrkr=0 slot=6 size=10 src=client:2 dst=worker:0
event=resp_recv_ud ts_ns=10931707 id=576 clt=2 wrkr=6 slot=3 size=41 src=worker:6 dst=client:2
event=resp_recv_ud ts_ns=10932005 id=577 clt=2 wrkr=8 slot=3 size=41 src=worker:8 dst=client:2
event=hand_send ts_ns=10940354 id=576 clt=2 wrkr=6 slot=3 size=10 src=client:2 dst=worker:6
event=hand_send ts_ns=10940652 id=577 clt=2 wrkr=8 slot=3 size=10 src=client:2 dst=worker:8
event=resp_recv_ud ts_ns=10961140 id=579 clt=2 wrkr=7 slot=6 size=41 src=worker:7 dst=client:2
event=hand_send ts_ns=10969787 id=579 clt=2 wrkr=7 slot=6 size=10 src=client:2 dst=worker:7
event=resp_recv_ud ts_ns=10978760 id=582 clt=2 wrkr=1 slot=6 size=41 src=worker:1 dst=client:2
event=hand_send ts_ns=10987407 id=582 clt=2 wrkr=1 slot=6 size=10 src=client:2 dst=worker:1
event=resp_rdma_read ts_ns=10989890 id=547 start_ns=10308350 dur_ns=681540 clt=2 wrkr=1 slot=4 size=102408 src=worker:1 dst=client:2
event=req_send ts_ns=10989890 id=583 clt=2 wrkr=10 slot=6 size=17 src=client:2 dst=worker:10
event=resp_recv_ud ts_ns=11061564 id=583 clt=2 wrkr=10 slot=6 size=41 src=worker:10 dst=client:2
event=hand_send ts_ns=11070211 id=583 clt=2 wrkr=10 slot=6 size=10 src=client:2 dst=worker:10
event=resp_rdma_read ts_ns=11215451 id=561 start_ns=10575830 dur_ns=639621 clt=2 wrkr=9 slot=8 size=102408 src=worker:9 dst=client:2
event=req_send ts_ns=11215451 id=597 clt=2 wrkr=4 slot=7 size=17 src=client:2 dst=worker:4
event=resp_rdma_read ts_ns=11277989 id=562 start_ns=10600115 dur_ns=677874 clt=2 wrkr=4 slot=6 size=102408 src=worker:4 dst=client:2
event=req_send ts_ns=11277989 id=599 clt=2 wrkr=3 slot=3 size=17 src=client:2 dst=worker:3
event=resp_rdma_read ts_ns=11278830 id=563 start_ns=10621138 dur_ns=657692 clt=2 wrkr=7 slot=5 size=102408 src=worker:7 dst=client:2
event=req_send ts_ns=11278830 id=600 clt=2 wrkr=1 slot=7 size=17 src=client:2 dst=worker:1
event=resp_recv_ud ts_ns=11287096 id=597 clt=2 wrkr=4 slot=7 size=41 src=worker:4 dst=client:2
event=hand_send ts_ns=11295743 id=597 clt=2 wrkr=4 slot=7 size=10 src=client:2 dst=worker:4
event=resp_rdma_read ts_ns=11321136 id=566 start_ns=10626059 dur_ns=695077 clt=2 wrkr=1 slot=5 size=102408 src=worker:1 dst=client:2
event=req_send ts_ns=11321136 id=603 clt=2 wrkr=10 slot=7 size=17 src=client:2 dst=worker:10
event=resp_recv_ud ts_ns=11348796 id=599 clt=2 wrkr=3 slot=3 size=41 src=worker:3 dst=client:2
event=resp_recv_ud ts_ns=11349997 id=600 clt=2 wrkr=1 slot=7 size=41 src=worker:1 dst=client:2
event=hand_send ts_ns=11357443 id=599 clt=2 wrkr=3 slot=3 size=10 src=client:2 dst=worker:3
event=hand_send ts_ns=11358644 id=600 clt=2 wrkr=1 slot=7 size=10 src=client:2 dst=worker:1
event=resp_recv_ud ts_ns=11392335 id=603 clt=2 wrkr=10 slot=7 size=41 src=worker:10 dst=client:2
event=hand_send ts_ns=11400982 id=603 clt=2 wrkr=10 slot=7 size=10 src=client:2 dst=worker:10
event=resp_rdma_read ts_ns=11427796 id=570 start_ns=10796699 dur_ns=631097 clt=2 wrkr=11 slot=5 size=102408 src=worker:11 dst=client:2
event=req_send ts_ns=11427796 id=606 clt=2 wrkr=5 slot=2 size=17 src=client:2 dst=worker:5
event=resp_rdma_read ts_ns=11493329 id=571 start_ns=10828776 dur_ns=664553 clt=2 wrkr=2 slot=3 size=102408 src=worker:2 dst=client:2
event=req_send ts_ns=11493329 id=608 clt=2 wrkr=6 slot=4 size=17 src=client:2 dst=worker:6
event=resp_recv_ud ts_ns=11499411 id=606 clt=2 wrkr=5 slot=2 size=41 src=worker:5 dst=client:2
event=hand_send ts_ns=11508058 id=606 clt=2 wrkr=5 slot=2 size=10 src=client:2 dst=worker:5
event=resp_recv_ud ts_ns=11564362 id=608 clt=2 wrkr=6 slot=4 size=41 src=worker:6 dst=client:2
event=resp_rdma_read ts_ns=11571469 id=575 start_ns=10909168 dur_ns=662301 clt=2 wrkr=0 slot=6 size=102408 src=worker:0 dst=client:2
event=req_send ts_ns=11571469 id=612 clt=2 wrkr=5 slot=3 size=17 src=client:2 dst=worker:5
event=hand_send ts_ns=11573009 id=608 clt=2 wrkr=6 slot=4 size=10 src=client:2 dst=worker:6
event=resp_rdma_read ts_ns=11602844 id=582 start_ns=10987407 dur_ns=615437 clt=2 wrkr=1 slot=6 size=102408 src=worker:1 dst=client:2
event=req_send ts_ns=11602844 id=613 clt=2 wrkr=10 slot=8 size=17 src=client:2 dst=worker:10
event=resp_rdma_read ts_ns=11616527 id=576 start_ns=10940354 dur_ns=676173 clt=2 wrkr=6 slot=3 size=102408 src=worker:6 dst=client:2
event=req_send ts_ns=11616527 id=614 clt=2 wrkr=1 slot=8 size=17 src=client:2 dst=worker:1
event=resp_rdma_read ts_ns=11618416 id=577 start_ns=10940652 dur_ns=677764 clt=2 wrkr=8 slot=3 size=102408 src=worker:8 dst=client:2
event=req_send ts_ns=11618416 id=615 clt=2 wrkr=5 slot=4 size=17 src=client:2 dst=worker:5
event=resp_rdma_read ts_ns=11630096 id=579 start_ns=10969787 dur_ns=660309 clt=2 wrkr=7 slot=6 size=102408 src=worker:7 dst=client:2
event=req_send ts_ns=11630096 id=617 clt=2 wrkr=9 slot=9 size=17 src=client:2 dst=worker:9
event=resp_recv_ud ts_ns=11642908 id=612 clt=2 wrkr=5 slot=3 size=41 src=worker:5 dst=client:2
event=hand_send ts_ns=11651555 id=612 clt=2 wrkr=5 slot=3 size=10 src=client:2 dst=worker:5
event=resp_recv_ud ts_ns=11674171 id=613 clt=2 wrkr=10 slot=8 size=41 src=worker:10 dst=client:2
event=hand_send ts_ns=11682818 id=613 clt=2 wrkr=10 slot=8 size=10 src=client:2 dst=worker:10
event=resp_recv_ud ts_ns=11687792 id=614 clt=2 wrkr=1 slot=8 size=41 src=worker:1 dst=client:2
event=resp_recv_ud ts_ns=11689584 id=615 clt=2 wrkr=5 slot=4 size=41 src=worker:5 dst=client:2
event=hand_send ts_ns=11696439 id=614 clt=2 wrkr=1 slot=8 size=10 src=client:2 dst=worker:1
event=hand_send ts_ns=11698231 id=615 clt=2 wrkr=5 slot=4 size=10 src=client:2 dst=worker:5
event=resp_recv_ud ts_ns=11701244 id=617 clt=2 wrkr=9 slot=9 size=41 src=worker:9 dst=client:2
event=hand_send ts_ns=11709891 id=617 clt=2 wrkr=9 slot=9 size=10 src=client:2 dst=worker:9
event=resp_rdma_read ts_ns=11725945 id=583 start_ns=11070211 dur_ns=655734 clt=2 wrkr=10 slot=6 size=102408 src=worker:10 dst=client:2
event=req_send ts_ns=11725945 id=623 clt=2 wrkr=7 slot=7 size=17 src=client:2 dst=worker:7
event=resp_recv_ud ts_ns=11796535 id=623 clt=2 wrkr=7 slot=7 size=41 src=worker:7 dst=client:2
event=hand_send ts_ns=11805182 id=623 clt=2 wrkr=7 slot=7 size=10 src=client:2 dst=worker:7
event=resp_rdma_read ts_ns=11930428 id=597 start_ns=11295743 dur_ns=634685 clt=2 wrkr=4 slot=7 size=102408 src=worker:4 dst=client:2
event=req_send ts_ns=11930428 id=632 clt=2 wrkr=1 slot=9 size=17 src=client:2 dst=worker:1
event=resp_recv_ud ts_ns=12001797 id=632 clt=2 wrkr=1 slot=9 size=41 src=worker:1 dst=client:2
event=resp_rdma_read ts_ns=12002732 id=599 start_ns=11357443 dur_ns=645289 clt=2 wrkr=3 slot=3 size=102408 src=worker:3 dst=client:2
event=req_send ts_ns=12002732 id=634 clt=2 wrkr=11 slot=6 size=17 src=client:2 dst=worker:11
event=hand_send ts_ns=12010444 id=632 clt=2 wrkr=1 slot=9 size=10 src=client:2 dst=worker:1
event=resp_rdma_read ts_ns=12039900 id=600 start_ns=11358644 dur_ns=681256 clt=2 wrkr=1 slot=7 size=102408 src=worker:1 dst=client:2
event=req_send ts_ns=12039900 id=637 clt=2 wrkr=1 slot=10 size=17 src=client:2 dst=worker:1
event=resp_recv_ud ts_ns=12074303 id=634 clt=2 wrkr=11 slot=6 size=41 src=worker:11 dst=client:2
event=hand_send ts_ns=12082950 id=634 clt=2 wrkr=11 slot=6 size=10 src=client:2 dst=worker:11
event=resp_rdma_read ts_ns=12095216 id=603 start_ns=11400982 dur_ns=694234 clt=2 wrkr=10 slot=7 size=102408 src=worker:10 dst=client:2
event=req_send ts_ns=12095216 id=640 clt=2 wrkr=10 slot=9 size=17 src=client:2 dst=worker:10
event=resp_recv_ud ts_ns=12111623 id=637 clt=2 wrkr=1 slot=10 size=41 src=worker:1 dst=client:2
event=hand_send ts_ns=12120270 id=637 clt=2 wrkr=1 slot=10 size=10 src=client:2 dst=worker:1
event=resp_recv_ud ts_ns=12166916 id=640 clt=2 wrkr=10 slot=9 size=41 src=worker:10 dst=client:2
event=hand_send ts_ns=12175563 id=640 clt=2 wrkr=10 slot=9 size=10 src=client:2 dst=worker:10
event=resp_rdma_read ts_ns=12175755 id=606 start_ns=11508058 dur_ns=667697 clt=2 wrkr=5 slot=2 size=102408 src=worker:5 dst=client:2
event=req_send ts_ns=12175755 id=641 clt=2 wrkr=6 slot=5 size=17 src=client:2 dst=worker:6
event=resp_recv_ud ts_ns=12247828 id=641 clt=2 wrkr=6 slot=5 size=41 src=worker:6 dst=client:2
event=hand_send ts_ns=12256475 id=641 clt=2 wrkr=6 slot=5 size=10 src=client:2 dst=worker:6
event=resp_rdma_read ts_ns=12258006 id=608 start_ns=11573009 dur_ns=684997 clt=2 wrkr=6 slot=4 size=102408 src=worker:6 dst=client:2
event=resp_rdma_read ts_ns=12306357 id=612 start_ns=11651555 dur_ns=654802 clt=2 wrkr=5 slot=3 size=102408 src=worker:5 dst=client:2
event=resp_rdma_read ts_ns=12311725 id=615 start_ns=11698231 dur_ns=613494 clt=2 wrkr=5 slot=4 size=102408 src=worker:5 dst=client:2
event=resp_rdma_read ts_ns=12320391 id=614 start_ns=11696439 dur_ns=623952 clt=2 wrkr=1 slot=8 size=102408 src=worker:1 dst=client:2
event=resp_rdma_read ts_ns=12321360 id=613 start_ns=11682818 dur_ns=638542 clt=2 wrkr=10 slot=8 size=102408 src=worker:10 dst=client:2
event=resp_rdma_read ts_ns=12341493 id=617 start_ns=11709891 dur_ns=631602 clt=2 wrkr=9 slot=9 size=102408 src=worker:9 dst=client:2
event=resp_rdma_read ts_ns=12444303 id=623 start_ns=11805182 dur_ns=639121 clt=2 wrkr=7 slot=7 size=102408 src=worker:7 dst=client:2
event=resp_rdma_read ts_ns=12501648 id=640 start_ns=12175563 dur_ns=326085 clt=2 wrkr=10 slot=9 size=102408 src=worker:10 dst=client:2
event=resp_rdma_read ts_ns=12699465 id=632 start_ns=12010444 dur_ns=689021 clt=2 wrkr=1 slot=9 size=102408 src=worker:1 dst=client:2
event=resp_rdma_read ts_ns=12754970 id=634 start_ns=12082950 dur_ns=672020 clt=2 wrkr=11 slot=6 size=102408 src=worker:11 dst=client:2
event=resp_rdma_read ts_ns=12779295 id=637 start_ns=12120270 dur_ns=659025 clt=2 wrkr=1 slot=10 size=102408 src=worker:1 dst=client:2
event=resp_rdma_read ts_ns=12916350 id=641 start_ns=12256475 dur_ns=659875 clt=2 wrkr=6 slot=5 size=102408 src=worker:6 dst=client:2
