event=req_send ts_ns=1 id=0 clt=0 wrkr=10 slot=0 size=17 src=client:0 dst=worker:10
event=req_send ts_ns=2501 id=3 clt=0 wrkr=4 slot=0 size=17 src=client:0 dst=worker:4
event=req_send ts_ns=5001 id=6 clt=0 wrkr=4 slot=1 size=17 src=client:0 dst=worker:4
event=req_send ts_ns=7501 id=9 clt=0 wrkr=5 slot=0 size=17 src=client:0 dst=worker:5
event=req_send ts_ns=10001 id=12 clt=0 wrkr=2 slot=0 size=17 src=client:0 dst=worker:2
event=req_send ts_ns=12501 id=15 clt=0 wrkr=2 slot=1 size=17 src=client:0 dst=worker:2
event=req_send ts_ns=15001 id=18 clt=0 wrkr=5 slot=1 size=17 src=client:0 dst=worker:5
event=req_send ts_ns=17501 id=21 clt=0 wrkr=5 slot=2 size=17 src=client:0 dst=worker:5
event=req_send ts_ns=20001 id=24 clt=0 wrkr=4 slot=2 size=17 src=client:0 dst=worker:4
event=req_send ts_ns=22501 id=27 clt=0 wrkr=8 slot=0 size=17 src=client:0 dst=worker:8
event=req_send ts_ns=25001 id=30 clt=0 wrkr=8 slot=1 size=17 src=client:0 dst=worker:8
event=req_send ts_ns=27501 id=33 clt=0 wrkr=5 slot=3 size=17 src=client:0 dst=worker:5
event=resp_recv_ud ts_ns=42336 id=0 clt=0 wrkr=10 slot=0 size=41 src=worker:10 dst=client:0
event=hand_send ts_ns=50983 id=0 clt=0 wrkr=10 slot=0 size=10 src=client:0 dst=worker:10
event=resp_recv_ud ts_ns=65615 id=6 clt=0 wrkr=4 slot=1 size=41 src=worker:4 dst=client:0
event=resp_recv_ud ts_ns=66235 id=3 clt=0 wrkr=4 slot=0 size=41 src=worker:4 dst=client:0
event=resp_recv_ud ts_ns=68467 id=9 clt=0 wrkr=5 slot=0 size=41 src=worker:5 dst=client:0
event=resp_recv_ud ts_ns=71283 id=12 clt=0 wrkr=2 slot=0 size=41 src=worker:2 dst=client:0
event=resp_recv_ud ts_ns=73913 id=15 clt=0 wrkr=2 slot=1 size=41 src=worker:2 dst=client:0
event=hand_send ts_ns=74262 id=6 clt=0 wrkr=4 slot=1 size=10 src=client:0 dst=worker:4
event=hand_send ts_ns=74882 id=3 clt=0 wrkr=4 slot=0 size=10 src=client:0 dst=worker:4
event=resp_recv_ud ts_ns=76088 id=18 clt=0 wrkr=5 slot=1 size=41 src=worker:5 dst=client:0
event=hand_send ts_ns=77114 id=9 clt=0 wrkr=5 slot=0 size=10 src=client:0 dst=worker:5
event=resp_recv_ud ts_ns=78621 id=21 clt=0 wrkr=5 slot=2 size=41 src=worker:5 dst=client:0
event=hand_send ts_ns=79930 id=12 clt=0 wrkr=2 slot=0 size=10 src=client:0 dst=worker:2
event=resp_recv_ud ts_ns=80686 id=24 clt=0 wrkr=4 slot=2 size=41 src=worker:4 dst=client:0
event=hand_send ts_ns=82560 id=15 clt=0 wrkr=2 slot=1 size=10 src=client:0 dst=worker:2
event=resp_recv_ud ts_ns=83264 id=27 clt=0 wrkr=8 slot=0 size=41 src=worker:8 dst=client:0
event=hand_send ts_ns=84735 id=18 clt=0 wrkr=5 slot=1 size=10 src=client:0 dst=worker:5
event=resp_recv_ud ts_ns=85568 id=30 clt=0 wrkr=8 slot=1 size=41 src=worker:8 dst=client:0
event=resp_recv_ud ts_ns=86268 id=33 clt=0 wrkr=5 slot=3 size=41 src=worker:5 dst=client:0
event=hand_send ts_ns=87268 id=21 clt=0 wrkr=5 slot=2 size=10 src=client:0 dst=worker:5
event=hand_send ts_ns=89333 id=24 clt=0 wrkr=4 slot=2 size=10 src=client:0 dst=worker:4
event=hand_send ts_ns=91911 id=27 clt=0 wrkr=8 slot=0 size=10 src=client:0 dst=worker:8
event=hand_send ts_ns=94215 id=30 clt=0 wrkr=8 slot=1 size=10 src=client:0 dst=worker:8
event=hand_send ts_ns=94915 id=33 clt=0 wrkr=5 slot=3 size=10 src=client:0 dst=worker:5
event=resp_rdma_read ts_ns=1345571 id=0 start_ns=50983 dur_ns=1294588 clt=0 wrkr=10 slot=0 size=409608 src=worker:10 dst=client:0
event=req_send ts_ns=1345571 id=37 clt=0 wrkr=4 slot=3 size=17 src=client:0 dst=worker:4
event=resp_recv_ud ts_ns=1414342 id=37 clt=0 wrkr=4 slot=3 size=41 src=worker:4 dst=client:0
event=hand_send ts_ns=1422989 id=37 clt=0 wrkr=4 slot=3 size=10 src=client:0 dst=worker:4
event=resp_rdma_read ts_ns=1696430 id=6 start_ns=74262 dur_ns=1622168 clt=0 wrkr=4 slot=1 size=409608 src=worker:4 dst=client:0
event=req_send ts_ns=1696430 id=55 clt=0 wrkr=1 slot=0 size=17 src=client:0 dst=worker:1
event=resp_rdma_read ts_ns=1726025 id=3 start_ns=74882 dur_ns=1651143 clt=0 wrkr=4 slot=0 size=409608 src=worker:4 dst=client:0
event=req_send ts_ns=1726025 id=56 clt=0 wrkr=4 slot=4 size=17 src=client:0 dst=worker:4
event=resp_recv_ud ts_ns=1767562 id=55 clt=0 wrkr=1 slot=0 size=41 src=worker:1 dst=client:0
event=hand_send ts_ns=1776209 id=55 clt=0 wrkr=1 slot=0 size=10 src=client:0 dst=worker:1
event=resp_recv_ud ts_ns=1796433 id=56 clt=0 wrkr=4 slot=4 size=41 src=worker:4 dst=client:0
event=hand_send ts_ns=1805080 id=56 clt=0 wrkr=4 slot=4 size=10 src=client:0 dst=worker:4
event=resp_rdma_read ts_ns=1865019 id=9 start_ns=77114 dur_ns=1787905 clt=0 wrkr=5 slot=0 size=409608 src=worker:5 dst=client:0
event=req_send ts_ns=1865019 id=59 clt=0 wrkr=10 slot=1 size=17 src=client:0 dst=worker:10
event=resp_recv_ud ts_ns=1935293 id=59 clt=0 wrkr=10 slot=1 size=41 src=worker:10 dst=client:0
event=hand_send ts_ns=1943940 id=59 clt=0 wrkr=10 slot=1 size=10 src=client:0 dst=worker:10
event=resp_rdma_read ts_ns=2178868 id=12 start_ns=79930 dur_ns=2098938 clt=0 wrkr=2 slot=0 size=409608 src=worker:2 dst=client:0
event=req_send ts_ns=2178868 id=64 clt=0 wrkr=1 slot=1 size=17 src=client:0 dst=worker:1
event=resp_recv_ud ts_ns=2228121 id=64 clt=0 wrkr=1 slot=1 size=41 src=worker:1 dst=client:0
event=hand_send ts_ns=2236768 id=64 clt=0 wrkr=1 slot=1 size=10 src=client:0 dst=worker:1
event=resp_rdma_read ts_ns=2260640 id=15 start_ns=82560 dur_ns=2178080 clt=0 wrkr=2 slot=1 size=409608 src=worker:2 dst=client:0
event=req_send ts_ns=2260640 id=65 clt=0 wrkr=2 slot=2 size=17 src=client:0 dst=worker:2
event=resp_recv_ud ts_ns=2304989 id=65 clt=0 wrkr=2 slot=2 size=41 src=worker:2 dst=client:0
event=hand_send ts_ns=2313636 id=65 clt=0 wrkr=2 slot=2 size=10 src=client:0 dst=worker:2
event=resp_rdma_read ts_ns=2340691 id=18 start_ns=84735 dur_ns=2255956 clt=0 wrkr=5 slot=1 size=409608 src=worker:5 dst=client:0
event=req_send ts_ns=2340691 id=66 clt=0 wrkr=3 slot=0 size=17 src=client:0 dst=worker:3
event=resp_rdma_read ts_ns=2383819 id=21 start_ns=87268 dur_ns=2296551 clt=0 wrkr=5 slot=2 size=409608 src=worker:5 dst=client:0
event=req_send ts_ns=2383819 id=67 clt=0 wrkr=10 slot=2 size=17 src=client:0 dst=worker:10
event=resp_recv_ud ts_ns=2387169 id=66 clt=0 wrkr=3 slot=0 size=41 src=worker:3 dst=client:0
event=hand_send ts_ns=2395816 id=66 clt=0 wrkr=3 slot=0 size=10 src=client:0 dst=worker:3
event=resp_recv_ud ts_ns=2436836 id=67 clt=0 wrkr=10 slot=2 size=41 src=worker:10 dst=client:0
event=hand_send ts_ns=2445483 id=67 clt=0 wrkr=10 slot=2 size=10 src=client:0 dst=worker:10
event=resp_rdma_read ts_ns=2467581 id=24 start_ns=89333 dur_ns=2378248 clt=0 wrkr=4 slot=2 size=409608 src=worker:4 dst=client:0
event=req_send ts_ns=2467581 id=68 clt=0 wrkr=1 slot=2 size=17 src=client:0 dst=worker:1
event=resp_rdma_read ts_ns=2511515 id=27 start_ns=91911 dur_ns=2419604 clt=0 wrkr=8 slot=0 size=409608 src=worker:8 dst=client:0
event=req_send ts_ns=2511515 id=69 clt=0 wrkr=8 slot=2 size=17 src=client:0 dst=worker:8
event=resp_recv_ud ts_ns=2512358 id=68 clt=0 wrkr=1 slot=2 size=41 src=worker:1 dst=client:0
event=hand_send ts_ns=2521005 id=68 clt=0 wrkr=1 slot=2 size=10 src=client:0 dst=worker:1
event=resp_rdma_read ts_ns=2544508 id=30 start_ns=94215 dur_ns=2450293 clt=0 wrkr=8 slot=1 size=409608 src=worker:8 dst=client:0
event=req_send ts_ns=2544508 id=70 clt=0 wrkr=2 slot=3 size=17 src=client:0 dst=worker:2
event=resp_rdma_read ts_ns=2561068 id=33 start_ns=94915 dur_ns=2466153 clt=0 wrkr=5 slot=3 size=409608 src=worker:5 dst=client:0
event=req_send ts_ns=2561068 id=71 clt=0 wrkr=7 slot=0 size=17 src=client:0 dst=worker:7
event=resp_recv_ud ts_ns=2569704 id=69 clt=0 wrkr=8 slot=2 size=41 src=worker:8 dst=client:0
event=hand_send ts_ns=2578351 id=69 clt=0 wrkr=8 slot=2 size=10 src=client:0 dst=worker:8
event=resp_recv_ud ts_ns=2595087 id=70 clt=0 wrkr=2 slot=3 size=41 src=worker:2 dst=client:0
event=hand_send ts_ns=2603734 id=70 clt=0 wrkr=2 slot=3 size=10 src=client:0 dst=worker:2
event=resp_recv_ud ts_ns=2615032 id=71 clt=0 wrkr=7 slot=0 size=41 src=worker:7 dst=client:0
event=hand_send ts_ns=2623679 id=71 clt=0 wrkr=7 slot=0 size=10 src=client:0 dst=worker:7
event=resp_rdma_read ts_ns=3348699 id=65 start_ns=2313636 dur_ns=1035063 clt=0 wrkr=2 slot=2 size=409608 src=worker:2 dst=client:0
event=req_send ts_ns=3348699 id=77 clt=0 wrkr=3 slot=1 size=17 src=client:0 dst=worker:3
event=resp_recv_ud ts_ns=3401841 id=77 clt=0 wrkr=3 slot=1 size=41 src=worker:3 dst=client:0
event=hand_send ts_ns=3410488 id=77 clt=0 wrkr=3 slot=1 size=10 src=client:0 dst=worker:3
event=resp_rdma_read ts_ns=3484130 id=67 start_ns=2445483 dur_ns=1038647 clt=0 wrkr=10 slot=2 size=409608 src=worker:10 dst=client:0
event=req_send ts_ns=3484130 id=79 clt=0 wrkr=6 slot=0 size=17 src=client:0 dst=worker:6
event=resp_recv_ud ts_ns=3537771 id=79 clt=0 wrkr=6 slot=0 size=41 src=worker:6 dst=client:0
event=hand_send ts_ns=3546418 id=79 clt=0 wrkr=6 slot=0 size=10 src=client:0 dst=worker:6
event=resp_rdma_read ts_ns=3583400 id=37 start_ns=1422989 dur_ns=2160411 clt=0 wrkr=4 slot=3 size=409608 src=worker:4 dst=client:0
event=req_send ts_ns=3583400 id=83 clt=0 wrkr=0 slot=0 size=17 src=client:0 dst=worker:0
event=resp_recv_ud ts_ns=3640748 id=83 clt=0 wrkr=0 slot=0 size=41 src=worker:0 dst=client:0
event=hand_send ts_ns=3649395 id=83 clt=0 wrkr=0 slot=0 size=10 src=client:0 dst=worker:0
event=resp_rdma_read ts_ns=3716188 id=59 start_ns=1943940 dur_ns=1772248 clt=0 wrkr=10 slot=1 size=409608 src=worker:10 dst=client:0
event=req_send ts_ns=3716188 id=88 clt=0 wrkr=10 slot=3 size=17 src=client:0 dst=worker:10
event=resp_rdma_read ts_ns=3754366 id=64 start_ns=2236768 dur_ns=1517598 clt=0 wrkr=1 slot=1 size=409608 src=worker:1 dst=client:0
event=req_send ts_ns=3754366 id=89 clt=0 wrkr=11 slot=0 size=17 src=client:0 dst=worker:11
event=resp_rdma_read ts_ns=3757962 id=71 start_ns=2623679 dur_ns=1134283 clt=0 wrkr=7 slot=0 size=409608 src=worker:7 dst=client:0
event=req_send ts_ns=3757962 id=90 clt=0 wrkr=2 slot=4 size=17 src=client:0 dst=worker:2
event=resp_recv_ud ts_ns=3775902 id=88 clt=0 wrkr=10 slot=3 size=41 src=worker:10 dst=client:0
event=hand_send ts_ns=3784549 id=88 clt=0 wrkr=10 slot=3 size=10 src=client:0 dst=worker:10
event=resp_rdma_read ts_ns=3799972 id=66 start_ns=2395816 dur_ns=1404156 clt=0 wrkr=3 slot=0 size=409608 src=worker:3 dst=client:0
event=req_send ts_ns=3799972 id=93 clt=0 wrkr=5 slot=4 size=17 src=client:0 dst=worker:5
event=resp_recv_ud ts_ns=3814718 id=89 clt=0 wrkr=11 slot=0 size=41 src=worker:11 dst=client:0
event=resp_recv_ud ts_ns=3818778 id=90 clt=0 wrkr=2 slot=4 size=41 src=worker:2 dst=client:0
event=hand_send ts_ns=3823365 id=89 clt=0 wrkr=11 slot=0 size=10 src=client:0 dst=worker:11
event=hand_send ts_ns=3827425 id=90 clt=0 wrkr=2 slot=4 size=10 src=client:0 dst=worker:2
event=resp_recv_ud ts_ns=3861691 id=93 clt=0 wrkr=5 slot=4 size=41 src=worker:5 dst=client:0
event=hand_send ts_ns=3870338 id=93 clt=0 wrkr=5 slot=4 size=10 src=client:0 dst=worker:5
event=resp_rdma_read ts_ns=3900164 id=68 start_ns=2521005 dur_ns=1379159 clt=0 wrkr=1 slot=2 size=409608 src=worker:1 dst=client:0
event=req_send ts_ns=3900164 id=100 clt=0 wrkr=9 slot=0 size=17 src=client:0 dst=worker:9
event=resp_rdma_read ts_ns=3957181 id=69 start_ns=2578351 dur_ns=1378830 clt=0 wrkr=8 slot=2 size=409608 src=worker:8 dst=client:0
event=req_send ts_ns=3957181 id=103 clt=0 wrkr=7 slot=1 size=17 src=client:0 dst=worker:7
event=resp_recv_ud ts_ns=3965715 id=100 clt=0 wrkr=9 slot=0 size=41 src=worker:9 dst=client:0
event=hand_send ts_ns=3974362 id=100 clt=0 wrkr=9 slot=0 size=10 src=client:0 dst=worker:9
event=resp_rdma_read ts_ns=3978332 id=70 start_ns=2603734 dur_ns=1374598 clt=0 wrkr=2 slot=3 size=409608 src=worker:2 dst=client:0
event=req_send ts_ns=3978332 id=104 clt=0 wrkr=3 slot=2 size=17 src=client:0 dst=worker:3
event=resp_recv_ud ts_ns=4025477 id=103 clt=0 wrkr=7 slot=1 size=41 src=worker:7 dst=client:0
event=hand_send ts_ns=4034124 id=103 clt=0 wrkr=7 slot=1 size=10 src=client:0 dst=worker:7
event=resp_recv_ud ts_ns=4046714 id=104 clt=0 wrkr=3 slot=2 size=41 src=worker:3 dst=client:0
event=hand_send ts_ns=4055361 id=104 clt=0 wrkr=3 slot=2 size=10 src=client:0 dst=worker:3
event=resp_rdma_read ts_ns=4080851 id=55 start_ns=1776209 dur_ns=2304642 clt=0 wrkr=1 slot=0 size=409608 src=worker:1 dst=client:0
event=req_send ts_ns=4080851 id=106 clt=0 wrkr=8 slot=3 size=17 src=client:0 dst=worker:8
event=resp_rdma_read ts_ns=4103155 id=56 start_ns=1805080 dur_ns=2298075 clt=0 wrkr=4 slot=4 size=409608 src=worker:4 dst=client:0
event=req_send ts_ns=4103155 id=107 clt=0 wrkr=10 slot=4 size=17 src=client:0 dst=worker:10
event=resp_recv_ud ts_ns=4151985 id=106 clt=0 wrkr=8 slot=3 size=41 src=worker:8 dst=client:0
event=hand_send ts_ns=4160632 id=106 clt=0 wrkr=8 slot=3 size=10 src=client:0 dst=worker:8
event=resp_recv_ud ts_ns=4169109 id=107 clt=0 wrkr=10 slot=4 size=41 src=worker:10 dst=client:0
event=hand_send ts_ns=4177756 id=107 clt=0 wrkr=10 slot=4 size=10 src=client:0 dst=worker:10
event=resp_rdma_read ts_ns=4578949 id=77 start_ns=3410488 dur_ns=1168461 clt=0 wrkr=3 slot=1 size=409608 src=worker:3 dst=client:0
event=req_send ts_ns=4578949 id=113 clt=0 wrkr=10 slot=5 size=17 src=client:0 dst=worker:10
event=resp_recv_ud ts_ns=4629103 id=113 clt=0 wrkr=10 slot=5 size=41 src=worker:10 dst=client:0
event=hand_send ts_ns=4637750 id=113 clt=0 wrkr=10 slot=5 size=10 src=client:0 dst=worker:10
event=resp_rdma_read ts_ns=4853328 id=79 start_ns=3546418 dur_ns=1306910 clt=0 wrkr=6 slot=0 size=409608 src=worker:6 dst=client:0
event=req_send ts_ns=4853328 id=115 clt=0 wrkr=8 slot=4 size=17 src=client:0 dst=worker:8
event=resp_recv_ud ts_ns=4915497 id=115 clt=0 wrkr=8 slot=4 size=41 src=worker:8 dst=client:0
event=hand_send ts_ns=4924144 id=115 clt=0 wrkr=8 slot=4 size=10 src=client:0 dst=worker:8
event=resp_rdma_read ts_ns=5011757 id=83 start_ns=3649395 dur_ns=1362362 clt=0 wrkr=0 slot=0 size=409608 src=worker:0 dst=client:0
event=req_send ts_ns=5011757 id=118 clt=0 wrkr=5 slot=5 size=17 src=client:0 dst=worker:5
event=resp_recv_ud ts_ns=5062440 id=118 clt=0 wrkr=5 slot=5 size=41 src=worker:5 dst=client:0
event=hand_send ts_ns=5071087 id=118 clt=0 wrkr=5 slot=5 size=10 src=client:0 dst=worker:5
event=resp_rdma_read ts_ns=5301851 id=88 start_ns=3784549 dur_ns=1517302 clt=0 wrkr=10 slot=3 size=409608 src=worker:10 dst=client:0
event=req_send ts_ns=5301851 id=123 clt=0 wrkr=10 slot=6 size=17 src=client:0 dst=worker:10
event=resp_recv_ud ts_ns=5350487 id=123 clt=0 wrkr=10 slot=6 size=41 src=worker:10 dst=client:0
event=hand_send ts_ns=5359134 id=123 clt=0 wrkr=10 slot=6 size=10 src=client:0 dst=worker:10
event=resp_rdma_read ts_ns=5381332 id=89 start_ns=3823365 dur_ns=1557967 clt=0 wrkr=11 slot=0 size=409608 src=worker:11 dst=client:0
event=req_send ts_ns=5381332 id=125 clt=0 wrkr=9 slot=1 size=17 src=client:0 dst=worker:9
event=resp_rdma_read ts_ns=5412313 id=90 start_ns=3827425 dur_ns=1584888 clt=0 wrkr=2 slot=4 size=409608 src=worker:2 dst=client:0
event=req_send ts_ns=5412313 id=126 clt=0 wrkr=4 slot=5 size=17 src=client:0 dst=worker:4
event=resp_recv_ud ts_ns=5442228 id=125 clt=0 wrkr=9 slot=1 size=41 src=worker:9 dst=client:0
event=hand_send ts_ns=5450875 id=125 clt=0 wrkr=9 slot=1 size=10 src=client:0 dst=worker:9
event=resp_recv_ud ts_ns=5472996 id=126 clt=0 wrkr=4 slot=5 size=41 src=worker:4 dst=client:0
event=hand_send ts_ns=5481643 id=126 clt=0 wrkr=4 slot=5 size=10 src=client:0 dst=worker:4
event=resp_rdma_read ts_ns=5574860 id=93 start_ns=3870338 dur_ns=1704522 clt=0 wrkr=5 slot=4 size=409608 src=worker:5 dst=client:0
event=req_send ts_ns=5574860 id=130 clt=0 wrkr=2 slot=5 size=17 src=client:0 dst=worker:2
event=resp_recv_ud ts_ns=5632921 id=130 clt=0 wrkr=2 slot=5 size=41 src=worker:2 dst=client:0
event=hand_send ts_ns=5641568 id=130 clt=0 wrkr=2 slot=5 size=10 src=client:0 dst=worker:2
event=resp_rdma_read ts_ns=5784931 id=107 start_ns=4177756 dur_ns=1607175 clt=0 wrkr=10 slot=4 size=409608 src=worker:10 dst=client:0
event=req_send ts_ns=5784931 id=137 clt=0 wrkr=1 slot=3 size=17 src=client:0 dst=worker:1
event=resp_recv_ud ts_ns=5850937 id=137 clt=0 wrkr=1 slot=3 size=41 src=worker:1 dst=client:0
event=resp_rdma_read ts_ns=5851738 id=113 start_ns=4637750 dur_ns=1213988 clt=0 wrkr=10 slot=5 size=409608 src=worker:10 dst=client:0
event=req_send ts_ns=5851738 id=138 clt=0 wrkr=0 slot=1 size=17 src=client:0 dst=worker:0
event=hand_send ts_ns=5859584 id=137 clt=0 wrkr=1 slot=3 size=10 src=client:0 dst=worker:1
event=resp_recv_ud ts_ns=5919232 id=138 clt=0 wrkr=0 slot=1 size=41 src=worker:0 dst=client:0
event=hand_send ts_ns=5927879 id=138 clt=0 wrkr=0 slot=1 size=10 src=client:0 dst=worker:0
event=resp_rdma_read ts_ns=5958180 id=100 start_ns=3974362 dur_ns=1983818 clt=0 wrkr=9 slot=0 size=409608 src=worker:9 dst=client:0
event=req_send ts_ns=5958180 id=141 clt=0 wrkr=8 slot=5 size=17 src=client:0 dst=worker:8
event=resp_recv_ud ts_ns=6022997 id=141 clt=0 wrkr=8 slot=5 size=41 src=worker:8 dst=client:0
event=hand_send ts_ns=6031644 id=141 clt=0 wrkr=8 slot=5 size=10 src=client:0 dst=worker:8
event=resp_rdma_read ts_ns=6199580 id=103 start_ns=4034124 dur_ns=2165456 clt=0 wrkr=7 slot=1 size=409608 src=worker:7 dst=client:0
event=req_send ts_ns=6199580 id=148 clt=0 wrkr=10 slot=7 size=17 src=client:0 dst=worker:10
event=resp_rdma_read ts_ns=6201967 id=115 start_ns=4924144 dur_ns=1277823 clt=0 wrkr=8 slot=4 size=409608 src=worker:8 dst=client:0
event=req_send ts_ns=6201967 id=149 clt=0 wrkr=8 slot=6 size=17 src=client:0 dst=worker:8
event=resp_recv_ud ts_ns=6270251 id=148 clt=0 wrkr=10 slot=7 size=41 src=worker:10 dst=client:0
event=resp_recv_ud ts_ns=6272688 id=149 clt=0 wrkr=8 slot=6 size=41 src=worker:8 dst=client:0
event=hand_send ts_ns=6278898 id=148 clt=0 wrkr=10 slot=7 size=10 src=client:0 dst=worker:10
event=hand_send ts_ns=6281335 id=149 clt=0 wrkr=8 slot=6 size=10 src=client:0 dst=worker:8
event=resp_rdma_read ts_ns=6318397 id=106 start_ns=4160632 dur_ns=2157765 clt=0 wrkr=8 slot=3 size=409608 src=worker:8 dst=client:0
event=req_send ts_ns=6318397 id=153 clt=0 wrkr=11 slot=1 size=17 src=client:0 dst=worker:11
event=resp_rdma_read ts_ns=6374070 id=104 start_ns=4055361 dur_ns=2318709 clt=0 wrkr=3 slot=2 size=409608 src=worker:3 dst=client:0
event=req_send ts_ns=6374070 id=155 clt=0 wrkr=2 slot=6 size=17 src=client:0 dst=worker:2
event=resp_recv_ud ts_ns=6390134 id=153 clt=0 wrkr=11 slot=1 size=41 src=worker:11 dst=client:0
event=hand_send ts_ns=6398781 id=153 clt=0 wrkr=11 slot=1 size=10 src=client:0 dst=worker:11
event=resp_rdma_read ts_ns=6410128 id=118 start_ns=5071087 dur_ns=1339041 clt=0 wrkr=5 slot=5 size=409608 src=worker:5 dst=client:0
event=req_send ts_ns=6410128 id=156 clt=0 wrkr=11 slot=2 size=17 src=client:0 dst=worker:11
event=resp_recv_ud ts_ns=6445367 id=155 clt=0 wrkr=2 slot=6 size=41 src=worker:2 dst=client:0
event=hand_send ts_ns=6454014 id=155 clt=0 wrkr=2 slot=6 size=10 src=client:0 dst=worker:2
event=resp_recv_ud ts_ns=6481677 id=156 clt=0 wrkr=11 slot=2 size=41 src=worker:11 dst=client:0
event=hand_send ts_ns=6490324 id=156 clt=0 wrkr=11 slot=2 size=10 src=client:0 dst=worker:11
event=resp_rdma_read ts_ns=6825188 id=123 start_ns=5359134 dur_ns=1466054 clt=0 wrkr=10 slot=6 size=409608 src=worker:10 dst=client:0
event=req_send ts_ns=6825188 id=160 clt=0 wrkr=9 slot=2 size=17 src=client:0 dst=worker:9
event=resp_recv_ud ts_ns=6865171 id=160 clt=0 wrkr=9 slot=2 size=41 src=worker:9 dst=client:0
event=hand_send ts_ns=6873818 id=160 clt=0 wrkr=9 slot=2 size=10 src=client:0 dst=worker:9
event=resp_rdma_read ts_ns=6966769 id=125 start_ns=5450875 dur_ns=1515894 clt=0 wrkr=9 slot=1 size=409608 src=worker:9 dst=client:0
event=req_send ts_ns=6966769 id=162 clt=0 wrkr=11 slot=3 size=17 src=client:0 dst=worker:11
event=resp_rdma_read ts_ns=6987854 id=126 start_ns=5481643 dur_ns=1506211 clt=0 wrkr=4 slot=5 size=409608 src=worker:4 dst=client:0
event=req_send ts_ns=6987854 id=164 clt=0 wrkr=9 slot=3 size=17 src=client:0 dst=worker:9
event=resp_rdma_read ts_ns=7027190 id=130 start_ns=5641568 dur_ns=1385622 clt=0 wrkr=2 slot=5 size=409608 src=worker:2 dst=client:0
event=req_send ts_ns=7027190 id=165 clt=0 wrkr=3 slot=3 size=17 src=client:0 dst=worker:3
event=resp_recv_ud ts_ns=7029595 id=162 clt=0 wrkr=11 slot=3 size=41 src=worker:11 dst=client:0
event=hand_send ts_ns=7038242 id=162 clt=0 wrkr=11 slot=3 size=10 src=client:0 dst=worker:11
event=resp_recv_ud ts_ns=7046160 id=164 clt=0 wrkr=9 slot=3 size=41 src=worker:9 dst=client:0
event=hand_send ts_ns=7054807 id=164 clt=0 wrkr=9 slot=3 size=10 src=client:0 dst=worker:9
event=resp_recv_ud ts_ns=7085058 id=165 clt=0 wrkr=3 slot=3 size=41 src=worker:3 dst=client:0
event=hand_send ts_ns=7093705 id=165 clt=0 wrkr=3 slot=3 size=10 src=client:0 dst=worker:3
event=resp_rdma_read ts_ns=7578547 id=156 start_ns=6490324 dur_ns=1088223 clt=0 wrkr=11 slot=2 size=409608 src=worker:11 dst=client:0
event=req_send ts_ns=7578547 id=171 clt=0 wrkr=8 slot=7 size=17 src=client:0 dst=worker:8
event=resp_recv_ud ts_ns=7634281 id=171 clt=0 wrkr=8 slot=7 size=41 src=worker:8 dst=client:0
event=hand_send ts_ns=7642928 id=171 clt=0 wrkr=8 slot=7 size=10 src=client:0 dst=worker:8
event=resp_rdma_read ts_ns=7672954 id=138 start_ns=5927879 dur_ns=1745075 clt=0 wrkr=0 slot=1 size=409608 src=worker:0 dst=client:0
event=req_send ts_ns=7672954 id=174 clt=0 wrkr=0 slot=2 size=17 src=client:0 dst=worker:0
event=resp_rdma_read ts_ns=7725210 id=137 start_ns=5859584 dur_ns=1865626 clt=0 wrkr=1 slot=3 size=409608 src=worker:1 dst=client:0
event=req_send ts_ns=7725210 id=176 clt=0 wrkr=6 slot=1 size=17 src=client:0 dst=worker:6
event=resp_recv_ud ts_ns=7730277 id=174 clt=0 wrkr=0 slot=2 size=41 src=worker:0 dst=client:0
event=hand_send ts_ns=7738924 id=174 clt=0 wrkr=0 slot=2 size=10 src=client:0 dst=worker:0
event=resp_recv_ud ts_ns=7777252 id=176 clt=0 wrkr=6 slot=1 size=41 src=worker:6 dst=client:0
event=hand_send ts_ns=7785899 id=176 clt=0 wrkr=6 slot=1 size=10 src=client:0 dst=worker:6
event=resp_rdma_read ts_ns=7886174 id=148 start_ns=6278898 dur_ns=1607276 clt=0 wrkr=10 slot=7 size=409608 src=worker:10 dst=client:0
event=req_send ts_ns=7886174 id=181 clt=0 wrkr=7 slot=2 size=17 src=client:0 dst=worker:7
event=resp_rdma_read ts_ns=7935641 id=141 start_ns=6031644 dur_ns=1903997 clt=0 wrkr=8 slot=5 size=409608 src=worker:8 dst=client:0
event=req_send ts_ns=7935641 id=182 clt=0 wrkr=4 slot=6 size=17 src=client:0 dst=worker:4
event=resp_recv_ud ts_ns=7947099 id=181 clt=0 wrkr=7 slot=2 size=41 src=worker:7 dst=client:0
event=hand_send ts_ns=7955746 id=181 clt=0 wrkr=7 slot=2 size=10 src=client:0 dst=worker:7
event=resp_recv_ud ts_ns=7995245 id=182 clt=0 wrkr=4 slot=6 size=41 src=worker:4 dst=client:0
event=hand_send ts_ns=8003892 id=182 clt=0 wrkr=4 slot=6 size=10 src=client:0 dst=worker:4
event=resp_rdma_read ts_ns=8103586 id=165 start_ns=7093705 dur_ns=1009881 clt=0 wrkr=3 slot=3 size=409608 src=worker:3 dst=client:0
event=req_send ts_ns=8103586 id=187 clt=0 wrkr=4 slot=7 size=17 src=client:0 dst=worker:4
event=resp_recv_ud ts_ns=8166806 id=187 clt=0 wrkr=4 slot=7 size=41 src=worker:4 dst=client:0
event=hand_send ts_ns=8175453 id=187 clt=0 wrkr=4 slot=7 size=10 src=client:0 dst=worker:4
event=resp_rdma_read ts_ns=8180838 id=160 start_ns=6873818 dur_ns=1307020 clt=0 wrkr=9 slot=2 size=409608 src=worker:9 dst=client:0
event=req_send ts_ns=8180838 id=190 clt=0 wrkr=10 slot=8 size=17 src=client:0 dst=worker:10
event=resp_recv_ud ts_ns=8246450 id=190 clt=0 wrkr=10 slot=8 size=41 src=worker:10 dst=client:0
event=hand_send ts_ns=8255097 id=190 clt=0 wrkr=10 slot=8 size=10 src=client:0 dst=worker:10
event=resp_rdma_read ts_ns=8339474 id=164 start_ns=7054807 dur_ns=1284667 clt=0 wrkr=9 slot=3 size=409608 src=worker:9 dst=client:0
event=req_send ts_ns=8339474 id=193 clt=0 wrkr=9 slot=4 size=17 src=client:0 dst=worker:9
event=resp_rdma_read ts_ns=8403341 id=162 start_ns=7038242 dur_ns=1365099 clt=0 wrkr=11 slot=3 size=409608 src=worker:11 dst=client:0
event=req_send ts_ns=8403341 id=195 clt=0 wrkr=7 slot=3 size=17 src=client:0 dst=worker:7
event=resp_recv_ud ts_ns=8407477 id=193 clt=0 wrkr=9 slot=4 size=41 src=worker:9 dst=client:0
event=hand_send ts_ns=8416124 id=193 clt=0 wrkr=9 slot=4 size=10 src=client:0 dst=worker:9
event=resp_recv_ud ts_ns=8472018 id=195 clt=0 wrkr=7 slot=3 size=41 src=worker:7 dst=client:0
event=hand_send ts_ns=8480665 id=195 clt=0 wrkr=7 slot=3 size=10 src=client:0 dst=worker:7
event=resp_rdma_read ts_ns=8529431 id=149 start_ns=6281335 dur_ns=2248096 clt=0 wrkr=8 slot=6 size=409608 src=worker:8 dst=client:0
event=req_send ts_ns=8529431 id=200 clt=0 wrkr=7 slot=4 size=17 src=client:0 dst=worker:7
event=resp_rdma_read ts_ns=8569204 id=155 start_ns=6454014 dur_ns=2115190 clt=0 wrkr=2 slot=6 size=409608 src=worker:2 dst=client:0
event=req_send ts_ns=8569204 id=201 clt=0 wrkr=8 slot=8 size=17 src=client:0 dst=worker:8
event=resp_recv_ud ts_ns=8600651 id=200 clt=0 wrkr=7 slot=4 size=41 src=worker:7 dst=client:0
event=hand_send ts_ns=8609298 id=200 clt=0 wrkr=7 slot=4 size=10 src=client:0 dst=worker:7
event=resp_recv_ud ts_ns=8640205 id=201 clt=0 wrkr=8 slot=8 size=41 src=worker:8 dst=client:0
event=hand_send ts_ns=8648852 id=201 clt=0 wrkr=8 slot=8 size=10 src=client:0 dst=worker:8
event=resp_rdma_read ts_ns=8739956 id=153 start_ns=6398781 dur_ns=2341175 clt=0 wrkr=11 slot=1 size=409608 src=worker:11 dst=client:0
event=req_send ts_ns=8739956 id=204 clt=0 wrkr=6 slot=2 size=17 src=client:0 dst=worker:6
event=resp_recv_ud ts_ns=8808335 id=204 clt=0 wrkr=6 slot=2 size=41 src=worker:6 dst=client:0
event=hand_send ts_ns=8816982 id=204 clt=0 wrkr=6 slot=2 size=10 src=client:0 dst=worker:6
event=resp_rdma_read ts_ns=8987279 id=171 start_ns=7642928 dur_ns=1344351 clt=0 wrkr=8 slot=7 size=409608 src=worker:8 dst=client:0
event=req_send ts_ns=8987279 id=209 clt=0 wrkr=8 slot=9 size=17 src=client:0 dst=worker:8
event=resp_recv_ud ts_ns=9043155 id=209 clt=0 wrkr=8 slot=9 size=41 src=worker:8 dst=client:0
event=hand_send ts_ns=9051802 id=209 clt=0 wrkr=8 slot=9 size=10 src=client:0 dst=worker:8
event=resp_rdma_read ts_ns=9143732 id=174 start_ns=7738924 dur_ns=1404808 clt=0 wrkr=0 slot=2 size=409608 src=worker:0 dst=client:0
event=req_send ts_ns=9143732 id=212 clt=0 wrkr=8 slot=10 size=17 src=client:0 dst=worker:8
event=resp_recv_ud ts_ns=9196486 id=212 clt=0 wrkr=8 slot=10 size=41 src=worker:8 dst=client:0
event=hand_send ts_ns=9205133 id=212 clt=0 wrkr=8 slot=10 size=10 src=client:0 dst=worker:8
event=resp_rdma_read ts_ns=9226646 id=176 start_ns=7785899 dur_ns=1440747 clt=0 wrkr=6 slot=1 size=409608 src=worker:6 dst=client:0
event=req_send ts_ns=9226646 id=215 clt=0 wrkr=0 slot=3 size=17 src=client:0 dst=worker:0
event=resp_recv_ud ts_ns=9286976 id=215 clt=0 wrkr=0 slot=3 size=41 src=worker:0 dst=client:0
event=hand_send ts_ns=9295623 id=215 clt=0 wrkr=0 slot=3 size=10 src=client:0 dst=worker:0
event=resp_rdma_read ts_ns=9369618 id=181 start_ns=7955746 dur_ns=1413872 clt=0 wrkr=7 slot=2 size=409608 src=worker:7 dst=client:0
event=req_send ts_ns=9369618 id=217 clt=0 wrkr=5 slot=6 size=17 src=client:0 dst=worker:5
event=resp_recv_ud ts_ns=9415204 id=217 clt=0 wrkr=5 slot=6 size=41 src=worker:5 dst=client:0
event=hand_send ts_ns=9423851 id=217 clt=0 wrkr=5 slot=6 size=10 src=client:0 dst=worker:5
event=resp_rdma_read ts_ns=9492187 id=182 start_ns=8003892 dur_ns=1488295 clt=0 wrkr=4 slot=6 size=409608 src=worker:4 dst=client:0
event=req_send ts_ns=9492187 id=218 clt=0 wrkr=7 slot=5 size=17 src=client:0 dst=worker:7
event=resp_recv_ud ts_ns=9533798 id=218 clt=0 wrkr=7 slot=5 size=41 src=worker:7 dst=client:0
event=hand_send ts_ns=9542445 id=218 clt=0 wrkr=7 slot=5 size=10 src=client:0 dst=worker:7
event=resp_rdma_read ts_ns=9851183 id=187 start_ns=8175453 dur_ns=1675730 clt=0 wrkr=4 slot=7 size=409608 src=worker:4 dst=client:0
event=req_send ts_ns=9851183 id=224 clt=0 wrkr=11 slot=4 size=17 src=client:0 dst=worker:11
event=resp_recv_ud ts_ns=9910628 id=224 clt=0 wrkr=11 slot=4 size=41 src=worker:11 dst=client:0
event=hand_send ts_ns=9919275 id=224 clt=0 wrkr=11 slot=4 size=10 src=client:0 dst=worker:11
event=resp_rdma_read ts_ns=9948156 id=204 start_ns=8816982 dur_ns=1131174 clt=0 wrkr=6 slot=2 size=409608 src=worker:6 dst=client:0
event=req_send ts_ns=9948156 id=226 clt=0 wrkr=3 slot=4 size=17 src=client:0 dst=worker:3
event=resp_recv_ud ts_ns=10003554 id=226 clt=0 wrkr=3 slot=4 size=41 src=worker:3 dst=client:0
event=hand_send ts_ns=10012201 id=226 clt=0 wrkr=3 slot=4 size=10 src=client:0 dst=worker:3
event=resp_rdma_read ts_ns=10034981 id=195 start_ns=8480665 dur_ns=1554316 clt=0 wrkr=7 slot=3 size=409608 src=worker:7 dst=client:0
event=req_send ts_ns=10034981 id=229 clt=0 wrkr=3 slot=5 size=17 src=client:0 dst=worker:3
event=resp_rdma_read ts_ns=10040003 id=190 start_ns=8255097 dur_ns=1784906 clt=0 wrkr=10 slot=8 size=409608 src=worker:10 dst=client:0
event=req_send ts_ns=10040003 id=230 clt=0 wrkr=8 slot=11 size=17 src=client:0 dst=worker:8
event=resp_recv_ud ts_ns=10093686 id=229 clt=0 wrkr=3 slot=5 size=41 src=worker:3 dst=client:0
event=resp_recv_ud ts_ns=10098813 id=230 clt=0 wrkr=8 slot=11 size=41 src=worker:8 dst=client:0
event=hand_send ts_ns=10102333 id=229 clt=0 wrkr=3 slot=5 size=10 src=client:0 dst=worker:3
event=hand_send ts_ns=10107460 id=230 clt=0 wrkr=8 slot=11 size=10 src=client:0 dst=worker:8
event=resp_rdma_read ts_ns=10417227 id=193 start_ns=8416124 dur_ns=2001103 clt=0 wrkr=9 slot=4 size=409608 src=worker:9 dst=client:0
event=req_send ts_ns=10417227 id=238 clt=0 wrkr=0 slot=4 size=17 src=client:0 dst=worker:0
event=resp_rdma_read ts_ns=10444757 id=209 start_ns=9051802 dur_ns=1392955 clt=0 wrkr=8 slot=9 size=409608 src=worker:8 dst=client:0
event=req_send ts_ns=10444757 id=240 clt=0 wrkr=9 slot=5 size=17 src=client:0 dst=worker:9
event=resp_recv_ud ts_ns=10480654 id=238 clt=0 wrkr=0 slot=4 size=41 src=worker:0 dst=client:0
event=hand_send ts_ns=10489301 id=238 clt=0 wrkr=0 slot=4 size=10 src=client:0 dst=worker:0
event=resp_recv_ud ts_ns=10509128 id=240 clt=0 wrkr=9 slot=5 size=41 src=worker:9 dst=client:0
event=hand_send ts_ns=10517775 id=240 clt=0 wrkr=9 slot=5 size=10 src=client:0 dst=worker:9
event=resp_rdma_read ts_ns=10563372 id=200 start_ns=8609298 dur_ns=1954074 clt=0 wrkr=7 slot=4 size=409608 src=worker:7 dst=client:0
event=req_send ts_ns=10563372 id=243 clt=0 wrkr=9 slot=6 size=17 src=client:0 dst=worker:9
event=resp_recv_ud ts_ns=10630277 id=243 clt=0 wrkr=9 slot=6 size=41 src=worker:9 dst=client:0
event=hand_send ts_ns=10638924 id=243 clt=0 wrkr=9 slot=6 size=10 src=client:0 dst=worker:9
event=resp_rdma_read ts_ns=10664310 id=201 start_ns=8648852 dur_ns=2015458 clt=0 wrkr=8 slot=8 size=409608 src=worker:8 dst=client:0
event=req_send ts_ns=10664310 id=248 clt=0 wrkr=6 slot=3 size=17 src=client:0 dst=worker:6
event=resp_rdma_read ts_ns=10686425 id=212 start_ns=9205133 dur_ns=1481292 clt=0 wrkr=8 slot=10 size=409608 src=worker:8 dst=client:0
event=req_send ts_ns=10686425 id=250 clt=0 wrkr=7 slot=6 size=17 src=client:0 dst=worker:7
event=resp_rdma_read ts_ns=10699475 id=217 start_ns=9423851 dur_ns=1275624 clt=0 wrkr=5 slot=6 size=409608 src=worker:5 dst=client:0
event=req_send ts_ns=10699475 id=251 clt=0 wrkr=5 slot=7 size=17 src=client:0 dst=worker:5
event=resp_recv_ud ts_ns=10733678 id=248 clt=0 wrkr=6 slot=3 size=41 src=worker:6 dst=client:0
event=hand_send ts_ns=10742325 id=248 clt=0 wrkr=6 slot=3 size=10 src=client:0 dst=worker:6
event=resp_rdma_read ts_ns=10745135 id=215 start_ns=9295623 dur_ns=1449512 clt=0 wrkr=0 slot=3 size=409608 src=worker:0 dst=client:0
event=req_send ts_ns=10745135 id=253 clt=0 wrkr=5 slot=8 size=17 src=client:0 dst=worker:5
event=resp_recv_ud ts_ns=10756168 id=250 clt=0 wrkr=7 slot=6 size=41 src=worker:7 dst=client:0
event=hand_send ts_ns=10764815 id=250 clt=0 wrkr=7 slot=6 size=10 src=client:0 dst=worker:7
event=resp_recv_ud ts_ns=10769500 id=251 clt=0 wrkr=5 slot=7 size=41 src=worker:5 dst=client:0
event=hand_send ts_ns=10778147 id=251 clt=0 wrkr=5 slot=7 size=10 src=client:0 dst=worker:5
event=resp_rdma_read ts_ns=10803094 id=218 start_ns=9542445 dur_ns=1260649 clt=0 wrkr=7 slot=5 size=409608 src=worker:7 dst=client:0
event=req_send ts_ns=10803094 id=254 clt=0 wrkr=5 slot=9 size=17 src=client:0 dst=worker:5
event=resp_recv_ud ts_ns=10816048 id=253 clt=0 wrkr=5 slot=8 size=41 src=worker:5 dst=client:0
event=hand_send ts_ns=10824695 id=253 clt=0 wrkr=5 slot=8 size=10 src=client:0 dst=worker:5
event=resp_recv_ud ts_ns=10874669 id=254 clt=0 wrkr=5 slot=9 size=41 src=worker:5 dst=client:0
event=hand_send ts_ns=10883316 id=254 clt=0 wrkr=5 slot=9 size=10 src=client:0 dst=worker:5
event=resp_rdma_read ts_ns=11295459 id=224 start_ns=9919275 dur_ns=1376184 clt=0 wrkr=11 slot=4 size=409608 src=worker:11 dst=client:0
event=req_send ts_ns=11295459 id=260 clt=0 wrkr=1 slot=4 size=17 src=client:0 dst=worker:1
event=resp_recv_ud ts_ns=11350309 id=260 clt=0 wrkr=1 slot=4 size=41 src=worker:1 dst=client:0
event=hand_send ts_ns=11358956 id=260 clt=0 wrkr=1 slot=4 size=10 src=client:0 dst=worker:1
event=resp_rdma_read ts_ns=11433674 id=226 start_ns=10012201 dur_ns=1421473 clt=0 wrkr=3 slot=4 size=409608 src=worker:3 dst=client:0
event=req_send ts_ns=11433674 id=264 clt=0 wrkr=3 slot=6 size=17 src=client:0 dst=worker:3
event=resp_recv_ud ts_ns=11491388 id=264 clt=0 wrkr=3 slot=6 size=41 src=worker:3 dst=client:0
event=hand_send ts_ns=11500035 id=264 clt=0 wrkr=3 slot=6 size=10 src=client:0 dst=worker:3
event=resp_rdma_read ts_ns=11546665 id=229 start_ns=10102333 dur_ns=1444332 clt=0 wrkr=3 slot=5 size=409608 src=worker:3 dst=client:0
event=req_send ts_ns=11546665 id=266 clt=0 wrkr=2 slot=7 size=17 src=client:0 dst=worker:2
event=resp_rdma_read ts_ns=11568835 id=230 start_ns=10107460 dur_ns=1461375 clt=0 wrkr=8 slot=11 size=409608 src=worker:8 dst=client:0
event=req_send ts_ns=11568835 id=267 clt=0 wrkr=5 slot=10 size=17 src=client:0 dst=worker:5
event=resp_recv_ud ts_ns=11600899 id=266 clt=0 wrkr=2 slot=7 size=41 src=worker:2 dst=client:0
event=hand_send ts_ns=11609546 id=266 clt=0 wrkr=2 slot=7 size=10 src=client:0 dst=worker:2
event=resp_recv_ud ts_ns=11619567 id=267 clt=0 wrkr=5 slot=10 size=41 src=worker:5 dst=client:0
event=hand_send ts_ns=11628214 id=267 clt=0 wrkr=5 slot=10 size=10 src=client:0 dst=worker:5
event=resp_rdma_read ts_ns=11933590 id=240 start_ns=10517775 dur_ns=1415815 clt=0 wrkr=9 slot=5 size=409608 src=worker:9 dst=client:0
event=req_send ts_ns=11933590 id=271 clt=0 wrkr=5 slot=11 size=17 src=client:0 dst=worker:5
event=resp_recv_ud ts_ns=11991844 id=271 clt=0 wrkr=5 slot=11 size=41 src=worker:5 dst=client:0
event=hand_send ts_ns=12000491 id=271 clt=0 wrkr=5 slot=11 size=10 src=client:0 dst=worker:5
event=resp_rdma_read ts_ns=12219491 id=238 start_ns=10489301 dur_ns=1730190 clt=0 wrkr=0 slot=4 size=409608 src=worker:0 dst=client:0
event=req_send ts_ns=12219491 id=276 clt=0 wrkr=10 slot=9 size=17 src=client:0 dst=worker:10
event=resp_recv_ud ts_ns=12275953 id=276 clt=0 wrkr=10 slot=9 size=41 src=worker:10 dst=client:0
event=hand_send ts_ns=12284600 id=276 clt=0 wrkr=10 slot=9 size=10 src=client:0 dst=worker:10
event=resp_rdma_read ts_ns=12653648 id=243 start_ns=10638924 dur_ns=2014724 clt=0 wrkr=9 slot=6 size=409608 src=worker:9 dst=client:0
event=req_send ts_ns=12653648 id=283 clt=0 wrkr=1 slot=5 size=17 src=client:0 dst=worker:1
event=resp_recv_ud ts_ns=12704770 id=283 clt=0 wrkr=1 slot=5 size=41 src=worker:1 dst=client:0
event=hand_send ts_ns=12713417 id=283 clt=0 wrkr=1 slot=5 size=10 src=client:0 dst=worker:1
event=resp_rdma_read ts_ns=12736325 id=260 start_ns=11358956 dur_ns=1377369 clt=0 wrkr=1 slot=4 size=409608 src=worker:1 dst=client:0
event=req_send ts_ns=12736325 id=288 clt=0 wrkr=4 slot=8 size=17 src=client:0 dst=worker:4
event=resp_recv_ud ts_ns=12797163 id=288 clt=0 wrkr=4 slot=8 size=41 src=worker:4 dst=client:0
event=hand_send ts_ns=12805810 id=288 clt=0 wrkr=4 slot=8 size=10 src=client:0 dst=worker:4
event=resp_rdma_read ts_ns=12821526 id=267 start_ns=11628214 dur_ns=1193312 clt=0 wrkr=5 slot=10 size=409608 src=worker:5 dst=client:0
event=req_send ts_ns=12821526 id=291 clt=0 wrkr=6 slot=4 size=17 src=client:0 dst=worker:6
event=resp_rdma_read ts_ns=12821825 id=254 start_ns=10883316 dur_ns=1938509 clt=0 wrkr=5 slot=9 size=409608 src=worker:5 dst=client:0
event=req_send ts_ns=12821825 id=292 clt=0 wrkr=5 slot=0 size=17 src=client:0 dst=worker:5
event=resp_rdma_read ts_ns=12853708 id=264 start_ns=11500035 dur_ns=1353673 clt=0 wrkr=3 slot=6 size=409608 src=worker:3 dst=client:0
event=req_send ts_ns=12853708 id=294 clt=0 wrkr=6 slot=5 size=17 src=client:0 dst=worker:6
event=resp_rdma_read ts_ns=12881368 id=253 start_ns=10824695 dur_ns=2056673 clt=0 wrkr=5 slot=8 size=409608 src=worker:5 dst=client:0
event=req_send ts_ns=12881368 id=296 clt=0 wrkr=11 slot=5 size=17 src=client:0 dst=worker:11
event=resp_recv_ud ts_ns=12884911 id=292 clt=0 wrkr=5 slot=0 size=41 src=worker:5 dst=client:0
event=resp_recv_ud ts_ns=12885138 id=291 clt=0 wrkr=6 slot=4 size=41 src=worker:6 dst=client:0
event=resp_rdma_read ts_ns=12887309 id=250 start_ns=10764815 dur_ns=2122494 clt=0 wrkr=7 slot=6 size=409608 src=worker:7 dst=client:0
event=req_send ts_ns=12887309 id=297 clt=0 wrkr=5 slot=1 size=17 src=client:0 dst=worker:5
event=hand_send ts_ns=12893558 id=292 clt=0 wrkr=5 slot=0 size=10 src=client:0 dst=worker:5
event=hand_send ts_ns=12893785 id=291 clt=0 wrkr=6 slot=4 size=10 src=client:0 dst=worker:6
event=resp_recv_ud ts_ns=12918774 id=294 clt=0 wrkr=6 slot=5 size=41 src=worker:6 dst=client:0
event=hand_send ts_ns=12927421 id=294 clt=0 wrkr=6 slot=5 size=10 src=client:0 dst=worker:6
event=resp_recv_ud ts_ns=12944062 id=296 clt=0 wrkr=11 slot=5 size=41 src=worker:11 dst=client:0
event=hand_send ts_ns=12952709 id=296 clt=0 wrkr=11 slot=5 size=10 src=client:0 dst=worker:11
event=resp_recv_ud ts_ns=12953913 id=297 clt=0 wrkr=5 slot=1 size=41 src=worker:5 dst=client:0
event=hand_send ts_ns=12962560 id=297 clt=0 wrkr=5 slot=1 size=10 src=client:0 dst=worker:5
event=resp_rdma_read ts_ns=13029173 id=266 start_ns=11609546 dur_ns=1419627 clt=0 wrkr=2 slot=7 size=409608 src=worker:2 dst=client:0
event=req_send ts_ns=13029173 id=302 clt=0 wrkr=2 slot=8 size=17 src=client:0 dst=worker:2
event=resp_rdma_read ts_ns=13052444 id=248 start_ns=10742325 dur_ns=2310119 clt=0 wrkr=6 slot=3 size=409608 src=worker:6 dst=client:0
event=req_send ts_ns=13052444 id=304 clt=0 wrkr=11 slot=6 size=17 src=client:0 dst=worker:11
event=resp_recv_ud ts_ns=13099476 id=302 clt=0 wrkr=2 slot=8 size=41 src=worker:2 dst=client:0
event=hand_send ts_ns=13108123 id=302 clt=0 wrkr=2 slot=8 size=10 src=client:0 dst=worker:2
event=resp_recv_ud ts_ns=13123084 id=304 clt=0 wrkr=11 slot=6 size=41 src=worker:11 dst=client:0
event=hand_send ts_ns=13131731 id=304 clt=0 wrkr=11 slot=6 size=10 src=client:0 dst=worker:11
event=resp_rdma_read ts_ns=13221967 id=251 start_ns=10778147 dur_ns=2443820 clt=0 wrkr=5 slot=7 size=409608 src=worker:5 dst=client:0
event=req_send ts_ns=13221967 id=307 clt=0 wrkr=6 slot=6 size=17 src=client:0 dst=worker:6
event=resp_recv_ud ts_ns=13271311 id=307 clt=0 wrkr=6 slot=6 size=41 src=worker:6 dst=client:0
event=hand_send ts_ns=13279958 id=307 clt=0 wrkr=6 slot=6 size=10 src=client:0 dst=worker:6
event=resp_rdma_read ts_ns=13332240 id=276 start_ns=12284600 dur_ns=1047640 clt=0 wrkr=10 slot=9 size=409608 src=worker:10 dst=client:0
event=req_send ts_ns=13332240 id=308 clt=0 wrkr=10 slot=10 size=17 src=client:0 dst=worker:10
event=resp_recv_ud ts_ns=13378619 id=308 clt=0 wrkr=10 slot=10 size=41 src=worker:10 dst=client:0
event=hand_send ts_ns=13387266 id=308 clt=0 wrkr=10 slot=10 size=10 src=client:0 dst=worker:10
event=resp_rdma_read ts_ns=13424849 id=271 start_ns=12000491 dur_ns=1424358 clt=0 wrkr=5 slot=11 size=409608 src=worker:5 dst=client:0
event=req_send ts_ns=13424849 id=309 clt=0 wrkr=11 slot=7 size=17 src=client:0 dst=worker:11
event=resp_recv_ud ts_ns=13474823 id=309 clt=0 wrkr=11 slot=7 size=41 src=worker:11 dst=client:0
event=hand_send ts_ns=13483470 id=309 clt=0 wrkr=11 slot=7 size=10 src=client:0 dst=worker:11
event=resp_rdma_read ts_ns=14220990 id=283 start_ns=12713417 dur_ns=1507573 clt=0 wrkr=1 slot=5 size=409608 src=worker:1 dst=client:0
event=req_send ts_ns=14220990 id=321 clt=0 wrkr=3 slot=7 size=17 src=client:0 dst=worker:3
event=resp_recv_ud ts_ns=14269091 id=321 clt=0 wrkr=3 slot=7 size=41 src=worker:3 dst=client:0
event=hand_send ts_ns=14277738 id=321 clt=0 wrkr=3 slot=7 size=10 src=client:0 dst=worker:3
event=resp_rdma_read ts_ns=14408408 id=307 start_ns=13279958 dur_ns=1128450 clt=0 wrkr=6 slot=6 size=409608 src=worker:6 dst=client:0
event=req_send ts_ns=14408408 id=326 clt=0 wrkr=8 slot=0 size=17 src=client:0 dst=worker:8
event=resp_rdma_read ts_ns=14419799 id=296 start_ns=12952709 dur_ns=1467090 clt=0 wrkr=11 slot=5 size=409608 src=worker:11 dst=client:0
event=req_send ts_ns=14419799 id=328 clt=0 wrkr=2 slot=9 size=17 src=client:0 dst=worker:2
event=resp_rdma_read ts_ns=14440661 id=288 start_ns=12805810 dur_ns=1634851 clt=0 wrkr=4 slot=8 size=409608 src=worker:4 dst=client:0
event=req_send ts_ns=14440661 id=329 clt=0 wrkr=3 slot=8 size=17 src=client:0 dst=worker:3
event=resp_recv_ud ts_ns=14467766 id=326 clt=0 wrkr=8 slot=0 size=41 src=worker:8 dst=client:0
event=hand_send ts_ns=14476413 id=326 clt=0 wrkr=8 slot=0 size=10 src=client:0 dst=worker:8
event=resp_recv_ud ts_ns=14479054 id=328 clt=0 wrkr=2 slot=9 size=41 src=worker:2 dst=client:0
event=hand_send ts_ns=14487701 id=328 clt=0 wrkr=2 slot=9 size=10 src=client:0 dst=worker:2
event=resp_recv_ud ts_ns=14500664 id=329 clt=0 wrkr=3 slot=8 size=41 src=worker:3 dst=client:0
event=hand_send ts_ns=14509311 id=329 clt=0 wrkr=3 slot=8 size=10 src=client:0 dst=worker:3
event=resp_rdma_read ts_ns=14550866 id=309 start_ns=13483470 dur_ns=1067396 clt=0 wrkr=11 slot=7 size=409608 src=worker:11 dst=client:0
event=req_send ts_ns=14550866 id=331 clt=0 wrkr=11 slot=8 size=17 src=client:0 dst=worker:11
event=resp_rdma_read ts_ns=14579728 id=308 start_ns=13387266 dur_ns=1192462 clt=0 wrkr=10 slot=10 size=409608 src=worker:10 dst=client:0
event=req_send ts_ns=14579728 id=332 clt=0 wrkr=5 slot=2 size=17 src=client:0 dst=worker:5
event=resp_recv_ud ts_ns=14613490 id=331 clt=0 wrkr=11 slot=8 size=41 src=worker:11 dst=client:0
event=hand_send ts_ns=14622137 id=331 clt=0 wrkr=11 slot=8 size=10 src=client:0 dst=worker:11
event=resp_recv_ud ts_ns=14635160 id=332 clt=0 wrkr=5 slot=2 size=41 src=worker:5 dst=client:0
event=hand_send ts_ns=14643807 id=332 clt=0 wrkr=5 slot=2 size=10 src=client:0 dst=worker:5
event=resp_rdma_read ts_ns=14652050 id=304 start_ns=13131731 dur_ns=1520319 clt=0 wrkr=11 slot=6 size=409608 src=worker:11 dst=client:0
event=req_send ts_ns=14652050 id=334 clt=0 wrkr=2 slot=10 size=17 src=client:0 dst=worker:2
event=resp_recv_ud ts_ns=14716341 id=334 clt=0 wrkr=2 slot=10 size=41 src=worker:2 dst=client:0
event=resp_rdma_read ts_ns=14722182 id=291 start_ns=12893785 dur_ns=1828397 clt=0 wrkr=6 slot=4 size=409608 src=worker:6 dst=client:0
event=req_send ts_ns=14722182 id=335 clt=0 wrkr=10 slot=11 size=17 src=client:0 dst=worker:10
event=hand_send ts_ns=14724988 id=334 clt=0 wrkr=2 slot=10 size=10 src=client:0 dst=worker:2
event=resp_rdma_read ts_ns=14732245 id=292 start_ns=12893558 dur_ns=1838687 clt=0 wrkr=5 slot=0 size=409608 src=worker:5 dst=client:0
event=req_send ts_ns=14732245 id=336 clt=0 wrkr=11 slot=9 size=17 src=client:0 dst=worker:11
event=resp_rdma_read ts_ns=14741373 id=297 start_ns=12962560 dur_ns=1778813 clt=0 wrkr=5 slot=1 size=409608 src=worker:5 dst=client:0
event=req_send ts_ns=14741373 id=337 clt=0 wrkr=9 slot=7 size=17 src=client:0 dst=worker:9
event=resp_recv_ud ts_ns=14788171 id=335 clt=0 wrkr=10 slot=11 size=41 src=worker:10 dst=client:0
event=hand_send ts_ns=14796818 id=335 clt=0 wrkr=10 slot=11 size=10 src=client:0 dst=worker:10
event=resp_recv_ud ts_ns=14798063 id=336 clt=0 wrkr=11 slot=9 size=41 src=worker:11 dst=client:0
event=hand_send ts_ns=14806710 id=336 clt=0 wrkr=11 slot=9 size=10 src=client:0 dst=worker:11
event=resp_recv_ud ts_ns=14807004 id=337 clt=0 wrkr=9 slot=7 size=41 src=worker:9 dst=client:0
event=hand_send ts_ns=14815651 id=337 clt=0 wrkr=9 slot=7 size=10 src=client:0 dst=worker:9
event=resp_rdma_read ts_ns=14859557 id=294 start_ns=12927421 dur_ns=1932136 clt=0 wrkr=6 slot=5 size=409608 src=worker:6 dst=client:0
event=req_send ts_ns=14859557 id=339 clt=0 wrkr=2 slot=11 size=17 src=client:0 dst=worker:2
event=resp_recv_ud ts_ns=14926912 id=339 clt=0 wrkr=2 slot=11 size=41 src=worker:2 dst=client:0
event=hand_send ts_ns=14935559 id=339 clt=0 wrkr=2 slot=11 size=10 src=client:0 dst=worker:2
event=resp_rdma_read ts_ns=15454274 id=302 start_ns=13108123 dur_ns=2346151 clt=0 wrkr=2 slot=8 size=409608 src=worker:2 dst=client:0
event=req_send ts_ns=15454274 id=351 clt=0 wrkr=6 slot=7 size=17 src=client:0 dst=worker:6
event=resp_rdma_read ts_ns=15492937 id=321 start_ns=14277738 dur_ns=1215199 clt=0 wrkr=3 slot=7 size=409608 src=worker:3 dst=client:0
event=req_send ts_ns=15492937 id=353 clt=0 wrkr=3 slot=9 size=17 src=client:0 dst=worker:3
event=resp_recv_ud ts_ns=15509884 id=351 clt=0 wrkr=6 slot=7 size=41 src=worker:6 dst=client:0
event=hand_send ts_ns=15518531 id=351 clt=0 wrkr=6 slot=7 size=10 src=client:0 dst=worker:6
event=resp_recv_ud ts_ns=15553249 id=353 clt=0 wrkr=3 slot=9 size=41 src=worker:3 dst=client:0
event=hand_send ts_ns=15561896 id=353 clt=0 wrkr=3 slot=9 size=10 src=client:0 dst=worker:3
event=resp_rdma_read ts_ns=15860632 id=329 start_ns=14509311 dur_ns=1351321 clt=0 wrkr=3 slot=8 size=409608 src=worker:3 dst=client:0
event=req_send ts_ns=15860632 id=362 clt=0 wrkr=7 slot=7 size=17 src=client:0 dst=worker:7
event=resp_recv_ud ts_ns=15925328 id=362 clt=0 wrkr=7 slot=7 size=41 src=worker:7 dst=client:0
event=hand_send ts_ns=15933975 id=362 clt=0 wrkr=7 slot=7 size=10 src=client:0 dst=worker:7
event=resp_rdma_read ts_ns=15952454 id=326 start_ns=14476413 dur_ns=1476041 clt=0 wrkr=8 slot=0 size=409608 src=worker:8 dst=client:0
event=req_send ts_ns=15952454 id=363 clt=0 wrkr=1 slot=6 size=17 src=client:0 dst=worker:1
event=resp_rdma_read ts_ns=15989136 id=332 start_ns=14643807 dur_ns=1345329 clt=0 wrkr=5 slot=2 size=409608 src=worker:5 dst=client:0
event=req_send ts_ns=15989136 id=364 clt=0 wrkr=10 slot=0 size=17 src=client:0 dst=worker:10
event=resp_rdma_read ts_ns=15996335 id=328 start_ns=14487701 dur_ns=1508634 clt=0 wrkr=2 slot=9 size=409608 src=worker:2 dst=client:0
event=req_send ts_ns=15996335 id=365 clt=0 wrkr=4 slot=9 size=17 src=client:0 dst=worker:4
event=resp_recv_ud ts_ns=16017679 id=363 clt=0 wrkr=1 slot=6 size=41 src=worker:1 dst=client:0
event=hand_send ts_ns=16026326 id=363 clt=0 wrkr=1 slot=6 size=10 src=client:0 dst=worker:1
event=resp_recv_ud ts_ns=16047311 id=364 clt=0 wrkr=10 slot=0 size=41 src=worker:10 dst=client:0
event=hand_send ts_ns=16055958 id=364 clt=0 wrkr=10 slot=0 size=10 src=client:0 dst=worker:10
event=resp_recv_ud ts_ns=16062242 id=365 clt=0 wrkr=4 slot=9 size=41 src=worker:4 dst=client:0
event=hand_send ts_ns=16070889 id=365 clt=0 wrkr=4 slot=9 size=10 src=client:0 dst=worker:4
event=resp_rdma_read ts_ns=16206389 id=331 start_ns=14622137 dur_ns=1584252 clt=0 wrkr=11 slot=8 size=409608 src=worker:11 dst=client:0
event=req_send ts_ns=16206389 id=368 clt=0 wrkr=1 slot=7 size=17 src=client:0 dst=worker:1
event=resp_rdma_read ts_ns=16263673 id=334 start_ns=14724988 dur_ns=1538685 clt=0 wrkr=2 slot=10 size=409608 src=worker:2 dst=client:0
event=req_send ts_ns=16263673 id=369 clt=0 wrkr=3 slot=10 size=17 src=client:0 dst=worker:3
event=resp_recv_ud ts_ns=16269915 id=368 clt=0 wrkr=1 slot=7 size=41 src=worker:1 dst=client:0
event=hand_send ts_ns=16278562 id=368 clt=0 wrkr=1 slot=7 size=10 src=client:0 dst=worker:1
event=resp_recv_ud ts_ns=16324248 id=369 clt=0 wrkr=3 slot=10 size=41 src=worker:3 dst=client:0
event=hand_send ts_ns=16332895 id=369 clt=0 wrkr=3 slot=10 size=10 src=client:0 dst=worker:3
event=resp_rdma_read ts_ns=16383568 id=339 start_ns=14935559 dur_ns=1448009 clt=0 wrkr=2 slot=11 size=409608 src=worker:2 dst=client:0
event=req_send ts_ns=16383568 id=371 clt=0 wrkr=8 slot=1 size=17 src=client:0 dst=worker:8
event=resp_rdma_read ts_ns=16404413 id=336 start_ns=14806710 dur_ns=1597703 clt=0 wrkr=11 slot=9 size=409608 src=worker:11 dst=client:0
event=req_send ts_ns=16404413 id=372 clt=0 wrkr=5 slot=3 size=17 src=client:0 dst=worker:5
event=resp_recv_ud ts_ns=16445341 id=371 clt=0 wrkr=8 slot=1 size=41 src=worker:8 dst=client:0
event=hand_send ts_ns=16453988 id=371 clt=0 wrkr=8 slot=1 size=10 src=client:0 dst=worker:8
event=resp_recv_ud ts_ns=16461778 id=372 clt=0 wrkr=5 slot=3 size=41 src=worker:5 dst=client:0
event=hand_send ts_ns=16470425 id=372 clt=0 wrkr=5 slot=3 size=10 src=client:0 dst=worker:5
event=resp_rdma_read ts_ns=16511437 id=337 start_ns=14815651 dur_ns=1695786 clt=0 wrkr=9 slot=7 size=409608 src=worker:9 dst=client:0
event=req_send ts_ns=16511437 id=374 clt=0 wrkr=7 slot=8 size=17 src=client:0 dst=worker:7
event=resp_rdma_read ts_ns=16550549 id=335 start_ns=14796818 dur_ns=1753731 clt=0 wrkr=10 slot=11 size=409608 src=worker:10 dst=client:0
event=req_send ts_ns=16550549 id=375 clt=0 wrkr=11 slot=10 size=17 src=client:0 dst=worker:11
event=resp_recv_ud ts_ns=16562138 id=374 clt=0 wrkr=7 slot=8 size=41 src=worker:7 dst=client:0
event=hand_send ts_ns=16570785 id=374 clt=0 wrkr=7 slot=8 size=10 src=client:0 dst=worker:7
event=resp_recv_ud ts_ns=16610489 id=375 clt=0 wrkr=11 slot=10 size=41 src=worker:11 dst=client:0
event=hand_send ts_ns=16619136 id=375 clt=0 wrkr=11 slot=10 size=10 src=client:0 dst=worker:11
event=resp_rdma_read ts_ns=16671866 id=353 start_ns=15561896 dur_ns=1109970 clt=0 wrkr=3 slot=9 size=409608 src=worker:3 dst=client:0
event=req_send ts_ns=16671866 id=378 clt=0 wrkr=5 slot=4 size=17 src=client:0 dst=worker:5
event=resp_recv_ud ts_ns=16728152 id=378 clt=0 wrkr=5 slot=4 size=41 src=worker:5 dst=client:0
event=hand_send ts_ns=16736799 id=378 clt=0 wrkr=5 slot=4 size=10 src=client:0 dst=worker:5
event=resp_rdma_read ts_ns=16926687 id=351 start_ns=15518531 dur_ns=1408156 clt=0 wrkr=6 slot=7 size=409608 src=worker:6 dst=client:0
event=req_send ts_ns=16926687 id=387 clt=0 wrkr=5 slot=5 size=17 src=client:0 dst=worker:5
event=resp_recv_ud ts_ns=16989483 id=387 clt=0 wrkr=5 slot=5 size=41 src=worker:5 dst=client:0
event=hand_send ts_ns=16998130 id=387 clt=0 wrkr=5 slot=5 size=10 src=client:0 dst=worker:5
event=resp_rdma_read ts_ns=17483193 id=369 start_ns=16332895 dur_ns=1150298 clt=0 wrkr=3 slot=10 size=409608 src=worker:3 dst=client:0
event=req_send ts_ns=17483193 id=398 clt=0 wrkr=0 slot=5 size=17 src=client:0 dst=worker:0
event=resp_rdma_read ts_ns=17493923 id=362 start_ns=15933975 dur_ns=1559948 clt=0 wrkr=7 slot=7 size=409608 src=worker:7 dst=client:0
event=req_send ts_ns=17493923 id=399 clt=0 wrkr=1 slot=8 size=17 src=client:0 dst=worker:1
event=resp_rdma_read ts_ns=17522497 id=365 start_ns=16070889 dur_ns=1451608 clt=0 wrkr=4 slot=9 size=409608 src=worker:4 dst=client:0
event=req_send ts_ns=17522497 id=400 clt=0 wrkr=8 slot=2 size=17 src=client:0 dst=worker:8
event=resp_recv_ud ts_ns=17545762 id=398 clt=0 wrkr=0 slot=5 size=41 src=worker:0 dst=client:0
event=hand_send ts_ns=17554409 id=398 clt=0 wrkr=0 slot=5 size=10 src=client:0 dst=worker:0
event=resp_recv_ud ts_ns=17557423 id=399 clt=0 wrkr=1 slot=8 size=41 src=worker:1 dst=client:0
event=hand_send ts_ns=17566070 id=399 clt=0 wrkr=1 slot=8 size=10 src=client:0 dst=worker:1
event=resp_recv_ud ts_ns=17584704 id=400 clt=0 wrkr=8 slot=2 size=41 src=worker:8 dst=client:0
event=hand_send ts_ns=17593351 id=400 clt=0 wrkr=8 slot=2 size=10 src=client:0 dst=worker:8
event=resp_rdma_read ts_ns=17677999 id=372 start_ns=16470425 dur_ns=1207574 clt=0 wrkr=5 slot=3 size=409608 src=worker:5 dst=client:0
event=req_send ts_ns=17677999 id=404 clt=0 wrkr=9 slot=8 size=17 src=client:0 dst=worker:9
event=resp_recv_ud ts_ns=17728378 id=404 clt=0 wrkr=9 slot=8 size=41 src=worker:9 dst=client:0
event=resp_rdma_read ts_ns=17732403 id=363 start_ns=16026326 dur_ns=1706077 clt=0 wrkr=1 slot=6 size=409608 src=worker:1 dst=client:0
event=req_send ts_ns=17732403 id=405 clt=0 wrkr=11 slot=11 size=17 src=client:0 dst=worker:11
event=hand_send ts_ns=17737025 id=404 clt=0 wrkr=9 slot=8 size=10 src=client:0 dst=worker:9
event=resp_rdma_read ts_ns=17770848 id=371 start_ns=16453988 dur_ns=1316860 clt=0 wrkr=8 slot=1 size=409608 src=worker:8 dst=client:0
event=req_send ts_ns=17770848 id=406 clt=0 wrkr=0 slot=6 size=17 src=client:0 dst=worker:0
event=resp_recv_ud ts_ns=17789215 id=405 clt=0 wrkr=11 slot=11 size=41 src=worker:11 dst=client:0
event=hand_send ts_ns=17797862 id=405 clt=0 wrkr=11 slot=11 size=10 src=client:0 dst=worker:11
event=resp_rdma_read ts_ns=17827783 id=364 start_ns=16055958 dur_ns=1771825 clt=0 wrkr=10 slot=0 size=409608 src=worker:10 dst=client:0
event=req_send ts_ns=17827783 id=407 clt=0 wrkr=0 slot=7 size=17 src=client:0 dst=worker:0
event=resp_recv_ud ts_ns=17830753 id=406 clt=0 wrkr=0 slot=6 size=41 src=worker:0 dst=client:0
event=hand_send ts_ns=17839400 id=406 clt=0 wrkr=0 slot=6 size=10 src=client:0 dst=worker:0
event=resp_rdma_read ts_ns=17858798 id=368 start_ns=16278562 dur_ns=1580236 clt=0 wrkr=1 slot=7 size=409608 src=worker:1 dst=client:0
event=req_send ts_ns=17858798 id=409 clt=0 wrkr=2 slot=0 size=17 src=client:0 dst=worker:2
event=resp_recv_ud ts_ns=17888154 id=407 clt=0 wrkr=0 slot=7 size=41 src=worker:0 dst=client:0
event=hand_send ts_ns=17896801 id=407 clt=0 wrkr=0 slot=7 size=10 src=client:0 dst=worker:0
event=resp_recv_ud ts_ns=17913515 id=409 clt=0 wrkr=2 slot=0 size=41 src=worker:2 dst=client:0
event=hand_send ts_ns=17922162 id=409 clt=0 wrkr=2 slot=0 size=10 src=client:0 dst=worker:2
event=resp_rdma_read ts_ns=17965489 id=375 start_ns=16619136 dur_ns=1346353 clt=0 wrkr=11 slot=10 size=409608 src=worker:11 dst=client:0
event=req_send ts_ns=17965489 id=410 clt=0 wrkr=5 slot=6 size=17 src=client:0 dst=worker:5
event=resp_rdma_read ts_ns=17968058 id=374 start_ns=16570785 dur_ns=1397273 clt=0 wrkr=7 slot=8 size=409608 src=worker:7 dst=client:0
event=req_send ts_ns=17968058 id=411 clt=0 wrkr=8 slot=3 size=17 src=client:0 dst=worker:8
event=resp_recv_ud ts_ns=18014591 id=410 clt=0 wrkr=5 slot=6 size=41 src=worker:5 dst=client:0
event=hand_send ts_ns=18023238 id=410 clt=0 wrkr=5 slot=6 size=10 src=client:0 dst=worker:5
event=resp_recv_ud ts_ns=18031028 id=411 clt=0 wrkr=8 slot=3 size=41 src=worker:8 dst=client:0
event=hand_send ts_ns=18039675 id=411 clt=0 wrkr=8 slot=3 size=10 src=client:0 dst=worker:8
event=resp_rdma_read ts_ns=18199784 id=378 start_ns=16736799 dur_ns=1462985 clt=0 wrkr=5 slot=4 size=409608 src=worker:5 dst=client:0
event=req_send ts_ns=18199784 id=414 clt=0 wrkr=2 slot=1 size=17 src=client:0 dst=worker:2
event=resp_recv_ud ts_ns=18250261 id=414 clt=0 wrkr=2 slot=1 size=41 src=worker:2 dst=client:0
event=hand_send ts_ns=18258908 id=414 clt=0 wrkr=2 slot=1 size=10 src=client:0 dst=worker:2
event=resp_rdma_read ts_ns=18718370 id=387 start_ns=16998130 dur_ns=1720240 clt=0 wrkr=5 slot=5 size=409608 src=worker:5 dst=client:0
event=req_send ts_ns=18718370 id=427 clt=0 wrkr=6 slot=8 size=17 src=client:0 dst=worker:6
event=resp_rdma_read ts_ns=18771582 id=404 start_ns=17737025 dur_ns=1034557 clt=0 wrkr=9 slot=8 size=409608 src=worker:9 dst=client:0
event=req_send ts_ns=18771582 id=430 clt=0 wrkr=1 slot=9 size=17 src=client:0 dst=worker:1
event=resp_recv_ud ts_ns=18783064 id=427 clt=0 wrkr=6 slot=8 size=41 src=worker:6 dst=client:0
event=resp_rdma_read ts_ns=18791610 id=399 start_ns=17566070 dur_ns=1225540 clt=0 wrkr=1 slot=8 size=409608 src=worker:1 dst=client:0
event=req_send ts_ns=18791610 id=431 clt=0 wrkr=6 slot=9 size=17 src=client:0 dst=worker:6
event=hand_send ts_ns=18791711 id=427 clt=0 wrkr=6 slot=8 size=10 src=client:0 dst=worker:6
event=resp_rdma_read ts_ns=18833086 id=400 start_ns=17593351 dur_ns=1239735 clt=0 wrkr=8 slot=2 size=409608 src=worker:8 dst=client:0
event=req_send ts_ns=18833086 id=432 clt=0 wrkr=0 slot=8 size=17 src=client:0 dst=worker:0
event=resp_recv_ud ts_ns=18833220 id=430 clt=0 wrkr=1 slot=9 size=41 src=worker:1 dst=client:0
event=hand_send ts_ns=18841867 id=430 clt=0 wrkr=1 slot=9 size=10 src=client:0 dst=worker:1
event=resp_recv_ud ts_ns=18857179 id=431 clt=0 wrkr=6 slot=9 size=41 src=worker:6 dst=client:0
event=hand_send ts_ns=18865826 id=431 clt=0 wrkr=6 slot=9 size=10 src=client:0 dst=worker:6
event=resp_recv_ud ts_ns=18899579 id=432 clt=0 wrkr=0 slot=8 size=41 src=worker:0 dst=client:0
event=hand_send ts_ns=18908226 id=432 clt=0 wrkr=0 slot=8 size=10 src=client:0 dst=worker:0
event=resp_rdma_read ts_ns=18933491 id=398 start_ns=17554409 dur_ns=1379082 clt=0 wrkr=0 slot=5 size=409608 src=worker:0 dst=client:0
event=req_send ts_ns=18933491 id=435 clt=0 wrkr=2 slot=2 size=17 src=client:0 dst=worker:2
event=resp_recv_ud ts_ns=18999824 id=435 clt=0 wrkr=2 slot=2 size=41 src=worker:2 dst=client:0
event=hand_send ts_ns=19008471 id=435 clt=0 wrkr=2 slot=2 size=10 src=client:0 dst=worker:2
event=resp_rdma_read ts_ns=19183495 id=405 start_ns=17797862 dur_ns=1385633 clt=0 wrkr=11 slot=11 size=409608 src=worker:11 dst=client:0
event=req_send ts_ns=19183495 id=441 clt=0 wrkr=7 slot=9 size=17 src=client:0 dst=worker:7
event=resp_rdma_read ts_ns=19213621 id=409 start_ns=17922162 dur_ns=1291459 clt=0 wrkr=2 slot=0 size=409608 src=worker:2 dst=client:0
event=req_send ts_ns=19213621 id=442 clt=0 wrkr=11 slot=0 size=17 src=client:0 dst=worker:11
event=resp_recv_ud ts_ns=19252916 id=441 clt=0 wrkr=7 slot=9 size=41 src=worker:7 dst=client:0
event=hand_send ts_ns=19261563 id=441 clt=0 wrkr=7 slot=9 size=10 src=client:0 dst=worker:7
event=resp_recv_ud ts_ns=19278422 id=442 clt=0 wrkr=11 slot=0 size=41 src=worker:11 dst=client:0
event=hand_send ts_ns=19287069 id=442 clt=0 wrkr=11 slot=0 size=10 src=client:0 dst=worker:11
event=resp_rdma_read ts_ns=19293795 id=411 start_ns=18039675 dur_ns=1254120 clt=0 wrkr=8 slot=3 size=409608 src=worker:8 dst=client:0
event=req_send ts_ns=19293795 id=444 clt=0 wrkr=0 slot=9 size=17 src=client:0 dst=worker:0
event=resp_rdma_read ts_ns=19346240 id=406 start_ns=17839400 dur_ns=1506840 clt=0 wrkr=0 slot=6 size=409608 src=worker:0 dst=client:0
event=req_send ts_ns=19346240 id=446 clt=0 wrkr=2 slot=3 size=17 src=client:0 dst=worker:2
event=resp_recv_ud ts_ns=19360639 id=444 clt=0 wrkr=0 slot=9 size=41 src=worker:0 dst=client:0
event=hand_send ts_ns=19369286 id=444 clt=0 wrkr=0 slot=9 size=10 src=client:0 dst=worker:0
event=resp_recv_ud ts_ns=19416086 id=446 clt=0 wrkr=2 slot=3 size=41 src=worker:2 dst=client:0
event=resp_rdma_read ts_ns=19419436 id=407 start_ns=17896801 dur_ns=1522635 clt=0 wrkr=0 slot=7 size=409608 src=worker:0 dst=client:0
event=req_send ts_ns=19419436 id=448 clt=0 wrkr=7 slot=10 size=17 src=client:0 dst=worker:7
event=hand_send ts_ns=19424733 id=446 clt=0 wrkr=2 slot=3 size=10 src=client:0 dst=worker:2
event=resp_rdma_read ts_ns=19485431 id=410 start_ns=18023238 dur_ns=1462193 clt=0 wrkr=5 slot=6 size=409608 src=worker:5 dst=client:0
event=req_send ts_ns=19485431 id=449 clt=0 wrkr=0 slot=10 size=17 src=client:0 dst=worker:0
event=resp_recv_ud ts_ns=19488948 id=448 clt=0 wrkr=7 slot=10 size=41 src=worker:7 dst=client:0
event=hand_send ts_ns=19497595 id=448 clt=0 wrkr=7 slot=10 size=10 src=client:0 dst=worker:7
event=resp_recv_ud ts_ns=19551335 id=449 clt=0 wrkr=0 slot=10 size=41 src=worker:0 dst=client:0
event=hand_send ts_ns=19559982 id=449 clt=0 wrkr=0 slot=10 size=10 src=client:0 dst=worker:0
event=resp_rdma_read ts_ns=19561740 id=414 start_ns=18258908 dur_ns=1302832 clt=0 wrkr=2 slot=1 size=409608 src=worker:2 dst=client:0
event=req_send ts_ns=19561740 id=450 clt=0 wrkr=9 slot=9 size=17 src=client:0 dst=worker:9
event=resp_recv_ud ts_ns=19621683 id=450 clt=0 wrkr=9 slot=9 size=41 src=worker:9 dst=client:0
event=hand_send ts_ns=19630330 id=450 clt=0 wrkr=9 slot=9 size=10 src=client:0 dst=worker:9
event=resp_rdma_read ts_ns=20150581 id=431 start_ns=18865826 dur_ns=1284755 clt=0 wrkr=6 slot=9 size=409608 src=worker:6 dst=client:0
event=req_send ts_ns=20150581 id=461 clt=0 wrkr=1 slot=10 size=17 src=client:0 dst=worker:1
event=resp_recv_ud ts_ns=20208232 id=461 clt=0 wrkr=1 slot=10 size=41 src=worker:1 dst=client:0
event=hand_send ts_ns=20216879 id=461 clt=0 wrkr=1 slot=10 size=10 src=client:0 dst=worker:1
event=resp_rdma_read ts_ns=20534163 id=427 start_ns=18791711 dur_ns=1742452 clt=0 wrkr=6 slot=8 size=409608 src=worker:6 dst=client:0
event=req_send ts_ns=20534163 id=465 clt=0 wrkr=0 slot=11 size=17 src=client:0 dst=worker:0
event=resp_recv_ud ts_ns=20593839 id=465 clt=0 wrkr=0 slot=11 size=41 src=worker:0 dst=client:0
event=hand_send ts_ns=20602486 id=465 clt=0 wrkr=0 slot=11 size=10 src=client:0 dst=worker:0
event=resp_rdma_read ts_ns=20727945 id=430 start_ns=18841867 dur_ns=1886078 clt=0 wrkr=1 slot=9 size=409608 src=worker:1 dst=client:0
event=req_send ts_ns=20727945 id=467 clt=0 wrkr=0 slot=0 size=17 src=client:0 dst=worker:0
event=resp_recv_ud ts_ns=20767937 id=467 clt=0 wrkr=0 slot=0 size=41 src=worker:0 dst=client:0
event=hand_send ts_ns=20776584 id=467 clt=0 wrkr=0 slot=0 size=10 src=client:0 dst=worker:0
event=resp_rdma_read ts_ns=20824738 id=432 start_ns=18908226 dur_ns=1916512 clt=0 wrkr=0 slot=8 size=409608 src=worker:0 dst=client:0
event=req_send ts_ns=20824738 id=470 clt=0 wrkr=7 slot=11 size=17 src=client:0 dst=worker:7
event=resp_rdma_read ts_ns=20842840 id=450 start_ns=19630330 dur_ns=1212510 clt=0 wrkr=9 slot=9 size=409608 src=worker:9 dst=client:0
event=req_send ts_ns=20842840 id=472 clt=0 wrkr=8 slot=4 size=17 src=client:0 dst=worker:8
event=resp_recv_ud ts_ns=20880006 id=470 clt=0 wrkr=7 slot=11 size=41 src=worker:7 dst=client:0
event=hand_send ts_ns=20888653 id=470 clt=0 wrkr=7 slot=11 size=10 src=client:0 dst=worker:7
event=resp_recv_ud ts_ns=20900469 id=472 clt=0 wrkr=8 slot=4 size=41 src=worker:8 dst=client:0
event=resp_rdma_read ts_ns=20901857 id=449 start_ns=19559982 dur_ns=1341875 clt=0 wrkr=0 slot=10 size=409608 src=worker:0 dst=client:0
event=req_send ts_ns=20901857 id=474 clt=0 wrkr=1 slot=11 size=17 src=client:0 dst=worker:1
event=hand_send ts_ns=20909116 id=472 clt=0 wrkr=8 slot=4 size=10 src=client:0 dst=worker:8
event=resp_recv_ud ts_ns=20959076 id=474 clt=0 wrkr=1 slot=11 size=41 src=worker:1 dst=client:0
event=hand_send ts_ns=20967723 id=474 clt=0 wrkr=1 slot=11 size=10 src=client:0 dst=worker:1
event=resp_rdma_read ts_ns=21106385 id=435 start_ns=19008471 dur_ns=2097914 clt=0 wrkr=2 slot=2 size=409608 src=worker:2 dst=client:0
event=req_send ts_ns=21106385 id=478 clt=0 wrkr=8 slot=5 size=17 src=client:0 dst=worker:8
event=resp_rdma_read ts_ns=21150818 id=442 start_ns=19287069 dur_ns=1863749 clt=0 wrkr=11 slot=0 size=409608 src=worker:11 dst=client:0
event=req_send ts_ns=21150818 id=480 clt=0 wrkr=3 slot=11 size=17 src=client:0 dst=worker:3
event=resp_recv_ud ts_ns=21164421 id=478 clt=0 wrkr=8 slot=5 size=41 src=worker:8 dst=client:0
event=hand_send ts_ns=21173068 id=478 clt=0 wrkr=8 slot=5 size=10 src=client:0 dst=worker:8
event=resp_rdma_read ts_ns=21180340 id=448 start_ns=19497595 dur_ns=1682745 clt=0 wrkr=7 slot=10 size=409608 src=worker:7 dst=client:0
event=req_send ts_ns=21180340 id=482 clt=0 wrkr=2 slot=4 size=17 src=client:0 dst=worker:2
event=resp_recv_ud ts_ns=21213166 id=480 clt=0 wrkr=3 slot=11 size=41 src=worker:3 dst=client:0
event=resp_rdma_read ts_ns=21213316 id=444 start_ns=19369286 dur_ns=1844030 clt=0 wrkr=0 slot=9 size=409608 src=worker:0 dst=client:0
event=req_send ts_ns=21213316 id=484 clt=0 wrkr=5 slot=7 size=17 src=client:0 dst=worker:5
event=resp_rdma_read ts_ns=21221141 id=446 start_ns=19424733 dur_ns=1796408 clt=0 wrkr=2 slot=3 size=409608 src=worker:2 dst=client:0
event=req_send ts_ns=21221141 id=486 clt=0 wrkr=11 slot=1 size=17 src=client:0 dst=worker:11
event=hand_send ts_ns=21221813 id=480 clt=0 wrkr=3 slot=11 size=10 src=client:0 dst=worker:3
event=resp_recv_ud ts_ns=21243544 id=482 clt=0 wrkr=2 slot=4 size=41 src=worker:2 dst=client:0
event=hand_send ts_ns=21252191 id=482 clt=0 wrkr=2 slot=4 size=10 src=client:0 dst=worker:2
event=resp_recv_ud ts_ns=21276019 id=484 clt=0 wrkr=5 slot=7 size=41 src=worker:5 dst=client:0
event=resp_rdma_read ts_ns=21280183 id=441 start_ns=19261563 dur_ns=2018620 clt=0 wrkr=7 slot=9 size=409608 src=worker:7 dst=client:0
event=req_send ts_ns=21280183 id=487 clt=0 wrkr=4 slot=10 size=17 src=client:0 dst=worker:4
event=resp_recv_ud ts_ns=21284298 id=486 clt=0 wrkr=11 slot=1 size=41 src=worker:11 dst=client:0
event=hand_send ts_ns=21284666 id=484 clt=0 wrkr=5 slot=7 size=10 src=client:0 dst=worker:5
event=hand_send ts_ns=21292945 id=486 clt=0 wrkr=11 slot=1 size=10 src=client:0 dst=worker:11
event=resp_recv_ud ts_ns=21345777 id=487 clt=0 wrkr=4 slot=10 size=41 src=worker:4 dst=client:0
event=hand_send ts_ns=21354424 id=487 clt=0 wrkr=4 slot=10 size=10 src=client:0 dst=worker:4
event=resp_rdma_read ts_ns=21701332 id=461 start_ns=20216879 dur_ns=1484453 clt=0 wrkr=1 slot=10 size=409608 src=worker:1 dst=client:0
event=req_send ts_ns=21701332 id=498 clt=0 wrkr=11 slot=2 size=17 src=client:0 dst=worker:11
event=resp_rdma_read ts_ns=21730164 id=465 start_ns=20602486 dur_ns=1127678 clt=0 wrkr=0 slot=11 size=409608 src=worker:0 dst=client:0
event=req_send ts_ns=21730164 id=499 clt=0 wrkr=0 slot=1 size=17 src=client:0 dst=worker:0
event=resp_recv_ud ts_ns=21760112 id=498 clt=0 wrkr=11 slot=2 size=41 src=worker:11 dst=client:0
event=hand_send ts_ns=21768759 id=498 clt=0 wrkr=11 slot=2 size=10 src=client:0 dst=worker:11
event=resp_recv_ud ts_ns=21778260 id=499 clt=0 wrkr=0 slot=1 size=41 src=worker:0 dst=client:0
event=hand_send ts_ns=21786907 id=499 clt=0 wrkr=0 slot=1 size=10 src=client:0 dst=worker:0
event=resp_rdma_read ts_ns=22084905 id=467 start_ns=20776584 dur_ns=1308321 clt=0 wrkr=0 slot=0 size=409608 src=worker:0 dst=client:0
event=req_send ts_ns=22084905 id=504 clt=0 wrkr=5 slot=8 size=17 src=client:0 dst=worker:5
event=resp_recv_ud ts_ns=22127881 id=504 clt=0 wrkr=5 slot=8 size=41 src=worker:5 dst=client:0
event=hand_send ts_ns=22136528 id=504 clt=0 wrkr=5 slot=8 size=10 src=client:0 dst=worker:5
event=resp_rdma_read ts_ns=22276862 id=470 start_ns=20888653 dur_ns=1388209 clt=0 wrkr=7 slot=11 size=409608 src=worker:7 dst=client:0
event=req_send ts_ns=22276862 id=508 clt=0 wrkr=11 slot=3 size=17 src=client:0 dst=worker:11
event=resp_rdma_read ts_ns=22319062 id=472 start_ns=20909116 dur_ns=1409946 clt=0 wrkr=8 slot=4 size=409608 src=worker:8 dst=client:0
event=req_send ts_ns=22319062 id=510 clt=0 wrkr=10 slot=1 size=17 src=client:0 dst=worker:10
event=resp_recv_ud ts_ns=22334708 id=508 clt=0 wrkr=11 slot=3 size=41 src=worker:11 dst=client:0
event=hand_send ts_ns=22343355 id=508 clt=0 wrkr=11 slot=3 size=10 src=client:0 dst=worker:11
event=resp_recv_ud ts_ns=22377651 id=510 clt=0 wrkr=10 slot=1 size=41 src=worker:10 dst=client:0
event=hand_send ts_ns=22386298 id=510 clt=0 wrkr=10 slot=1 size=10 src=client:0 dst=worker:10
event=resp_rdma_read ts_ns=22454349 id=474 start_ns=20967723 dur_ns=1486626 clt=0 wrkr=1 slot=11 size=409608 src=worker:1 dst=client:0
event=req_send ts_ns=22454349 id=512 clt=0 wrkr=3 slot=0 size=17 src=client:0 dst=worker:3
event=resp_recv_ud ts_ns=22500740 id=512 clt=0 wrkr=3 slot=0 size=41 src=worker:3 dst=client:0
event=hand_send ts_ns=22509387 id=512 clt=0 wrkr=3 slot=0 size=10 src=client:0 dst=worker:3
event=resp_rdma_read ts_ns=22632857 id=480 start_ns=21221813 dur_ns=1411044 clt=0 wrkr=3 slot=11 size=409608 src=worker:3 dst=client:0
event=req_send ts_ns=22632857 id=514 clt=0 wrkr=6 slot=10 size=17 src=client:0 dst=worker:6
event=resp_recv_ud ts_ns=22684550 id=514 clt=0 wrkr=6 slot=10 size=41 src=worker:6 dst=client:0
event=hand_send ts_ns=22693197 id=514 clt=0 wrkr=6 slot=10 size=10 src=client:0 dst=worker:6
event=resp_rdma_read ts_ns=22748101 id=478 start_ns=21173068 dur_ns=1575033 clt=0 wrkr=8 slot=5 size=409608 src=worker:8 dst=client:0
event=req_send ts_ns=22748101 id=515 clt=0 wrkr=0 slot=2 size=17 src=client:0 dst=worker:0
event=resp_recv_ud ts_ns=22790835 id=515 clt=0 wrkr=0 slot=2 size=41 src=worker:0 dst=client:0
event=hand_send ts_ns=22799482 id=515 clt=0 wrkr=0 slot=2 size=10 src=client:0 dst=worker:0
event=resp_rdma_read ts_ns=22990217 id=482 start_ns=21252191 dur_ns=1738026 clt=0 wrkr=2 slot=4 size=409608 src=worker:2 dst=client:0
event=req_send ts_ns=22990217 id=519 clt=0 wrkr=9 slot=10 size=17 src=client:0 dst=worker:9
event=resp_recv_ud ts_ns=23047741 id=519 clt=0 wrkr=9 slot=10 size=41 src=worker:9 dst=client:0
event=hand_send ts_ns=23056388 id=519 clt=0 wrkr=9 slot=10 size=10 src=client:0 dst=worker:9
event=resp_rdma_read ts_ns=23082092 id=499 start_ns=21786907 dur_ns=1295185 clt=0 wrkr=0 slot=1 size=409608 src=worker:0 dst=client:0
event=req_send ts_ns=23082092 id=523 clt=0 wrkr=0 slot=3 size=17 src=client:0 dst=worker:0
event=resp_rdma_read ts_ns=23103089 id=484 start_ns=21284666 dur_ns=1818423 clt=0 wrkr=5 slot=7 size=409608 src=worker:5 dst=client:0
event=req_send ts_ns=23103089 id=525 clt=0 wrkr=4 slot=11 size=17 src=client:0 dst=worker:4
event=resp_rdma_read ts_ns=23119535 id=486 start_ns=21292945 dur_ns=1826590 clt=0 wrkr=11 slot=1 size=409608 src=worker:11 dst=client:0
event=req_send ts_ns=23119535 id=526 clt=0 wrkr=8 slot=6 size=17 src=client:0 dst=worker:8
event=resp_recv_ud ts_ns=23139041 id=523 clt=0 wrkr=0 slot=3 size=41 src=worker:0 dst=client:0
event=hand_send ts_ns=23147688 id=523 clt=0 wrkr=0 slot=3 size=10 src=client:0 dst=worker:0
event=resp_recv_ud ts_ns=23160308 id=525 clt=0 wrkr=4 slot=11 size=41 src=worker:4 dst=client:0
event=hand_send ts_ns=23168955 id=525 clt=0 wrkr=4 slot=11 size=10 src=client:0 dst=worker:4
event=resp_recv_ud ts_ns=23178414 id=526 clt=0 wrkr=8 slot=6 size=41 src=worker:8 dst=client:0
event=hand_send ts_ns=23187061 id=526 clt=0 wrkr=8 slot=6 size=10 src=client:0 dst=worker:8
event=resp_rdma_read ts_ns=23206214 id=498 start_ns=21768759 dur_ns=1437455 clt=0 wrkr=11 slot=2 size=409608 src=worker:11 dst=client:0
event=req_send ts_ns=23206214 id=528 clt=0 wrkr=4 slot=0 size=17 src=client:0 dst=worker:4
event=resp_rdma_read ts_ns=23252679 id=487 start_ns=21354424 dur_ns=1898255 clt=0 wrkr=4 slot=10 size=409608 src=worker:4 dst=client:0
event=req_send ts_ns=23252679 id=529 clt=0 wrkr=7 slot=0 size=17 src=client:0 dst=worker:7
event=resp_recv_ud ts_ns=23260187 id=528 clt=0 wrkr=4 slot=0 size=41 src=worker:4 dst=client:0
event=hand_send ts_ns=23268834 id=528 clt=0 wrkr=4 slot=0 size=10 src=client:0 dst=worker:4
event=resp_recv_ud ts_ns=23311509 id=529 clt=0 wrkr=7 slot=0 size=41 src=worker:7 dst=client:0
event=hand_send ts_ns=23320156 id=529 clt=0 wrkr=7 slot=0 size=10 src=client:0 dst=worker:7
event=resp_rdma_read ts_ns=23499909 id=504 start_ns=22136528 dur_ns=1363381 clt=0 wrkr=5 slot=8 size=409608 src=worker:5 dst=client:0
event=req_send ts_ns=23499909 id=537 clt=0 wrkr=5 slot=9 size=17 src=client:0 dst=worker:5
event=resp_rdma_read ts_ns=23555910 id=512 start_ns=22509387 dur_ns=1046523 clt=0 wrkr=3 slot=0 size=409608 src=worker:3 dst=client:0
event=req_send ts_ns=23555910 id=538 clt=0 wrkr=7 slot=1 size=17 src=client:0 dst=worker:7
event=resp_recv_ud ts_ns=23565471 id=537 clt=0 wrkr=5 slot=9 size=41 src=worker:5 dst=client:0
event=hand_send ts_ns=23574118 id=537 clt=0 wrkr=5 slot=9 size=10 src=client:0 dst=worker:5
event=resp_rdma_read ts_ns=23618925 id=510 start_ns=22386298 dur_ns=1232627 clt=0 wrkr=10 slot=1 size=409608 src=worker:10 dst=client:0
event=req_send ts_ns=23618925 id=541 clt=0 wrkr=6 slot=11 size=17 src=client:0 dst=worker:6
event=resp_recv_ud ts_ns=23621924 id=538 clt=0 wrkr=7 slot=1 size=41 src=worker:7 dst=client:0
event=hand_send ts_ns=23630571 id=538 clt=0 wrkr=7 slot=1 size=10 src=client:0 dst=worker:7
event=resp_recv_ud ts_ns=23687132 id=541 clt=0 wrkr=6 slot=11 size=41 src=worker:6 dst=client:0
event=hand_send ts_ns=23695779 id=541 clt=0 wrkr=6 slot=11 size=10 src=client:0 dst=worker:6
event=resp_rdma_read ts_ns=23743859 id=508 start_ns=22343355 dur_ns=1400504 clt=0 wrkr=11 slot=3 size=409608 src=worker:11 dst=client:0
event=req_send ts_ns=23743859 id=546 clt=0 wrkr=11 slot=4 size=17 src=client:0 dst=worker:11
event=resp_rdma_read ts_ns=23788083 id=514 start_ns=22693197 dur_ns=1094886 clt=0 wrkr=6 slot=10 size=409608 src=worker:6 dst=client:0
event=req_send ts_ns=23788083 id=547 clt=0 wrkr=10 slot=2 size=17 src=client:0 dst=worker:10
event=resp_recv_ud ts_ns=23814926 id=546 clt=0 wrkr=11 slot=4 size=41 src=worker:11 dst=client:0
event=hand_send ts_ns=23823573 id=546 clt=0 wrkr=11 slot=4 size=10 src=client:0 dst=worker:11
event=resp_recv_ud ts_ns=23859578 id=547 clt=0 wrkr=10 slot=2 size=41 src=worker:10 dst=client:0
event=hand_send ts_ns=23868225 id=547 clt=0 wrkr=10 slot=2 size=10 src=client:0 dst=worker:10
event=resp_rdma_read ts_ns=24214091 id=515 start_ns=22799482 dur_ns=1414609 clt=0 wrkr=0 slot=2 size=409608 src=worker:0 dst=client:0
event=req_send ts_ns=24214091 id=553 clt=0 wrkr=5 slot=10 size=17 src=client:0 dst=worker:5
event=resp_recv_ud ts_ns=24274124 id=553 clt=0 wrkr=5 slot=10 size=41 src=worker:5 dst=client:0
event=hand_send ts_ns=24282771 id=553 clt=0 wrkr=5 slot=10 size=10 src=client:0 dst=worker:5
event=resp_rdma_read ts_ns=24442397 id=519 start_ns=23056388 dur_ns=1386009 clt=0 wrkr=9 slot=10 size=409608 src=worker:9 dst=client:0
event=req_send ts_ns=24442397 id=555 clt=0 wrkr=1 slot=0 size=17 src=client:0 dst=worker:1
event=resp_rdma_read ts_ns=24456890 id=529 start_ns=23320156 dur_ns=1136734 clt=0 wrkr=7 slot=0 size=409608 src=worker:7 dst=client:0
event=req_send ts_ns=24456890 id=556 clt=0 wrkr=4 slot=1 size=17 src=client:0 dst=worker:4
event=resp_recv_ud ts_ns=24482463 id=555 clt=0 wrkr=1 slot=0 size=41 src=worker:1 dst=client:0
event=hand_send ts_ns=24491110 id=555 clt=0 wrkr=1 slot=0 size=10 src=client:0 dst=worker:1
event=resp_recv_ud ts_ns=24515089 id=556 clt=0 wrkr=4 slot=1 size=41 src=worker:4 dst=client:0
event=hand_send ts_ns=24523736 id=556 clt=0 wrkr=4 slot=1 size=10 src=client:0 dst=worker:4
event=resp_rdma_read ts_ns=24606573 id=523 start_ns=23147688 dur_ns=1458885 clt=0 wrkr=0 slot=3 size=409608 src=worker:0 dst=client:0
event=req_send ts_ns=24606573 id=561 clt=0 wrkr=8 slot=7 size=17 src=client:0 dst=worker:8
event=resp_rdma_read ts_ns=24663269 id=525 start_ns=23168955 dur_ns=1494314 clt=0 wrkr=4 slot=11 size=409608 src=worker:4 dst=client:0
event=req_send ts_ns=24663269 id=562 clt=0 wrkr=11 slot=5 size=17 src=client:0 dst=worker:11
event=resp_recv_ud ts_ns=24664687 id=561 clt=0 wrkr=8 slot=7 size=41 src=worker:8 dst=client:0
event=hand_send ts_ns=24673334 id=561 clt=0 wrkr=8 slot=7 size=10 src=client:0 dst=worker:8
event=resp_rdma_read ts_ns=24680003 id=526 start_ns=23187061 dur_ns=1492942 clt=0 wrkr=8 slot=6 size=409608 src=worker:8 dst=client:0
event=req_send ts_ns=24680003 id=563 clt=0 wrkr=0 slot=4 size=17 src=client:0 dst=worker:0
event=resp_recv_ud ts_ns=24717071 id=562 clt=0 wrkr=11 slot=5 size=41 src=worker:11 dst=client:0
event=hand_send ts_ns=24725718 id=562 clt=0 wrkr=11 slot=5 size=10 src=client:0 dst=worker:11
event=resp_recv_ud ts_ns=24739206 id=563 clt=0 wrkr=0 slot=4 size=41 src=worker:0 dst=client:0
event=hand_send ts_ns=24747853 id=563 clt=0 wrkr=0 slot=4 size=10 src=client:0 dst=worker:0
event=resp_rdma_read ts_ns=24805705 id=528 start_ns=23268834 dur_ns=1536871 clt=0 wrkr=4 slot=0 size=409608 src=worker:4 dst=client:0
event=req_send ts_ns=24805705 id=565 clt=0 wrkr=10 slot=3 size=17 src=client:0 dst=worker:10
event=resp_recv_ud ts_ns=24851472 id=565 clt=0 wrkr=10 slot=3 size=41 src=worker:10 dst=client:0
event=hand_send ts_ns=24860119 id=565 clt=0 wrkr=10 slot=3 size=10 src=client:0 dst=worker:10
event=resp_rdma_read ts_ns=25342327 id=547 start_ns=23868225 dur_ns=1474102 clt=0 wrkr=10 slot=2 size=409608 src=worker:10 dst=client:0
event=req_send ts_ns=25342327 id=572 clt=0 wrkr=1 slot=1 size=17 src=client:0 dst=worker:1
event=resp_recv_ud ts_ns=25394389 id=572 clt=0 wrkr=1 slot=1 size=41 src=worker:1 dst=client:0
event=hand_send ts_ns=25403036 id=572 clt=0 wrkr=1 slot=1 size=10 src=client:0 dst=worker:1
event=resp_rdma_read ts_ns=25503275 id=537 start_ns=23574118 dur_ns=1929157 clt=0 wrkr=5 slot=9 size=409608 src=worker:5 dst=client:0
event=req_send ts_ns=25503275 id=575 clt=0 wrkr=2 slot=5 size=17 src=client:0 dst=worker:2
event=resp_recv_ud ts_ns=25547166 id=575 clt=0 wrkr=2 slot=5 size=41 src=worker:2 dst=client:0
event=hand_send ts_ns=25555813 id=575 clt=0 wrkr=2 slot=5 size=10 src=client:0 dst=worker:2
event=resp_rdma_read ts_ns=25619712 id=538 start_ns=23630571 dur_ns=1989141 clt=0 wrkr=7 slot=1 size=409608 src=worker:7 dst=client:0
event=req_send ts_ns=25619712 id=578 clt=0 wrkr=7 slot=2 size=17 src=client:0 dst=worker:7
event=resp_recv_ud ts_ns=25678599 id=578 clt=0 wrkr=7 slot=2 size=41 src=worker:7 dst=client:0
event=hand_send ts_ns=25687246 id=578 clt=0 wrkr=7 slot=2 size=10 src=client:0 dst=worker:7
event=resp_rdma_read ts_ns=25781960 id=553 start_ns=24282771 dur_ns=1499189 clt=0 wrkr=5 slot=10 size=409608 src=worker:5 dst=client:0
event=req_send ts_ns=25781960 id=582 clt=0 wrkr=8 slot=8 size=17 src=client:0 dst=worker:8
event=resp_rdma_read ts_ns=25785776 id=556 start_ns=24523736 dur_ns=1262040 clt=0 wrkr=4 slot=1 size=409608 src=worker:4 dst=client:0
event=req_send ts_ns=25785776 id=583 clt=0 wrkr=0 slot=5 size=17 src=client:0 dst=worker:0
event=resp_rdma_read ts_ns=25814512 id=555 start_ns=24491110 dur_ns=1323402 clt=0 wrkr=1 slot=0 size=409608 src=worker:1 dst=client:0
event=req_send ts_ns=25814512 id=585 clt=0 wrkr=9 slot=11 size=17 src=client:0 dst=worker:9
event=resp_rdma_read ts_ns=25843296 id=541 start_ns=23695779 dur_ns=2147517 clt=0 wrkr=6 slot=11 size=409608 src=worker:6 dst=client:0
event=req_send ts_ns=25843296 id=586 clt=0 wrkr=6 slot=0 size=17 src=client:0 dst=worker:6
event=resp_recv_ud ts_ns=25844015 id=582 clt=0 wrkr=8 slot=8 size=41 src=worker:8 dst=client:0
event=resp_recv_ud ts_ns=25847005 id=583 clt=0 wrkr=0 slot=5 size=41 src=worker:0 dst=client:0
event=hand_send ts_ns=25852662 id=582 clt=0 wrkr=8 slot=8 size=10 src=client:0 dst=worker:8
event=hand_send ts_ns=25855652 id=583 clt=0 wrkr=0 slot=5 size=10 src=client:0 dst=worker:0
event=resp_recv_ud ts_ns=25876851 id=585 clt=0 wrkr=9 slot=11 size=41 src=worker:9 dst=client:0
event=hand_send ts_ns=25885498 id=585 clt=0 wrkr=9 slot=11 size=10 src=client:0 dst=worker:9
event=resp_recv_ud ts_ns=25904922 id=586 clt=0 wrkr=6 slot=0 size=41 src=worker:6 dst=client:0
event=resp_rdma_read ts_ns=25910134 id=563 start_ns=24747853 dur_ns=1162281 clt=0 wrkr=0 slot=4 size=409608 src=worker:0 dst=client:0
event=req_send ts_ns=25910134 id=587 clt=0 wrkr=9 slot=0 size=17 src=client:0 dst=worker:9
event=hand_send ts_ns=25913569 id=586 clt=0 wrkr=6 slot=0 size=10 src=client:0 dst=worker:6
event=resp_recv_ud ts_ns=25973049 id=587 clt=0 wrkr=9 slot=0 size=41 src=worker:9 dst=client:0
event=resp_rdma_read ts_ns=25978183 id=565 start_ns=24860119 dur_ns=1118064 clt=0 wrkr=10 slot=3 size=409608 src=worker:10 dst=client:0
event=req_send ts_ns=25978183 id=591 clt=0 wrkr=11 slot=6 size=17 src=client:0 dst=worker:11
event=hand_send ts_ns=25981696 id=587 clt=0 wrkr=9 slot=0 size=10 src=client:0 dst=worker:9
event=resp_rdma_read ts_ns=25990415 id=546 start_ns=23823573 dur_ns=2166842 clt=0 wrkr=11 slot=4 size=409608 src=worker:11 dst=client:0
event=req_send ts_ns=25990415 id=592 clt=0 wrkr=8 slot=9 size=17 src=client:0 dst=worker:8
event=resp_recv_ud ts_ns=26044778 id=591 clt=0 wrkr=11 slot=6 size=41 src=worker:11 dst=client:0
event=hand_send ts_ns=26053425 id=591 clt=0 wrkr=11 slot=6 size=10 src=client:0 dst=worker:11
event=resp_recv_ud ts_ns=26057246 id=592 clt=0 wrkr=8 slot=9 size=41 src=worker:8 dst=client:0
event=hand_send ts_ns=26065893 id=592 clt=0 wrkr=8 slot=9 size=10 src=client:0 dst=worker:8
event=resp_rdma_read ts_ns=26103657 id=561 start_ns=24673334 dur_ns=1430323 clt=0 wrkr=8 slot=7 size=409608 src=worker:8 dst=client:0
event=req_send ts_ns=26103657 id=596 clt=0 wrkr=2 slot=6 size=17 src=client:0 dst=worker:2
event=resp_recv_ud ts_ns=26173904 id=596 clt=0 wrkr=2 slot=6 size=41 src=worker:2 dst=client:0
event=hand_send ts_ns=26182551 id=596 clt=0 wrkr=2 slot=6 size=10 src=client:0 dst=worker:2
event=resp_rdma_read ts_ns=26194134 id=562 start_ns=24725718 dur_ns=1468416 clt=0 wrkr=11 slot=5 size=409608 src=worker:11 dst=client:0
event=req_send ts_ns=26194134 id=600 clt=0 wrkr=1 slot=2 size=17 src=client:0 dst=worker:1
event=resp_recv_ud ts_ns=26264723 id=600 clt=0 wrkr=1 slot=2 size=41 src=worker:1 dst=client:0
event=hand_send ts_ns=26273370 id=600 clt=0 wrkr=1 slot=2 size=10 src=client:0 dst=worker:1
event=resp_rdma_read ts_ns=26588194 id=572 start_ns=25403036 dur_ns=1185158 clt=0 wrkr=1 slot=1 size=409608 src=worker:1 dst=client:0
event=req_send ts_ns=26588194 id=605 clt=0 wrkr=4 slot=2 size=17 src=client:0 dst=worker:4
event=resp_recv_ud ts_ns=26632379 id=605 clt=0 wrkr=4 slot=2 size=41 src=worker:4 dst=client:0
event=resp_rdma_read ts_ns=26637206 id=575 start_ns=25555813 dur_ns=1081393 clt=0 wrkr=2 slot=5 size=409608 src=worker:2 dst=client:0
event=req_send ts_ns=26637206 id=608 clt=0 wrkr=2 slot=7 size=17 src=client:0 dst=worker:2
event=hand_send ts_ns=26641026 id=605 clt=0 wrkr=4 slot=2 size=10 src=client:0 dst=worker:4
event=resp_recv_ud ts_ns=26701059 id=608 clt=0 wrkr=2 slot=7 size=41 src=worker:2 dst=client:0
event=hand_send ts_ns=26709706 id=608 clt=0 wrkr=2 slot=7 size=10 src=client:0 dst=worker:2
event=resp_rdma_read ts_ns=27091336 id=586 start_ns=25913569 dur_ns=1177767 clt=0 wrkr=6 slot=0 size=409608 src=worker:6 dst=client:0
event=req_send ts_ns=27091336 id=614 clt=0 wrkr=1 slot=3 size=17 src=client:0 dst=worker:1
event=resp_recv_ud ts_ns=27148123 id=614 clt=0 wrkr=1 slot=3 size=41 src=worker:1 dst=client:0
event=hand_send ts_ns=27156770 id=614 clt=0 wrkr=1 slot=3 size=10 src=client:0 dst=worker:1
event=resp_rdma_read ts_ns=27178195 id=578 start_ns=25687246 dur_ns=1490949 clt=0 wrkr=7 slot=2 size=409608 src=worker:7 dst=client:0
event=req_send ts_ns=27178195 id=615 clt=0 wrkr=3 slot=1 size=17 src=client:0 dst=worker:3
event=resp_recv_ud ts_ns=27224732 id=615 clt=0 wrkr=3 slot=1 size=41 src=worker:3 dst=client:0
event=hand_send ts_ns=27233379 id=615 clt=0 wrkr=3 slot=1 size=10 src=client:0 dst=worker:3
event=resp_rdma_read ts_ns=27452643 id=582 start_ns=25852662 dur_ns=1599981 clt=0 wrkr=8 slot=8 size=409608 src=worker:8 dst=client:0
event=req_send ts_ns=27452643 id=619 clt=0 wrkr=0 slot=6 size=17 src=client:0 dst=worker:0
event=resp_rdma_read ts_ns=27455291 id=583 start_ns=25855652 dur_ns=1599639 clt=0 wrkr=0 slot=5 size=409608 src=worker:0 dst=client:0
event=req_send ts_ns=27455291 id=620 clt=0 wrkr=8 slot=10 size=17 src=client:0 dst=worker:8
event=resp_recv_ud ts_ns=27500932 id=619 clt=0 wrkr=0 slot=6 size=41 src=worker:0 dst=client:0
event=hand_send ts_ns=27509579 id=619 clt=0 wrkr=0 slot=6 size=10 src=client:0 dst=worker:0
event=resp_recv_ud ts_ns=27513115 id=620 clt=0 wrkr=8 slot=10 size=41 src=worker:8 dst=client:0
event=hand_send ts_ns=27521762 id=620 clt=0 wrkr=8 slot=10 size=10 src=client:0 dst=worker:8
event=resp_rdma_read ts_ns=27593123 id=585 start_ns=25885498 dur_ns=1707625 clt=0 wrkr=9 slot=11 size=409608 src=worker:9 dst=client:0
event=req_send ts_ns=27593123 id=622 clt=0 wrkr=8 slot=11 size=17 src=client:0 dst=worker:8
event=resp_recv_ud ts_ns=27638618 id=622 clt=0 wrkr=8 slot=11 size=41 src=worker:8 dst=client:0
event=hand_send ts_ns=27647265 id=622 clt=0 wrkr=8 slot=11 size=10 src=client:0 dst=worker:8
event=resp_rdma_read ts_ns=27813523 id=591 start_ns=26053425 dur_ns=1760098 clt=0 wrkr=11 slot=6 size=409608 src=worker:11 dst=client:0
event=req_send ts_ns=27813523 id=625 clt=0 wrkr=7 slot=3 size=17 src=client:0 dst=worker:7
event=resp_rdma_read ts_ns=27823771 id=587 start_ns=25981696 dur_ns=1842075 clt=0 wrkr=9 slot=0 size=409608 src=worker:9 dst=client:0
event=req_send ts_ns=27823771 id=627 clt=0 wrkr=8 slot=0 size=17 src=client:0 dst=worker:8
event=resp_rdma_read ts_ns=27870418 id=592 start_ns=26065893 dur_ns=1804525 clt=0 wrkr=8 slot=9 size=409608 src=worker:8 dst=client:0
event=req_send ts_ns=27870418 id=628 clt=0 wrkr=2 slot=8 size=17 src=client:0 dst=worker:2
event=resp_recv_ud ts_ns=27873843 id=625 clt=0 wrkr=7 slot=3 size=41 src=worker:7 dst=client:0
event=hand_send ts_ns=27882490 id=625 clt=0 wrkr=7 slot=3 size=10 src=client:0 dst=worker:7
event=resp_recv_ud ts_ns=27883636 id=627 clt=0 wrkr=8 slot=0 size=41 src=worker:8 dst=client:0
event=hand_send ts_ns=27892283 id=627 clt=0 wrkr=8 slot=0 size=10 src=client:0 dst=worker:8
event=resp_recv_ud ts_ns=27930149 id=628 clt=0 wrkr=2 slot=8 size=41 src=worker:2 dst=client:0
event=hand_send ts_ns=27938796 id=628 clt=0 wrkr=2 slot=8 size=10 src=client:0 dst=worker:2
event=resp_rdma_read ts_ns=28060464 id=608 start_ns=26709706 dur_ns=1350758 clt=0 wrkr=2 slot=7 size=409608 src=worker:2 dst=client:0
event=req_send ts_ns=28060464 id=635 clt=0 wrkr=8 slot=1 size=17 src=client:0 dst=worker:8
event=resp_rdma_read ts_ns=28097546 id=605 start_ns=26641026 dur_ns=1456520 clt=0 wrkr=4 slot=2 size=409608 src=worker:4 dst=client:0
event=req_send ts_ns=28097546 id=637 clt=0 wrkr=3 slot=2 size=17 src=client:0 dst=worker:3
event=resp_recv_ud ts_ns=28125927 id=635 clt=0 wrkr=8 slot=1 size=41 src=worker:8 dst=client:0
event=hand_send ts_ns=28134574 id=635 clt=0 wrkr=8 slot=1 size=10 src=client:0 dst=worker:8
event=resp_recv_ud ts_ns=28164260 id=637 clt=0 wrkr=3 slot=2 size=41 src=worker:3 dst=client:0
event=hand_send ts_ns=28172907 id=637 clt=0 wrkr=3 slot=2 size=10 src=client:0 dst=worker:3
event=resp_rdma_read ts_ns=28262821 id=615 start_ns=27233379 dur_ns=1029442 clt=0 wrkr=3 slot=1 size=409608 src=worker:3 dst=client:0
event=req_send ts_ns=28262821 id=643 clt=0 wrkr=3 slot=3 size=17 src=client:0 dst=worker:3
event=resp_recv_ud ts_ns=28332402 id=643 clt=0 wrkr=3 slot=3 size=41 src=worker:3 dst=client:0
event=hand_send ts_ns=28341049 id=643 clt=0 wrkr=3 slot=3 size=10 src=client:0 dst=worker:3
event=resp_rdma_read ts_ns=28571722 id=596 start_ns=26182551 dur_ns=2389171 clt=0 wrkr=2 slot=6 size=409608 src=worker:2 dst=client:0
event=req_send ts_ns=28571722 id=645 clt=0 wrkr=4 slot=3 size=17 src=client:0 dst=worker:4
event=resp_rdma_read ts_ns=28576381 id=614 start_ns=27156770 dur_ns=1419611 clt=0 wrkr=1 slot=3 size=409608 src=worker:1 dst=client:0
event=req_send ts_ns=28576381 id=646 clt=0 wrkr=10 slot=4 size=17 src=client:0 dst=worker:10
event=resp_recv_ud ts_ns=28615336 id=645 clt=0 wrkr=4 slot=3 size=41 src=worker:4 dst=client:0
event=hand_send ts_ns=28623983 id=645 clt=0 wrkr=4 slot=3 size=10 src=client:0 dst=worker:4
event=resp_recv_ud ts_ns=28633962 id=646 clt=0 wrkr=10 slot=4 size=41 src=worker:10 dst=client:0
event=hand_send ts_ns=28642609 id=646 clt=0 wrkr=10 slot=4 size=10 src=client:0 dst=worker:10
event=resp_rdma_read ts_ns=28667402 id=622 start_ns=27647265 dur_ns=1020137 clt=0 wrkr=8 slot=11 size=409608 src=worker:8 dst=client:0
event=req_send ts_ns=28667402 id=647 clt=0 wrkr=11 slot=7 size=17 src=client:0 dst=worker:11
event=resp_rdma_read ts_ns=28670311 id=600 start_ns=26273370 dur_ns=2396941 clt=0 wrkr=1 slot=2 size=409608 src=worker:1 dst=client:0
event=resp_recv_ud ts_ns=28719053 id=647 clt=0 wrkr=11 slot=7 size=41 src=worker:11 dst=client:0
event=hand_send ts_ns=28727700 id=647 clt=0 wrkr=11 slot=7 size=10 src=client:0 dst=worker:11
event=resp_rdma_read ts_ns=28742021 id=619 start_ns=27509579 dur_ns=1232442 clt=0 wrkr=0 slot=6 size=409608 src=worker:0 dst=client:0
event=resp_rdma_read ts_ns=28823538 id=620 start_ns=27521762 dur_ns=1301776 clt=0 wrkr=8 slot=10 size=409608 src=worker:8 dst=client:0
event=resp_rdma_read ts_ns=29003844 id=628 start_ns=27938796 dur_ns=1065048 clt=0 wrkr=2 slot=8 size=409608 src=worker:2 dst=client:0
event=resp_rdma_read ts_ns=29372763 id=625 start_ns=27882490 dur_ns=1490273 clt=0 wrkr=7 slot=3 size=409608 src=worker:7 dst=client:0
event=resp_rdma_read ts_ns=29388380 id=627 start_ns=27892283 dur_ns=1496097 clt=0 wrkr=8 slot=0 size=409608 src=worker:8 dst=client:0
event=resp_rdma_read ts_ns=29788830 id=647 start_ns=28727700 dur_ns=1061130 clt=0 wrkr=11 slot=7 size=409608 src=worker:11 dst=client:0
event=resp_rdma_read ts_ns=29856714 id=635 start_ns=28134574 dur_ns=1722140 clt=0 wrkr=8 slot=1 size=409608 src=worker:8 dst=client:0
event=resp_rdma_read ts_ns=30074748 id=637 start_ns=28172907 dur_ns=1901841 clt=0 wrkr=3 slot=2 size=409608 src=worker:3 dst=client:0
event=resp_rdma_read ts_ns=30110378 id=645 start_ns=28623983 dur_ns=1486395 clt=0 wrkr=4 slot=3 size=409608 src=worker:4 dst=client:0
event=resp_rdma_read ts_ns=30278686 id=646 start_ns=28642609 dur_ns=1636077 clt=0 wrkr=10 slot=4 size=409608 src=worker:10 dst=client:0
event=resp_rdma_read ts_ns=30598750 id=643 start_ns=28341049 dur_ns=2257701 clt=0 wrkr=3 slot=3 size=409608 src=worker:3 dst=client:0
